ADDR: C93280 CODE: 7404 jz 0xc93286
Eax=192592 Ebx=2E95000 Ecx=B760628 Edx=140000 Edi=BB40E64E Esi=FFFF0000 Ebp=303F9D8 Esp=303F9C0 Eip=C93280

ADDR: 77C63FB9 CODE: 7306 jae 0x77c63fc1
Eax=303F9B8 Ebx=2E95000 Ecx=F489F9D7 Edx=140000 Edi=C92C90 Esi=C92C90 Ebp=303F944 Esp=303F944 Eip=77C63FB9

ADDR: 77C44CFF CODE: 0f8426e60500 jz 0x77ca332b
Eax=7FFFFFF Ebx=0 Ecx=0 Edx=0 Edi=0 Esi=33D0000 Ebp=303F838 Esp=303F830 Eip=77C44CFF

ADDR: 77C44D11 CODE: 0f842be60500 jz 0x77ca3342
Eax=7FFFFFF Ebx=0 Ecx=33D0000 Edx=80 Edi=0 Esi=33D0000 Ebp=303F838 Esp=303F830 Eip=77C44D11

ADDR: 77C44E6C CODE: 760c jbe 0x77c44e7a
Eax=0 Ebx=33D0000 Ecx=0 Edx=80 Edi=80 Esi=33D0000 Ebp=303F820 Esp=303F7A8 Eip=77C44E6C

ADDR: 77C44E9D CODE: 742b jz 0x77c44eca
Eax=0 Ebx=33D0000 Ecx=0 Edx=0 Edi=80 Esi=33D0000 Ebp=303F820 Esp=303F7A8 Eip=77C44E9D

ADDR: 77C44ED5 CODE: 7445 jz 0x77c44f1c
Eax=0 Ebx=33D0000 Ecx=0 Edx=0 Edi=80 Esi=0 Ebp=303F820 Esp=303F7A8 Eip=77C44ED5

ADDR: 77C44F4B CODE: 0f87f5090000 ja 0x77c45946
Eax=80 Ebx=33D0000 Ecx=0 Edx=11 Edi=80 Esi=88 Ebp=303F820 Esp=303F7A8 Eip=77C44F4B

ADDR: 77C44F6F CODE: 0f84ce090000 jz 0x77c45943
Eax=2 Ebx=33D0000 Ecx=1 Edx=0 Edi=80 Esi=88 Ebp=303F820 Esp=303F7A8 Eip=77C44F6F

ADDR: 77C4594F CODE: 7211 jb 0x77c45962
Eax=33D0270 Ebx=33D0000 Ecx=1 Edx=11 Edi=80 Esi=88 Ebp=303F820 Esp=303F7A8 Eip=77C4594F

ADDR: 77C45967 CODE: 0f838c030000 jae 0x77c45cf9
Eax=33D0270 Ebx=33D0000 Ecx=11 Edx=11 Edi=80 Esi=88 Ebp=303F820 Esp=303F7A8 Eip=77C45967

ADDR: 77C4597C CODE: 7402 jz 0x77c45980
Eax=33D0270 Ebx=33D0000 Ecx=11 Edx=11 Edi=80 Esi=88 Ebp=303F820 Esp=303F7A8 Eip=77C4597C

ADDR: 77C45F44 CODE: 7329 jae 0x77c45f6f
Eax=303F780 Ebx=2 Ecx=33D0000 Edx=2 Edi=33D0000 Esi=11 Ebp=303F790 Esp=303F610 Eip=77C45F44

ADDR: 77C45F53 CODE: 730c jae 0x77c45f61
Eax=303F780 Ebx=2 Ecx=33D0001 Edx=11 Edi=33D0000 Esi=11 Ebp=303F790 Esp=303F610 Eip=77C45F53

ADDR: 77C46022 CODE: 7415 jz 0x77c46039
Eax=303F7F0 Ebx=0 Ecx=33D0001 Edx=11 Edi=33D0000 Esi=11 Ebp=303F790 Esp=303F610 Eip=77C46022

ADDR: 77C63F37 CODE: 7316 jae 0x77c63f4f
Eax=33D0258 Ebx=0 Ecx=33D025C Edx=2E98000 Edi=33D0000 Esi=11 Ebp=303F604 Esp=303F604 Eip=77C63F37

ADDR: 77C460CB CODE: 7407 jz 0x77c460d4
Eax=1 Ebx=0 Ecx=7F38 Edx=2E98000 Edi=33D0000 Esi=11 Ebp=303F790 Esp=303F610 Eip=77C460CB

ADDR: 77C460DA CODE: 0f8739170000 ja 0x77c47819
Eax=1 Ebx=0 Ecx=7F38 Edx=11 Edi=33D0000 Esi=11 Ebp=303F790 Esp=303F610 Eip=77C460DA

ADDR: 77C460F4 CODE: 723a jb 0x77c46130
Eax=80 Ebx=0 Ecx=7F38 Edx=11 Edi=33D0000 Esi=11 Ebp=303F790 Esp=303F610 Eip=77C460F4

ADDR: 77C46136 CODE: 0f87d5000000 ja 0x77c46211
Eax=80 Ebx=0 Ecx=7F38 Edx=11 Edi=33D0000 Esi=11 Ebp=303F790 Esp=303F610 Eip=77C46136

ADDR: 77C46188 CODE: 7716 ja 0x77c461a0
Eax=33D2604 Ebx=1 Ecx=104 Edx=0 Edi=33D0000 Esi=33D26B2 Ebp=303F790 Esp=303F610 Eip=77C46188

ADDR: 77C46192 CODE: 770c ja 0x77c461a0
Eax=FF00 Ebx=1 Ecx=104 Edx=0 Edi=33D0000 Esi=33D26B2 Ebp=303F790 Esp=303F610 Eip=77C46192

ADDR: 77C46216 CODE: 0f844f020000 jz 0x77c4646b
Eax=FF00 Ebx=1 Ecx=104 Edx=11 Edi=33D0000 Esi=33D02E8 Ebp=303F790 Esp=303F610 Eip=77C46216

ADDR: 77C46220 CODE: 0f8445020000 jz 0x77c4646b
Eax=FF00 Ebx=1 Ecx=104 Edx=11 Edi=33D0000 Esi=0 Ebp=303F790 Esp=303F610 Eip=77C46220

ADDR: 77C46485 CODE: 7304 jae 0x77c4648b
Eax=33D00C0 Ebx=1 Ecx=80 Edx=11 Edi=33D0000 Esi=33D0270 Ebp=303F790 Esp=303F610 Eip=77C46485

ADDR: 77C464D3 CODE: 7438 jz 0x77c4650d
Eax=33E4DC0 Ebx=30FB8CF8 Ecx=80 Edx=33D00C0 Edi=33D0000 Esi=33D0270 Ebp=303F790 Esp=303F610 Eip=77C464D3

ADDR: 77C464F3 CODE: 7418 jz 0x77c4650d
Eax=46 Ebx=46000244 Ecx=4646 Edx=33D00C0 Edi=33D0000 Esi=33D0270 Ebp=303F790 Esp=303F610 Eip=77C464F3

ADDR: 77C4651D CODE: 7e07 jle 0x77c46526
Eax=244 Ebx=46000244 Ecx=FFFFFDCD Edx=33D00C0 Edi=33D0000 Esi=33D0270 Ebp=303F790 Esp=303F610 Eip=77C4651D

ADDR: 77C4653A CODE: 7438 jz 0x77c46574
Eax=33D95A8 Ebx=74FB8EBE Ecx=FFFFFDCD Edx=33D00C0 Edi=33D0000 Esi=33D0270 Ebp=303F790 Esp=303F610 Eip=77C4653A

ADDR: 77C4655A CODE: 7418 jz 0x77c46574
Eax=2 Ebx=2000002 Ecx=202 Edx=33D00C0 Edi=33D0000 Esi=33D0270 Ebp=303F790 Esp=303F610 Eip=77C4655A

ADDR: 77C46584 CODE: 7f07 jg 0x77c4658d
Eax=2 Ebx=2000002 Ecx=F Edx=33D00C0 Edi=33D0000 Esi=33D0270 Ebp=303F790 Esp=303F610 Eip=77C46584

ADDR: 77C46679 CODE: 7422 jz 0x77c4669d
Eax=33D0294 Ebx=58C0000 Ecx=3 Edx=0 Edi=33D0000 Esi=33D0270 Ebp=303F790 Esp=303F610 Eip=77C46679

ADDR: 77C466A7 CODE: 740c jz 0x77c466b5
Eax=8C Ebx=58C0000 Ecx=3 Edx=0 Edi=33D0000 Esi=33D0270 Ebp=303F790 Esp=303F610 Eip=77C466A7

ADDR: 77C466D1 CODE: 7402 jz 0x77c466d5
Eax=12 Ebx=58C0000 Ecx=3 Edx=12 Edi=33D0000 Esi=33D0270 Ebp=303F790 Esp=303F610 Eip=77C466D1

ADDR: 77C466E0 CODE: 0f841c110000 jz 0x77c47802
Eax=33D93E0 Ebx=58C0000 Ecx=3 Edx=12 Edi=33D0000 Esi=33D0270 Ebp=303F790 Esp=303F610 Eip=77C466E0

ADDR: 77C466F2 CODE: 0f844d020000 jz 0x77c46945
Eax=33D93E0 Ebx=58C0000 Ecx=3 Edx=12 Edi=33D0000 Esi=33D0270 Ebp=303F790 Esp=303F610 Eip=77C466F2

ADDR: 77C46702 CODE: 741f jz 0x77c46723
Eax=33D93E0 Ebx=33D93D8 Ecx=3 Edx=12 Edi=33D0000 Esi=33D0270 Ebp=303F790 Esp=303F610 Eip=77C46702

ADDR: 77C46714 CODE: 740a jz 0x77c46720
Eax=76FB8E12 Ebx=33D93D8 Ecx=3 Edx=12 Edi=33D0000 Esi=33D0270 Ebp=303F790 Esp=303F610 Eip=77C46714

ADDR: 77C46729 CODE: 0f8200020000 jb 0x77c4692f
Eax=33D93E0 Ebx=33D93D8 Ecx=3 Edx=12 Edi=33D0000 Esi=12 Ebp=303F790 Esp=303F610 Eip=77C46729

ADDR: 77C46761 CODE: 0f841c010000 jz 0x77c46883
Eax=33D93E0 Ebx=33D93D8 Ecx=33D0270 Edx=33D93E0 Edi=33D0000 Esi=12 Ebp=303F790 Esp=303F610 Eip=77C46761

ADDR: 77C46778 CODE: 730b jae 0x77c46785
Eax=12 Ebx=33D93D8 Ecx=33D0270 Edx=33D93E0 Edi=33D0000 Esi=80 Ebp=303F790 Esp=303F610 Eip=77C46778

ADDR: 77C4680D CODE: 0f83db000000 jae 0x77c468ee
Eax=80 Ebx=33D93D8 Ecx=33D0270 Edx=12 Edi=33D0000 Esi=33DA270 Ebp=303F790 Esp=303F610 Eip=77C4680D

ADDR: 77C46816 CODE: 0f84a3000000 jz 0x77c468bf
Eax=80 Ebx=33D93D8 Ecx=33D0270 Edx=12 Edi=33D0000 Esi=33DA270 Ebp=303F790 Esp=303F610 Eip=77C46816

ADDR: 77C46829 CODE: 743c jz 0x77c46867
Eax=80 Ebx=64FB8EAE Ecx=33D0270 Edx=12 Edi=33D0000 Esi=33DA270 Ebp=303F790 Esp=303F610 Eip=77C46829

ADDR: 77C46849 CODE: 7419 jz 0x77c46864
Eax=12 Ebx=12000012 Ecx=1212 Edx=12 Edi=33D0000 Esi=33DA270 Ebp=303F790 Esp=303F610 Eip=77C46849

ADDR: 77C46895 CODE: 7475 jz 0x77c4690c
Eax=33DA270 Ebx=33D93D8 Ecx=33D9CD8 Edx=12 Edi=33D0000 Esi=33DA270 Ebp=303F790 Esp=303F610 Eip=77C46895

ADDR: 77C46ACC CODE: 7418 jz 0x77c46ae6
Eax=33DA270 Ebx=33D93D8 Ecx=33D9C00 Edx=12 Edi=33D0000 Esi=1 Ebp=303F790 Esp=303F610 Eip=77C46ACC

ADDR: 77C46B12 CODE: 7305 jae 0x77c46b19
Eax=8 Ebx=33D93D8 Ecx=11 Edx=1 Edi=33D0000 Esi=1 Ebp=303F790 Esp=303F610 Eip=77C46B12

ADDR: 77C46B27 CODE: 741e jz 0x77c46b47
Eax=8 Ebx=33D93D8 Ecx=11 Edx=1 Edi=33D0000 Esi=1 Ebp=303F790 Esp=303F610 Eip=77C46B27

ADDR: 77C46B3E CODE: 0f833b010000 jae 0x77c46c7f
Eax=10 Ebx=33D93D8 Ecx=11 Edx=1 Edi=33D0000 Esi=1 Ebp=303F790 Esp=303F610 Eip=77C46B3E

ADDR: 77C46B7F CODE: 0f841c0b0000 jz 0x77c476a1
Eax=10 Ebx=33D93E0 Ecx=90 Edx=33D93DF Edi=33D0000 Esi=90 Ebp=303F790 Esp=303F610 Eip=77C46B7F

ADDR: 77C46B89 CODE: 7413 jz 0x77c46b9e
Eax=10 Ebx=33D93E0 Ecx=90 Edx=33D93DF Edi=33D0000 Esi=90 Ebp=303F790 Esp=303F610 Eip=77C46B89

ADDR: 77C46BA2 CODE: 0f84b7000000 jz 0x77c46c5f
Eax=76FB8EBC Ebx=33D93E0 Ecx=33D93D8 Edx=33D93DF Edi=33D0000 Esi=90 Ebp=303F790 Esp=303F610 Eip=77C46BA2

ADDR: 77C46BC7 CODE: 762c jbe 0x77c46bf5
Eax=76FB8EBC Ebx=33D93E0 Ecx=33D93D8 Edx=1 Edi=33D0000 Esi=90 Ebp=303F790 Esp=303F610 Eip=77C46BC7

ADDR: 77C46BE7 CODE: 7606 jbe 0x77c46bef
Eax=1F50 Ebx=33D93E0 Ecx=150B0 Edx=1 Edi=33D0000 Esi=90 Ebp=303F790 Esp=303F610 Eip=77C46BE7

ADDR: 77C46C05 CODE: 7249 jb 0x77c46c50
Eax=1F50 Ebx=33D93E0 Ecx=150B0 Edx=1 Edi=33D0000 Esi=90 Ebp=303F790 Esp=303F610 Eip=77C46C05

ADDR: 77C47B53 CODE: 746e jz 0x77c47bc3
Eax=FFFFFFFE Ebx=33D0258 Ecx=FFFFFFFF Edx=1 Edi=33D025C Esi=FFFFFFFE Ebp=303F604 Esp=303F5F0 Eip=77C47B53

ADDR: 77C46C63 CODE: 0f84150e0000 jz 0x77c47a7e
Eax=0 Ebx=33D93E0 Ecx=FFFFFFFF Edx=1 Edi=33D0000 Esi=90 Ebp=303F790 Esp=303F610 Eip=77C46C63

ADDR: 77C47AAD CODE: 741e jz 0x77c47acd
Eax=0 Ebx=33D93E0 Ecx=FFFFFFFF Edx=1 Edi=33D0000 Esi=90 Ebp=303F790 Esp=303F60C Eip=77C47AAD

ADDR: 77C47A91 CODE: 743b jz 0x77c47ace
Eax=0 Ebx=33D93E0 Ecx=FFFFFFFF Edx=1 Edi=33D0000 Esi=90 Ebp=303F790 Esp=303F610 Eip=77C47A91

ADDR: 77C47AD6 CODE: 741f jz 0x77c47af7
Eax=7FFE0388 Ebx=33D93E0 Ecx=FFFFFFFF Edx=1 Edi=33D0000 Esi=90 Ebp=303F790 Esp=303F610 Eip=77C47AD6

ADDR: 77C45D13 CODE: 7445 jz 0x77c45d5a
Eax=33D93E0 Ebx=33D0000 Ecx=EA696F5 Edx=1 Edi=33D93E0 Esi=88 Ebp=303F820 Esp=303F7A8 Eip=77C45D13

ADDR: 77C45D1D CODE: 0f8474000000 jz 0x77c45d97
Eax=33D93E0 Ebx=33D0000 Ecx=80 Edx=0 Edi=33D93E0 Esi=88 Ebp=303F820 Esp=303F7A8 Eip=77C45D1D

ADDR: 77C45DA5 CODE: 7415 jz 0x77c45dbc
Eax=0 Ebx=33D0000 Ecx=0 Edx=0 Edi=33D93E0 Esi=88 Ebp=303F820 Esp=303F7A8 Eip=77C45DA5

ADDR: 77C45DC4 CODE: 0f8492000000 jz 0x77c45e5c
Eax=7FFE0380 Ebx=33D0000 Ecx=0 Edx=0 Edi=33D93E0 Esi=88 Ebp=303F820 Esp=303F7A8 Eip=77C45DC4

ADDR: 77C45E63 CODE: 743b jz 0x77c45ea0
Eax=0 Ebx=33D0000 Ecx=0 Edx=0 Edi=33D93E0 Esi=88 Ebp=303F820 Esp=303F7A8 Eip=77C45E63

ADDR: 77AD44BB CODE: 7416 jz 0x77ad44d3
Eax=33D93E0 Ebx=0 Ecx=80 Edx=0 Edi=0 Esi=80 Ebp=303F890 Esp=303F87C Eip=77AD44BB

ADDR: 77AD44BF CODE: 7312 jae 0x77ad44d3
Eax=33D93E0 Ebx=0 Ecx=80 Edx=0 Edi=0 Esi=80 Ebp=303F890 Esp=303F87C Eip=77AD44BF

ADDR: 77B15361 CODE: 0f843c010000 jz 0x77b154a3
Eax=0 Ebx=0 Ecx=80 Edx=0 Edi=33D93E0 Esi=80 Ebp=303F890 Esp=303F86C Eip=77B15361

ADDR: 77B15370 CODE: 0f86df000000 jbe 0x77b15455
Eax=0 Ebx=0 Ecx=80 Edx=0 Edi=33D93E0 Esi=80 Ebp=303F890 Esp=303F86C Eip=77B15370

ADDR: 77B1537C CODE: 0f828b000000 jb 0x77b1540d
Eax=0 Ebx=0 Ecx=80 Edx=0 Edi=33D93E0 Esi=80 Ebp=303F890 Esp=303F86C Eip=77B1537C

ADDR: 77B1538A CODE: 7309 jae 0x77b15395
Eax=0 Ebx=0 Ecx=80 Edx=0 Edi=33D93E0 Esi=80 Ebp=303F890 Esp=303F86C Eip=77B1538A

ADDR: 77AD96BA CODE: 7417 jz 0x77ad96d3
Eax=0 Ebx=0 Ecx=0 Edx=0 Edi=0 Esi=33D93E0 Ebp=303F88C Esp=303F88C Eip=77AD96BA

ADDR: 77AD9897 CODE: 0f843b710500 jz 0x77b309d8
Eax=0 Ebx=0 Ecx=0 Edx=0 Edi=0 Esi=33D93E0 Ebp=303F8BC Esp=303F89C Eip=77AD9897

ADDR: 77AD98B9 CODE: 0f8416ffffff jz 0x77ad97d5
Eax=33D93E0 Ebx=33D9460 Ecx=33D93E0 Edx=19A06614 Edi=0 Esi=33D93E0 Ebp=303F8BC Esp=303F89C Eip=77AD98B9

ADDR: 77C47B53 CODE: 746e jz 0x77c47bc3
Eax=FFFFFFFE Ebx=77BB5C18 Ecx=FFFFFFFF Edx=19A06614 Edi=77BB5C1C Esi=FFFFFFFE Ebp=303F8B4 Esp=303F8A0 Eip=77C47B53

ADDR: 77AD94A4 CODE: 7458 jz 0x77ad94fe
Eax=BEA71F01 Ebx=2E95000 Ecx=14 Edx=19A06614 Edi=2 Esi=77915A70 Ebp=303F91C Esp=303F904 Eip=77AD94A4

ADDR: 77C98DEB CODE: 730a jae 0x77c98df7
Eax=EF22B4E Ebx=2E95000 Ecx=77915A70 Edx=404000 Edi=2 Esi=77915A70 Ebp=303F91C Esp=303F8F8 Eip=77C98DEB

ADDR: 77C909B7 CODE: 747f jz 0x77c90a38
Eax=2 Ebx=2E98FB4 Ecx=77915A70 Edx=2E98FB4 Edi=2 Esi=77915A70 Ebp=303F8D0 Esp=303F8C4 Eip=77C909B7

ADDR: 77C909BE CODE: 7378 jae 0x77c90a38
Eax=2 Ebx=2E98FB4 Ecx=77915A70 Edx=2E98FB4 Edi=2 Esi=77915A70 Ebp=303F8D0 Esp=303F8C4 Eip=77C909BE

ADDR: 77915A83 CODE: 790d jns 0x77915a92
Eax=0 Ebx=2E95000 Ecx=33DA3C8 Edx=0 Edi=2 Esi=77915A70 Ebp=303F8F4 Esp=303F8F4 Eip=77915A83

ADDR: 77AD95B4 CODE: 7458 jz 0x77ad960e
Eax=BEA71F01 Ebx=2E95000 Ecx=14 Edx=1 Edi=2 Esi=77915A70 Ebp=303F934 Esp=303F91C Eip=77AD95B4

ADDR: 77C98DEB CODE: 730a jae 0x77c98df7
Eax=EF22B4E Ebx=2E95000 Ecx=77915A70 Edx=404000 Edi=2 Esi=77915A70 Ebp=303F934 Esp=303F910 Eip=77C98DEB

ADDR: 77C909B7 CODE: 747f jz 0x77c90a38
Eax=2 Ebx=2E98FB4 Ecx=77915A70 Edx=2E98FB4 Edi=2 Esi=77915A70 Ebp=303F8E8 Esp=303F8DC Eip=77C909B7

ADDR: 77C909BE CODE: 7378 jae 0x77c90a38
Eax=2 Ebx=2E98FB4 Ecx=77915A70 Edx=2E98FB4 Edi=2 Esi=77915A70 Ebp=303F8E8 Esp=303F8DC Eip=77C909BE

ADDR: 77915A83 CODE: 790d jns 0x77915a92
Eax=0 Ebx=2E95000 Ecx=33DA3C8 Edx=0 Edi=2 Esi=77915A70 Ebp=303F90C Esp=303F90C Eip=77915A83

ADDR: 77C98DEB CODE: 730a jae 0x77c98df7
Eax=EF5DAF6 Ebx=2E95000 Ecx=77AED7B0 Edx=400040 Edi=1 Esi=77AED7B0 Ebp=303F968 Esp=303F934 Eip=77C98DEB

ADDR: 77AED7DF CODE: 0f84d3000000 jz 0x77aed8b8
Eax=EF5DAF6 Ebx=1 Ecx=1 Edx=400040 Edi=1 Esi=77AED7B0 Ebp=303F930 Esp=303F914 Eip=77AED7DF

ADDR: 77AED7E8 CODE: 0f84ca000000 jz 0x77aed8b8
Eax=EF5DAF6 Ebx=1 Ecx=1 Edx=400040 Edi=1 Esi=77AED7B0 Ebp=303F930 Esp=303F914 Eip=77AED7E8

ADDR: 7791B590 CODE: 776a ja 0x7791b5fc
Eax=7FFF Ebx=1 Ecx=1 Edx=400040 Edi=0 Esi=104 Ebp=303F900 Esp=303F8F4 Eip=7791B590

ADDR: 7791B594 CODE: 746a jz 0x7791b600
Eax=7FFF Ebx=1 Ecx=1 Edx=400040 Edi=0 Esi=104 Ebp=303F900 Esp=303F8F4 Eip=7791B594

ADDR: 77C39D6B CODE: 741e jz 0x77c39d8b
Eax=0 Ebx=0 Ecx=33D258C Edx=400040 Edi=33D2568 Esi=104 Ebp=303F8DC Esp=303F8C4 Eip=77C39D6B

ADDR: 77C39DDC CODE: 0f84216e0600 jz 0x77ca0c03
Eax=33D258C Ebx=0 Ecx=33D258C Edx=400040 Edi=33D2568 Esi=303F8F8 Ebp=303F8B4 Esp=303F8AC Eip=77C39DDC

ADDR: 77C39DF8 CODE: 772b ja 0x77c39e25
Eax=3E Ebx=77BB5850 Ecx=206 Edx=33D6290 Edi=303F8F8 Esi=3E Ebp=303F8B4 Esp=303F8A8 Eip=77C39DF8

ADDR: 77C7AD36 CODE: 7608 jbe 0x77c7ad40
Eax=33D62CE Ebx=77BB5850 Ecx=3E Edx=3E Edi=77BB5850 Esi=33D6290 Ebp=303F894 Esp=303F88C Eip=77C7AD36

ADDR: 77C7AD3A CODE: 0f827c010000 jb 0x77c7aebc
Eax=33D62CE Ebx=77BB5850 Ecx=3E Edx=3E Edi=77BB5850 Esi=33D6290 Ebp=303F894 Esp=303F88C Eip=77C7AD3A

ADDR: 77C7AD51 CODE: 7229 jb 0x77c7ad7c
Eax=33D62CE Ebx=77BB5850 Ecx=F Edx=2 Edi=77BB5850 Esi=33D6290 Ebp=303F894 Esp=303F88C Eip=77C7AD51

ADDR: 77C39E15 CODE: 7708 ja 0x77c39e1f
Eax=206 Ebx=77BB5850 Ecx=40 Edx=2 Edi=33D2568 Esi=3E Ebp=303F8B4 Esp=303F8AC Eip=77C39E15

ADDR: 77C39D81 CODE: 7737 ja 0x77c39dba
Eax=3E Ebx=0 Ecx=33D258C Edx=2 Edi=33D2568 Esi=303F8F8 Ebp=303F8DC Esp=303F8C4 Eip=77C39D81

ADDR: 7791B5C9 CODE: 7810 js 0x7791b5db
Eax=0 Ebx=0 Ecx=77BB5850 Edx=2 Edi=1F Esi=104 Ebp=303F900 Esp=303F8EC Eip=7791B5C9

ADDR: 77C5B707 CODE: 74e5 jz 0x77c5b6ee
Eax=0 Ebx=0 Ecx=0 Edx=0 Edi=1F Esi=104 Ebp=303F8E0 Esp=303F8C8 Eip=77C5B707

ADDR: 77AED8DC CODE: 7405 jz 0x77aed8e3
Eax=33D62D0 Ebx=1 Ecx=DA56165 Edx=0 Edi=0 Esi=77BB5850 Ebp=303F930 Esp=303F914 Eip=77AED8DC

ADDR: 77AEDA91 CODE: 7408 jz 0x77aeda9b
Eax=303F92C Ebx=1 Ecx=0 Edx=303F928 Edi=0 Esi=33D62D0 Ebp=303F900 Esp=303F8E0 Eip=77AEDA91

ADDR: 77AEDACF CODE: 7409 jz 0x77aedada
Eax=63 Ebx=1 Ecx=0 Edx=63 Edi=0 Esi=33D62D2 Ebp=303F900 Esp=303F8E0 Eip=77AEDACF

ADDR: 77AEDAE3 CODE: 741f jz 0x77aedb04
Eax=63 Ebx=1 Ecx=0 Edx=63 Edi=0 Esi=33D62D4 Ebp=303F900 Esp=303F8E0 Eip=77AEDAE3

ADDR: 77AEDACF CODE: 7409 jz 0x77aedada
Eax=3A Ebx=1 Ecx=0 Edx=3A Edi=0 Esi=33D62D4 Ebp=303F900 Esp=303F8E0 Eip=77AEDACF

ADDR: 77AEDAE3 CODE: 741f jz 0x77aedb04
Eax=3A Ebx=1 Ecx=0 Edx=3A Edi=0 Esi=33D62D6 Ebp=303F900 Esp=303F8E0 Eip=77AEDAE3

ADDR: 77AEDACF CODE: 7409 jz 0x77aedada
Eax=5C Ebx=1 Ecx=0 Edx=5C Edi=0 Esi=33D62D6 Ebp=303F900 Esp=303F8E0 Eip=77AEDACF

ADDR: 77AEDAE3 CODE: 741f jz 0x77aedb04
Eax=5C Ebx=1 Ecx=0 Edx=5C Edi=0 Esi=33D62D8 Ebp=303F900 Esp=303F8E0 Eip=77AEDAE3

ADDR: 77AEDACF CODE: 7409 jz 0x77aedada
Eax=77 Ebx=1 Ecx=0 Edx=77 Edi=0 Esi=33D62D8 Ebp=303F900 Esp=303F8E0 Eip=77AEDACF

ADDR: 77AEDAE3 CODE: 741f jz 0x77aedb04
Eax=77 Ebx=1 Ecx=0 Edx=77 Edi=0 Esi=33D62DA Ebp=303F900 Esp=303F8E0 Eip=77AEDAE3

ADDR: 77AEDACF CODE: 7409 jz 0x77aedada
Eax=69 Ebx=1 Ecx=0 Edx=69 Edi=0 Esi=33D62DA Ebp=303F900 Esp=303F8E0 Eip=77AEDACF

ADDR: 77AEDAE3 CODE: 741f jz 0x77aedb04
Eax=69 Ebx=1 Ecx=0 Edx=69 Edi=0 Esi=33D62DC Ebp=303F900 Esp=303F8E0 Eip=77AEDAE3

ADDR: 77AEDACF CODE: 7409 jz 0x77aedada
Eax=6E Ebx=1 Ecx=0 Edx=6E Edi=0 Esi=33D62DC Ebp=303F900 Esp=303F8E0 Eip=77AEDACF

ADDR: 77AEDAE3 CODE: 741f jz 0x77aedb04
Eax=6E Ebx=1 Ecx=0 Edx=6E Edi=0 Esi=33D62DE Ebp=303F900 Esp=303F8E0 Eip=77AEDAE3

ADDR: 77AEDACF CODE: 7409 jz 0x77aedada
Eax=64 Ebx=1 Ecx=0 Edx=64 Edi=0 Esi=33D62DE Ebp=303F900 Esp=303F8E0 Eip=77AEDACF

ADDR: 77AEDAE3 CODE: 741f jz 0x77aedb04
Eax=64 Ebx=1 Ecx=0 Edx=64 Edi=0 Esi=33D62E0 Ebp=303F900 Esp=303F8E0 Eip=77AEDAE3

ADDR: 77AEDACF CODE: 7409 jz 0x77aedada
Eax=6F Ebx=1 Ecx=0 Edx=6F Edi=0 Esi=33D62E0 Ebp=303F900 Esp=303F8E0 Eip=77AEDACF

ADDR: 77AEDAE3 CODE: 741f jz 0x77aedb04
Eax=6F Ebx=1 Ecx=0 Edx=6F Edi=0 Esi=33D62E2 Ebp=303F900 Esp=303F8E0 Eip=77AEDAE3

ADDR: 77AEDACF CODE: 7409 jz 0x77aedada
Eax=77 Ebx=1 Ecx=0 Edx=77 Edi=0 Esi=33D62E2 Ebp=303F900 Esp=303F8E0 Eip=77AEDACF

ADDR: 77AEDAE3 CODE: 741f jz 0x77aedb04
Eax=77 Ebx=1 Ecx=0 Edx=77 Edi=0 Esi=33D62E4 Ebp=303F900 Esp=303F8E0 Eip=77AEDAE3

ADDR: 77AEDACF CODE: 7409 jz 0x77aedada
Eax=73 Ebx=1 Ecx=0 Edx=73 Edi=0 Esi=33D62E4 Ebp=303F900 Esp=303F8E0 Eip=77AEDACF

ADDR: 77AEDAE3 CODE: 741f jz 0x77aedb04
Eax=73 Ebx=1 Ecx=0 Edx=73 Edi=0 Esi=33D62E6 Ebp=303F900 Esp=303F8E0 Eip=77AEDAE3

ADDR: 77AEDACF CODE: 7409 jz 0x77aedada
Eax=5C Ebx=1 Ecx=0 Edx=5C Edi=0 Esi=33D62E6 Ebp=303F900 Esp=303F8E0 Eip=77AEDACF

ADDR: 77AEDAE3 CODE: 741f jz 0x77aedb04
Eax=5C Ebx=1 Ecx=0 Edx=5C Edi=0 Esi=33D62E8 Ebp=303F900 Esp=303F8E0 Eip=77AEDAE3

ADDR: 77AEDACF CODE: 7409 jz 0x77aedada
Eax=73 Ebx=1 Ecx=0 Edx=73 Edi=0 Esi=33D62E8 Ebp=303F900 Esp=303F8E0 Eip=77AEDACF

ADDR: 77AEDAE3 CODE: 741f jz 0x77aedb04
Eax=73 Ebx=1 Ecx=0 Edx=73 Edi=0 Esi=33D62EA Ebp=303F900 Esp=303F8E0 Eip=77AEDAE3

ADDR: 77AEDACF CODE: 7409 jz 0x77aedada
Eax=79 Ebx=1 Ecx=0 Edx=79 Edi=0 Esi=33D62EA Ebp=303F900 Esp=303F8E0 Eip=77AEDACF

ADDR: 77AEDAE3 CODE: 741f jz 0x77aedb04
Eax=79 Ebx=1 Ecx=0 Edx=79 Edi=0 Esi=33D62EC Ebp=303F900 Esp=303F8E0 Eip=77AEDAE3

ADDR: 77AEDACF CODE: 7409 jz 0x77aedada
Eax=73 Ebx=1 Ecx=0 Edx=73 Edi=0 Esi=33D62EC Ebp=303F900 Esp=303F8E0 Eip=77AEDACF

ADDR: 77AEDAE3 CODE: 741f jz 0x77aedb04
Eax=73 Ebx=1 Ecx=0 Edx=73 Edi=0 Esi=33D62EE Ebp=303F900 Esp=303F8E0 Eip=77AEDAE3

ADDR: 77AEDACF CODE: 7409 jz 0x77aedada
Eax=77 Ebx=1 Ecx=0 Edx=77 Edi=0 Esi=33D62EE Ebp=303F900 Esp=303F8E0 Eip=77AEDACF

ADDR: 77AEDAE3 CODE: 741f jz 0x77aedb04
Eax=77 Ebx=1 Ecx=0 Edx=77 Edi=0 Esi=33D62F0 Ebp=303F900 Esp=303F8E0 Eip=77AEDAE3

ADDR: 77AEDACF CODE: 7409 jz 0x77aedada
Eax=6F Ebx=1 Ecx=0 Edx=6F Edi=0 Esi=33D62F0 Ebp=303F900 Esp=303F8E0 Eip=77AEDACF

ADDR: 77AEDAE3 CODE: 741f jz 0x77aedb04
Eax=6F Ebx=1 Ecx=0 Edx=6F Edi=0 Esi=33D62F2 Ebp=303F900 Esp=303F8E0 Eip=77AEDAE3

ADDR: 77AEDACF CODE: 7409 jz 0x77aedada
Eax=77 Ebx=1 Ecx=0 Edx=77 Edi=0 Esi=33D62F2 Ebp=303F900 Esp=303F8E0 Eip=77AEDACF

ADDR: 77AEDAE3 CODE: 741f jz 0x77aedb04
Eax=77 Ebx=1 Ecx=0 Edx=77 Edi=0 Esi=33D62F4 Ebp=303F900 Esp=303F8E0 Eip=77AEDAE3

ADDR: 77AEDACF CODE: 7409 jz 0x77aedada
Eax=36 Ebx=1 Ecx=0 Edx=36 Edi=0 Esi=33D62F4 Ebp=303F900 Esp=303F8E0 Eip=77AEDACF

ADDR: 77AEDAE3 CODE: 741f jz 0x77aedb04
Eax=36 Ebx=1 Ecx=0 Edx=36 Edi=0 Esi=33D62F6 Ebp=303F900 Esp=303F8E0 Eip=77AEDAE3

ADDR: 77AEDACF CODE: 7409 jz 0x77aedada
Eax=34 Ebx=1 Ecx=0 Edx=34 Edi=0 Esi=33D62F6 Ebp=303F900 Esp=303F8E0 Eip=77AEDACF

ADDR: 77AEDAE3 CODE: 741f jz 0x77aedb04
Eax=34 Ebx=1 Ecx=0 Edx=34 Edi=0 Esi=33D62F8 Ebp=303F900 Esp=303F8E0 Eip=77AEDAE3

ADDR: 77AEDACF CODE: 7409 jz 0x77aedada
Eax=5C Ebx=1 Ecx=0 Edx=5C Edi=0 Esi=33D62F8 Ebp=303F900 Esp=303F8E0 Eip=77AEDACF

ADDR: 77AEDAE3 CODE: 741f jz 0x77aedb04
Eax=5C Ebx=1 Ecx=0 Edx=5C Edi=0 Esi=33D62FA Ebp=303F900 Esp=303F8E0 Eip=77AEDAE3

ADDR: 77AEDACF CODE: 7409 jz 0x77aedada
Eax=6E Ebx=1 Ecx=0 Edx=6E Edi=0 Esi=33D62FA Ebp=303F900 Esp=303F8E0 Eip=77AEDACF

ADDR: 77AEDAE3 CODE: 741f jz 0x77aedb04
Eax=6E Ebx=1 Ecx=0 Edx=6E Edi=0 Esi=33D62FC Ebp=303F900 Esp=303F8E0 Eip=77AEDAE3

ADDR: 77AEDACF CODE: 7409 jz 0x77aedada
Eax=6F Ebx=1 Ecx=0 Edx=6F Edi=0 Esi=33D62FC Ebp=303F900 Esp=303F8E0 Eip=77AEDACF

ADDR: 77AEDAE3 CODE: 741f jz 0x77aedb04
Eax=6F Ebx=1 Ecx=0 Edx=6F Edi=0 Esi=33D62FE Ebp=303F900 Esp=303F8E0 Eip=77AEDAE3

ADDR: 77AEDACF CODE: 7409 jz 0x77aedada
Eax=74 Ebx=1 Ecx=0 Edx=74 Edi=0 Esi=33D62FE Ebp=303F900 Esp=303F8E0 Eip=77AEDACF

ADDR: 77AEDAE3 CODE: 741f jz 0x77aedb04
Eax=74 Ebx=1 Ecx=0 Edx=74 Edi=0 Esi=33D6300 Ebp=303F900 Esp=303F8E0 Eip=77AEDAE3

ADDR: 77AEDACF CODE: 7409 jz 0x77aedada
Eax=65 Ebx=1 Ecx=0 Edx=65 Edi=0 Esi=33D6300 Ebp=303F900 Esp=303F8E0 Eip=77AEDACF

ADDR: 77AEDAE3 CODE: 741f jz 0x77aedb04
Eax=65 Ebx=1 Ecx=0 Edx=65 Edi=0 Esi=33D6302 Ebp=303F900 Esp=303F8E0 Eip=77AEDAE3

ADDR: 77AEDACF CODE: 7409 jz 0x77aedada
Eax=70 Ebx=1 Ecx=0 Edx=70 Edi=0 Esi=33D6302 Ebp=303F900 Esp=303F8E0 Eip=77AEDACF

ADDR: 77AEDAE3 CODE: 741f jz 0x77aedb04
Eax=70 Ebx=1 Ecx=0 Edx=70 Edi=0 Esi=33D6304 Ebp=303F900 Esp=303F8E0 Eip=77AEDAE3

ADDR: 77AEDACF CODE: 7409 jz 0x77aedada
Eax=61 Ebx=1 Ecx=0 Edx=61 Edi=0 Esi=33D6304 Ebp=303F900 Esp=303F8E0 Eip=77AEDACF

ADDR: 77AEDAE3 CODE: 741f jz 0x77aedb04
Eax=61 Ebx=1 Ecx=0 Edx=61 Edi=0 Esi=33D6306 Ebp=303F900 Esp=303F8E0 Eip=77AEDAE3

ADDR: 77AEDACF CODE: 7409 jz 0x77aedada
Eax=64 Ebx=1 Ecx=0 Edx=64 Edi=0 Esi=33D6306 Ebp=303F900 Esp=303F8E0 Eip=77AEDACF

ADDR: 77AEDAE3 CODE: 741f jz 0x77aedb04
Eax=64 Ebx=1 Ecx=0 Edx=64 Edi=0 Esi=33D6308 Ebp=303F900 Esp=303F8E0 Eip=77AEDAE3

ADDR: 77AEDACF CODE: 7409 jz 0x77aedada
Eax=2E Ebx=1 Ecx=0 Edx=2E Edi=0 Esi=33D6308 Ebp=303F900 Esp=303F8E0 Eip=77AEDACF

ADDR: 77AEDAE3 CODE: 741f jz 0x77aedb04
Eax=2E Ebx=1 Ecx=0 Edx=2E Edi=0 Esi=33D630A Ebp=303F900 Esp=303F8E0 Eip=77AEDAE3

ADDR: 77AEDACF CODE: 7409 jz 0x77aedada
Eax=65 Ebx=1 Ecx=0 Edx=65 Edi=0 Esi=33D630A Ebp=303F900 Esp=303F8E0 Eip=77AEDACF

ADDR: 77AEDAE3 CODE: 741f jz 0x77aedb04
Eax=65 Ebx=1 Ecx=0 Edx=65 Edi=0 Esi=33D630C Ebp=303F900 Esp=303F8E0 Eip=77AEDAE3

ADDR: 77AEDACF CODE: 7409 jz 0x77aedada
Eax=78 Ebx=1 Ecx=0 Edx=78 Edi=0 Esi=33D630C Ebp=303F900 Esp=303F8E0 Eip=77AEDACF

ADDR: 77AEDAE3 CODE: 741f jz 0x77aedb04
Eax=78 Ebx=1 Ecx=0 Edx=78 Edi=0 Esi=33D630E Ebp=303F900 Esp=303F8E0 Eip=77AEDAE3

ADDR: 77AEDACF CODE: 7409 jz 0x77aedada
Eax=65 Ebx=1 Ecx=0 Edx=65 Edi=0 Esi=33D630E Ebp=303F900 Esp=303F8E0 Eip=77AEDACF

ADDR: 77AEDAE3 CODE: 741f jz 0x77aedb04
Eax=65 Ebx=1 Ecx=0 Edx=65 Edi=0 Esi=33D6310 Ebp=303F900 Esp=303F8E0 Eip=77AEDAE3

ADDR: 77AEDAF0 CODE: 7406 jz 0x77aedaf8
Eax=22 Ebx=0 Ecx=0 Edx=303F928 Edi=0 Esi=33D6312 Ebp=303F900 Esp=303F8E0 Eip=77AEDAF0

ADDR: 77AEDACF CODE: 7409 jz 0x77aedada
Eax=0 Ebx=0 Ecx=0 Edx=0 Edi=0 Esi=33D6312 Ebp=303F900 Esp=303F8E0 Eip=77AEDACF

ADDR: 77AEDAE3 CODE: 741f jz 0x77aedb04
Eax=0 Ebx=0 Ecx=0 Edx=0 Edi=0 Esi=33D6314 Ebp=303F900 Esp=303F8E0 Eip=77AEDAE3

ADDR: 77AEDB1A CODE: 7421 jz 0x77aedb3d
Eax=0 Ebx=0 Ecx=0 Edx=0 Edi=0 Esi=33D6312 Ebp=303F900 Esp=303F8E0 Eip=77AEDB1A

ADDR: 77AEDB40 CODE: 0f84df000000 jz 0x77aedc25
Eax=0 Ebx=0 Ecx=0 Edx=0 Edi=0 Esi=33D6312 Ebp=303F900 Esp=303F8E0 Eip=77AEDB40

ADDR: 77AEDC27 CODE: 7403 jz 0x77aedc2c
Eax=0 Ebx=0 Ecx=0 Edx=0 Edi=0 Esi=33D6312 Ebp=303F900 Esp=303F8E0 Eip=77AEDC27

ADDR: 77AEDC4A CODE: 7337 jae 0x77aedc83
Eax=303F92C Ebx=1 Ecx=2 Edx=20 Edi=0 Esi=20 Ebp=303F8FC Esp=303F8F8 Eip=77AEDC4A

ADDR: 77AEDC56 CODE: 732b jae 0x77aedc83
Eax=7FFFFFFF Ebx=1 Ecx=2 Edx=1 Edi=0 Esi=20 Ebp=303F8FC Esp=303F8F8 Eip=77AEDC56

ADDR: 77AEDC65 CODE: 761c jbe 0x77aedc83
Eax=FFFFFFF7 Ebx=1 Ecx=8 Edx=1 Edi=0 Esi=40 Ebp=303F8FC Esp=303F8F8 Eip=77AEDC65

ADDR: 77AD83CE CODE: 740d jz 0x77ad83dd
Eax=48 Ebx=1 Ecx=1 Edx=1 Edi=0 Esi=48 Ebp=303F8E8 Esp=303F8E4 Eip=77AD83CE

ADDR: 77AD83DB CODE: 7259 jb 0x77ad8436
Eax=38E38E3 Ebx=1 Ecx=1 Edx=8 Edi=0 Esi=48 Ebp=303F8E8 Esp=303F8E4 Eip=77AD83DB

ADDR: 77C44CFF CODE: 0f8426e60500 jz 0x77ca332b
Eax=38E38E3 Ebx=1 Ecx=1 Edx=8 Edi=0 Esi=33D0000 Ebp=303F8D0 Esp=303F8C8 Eip=77C44CFF

ADDR: 77C44D11 CODE: 0f842be60500 jz 0x77ca3342
Eax=38E38E3 Ebx=1 Ecx=33D0000 Edx=48 Edi=0 Esi=33D0000 Ebp=303F8D0 Esp=303F8C8 Eip=77C44D11

ADDR: 77C44E6C CODE: 760c jbe 0x77c44e7a
Eax=0 Ebx=33D0000 Ecx=8 Edx=48 Edi=48 Esi=33D0000 Ebp=303F8B8 Esp=303F840 Eip=77C44E6C

ADDR: 77C44E9D CODE: 742b jz 0x77c44eca
Eax=0 Ebx=33D0000 Ecx=0 Edx=0 Edi=48 Esi=33D0000 Ebp=303F8B8 Esp=303F840 Eip=77C44E9D

ADDR: 77C44ED5 CODE: 7445 jz 0x77c44f1c
Eax=0 Ebx=33D0000 Ecx=8 Edx=0 Edi=48 Esi=0 Ebp=303F8B8 Esp=303F840 Eip=77C44ED5

ADDR: 77C44F4B CODE: 0f87f5090000 ja 0x77c45946
Eax=48 Ebx=33D0000 Ecx=8 Edx=A Edi=48 Esi=50 Ebp=303F8B8 Esp=303F840 Eip=77C44F4B

ADDR: 77C44F6F CODE: 0f84ce090000 jz 0x77c45943
Eax=4 Ebx=33D0000 Ecx=2 Edx=2 Edi=48 Esi=50 Ebp=303F8B8 Esp=303F840 Eip=77C44F6F

ADDR: 77C4594F CODE: 7211 jb 0x77c45962
Eax=33D0270 Ebx=33D0000 Ecx=2 Edx=A Edi=48 Esi=50 Ebp=303F8B8 Esp=303F840 Eip=77C4594F

ADDR: 77C45967 CODE: 0f838c030000 jae 0x77c45cf9
Eax=33D0270 Ebx=33D0000 Ecx=A Edx=A Edi=48 Esi=50 Ebp=303F8B8 Esp=303F840 Eip=77C45967

ADDR: 77C4597C CODE: 7402 jz 0x77c45980
Eax=33D0270 Ebx=33D0000 Ecx=A Edx=A Edi=48 Esi=50 Ebp=303F8B8 Esp=303F840 Eip=77C4597C

ADDR: 77C45F44 CODE: 7329 jae 0x77c45f6f
Eax=303F818 Ebx=A Ecx=33D0000 Edx=A Edi=33D0000 Esi=A Ebp=303F828 Esp=303F6A8 Eip=77C45F44

ADDR: 77C45F53 CODE: 730c jae 0x77c45f61
Eax=303F818 Ebx=A Ecx=33D0001 Edx=A Edi=33D0000 Esi=A Ebp=303F828 Esp=303F6A8 Eip=77C45F53

ADDR: 77C46022 CODE: 7415 jz 0x77c46039
Eax=303F888 Ebx=0 Ecx=33D0001 Edx=A Edi=33D0000 Esi=A Ebp=303F828 Esp=303F6A8 Eip=77C46022

ADDR: 77C63F37 CODE: 7316 jae 0x77c63f4f
Eax=33D0258 Ebx=0 Ecx=33D025C Edx=2E98000 Edi=33D0000 Esi=A Ebp=303F69C Esp=303F69C Eip=77C63F37

ADDR: 77C460CB CODE: 7407 jz 0x77c460d4
Eax=1 Ebx=0 Ecx=7F38 Edx=2E98000 Edi=33D0000 Esi=A Ebp=303F828 Esp=303F6A8 Eip=77C460CB

ADDR: 77C460DA CODE: 0f8739170000 ja 0x77c47819
Eax=1 Ebx=0 Ecx=7F38 Edx=A Edi=33D0000 Esi=A Ebp=303F828 Esp=303F6A8 Eip=77C460DA

ADDR: 77C460F4 CODE: 723a jb 0x77c46130
Eax=48 Ebx=0 Ecx=7F38 Edx=A Edi=33D0000 Esi=A Ebp=303F828 Esp=303F6A8 Eip=77C460F4

ADDR: 77C46136 CODE: 0f87d5000000 ja 0x77c46211
Eax=48 Ebx=0 Ecx=7F38 Edx=A Edi=33D0000 Esi=A Ebp=303F828 Esp=303F6A8 Eip=77C46136

ADDR: 77C46188 CODE: 7716 ja 0x77c461a0
Eax=33D2609 Ebx=2 Ecx=129 Edx=2 Edi=33D0000 Esi=33D26A4 Ebp=303F828 Esp=303F6A8 Eip=77C46188

ADDR: 77C46192 CODE: 770c ja 0x77c461a0
Eax=FF00 Ebx=2 Ecx=129 Edx=2 Edi=33D0000 Esi=33D26A4 Ebp=303F828 Esp=303F6A8 Eip=77C46192

ADDR: 77C46216 CODE: 0f844f020000 jz 0x77c4646b
Eax=FF00 Ebx=2 Ecx=129 Edx=A Edi=33D0000 Esi=33D02CC Ebp=303F828 Esp=303F6A8 Eip=77C46216

ADDR: 77C46220 CODE: 0f8445020000 jz 0x77c4646b
Eax=FF00 Ebx=2 Ecx=129 Edx=A Edi=33D0000 Esi=0 Ebp=303F828 Esp=303F6A8 Eip=77C46220

ADDR: 77C46485 CODE: 7304 jae 0x77c4648b
Eax=33D00C0 Ebx=2 Ecx=80 Edx=A Edi=33D0000 Esi=33D0270 Ebp=303F828 Esp=303F6A8 Eip=77C46485

ADDR: 77C464D3 CODE: 7438 jz 0x77c4650d
Eax=33E4DC0 Ebx=30FB8CF8 Ecx=80 Edx=33D00C0 Edi=33D0000 Esi=33D0270 Ebp=303F828 Esp=303F6A8 Eip=77C464D3

ADDR: 77C464F3 CODE: 7418 jz 0x77c4650d
Eax=46 Ebx=46000244 Ecx=4646 Edx=33D00C0 Edi=33D0000 Esi=33D0270 Ebp=303F828 Esp=303F6A8 Eip=77C464F3

ADDR: 77C4651D CODE: 7e07 jle 0x77c46526
Eax=244 Ebx=46000244 Ecx=FFFFFDC6 Edx=33D00C0 Edi=33D0000 Esi=33D0270 Ebp=303F828 Esp=303F6A8 Eip=77C4651D

ADDR: 77C4653A CODE: 7438 jz 0x77c46574
Eax=33D95A8 Ebx=74FB8EBE Ecx=FFFFFDC6 Edx=33D00C0 Edi=33D0000 Esi=33D0270 Ebp=303F828 Esp=303F6A8 Eip=77C4653A

ADDR: 77C4655A CODE: 7418 jz 0x77c46574
Eax=2 Ebx=2000002 Ecx=202 Edx=33D00C0 Edi=33D0000 Esi=33D0270 Ebp=303F828 Esp=303F6A8 Eip=77C4655A

ADDR: 77C46584 CODE: 7f07 jg 0x77c4658d
Eax=2 Ebx=2000002 Ecx=8 Edx=33D00C0 Edi=33D0000 Esi=33D0270 Ebp=303F828 Esp=303F6A8 Eip=77C46584

ADDR: 77C46679 CODE: 7422 jz 0x77c4669d
Eax=33D0294 Ebx=58CA000 Ecx=3 Edx=0 Edi=33D0000 Esi=33D0270 Ebp=303F828 Esp=303F6A8 Eip=77C46679

ADDR: 77C46680 CODE: 7409 jz 0x77c4668b
Eax=0 Ebx=58CA000 Ecx=3 Edx=0 Edi=33D0000 Esi=33D0270 Ebp=303F828 Esp=303F6A8 Eip=77C46680

ADDR: 77C466D1 CODE: 7402 jz 0x77c466d5
Eax=D Ebx=58CA0 Ecx=3 Edx=D Edi=33D0000 Esi=33D0270 Ebp=303F828 Esp=303F6A8 Eip=77C466D1

ADDR: 77C466E0 CODE: 0f841c110000 jz 0x77c47802
Eax=33DC908 Ebx=58CA0 Ecx=3 Edx=D Edi=33D0000 Esi=33D0270 Ebp=303F828 Esp=303F6A8 Eip=77C466E0

ADDR: 77C466F2 CODE: 0f844d020000 jz 0x77c46945
Eax=33DC908 Ebx=58CA0 Ecx=3 Edx=D Edi=33D0000 Esi=33D0270 Ebp=303F828 Esp=303F6A8 Eip=77C466F2

ADDR: 77C46702 CODE: 741f jz 0x77c46723
Eax=33DC908 Ebx=33DC900 Ecx=3 Edx=D Edi=33D0000 Esi=33D0270 Ebp=303F828 Esp=303F6A8 Eip=77C46702

ADDR: 77C46714 CODE: 740a jz 0x77c46720
Eax=76FB8E0D Ebx=33DC900 Ecx=3 Edx=D Edi=33D0000 Esi=33D0270 Ebp=303F828 Esp=303F6A8 Eip=77C46714

ADDR: 77C46729 CODE: 0f8200020000 jb 0x77c4692f
Eax=33DC908 Ebx=33DC900 Ecx=3 Edx=D Edi=33D0000 Esi=D Ebp=303F828 Esp=303F6A8 Eip=77C46729

ADDR: 77C46761 CODE: 0f841c010000 jz 0x77c46883
Eax=33DC908 Ebx=33DC900 Ecx=33D0270 Edx=33DC908 Edi=33D0000 Esi=D Ebp=303F828 Esp=303F6A8 Eip=77C46761

ADDR: 77C46778 CODE: 730b jae 0x77c46785
Eax=D Ebx=33DC900 Ecx=33D0270 Edx=33DC908 Edi=33D0000 Esi=80 Ebp=303F828 Esp=303F6A8 Eip=77C46778

ADDR: 77C4680D CODE: 0f83db000000 jae 0x77c468ee
Eax=80 Ebx=33DC900 Ecx=33D0270 Edx=D Edi=33D0000 Esi=33D7E48 Ebp=303F828 Esp=303F6A8 Eip=77C4680D

ADDR: 77C46816 CODE: 0f84a3000000 jz 0x77c468bf
Eax=80 Ebx=33DC900 Ecx=33D0270 Edx=D Edi=33D0000 Esi=33D7E48 Ebp=303F828 Esp=303F6A8 Eip=77C46816

ADDR: 77C46829 CODE: 743c jz 0x77c46867
Eax=80 Ebx=7BFB8EB1 Ecx=33D0270 Edx=D Edi=33D0000 Esi=33D7E48 Ebp=303F828 Esp=303F6A8 Eip=77C46829

ADDR: 77C46849 CODE: 7419 jz 0x77c46864
Eax=D Ebx=D00000D Ecx=D0D Edx=D Edi=33D0000 Esi=33D7E48 Ebp=303F828 Esp=303F6A8 Eip=77C46849

ADDR: 77C46895 CODE: 7475 jz 0x77c4690c
Eax=33D7E48 Ebx=33DC900 Ecx=33DAFE8 Edx=D Edi=33D0000 Esi=33D7E48 Ebp=303F828 Esp=303F6A8 Eip=77C46895

ADDR: 77C46ACC CODE: 7418 jz 0x77c46ae6
Eax=33D7E48 Ebx=33DC900 Ecx=33DAF00 Edx=D Edi=33D0000 Esi=1 Ebp=303F828 Esp=303F6A8 Eip=77C46ACC

ADDR: 77C46B12 CODE: 7305 jae 0x77c46b19
Eax=8 Ebx=33DC900 Ecx=A Edx=3 Edi=33D0000 Esi=1 Ebp=303F828 Esp=303F6A8 Eip=77C46B12

ADDR: 77C46B27 CODE: 741e jz 0x77c46b47
Eax=8 Ebx=33DC900 Ecx=A Edx=3 Edi=33D0000 Esi=1 Ebp=303F828 Esp=303F6A8 Eip=77C46B27

ADDR: 77C46CA1 CODE: 741a jz 0x77c46cbd
Eax=0 Ebx=33DC900 Ecx=A Edx=3 Edi=33D0000 Esi=1 Ebp=303F828 Esp=303F6A8 Eip=77C46CA1

ADDR: 77C46D47 CODE: 0f845d050000 jz 0x77c472aa
Eax=FB Ebx=33DC950 Ecx=100000 Edx=3 Edi=33D0000 Esi=33DC968 Ebp=303F828 Esp=303F6A8 Eip=77C46D47

ADDR: 77C46D81 CODE: 0f8496020000 jz 0x77c4701d
Eax=33D00C0 Ebx=33DC950 Ecx=100000 Edx=3 Edi=33D0000 Esi=33D0270 Ebp=303F828 Esp=303F6A8 Eip=77C46D81

ADDR: 77C46D8C CODE: 7304 jae 0x77c46d92
Eax=33D00C0 Ebx=33DC950 Ecx=80 Edx=3 Edi=33D0000 Esi=33D0270 Ebp=303F828 Esp=303F6A8 Eip=77C46D8C

ADDR: 77C46DD5 CODE: 743b jz 0x77c46e12
Eax=33E4DC0 Ebx=33DC950 Ecx=33E4DC8 Edx=30FB8CF8 Edi=33D0000 Esi=33D0270 Ebp=303F828 Esp=303F6A8 Eip=77C46DD5

ADDR: 77C46DF8 CODE: 7418 jz 0x77c46e12
Eax=46 Ebx=33DC950 Ecx=4646 Edx=46000244 Edi=33D0000 Esi=33D0270 Ebp=303F828 Esp=303F6A8 Eip=77C46DF8

ADDR: 77C46E22 CODE: 7e08 jle 0x77c46e2c
Eax=244 Ebx=33DC950 Ecx=FFFFFDBF Edx=46000244 Edi=33D0000 Esi=33D0270 Ebp=303F828 Esp=303F6A8 Eip=77C46E22

ADDR: 77C46E43 CODE: 743b jz 0x77c46e80
Eax=33D95A8 Ebx=33DC950 Ecx=FFFFFDBF Edx=74FB8EBE Edi=33D0000 Esi=33D0270 Ebp=303F828 Esp=303F6A8 Eip=77C46E43

ADDR: 77C46E66 CODE: 7418 jz 0x77c46e80
Eax=2 Ebx=33DC950 Ecx=202 Edx=2000002 Edi=33D0000 Esi=33D0270 Ebp=303F828 Esp=303F6A8 Eip=77C46E66

ADDR: 77C46E90 CODE: 7f0a jg 0x77c46e9c
Eax=2 Ebx=33DC950 Ecx=1 Edx=2000002 Edi=33D0000 Esi=33D0270 Ebp=303F828 Esp=303F6A8 Eip=77C46E90

ADDR: 77C46F92 CODE: 7422 jz 0x77c46fb6
Eax=3 Ebx=33DC950 Ecx=58CA318 Edx=0 Edi=33D0000 Esi=33D0294 Ebp=303F828 Esp=303F6A8 Eip=77C46F92

ADDR: 77C46F99 CODE: 7409 jz 0x77c46fa4
Eax=18 Ebx=33DC950 Ecx=58CA318 Edx=0 Edi=33D0000 Esi=33D0294 Ebp=303F828 Esp=303F6A8 Eip=77C46F99

ADDR: 77C46FED CODE: 7402 jz 0x77c46ff1
Eax=3 Ebx=33DC950 Ecx=58CA318 Edx=3 Edi=33D0000 Esi=33D0270 Ebp=303F828 Esp=303F6A8 Eip=77C46FED

ADDR: 77C46FF9 CODE: 740b jz 0x77c47006
Eax=33D02A4 Ebx=33DC950 Ecx=33DF928 Edx=3 Edi=33D0000 Esi=33D0270 Ebp=303F828 Esp=303F6A8 Eip=77C46FF9

ADDR: 77C47024 CODE: 7435 jz 0x77c4705b
Eax=33D00C0 Ebx=33DC950 Ecx=33DF928 Edx=3 Edi=33D0000 Esi=3 Ebp=303F828 Esp=303F6A8 Eip=77C47024

ADDR: 77C4702A CODE: 7413 jz 0x77c4703f
Eax=33D00C0 Ebx=33DC950 Ecx=33DF928 Edx=3 Edi=33D0000 Esi=3 Ebp=303F828 Esp=303F6A8 Eip=77C4702A

ADDR: 77C47035 CODE: 740c jz 0x77c47043
Eax=33D00C0 Ebx=33DC950 Ecx=33DF928 Edx=75FB8EBF Edi=33D0000 Esi=3 Ebp=303F828 Esp=303F6A8 Eip=77C47035

ADDR: 77C4704F CODE: 760a jbe 0x77c4705b
Eax=3 Ebx=33DC950 Ecx=33DF928 Edx=3000003 Edi=33D0000 Esi=3 Ebp=303F828 Esp=303F6A8 Eip=77C4704F

ADDR: 77C47094 CODE: 0f84fc000000 jz 0x77c47196
Eax=3 Ebx=33DC950 Ecx=33D0270 Edx=33DF990 Edi=33D0000 Esi=33DF928 Ebp=303F828 Esp=303F6A8 Eip=77C47094

ADDR: 77C470A5 CODE: 730a jae 0x77c470b1
Eax=3 Ebx=33DC950 Ecx=33D0270 Edx=33DF990 Edi=33D0000 Esi=80 Ebp=303F828 Esp=303F6A8 Eip=77C470A5

ADDR: 77C470FF CODE: 7464 jz 0x77c47165
Eax=33DF928 Ebx=33DC950 Ecx=33D0270 Edx=3 Edi=33D0000 Esi=3 Ebp=303F828 Esp=303F6A8 Eip=77C470FF

ADDR: 77C47113 CODE: 743e jz 0x77c47153
Eax=33DF920 Ebx=33DC950 Ecx=33D0270 Edx=75FB8EBF Edi=33D0000 Esi=3 Ebp=303F828 Esp=303F6A8 Eip=77C47113

ADDR: 77C47136 CODE: 7418 jz 0x77c47150
Eax=3 Ebx=33DC950 Ecx=303 Edx=3000003 Edi=33D0000 Esi=3 Ebp=303F828 Esp=303F6A8 Eip=77C47136

ADDR: 77C47163 CODE: 7f0f jg 0x77c47174
Eax=3 Ebx=33DC950 Ecx=33D0270 Edx=0 Edi=33D0000 Esi=3 Ebp=303F828 Esp=303F6A8 Eip=77C47163

ADDR: 77C4719A CODE: 0f8497040000 jz 0x77c47637
Eax=33D02A4 Ebx=33DC950 Ecx=33DC958 Edx=C Edi=33D0000 Esi=3 Ebp=303F828 Esp=303F6A8 Eip=77C4719A

ADDR: 77C46B7F CODE: 0f841c0b0000 jz 0x77c476a1
Eax=8 Ebx=33DC908 Ecx=50 Edx=33DC907 Edi=33D0000 Esi=50 Ebp=303F828 Esp=303F6A8 Eip=77C46B7F

ADDR: 77C46B89 CODE: 7413 jz 0x77c46b9e
Eax=8 Ebx=33DC908 Ecx=50 Edx=33DC907 Edi=33D0000 Esi=50 Ebp=303F828 Esp=303F6A8 Eip=77C46B89

ADDR: 77C46BA2 CODE: 0f84b7000000 jz 0x77c46c5f
Eax=76FB8EBC Ebx=33DC908 Ecx=33DC900 Edx=33DC907 Edi=33D0000 Esi=50 Ebp=303F828 Esp=303F6A8 Eip=77C46BA2

ADDR: 77C46BC7 CODE: 762c jbe 0x77c46bf5
Eax=76FB8EBC Ebx=33DC908 Ecx=33DC900 Edx=1 Edi=33D0000 Esi=50 Ebp=303F828 Esp=303F6A8 Eip=77C46BC7

ADDR: 77C46C05 CODE: 7249 jb 0x77c46c50
Eax=76FB8EBC Ebx=33DC908 Ecx=33DC900 Edx=1 Edi=33D0000 Esi=50 Ebp=303F828 Esp=303F6A8 Eip=77C46C05

ADDR: 77C47B53 CODE: 746e jz 0x77c47bc3
Eax=FFFFFFFE Ebx=33D0258 Ecx=FFFFFFFF Edx=1 Edi=33D025C Esi=FFFFFFFE Ebp=303F69C Esp=303F688 Eip=77C47B53

ADDR: 77C46C63 CODE: 0f84150e0000 jz 0x77c47a7e
Eax=0 Ebx=33DC908 Ecx=FFFFFFFF Edx=1 Edi=33D0000 Esi=50 Ebp=303F828 Esp=303F6A8 Eip=77C46C63

ADDR: 77C7B3CA CODE: 744f jz 0x77c7b41b
Eax=48 Ebx=33DC908 Ecx=33DC908 Edx=48 Edi=33D0000 Esi=50 Ebp=303F828 Esp=303F698 Eip=77C7B3CA

ADDR: 77C7B3D8 CODE: 7231 jb 0x77c7b40b
Eax=0 Ebx=33DC908 Ecx=33DC908 Edx=48 Edi=33DC908 Esi=50 Ebp=303F828 Esp=303F694 Eip=77C7B3D8

ADDR: 77C7B3DF CODE: 740c jz 0x77c7b3ed
Eax=0 Ebx=33DC908 Ecx=0 Edx=48 Edi=33DC908 Esi=50 Ebp=303F828 Esp=303F694 Eip=77C7B3DF

ADDR: 77C7B403 CODE: 7406 jz 0x77c7b40b
Eax=0 Ebx=33DC908 Ecx=12 Edx=0 Edi=33DC908 Esi=50 Ebp=303F828 Esp=303F694 Eip=77C7B403

ADDR: 77C7B409 CODE: 740a jz 0x77c7b415
Eax=0 Ebx=33DC908 Ecx=0 Edx=0 Edi=33DC950 Esi=50 Ebp=303F828 Esp=303F694 Eip=77C7B409

ADDR: 77C47AAD CODE: 741e jz 0x77c47acd
Eax=33DC908 Ebx=33DC908 Ecx=0 Edx=0 Edi=33D0000 Esi=50 Ebp=303F828 Esp=303F6A4 Eip=77C47AAD

ADDR: 77C47A91 CODE: 743b jz 0x77c47ace
Eax=0 Ebx=33DC908 Ecx=0 Edx=0 Edi=33D0000 Esi=50 Ebp=303F828 Esp=303F6A8 Eip=77C47A91

ADDR: 77C47AD6 CODE: 741f jz 0x77c47af7
Eax=7FFE0388 Ebx=33DC908 Ecx=0 Edx=0 Edi=33D0000 Esi=50 Ebp=303F828 Esp=303F6A8 Eip=77C47AD6

ADDR: 77C45D13 CODE: 7445 jz 0x77c45d5a
Eax=33DC908 Ebx=33D0000 Ecx=EA6994D Edx=0 Edi=33DC908 Esi=50 Ebp=303F8B8 Esp=303F840 Eip=77C45D13

ADDR: 77C45D1D CODE: 0f8474000000 jz 0x77c45d97
Eax=33DC908 Ebx=33D0000 Ecx=48 Edx=0 Edi=33DC908 Esi=50 Ebp=303F8B8 Esp=303F840 Eip=77C45D1D

ADDR: 77C45DA5 CODE: 7415 jz 0x77c45dbc
Eax=0 Ebx=33D0000 Ecx=8 Edx=0 Edi=33DC908 Esi=50 Ebp=303F8B8 Esp=303F840 Eip=77C45DA5

ADDR: 77C45DC4 CODE: 0f8492000000 jz 0x77c45e5c
Eax=7FFE0380 Ebx=33D0000 Ecx=8 Edx=0 Edi=33DC908 Esi=50 Ebp=303F8B8 Esp=303F840 Eip=77C45DC4

ADDR: 77C45E63 CODE: 743b jz 0x77c45ea0
Eax=0 Ebx=33D0000 Ecx=8 Edx=0 Edi=33DC908 Esi=50 Ebp=303F8B8 Esp=303F840 Eip=77C45E63

ADDR: 77AD96BA CODE: 7417 jz 0x77ad96d3
Eax=0 Ebx=1 Ecx=8 Edx=0 Edi=0 Esi=33DC908 Ebp=303F8E4 Esp=303F8E4 Eip=77AD96BA

ADDR: 77AEDA91 CODE: 7408 jz 0x77aeda9b
Eax=303F92C Ebx=1 Ecx=33DC910 Edx=303F928 Edi=33DC908 Esi=33D62D0 Ebp=303F900 Esp=303F8E0 Eip=77AEDA91

ADDR: 77AEDACF CODE: 7409 jz 0x77aedada
Eax=63 Ebx=1 Ecx=33DC910 Edx=63 Edi=33DC90C Esi=33D62D2 Ebp=303F900 Esp=303F8E0 Eip=77AEDACF

ADDR: 77AEDAE3 CODE: 741f jz 0x77aedb04
Eax=63 Ebx=1 Ecx=33DC912 Edx=63 Edi=33DC90C Esi=33D62D4 Ebp=303F900 Esp=303F8E0 Eip=77AEDAE3

ADDR: 77AEDACF CODE: 7409 jz 0x77aedada
Eax=3A Ebx=1 Ecx=33DC912 Edx=3A Edi=33DC90C Esi=33D62D4 Ebp=303F900 Esp=303F8E0 Eip=77AEDACF

ADDR: 77AEDAE3 CODE: 741f jz 0x77aedb04
Eax=3A Ebx=1 Ecx=33DC914 Edx=3A Edi=33DC90C Esi=33D62D6 Ebp=303F900 Esp=303F8E0 Eip=77AEDAE3

ADDR: 77AEDACF CODE: 7409 jz 0x77aedada
Eax=5C Ebx=1 Ecx=33DC914 Edx=5C Edi=33DC90C Esi=33D62D6 Ebp=303F900 Esp=303F8E0 Eip=77AEDACF

ADDR: 77AEDAE3 CODE: 741f jz 0x77aedb04
Eax=5C Ebx=1 Ecx=33DC916 Edx=5C Edi=33DC90C Esi=33D62D8 Ebp=303F900 Esp=303F8E0 Eip=77AEDAE3

ADDR: 77AEDACF CODE: 7409 jz 0x77aedada
Eax=77 Ebx=1 Ecx=33DC916 Edx=77 Edi=33DC90C Esi=33D62D8 Ebp=303F900 Esp=303F8E0 Eip=77AEDACF

ADDR: 77AEDAE3 CODE: 741f jz 0x77aedb04
Eax=77 Ebx=1 Ecx=33DC918 Edx=77 Edi=33DC90C Esi=33D62DA Ebp=303F900 Esp=303F8E0 Eip=77AEDAE3

ADDR: 77AEDACF CODE: 7409 jz 0x77aedada
Eax=69 Ebx=1 Ecx=33DC918 Edx=69 Edi=33DC90C Esi=33D62DA Ebp=303F900 Esp=303F8E0 Eip=77AEDACF

ADDR: 77AEDAE3 CODE: 741f jz 0x77aedb04
Eax=69 Ebx=1 Ecx=33DC91A Edx=69 Edi=33DC90C Esi=33D62DC Ebp=303F900 Esp=303F8E0 Eip=77AEDAE3

ADDR: 77AEDACF CODE: 7409 jz 0x77aedada
Eax=6E Ebx=1 Ecx=33DC91A Edx=6E Edi=33DC90C Esi=33D62DC Ebp=303F900 Esp=303F8E0 Eip=77AEDACF

ADDR: 77AEDAE3 CODE: 741f jz 0x77aedb04
Eax=6E Ebx=1 Ecx=33DC91C Edx=6E Edi=33DC90C Esi=33D62DE Ebp=303F900 Esp=303F8E0 Eip=77AEDAE3

ADDR: 77AEDACF CODE: 7409 jz 0x77aedada
Eax=64 Ebx=1 Ecx=33DC91C Edx=64 Edi=33DC90C Esi=33D62DE Ebp=303F900 Esp=303F8E0 Eip=77AEDACF

ADDR: 77AEDAE3 CODE: 741f jz 0x77aedb04
Eax=64 Ebx=1 Ecx=33DC91E Edx=64 Edi=33DC90C Esi=33D62E0 Ebp=303F900 Esp=303F8E0 Eip=77AEDAE3

ADDR: 77AEDACF CODE: 7409 jz 0x77aedada
Eax=6F Ebx=1 Ecx=33DC91E Edx=6F Edi=33DC90C Esi=33D62E0 Ebp=303F900 Esp=303F8E0 Eip=77AEDACF

ADDR: 77AEDAE3 CODE: 741f jz 0x77aedb04
Eax=6F Ebx=1 Ecx=33DC920 Edx=6F Edi=33DC90C Esi=33D62E2 Ebp=303F900 Esp=303F8E0 Eip=77AEDAE3

ADDR: 77AEDACF CODE: 7409 jz 0x77aedada
Eax=77 Ebx=1 Ecx=33DC920 Edx=77 Edi=33DC90C Esi=33D62E2 Ebp=303F900 Esp=303F8E0 Eip=77AEDACF

ADDR: 77AEDAE3 CODE: 741f jz 0x77aedb04
Eax=77 Ebx=1 Ecx=33DC922 Edx=77 Edi=33DC90C Esi=33D62E4 Ebp=303F900 Esp=303F8E0 Eip=77AEDAE3

ADDR: 77AEDACF CODE: 7409 jz 0x77aedada
Eax=73 Ebx=1 Ecx=33DC922 Edx=73 Edi=33DC90C Esi=33D62E4 Ebp=303F900 Esp=303F8E0 Eip=77AEDACF

ADDR: 77AEDAE3 CODE: 741f jz 0x77aedb04
Eax=73 Ebx=1 Ecx=33DC924 Edx=73 Edi=33DC90C Esi=33D62E6 Ebp=303F900 Esp=303F8E0 Eip=77AEDAE3

ADDR: 77AEDACF CODE: 7409 jz 0x77aedada
Eax=5C Ebx=1 Ecx=33DC924 Edx=5C Edi=33DC90C Esi=33D62E6 Ebp=303F900 Esp=303F8E0 Eip=77AEDACF

ADDR: 77AEDAE3 CODE: 741f jz 0x77aedb04
Eax=5C Ebx=1 Ecx=33DC926 Edx=5C Edi=33DC90C Esi=33D62E8 Ebp=303F900 Esp=303F8E0 Eip=77AEDAE3

ADDR: 77AEDACF CODE: 7409 jz 0x77aedada
Eax=73 Ebx=1 Ecx=33DC926 Edx=73 Edi=33DC90C Esi=33D62E8 Ebp=303F900 Esp=303F8E0 Eip=77AEDACF

ADDR: 77AEDAE3 CODE: 741f jz 0x77aedb04
Eax=73 Ebx=1 Ecx=33DC928 Edx=73 Edi=33DC90C Esi=33D62EA Ebp=303F900 Esp=303F8E0 Eip=77AEDAE3

ADDR: 77AEDACF CODE: 7409 jz 0x77aedada
Eax=79 Ebx=1 Ecx=33DC928 Edx=79 Edi=33DC90C Esi=33D62EA Ebp=303F900 Esp=303F8E0 Eip=77AEDACF

ADDR: 77AEDAE3 CODE: 741f jz 0x77aedb04
Eax=79 Ebx=1 Ecx=33DC92A Edx=79 Edi=33DC90C Esi=33D62EC Ebp=303F900 Esp=303F8E0 Eip=77AEDAE3

ADDR: 77AEDACF CODE: 7409 jz 0x77aedada
Eax=73 Ebx=1 Ecx=33DC92A Edx=73 Edi=33DC90C Esi=33D62EC Ebp=303F900 Esp=303F8E0 Eip=77AEDACF

ADDR: 77AEDAE3 CODE: 741f jz 0x77aedb04
Eax=73 Ebx=1 Ecx=33DC92C Edx=73 Edi=33DC90C Esi=33D62EE Ebp=303F900 Esp=303F8E0 Eip=77AEDAE3

ADDR: 77AEDACF CODE: 7409 jz 0x77aedada
Eax=77 Ebx=1 Ecx=33DC92C Edx=77 Edi=33DC90C Esi=33D62EE Ebp=303F900 Esp=303F8E0 Eip=77AEDACF

ADDR: 77AEDAE3 CODE: 741f jz 0x77aedb04
Eax=77 Ebx=1 Ecx=33DC92E Edx=77 Edi=33DC90C Esi=33D62F0 Ebp=303F900 Esp=303F8E0 Eip=77AEDAE3

ADDR: 77AEDACF CODE: 7409 jz 0x77aedada
Eax=6F Ebx=1 Ecx=33DC92E Edx=6F Edi=33DC90C Esi=33D62F0 Ebp=303F900 Esp=303F8E0 Eip=77AEDACF

ADDR: 77AEDAE3 CODE: 741f jz 0x77aedb04
Eax=6F Ebx=1 Ecx=33DC930 Edx=6F Edi=33DC90C Esi=33D62F2 Ebp=303F900 Esp=303F8E0 Eip=77AEDAE3

ADDR: 77AEDACF CODE: 7409 jz 0x77aedada
Eax=77 Ebx=1 Ecx=33DC930 Edx=77 Edi=33DC90C Esi=33D62F2 Ebp=303F900 Esp=303F8E0 Eip=77AEDACF

ADDR: 77AEDAE3 CODE: 741f jz 0x77aedb04
Eax=77 Ebx=1 Ecx=33DC932 Edx=77 Edi=33DC90C Esi=33D62F4 Ebp=303F900 Esp=303F8E0 Eip=77AEDAE3

ADDR: 77AEDACF CODE: 7409 jz 0x77aedada
Eax=36 Ebx=1 Ecx=33DC932 Edx=36 Edi=33DC90C Esi=33D62F4 Ebp=303F900 Esp=303F8E0 Eip=77AEDACF

ADDR: 77AEDAE3 CODE: 741f jz 0x77aedb04
Eax=36 Ebx=1 Ecx=33DC934 Edx=36 Edi=33DC90C Esi=33D62F6 Ebp=303F900 Esp=303F8E0 Eip=77AEDAE3

ADDR: 77AEDACF CODE: 7409 jz 0x77aedada
Eax=34 Ebx=1 Ecx=33DC934 Edx=34 Edi=33DC90C Esi=33D62F6 Ebp=303F900 Esp=303F8E0 Eip=77AEDACF

ADDR: 77AEDAE3 CODE: 741f jz 0x77aedb04
Eax=34 Ebx=1 Ecx=33DC936 Edx=34 Edi=33DC90C Esi=33D62F8 Ebp=303F900 Esp=303F8E0 Eip=77AEDAE3

ADDR: 77AEDACF CODE: 7409 jz 0x77aedada
Eax=5C Ebx=1 Ecx=33DC936 Edx=5C Edi=33DC90C Esi=33D62F8 Ebp=303F900 Esp=303F8E0 Eip=77AEDACF

ADDR: 77AEDAE3 CODE: 741f jz 0x77aedb04
Eax=5C Ebx=1 Ecx=33DC938 Edx=5C Edi=33DC90C Esi=33D62FA Ebp=303F900 Esp=303F8E0 Eip=77AEDAE3

ADDR: 77AEDACF CODE: 7409 jz 0x77aedada
Eax=6E Ebx=1 Ecx=33DC938 Edx=6E Edi=33DC90C Esi=33D62FA Ebp=303F900 Esp=303F8E0 Eip=77AEDACF

ADDR: 77AEDAE3 CODE: 741f jz 0x77aedb04
Eax=6E Ebx=1 Ecx=33DC93A Edx=6E Edi=33DC90C Esi=33D62FC Ebp=303F900 Esp=303F8E0 Eip=77AEDAE3

ADDR: 77AEDACF CODE: 7409 jz 0x77aedada
Eax=6F Ebx=1 Ecx=33DC93A Edx=6F Edi=33DC90C Esi=33D62FC Ebp=303F900 Esp=303F8E0 Eip=77AEDACF

ADDR: 77AEDAE3 CODE: 741f jz 0x77aedb04
Eax=6F Ebx=1 Ecx=33DC93C Edx=6F Edi=33DC90C Esi=33D62FE Ebp=303F900 Esp=303F8E0 Eip=77AEDAE3

ADDR: 77AEDACF CODE: 7409 jz 0x77aedada
Eax=74 Ebx=1 Ecx=33DC93C Edx=74 Edi=33DC90C Esi=33D62FE Ebp=303F900 Esp=303F8E0 Eip=77AEDACF

ADDR: 77AEDAE3 CODE: 741f jz 0x77aedb04
Eax=74 Ebx=1 Ecx=33DC93E Edx=74 Edi=33DC90C Esi=33D6300 Ebp=303F900 Esp=303F8E0 Eip=77AEDAE3

ADDR: 77AEDACF CODE: 7409 jz 0x77aedada
Eax=65 Ebx=1 Ecx=33DC93E Edx=65 Edi=33DC90C Esi=33D6300 Ebp=303F900 Esp=303F8E0 Eip=77AEDACF

ADDR: 77AEDAE3 CODE: 741f jz 0x77aedb04
Eax=65 Ebx=1 Ecx=33DC940 Edx=65 Edi=33DC90C Esi=33D6302 Ebp=303F900 Esp=303F8E0 Eip=77AEDAE3

ADDR: 77AEDACF CODE: 7409 jz 0x77aedada
Eax=70 Ebx=1 Ecx=33DC940 Edx=70 Edi=33DC90C Esi=33D6302 Ebp=303F900 Esp=303F8E0 Eip=77AEDACF

ADDR: 77AEDAE3 CODE: 741f jz 0x77aedb04
Eax=70 Ebx=1 Ecx=33DC942 Edx=70 Edi=33DC90C Esi=33D6304 Ebp=303F900 Esp=303F8E0 Eip=77AEDAE3

ADDR: 77AEDACF CODE: 7409 jz 0x77aedada
Eax=61 Ebx=1 Ecx=33DC942 Edx=61 Edi=33DC90C Esi=33D6304 Ebp=303F900 Esp=303F8E0 Eip=77AEDACF

ADDR: 77AEDAE3 CODE: 741f jz 0x77aedb04
Eax=61 Ebx=1 Ecx=33DC944 Edx=61 Edi=33DC90C Esi=33D6306 Ebp=303F900 Esp=303F8E0 Eip=77AEDAE3

ADDR: 77AEDACF CODE: 7409 jz 0x77aedada
Eax=64 Ebx=1 Ecx=33DC944 Edx=64 Edi=33DC90C Esi=33D6306 Ebp=303F900 Esp=303F8E0 Eip=77AEDACF

ADDR: 77AEDAE3 CODE: 741f jz 0x77aedb04
Eax=64 Ebx=1 Ecx=33DC946 Edx=64 Edi=33DC90C Esi=33D6308 Ebp=303F900 Esp=303F8E0 Eip=77AEDAE3

ADDR: 77AEDACF CODE: 7409 jz 0x77aedada
Eax=2E Ebx=1 Ecx=33DC946 Edx=2E Edi=33DC90C Esi=33D6308 Ebp=303F900 Esp=303F8E0 Eip=77AEDACF

ADDR: 77AEDAE3 CODE: 741f jz 0x77aedb04
Eax=2E Ebx=1 Ecx=33DC948 Edx=2E Edi=33DC90C Esi=33D630A Ebp=303F900 Esp=303F8E0 Eip=77AEDAE3

ADDR: 77AEDACF CODE: 7409 jz 0x77aedada
Eax=65 Ebx=1 Ecx=33DC948 Edx=65 Edi=33DC90C Esi=33D630A Ebp=303F900 Esp=303F8E0 Eip=77AEDACF

ADDR: 77AEDAE3 CODE: 741f jz 0x77aedb04
Eax=65 Ebx=1 Ecx=33DC94A Edx=65 Edi=33DC90C Esi=33D630C Ebp=303F900 Esp=303F8E0 Eip=77AEDAE3

ADDR: 77AEDACF CODE: 7409 jz 0x77aedada
Eax=78 Ebx=1 Ecx=33DC94A Edx=78 Edi=33DC90C Esi=33D630C Ebp=303F900 Esp=303F8E0 Eip=77AEDACF

ADDR: 77AEDAE3 CODE: 741f jz 0x77aedb04
Eax=78 Ebx=1 Ecx=33DC94C Edx=78 Edi=33DC90C Esi=33D630E Ebp=303F900 Esp=303F8E0 Eip=77AEDAE3

ADDR: 77AEDACF CODE: 7409 jz 0x77aedada
Eax=65 Ebx=1 Ecx=33DC94C Edx=65 Edi=33DC90C Esi=33D630E Ebp=303F900 Esp=303F8E0 Eip=77AEDACF

ADDR: 77AEDAE3 CODE: 741f jz 0x77aedb04
Eax=65 Ebx=1 Ecx=33DC94E Edx=65 Edi=33DC90C Esi=33D6310 Ebp=303F900 Esp=303F8E0 Eip=77AEDAE3

ADDR: 77AEDAF0 CODE: 7406 jz 0x77aedaf8
Eax=22 Ebx=0 Ecx=33DC94E Edx=303F928 Edi=33DC90C Esi=33D6312 Ebp=303F900 Esp=303F8E0 Eip=77AEDAF0

ADDR: 77AEDACF CODE: 7409 jz 0x77aedada
Eax=0 Ebx=0 Ecx=33DC94E Edx=0 Edi=33DC90C Esi=33D6312 Ebp=303F900 Esp=303F8E0 Eip=77AEDACF

ADDR: 77AEDAE3 CODE: 741f jz 0x77aedb04
Eax=0 Ebx=0 Ecx=33DC950 Edx=0 Edi=33DC90C Esi=33D6314 Ebp=303F900 Esp=303F8E0 Eip=77AEDAE3

ADDR: 77AEDB1A CODE: 7421 jz 0x77aedb3d
Eax=0 Ebx=0 Ecx=33DC950 Edx=0 Edi=33DC90C Esi=33D6312 Ebp=303F900 Esp=303F8E0 Eip=77AEDB1A

ADDR: 77AEDB40 CODE: 0f84df000000 jz 0x77aedc25
Eax=0 Ebx=0 Ecx=33DC950 Edx=0 Edi=33DC90C Esi=33D6312 Ebp=303F900 Esp=303F8E0 Eip=77AEDB40

ADDR: 77AEDC27 CODE: 7403 jz 0x77aedc2c
Eax=0 Ebx=0 Ecx=33DC950 Edx=0 Edi=33DC90C Esi=33D6312 Ebp=303F900 Esp=303F8E0 Eip=77AEDC27

ADDR: 77AD96BA CODE: 7417 jz 0x77ad96d3
Eax=0 Ebx=1 Ecx=303F920 Edx=0 Edi=0 Esi=303F920 Ebp=303F900 Esp=303F900 Eip=77AD96BA

ADDR: 77AD94A4 CODE: 7458 jz 0x77ad94fe
Eax=BEA71F01 Ebx=2E95000 Ecx=14 Edx=0 Edi=2 Esi=77915A70 Ebp=303F930 Esp=303F918 Eip=77AD94A4

ADDR: 77C98DEB CODE: 730a jae 0x77c98df7
Eax=EF22B4E Ebx=2E95000 Ecx=77915A70 Edx=404000 Edi=2 Esi=77915A70 Ebp=303F930 Esp=303F90C Eip=77C98DEB

ADDR: 77C909B7 CODE: 747f jz 0x77c90a38
Eax=2 Ebx=2E98FB4 Ecx=77915A70 Edx=2E98FB4 Edi=2 Esi=77915A70 Ebp=303F8E4 Esp=303F8D8 Eip=77C909B7

ADDR: 77C909BE CODE: 7378 jae 0x77c90a38
Eax=2 Ebx=2E98FB4 Ecx=77915A70 Edx=2E98FB4 Edi=2 Esi=77915A70 Ebp=303F8E4 Esp=303F8D8 Eip=77C909BE

ADDR: 77915A83 CODE: 790d jns 0x77915a92
Eax=0 Ebx=2E95000 Ecx=33DA3C8 Edx=0 Edi=2 Esi=77915A70 Ebp=303F908 Esp=303F908 Eip=77915A83

ADDR: 77AD95B4 CODE: 7458 jz 0x77ad960e
Eax=BEA71F01 Ebx=2E95000 Ecx=14 Edx=0 Edi=2 Esi=77915A70 Ebp=303F91C Esp=303F904 Eip=77AD95B4

ADDR: 77C98DEB CODE: 730a jae 0x77c98df7
Eax=EF22B4E Ebx=2E95000 Ecx=77915A70 Edx=404000 Edi=2 Esi=77915A70 Ebp=303F91C Esp=303F8F8 Eip=77C98DEB

ADDR: 77C909B7 CODE: 747f jz 0x77c90a38
Eax=2 Ebx=2E98FB4 Ecx=77915A70 Edx=2E98FB4 Edi=2 Esi=77915A70 Ebp=303F8D0 Esp=303F8C4 Eip=77C909B7

ADDR: 77C909BE CODE: 7378 jae 0x77c90a38
Eax=2 Ebx=2E98FB4 Ecx=77915A70 Edx=2E98FB4 Edi=2 Esi=77915A70 Ebp=303F8D0 Esp=303F8C4 Eip=77C909BE

ADDR: 77915A83 CODE: 790d jns 0x77915a92
Eax=0 Ebx=2E95000 Ecx=33DA3C8 Edx=0 Edi=2 Esi=77915A70 Ebp=303F8F4 Esp=303F8F4 Eip=77915A83

ADDR: 77AF3DEF CODE: 0f84d5000000 jz 0x77af3eca
Eax=10000 Ebx=2E95000 Ecx=30000 Edx=0 Edi=C71600 Esi=0 Ebp=303F910 Esp=303F900 Eip=77AF3DEF

ADDR: 77AF3ED0 CODE: 7409 jz 0x77af3edb
Eax=10000 Ebx=2E95000 Ecx=30000 Edx=0 Edi=C71600 Esi=0 Ebp=303F910 Esp=303F8F8 Eip=77AF3ED0

ADDR: 77B26A8B CODE: 7403 jz 0x77b26a90
Eax=1027F Ebx=2E95000 Ecx=10 Edx=0 Edi=C71600 Esi=0 Ebp=303F8F0 Esp=303F8E0 Eip=77B26A8B

ADDR: 77B26A92 CODE: 7403 jz 0x77b26a97
Eax=1027F Ebx=2E95000 Ecx=18 Edx=0 Edi=C71600 Esi=0 Ebp=303F8F0 Esp=303F8E0 Eip=77B26A92

ADDR: 77B26A99 CODE: 7403 jz 0x77b26a9e
Eax=1027F Ebx=2E95000 Ecx=1C Edx=0 Edi=C71600 Esi=0 Ebp=303F8F0 Esp=303F8E0 Eip=77B26A99

ADDR: 77B26AA0 CODE: 7403 jz 0x77b26aa5
Eax=1027F Ebx=2E95000 Ecx=1E Edx=0 Edi=C71600 Esi=0 Ebp=303F8F0 Esp=303F8E0 Eip=77B26AA0

ADDR: 77B26AA7 CODE: 7406 jz 0x77b26aaf
Eax=1027F Ebx=2E95000 Ecx=1F Edx=0 Edi=C71600 Esi=0 Ebp=303F8F0 Esp=303F8E0 Eip=77B26AA7

ADDR: 77B26ACF CODE: 0f84a7ae0000 jz 0x77b3197c
Eax=1027F Ebx=C00 Ecx=8001F Edx=0 Edi=200 Esi=200 Ebp=303F8F0 Esp=303F8D4 Eip=77B26ACF

ADDR: 77B26B0E CODE: 0f8c43010000 jl 0x77b26c57
Eax=10000 Ebx=C00 Ecx=9001F Edx=1000 Edi=30000 Esi=9001F Ebp=303F8F0 Esp=303F8D4 Eip=77B26B0E

ADDR: 77B26B2F CODE: 7403 jz 0x77b26b34
Eax=10 Ebx=C00 Ecx=1F80 Edx=1000 Edi=0 Esi=9001F Ebp=303F8F0 Esp=303F8D4 Eip=77B26B2F

ADDR: 77B26B3A CODE: 7403 jz 0x77b26b3f
Eax=18 Ebx=C00 Ecx=1F80 Edx=1000 Edi=0 Esi=9001F Ebp=303F8F0 Esp=303F8D4 Eip=77B26B3A

ADDR: 77B26B45 CODE: 7403 jz 0x77b26b4a
Eax=1C Ebx=C00 Ecx=1F80 Edx=1000 Edi=0 Esi=9001F Ebp=303F8F0 Esp=303F8D4 Eip=77B26B45

ADDR: 77B26B4C CODE: 7403 jz 0x77b26b51
Eax=1E Ebx=C00 Ecx=1F80 Edx=1000 Edi=0 Esi=9001F Ebp=303F8F0 Esp=303F8D4 Eip=77B26B4C

ADDR: 77B26B57 CODE: 7405 jz 0x77b26b5e
Eax=1F Ebx=C00 Ecx=1F80 Edx=1000 Edi=0 Esi=9001F Ebp=303F8F0 Esp=303F8D4 Eip=77B26B57

ADDR: 77B26B67 CODE: 0f8469ae0000 jz 0x77b319d6
Eax=8001F Ebx=6000 Ecx=1F80 Edx=0 Edi=0 Esi=9001F Ebp=303F8F0 Esp=303F8D4 Eip=77B26B67

ADDR: 77B319E1 CODE: 7424 jz 0x77b31a07
Eax=8001F Ebx=40 Ecx=FFFFFFC0 Edx=0 Edi=0 Esi=9001F Ebp=303F8F0 Esp=303F8D4 Eip=77B319E1

ADDR: 77B319E9 CODE: 7412 jz 0x77b319fd
Eax=8001F Ebx=40 Ecx=FFFF8000 Edx=0 Edi=0 Esi=9001F Ebp=303F8F0 Esp=303F8D4 Eip=77B319E9

ADDR: 77AD94A4 CODE: 7458 jz 0x77ad94fe
Eax=BEA71F01 Ebx=2E95000 Ecx=14 Edx=0 Edi=2 Esi=77915A70 Ebp=303F918 Esp=303F900 Eip=77AD94A4

ADDR: 77C98DEB CODE: 730a jae 0x77c98df7
Eax=EF22B4E Ebx=2E95000 Ecx=77915A70 Edx=404000 Edi=2 Esi=77915A70 Ebp=303F918 Esp=303F8F4 Eip=77C98DEB

ADDR: 77C909B7 CODE: 747f jz 0x77c90a38
Eax=2 Ebx=2E98FB4 Ecx=77915A70 Edx=2E98FB4 Edi=2 Esi=77915A70 Ebp=303F8CC Esp=303F8C0 Eip=77C909B7

ADDR: 77C909BE CODE: 7378 jae 0x77c90a38
Eax=2 Ebx=2E98FB4 Ecx=77915A70 Edx=2E98FB4 Edi=2 Esi=77915A70 Ebp=303F8CC Esp=303F8C0 Eip=77C909BE

ADDR: 77915A83 CODE: 790d jns 0x77915a92
Eax=0 Ebx=2E95000 Ecx=33DA3C8 Edx=0 Edi=2 Esi=77915A70 Ebp=303F8F0 Esp=303F8F0 Eip=77915A83

ADDR: 77AD95B4 CODE: 7458 jz 0x77ad960e
Eax=BEA71F01 Ebx=2E95000 Ecx=14 Edx=0 Edi=2 Esi=77915A70 Ebp=303F92C Esp=303F914 Eip=77AD95B4

ADDR: 77C98DEB CODE: 730a jae 0x77c98df7
Eax=EF22B4E Ebx=2E95000 Ecx=77915A70 Edx=404000 Edi=2 Esi=77915A70 Ebp=303F92C Esp=303F908 Eip=77C98DEB

ADDR: 77C909B7 CODE: 747f jz 0x77c90a38
Eax=2 Ebx=2E98FB4 Ecx=77915A70 Edx=2E98FB4 Edi=2 Esi=77915A70 Ebp=303F8E0 Esp=303F8D4 Eip=77C909B7

ADDR: 77C909BE CODE: 7378 jae 0x77c90a38
Eax=2 Ebx=2E98FB4 Ecx=77915A70 Edx=2E98FB4 Edi=2 Esi=77915A70 Ebp=303F8E0 Esp=303F8D4 Eip=77C909BE

ADDR: 77915A83 CODE: 790d jns 0x77915a92
Eax=0 Ebx=2E95000 Ecx=33DA3C8 Edx=0 Edi=2 Esi=77915A70 Ebp=303F904 Esp=303F904 Eip=77915A83

ADDR: 77C98DEB CODE: 730a jae 0x77c98df7
Eax=EF5EB74 Ebx=2E95000 Ecx=77AF5BA0 Edx=111001 Edi=77AF5BA0 Esi=0 Ebp=303F96C Esp=303F92C Eip=77C98DEB

ADDR: 77AD90DC CODE: 7454 jz 0x77ad9132
Eax=13A71F14 Ebx=2E95000 Ecx=14 Edx=111001 Edi=2 Esi=779000A0 Ebp=303F928 Esp=303F908 Eip=77AD90DC

ADDR: 77C98DEB CODE: 730a jae 0x77c98df7
Eax=EF20014 Ebx=2E95000 Ecx=779000A0 Edx=104000 Edi=2 Esi=779000A0 Ebp=303F928 Esp=303F900 Eip=77C98DEB

ADDR: 77C8C686 CODE: 743c jz 0x77c8c6c4
Eax=2 Ebx=2E95000 Ecx=33DA3C0 Edx=104000 Edi=2 Esi=2E98000 Ebp=303F8E4 Esp=303F8E4 Eip=77C8C686

ADDR: 77C8C68D CODE: 7335 jae 0x77c8c6c4
Eax=2 Ebx=2E95000 Ecx=33DA3C0 Edx=104000 Edi=2 Esi=2E98000 Ebp=303F8E4 Esp=303F8E4 Eip=77C8C68D

ADDR: 77C8C6AC CODE: 740c jz 0x77c8c6ba
Eax=33DCAA0 Ebx=2E95000 Ecx=33DA3C0 Edx=0 Edi=2 Esi=2 Ebp=303F8E4 Esp=303F8E0 Eip=77C8C6AC

ADDR: 77C8C6B4 CODE: 7404 jz 0x77c8c6ba
Eax=33DCAAC Ebx=2E95000 Ecx=33DA3C0 Edx=0 Edi=2 Esi=2 Ebp=303F8E4 Esp=303F8E0 Eip=77C8C6B4

ADDR: 779000BD CODE: 791c jns 0x779000db
Eax=0 Ebx=2E95000 Ecx=303F8F8 Edx=0 Edi=2 Esi=2E98000 Ebp=303F8FC Esp=303F8F4 Eip=779000BD

ADDR: 77AF5BCB CODE: 7427 jz 0x77af5bf4
Eax=1 Ebx=2E95000 Ecx=3 Edx=0 Edi=0 Esi=0 Ebp=303F928 Esp=303F914 Eip=77AF5BCB

ADDR: 77AD90DC CODE: 7454 jz 0x77ad9132
Eax=13A71F14 Ebx=2E95000 Ecx=14 Edx=0 Edi=3 Esi=779000A0 Ebp=303F928 Esp=303F908 Eip=77AD90DC

ADDR: 77C98DEB CODE: 730a jae 0x77c98df7
Eax=EF20014 Ebx=2E95000 Ecx=779000A0 Edx=104000 Edi=3 Esi=779000A0 Ebp=303F928 Esp=303F900 Eip=77C98DEB

ADDR: 77C8C686 CODE: 743c jz 0x77c8c6c4
Eax=3 Ebx=2E95000 Ecx=33DA3C0 Edx=104000 Edi=3 Esi=2E98000 Ebp=303F8E4 Esp=303F8E4 Eip=77C8C686

ADDR: 77C8C68D CODE: 7335 jae 0x77c8c6c4
Eax=3 Ebx=2E95000 Ecx=33DA3C0 Edx=104000 Edi=3 Esi=2E98000 Ebp=303F8E4 Esp=303F8E4 Eip=77C8C68D

ADDR: 77C8C6AC CODE: 740c jz 0x77c8c6ba
Eax=33DCAA0 Ebx=2E95000 Ecx=33DA3C0 Edx=0 Edi=3 Esi=3 Ebp=303F8E4 Esp=303F8E0 Eip=77C8C6AC

ADDR: 77C8C6B4 CODE: 7404 jz 0x77c8c6ba
Eax=33DCAB0 Ebx=2E95000 Ecx=33DA3C0 Edx=0 Edi=3 Esi=3 Ebp=303F8E4 Esp=303F8E0 Eip=77C8C6B4

ADDR: 779000BD CODE: 791c jns 0x779000db
Eax=0 Ebx=2E95000 Ecx=303F8F8 Edx=0 Edi=3 Esi=2E98000 Ebp=303F8FC Esp=303F8F4 Eip=779000BD

ADDR: 77AF5BD4 CODE: 7418 jz 0x77af5bee
Eax=33DCAF0 Ebx=2E95000 Ecx=303F8F8 Edx=0 Edi=0 Esi=0 Ebp=303F928 Esp=303F914 Eip=77AF5BD4

ADDR: 77AF5BE6 CODE: 0f8494010000 jz 0x77af5d80
Eax=2E98000 Ebx=33DCE54 Ecx=DA56165 Edx=0 Edi=0 Esi=0 Ebp=303F928 Esp=303F914 Eip=77AF5BE6

ADDR: 77AF5C7B CODE: 0f84f0000000 jz 0x77af5d71
Eax=1 Ebx=33DCE54 Ecx=1 Edx=0 Edi=0 Esi=0 Ebp=303F928 Esp=303F914 Eip=77AF5C7B

ADDR: 77AF5C83 CODE: 0f84ef000000 jz 0x77af5d78
Eax=1 Ebx=33DCE54 Ecx=1 Edx=0 Edi=0 Esi=0 Ebp=303F928 Esp=303F914 Eip=77AF5C83

ADDR: 77AD94A4 CODE: 7458 jz 0x77ad94fe
Eax=BEA71F01 Ebx=2E95000 Ecx=14 Edx=0 Edi=2 Esi=77915A70 Ebp=303F928 Esp=303F910 Eip=77AD94A4

ADDR: 77C98DEB CODE: 730a jae 0x77c98df7
Eax=EF22B4E Ebx=2E95000 Ecx=77915A70 Edx=404000 Edi=2 Esi=77915A70 Ebp=303F928 Esp=303F904 Eip=77C98DEB

ADDR: 77C909B7 CODE: 747f jz 0x77c90a38
Eax=2 Ebx=2E98FB4 Ecx=77915A70 Edx=2E98FB4 Edi=2 Esi=77915A70 Ebp=303F8DC Esp=303F8D0 Eip=77C909B7

ADDR: 77C909BE CODE: 7378 jae 0x77c90a38
Eax=2 Ebx=2E98FB4 Ecx=77915A70 Edx=2E98FB4 Edi=2 Esi=77915A70 Ebp=303F8DC Esp=303F8D0 Eip=77C909BE

ADDR: 77915A83 CODE: 790d jns 0x77915a92
Eax=0 Ebx=2E95000 Ecx=33DA3C8 Edx=0 Edi=2 Esi=77915A70 Ebp=303F900 Esp=303F900 Eip=77915A83

ADDR: C92ABB CODE: 7405 jz 0xc92ac2
Eax=1 Ebx=2E95000 Ecx=0 Edx=0 Edi=C71600 Esi=C92A40 Ebp=303F984 Esp=303F978 Eip=C92ABB

ADDR: 77AD95B4 CODE: 7458 jz 0x77ad960e
Eax=BEA71F01 Ebx=2E95000 Ecx=14 Edx=0 Edi=2 Esi=77915A70 Ebp=303F938 Esp=303F920 Eip=77AD95B4

ADDR: 77C98DEB CODE: 730a jae 0x77c98df7
Eax=EF22B4E Ebx=2E95000 Ecx=77915A70 Edx=404000 Edi=2 Esi=77915A70 Ebp=303F938 Esp=303F914 Eip=77C98DEB

ADDR: 77C909B7 CODE: 747f jz 0x77c90a38
Eax=2 Ebx=2E98FB4 Ecx=77915A70 Edx=2E98FB4 Edi=2 Esi=77915A70 Ebp=303F8EC Esp=303F8E0 Eip=77C909B7

ADDR: 77C909BE CODE: 7378 jae 0x77c90a38
Eax=2 Ebx=2E98FB4 Ecx=77915A70 Edx=2E98FB4 Edi=2 Esi=77915A70 Ebp=303F8EC Esp=303F8E0 Eip=77C909BE

ADDR: 77915A83 CODE: 790d jns 0x77915a92
Eax=0 Ebx=2E95000 Ecx=33DA3C8 Edx=0 Edi=2 Esi=77915A70 Ebp=303F910 Esp=303F910 Eip=77915A83

ADDR: 77C98DEB CODE: 730a jae 0x77c98df7
Eax=EF5DB92 Ebx=2E95000 Ecx=77AEDC90 Edx=40000 Edi=C71600 Esi=77AEDC90 Ebp=303F970 Esp=303F93C Eip=77C98DEB

ADDR: 77AD90DC CODE: 7454 jz 0x77ad9132
Eax=13A71F14 Ebx=2E95000 Ecx=14 Edx=40000 Edi=2 Esi=779000A0 Ebp=303F938 Esp=303F910 Eip=77AD90DC

ADDR: 77C98DEB CODE: 730a jae 0x77c98df7
Eax=EF20014 Ebx=2E95000 Ecx=779000A0 Edx=104000 Edi=2 Esi=779000A0 Ebp=303F938 Esp=303F908 Eip=77C98DEB

ADDR: 77C8C686 CODE: 743c jz 0x77c8c6c4
Eax=2 Ebx=2E95000 Ecx=33DA3C0 Edx=104000 Edi=2 Esi=2E98000 Ebp=303F8EC Esp=303F8EC Eip=77C8C686

ADDR: 77C8C68D CODE: 7335 jae 0x77c8c6c4
Eax=2 Ebx=2E95000 Ecx=33DA3C0 Edx=104000 Edi=2 Esi=2E98000 Ebp=303F8EC Esp=303F8EC Eip=77C8C68D

ADDR: 77C8C6AC CODE: 740c jz 0x77c8c6ba
Eax=33DCAA0 Ebx=2E95000 Ecx=33DA3C0 Edx=0 Edi=2 Esi=2 Ebp=303F8EC Esp=303F8E8 Eip=77C8C6AC

ADDR: 77C8C6B4 CODE: 7404 jz 0x77c8c6ba
Eax=33DCAAC Ebx=2E95000 Ecx=33DA3C0 Edx=0 Edi=2 Esi=2 Ebp=303F8EC Esp=303F8E8 Eip=77C8C6B4

ADDR: 779000BD CODE: 791c jns 0x779000db
Eax=0 Ebx=2E95000 Ecx=303F900 Edx=0 Edi=2 Esi=2E98000 Ebp=303F904 Esp=303F8FC Eip=779000BD

ADDR: 77AEDCB4 CODE: 7404 jz 0x77aedcba
Eax=77BB5AD4 Ebx=2E95000 Ecx=DA56165 Edx=0 Edi=C71600 Esi=0 Ebp=303F938 Esp=303F928 Eip=77AEDCB4

ADDR: 77C4E69A CODE: 7315 jae 0x77c4e6b1
Eax=77D28764 Ebx=2E95000 Ecx=77D28760 Edx=2E98000 Edi=C71600 Esi=33D5DC8 Ebp=303F8F4 Esp=303F8F0 Eip=77C4E69A

ADDR: 77C44CFF CODE: 0f8426e60500 jz 0x77ca332b
Eax=2E95000 Ebx=33D0B70 Ecx=77D20000 Edx=33D23BC Edi=C71600 Esi=33D0000 Ebp=303F8F0 Esp=303F8E8 Eip=77C44CFF

ADDR: 77C44D11 CODE: 0f842be60500 jz 0x77ca3342
Eax=2E95000 Ebx=33D0B70 Ecx=33D0000 Edx=186E Edi=C71600 Esi=33D0000 Ebp=303F8F0 Esp=303F8E8 Eip=77C44D11

ADDR: 77C44E6C CODE: 760c jbe 0x77c44e7a
Eax=0 Ebx=33D0000 Ecx=180000 Edx=186E Edi=186E Esi=33D0000 Ebp=303F8D8 Esp=303F860 Eip=77C44E6C

ADDR: 77C44E9D CODE: 742b jz 0x77c44eca
Eax=0 Ebx=33D0000 Ecx=0 Edx=0 Edi=186E Esi=33D0000 Ebp=303F8D8 Esp=303F860 Eip=77C44E9D

ADDR: 77C44ED5 CODE: 7445 jz 0x77c44f1c
Eax=0 Ebx=33D0000 Ecx=180000 Edx=0 Edi=186E Esi=0 Ebp=303F8D8 Esp=303F860 Eip=77C44ED5

ADDR: 77C44F4B CODE: 0f87f5090000 ja 0x77c45946
Eax=186E Ebx=33D0000 Ecx=180000 Edx=30F Edi=186E Esi=1878 Ebp=303F8D8 Esp=303F860 Eip=77C44F4B

ADDR: 77C44F6F CODE: 0f84ce090000 jz 0x77c45943
Eax=80 Ebx=33D0000 Ecx=7 Edx=300 Edi=186E Esi=1878 Ebp=303F8D8 Esp=303F860 Eip=77C44F6F

ADDR: 77C4594F CODE: 7211 jb 0x77c45962
Eax=33D0270 Ebx=33D0000 Ecx=7 Edx=30F Edi=186E Esi=1878 Ebp=303F8D8 Esp=303F860 Eip=77C4594F

ADDR: 77C45955 CODE: 0f8495030000 jz 0x77c45cf0
Eax=33D0270 Ebx=33D0000 Ecx=33D36A0 Edx=30F Edi=186E Esi=1878 Ebp=303F8D8 Esp=303F860 Eip=77C45955

ADDR: 77C45960 CODE: 73ef jae 0x77c45951
Eax=33D36A0 Ebx=33D0000 Ecx=33D36A0 Edx=30F Edi=186E Esi=1878 Ebp=303F8D8 Esp=303F860 Eip=77C45960

ADDR: 77C45967 CODE: 0f838c030000 jae 0x77c45cf9
Eax=33D36A0 Ebx=33D0000 Ecx=30F Edx=30F Edi=186E Esi=1878 Ebp=303F8D8 Esp=303F860 Eip=77C45967

ADDR: 77C4597C CODE: 7402 jz 0x77c45980
Eax=33D36A0 Ebx=33D0000 Ecx=30F Edx=28F Edi=186E Esi=1878 Ebp=303F8D8 Esp=303F860 Eip=77C4597C

ADDR: 77C45F44 CODE: 7329 jae 0x77c45f6f
Eax=303F838 Ebx=180002 Ecx=33D0000 Edx=180002 Edi=33D0000 Esi=30F Ebp=303F848 Esp=303F6C8 Eip=77C45F44

ADDR: 77C45F53 CODE: 730c jae 0x77c45f61
Eax=303F838 Ebx=180002 Ecx=33D0001 Edx=30F Edi=33D0000 Esi=30F Ebp=303F848 Esp=303F6C8 Eip=77C45F53

ADDR: 77C46022 CODE: 7415 jz 0x77c46039
Eax=303F8A8 Ebx=0 Ecx=33D0001 Edx=30F Edi=33D0000 Esi=30F Ebp=303F848 Esp=303F6C8 Eip=77C46022

ADDR: 77C63F37 CODE: 7316 jae 0x77c63f4f
Eax=33D0258 Ebx=0 Ecx=33D025C Edx=2E98000 Edi=33D0000 Esi=30F Ebp=303F6BC Esp=303F6BC Eip=77C63F37

ADDR: 77C460CB CODE: 7407 jz 0x77c460d4
Eax=1 Ebx=0 Ecx=7F38 Edx=2E98000 Edi=33D0000 Esi=30F Ebp=303F848 Esp=303F6C8 Eip=77C460CB

ADDR: 77C460DA CODE: 0f8739170000 ja 0x77c47819
Eax=1 Ebx=0 Ecx=7F38 Edx=30F Edi=33D0000 Esi=30F Ebp=303F848 Esp=303F6C8 Eip=77C460DA

ADDR: 77C460F4 CODE: 723a jb 0x77c46130
Eax=186E Ebx=0 Ecx=7F38 Edx=30F Edi=33D0000 Esi=30F Ebp=303F848 Esp=303F6C8 Eip=77C460F4

ADDR: 77C46136 CODE: 0f87d5000000 ja 0x77c46211
Eax=186E Ebx=0 Ecx=7F38 Edx=30F Edi=33D0000 Esi=30F Ebp=303F848 Esp=303F6C8 Eip=77C46136

ADDR: 77C46188 CODE: 7716 ja 0x77c461a0
Eax=33D2601 Ebx=7 Ecx=61 Edx=300 Edi=33D0000 Esi=33D2CAE Ebp=303F848 Esp=303F6C8 Eip=77C46188

ADDR: 77C46192 CODE: 770c ja 0x77c461a0
Eax=FF00 Ebx=7 Ecx=61 Edx=300 Edi=33D0000 Esi=33D2CAE Ebp=303F848 Esp=303F6C8 Eip=77C46192

ADDR: 77C46216 CODE: 0f844f020000 jz 0x77c4646b
Eax=FF00 Ebx=7 Ecx=61 Edx=30F Edi=33D0000 Esi=33D41F0 Ebp=303F848 Esp=303F6C8 Eip=77C46216

ADDR: 77C46220 CODE: 0f8445020000 jz 0x77c4646b
Eax=FF00 Ebx=7 Ecx=61 Edx=30F Edi=33D0000 Esi=0 Ebp=303F848 Esp=303F6C8 Eip=77C46220

ADDR: 77C46485 CODE: 7304 jae 0x77c4648b
Eax=33D00C0 Ebx=7 Ecx=80 Edx=30F Edi=33D0000 Esi=33D0270 Ebp=303F848 Esp=303F6C8 Eip=77C46485

ADDR: 77C46485 CODE: 7304 jae 0x77c4648b
Eax=33D36A0 Ebx=7 Ecx=800 Edx=30F Edi=33D0000 Esi=33D36A0 Ebp=303F848 Esp=303F6C8 Eip=77C46485

ADDR: 77C464D3 CODE: 7438 jz 0x77c4650d
Eax=33E4DC0 Ebx=30FB8CF8 Ecx=800 Edx=33D00C0 Edi=33D0000 Esi=33D36A0 Ebp=303F848 Esp=303F6C8 Eip=77C464D3

ADDR: 77C464F3 CODE: 7418 jz 0x77c4650d
Eax=46 Ebx=46000244 Ecx=4646 Edx=33D00C0 Edi=33D0000 Esi=33D36A0 Ebp=303F848 Esp=303F6C8 Eip=77C464F3

ADDR: 77C4651D CODE: 7e07 jle 0x77c46526
Eax=244 Ebx=46000244 Ecx=CB Edx=33D00C0 Edi=33D0000 Esi=33D36A0 Ebp=303F848 Esp=303F6C8 Eip=77C4651D

ADDR: 77C466E0 CODE: 0f841c110000 jz 0x77c47802
Eax=33D00C0 Ebx=46000244 Ecx=CB Edx=33D00C0 Edi=33D0000 Esi=33D36A0 Ebp=303F848 Esp=303F6C8 Eip=77C466E0

ADDR: 77C466F2 CODE: 0f844d020000 jz 0x77c46945
Eax=33D00C0 Ebx=46000244 Ecx=CB Edx=33D00C0 Edi=33D0000 Esi=33D36A0 Ebp=303F848 Esp=303F6C8 Eip=77C466F2

ADDR: 77C57EAD CODE: 0f8db7dd0400 jge 0x77ca5c6a
Eax=2000 Ebx=0 Ecx=33D0000 Edx=2000 Edi=33D0000 Esi=2000 Ebp=303F690 Esp=303F658 Eip=77C57EAD

ADDR: 77C57ED6 CODE: 73f7 jae 0x77c57ecf
Eax=33E5FE8 Ebx=0 Ecx=33D008C Edx=0 Edi=33D0000 Esi=2000 Ebp=303F690 Esp=303F658 Eip=77C57ED6

ADDR: 77C57A90 CODE: 0f845f020000 jz 0x77c57cf5
Eax=33E5FE8 Ebx=0 Ecx=33D0000 Edx=33E5FE8 Edi=33D0000 Esi=33D008C Ebp=303F690 Esp=303F668 Eip=77C57A90

ADDR: 77C57AA0 CODE: 0f8dc5de0400 jge 0x77ca596b
Eax=33E5FE8 Ebx=0 Ecx=33D0000 Edx=33E5FE8 Edi=33D0000 Esi=303F6B4 Ebp=303F690 Esp=303F668 Eip=77C57AA0

ADDR: 77C57AE1 CODE: 0f8612020000 jbe 0x77c57cf9
Eax=4000 Ebx=33E5FE0 Ecx=E7000 Edx=E9000 Edi=33D0000 Esi=303F6B4 Ebp=303F690 Esp=303F668 Eip=77C57AE1

ADDR: 77C58CB1 CODE: 0f84d30a0400 jz 0x77c9978a
Eax=4000 Ebx=33E5FE0 Ecx=33D0000 Edx=4 Edi=33D0000 Esi=4 Ebp=303F660 Esp=303F638 Eip=77C58CB1

ADDR: 77C57B24 CODE: 0f84bade0400 jz 0x77ca59e4
Eax=1 Ebx=33E5FE0 Ecx=2000 Edx=77D2910C Edi=33D0000 Esi=303F6B4 Ebp=303F690 Esp=303F668 Eip=77C57B24

ADDR: 77C5A7B4 CODE: 0f8432bc0400 jz 0x77ca63ec
Eax=1 Ebx=33ECCC0 Ecx=EA68ACD Edx=2E98000 Edi=0 Esi=33D0000 Ebp=303EBB0 Esp=303EBA0 Eip=77C5A7B4

ADDR: 77C5A7C1 CODE: 0f843bbc0400 jz 0x77ca6402
Eax=1 Ebx=33ECCC0 Ecx=EA68ACD Edx=2E98000 Edi=0 Esi=33D0000 Ebp=303EBB0 Esp=303EBA0 Eip=77C5A7C1

ADDR: 77C5A7E6 CODE: 7445 jz 0x77c5a82d
Eax=1 Ebx=33ECCC0 Ecx=EA68ACD Edx=1 Edi=0 Esi=33D0000 Ebp=303EBB0 Esp=303EBA0 Eip=77C5A7E6

ADDR: 77C5A7FF CODE: 0f8483bc0400 jz 0x77ca6488
Eax=1 Ebx=33ECCC0 Ecx=33ECCB8 Edx=1 Edi=0 Esi=33D0000 Ebp=303EBB0 Esp=303EBA0 Eip=77C5A7FF

ADDR: 77C5A80A CODE: 0f84a4bc0400 jz 0x77ca64b4
Eax=C Ebx=33ECCC0 Ecx=33ECCB8 Edx=1 Edi=0 Esi=33D0000 Ebp=303EBB0 Esp=303EBA0 Eip=77C5A80A

ADDR: 77C5A812 CODE: 783f js 0x77c5a853
Eax=C Ebx=33ECCC0 Ecx=33ECCB8 Edx=1 Edi=0 Esi=33D0000 Ebp=303EBB0 Esp=303EBA0 Eip=77C5A812

ADDR: 77C5A818 CODE: 0f8490000000 jz 0x77c5a8ae
Eax=C Ebx=33ECCC0 Ecx=33ECCB8 Edx=1 Edi=0 Esi=33D0000 Ebp=303EBB0 Esp=303EBA0 Eip=77C5A818

ADDR: 77C5A823 CODE: 7403 jz 0x77c5a828
Eax=BFA8CC2 Ebx=33ECCC0 Ecx=33ECCB8 Edx=1 Edi=0 Esi=33D0000 Ebp=303EBB0 Esp=303EBA0 Eip=77C5A823

ADDR: 77C5A879 CODE: 0f845abc0400 jz 0x77ca64d9
Eax=27E Ebx=33ECCC0 Ecx=33ECCB8 Edx=C Edi=27E Esi=33D0000 Ebp=303EBB0 Esp=303EBA0 Eip=77C5A879

ADDR: 77C5A88E CODE: 0f8464bc0400 jz 0x77ca64f8
Eax=20C Ebx=33ECCC0 Ecx=33ECCB8 Edx=C Edi=27E Esi=33D0000 Ebp=303EBB0 Esp=303EBA0 Eip=77C5A88E

ADDR: 76717201 CODE: 7493 jz 0x76717196
Eax=13E4 Ebx=33ECCC0 Ecx=C Edx=13E4 Edi=0 Esi=1 Ebp=303EBFC Esp=303EBC4 Eip=76717201

ADDR: 77C49628 CODE: 7416 jz 0x77c49640
Eax=13E4 Ebx=33ECCC0 Ecx=C Edx=13E4 Edi=0 Esi=33D0000 Ebp=303EBB4 Esp=303EBB0 Eip=77C49628

ADDR: 77C49647 CODE: 747a jz 0x77c496c3
Eax=13E4 Ebx=33ECCC0 Ecx=C Edx=13E4 Edi=0 Esi=33D0000 Ebp=303EBB4 Esp=303EBB0 Eip=77C49647

ADDR: 77C47B53 CODE: 746e jz 0x77c47bc3
Eax=FFFFFFFE Ebx=33D0258 Ecx=FFFFFFFF Edx=13E4 Edi=33D025C Esi=FFFFFFFE Ebp=303EBA4 Esp=303EB90 Eip=77C47B53

ADDR: 77C496EB CODE: 7415 jz 0x77c49702
Eax=0 Ebx=33ECCC0 Ecx=FFFFFFFF Edx=13E4 Edi=0 Esi=33D0000 Ebp=303EBB4 Esp=303EBB0 Eip=77C496EB

ADDR: 77C4970A CODE: 7416 jz 0x77c49722
Eax=7FFE0380 Ebx=33ECCC0 Ecx=FFFFFFFF Edx=13E4 Edi=0 Esi=33D0000 Ebp=303EBB4 Esp=303EBB0 Eip=77C4970A

ADDR: 767171A9 CODE: 0f84d8700100 jz 0x7672e287
Eax=7FFE0301 Ebx=33ECCC0 Ecx=FFFFFFFF Edx=13E4 Edi=0 Esi=1 Ebp=303EBFC Esp=303EBC4 Eip=767171A9

ADDR: C8270A CODE: 7466 jz 0xc82772
Eax=13E4 Ebx=33ECCC0 Ecx=B8A9ACB8 Edx=13E4 Edi=33D6312 Esi=9F2 Ebp=303EC18 Esp=303EC08 Eip=C8270A

ADDR: 77C98DEB CODE: 730a jae 0x77c98df7
Eax=EF1FB80 Ebx=33ECCC0 Ecx=778FDC00 Edx=1 Edi=C71398 Esi=778FDC00 Ebp=303EBF0 Esp=303EBD4 Eip=77C98DEB

ADDR: 778FDC1C CODE: 0f84be000000 jz 0x778fdce0
Eax=EF1FB80 Ebx=33ECCC0 Ecx=778FDC00 Edx=0 Edi=C71398 Esi=C000000D Ebp=303EBD0 Esp=303EBBC Eip=778FDC1C

ADDR: 778FDC25 CODE: 0f84a4000000 jz 0x778fdccf
Eax=EF1FB80 Ebx=33ECCC0 Ecx=778FDC00 Edx=0 Edi=C71398 Esi=C000000D Ebp=303EBD0 Esp=303EBBC Eip=778FDC25

ADDR: 77C64E5A CODE: 0f84894f0400 jz 0x77ca9de9
Eax=0 Ebx=C70000 Ecx=0 Edx=1 Edi=0 Esi=0 Ebp=303EB90 Esp=303EB28 Eip=77C64E5A

ADDR: 77C64E63 CODE: 0f84804f0400 jz 0x77ca9de9
Eax=0 Ebx=C70000 Ecx=0 Edx=1 Edi=0 Esi=0 Ebp=303EB90 Esp=303EB28 Eip=77C64E63

ADDR: 77C64E78 CODE: 7410 jz 0x77c64e8a
Eax=0 Ebx=C70000 Ecx=0 Edx=1 Edi=0 Esi=0 Ebp=303EB90 Esp=303EB28 Eip=77C64E78

ADDR: 77C64E90 CODE: 0f87344f0400 ja 0x77ca9dca
Eax=0 Ebx=C70000 Ecx=0 Edx=1 Edi=0 Esi=0 Ebp=303EB90 Esp=303EB28 Eip=77C64E90

ADDR: 77C64EB5 CODE: 0f8491000000 jz 0x77c64f4c
Eax=1 Ebx=C70000 Ecx=0 Edx=1 Edi=1 Esi=0 Ebp=303EB90 Esp=303EB28 Eip=77C64EB5

ADDR: 77C4BD93 CODE: 7309 jae 0x77c4bd9e
Eax=303EB40 Ebx=1 Ecx=4 Edx=303EB64 Edi=303EB64 Esi=0 Ebp=303EB14 Esp=303EA3C Eip=77C4BD93

ADDR: 77C4BDA1 CODE: 0f87ed0b0000 ja 0x77c4c994
Eax=303EB40 Ebx=1 Ecx=4 Edx=303EB64 Edi=303EB64 Esi=0 Ebp=303EB14 Esp=303EA3C Eip=77C4BDA1

ADDR: 77C4BDAC CODE: 7409 jz 0x77c4bdb7
Eax=1 Ebx=1 Ecx=4 Edx=303EB64 Edi=303EB64 Esi=0 Ebp=303EB14 Esp=303EA3C Eip=77C4BDAC

ADDR: 77C4BDBE CODE: 0f84d00b0000 jz 0x77c4c994
Eax=1 Ebx=1 Ecx=4 Edx=303EB64 Edi=303EB64 Esi=0 Ebp=303EB14 Esp=303EA3C Eip=77C4BDBE

ADDR: 77C4BDE3 CODE: 7473 jz 0x77c4be58
Eax=FFFFFFFE Ebx=1 Ecx=3 Edx=303EB64 Edi=303EB64 Esi=0 Ebp=303EB14 Esp=303EA3C Eip=77C4BDE3

ADDR: 77C4BDEB CODE: 776b ja 0x77c4be58
Eax=2 Ebx=1 Ecx=3 Edx=303EB64 Edi=303EB64 Esi=0 Ebp=303EB14 Esp=303EA3C Eip=77C4BDEB

ADDR: 77C4BE03 CODE: 7426 jz 0x77c4be2b
Eax=6 Ebx=1 Ecx=3 Edx=303EB64 Edi=303EB64 Esi=0 Ebp=303EB14 Esp=303EA3C Eip=77C4BE03

ADDR: 77C4BE08 CODE: 7421 jz 0x77c4be2b
Eax=6 Ebx=1 Ecx=3 Edx=303EB64 Edi=303EB64 Esi=0 Ebp=303EB14 Esp=303EA3C Eip=77C4BE08

ADDR: 77C4BE0F CODE: 0f843e010000 jz 0x77c4bf53
Eax=6 Ebx=1 Ecx=3 Edx=303EB64 Edi=303EB64 Esi=0 Ebp=303EB14 Esp=303EA3C Eip=77C4BE0F

ADDR: 77C4CB28 CODE: 0f840a020000 jz 0x77c4cd38
Eax=8 Ebx=0 Ecx=C70000 Edx=0 Edi=0 Esi=0 Ebp=303EA2C Esp=303E9EC Eip=77C4CB28

ADDR: 77C4CB3B CODE: 7409 jz 0x77c4cb46
Eax=8 Ebx=0 Ecx=C70000 Edx=0 Edi=0 Esi=0 Ebp=303EA2C Esp=303E9EC Eip=77C4CB3B

ADDR: 77C4DA4F CODE: 0f84636a0500 jz 0x77ca44b8
Eax=303E9C0 Ebx=0 Ecx=0 Edx=303EA04 Edi=0 Esi=0 Ebp=303E9D0 Esp=303E99C Eip=77C4DA4F

ADDR: 77C4DA6B CODE: 0f84476a0500 jz 0x77ca44b8
Eax=C70000 Ebx=1 Ecx=0 Edx=303EA04 Edi=0 Esi=0 Ebp=303E9D0 Esp=303E99C Eip=77C4DA6B

ADDR: 77C4DA74 CODE: 0f843e6a0500 jz 0x77ca44b8
Eax=C70000 Ebx=1 Ecx=0 Edx=303EA04 Edi=0 Esi=0 Ebp=303E9D0 Esp=303E99C Eip=77C4DA74

ADDR: 77C4DA80 CODE: 746b jz 0x77c4daed
Eax=C70000 Ebx=1 Ecx=0 Edx=303EA04 Edi=0 Esi=0 Ebp=303E9D0 Esp=303E99C Eip=77C4DA80

ADDR: 77C4DAA5 CODE: 0f83b9690500 jae 0x77ca4464
Eax=C70000 Ebx=0 Ecx=100 Edx=5A4D Edi=0 Esi=0 Ebp=303E9D0 Esp=303E99C Eip=77C4DAA5

ADDR: 77C4DAB2 CODE: 0f82bc690500 jb 0x77ca4474
Eax=C70000 Ebx=0 Ecx=C70100 Edx=5A4D Edi=0 Esi=0 Ebp=303E9D0 Esp=303E99C Eip=77C4DAB2

ADDR: 77C4DAD5 CODE: 7802 js 0x77c4dad9
Eax=0 Ebx=0 Ecx=C70100 Edx=303EA04 Edi=0 Esi=0 Ebp=303E9D0 Esp=303E99C Eip=77C4DAD5

ADDR: 77C4CB5F CODE: 0f84d3010000 jz 0x77c4cd38
Eax=0 Ebx=0 Ecx=EA688B5 Edx=303EA04 Edi=0 Esi=0 Ebp=303EA2C Esp=303E9EC Eip=77C4CB5F

ADDR: 77C4CB6A CODE: 7402 jz 0x77c4cb6e
Eax=0 Ebx=0 Ecx=EA688B5 Edx=303EA04 Edi=0 Esi=0 Ebp=303EA2C Esp=303E9EC Eip=77C4CB6A

ADDR: 77C4DC4C CODE: 0f84d9010000 jz 0x77c4de2b
Eax=0 Ebx=0 Ecx=0 Edx=303EA04 Edi=77D29440 Esi=0 Ebp=303E9E0 Esp=303E990 Eip=77C4DC4C

ADDR: 77C4CB92 CODE: 782c js 0x77c4cbc0
Eax=0 Ebx=0 Ecx=33E1BF8 Edx=0 Edi=0 Esi=0 Ebp=303EA2C Esp=303E9EC Eip=77C4CB92

ADDR: 77C4CBB9 CODE: 7435 jz 0x77c4cbf0
Eax=51C92 Ebx=0 Ecx=0 Edx=0 Edi=0 Esi=0 Ebp=303EA2C Esp=303E9EC Eip=77C4CBB9

ADDR: 77C4CBF5 CODE: 7431 jz 0x77c4cc28
Eax=8 Ebx=0 Ecx=0 Edx=0 Edi=0 Esi=0 Ebp=303EA2C Esp=303E9EC Eip=77C4CBF5

ADDR: 77C4CBFF CODE: 745d jz 0x77c4cc5e
Eax=33E1BF8 Ebx=0 Ecx=0 Edx=0 Edi=0 Esi=0 Ebp=303EA2C Esp=303E9EC Eip=77C4CBFF

ADDR: 77C4CC0E CODE: 74b0 jz 0x77c4cbc0
Eax=33E1BF8 Ebx=0 Ecx=0 Edx=0 Edi=CB9090 Esi=0 Ebp=303EA2C Esp=303E9EC Eip=77C4CC0E

ADDR: 77C4CC12 CODE: 74ac jz 0x77c4cbc0
Eax=33E1BF8 Ebx=0 Ecx=0 Edx=0 Edi=CB9090 Esi=0 Ebp=303EA2C Esp=303E9EC Eip=77C4CC12

ADDR: 77C4CC1A CODE: 74a4 jz 0x77c4cbc0
Eax=33E1BF8 Ebx=0 Ecx=0 Edx=0 Edi=CB9090 Esi=0 Ebp=303EA2C Esp=303E9EC Eip=77C4CC1A

ADDR: 77C4CC82 CODE: 0f84af000000 jz 0x77c4cd37
Eax=11 Ebx=0 Ecx=0 Edx=11 Edi=CB9090 Esi=77D29440 Ebp=303EA2C Esp=303E9E8 Eip=77C4CC82

ADDR: 77C4CBCE CODE: 740a jz 0x77c4cbda
Eax=11 Ebx=0 Ecx=0 Edx=11 Edi=CB9090 Esi=77D29440 Ebp=303EA2C Esp=303E9EC Eip=77C4CBCE

ADDR: 77C4BF7E CODE: 0f84d1000000 jz 0x77c4c055
Eax=CB9090 Ebx=1 Ecx=EA68B49 Edx=11 Edi=303EB64 Esi=CB9090 Ebp=303EB14 Esp=303EA3C Eip=77C4BF7E

ADDR: 77C4DFE3 CODE: 0f8435650500 jz 0x77ca451e
Eax=303EA14 Ebx=0 Ecx=EA68B49 Edx=11 Edi=303EB64 Esi=CB9090 Ebp=303EA24 Esp=303E9D4 Eip=77C4DFE3

ADDR: 77C4DFEE CODE: 0f842a650500 jz 0x77ca451e
Eax=303EA14 Ebx=0 Ecx=EA68B49 Edx=11 Edi=303EAB0 Esi=CB9090 Ebp=303EA24 Esp=303E9D4 Eip=77C4DFEE

ADDR: 77C4DFFF CODE: 0f8387000000 jae 0x77c4e08c
Eax=10000 Ebx=0 Ecx=EA68B49 Edx=11 Edi=303EAB0 Esi=CB9090 Ebp=303EA24 Esp=303E9D4 Eip=77C4DFFF

ADDR: 77C4E01C CODE: 780f js 0x77c4e02d
Eax=10000 Ebx=0 Ecx=3 Edx=CB9188 Edi=303EAB0 Esi=CB9090 Ebp=303EA24 Esp=303E9D4 Eip=77C4E01C

ADDR: 77C4E01C CODE: 780f js 0x77c4e02d
Eax=3 Ebx=0 Ecx=2 Edx=CB918C Edi=303EAB0 Esi=CB9090 Ebp=303EA24 Esp=303E9D4 Eip=77C4E01C

ADDR: 77C4E01C CODE: 780f js 0x77c4e02d
Eax=FFFFFFF8 Ebx=0 Ecx=1 Edx=CB9190 Edi=303EAB0 Esi=CB9090 Ebp=303EA24 Esp=303E9D4 Eip=77C4E01C

ADDR: 77C4E01C CODE: 780f js 0x77c4e02d
Eax=FFFFFFF6 Ebx=0 Ecx=0 Edx=CB9194 Edi=303EAB0 Esi=CB9090 Ebp=303EA24 Esp=303E9D4 Eip=77C4E01C

ADDR: 77C4E01C CODE: 780f js 0x77c4e02d
Eax=FFFFFFEE Ebx=0 Ecx=FFFFFFFF Edx=CB9198 Edi=303EAB0 Esi=CB9090 Ebp=303EA24 Esp=303E9D4 Eip=77C4E01C

ADDR: 77C4E02F CODE: 7906 jns 0x77c4e037
Eax=FFFFFFEE Ebx=0 Ecx=FFFFFFFF Edx=CB9198 Edi=303EAB0 Esi=CB9090 Ebp=303EA24 Esp=303E9D4 Eip=77C4E02F

ADDR: 77C4E04E CODE: 780f js 0x77c4e05f
Eax=FFFFFFEE Ebx=0 Ecx=4 Edx=CB91A8 Edi=303EAB0 Esi=CB9090 Ebp=303EA24 Esp=303E9D4 Eip=77C4E04E

ADDR: 77C4E04E CODE: 780f js 0x77c4e05f
Eax=2 Ebx=0 Ecx=3 Edx=CB91AC Edi=303EAB0 Esi=CB9090 Ebp=303EA24 Esp=303E9D4 Eip=77C4E04E

ADDR: 77C4E04E CODE: 780f js 0x77c4e05f
Eax=1 Ebx=0 Ecx=2 Edx=CB91B0 Edi=303EAB0 Esi=CB9090 Ebp=303EA24 Esp=303E9D4 Eip=77C4E04E

ADDR: 77C4E061 CODE: 7821 js 0x77c4e084
Eax=0 Ebx=0 Ecx=2 Edx=CB91B4 Edi=303EAB0 Esi=CB9090 Ebp=303EA24 Esp=303E9D4 Eip=77C4E061

ADDR: 77C4C02B CODE: 7907 jns 0x77c4c034
Eax=0 Ebx=1 Ecx=EA68B41 Edx=CB91B4 Edi=303EB64 Esi=CB9090 Ebp=303EB14 Esp=303EA3C Eip=77C4C02B

ADDR: 77C4C03E CODE: 7408 jz 0x77c4c048
Eax=40000 Ebx=1 Ecx=EA68B41 Edx=CB91B4 Edi=303EB64 Esi=CB9090 Ebp=303EB14 Esp=303EA3C Eip=77C4C03E

ADDR: 77C4C04C CODE: 740f jz 0x77c4c05d
Eax=40000 Ebx=1 Ecx=EA68B41 Edx=CB91B4 Edi=303EB64 Esi=CB9090 Ebp=303EB14 Esp=303EA3C Eip=77C4C04C

ADDR: 77C4C068 CODE: 0f84eafdffff jz 0x77c4be58
Eax=240000 Ebx=240001 Ecx=EA68B41 Edx=CB91B4 Edi=303EB64 Esi=CB9090 Ebp=303EB14 Esp=303EA3C Eip=77C4C068

ADDR: 77C4C089 CODE: 7205 jb 0x77c4c090
Eax=6 Ebx=240001 Ecx=3 Edx=CB91B4 Edi=303EB64 Esi=CB9090 Ebp=303EB14 Esp=303EA3C Eip=77C4C089

ADDR: 77C4AEB8 CODE: 0f84defdffff jz 0x77c4ac9c
Eax=303EAE8 Ebx=240001 Ecx=4 Edx=0 Edi=0 Esi=0 Ebp=303EA28 Esp=303E950 Eip=77C4AEB8

ADDR: 77C4ACC7 CODE: 0f84a1010000 jz 0x77c4ae6e
Eax=0 Ebx=0 Ecx=240001 Edx=0 Edi=0 Esi=1 Ebp=303EA28 Esp=303E950 Eip=77C4ACC7

ADDR: 77C4AE75 CODE: 742f jz 0x77c4aea6
Eax=0 Ebx=0 Ecx=240001 Edx=0 Edi=0 Esi=1 Ebp=303EA28 Esp=303E950 Eip=77C4AE75

ADDR: 77C4ACC7 CODE: 0f84a1010000 jz 0x77c4ae6e
Eax=1 Ebx=0 Ecx=240001 Edx=0 Edi=EEEE Esi=2 Ebp=303EA28 Esp=303E950 Eip=77C4ACC7

ADDR: 77C4ACD0 CODE: 0f84c2010000 jz 0x77c4ae98
Eax=0 Ebx=0 Ecx=240001 Edx=0 Edi=EEEE Esi=2 Ebp=303EA28 Esp=303E950 Eip=77C4ACD0

ADDR: 77C4ACC7 CODE: 0f84a1010000 jz 0x77c4ae6e
Eax=2 Ebx=0 Ecx=240001 Edx=0 Edi=EEEE Esi=3 Ebp=303EA28 Esp=303E950 Eip=77C4ACC7

ADDR: 77C4ACD0 CODE: 0f84c2010000 jz 0x77c4ae98
Eax=1 Ebx=0 Ecx=240001 Edx=0 Edi=EEEE Esi=3 Ebp=303EA28 Esp=303E950 Eip=77C4ACD0

ADDR: 77C4AA2F CODE: 0f84ad000000 jz 0x77c4aae2
Eax=2E98000 Ebx=0 Ecx=240001 Edx=0 Edi=EEEE Esi=3 Ebp=303E948 Esp=303E930 Eip=77C4AA2F

ADDR: 77C4AAA2 CODE: 7473 jz 0x77c4ab17
Eax=33E0720 Ebx=0 Ecx=33DF8B8 Edx=0 Edi=EEEE Esi=3 Ebp=303E948 Esp=303E930 Eip=77C4AAA2

ADDR: 77C4AACD CODE: 7448 jz 0x77c4ab17
Eax=0 Ebx=0 Ecx=33DF8B8 Edx=0 Edi=EEEE Esi=3 Ebp=303E948 Esp=303E930 Eip=77C4AACD

ADDR: 77C4AB25 CODE: 7902 jns 0x77c4ab29
Eax=2E98000 Ebx=0 Ecx=FFFFE000 Edx=0 Edi=EEEE Esi=3 Ebp=303E948 Esp=303E930 Eip=77C4AB25

ADDR: 77C4AB38 CODE: 7902 jns 0x77c4ab3c
Eax=2E96000 Ebx=0 Ecx=2E98000 Edx=FFFFE000 Edi=EEEE Esi=3 Ebp=303E948 Esp=303E930 Eip=77C4AB38

ADDR: 77C4AB5D CODE: 7902 jns 0x77c4ab61
Eax=2E98000 Ebx=0 Ecx=FFFFE000 Edx=FFFFE000 Edi=EEEE Esi=3 Ebp=303E948 Esp=303E930 Eip=77C4AB5D

ADDR: 77C4AB69 CODE: 0f8473ffffff jz 0x77c4aae2
Eax=1 Ebx=0 Ecx=FFFFE000 Edx=FFFFE000 Edi=EEEE Esi=3 Ebp=303E948 Esp=303E930 Eip=77C4AB69

ADDR: 77C4ACEB CODE: 0f84e4020000 jz 0x77c4afd5
Eax=1 Ebx=0 Ecx=FFFFE000 Edx=FFFFE000 Edi=EEEE Esi=3 Ebp=303EA28 Esp=303E950 Eip=77C4ACEB

ADDR: 77C4AD07 CODE: 0f83c8020000 jae 0x77c4afd5
Eax=4 Ebx=0 Ecx=0 Edx=FFFFE000 Edi=EEEE Esi=3 Ebp=303EA28 Esp=303E950 Eip=77C4AD07

ADDR: 77C7B3CA CODE: 744f jz 0x77c7b41b
Eax=303E880 Ebx=0 Ecx=303E880 Edx=AA Edi=303E960 Esi=303E95F Ebp=303E93C Esp=303E848 Eip=77C7B3CA

ADDR: 77C7B3D8 CODE: 7231 jb 0x77c7b40b
Eax=0 Ebx=0 Ecx=303E880 Edx=AA Edi=303E880 Esi=303E95F Ebp=303E93C Esp=303E844 Eip=77C7B3D8

ADDR: 77C7B3DF CODE: 740c jz 0x77c7b3ed
Eax=0 Ebx=0 Ecx=0 Edx=AA Edi=303E880 Esi=303E95F Ebp=303E93C Esp=303E844 Eip=77C7B3DF

ADDR: 77C7B403 CODE: 7406 jz 0x77c7b40b
Eax=0 Ebx=0 Ecx=2A Edx=2 Edi=303E880 Esi=303E95F Ebp=303E93C Esp=303E844 Eip=77C7B403

ADDR: 77C7B409 CODE: 740a jz 0x77c7b415
Eax=0 Ebx=0 Ecx=0 Edx=2 Edi=303E928 Esi=303E95F Ebp=303E93C Esp=303E844 Eip=77C7B409

ADDR: 77C4A943 CODE: 0f845e970500 jz 0x77ca40a7
Eax=303E880 Ebx=0 Ecx=0 Edx=33E0720 Edi=303E960 Esi=303E95F Ebp=303E93C Esp=303E858 Eip=77C4A943

ADDR: 77C4A94B CODE: 0f8456970500 jz 0x77ca40a7
Eax=303E880 Ebx=0 Ecx=0 Edx=33E0720 Edi=303E960 Esi=303E95F Ebp=303E93C Esp=303E858 Eip=77C4A94B

ADDR: 77C4A953 CODE: 0f844e970500 jz 0x77ca40a7
Eax=303E880 Ebx=0 Ecx=0 Edx=33E0720 Edi=303E960 Esi=303E95F Ebp=303E93C Esp=303E858 Eip=77C4A953

ADDR: 77C4A961 CODE: 0f8340970500 jae 0x77ca40a7
Eax=303E880 Ebx=0 Ecx=0 Edx=33E0720 Edi=303E960 Esi=303E95F Ebp=303E93C Esp=303E858 Eip=77C4A961

ADDR: 77C4A96C CODE: 0f843e960500 jz 0x77ca3fb0
Eax=303E880 Ebx=0 Ecx=0 Edx=33E0720 Edi=303E960 Esi=33DF8B8 Ebp=303E93C Esp=303E858 Eip=77C4A96C

ADDR: 77C4A999 CODE: 7464 jz 0x77c4a9ff
Eax=1 Ebx=0 Ecx=33E0758 Edx=33E0720 Edi=303E960 Esi=33DF8B8 Ebp=303E93C Esp=303E858 Eip=77C4A999

ADDR: 77C4A9BC CODE: 0f84c8960500 jz 0x77ca408a
Eax=419 Ebx=0 Ecx=1C Edx=33E0720 Edi=303E960 Esi=33DF8B8 Ebp=303E93C Esp=303E858 Eip=77C4A9BC

ADDR: 77C78923 CODE: 7315 jae 0x77c7893a
Eax=1 Ebx=0 Ecx=0 Edx=0 Edi=303E960 Esi=33DF8B8 Ebp=303E93C Esp=303E854 Eip=77C78923

ADDR: 77C78928 CODE: 7306 jae 0x77c78930
Eax=1 Ebx=0 Ecx=0 Edx=0 Edi=303E960 Esi=33DF8B8 Ebp=303E93C Esp=303E854 Eip=77C78928

ADDR: 77C4A9DC CODE: 742a jz 0x77c4aa08
Eax=1 Ebx=0 Ecx=33E0720 Edx=0 Edi=303E960 Esi=33DF8B8 Ebp=303E93C Esp=303E858 Eip=77C4A9DC

ADDR: 77C4AD32 CODE: 0f849d020000 jz 0x77c4afd5
Eax=0 Ebx=0 Ecx=DA56165 Edx=0 Edi=419 Esi=3 Ebp=303EA28 Esp=303E950 Eip=77C4AD32

ADDR: 77C4AD59 CODE: 0f8451ffffff jz 0x77c4acb0
Eax=EEEE Ebx=0 Ecx=240001 Edx=0 Edi=419 Esi=2 Ebp=303EA28 Esp=303E950 Eip=77C4AD59

ADDR: 77C4AD6C CODE: 0f83e1000000 jae 0x77c4ae53
Eax=0 Ebx=0 Ecx=240001 Edx=0 Edi=419 Esi=2 Ebp=303EA28 Esp=303E950 Eip=77C4AD6C

ADDR: 77C4B110 CODE: 0f843d0a0000 jz 0x77c4bb53
Eax=C70000 Ebx=0 Ecx=0 Edx=1 Edi=303DE58 Esi=0 Ebp=303E934 Esp=303DE24 Eip=77C4B110

ADDR: 77C4B11F CODE: 0f842e0a0000 jz 0x77c4bb53
Eax=C70000 Ebx=0 Ecx=419 Edx=1 Edi=303DE58 Esi=0 Ebp=303E934 Esp=303DE24 Eip=77C4B11F

ADDR: 77C4B12D CODE: 0f84200a0000 jz 0x77c4bb53
Eax=C70000 Ebx=0 Ecx=419 Edx=1 Edi=303E970 Esi=0 Ebp=303E934 Esp=303DE24 Eip=77C4B12D

ADDR: 77C4CB28 CODE: 0f840a020000 jz 0x77c4cd38
Eax=4 Ebx=0 Ecx=C70000 Edx=419 Edi=0 Esi=0 Ebp=303DE14 Esp=303DDD4 Eip=77C4CB28

ADDR: 77C4CB3B CODE: 7409 jz 0x77c4cb46
Eax=4 Ebx=0 Ecx=C70000 Edx=419 Edi=0 Esi=0 Ebp=303DE14 Esp=303DDD4 Eip=77C4CB3B

ADDR: 77C4CB40 CODE: 0f84f2010000 jz 0x77c4cd38
Eax=4 Ebx=0 Ecx=C70000 Edx=419 Edi=0 Esi=0 Ebp=303DE14 Esp=303DDD4 Eip=77C4CB40

ADDR: 77C4DA4F CODE: 0f84636a0500 jz 0x77ca44b8
Eax=303DDA8 Ebx=0 Ecx=0 Edx=303DDEC Edi=0 Esi=0 Ebp=303DDB8 Esp=303DD84 Eip=77C4DA4F

ADDR: 77C4DA6B CODE: 0f84476a0500 jz 0x77ca44b8
Eax=C70000 Ebx=1 Ecx=0 Edx=303DDEC Edi=0 Esi=0 Ebp=303DDB8 Esp=303DD84 Eip=77C4DA6B

ADDR: 77C4DA74 CODE: 0f843e6a0500 jz 0x77ca44b8
Eax=C70000 Ebx=1 Ecx=0 Edx=303DDEC Edi=0 Esi=0 Ebp=303DDB8 Esp=303DD84 Eip=77C4DA74

ADDR: 77C4DA80 CODE: 746b jz 0x77c4daed
Eax=C70000 Ebx=1 Ecx=0 Edx=303DDEC Edi=0 Esi=0 Ebp=303DDB8 Esp=303DD84 Eip=77C4DA80

ADDR: 77C4DAA5 CODE: 0f83b9690500 jae 0x77ca4464
Eax=C70000 Ebx=0 Ecx=100 Edx=5A4D Edi=0 Esi=0 Ebp=303DDB8 Esp=303DD84 Eip=77C4DAA5

ADDR: 77C4DAB2 CODE: 0f82bc690500 jb 0x77ca4474
Eax=C70000 Ebx=0 Ecx=C70100 Edx=5A4D Edi=0 Esi=0 Ebp=303DDB8 Esp=303DD84 Eip=77C4DAB2

ADDR: 77C4DAD5 CODE: 7802 js 0x77c4dad9
Eax=0 Ebx=0 Ecx=C70100 Edx=303DDEC Edi=0 Esi=0 Ebp=303DDB8 Esp=303DD84 Eip=77C4DAD5

ADDR: 77C4CB5F CODE: 0f84d3010000 jz 0x77c4cd38
Eax=0 Ebx=0 Ecx=EA6BCDD Edx=303DDEC Edi=0 Esi=0 Ebp=303DE14 Esp=303DDD4 Eip=77C4CB5F

ADDR: 77C4CB6A CODE: 7402 jz 0x77c4cb6e
Eax=0 Ebx=0 Ecx=EA6BCDD Edx=303DDEC Edi=0 Esi=303DEC8 Ebp=303DE14 Esp=303DDD4 Eip=77C4CB6A

ADDR: 77C4DC4C CODE: 0f84d9010000 jz 0x77c4de2b
Eax=0 Ebx=0 Ecx=0 Edx=303DDEC Edi=77D29440 Esi=303DEC8 Ebp=303DDC8 Esp=303DD70 Eip=77C4DC4C

ADDR: 77C4CB92 CODE: 782c js 0x77c4cbc0
Eax=0 Ebx=0 Ecx=33E1BF8 Edx=0 Edi=0 Esi=303DEC8 Ebp=303DE14 Esp=303DDD4 Eip=77C4CB92

ADDR: 77C4CBB9 CODE: 7435 jz 0x77c4cbf0
Eax=51C92 Ebx=0 Ecx=0 Edx=0 Edi=0 Esi=303DEC8 Ebp=303DE14 Esp=303DDD4 Eip=77C4CBB9

ADDR: 77C4CBF5 CODE: 7431 jz 0x77c4cc28
Eax=4 Ebx=0 Ecx=0 Edx=0 Edi=0 Esi=303DEC8 Ebp=303DE14 Esp=303DDD4 Eip=77C4CBF5

ADDR: 77C4CC2A CODE: 7432 jz 0x77c4cc5e
Eax=4 Ebx=0 Ecx=0 Edx=0 Edi=0 Esi=303DEC8 Ebp=303DE14 Esp=303DDD4 Eip=77C4CC2A

ADDR: 77C4CC33 CODE: 7429 jz 0x77c4cc5e
Eax=419 Ebx=0 Ecx=0 Edx=0 Edi=0 Esi=303DEC8 Ebp=303DE14 Esp=303DDD4 Eip=77C4CC33

ADDR: 77C4CC4D CODE: 0f846dffffff jz 0x77c4cbc0
Eax=33E1BF8 Ebx=0 Ecx=0 Edx=0 Edi=33B0001 Esi=303DEC8 Ebp=303DE14 Esp=303DDD4 Eip=77C4CC4D

ADDR: 77C4CC82 CODE: 0f84af000000 jz 0x77c4cd37
Eax=11 Ebx=0 Ecx=0 Edx=11 Edi=33B0001 Esi=77D29440 Ebp=303DE14 Esp=303DDD0 Eip=77C4CC82

ADDR: 77C4CBCE CODE: 740a jz 0x77c4cbda
Eax=11 Ebx=0 Ecx=0 Edx=11 Edi=33B0001 Esi=77D29440 Ebp=303DE14 Esp=303DDD4 Eip=77C4CBCE

ADDR: 77C4B169 CODE: 7447 jz 0x77c4b1b2
Eax=33B0001 Ebx=0 Ecx=EA6BF71 Edx=11 Edi=303E970 Esi=0 Ebp=303E934 Esp=303DE24 Eip=77C4B169

ADDR: 77C4B178 CODE: 7424 jz 0x77c4b19e
Eax=33B0001 Ebx=0 Ecx=303E990 Edx=11 Edi=303E970 Esi=0 Ebp=303E934 Esp=303DE24 Eip=77C4B178

ADDR: 77C4ADA2 CODE: 0f882a010000 js 0x77c4aed2
Eax=0 Ebx=0 Ecx=EA68851 Edx=11 Edi=419 Esi=2 Ebp=303EA28 Esp=303E950 Eip=77C4ADA2

ADDR: 77C4BD93 CODE: 7309 jae 0x77c4bd9e
Eax=303EB40 Ebx=2000030 Ecx=3 Edx=303EAE8 Edi=303EAE8 Esi=2 Ebp=303E93C Esp=303E864 Eip=77C4BD93

ADDR: 77C4BDA1 CODE: 0f87ed0b0000 ja 0x77c4c994
Eax=303EB40 Ebx=2000030 Ecx=3 Edx=303EAE8 Edi=303EAE8 Esi=2 Ebp=303E93C Esp=303E864 Eip=77C4BDA1

ADDR: 77C4BDAC CODE: 7409 jz 0x77c4bdb7
Eax=0 Ebx=2000030 Ecx=3 Edx=303EAE8 Edi=303EAE8 Esi=2 Ebp=303E93C Esp=303E864 Eip=77C4BDAC

ADDR: 77C4BDE3 CODE: 7473 jz 0x77c4be58
Eax=FDFFFFCF Ebx=2000030 Ecx=3 Edx=303EAE8 Edi=303EAE8 Esi=2 Ebp=303E93C Esp=303E864 Eip=77C4BDE3

ADDR: 77C4BE77 CODE: 7418 jz 0x77c4be91
Eax=FDFFFFCF Ebx=2000030 Ecx=1 Edx=33B0001 Edi=0 Esi=33B0001 Ebp=303E93C Esp=303E864 Eip=77C4BE77

ADDR: 77C4DA4F CODE: 0f84636a0500 jz 0x77ca44b8
Eax=303E838 Ebx=2000030 Ecx=0 Edx=303E8D0 Edi=0 Esi=33B0000 Ebp=303E848 Esp=303E814 Eip=77C4DA4F

ADDR: 77C4DA6B CODE: 0f84476a0500 jz 0x77ca44b8
Eax=33B0000 Ebx=1 Ecx=0 Edx=303E8D0 Edi=0 Esi=33B0000 Ebp=303E848 Esp=303E814 Eip=77C4DA6B

ADDR: 77C4DA74 CODE: 0f843e6a0500 jz 0x77ca44b8
Eax=33B0000 Ebx=1 Ecx=0 Edx=303E8D0 Edi=0 Esi=33B0000 Ebp=303E848 Esp=303E814 Eip=77C4DA74

ADDR: 77C4DA80 CODE: 746b jz 0x77c4daed
Eax=33B0000 Ebx=1 Ecx=0 Edx=303E8D0 Edi=0 Esi=33B0000 Ebp=303E848 Esp=303E814 Eip=77C4DA80

ADDR: 77C4DAA5 CODE: 0f83b9690500 jae 0x77ca4464
Eax=33B0000 Ebx=0 Ecx=B0 Edx=5A4D Edi=0 Esi=0 Ebp=303E848 Esp=303E814 Eip=77C4DAA5

ADDR: 77C4DAB2 CODE: 0f82bc690500 jb 0x77ca4474
Eax=33B0000 Ebx=0 Ecx=33B00B0 Edx=5A4D Edi=0 Esi=0 Ebp=303E848 Esp=303E814 Eip=77C4DAB2

ADDR: 77C4DAD5 CODE: 7802 js 0x77c4dad9
Eax=0 Ebx=0 Ecx=33B00B0 Edx=303E8D0 Edi=0 Esi=0 Ebp=303E848 Esp=303E814 Eip=77C4DAD5

ADDR: 77C4BEA8 CODE: 0f8477020000 jz 0x77c4c125
Eax=0 Ebx=2000030 Ecx=33B00B0 Edx=0 Edi=0 Esi=33B0000 Ebp=303E93C Esp=303E864 Eip=77C4BEA8

ADDR: 77C4BEC4 CODE: 0f865f020000 jbe 0x77c4c129
Eax=10B Ebx=2000030 Ecx=33B00B0 Edx=10B Edi=0 Esi=33B0000 Ebp=303E93C Esp=303E864 Eip=77C4BEC4

ADDR: 77C4BED2 CODE: 0f8451020000 jz 0x77c4c129
Eax=10B Ebx=2000030 Ecx=33B00B0 Edx=10B Edi=0 Esi=2000 Ebp=303E93C Esp=303E864 Eip=77C4BED2

ADDR: 77C4BEF1 CODE: 0f82fd010000 jb 0x77c4c0f4
Eax=2D00 Ebx=2000030 Ecx=33B00B0 Edx=10B Edi=0 Esi=2000 Ebp=303E93C Esp=303E864 Eip=77C4BEF1

ADDR: 77C4BF1A CODE: 0f83bb010000 jae 0x77c4c0db
Eax=E0 Ebx=2 Ecx=0 Edx=33B01A8 Edi=0 Esi=2000 Ebp=303E93C Esp=303E864 Eip=77C4BF1A

ADDR: 77C4BF25 CODE: 0f82a7010000 jb 0x77c4c0d2
Eax=E0 Ebx=2 Ecx=0 Edx=33B01A8 Edi=1000 Esi=2000 Ebp=303E93C Esp=303E864 Eip=77C4BF25

ADDR: 77C4BF32 CODE: 0f839a010000 jae 0x77c4c0d2
Eax=1200 Ebx=2 Ecx=0 Edx=33B01A8 Edi=1000 Esi=2000 Ebp=303E93C Esp=303E864 Eip=77C4BF32

ADDR: 77C4BF1A CODE: 0f83bb010000 jae 0x77c4c0db
Eax=1200 Ebx=2 Ecx=1 Edx=33B01D0 Edi=1000 Esi=2000 Ebp=303E93C Esp=303E864 Eip=77C4BF1A

ADDR: 77C4BF25 CODE: 0f82a7010000 jb 0x77c4c0d2
Eax=1200 Ebx=2 Ecx=1 Edx=33B01D0 Edi=2000 Esi=2000 Ebp=303E93C Esp=303E864 Eip=77C4BF25

ADDR: 77C4BF32 CODE: 0f839a010000 jae 0x77c4c0d2
Eax=4E00 Ebx=2 Ecx=1 Edx=33B01D0 Edi=2000 Esi=2000 Ebp=303E93C Esp=303E864 Eip=77C4BF32

ADDR: 77C4BF3A CODE: 0f849b010000 jz 0x77c4c0db
Eax=4E00 Ebx=2 Ecx=1 Edx=33B01D0 Edi=2000 Esi=2000 Ebp=303E93C Esp=303E864 Eip=77C4BF3A

ADDR: 77C4C0EE CODE: 7439 jz 0x77c4c129
Eax=303EAE8 Ebx=2000030 Ecx=1 Edx=33B01D0 Edi=33B0400 Esi=2000 Ebp=303E93C Esp=303E864 Eip=77C4C0EE

ADDR: 77C4C127 CODE: 7905 jns 0x77c4c12e
Eax=303EAE8 Ebx=2000030 Ecx=1 Edx=0 Edi=33B0400 Esi=2000 Ebp=303E93C Esp=303E864 Eip=77C4C127

ADDR: 77C525CE CODE: 741a jz 0x77c525ea
Eax=0 Ebx=2000030 Ecx=36 Edx=0 Edi=33B0400 Esi=2000 Ebp=303E84C Esp=303E7E0 Eip=77C525CE

ADDR: 77C525F4 CODE: 742d jz 0x77c52623
Eax=7FFE0385 Ebx=7FFE0385 Ecx=36 Edx=0 Edi=33B0400 Esi=2000 Ebp=303E84C Esp=303E7E0 Eip=77C525F4

ADDR: 77C5262D CODE: 0f849b010000 jz 0x77c527ce
Eax=33B0001 Ebx=7FFE0385 Ecx=36 Edx=0 Edi=33B0400 Esi=7FFE0384 Ebp=303E84C Esp=303E7E0 Eip=77C5262D

ADDR: 77C52638 CODE: 0f8490010000 jz 0x77c527ce
Eax=33B0001 Ebx=7FFE0385 Ecx=303E89C Edx=0 Edi=33B0400 Esi=7FFE0384 Ebp=303E84C Esp=303E7E0 Eip=77C52638

ADDR: 77C5264A CODE: 7407 jz 0x77c52653
Eax=33B0001 Ebx=7FFE0385 Ecx=303E89C Edx=0 Edi=33B0400 Esi=7FFE0384 Ebp=303E84C Esp=303E7E0 Eip=77C5264A

ADDR: 77C52664 CODE: 7408 jz 0x77c5266e
Eax=33B0001 Ebx=7FFE0385 Ecx=303E89C Edx=0 Edi=0 Esi=7FFE0384 Ebp=303E84C Esp=303E7E0 Eip=77C52664

ADDR: 77C4DA4F CODE: 0f84636a0500 jz 0x77ca44b8
Eax=303E7B4 Ebx=7FFE0385 Ecx=0 Edx=303E820 Edi=0 Esi=7FFE0384 Ebp=303E7C4 Esp=303E790 Eip=77C4DA4F

ADDR: 77C4DA6B CODE: 0f84476a0500 jz 0x77ca44b8
Eax=33B0000 Ebx=1 Ecx=0 Edx=303E820 Edi=0 Esi=7FFE0384 Ebp=303E7C4 Esp=303E790 Eip=77C4DA6B

ADDR: 77C4DA74 CODE: 0f843e6a0500 jz 0x77ca44b8
Eax=33B0000 Ebx=1 Ecx=0 Edx=303E820 Edi=0 Esi=7FFE0384 Ebp=303E7C4 Esp=303E790 Eip=77C4DA74

ADDR: 77C4DA80 CODE: 746b jz 0x77c4daed
Eax=33B0000 Ebx=1 Ecx=0 Edx=303E820 Edi=0 Esi=7FFE0384 Ebp=303E7C4 Esp=303E790 Eip=77C4DA80

ADDR: 77C4DAA5 CODE: 0f83b9690500 jae 0x77ca4464
Eax=33B0000 Ebx=0 Ecx=B0 Edx=5A4D Edi=0 Esi=0 Ebp=303E7C4 Esp=303E790 Eip=77C4DAA5

ADDR: 77C4DAB2 CODE: 0f82bc690500 jb 0x77ca4474
Eax=33B0000 Ebx=0 Ecx=33B00B0 Edx=5A4D Edi=0 Esi=0 Ebp=303E7C4 Esp=303E790 Eip=77C4DAB2

ADDR: 77C4DAD5 CODE: 7802 js 0x77c4dad9
Eax=0 Ebx=0 Ecx=33B00B0 Edx=303E820 Edi=0 Esi=0 Ebp=303E7C4 Esp=303E790 Eip=77C4DAD5

ADDR: 77C52686 CODE: 7844 js 0x77c526cc
Eax=0 Ebx=7FFE0385 Ecx=0 Edx=303E820 Edi=0 Esi=7FFE0384 Ebp=303E84C Esp=303E7E0 Eip=77C52686

ADDR: 77C5269E CODE: 740d jz 0x77c526ad
Eax=33B00B0 Ebx=7FFE0385 Ecx=0 Edx=10B Edi=0 Esi=7FFE0384 Ebp=303E84C Esp=303E7E0 Eip=77C5269E

ADDR: 77C526CA CODE: 792a jns 0x77c526f6
Eax=5000 Ebx=7FFE0385 Ecx=0 Edx=10B Edi=0 Esi=7FFE0384 Ebp=303E84C Esp=303E7E0 Eip=77C526CA

ADDR: 77C5272A CODE: 7407 jz 0x77c52733
Eax=2E95000 Ebx=7FFE0385 Ecx=0 Edx=33B0001 Edi=0 Esi=7FFE0384 Ebp=303E84C Esp=303E7E0 Eip=77C5272A

ADDR: 77C5A7B4 CODE: 0f8432bc0400 jz 0x77ca63ec
Eax=3FFFFFF Ebx=33EE280 Ecx=33EE280 Edx=20 Edi=0 Esi=33D0000 Ebp=303E22C Esp=303E218 Eip=77C5A7B4

ADDR: 77C5A7C1 CODE: 0f843bbc0400 jz 0x77ca6402
Eax=3FFFFFF Ebx=33EE280 Ecx=33EE280 Edx=20 Edi=0 Esi=33D0000 Ebp=303E22C Esp=303E218 Eip=77C5A7C1

ADDR: 77C5A7E6 CODE: 7445 jz 0x77c5a82d
Eax=3FFFFFF Ebx=33EE280 Ecx=33EE280 Edx=0 Edi=0 Esi=33D0000 Ebp=303E22C Esp=303E218 Eip=77C5A7E6

ADDR: 77C5A7FF CODE: 0f8483bc0400 jz 0x77ca6488
Eax=3FFFFFF Ebx=33EE280 Ecx=33EE278 Edx=0 Edi=0 Esi=33D0000 Ebp=303E22C Esp=303E218 Eip=77C5A7FF

ADDR: 77C5A80A CODE: 0f84a4bc0400 jz 0x77ca64b4
Eax=3FFFF08 Ebx=33EE280 Ecx=33EE278 Edx=0 Edi=0 Esi=33D0000 Ebp=303E22C Esp=303E218 Eip=77C5A80A

ADDR: 77C5A812 CODE: 783f js 0x77c5a853
Eax=3FFFF08 Ebx=33EE280 Ecx=33EE278 Edx=0 Edi=0 Esi=33D0000 Ebp=303E22C Esp=303E218 Eip=77C5A812

ADDR: 77C5A818 CODE: 0f8490000000 jz 0x77c5a8ae
Eax=3FFFF08 Ebx=33EE280 Ecx=33EE278 Edx=0 Edi=0 Esi=33D0000 Ebp=303E22C Esp=303E218 Eip=77C5A818

ADDR: 77C5A823 CODE: 7403 jz 0x77c5a828
Eax=66FA8EAD Ebx=33EE280 Ecx=33EE278 Edx=0 Edi=0 Esi=33D0000 Ebp=303E22C Esp=303E218 Eip=77C5A823

ADDR: 77C5A879 CODE: 0f845abc0400 jz 0x77ca64d9
Eax=11 Ebx=33EE280 Ecx=33EE278 Edx=8 Edi=11 Esi=33D0000 Ebp=303E22C Esp=303E218 Eip=77C5A879

ADDR: 77C5A88E CODE: 0f8464bc0400 jz 0x77ca64f8
Eax=8 Ebx=33EE280 Ecx=33EE278 Edx=8 Edi=11 Esi=33D0000 Ebp=303E22C Esp=303E218 Eip=77C5A88E

ADDR: 77AD5E66 CODE: 0f8683000000 jbe 0x77ad5eef
Eax=80 Ebx=33EE280 Ecx=33EE280 Edx=80 Edi=0 Esi=100 Ebp=303E240 Esp=303E230 Eip=77AD5E66

ADDR: 77C55621 CODE: 0f84b2fb0400 jz 0x77ca51d9
Eax=80 Ebx=0 Ecx=33EE280 Edx=80 Edi=0 Esi=33D0000 Ebp=303E218 Esp=303E210 Eip=77C55621

ADDR: 77C55630 CODE: 0f84b8fb0400 jz 0x77ca51ee
Eax=80 Ebx=0 Ecx=33D0000 Edx=80 Edi=0 Esi=33D0000 Ebp=303E218 Esp=303E210 Eip=77C55630

ADDR: 77C55800 CODE: 7402 jz 0x77c55804
Eax=33EE280 Ebx=0 Ecx=0 Edx=0 Edi=33D0000 Esi=100 Ebp=303E1F8 Esp=303E170 Eip=77C55800

ADDR: 77C55806 CODE: 7405 jz 0x77c5580d
Eax=33EE280 Ebx=0 Ecx=0 Edx=0 Edi=33D0000 Esi=100 Ebp=303E1F8 Esp=303E170 Eip=77C55806

ADDR: 77C5581D CODE: 7410 jz 0x77c5582f
Eax=33EE280 Ebx=0 Ecx=0 Edx=0 Edi=33D0000 Esi=100 Ebp=303E1F8 Esp=303E170 Eip=77C5581D

ADDR: 77C5584B CODE: 7425 jz 0x77c55872
Eax=33EE280 Ebx=0 Ecx=0 Edx=0 Edi=33D0000 Esi=100 Ebp=303E1F8 Esp=303E170 Eip=77C5584B

ADDR: 77C55876 CODE: 740d jz 0x77c55885
Eax=33EE280 Ebx=0 Ecx=0 Edx=0 Edi=33D0000 Esi=100 Ebp=303E1F8 Esp=303E170 Eip=77C55876

ADDR: 77C55DC4 CODE: 0f84c2010000 jz 0x77c55f8c
Eax=303E150 Ebx=2 Ecx=33EE278 Edx=33D0000 Edi=33D0000 Esi=33EE278 Ebp=303E160 Esp=303E078 Eip=77C55DC4

ADDR: 77C55DCE CODE: 0f8db8010000 jge 0x77c55f8c
Eax=303E150 Ebx=2 Ecx=33EE278 Edx=33D0000 Edi=33D0000 Esi=33EE278 Ebp=303E160 Esp=303E078 Eip=77C55DCE

ADDR: 77C55FC5 CODE: 7429 jz 0x77c55ff0
Eax=303E150 Ebx=2 Ecx=33EE278 Edx=2 Edi=33D0000 Esi=33EE278 Ebp=303E160 Esp=303E078 Eip=77C55FC5

ADDR: 77C55FF8 CODE: 763a jbe 0x77c56034
Eax=100 Ebx=2 Ecx=33EE278 Edx=2 Edi=33D0000 Esi=33EE278 Ebp=303E160 Esp=303E078 Eip=77C55FF8

ADDR: 77C56052 CODE: 7305 jae 0x77c56059
Eax=108 Ebx=33D0000 Ecx=100 Edx=2 Edi=33D0000 Esi=33EE278 Ebp=303E160 Esp=303E078 Eip=77C56052

ADDR: 77C56089 CODE: 730f jae 0x77c5609a
Eax=33D025C Ebx=33D0000 Ecx=33D0258 Edx=2E98000 Edi=33D0000 Esi=33EE278 Ebp=303E160 Esp=303E078 Eip=77C56089

ADDR: 77C5615D CODE: 741c jz 0x77c5617b
Eax=7F38 Ebx=33D0000 Ecx=33EE278 Edx=2E98000 Edi=33D0000 Esi=33EE278 Ebp=303E160 Esp=303E078 Eip=77C5615D

ADDR: 77C5616F CODE: 740a jz 0x77c5617b
Eax=76FB8E10 Ebx=33D0000 Ecx=33EE278 Edx=2E98000 Edi=33D0000 Esi=33EE278 Ebp=303E160 Esp=303E078 Eip=77C5616F

ADDR: 77C5618C CODE: 7304 jae 0x77c56192
Eax=33D0270 Ebx=80 Ecx=11 Edx=2E98000 Edi=33D0000 Esi=33EE278 Ebp=303E160 Esp=303E078 Eip=77C5618C

ADDR: 77C561A1 CODE: 731d jae 0x77c561c0
Eax=33D0270 Ebx=80 Ecx=11 Edx=11 Edi=33D0000 Esi=33EE278 Ebp=303E160 Esp=303E078 Eip=77C561A1

ADDR: 77C561AE CODE: 7402 jz 0x77c561b2
Eax=33D0270 Ebx=80 Ecx=11 Edx=11 Edi=33D0000 Esi=33EE278 Ebp=303E160 Esp=303E078 Eip=77C561AE

ADDR: 77C561E0 CODE: 7404 jz 0x77c561e6
Eax=33D02E8 Ebx=80 Ecx=11 Edx=11 Edi=33D0000 Esi=33EE278 Ebp=303E160 Esp=303E078 Eip=77C561E0

ADDR: 77C562AA CODE: 740f jz 0x77c562bb
Eax=33EE27F Ebx=8 Ecx=8 Edx=11 Edi=33D0000 Esi=33EE278 Ebp=303E160 Esp=303E078 Eip=77C562AA

ADDR: 77C562C1 CODE: 7405 jz 0x77c562c8
Eax=33EE208 Ebx=8 Ecx=8 Edx=11 Edi=33D0000 Esi=33EE278 Ebp=303E160 Esp=303E078 Eip=77C562C1

ADDR: 77C5635A CODE: 7344 jae 0x77c563a0
Eax=802 Ebx=8 Ecx=8 Edx=11 Edi=33D0000 Esi=33EE278 Ebp=303E160 Esp=303E078 Eip=77C5635A

ADDR: 77C5638F CODE: 7604 jbe 0x77c56395
Eax=188 Ebx=8 Ecx=33D26B2 Edx=11 Edi=33D0000 Esi=33EE278 Ebp=303E160 Esp=303E078 Eip=77C5638F

ADDR: 77C563AD CODE: 0f87ee020000 ja 0x77c566a1
Eax=21 Ebx=21 Ecx=33D26B2 Edx=11 Edi=33D0000 Esi=33EE278 Ebp=303E160 Esp=303E078 Eip=77C563AD

ADDR: 77C566A7 CODE: 7417 jz 0x77c566c0
Eax=33EE27F Ebx=21 Ecx=33D26B2 Edx=11 Edi=33D0000 Esi=33EE278 Ebp=303E160 Esp=303E078 Eip=77C566A7

ADDR: 77C56A9B CODE: 7775 ja 0x77c56b12
Eax=21 Ebx=33D0000 Ecx=33D0000 Edx=3 Edi=33D0000 Esi=33EE278 Ebp=303E064 Esp=303E038 Eip=77C56A9B

ADDR: 77C56ABD CODE: 7416 jz 0x77c56ad5
Eax=FA Ebx=33D0000 Ecx=33D0000 Edx=3 Edi=33EE300 Esi=33EE278 Ebp=303E064 Esp=303E038 Eip=77C56ABD

ADDR: 77C56AE3 CODE: 0f821e020000 jb 0x77c56d07
Eax=3AD Ebx=33D0000 Ecx=39C Edx=3 Edi=33EE300 Esi=33EE278 Ebp=303E064 Esp=303E038 Eip=77C56AE3

ADDR: 77C56AFD CODE: 741c jz 0x77c56b1b
Eax=33EE308 Ebx=33D0000 Ecx=39C Edx=33EE308 Edi=33EE300 Esi=33EE278 Ebp=303E064 Esp=303E038 Eip=77C56AFD

ADDR: 77C56B30 CODE: 7427 jz 0x77c56b59
Eax=33EE308 Ebx=33D0000 Ecx=39C Edx=33D0270 Edi=33EE300 Esi=33EE278 Ebp=303E064 Esp=303E038 Eip=77C56B30

ADDR: 77C56B38 CODE: 720e jb 0x77c56b48
Eax=33EE308 Ebx=33D0000 Ecx=39C Edx=33D0270 Edi=33EE300 Esi=33EE278 Ebp=303E064 Esp=303E038 Eip=77C56B38

ADDR: 77C56B3E CODE: 0f8494020000 jz 0x77c56dd8
Eax=33D36A0 Ebx=33D0000 Ecx=39C Edx=33D0270 Edi=33EE300 Esi=33EE278 Ebp=303E064 Esp=303E038 Eip=77C56B3E

ADDR: 77C56B38 CODE: 720e jb 0x77c56b48
Eax=33D36A0 Ebx=33D0000 Ecx=39C Edx=33D36A0 Edi=33EE300 Esi=33EE278 Ebp=303E064 Esp=303E038 Eip=77C56B38

ADDR: 77C570A8 CODE: 743e jz 0x77c570e8
Eax=33D37B4 Ebx=7FF Ecx=800 Edx=31C Edi=31C Esi=33D36A0 Ebp=303E020 Esp=303E000 Eip=77C570A8

ADDR: 77C570BF CODE: 732c jae 0x77c570ed
Eax=33D37B4 Ebx=33D00C0 Ecx=7FF Edx=31C Edi=31C Esi=33D36A0 Ebp=303E020 Esp=303E000 Eip=77C570BF

ADDR: 77C56B76 CODE: 744e jz 0x77c56bc6
Eax=33D00C0 Ebx=33D0000 Ecx=33ECB00 Edx=0 Edi=33EE300 Esi=33EE278 Ebp=303E064 Esp=303E038 Eip=77C56B76

ADDR: 77C56BD8 CODE: 0f8457e60400 jz 0x77ca5235
Eax=33D0000 Ebx=33D0000 Ecx=33ECB08 Edx=0 Edi=88 Esi=33EE278 Ebp=303E064 Esp=303E038 Eip=77C56BD8

ADDR: 77C56BED CODE: 0f8461e60400 jz 0x77ca5254
Eax=33D0008 Ebx=33D0000 Ecx=33ECB08 Edx=0 Edi=88 Esi=33EE278 Ebp=303E064 Esp=303E038 Eip=77C56BED

ADDR: 77C56C08 CODE: 0f8686010000 jbe 0x77c56d94
Eax=38C Ebx=33D0000 Ecx=3AD Edx=21 Edi=80 Esi=33EE278 Ebp=303E064 Esp=303E038 Eip=77C56C08

ADDR: 77C56C4F CODE: 0f8449010000 jz 0x77c56d9e
Eax=8 Ebx=33D0000 Ecx=108 Edx=21 Edi=80 Esi=33EE278 Ebp=303E064 Esp=303E038 Eip=77C56C4F

ADDR: 77C56C58 CODE: 0f838ae60400 jae 0x77ca52e8
Eax=8 Ebx=33D0000 Ecx=108 Edx=21 Edi=80 Esi=33EE278 Ebp=303E064 Esp=303E038 Eip=77C56C58

ADDR: 77C571A6 CODE: 0f8427010000 jz 0x77c572d3
Eax=FB Ebx=33EFFE0 Ecx=38C Edx=33D0000 Edi=33D0000 Esi=33EE380 Ebp=303E01C Esp=303E000 Eip=77C571A6

ADDR: 77C571DC CODE: 0f8493e30400 jz 0x77ca5575
Eax=17F5 Ebx=38C Ecx=38C Edx=33D00C0 Edi=33D0000 Esi=33EE380 Ebp=303E01C Esp=303E000 Eip=77C571DC

ADDR: 77C57670 CODE: 7317 jae 0x77c57689
Eax=17F5 Ebx=33D0000 Ecx=33D0000 Edx=38C Edi=38C Esi=33D0270 Ebp=303E01C Esp=303DFF0 Eip=77C57670

ADDR: 77C5768D CODE: 740b jz 0x77c5769a
Eax=33D36A0 Ebx=33D0000 Ecx=33D0000 Edx=38C Edi=38C Esi=33D0270 Ebp=303E01C Esp=303DFF0 Eip=77C5768D

ADDR: 77C57670 CODE: 7317 jae 0x77c57689
Eax=33D36A0 Ebx=33D0000 Ecx=33D0000 Edx=38C Edi=38C Esi=33D36A0 Ebp=303E01C Esp=303DFF0 Eip=77C57670

ADDR: 77C4A2E4 CODE: 7449 jz 0x77c4a32f
Eax=33ECB30 Ebx=33D00C0 Ecx=33D0000 Edx=33D0000 Edi=33D36A0 Esi=0 Ebp=303DFDC Esp=303DFC0 Eip=77C4A2E4

ADDR: 77C4A2EA CODE: 0f84b49b0500 jz 0x77ca3ea4
Eax=33ECB30 Ebx=33D00C0 Ecx=33D0000 Edx=33D0000 Edi=33D36A0 Esi=0 Ebp=303DFDC Esp=303DFC0 Eip=77C4A2EA

ADDR: 77C4A2FB CODE: 7426 jz 0x77c4a323
Eax=7AFB8EB0 Ebx=33D00C0 Ecx=33D0000 Edx=33D0000 Edi=33D36A0 Esi=0 Ebp=303DFDC Esp=303DFC0 Eip=77C4A2FB

ADDR: 77C4A32D CODE: 7e0b jle 0x77c4a33a
Eax=C Ebx=33D00C0 Ecx=380 Edx=33D0000 Edi=33D36A0 Esi=0 Ebp=303DFDC Esp=303DFC0 Eip=77C4A32D

ADDR: 77C57683 CODE: 740e jz 0x77c57693
Eax=33D00C0 Ebx=33D0000 Ecx=380 Edx=33D0000 Edi=38C Esi=33D36A0 Ebp=303E01C Esp=303DFF0 Eip=77C57683

ADDR: 77C571F5 CODE: 744c jz 0x77c57243
Eax=33D00C0 Ebx=38C Ecx=33D00C0 Edx=33D00C0 Edi=33D0000 Esi=33EE380 Ebp=303E01C Esp=303E000 Eip=77C571F5

ADDR: 77C57265 CODE: 7424 jz 0x77c5728b
Eax=38C Ebx=33EE388 Ecx=33D00C0 Edx=33D0270 Edi=33D0000 Esi=33EE380 Ebp=303E01C Esp=303E000 Eip=77C57265

ADDR: 77C5726D CODE: 720e jb 0x77c5727d
Eax=38C Ebx=33EE388 Ecx=38C Edx=33D0270 Edi=33D0000 Esi=33EE380 Ebp=303E01C Esp=303E000 Eip=77C5726D

ADDR: 77C57273 CODE: 0f84bd000000 jz 0x77c57336
Eax=33D36A0 Ebx=33EE388 Ecx=38C Edx=33D0270 Edi=33D0000 Esi=33EE380 Ebp=303E01C Esp=303E000 Eip=77C57273

ADDR: 77C5726D CODE: 720e jb 0x77c5727d
Eax=33D36A0 Ebx=33EE388 Ecx=38C Edx=33D36A0 Edi=33D0000 Esi=33EE380 Ebp=303E01C Esp=303E000 Eip=77C5726D

ADDR: 77C575DA CODE: 742c jz 0x77c57608
Eax=7FF Ebx=0 Ecx=33D0000 Edx=30C Edi=30C Esi=33D36A0 Ebp=303DFE8 Esp=303DFD0 Eip=77C575DA

ADDR: 77C5728F CODE: 7410 jz 0x77c572a1
Eax=1000 Ebx=33EE388 Ecx=33D36C4 Edx=18 Edi=33D0000 Esi=33EE380 Ebp=303E01C Esp=303E000 Eip=77C5728F

ADDR: 77C569F6 CODE: 7416 jz 0x77c56a0e
Eax=1 Ebx=21 Ecx=33EE278 Edx=100 Edi=33D0000 Esi=33EE278 Ebp=303E160 Esp=303E074 Eip=77C569F6

ADDR: 77C569FC CODE: 7410 jz 0x77c56a0e
Eax=1 Ebx=21 Ecx=33EE278 Edx=100 Edi=33D0000 Esi=33EE278 Ebp=303E160 Esp=303E074 Eip=77C569FC

ADDR: 77C56A12 CODE: 740b jz 0x77c56a1f
Eax=76FB8EBC Ebx=21 Ecx=33EE278 Edx=100 Edi=33D0000 Esi=33EE278 Ebp=303E160 Esp=303E074 Eip=77C56A12

ADDR: 77C47B53 CODE: 746e jz 0x77c47bc3
Eax=FFFFFFFE Ebx=33D0258 Ecx=FFFFFFFF Edx=100 Edi=33D025C Esi=FFFFFFFE Ebp=303E068 Esp=303E054 Eip=77C47B53

ADDR: 77C569D7 CODE: 7447 jz 0x77c56a20
Eax=0 Ebx=21 Ecx=FFFFFFFF Edx=100 Edi=33D0000 Esi=33EE278 Ebp=303E160 Esp=303E078 Eip=77C569D7

ADDR: 77C56A28 CODE: 7436 jz 0x77c56a60
Eax=7FFE0380 Ebx=21 Ecx=FFFFFFFF Edx=100 Edi=33D0000 Esi=33EE278 Ebp=303E160 Esp=303E078 Eip=77C56A28

ADDR: 77C55BD5 CODE: 7448 jz 0x77c55c1f
Eax=0 Ebx=0 Ecx=EA68005 Edx=100 Edi=33D0000 Esi=33EE280 Ebp=303E1F8 Esp=303E170 Eip=77C55BD5

ADDR: 77C55C21 CODE: 7434 jz 0x77c55c57
Eax=0 Ebx=0 Ecx=EA68005 Edx=100 Edi=33D0000 Esi=33EE280 Ebp=303E1F8 Esp=303E170 Eip=77C55C21

ADDR: 77C55C2D CODE: 0f84aa000000 jz 0x77c55cdd
Eax=0 Ebx=33EE280 Ecx=0 Edx=100 Edi=33D0000 Esi=33EE280 Ebp=303E1F8 Esp=303E170 Eip=77C55C2D

ADDR: 77AD5F22 CODE: 74cf jz 0x77ad5ef3
Eax=33EE280 Ebx=33EE280 Ecx=DA56165 Edx=100 Edi=0 Esi=100 Ebp=303E240 Esp=303E230 Eip=77AD5F22

ADDR: 77AD44BB CODE: 7416 jz 0x77ad44d3
Eax=33EE280 Ebx=80 Ecx=100 Edx=100 Edi=0 Esi=100 Ebp=303E264 Esp=303E250 Eip=77AD44BB

ADDR: 77AD44BF CODE: 7312 jae 0x77ad44d3
Eax=33EE280 Ebx=80 Ecx=100 Edx=100 Edi=0 Esi=100 Ebp=303E264 Esp=303E250 Eip=77AD44BF

ADDR: 77B15361 CODE: 0f843c010000 jz 0x77b154a3
Eax=0 Ebx=80 Ecx=80 Edx=0 Edi=33EE300 Esi=80 Ebp=303E264 Esp=303E240 Eip=77B15361

ADDR: 77B15370 CODE: 0f86df000000 jbe 0x77b15455
Eax=0 Ebx=80 Ecx=80 Edx=0 Edi=33EE300 Esi=80 Ebp=303E264 Esp=303E240 Eip=77B15370

ADDR: 77B1537C CODE: 0f828b000000 jb 0x77b1540d
Eax=0 Ebx=80 Ecx=80 Edx=0 Edi=33EE300 Esi=80 Ebp=303E264 Esp=303E240 Eip=77B1537C

ADDR: 77B1538A CODE: 7309 jae 0x77b15395
Eax=0 Ebx=80 Ecx=80 Edx=0 Edi=33EE300 Esi=80 Ebp=303E264 Esp=303E240 Eip=77B1538A

ADDR: 77AD96BA CODE: 7417 jz 0x77ad96d3
Eax=0 Ebx=20 Ecx=0 Edx=0 Edi=33EE280 Esi=33EE280 Ebp=303E260 Esp=303E260 Eip=77AD96BA

ADDR: 77AD9897 CODE: 0f843b710500 jz 0x77b309d8
Eax=0 Ebx=20 Ecx=0 Edx=0 Edi=33EE280 Esi=33EE280 Ebp=303E290 Esp=303E270 Eip=77AD9897

ADDR: 77AD98B9 CODE: 0f8416ffffff jz 0x77ad97d5
Eax=33EE300 Ebx=33EE380 Ecx=33EE280 Edx=19A06614 Edi=33EE280 Esi=33EE300 Ebp=303E290 Esp=303E270 Eip=77AD98B9

ADDR: 77C47B53 CODE: 746e jz 0x77c47bc3
Eax=FFFFFFFE Ebx=77BB5C18 Ecx=FFFFFFFF Edx=19A06614 Edi=77BB5C1C Esi=FFFFFFFE Ebp=303E288 Esp=303E274 Eip=77C47B53

ADDR: 77AD94A4 CODE: 7458 jz 0x77ad94fe
Eax=BEA71F01 Ebx=76D1B498 Ecx=14 Edx=19A06614 Edi=2 Esi=77915A70 Ebp=303E2CC Esp=303E2B4 Eip=77AD94A4

ADDR: 77C98DEB CODE: 730a jae 0x77c98df7
Eax=EF22B4E Ebx=76D1B498 Ecx=77915A70 Edx=404000 Edi=2 Esi=77915A70 Ebp=303E2CC Esp=303E2A8 Eip=77C98DEB

ADDR: 77C909B7 CODE: 747f jz 0x77c90a38
Eax=2 Ebx=2E98FB4 Ecx=77915A70 Edx=2E98FB4 Edi=2 Esi=77915A70 Ebp=303E280 Esp=303E274 Eip=77C909B7

ADDR: 77C909BE CODE: 7378 jae 0x77c90a38
Eax=2 Ebx=2E98FB4 Ecx=77915A70 Edx=2E98FB4 Edi=2 Esi=77915A70 Ebp=303E280 Esp=303E274 Eip=77C909BE

ADDR: 77915A83 CODE: 790d jns 0x77915a92
Eax=0 Ebx=76D1B498 Ecx=33DA3C8 Edx=0 Edi=2 Esi=77915A70 Ebp=303E2A4 Esp=303E2A4 Eip=77915A83

ADDR: 77AE2C46 CODE: 740a jz 0x77ae2c52
Eax=0 Ebx=76D1B498 Ecx=76F1E500 Edx=0 Edi=76D92830 Esi=76D1B26C Ebp=303E360 Esp=303E354 Eip=77AE2C46

ADDR: 77C98DEB CODE: 730a jae 0x77c98df7
Eax=EDB2506 Ebx=76D1B498 Ecx=76D92830 Edx=444444 Edi=76D92830 Esi=76D1B26C Ebp=303E360 Esp=303E350 Eip=77C98DEB

ADDR: 77AD95B4 CODE: 7458 jz 0x77ad960e
Eax=BEA71F01 Ebx=76D1B498 Ecx=14 Edx=7728C8DC Edi=2 Esi=77915A70 Ebp=303E2D0 Esp=303E2B8 Eip=77AD95B4

ADDR: 77C98DEB CODE: 730a jae 0x77c98df7
Eax=EF22B4E Ebx=76D1B498 Ecx=77915A70 Edx=404000 Edi=2 Esi=77915A70 Ebp=303E2D0 Esp=303E2AC Eip=77C98DEB

ADDR: 77C909B7 CODE: 747f jz 0x77c90a38
Eax=2 Ebx=2E98FB4 Ecx=77915A70 Edx=2E98FB4 Edi=2 Esi=77915A70 Ebp=303E284 Esp=303E278 Eip=77C909B7

ADDR: 77C909BE CODE: 7378 jae 0x77c90a38
Eax=2 Ebx=2E98FB4 Ecx=77915A70 Edx=2E98FB4 Edi=2 Esi=77915A70 Ebp=303E284 Esp=303E278 Eip=77C909BE

ADDR: 77915A83 CODE: 790d jns 0x77915a92
Eax=0 Ebx=76D1B498 Ecx=33DA3C8 Edx=0 Edi=2 Esi=77915A70 Ebp=303E2A8 Esp=303E2A8 Eip=77915A83

ADDR: 77AD90DC CODE: 7454 jz 0x77ad9132
Eax=13A71F14 Ebx=76D1B498 Ecx=14 Edx=0 Edi=2 Esi=779000A0 Ebp=303E31C Esp=303E2C0 Eip=77AD90DC

ADDR: 77C98DEB CODE: 730a jae 0x77c98df7
Eax=EF20014 Ebx=76D1B498 Ecx=779000A0 Edx=104000 Edi=2 Esi=779000A0 Ebp=303E31C Esp=303E2B8 Eip=77C98DEB

ADDR: 77C8C686 CODE: 743c jz 0x77c8c6c4
Eax=2 Ebx=76D1B498 Ecx=33DA3C0 Edx=104000 Edi=2 Esi=2E98000 Ebp=303E29C Esp=303E29C Eip=77C8C686

ADDR: 77C8C68D CODE: 7335 jae 0x77c8c6c4
Eax=2 Ebx=76D1B498 Ecx=33DA3C0 Edx=104000 Edi=2 Esi=2E98000 Ebp=303E29C Esp=303E29C Eip=77C8C68D

ADDR: 77C8C6AC CODE: 740c jz 0x77c8c6ba
Eax=33DCAA0 Ebx=76D1B498 Ecx=33DA3C0 Edx=0 Edi=2 Esi=2 Ebp=303E29C Esp=303E298 Eip=77C8C6AC

ADDR: 77C8C6B4 CODE: 7404 jz 0x77c8c6ba
Eax=33DCAAC Ebx=76D1B498 Ecx=33DA3C0 Edx=0 Edi=2 Esi=2 Ebp=303E29C Esp=303E298 Eip=77C8C6B4

ADDR: 779000BD CODE: 791c jns 0x779000db
Eax=0 Ebx=76D1B498 Ecx=303E2B0 Edx=0 Edi=2 Esi=2E98000 Ebp=303E2B4 Esp=303E2AC Eip=779000BD

ADDR: 77C4E69A CODE: 7315 jae 0x77c4e6b1
Eax=77BB5C1C Ebx=76D1B498 Ecx=77BB5C18 Edx=2E98000 Edi=76D92830 Esi=7728C8DC Ebp=303E28C Esp=303E288 Eip=77C4E69A

ADDR: 77AD97A6 CODE: 0f8454720500 jz 0x77b30a00
Eax=303E2FC Ebx=7728C8DC Ecx=303E2E8 Edx=2E98000 Edi=76D92830 Esi=7728C8DC Ebp=303E290 Esp=303E270 Eip=77AD97A6

ADDR: 77AD97D3 CODE: 7479 jz 0x77ad984e
Eax=303E2FC Ebx=33EE380 Ecx=14 Edx=19A06614 Edi=33EE280 Esi=33EE304 Ebp=303E290 Esp=303E270 Eip=77AD97D3

ADDR: 77C47B53 CODE: 746e jz 0x77c47bc3
Eax=FFFFFFFE Ebx=77BB5C18 Ecx=FFFFFFFF Edx=19A06614 Edi=77BB5C1C Esi=FFFFFFFE Ebp=303E288 Esp=303E274 Eip=77C47B53

ADDR: 77AD94A4 CODE: 7458 jz 0x77ad94fe
Eax=BEA71F01 Ebx=76D1B498 Ecx=14 Edx=19A06614 Edi=2 Esi=77915A70 Ebp=303E2CC Esp=303E2B4 Eip=77AD94A4

ADDR: 77C98DEB CODE: 730a jae 0x77c98df7
Eax=EF22B4E Ebx=76D1B498 Ecx=77915A70 Edx=404000 Edi=2 Esi=77915A70 Ebp=303E2CC Esp=303E2A8 Eip=77C98DEB

ADDR: 77C909B7 CODE: 747f jz 0x77c90a38
Eax=2 Ebx=2E98FB4 Ecx=77915A70 Edx=2E98FB4 Edi=2 Esi=77915A70 Ebp=303E280 Esp=303E274 Eip=77C909B7

ADDR: 77C909BE CODE: 7378 jae 0x77c90a38
Eax=2 Ebx=2E98FB4 Ecx=77915A70 Edx=2E98FB4 Edi=2 Esi=77915A70 Ebp=303E280 Esp=303E274 Eip=77C909BE

ADDR: 77915A83 CODE: 790d jns 0x77915a92
Eax=0 Ebx=76D1B498 Ecx=33DA3C8 Edx=0 Edi=2 Esi=77915A70 Ebp=303E2A4 Esp=303E2A4 Eip=77915A83

ADDR: 77AE2C46 CODE: 740a jz 0x77ae2c52
Eax=0 Ebx=76D1B498 Ecx=76F1E510 Edx=0 Edi=76D92850 Esi=76D1B270 Ebp=303E360 Esp=303E354 Eip=77AE2C46

ADDR: 77C98DEB CODE: 730a jae 0x77c98df7
Eax=EDB250A Ebx=76D1B498 Ecx=76D92850 Edx=444444 Edi=76D92850 Esi=76D1B270 Ebp=303E360 Esp=303E350 Eip=77C98DEB

ADDR: 77AD95B4 CODE: 7458 jz 0x77ad960e
Eax=BEA71F01 Ebx=76D1B498 Ecx=14 Edx=7728C8DC Edi=2 Esi=77915A70 Ebp=303E2D0 Esp=303E2B8 Eip=77AD95B4

ADDR: 77C98DEB CODE: 730a jae 0x77c98df7
Eax=EF22B4E Ebx=76D1B498 Ecx=77915A70 Edx=404000 Edi=2 Esi=77915A70 Ebp=303E2D0 Esp=303E2AC Eip=77C98DEB

ADDR: 77C909B7 CODE: 747f jz 0x77c90a38
Eax=2 Ebx=2E98FB4 Ecx=77915A70 Edx=2E98FB4 Edi=2 Esi=77915A70 Ebp=303E284 Esp=303E278 Eip=77C909B7

ADDR: 77C909BE CODE: 7378 jae 0x77c90a38
Eax=2 Ebx=2E98FB4 Ecx=77915A70 Edx=2E98FB4 Edi=2 Esi=77915A70 Ebp=303E284 Esp=303E278 Eip=77C909BE

ADDR: 77915A83 CODE: 790d jns 0x77915a92
Eax=0 Ebx=76D1B498 Ecx=33DA3C8 Edx=0 Edi=2 Esi=77915A70 Ebp=303E2A8 Esp=303E2A8 Eip=77915A83

ADDR: 77AD90DC CODE: 7454 jz 0x77ad9132
Eax=13A71F14 Ebx=76D1B498 Ecx=14 Edx=0 Edi=2 Esi=779000A0 Ebp=303E31C Esp=303E2C0 Eip=77AD90DC

ADDR: 77C98DEB CODE: 730a jae 0x77c98df7
Eax=EF20014 Ebx=76D1B498 Ecx=779000A0 Edx=104000 Edi=2 Esi=779000A0 Ebp=303E31C Esp=303E2B8 Eip=77C98DEB

ADDR: 77C8C686 CODE: 743c jz 0x77c8c6c4
Eax=2 Ebx=76D1B498 Ecx=33DA3C0 Edx=104000 Edi=2 Esi=2E98000 Ebp=303E29C Esp=303E29C Eip=77C8C686

ADDR: 77C8C68D CODE: 7335 jae 0x77c8c6c4
Eax=2 Ebx=76D1B498 Ecx=33DA3C0 Edx=104000 Edi=2 Esi=2E98000 Ebp=303E29C Esp=303E29C Eip=77C8C68D

ADDR: 77C8C6AC CODE: 740c jz 0x77c8c6ba
Eax=33DCAA0 Ebx=76D1B498 Ecx=33DA3C0 Edx=0 Edi=2 Esi=2 Ebp=303E29C Esp=303E298 Eip=77C8C6AC

ADDR: 77C8C6B4 CODE: 7404 jz 0x77c8c6ba
Eax=33DCAAC Ebx=76D1B498 Ecx=33DA3C0 Edx=0 Edi=2 Esi=2 Ebp=303E29C Esp=303E298 Eip=77C8C6B4

ADDR: 779000BD CODE: 791c jns 0x779000db
Eax=0 Ebx=76D1B498 Ecx=303E2B0 Edx=0 Edi=2 Esi=2E98000 Ebp=303E2B4 Esp=303E2AC Eip=779000BD

ADDR: 77C4E69A CODE: 7315 jae 0x77c4e6b1
Eax=77BB5C1C Ebx=76D1B498 Ecx=77BB5C18 Edx=2E98000 Edi=76D92850 Esi=7728C8DC Ebp=303E28C Esp=303E288 Eip=77C4E69A

ADDR: 77AD97A6 CODE: 0f8454720500 jz 0x77b30a00
Eax=303E2FC Ebx=7728C8DC Ecx=303E2E8 Edx=2E98000 Edi=76D92850 Esi=7728C8DC Ebp=303E290 Esp=303E270 Eip=77AD97A6

ADDR: 77AD97D3 CODE: 7479 jz 0x77ad984e
Eax=303E2FC Ebx=33EE380 Ecx=14 Edx=19A06614 Edi=33EE280 Esi=33EE308 Ebp=303E290 Esp=303E270 Eip=77AD97D3

ADDR: 77C47B53 CODE: 746e jz 0x77c47bc3
Eax=FFFFFFFE Ebx=77BB5C18 Ecx=FFFFFFFF Edx=19A06614 Edi=77BB5C1C Esi=FFFFFFFE Ebp=303E288 Esp=303E274 Eip=77C47B53

ADDR: 77AD94A4 CODE: 7458 jz 0x77ad94fe
Eax=BEA71F01 Ebx=76D1B498 Ecx=14 Edx=19A06614 Edi=2 Esi=77915A70 Ebp=303E2CC Esp=303E2B4 Eip=77AD94A4

ADDR: 77C98DEB CODE: 730a jae 0x77c98df7
Eax=EF22B4E Ebx=76D1B498 Ecx=77915A70 Edx=404000 Edi=2 Esi=77915A70 Ebp=303E2CC Esp=303E2A8 Eip=77C98DEB

ADDR: 77C909B7 CODE: 747f jz 0x77c90a38
Eax=2 Ebx=2E98FB4 Ecx=77915A70 Edx=2E98FB4 Edi=2 Esi=77915A70 Ebp=303E280 Esp=303E274 Eip=77C909B7

ADDR: 77C909BE CODE: 7378 jae 0x77c90a38
Eax=2 Ebx=2E98FB4 Ecx=77915A70 Edx=2E98FB4 Edi=2 Esi=77915A70 Ebp=303E280 Esp=303E274 Eip=77C909BE

ADDR: 77915A83 CODE: 790d jns 0x77915a92
Eax=0 Ebx=76D1B498 Ecx=33DA3C8 Edx=0 Edi=2 Esi=77915A70 Ebp=303E2A4 Esp=303E2A4 Eip=77915A83

ADDR: 77AE2C46 CODE: 740a jz 0x77ae2c52
Eax=0 Ebx=76D1B498 Ecx=76F1E530 Edx=0 Edi=76D92870 Esi=76D1B274 Ebp=303E360 Esp=303E354 Eip=77AE2C46

ADDR: 77C98DEB CODE: 730a jae 0x77c98df7
Eax=EDB250E Ebx=76D1B498 Ecx=76D92870 Edx=444444 Edi=76D92870 Esi=76D1B274 Ebp=303E360 Esp=303E350 Eip=77C98DEB

ADDR: 77AD95B4 CODE: 7458 jz 0x77ad960e
Eax=BEA71F01 Ebx=76D1B498 Ecx=14 Edx=7728C8DC Edi=2 Esi=77915A70 Ebp=303E2D0 Esp=303E2B8 Eip=77AD95B4

ADDR: 77C98DEB CODE: 730a jae 0x77c98df7
Eax=EF22B4E Ebx=76D1B498 Ecx=77915A70 Edx=404000 Edi=2 Esi=77915A70 Ebp=303E2D0 Esp=303E2AC Eip=77C98DEB

ADDR: 77C909B7 CODE: 747f jz 0x77c90a38
Eax=2 Ebx=2E98FB4 Ecx=77915A70 Edx=2E98FB4 Edi=2 Esi=77915A70 Ebp=303E284 Esp=303E278 Eip=77C909B7

ADDR: 77C909BE CODE: 7378 jae 0x77c90a38
Eax=2 Ebx=2E98FB4 Ecx=77915A70 Edx=2E98FB4 Edi=2 Esi=77915A70 Ebp=303E284 Esp=303E278 Eip=77C909BE

ADDR: 77915A83 CODE: 790d jns 0x77915a92
Eax=0 Ebx=76D1B498 Ecx=33DA3C8 Edx=0 Edi=2 Esi=77915A70 Ebp=303E2A8 Esp=303E2A8 Eip=77915A83

ADDR: 77AD90DC CODE: 7454 jz 0x77ad9132
Eax=13A71F14 Ebx=76D1B498 Ecx=14 Edx=0 Edi=2 Esi=779000A0 Ebp=303E31C Esp=303E2C0 Eip=77AD90DC

ADDR: 77C98DEB CODE: 730a jae 0x77c98df7
Eax=EF20014 Ebx=76D1B498 Ecx=779000A0 Edx=104000 Edi=2 Esi=779000A0 Ebp=303E31C Esp=303E2B8 Eip=77C98DEB

ADDR: 77C8C686 CODE: 743c jz 0x77c8c6c4
Eax=2 Ebx=76D1B498 Ecx=33DA3C0 Edx=104000 Edi=2 Esi=2E98000 Ebp=303E29C Esp=303E29C Eip=77C8C686

ADDR: 77C8C68D CODE: 7335 jae 0x77c8c6c4
Eax=2 Ebx=76D1B498 Ecx=33DA3C0 Edx=104000 Edi=2 Esi=2E98000 Ebp=303E29C Esp=303E29C Eip=77C8C68D

ADDR: 77C8C6AC CODE: 740c jz 0x77c8c6ba
Eax=33DCAA0 Ebx=76D1B498 Ecx=33DA3C0 Edx=0 Edi=2 Esi=2 Ebp=303E29C Esp=303E298 Eip=77C8C6AC

ADDR: 77C8C6B4 CODE: 7404 jz 0x77c8c6ba
Eax=33DCAAC Ebx=76D1B498 Ecx=33DA3C0 Edx=0 Edi=2 Esi=2 Ebp=303E29C Esp=303E298 Eip=77C8C6B4

ADDR: 779000BD CODE: 791c jns 0x779000db
Eax=0 Ebx=76D1B498 Ecx=303E2B0 Edx=0 Edi=2 Esi=2E98000 Ebp=303E2B4 Esp=303E2AC Eip=779000BD

ADDR: 77C4E69A CODE: 7315 jae 0x77c4e6b1
Eax=77BB5C1C Ebx=76D1B498 Ecx=77BB5C18 Edx=2E98000 Edi=76D92870 Esi=7728C8DC Ebp=303E28C Esp=303E288 Eip=77C4E69A

ADDR: 77AD97A6 CODE: 0f8454720500 jz 0x77b30a00
Eax=303E2FC Ebx=7728C8DC Ecx=303E2E8 Edx=2E98000 Edi=76D92870 Esi=7728C8DC Ebp=303E290 Esp=303E270 Eip=77AD97A6

ADDR: 77AD97D3 CODE: 7479 jz 0x77ad984e
Eax=303E2FC Ebx=33EE380 Ecx=14 Edx=19A06614 Edi=33EE280 Esi=33EE30C Ebp=303E290 Esp=303E270 Eip=77AD97D3

ADDR: 77C47B53 CODE: 746e jz 0x77c47bc3
Eax=FFFFFFFE Ebx=77BB5C18 Ecx=FFFFFFFF Edx=19A06614 Edi=77BB5C1C Esi=FFFFFFFE Ebp=303E288 Esp=303E274 Eip=77C47B53

ADDR: 77AD94A4 CODE: 7458 jz 0x77ad94fe
Eax=BEA71F01 Ebx=76D1B498 Ecx=14 Edx=19A06614 Edi=2 Esi=77915A70 Ebp=303E2CC Esp=303E2B4 Eip=77AD94A4

ADDR: 77C98DEB CODE: 730a jae 0x77c98df7
Eax=EF22B4E Ebx=76D1B498 Ecx=77915A70 Edx=404000 Edi=2 Esi=77915A70 Ebp=303E2CC Esp=303E2A8 Eip=77C98DEB

ADDR: 77C909B7 CODE: 747f jz 0x77c90a38
Eax=2 Ebx=2E98FB4 Ecx=77915A70 Edx=2E98FB4 Edi=2 Esi=77915A70 Ebp=303E280 Esp=303E274 Eip=77C909B7

ADDR: 77C909BE CODE: 7378 jae 0x77c90a38
Eax=2 Ebx=2E98FB4 Ecx=77915A70 Edx=2E98FB4 Edi=2 Esi=77915A70 Ebp=303E280 Esp=303E274 Eip=77C909BE

ADDR: 77915A83 CODE: 790d jns 0x77915a92
Eax=0 Ebx=76D1B498 Ecx=33DA3C8 Edx=0 Edi=2 Esi=77915A70 Ebp=303E2A4 Esp=303E2A4 Eip=77915A83

ADDR: 77AE2C46 CODE: 740a jz 0x77ae2c52
Eax=0 Ebx=76D1B498 Ecx=76F1E520 Edx=0 Edi=76D92890 Esi=76D1B278 Ebp=303E360 Esp=303E354 Eip=77AE2C46

ADDR: 77C98DEB CODE: 730a jae 0x77c98df7
Eax=EDB2512 Ebx=76D1B498 Ecx=76D92890 Edx=444444 Edi=76D92890 Esi=76D1B278 Ebp=303E360 Esp=303E350 Eip=77C98DEB

ADDR: 77AD95B4 CODE: 7458 jz 0x77ad960e
Eax=BEA71F01 Ebx=76D1B498 Ecx=14 Edx=7728C8DC Edi=2 Esi=77915A70 Ebp=303E2D0 Esp=303E2B8 Eip=77AD95B4

ADDR: 77C98DEB CODE: 730a jae 0x77c98df7
Eax=EF22B4E Ebx=76D1B498 Ecx=77915A70 Edx=404000 Edi=2 Esi=77915A70 Ebp=303E2D0 Esp=303E2AC Eip=77C98DEB

ADDR: 77C909B7 CODE: 747f jz 0x77c90a38
Eax=2 Ebx=2E98FB4 Ecx=77915A70 Edx=2E98FB4 Edi=2 Esi=77915A70 Ebp=303E284 Esp=303E278 Eip=77C909B7

ADDR: 77C909BE CODE: 7378 jae 0x77c90a38
Eax=2 Ebx=2E98FB4 Ecx=77915A70 Edx=2E98FB4 Edi=2 Esi=77915A70 Ebp=303E284 Esp=303E278 Eip=77C909BE

ADDR: 77915A83 CODE: 790d jns 0x77915a92
Eax=0 Ebx=76D1B498 Ecx=33DA3C8 Edx=0 Edi=2 Esi=77915A70 Ebp=303E2A8 Esp=303E2A8 Eip=77915A83

ADDR: 77AD90DC CODE: 7454 jz 0x77ad9132
Eax=13A71F14 Ebx=76D1B498 Ecx=14 Edx=0 Edi=2 Esi=779000A0 Ebp=303E31C Esp=303E2C0 Eip=77AD90DC

ADDR: 77C98DEB CODE: 730a jae 0x77c98df7
Eax=EF20014 Ebx=76D1B498 Ecx=779000A0 Edx=104000 Edi=2 Esi=779000A0 Ebp=303E31C Esp=303E2B8 Eip=77C98DEB

ADDR: 77C8C686 CODE: 743c jz 0x77c8c6c4
Eax=2 Ebx=76D1B498 Ecx=33DA3C0 Edx=104000 Edi=2 Esi=2E98000 Ebp=303E29C Esp=303E29C Eip=77C8C686

ADDR: 77C8C68D CODE: 7335 jae 0x77c8c6c4
Eax=2 Ebx=76D1B498 Ecx=33DA3C0 Edx=104000 Edi=2 Esi=2E98000 Ebp=303E29C Esp=303E29C Eip=77C8C68D

ADDR: 77C8C6AC CODE: 740c jz 0x77c8c6ba
Eax=33DCAA0 Ebx=76D1B498 Ecx=33DA3C0 Edx=0 Edi=2 Esi=2 Ebp=303E29C Esp=303E298 Eip=77C8C6AC

ADDR: 77C8C6B4 CODE: 7404 jz 0x77c8c6ba
Eax=33DCAAC Ebx=76D1B498 Ecx=33DA3C0 Edx=0 Edi=2 Esi=2 Ebp=303E29C Esp=303E298 Eip=77C8C6B4

ADDR: 779000BD CODE: 791c jns 0x779000db
Eax=0 Ebx=76D1B498 Ecx=303E2B0 Edx=0 Edi=2 Esi=2E98000 Ebp=303E2B4 Esp=303E2AC Eip=779000BD

ADDR: 77C4E69A CODE: 7315 jae 0x77c4e6b1
Eax=77BB5C1C Ebx=76D1B498 Ecx=77BB5C18 Edx=2E98000 Edi=76D92890 Esi=7728C8DC Ebp=303E28C Esp=303E288 Eip=77C4E69A

ADDR: 77AD97A6 CODE: 0f8454720500 jz 0x77b30a00
Eax=303E2FC Ebx=7728C8DC Ecx=303E2E8 Edx=2E98000 Edi=76D92890 Esi=7728C8DC Ebp=303E290 Esp=303E270 Eip=77AD97A6

ADDR: 77AD97D3 CODE: 7479 jz 0x77ad984e
Eax=303E2FC Ebx=33EE380 Ecx=14 Edx=19A06614 Edi=33EE280 Esi=33EE310 Ebp=303E290 Esp=303E270 Eip=77AD97D3

ADDR: 77C47B53 CODE: 746e jz 0x77c47bc3
Eax=FFFFFFFE Ebx=77BB5C18 Ecx=FFFFFFFF Edx=19A06614 Edi=77BB5C1C Esi=FFFFFFFE Ebp=303E288 Esp=303E274 Eip=77C47B53

ADDR: 77AD94A4 CODE: 7458 jz 0x77ad94fe
Eax=BEA71F01 Ebx=76D1B498 Ecx=14 Edx=19A06614 Edi=2 Esi=77915A70 Ebp=303E2CC Esp=303E2B4 Eip=77AD94A4

ADDR: 77C98DEB CODE: 730a jae 0x77c98df7
Eax=EF22B4E Ebx=76D1B498 Ecx=77915A70 Edx=404000 Edi=2 Esi=77915A70 Ebp=303E2CC Esp=303E2A8 Eip=77C98DEB

ADDR: 77C909B7 CODE: 747f jz 0x77c90a38
Eax=2 Ebx=2E98FB4 Ecx=77915A70 Edx=2E98FB4 Edi=2 Esi=77915A70 Ebp=303E280 Esp=303E274 Eip=77C909B7

ADDR: 77C909BE CODE: 7378 jae 0x77c90a38
Eax=2 Ebx=2E98FB4 Ecx=77915A70 Edx=2E98FB4 Edi=2 Esi=77915A70 Ebp=303E280 Esp=303E274 Eip=77C909BE

ADDR: 77915A83 CODE: 790d jns 0x77915a92
Eax=0 Ebx=76D1B498 Ecx=33DA3C8 Edx=0 Edi=2 Esi=77915A70 Ebp=303E2A4 Esp=303E2A4 Eip=77915A83

ADDR: 77AE2C46 CODE: 740a jz 0x77ae2c52
Eax=0 Ebx=76D1B498 Ecx=76F1E540 Edx=0 Edi=76D928B0 Esi=76D1B27C Ebp=303E360 Esp=303E354 Eip=77AE2C46

ADDR: 77C98DEB CODE: 730a jae 0x77c98df7
Eax=EDB2516 Ebx=76D1B498 Ecx=76D928B0 Edx=444444 Edi=76D928B0 Esi=76D1B27C Ebp=303E360 Esp=303E350 Eip=77C98DEB

ADDR: 77AE2C46 CODE: 740a jz 0x77ae2c52
Eax=5 Ebx=76D1B498 Ecx=0 Edx=444444 Edi=76D92930 Esi=76D1B280 Ebp=303E360 Esp=303E354 Eip=77AE2C46

ADDR: 77C98DEB CODE: 730a jae 0x77c98df7
Eax=EDB2526 Ebx=76D1B498 Ecx=76D92930 Edx=44444440 Edi=76D92930 Esi=76D1B280 Ebp=303E360 Esp=303E350 Eip=77C98DEB

ADDR: 77AD95B4 CODE: 7458 jz 0x77ad960e
Eax=BEA71F01 Ebx=76D1B498 Ecx=14 Edx=7728C8DC Edi=2 Esi=77915A70 Ebp=303E2D0 Esp=303E2B8 Eip=77AD95B4

ADDR: 77C98DEB CODE: 730a jae 0x77c98df7
Eax=EF22B4E Ebx=76D1B498 Ecx=77915A70 Edx=404000 Edi=2 Esi=77915A70 Ebp=303E2D0 Esp=303E2AC Eip=77C98DEB

ADDR: 77C909B7 CODE: 747f jz 0x77c90a38
Eax=2 Ebx=2E98FB4 Ecx=77915A70 Edx=2E98FB4 Edi=2 Esi=77915A70 Ebp=303E284 Esp=303E278 Eip=77C909B7

ADDR: 77C909BE CODE: 7378 jae 0x77c90a38
Eax=2 Ebx=2E98FB4 Ecx=77915A70 Edx=2E98FB4 Edi=2 Esi=77915A70 Ebp=303E284 Esp=303E278 Eip=77C909BE

ADDR: 77915A83 CODE: 790d jns 0x77915a92
Eax=0 Ebx=76D1B498 Ecx=33DA3C8 Edx=0 Edi=2 Esi=77915A70 Ebp=303E2A8 Esp=303E2A8 Eip=77915A83

ADDR: 77AD90DC CODE: 7454 jz 0x77ad9132
Eax=13A71F14 Ebx=76D1B498 Ecx=14 Edx=0 Edi=2 Esi=779000A0 Ebp=303E31C Esp=303E2C0 Eip=77AD90DC

ADDR: 77C98DEB CODE: 730a jae 0x77c98df7
Eax=EF20014 Ebx=76D1B498 Ecx=779000A0 Edx=104000 Edi=2 Esi=779000A0 Ebp=303E31C Esp=303E2B8 Eip=77C98DEB

ADDR: 77C8C686 CODE: 743c jz 0x77c8c6c4
Eax=2 Ebx=76D1B498 Ecx=33DA3C0 Edx=104000 Edi=2 Esi=2E98000 Ebp=303E29C Esp=303E29C Eip=77C8C686

ADDR: 77C8C68D CODE: 7335 jae 0x77c8c6c4
Eax=2 Ebx=76D1B498 Ecx=33DA3C0 Edx=104000 Edi=2 Esi=2E98000 Ebp=303E29C Esp=303E29C Eip=77C8C68D

ADDR: 77C8C6AC CODE: 740c jz 0x77c8c6ba
Eax=33DCAA0 Ebx=76D1B498 Ecx=33DA3C0 Edx=0 Edi=2 Esi=2 Ebp=303E29C Esp=303E298 Eip=77C8C6AC

ADDR: 77C8C6B4 CODE: 7404 jz 0x77c8c6ba
Eax=33DCAAC Ebx=76D1B498 Ecx=33DA3C0 Edx=0 Edi=2 Esi=2 Ebp=303E29C Esp=303E298 Eip=77C8C6B4

ADDR: 779000BD CODE: 791c jns 0x779000db
Eax=0 Ebx=76D1B498 Ecx=303E2B0 Edx=0 Edi=2 Esi=2E98000 Ebp=303E2B4 Esp=303E2AC Eip=779000BD

ADDR: 77C4E69A CODE: 7315 jae 0x77c4e6b1
Eax=77BB5C1C Ebx=76D1B498 Ecx=77BB5C18 Edx=2E98000 Edi=76D92930 Esi=7728C8DC Ebp=303E28C Esp=303E288 Eip=77C4E69A

ADDR: 77AD97A6 CODE: 0f8454720500 jz 0x77b30a00
Eax=303E2FC Ebx=7728C8DC Ecx=303E2E8 Edx=2E98000 Edi=76D92930 Esi=7728C8DC Ebp=303E290 Esp=303E270 Eip=77AD97A6

ADDR: 77AD97D3 CODE: 7479 jz 0x77ad984e
Eax=303E2FC Ebx=33EE380 Ecx=14 Edx=19A06614 Edi=33EE280 Esi=33EE314 Ebp=303E290 Esp=303E270 Eip=77AD97D3

ADDR: 77C47B53 CODE: 746e jz 0x77c47bc3
Eax=FFFFFFFE Ebx=77BB5C18 Ecx=FFFFFFFF Edx=19A06614 Edi=77BB5C1C Esi=FFFFFFFE Ebp=303E288 Esp=303E274 Eip=77C47B53

ADDR: 77AD94A4 CODE: 7458 jz 0x77ad94fe
Eax=BEA71F01 Ebx=76D1B498 Ecx=14 Edx=19A06614 Edi=2 Esi=77915A70 Ebp=303E2CC Esp=303E2B4 Eip=77AD94A4

ADDR: 77C98DEB CODE: 730a jae 0x77c98df7
Eax=EF22B4E Ebx=76D1B498 Ecx=77915A70 Edx=404000 Edi=2 Esi=77915A70 Ebp=303E2CC Esp=303E2A8 Eip=77C98DEB

ADDR: 77C909B7 CODE: 747f jz 0x77c90a38
Eax=2 Ebx=2E98FB4 Ecx=77915A70 Edx=2E98FB4 Edi=2 Esi=77915A70 Ebp=303E280 Esp=303E274 Eip=77C909B7

ADDR: 77C909BE CODE: 7378 jae 0x77c90a38
Eax=2 Ebx=2E98FB4 Ecx=77915A70 Edx=2E98FB4 Edi=2 Esi=77915A70 Ebp=303E280 Esp=303E274 Eip=77C909BE

ADDR: 77915A83 CODE: 790d jns 0x77915a92
Eax=0 Ebx=76D1B498 Ecx=33DA3C8 Edx=0 Edi=2 Esi=77915A70 Ebp=303E2A4 Esp=303E2A4 Eip=77915A83

ADDR: 77AE2C46 CODE: 740a jz 0x77ae2c52
Eax=0 Ebx=76D1B498 Ecx=76F1E550 Edx=0 Edi=76D92950 Esi=76D1B284 Ebp=303E360 Esp=303E354 Eip=77AE2C46

ADDR: 77C98DEB CODE: 730a jae 0x77c98df7
Eax=EDB252A Ebx=76D1B498 Ecx=76D92950 Edx=44444440 Edi=76D92950 Esi=76D1B284 Ebp=303E360 Esp=303E350 Eip=77C98DEB

ADDR: 77AD95B4 CODE: 7458 jz 0x77ad960e
Eax=BEA71F01 Ebx=76D1B498 Ecx=14 Edx=7728C8DC Edi=2 Esi=77915A70 Ebp=303E2D0 Esp=303E2B8 Eip=77AD95B4

ADDR: 77C98DEB CODE: 730a jae 0x77c98df7
Eax=EF22B4E Ebx=76D1B498 Ecx=77915A70 Edx=404000 Edi=2 Esi=77915A70 Ebp=303E2D0 Esp=303E2AC Eip=77C98DEB

ADDR: 77C909B7 CODE: 747f jz 0x77c90a38
Eax=2 Ebx=2E98FB4 Ecx=77915A70 Edx=2E98FB4 Edi=2 Esi=77915A70 Ebp=303E284 Esp=303E278 Eip=77C909B7

ADDR: 77C909BE CODE: 7378 jae 0x77c90a38
Eax=2 Ebx=2E98FB4 Ecx=77915A70 Edx=2E98FB4 Edi=2 Esi=77915A70 Ebp=303E284 Esp=303E278 Eip=77C909BE

ADDR: 77915A83 CODE: 790d jns 0x77915a92
Eax=0 Ebx=76D1B498 Ecx=33DA3C8 Edx=0 Edi=2 Esi=77915A70 Ebp=303E2A8 Esp=303E2A8 Eip=77915A83

ADDR: 77AD90DC CODE: 7454 jz 0x77ad9132
Eax=13A71F14 Ebx=76D1B498 Ecx=14 Edx=0 Edi=2 Esi=779000A0 Ebp=303E31C Esp=303E2C0 Eip=77AD90DC

ADDR: 77C98DEB CODE: 730a jae 0x77c98df7
Eax=EF20014 Ebx=76D1B498 Ecx=779000A0 Edx=104000 Edi=2 Esi=779000A0 Ebp=303E31C Esp=303E2B8 Eip=77C98DEB

ADDR: 77C8C686 CODE: 743c jz 0x77c8c6c4
Eax=2 Ebx=76D1B498 Ecx=33DA3C0 Edx=104000 Edi=2 Esi=2E98000 Ebp=303E29C Esp=303E29C Eip=77C8C686

ADDR: 77C8C68D CODE: 7335 jae 0x77c8c6c4
Eax=2 Ebx=76D1B498 Ecx=33DA3C0 Edx=104000 Edi=2 Esi=2E98000 Ebp=303E29C Esp=303E29C Eip=77C8C68D

ADDR: 77C8C6AC CODE: 740c jz 0x77c8c6ba
Eax=33DCAA0 Ebx=76D1B498 Ecx=33DA3C0 Edx=0 Edi=2 Esi=2 Ebp=303E29C Esp=303E298 Eip=77C8C6AC

ADDR: 77C8C6B4 CODE: 7404 jz 0x77c8c6ba
Eax=33DCAAC Ebx=76D1B498 Ecx=33DA3C0 Edx=0 Edi=2 Esi=2 Ebp=303E29C Esp=303E298 Eip=77C8C6B4

ADDR: 779000BD CODE: 791c jns 0x779000db
Eax=0 Ebx=76D1B498 Ecx=303E2B0 Edx=0 Edi=2 Esi=2E98000 Ebp=303E2B4 Esp=303E2AC Eip=779000BD

ADDR: 77C4E69A CODE: 7315 jae 0x77c4e6b1
Eax=77BB5C1C Ebx=76D1B498 Ecx=77BB5C18 Edx=2E98000 Edi=76D92950 Esi=7728C8DC Ebp=303E28C Esp=303E288 Eip=77C4E69A

ADDR: 77AD97A6 CODE: 0f8454720500 jz 0x77b30a00
Eax=303E2FC Ebx=7728C8DC Ecx=303E2E8 Edx=2E98000 Edi=76D92950 Esi=7728C8DC Ebp=303E290 Esp=303E270 Eip=77AD97A6

ADDR: 77AD97D3 CODE: 7479 jz 0x77ad984e
Eax=303E2FC Ebx=33EE380 Ecx=14 Edx=19A06614 Edi=33EE280 Esi=33EE318 Ebp=303E290 Esp=303E270 Eip=77AD97D3

ADDR: 77C47B53 CODE: 746e jz 0x77c47bc3
Eax=FFFFFFFE Ebx=77BB5C18 Ecx=FFFFFFFF Edx=19A06614 Edi=77BB5C1C Esi=FFFFFFFE Ebp=303E288 Esp=303E274 Eip=77C47B53

ADDR: 77AD94A4 CODE: 7458 jz 0x77ad94fe
Eax=BEA71F01 Ebx=76D1B498 Ecx=14 Edx=19A06614 Edi=2 Esi=77915A70 Ebp=303E2CC Esp=303E2B4 Eip=77AD94A4

ADDR: 77C98DEB CODE: 730a jae 0x77c98df7
Eax=EF22B4E Ebx=76D1B498 Ecx=77915A70 Edx=404000 Edi=2 Esi=77915A70 Ebp=303E2CC Esp=303E2A8 Eip=77C98DEB

ADDR: 77C909B7 CODE: 747f jz 0x77c90a38
Eax=2 Ebx=2E98FB4 Ecx=77915A70 Edx=2E98FB4 Edi=2 Esi=77915A70 Ebp=303E280 Esp=303E274 Eip=77C909B7

ADDR: 77C909BE CODE: 7378 jae 0x77c90a38
Eax=2 Ebx=2E98FB4 Ecx=77915A70 Edx=2E98FB4 Edi=2 Esi=77915A70 Ebp=303E280 Esp=303E274 Eip=77C909BE

ADDR: 77915A83 CODE: 790d jns 0x77915a92
Eax=0 Ebx=76D1B498 Ecx=33DA3C8 Edx=0 Edi=2 Esi=77915A70 Ebp=303E2A4 Esp=303E2A4 Eip=77915A83

ADDR: 77AE2C46 CODE: 740a jz 0x77ae2c52
Eax=0 Ebx=76D1B498 Ecx=76F1E560 Edx=0 Edi=76D92970 Esi=76D1B288 Ebp=303E360 Esp=303E354 Eip=77AE2C46

ADDR: 77C98DEB CODE: 730a jae 0x77c98df7
Eax=EDB252E Ebx=76D1B498 Ecx=76D92970 Edx=44444440 Edi=76D92970 Esi=76D1B288 Ebp=303E360 Esp=303E350 Eip=77C98DEB

ADDR: 77AD95B4 CODE: 7458 jz 0x77ad960e
Eax=BEA71F01 Ebx=76D1B498 Ecx=14 Edx=7728C8DC Edi=2 Esi=77915A70 Ebp=303E2D0 Esp=303E2B8 Eip=77AD95B4

ADDR: 77C98DEB CODE: 730a jae 0x77c98df7
Eax=EF22B4E Ebx=76D1B498 Ecx=77915A70 Edx=404000 Edi=2 Esi=77915A70 Ebp=303E2D0 Esp=303E2AC Eip=77C98DEB

ADDR: 77C909B7 CODE: 747f jz 0x77c90a38
Eax=2 Ebx=2E98FB4 Ecx=77915A70 Edx=2E98FB4 Edi=2 Esi=77915A70 Ebp=303E284 Esp=303E278 Eip=77C909B7

ADDR: 77C909BE CODE: 7378 jae 0x77c90a38
Eax=2 Ebx=2E98FB4 Ecx=77915A70 Edx=2E98FB4 Edi=2 Esi=77915A70 Ebp=303E284 Esp=303E278 Eip=77C909BE

ADDR: 77915A83 CODE: 790d jns 0x77915a92
Eax=0 Ebx=76D1B498 Ecx=33DA3C8 Edx=0 Edi=2 Esi=77915A70 Ebp=303E2A8 Esp=303E2A8 Eip=77915A83

ADDR: 77AD90DC CODE: 7454 jz 0x77ad9132
Eax=13A71F14 Ebx=76D1B498 Ecx=14 Edx=0 Edi=2 Esi=779000A0 Ebp=303E31C Esp=303E2C0 Eip=77AD90DC

ADDR: 77C98DEB CODE: 730a jae 0x77c98df7
Eax=EF20014 Ebx=76D1B498 Ecx=779000A0 Edx=104000 Edi=2 Esi=779000A0 Ebp=303E31C Esp=303E2B8 Eip=77C98DEB

ADDR: 77C8C686 CODE: 743c jz 0x77c8c6c4
Eax=2 Ebx=76D1B498 Ecx=33DA3C0 Edx=104000 Edi=2 Esi=2E98000 Ebp=303E29C Esp=303E29C Eip=77C8C686

ADDR: 77C8C68D CODE: 7335 jae 0x77c8c6c4
Eax=2 Ebx=76D1B498 Ecx=33DA3C0 Edx=104000 Edi=2 Esi=2E98000 Ebp=303E29C Esp=303E29C Eip=77C8C68D

ADDR: 77C8C6AC CODE: 740c jz 0x77c8c6ba
Eax=33DCAA0 Ebx=76D1B498 Ecx=33DA3C0 Edx=0 Edi=2 Esi=2 Ebp=303E29C Esp=303E298 Eip=77C8C6AC

ADDR: 77C8C6B4 CODE: 7404 jz 0x77c8c6ba
Eax=33DCAAC Ebx=76D1B498 Ecx=33DA3C0 Edx=0 Edi=2 Esi=2 Ebp=303E29C Esp=303E298 Eip=77C8C6B4

ADDR: 779000BD CODE: 791c jns 0x779000db
Eax=0 Ebx=76D1B498 Ecx=303E2B0 Edx=0 Edi=2 Esi=2E98000 Ebp=303E2B4 Esp=303E2AC Eip=779000BD

ADDR: 77C4E69A CODE: 7315 jae 0x77c4e6b1
Eax=77BB5C1C Ebx=76D1B498 Ecx=77BB5C18 Edx=2E98000 Edi=76D92970 Esi=7728C8DC Ebp=303E28C Esp=303E288 Eip=77C4E69A

ADDR: 77AD97A6 CODE: 0f8454720500 jz 0x77b30a00
Eax=303E2FC Ebx=7728C8DC Ecx=303E2E8 Edx=2E98000 Edi=76D92970 Esi=7728C8DC Ebp=303E290 Esp=303E270 Eip=77AD97A6

ADDR: 77AD97D3 CODE: 7479 jz 0x77ad984e
Eax=303E2FC Ebx=33EE380 Ecx=14 Edx=19A06614 Edi=33EE280 Esi=33EE31C Ebp=303E290 Esp=303E270 Eip=77AD97D3

ADDR: 77C47B53 CODE: 746e jz 0x77c47bc3
Eax=FFFFFFFE Ebx=77BB5C18 Ecx=FFFFFFFF Edx=19A06614 Edi=77BB5C1C Esi=FFFFFFFE Ebp=303E288 Esp=303E274 Eip=77C47B53

ADDR: 77AD94A4 CODE: 7458 jz 0x77ad94fe
Eax=BEA71F01 Ebx=76D1B498 Ecx=14 Edx=19A06614 Edi=2 Esi=77915A70 Ebp=303E2CC Esp=303E2B4 Eip=77AD94A4

ADDR: 77C98DEB CODE: 730a jae 0x77c98df7
Eax=EF22B4E Ebx=76D1B498 Ecx=77915A70 Edx=404000 Edi=2 Esi=77915A70 Ebp=303E2CC Esp=303E2A8 Eip=77C98DEB

ADDR: 77C909B7 CODE: 747f jz 0x77c90a38
Eax=2 Ebx=2E98FB4 Ecx=77915A70 Edx=2E98FB4 Edi=2 Esi=77915A70 Ebp=303E280 Esp=303E274 Eip=77C909B7

ADDR: 77C909BE CODE: 7378 jae 0x77c90a38
Eax=2 Ebx=2E98FB4 Ecx=77915A70 Edx=2E98FB4 Edi=2 Esi=77915A70 Ebp=303E280 Esp=303E274 Eip=77C909BE

ADDR: 77915A83 CODE: 790d jns 0x77915a92
Eax=0 Ebx=76D1B498 Ecx=33DA3C8 Edx=0 Edi=2 Esi=77915A70 Ebp=303E2A4 Esp=303E2A4 Eip=77915A83

ADDR: 77AE2C46 CODE: 740a jz 0x77ae2c52
Eax=0 Ebx=76D1B498 Ecx=76F1E570 Edx=0 Edi=76D92990 Esi=76D1B28C Ebp=303E360 Esp=303E354 Eip=77AE2C46

ADDR: 77C98DEB CODE: 730a jae 0x77c98df7
Eax=EDB2532 Ebx=76D1B498 Ecx=76D92990 Edx=44444440 Edi=76D92990 Esi=76D1B28C Ebp=303E360 Esp=303E350 Eip=77C98DEB

ADDR: 77AD95B4 CODE: 7458 jz 0x77ad960e
Eax=BEA71F01 Ebx=76D1B498 Ecx=14 Edx=7728C8DC Edi=2 Esi=77915A70 Ebp=303E2D0 Esp=303E2B8 Eip=77AD95B4

ADDR: 77C98DEB CODE: 730a jae 0x77c98df7
Eax=EF22B4E Ebx=76D1B498 Ecx=77915A70 Edx=404000 Edi=2 Esi=77915A70 Ebp=303E2D0 Esp=303E2AC Eip=77C98DEB

ADDR: 77C909B7 CODE: 747f jz 0x77c90a38
Eax=2 Ebx=2E98FB4 Ecx=77915A70 Edx=2E98FB4 Edi=2 Esi=77915A70 Ebp=303E284 Esp=303E278 Eip=77C909B7

ADDR: 77C909BE CODE: 7378 jae 0x77c90a38
Eax=2 Ebx=2E98FB4 Ecx=77915A70 Edx=2E98FB4 Edi=2 Esi=77915A70 Ebp=303E284 Esp=303E278 Eip=77C909BE

ADDR: 77915A83 CODE: 790d jns 0x77915a92
Eax=0 Ebx=76D1B498 Ecx=33DA3C8 Edx=0 Edi=2 Esi=77915A70 Ebp=303E2A8 Esp=303E2A8 Eip=77915A83

ADDR: 77AD90DC CODE: 7454 jz 0x77ad9132
Eax=13A71F14 Ebx=76D1B498 Ecx=14 Edx=0 Edi=2 Esi=779000A0 Ebp=303E31C Esp=303E2C0 Eip=77AD90DC

ADDR: 77C98DEB CODE: 730a jae 0x77c98df7
Eax=EF20014 Ebx=76D1B498 Ecx=779000A0 Edx=104000 Edi=2 Esi=779000A0 Ebp=303E31C Esp=303E2B8 Eip=77C98DEB

ADDR: 77C8C686 CODE: 743c jz 0x77c8c6c4
Eax=2 Ebx=76D1B498 Ecx=33DA3C0 Edx=104000 Edi=2 Esi=2E98000 Ebp=303E29C Esp=303E29C Eip=77C8C686

ADDR: 77C8C68D CODE: 7335 jae 0x77c8c6c4
Eax=2 Ebx=76D1B498 Ecx=33DA3C0 Edx=104000 Edi=2 Esi=2E98000 Ebp=303E29C Esp=303E29C Eip=77C8C68D

ADDR: 77C8C6AC CODE: 740c jz 0x77c8c6ba
Eax=33DCAA0 Ebx=76D1B498 Ecx=33DA3C0 Edx=0 Edi=2 Esi=2 Ebp=303E29C Esp=303E298 Eip=77C8C6AC

ADDR: 77C8C6B4 CODE: 7404 jz 0x77c8c6ba
Eax=33DCAAC Ebx=76D1B498 Ecx=33DA3C0 Edx=0 Edi=2 Esi=2 Ebp=303E29C Esp=303E298 Eip=77C8C6B4

ADDR: 779000BD CODE: 791c jns 0x779000db
Eax=0 Ebx=76D1B498 Ecx=303E2B0 Edx=0 Edi=2 Esi=2E98000 Ebp=303E2B4 Esp=303E2AC Eip=779000BD

ADDR: 77C4E69A CODE: 7315 jae 0x77c4e6b1
Eax=77BB5C1C Ebx=76D1B498 Ecx=77BB5C18 Edx=2E98000 Edi=76D92990 Esi=7728C8DC Ebp=303E28C Esp=303E288 Eip=77C4E69A

ADDR: 77AD97A6 CODE: 0f8454720500 jz 0x77b30a00
Eax=303E2FC Ebx=7728C8DC Ecx=303E2E8 Edx=2E98000 Edi=76D92990 Esi=7728C8DC Ebp=303E290 Esp=303E270 Eip=77AD97A6

ADDR: 77AD97D3 CODE: 7479 jz 0x77ad984e
Eax=303E2FC Ebx=33EE380 Ecx=14 Edx=19A06614 Edi=33EE280 Esi=33EE320 Ebp=303E290 Esp=303E270 Eip=77AD97D3

ADDR: 77C47B53 CODE: 746e jz 0x77c47bc3
Eax=FFFFFFFE Ebx=77BB5C18 Ecx=FFFFFFFF Edx=19A06614 Edi=77BB5C1C Esi=FFFFFFFE Ebp=303E288 Esp=303E274 Eip=77C47B53

ADDR: 77AD94A4 CODE: 7458 jz 0x77ad94fe
Eax=BEA71F01 Ebx=76D1B498 Ecx=14 Edx=19A06614 Edi=2 Esi=77915A70 Ebp=303E2CC Esp=303E2B4 Eip=77AD94A4

ADDR: 77C98DEB CODE: 730a jae 0x77c98df7
Eax=EF22B4E Ebx=76D1B498 Ecx=77915A70 Edx=404000 Edi=2 Esi=77915A70 Ebp=303E2CC Esp=303E2A8 Eip=77C98DEB

ADDR: 77C909B7 CODE: 747f jz 0x77c90a38
Eax=2 Ebx=2E98FB4 Ecx=77915A70 Edx=2E98FB4 Edi=2 Esi=77915A70 Ebp=303E280 Esp=303E274 Eip=77C909B7

ADDR: 77C909BE CODE: 7378 jae 0x77c90a38
Eax=2 Ebx=2E98FB4 Ecx=77915A70 Edx=2E98FB4 Edi=2 Esi=77915A70 Ebp=303E280 Esp=303E274 Eip=77C909BE

ADDR: 77915A83 CODE: 790d jns 0x77915a92
Eax=0 Ebx=76D1B498 Ecx=33DA3C8 Edx=0 Edi=2 Esi=77915A70 Ebp=303E2A4 Esp=303E2A4 Eip=77915A83

ADDR: 77AE2C46 CODE: 740a jz 0x77ae2c52
Eax=0 Ebx=76D1B498 Ecx=76F1E5A0 Edx=0 Edi=76D929B0 Esi=76D1B290 Ebp=303E360 Esp=303E354 Eip=77AE2C46

ADDR: 77C98DEB CODE: 730a jae 0x77c98df7
Eax=EDB2536 Ebx=76D1B498 Ecx=76D929B0 Edx=44444440 Edi=76D929B0 Esi=76D1B290 Ebp=303E360 Esp=303E350 Eip=77C98DEB

ADDR: 77AD95B4 CODE: 7458 jz 0x77ad960e
Eax=BEA71F01 Ebx=76D1B498 Ecx=14 Edx=7728C8DC Edi=2 Esi=77915A70 Ebp=303E2D0 Esp=303E2B8 Eip=77AD95B4

ADDR: 77C98DEB CODE: 730a jae 0x77c98df7
Eax=EF22B4E Ebx=76D1B498 Ecx=77915A70 Edx=404000 Edi=2 Esi=77915A70 Ebp=303E2D0 Esp=303E2AC Eip=77C98DEB

ADDR: 77C909B7 CODE: 747f jz 0x77c90a38
Eax=2 Ebx=2E98FB4 Ecx=77915A70 Edx=2E98FB4 Edi=2 Esi=77915A70 Ebp=303E284 Esp=303E278 Eip=77C909B7

ADDR: 77C909BE CODE: 7378 jae 0x77c90a38
Eax=2 Ebx=2E98FB4 Ecx=77915A70 Edx=2E98FB4 Edi=2 Esi=77915A70 Ebp=303E284 Esp=303E278 Eip=77C909BE

ADDR: 77915A83 CODE: 790d jns 0x77915a92
Eax=0 Ebx=76D1B498 Ecx=33DA3C8 Edx=0 Edi=2 Esi=77915A70 Ebp=303E2A8 Esp=303E2A8 Eip=77915A83

ADDR: 77AD90DC CODE: 7454 jz 0x77ad9132
Eax=13A71F14 Ebx=76D1B498 Ecx=14 Edx=0 Edi=2 Esi=779000A0 Ebp=303E31C Esp=303E2C0 Eip=77AD90DC

ADDR: 77C98DEB CODE: 730a jae 0x77c98df7
Eax=EF20014 Ebx=76D1B498 Ecx=779000A0 Edx=104000 Edi=2 Esi=779000A0 Ebp=303E31C Esp=303E2B8 Eip=77C98DEB

ADDR: 77C8C686 CODE: 743c jz 0x77c8c6c4
Eax=2 Ebx=76D1B498 Ecx=33DA3C0 Edx=104000 Edi=2 Esi=2E98000 Ebp=303E29C Esp=303E29C Eip=77C8C686

ADDR: 77C8C68D CODE: 7335 jae 0x77c8c6c4
Eax=2 Ebx=76D1B498 Ecx=33DA3C0 Edx=104000 Edi=2 Esi=2E98000 Ebp=303E29C Esp=303E29C Eip=77C8C68D

ADDR: 77C8C6AC CODE: 740c jz 0x77c8c6ba
Eax=33DCAA0 Ebx=76D1B498 Ecx=33DA3C0 Edx=0 Edi=2 Esi=2 Ebp=303E29C Esp=303E298 Eip=77C8C6AC

ADDR: 77C8C6B4 CODE: 7404 jz 0x77c8c6ba
Eax=33DCAAC Ebx=76D1B498 Ecx=33DA3C0 Edx=0 Edi=2 Esi=2 Ebp=303E29C Esp=303E298 Eip=77C8C6B4

ADDR: 779000BD CODE: 791c jns 0x779000db
Eax=0 Ebx=76D1B498 Ecx=303E2B0 Edx=0 Edi=2 Esi=2E98000 Ebp=303E2B4 Esp=303E2AC Eip=779000BD

ADDR: 77C4E69A CODE: 7315 jae 0x77c4e6b1
Eax=77BB5C1C Ebx=76D1B498 Ecx=77BB5C18 Edx=2E98000 Edi=76D929B0 Esi=7728C8DC Ebp=303E28C Esp=303E288 Eip=77C4E69A

ADDR: 77AD97A6 CODE: 0f8454720500 jz 0x77b30a00
Eax=303E2FC Ebx=7728C8DC Ecx=303E2E8 Edx=2E98000 Edi=76D929B0 Esi=7728C8DC Ebp=303E290 Esp=303E270 Eip=77AD97A6

ADDR: 77AD97D3 CODE: 7479 jz 0x77ad984e
Eax=303E2FC Ebx=33EE380 Ecx=14 Edx=19A06614 Edi=33EE280 Esi=33EE324 Ebp=303E290 Esp=303E270 Eip=77AD97D3

ADDR: 77C47B53 CODE: 746e jz 0x77c47bc3
Eax=FFFFFFFE Ebx=77BB5C18 Ecx=FFFFFFFF Edx=19A06614 Edi=77BB5C1C Esi=FFFFFFFE Ebp=303E288 Esp=303E274 Eip=77C47B53

ADDR: 77AD94A4 CODE: 7458 jz 0x77ad94fe
Eax=BEA71F01 Ebx=76D1B498 Ecx=14 Edx=19A06614 Edi=2 Esi=77915A70 Ebp=303E2CC Esp=303E2B4 Eip=77AD94A4

ADDR: 77C98DEB CODE: 730a jae 0x77c98df7
Eax=EF22B4E Ebx=76D1B498 Ecx=77915A70 Edx=404000 Edi=2 Esi=77915A70 Ebp=303E2CC Esp=303E2A8 Eip=77C98DEB

ADDR: 77C909B7 CODE: 747f jz 0x77c90a38
Eax=2 Ebx=2E98FB4 Ecx=77915A70 Edx=2E98FB4 Edi=2 Esi=77915A70 Ebp=303E280 Esp=303E274 Eip=77C909B7

ADDR: 77C909BE CODE: 7378 jae 0x77c90a38
Eax=2 Ebx=2E98FB4 Ecx=77915A70 Edx=2E98FB4 Edi=2 Esi=77915A70 Ebp=303E280 Esp=303E274 Eip=77C909BE

ADDR: 77915A83 CODE: 790d jns 0x77915a92
Eax=0 Ebx=76D1B498 Ecx=33DA3C8 Edx=0 Edi=2 Esi=77915A70 Ebp=303E2A4 Esp=303E2A4 Eip=77915A83

ADDR: 77AE2C46 CODE: 740a jz 0x77ae2c52
Eax=0 Ebx=76D1B498 Ecx=76F1E5B0 Edx=0 Edi=76D929D0 Esi=76D1B294 Ebp=303E360 Esp=303E354 Eip=77AE2C46

ADDR: 77C98DEB CODE: 730a jae 0x77c98df7
Eax=EDB253A Ebx=76D1B498 Ecx=76D929D0 Edx=44444440 Edi=76D929D0 Esi=76D1B294 Ebp=303E360 Esp=303E350 Eip=77C98DEB

ADDR: 77AD95B4 CODE: 7458 jz 0x77ad960e
Eax=BEA71F01 Ebx=76D1B498 Ecx=14 Edx=7728C8DC Edi=2 Esi=77915A70 Ebp=303E2D0 Esp=303E2B8 Eip=77AD95B4

ADDR: 77C98DEB CODE: 730a jae 0x77c98df7
Eax=EF22B4E Ebx=76D1B498 Ecx=77915A70 Edx=404000 Edi=2 Esi=77915A70 Ebp=303E2D0 Esp=303E2AC Eip=77C98DEB

ADDR: 77C909B7 CODE: 747f jz 0x77c90a38
Eax=2 Ebx=2E98FB4 Ecx=77915A70 Edx=2E98FB4 Edi=2 Esi=77915A70 Ebp=303E284 Esp=303E278 Eip=77C909B7

ADDR: 77C909BE CODE: 7378 jae 0x77c90a38
Eax=2 Ebx=2E98FB4 Ecx=77915A70 Edx=2E98FB4 Edi=2 Esi=77915A70 Ebp=303E284 Esp=303E278 Eip=77C909BE

ADDR: 77915A83 CODE: 790d jns 0x77915a92
Eax=0 Ebx=76D1B498 Ecx=33DA3C8 Edx=0 Edi=2 Esi=77915A70 Ebp=303E2A8 Esp=303E2A8 Eip=77915A83

ADDR: 77AD90DC CODE: 7454 jz 0x77ad9132
Eax=13A71F14 Ebx=76D1B498 Ecx=14 Edx=0 Edi=2 Esi=779000A0 Ebp=303E31C Esp=303E2C0 Eip=77AD90DC

ADDR: 77C98DEB CODE: 730a jae 0x77c98df7
Eax=EF20014 Ebx=76D1B498 Ecx=779000A0 Edx=104000 Edi=2 Esi=779000A0 Ebp=303E31C Esp=303E2B8 Eip=77C98DEB

ADDR: 77C8C686 CODE: 743c jz 0x77c8c6c4
Eax=2 Ebx=76D1B498 Ecx=33DA3C0 Edx=104000 Edi=2 Esi=2E98000 Ebp=303E29C Esp=303E29C Eip=77C8C686

ADDR: 77C8C68D CODE: 7335 jae 0x77c8c6c4
Eax=2 Ebx=76D1B498 Ecx=33DA3C0 Edx=104000 Edi=2 Esi=2E98000 Ebp=303E29C Esp=303E29C Eip=77C8C68D

ADDR: 77C8C6AC CODE: 740c jz 0x77c8c6ba
Eax=33DCAA0 Ebx=76D1B498 Ecx=33DA3C0 Edx=0 Edi=2 Esi=2 Ebp=303E29C Esp=303E298 Eip=77C8C6AC

ADDR: 77C8C6B4 CODE: 7404 jz 0x77c8c6ba
Eax=33DCAAC Ebx=76D1B498 Ecx=33DA3C0 Edx=0 Edi=2 Esi=2 Ebp=303E29C Esp=303E298 Eip=77C8C6B4

ADDR: 779000BD CODE: 791c jns 0x779000db
Eax=0 Ebx=76D1B498 Ecx=303E2B0 Edx=0 Edi=2 Esi=2E98000 Ebp=303E2B4 Esp=303E2AC Eip=779000BD

ADDR: 77C4E69A CODE: 7315 jae 0x77c4e6b1
Eax=77BB5C1C Ebx=76D1B498 Ecx=77BB5C18 Edx=2E98000 Edi=76D929D0 Esi=7728C8DC Ebp=303E28C Esp=303E288 Eip=77C4E69A

ADDR: 77AD97A6 CODE: 0f8454720500 jz 0x77b30a00
Eax=303E2FC Ebx=7728C8DC Ecx=303E2E8 Edx=2E98000 Edi=76D929D0 Esi=7728C8DC Ebp=303E290 Esp=303E270 Eip=77AD97A6

ADDR: 77AD97D3 CODE: 7479 jz 0x77ad984e
Eax=303E2FC Ebx=33EE380 Ecx=14 Edx=19A06614 Edi=33EE280 Esi=33EE328 Ebp=303E290 Esp=303E270 Eip=77AD97D3

ADDR: 77C47B53 CODE: 746e jz 0x77c47bc3
Eax=FFFFFFFE Ebx=77BB5C18 Ecx=FFFFFFFF Edx=19A06614 Edi=77BB5C1C Esi=FFFFFFFE Ebp=303E288 Esp=303E274 Eip=77C47B53

ADDR: 77AD94A4 CODE: 7458 jz 0x77ad94fe
Eax=BEA71F01 Ebx=76D1B498 Ecx=14 Edx=19A06614 Edi=2 Esi=77915A70 Ebp=303E2CC Esp=303E2B4 Eip=77AD94A4

ADDR: 77C98DEB CODE: 730a jae 0x77c98df7
Eax=EF22B4E Ebx=76D1B498 Ecx=77915A70 Edx=404000 Edi=2 Esi=77915A70 Ebp=303E2CC Esp=303E2A8 Eip=77C98DEB

ADDR: 77C909B7 CODE: 747f jz 0x77c90a38
Eax=2 Ebx=2E98FB4 Ecx=77915A70 Edx=2E98FB4 Edi=2 Esi=77915A70 Ebp=303E280 Esp=303E274 Eip=77C909B7

ADDR: 77C909BE CODE: 7378 jae 0x77c90a38
Eax=2 Ebx=2E98FB4 Ecx=77915A70 Edx=2E98FB4 Edi=2 Esi=77915A70 Ebp=303E280 Esp=303E274 Eip=77C909BE

ADDR: 77915A83 CODE: 790d jns 0x77915a92
Eax=0 Ebx=76D1B498 Ecx=33DA3C8 Edx=0 Edi=2 Esi=77915A70 Ebp=303E2A4 Esp=303E2A4 Eip=77915A83

ADDR: 77AE2C46 CODE: 740a jz 0x77ae2c52
Eax=0 Ebx=76D1B498 Ecx=76F1E5C0 Edx=0 Edi=76D92A50 Esi=76D1B298 Ebp=303E360 Esp=303E354 Eip=77AE2C46

ADDR: 77C98DEB CODE: 730a jae 0x77c98df7
Eax=EDB254A Ebx=76D1B498 Ecx=76D92A50 Edx=44444444 Edi=76D92A50 Esi=76D1B298 Ebp=303E360 Esp=303E350 Eip=77C98DEB

ADDR: 77AD95B4 CODE: 7458 jz 0x77ad960e
Eax=BEA71F01 Ebx=76D1B498 Ecx=14 Edx=7728C8DC Edi=2 Esi=77915A70 Ebp=303E2D0 Esp=303E2B8 Eip=77AD95B4

ADDR: 77C98DEB CODE: 730a jae 0x77c98df7
Eax=EF22B4E Ebx=76D1B498 Ecx=77915A70 Edx=404000 Edi=2 Esi=77915A70 Ebp=303E2D0 Esp=303E2AC Eip=77C98DEB

ADDR: 77C909B7 CODE: 747f jz 0x77c90a38
Eax=2 Ebx=2E98FB4 Ecx=77915A70 Edx=2E98FB4 Edi=2 Esi=77915A70 Ebp=303E284 Esp=303E278 Eip=77C909B7

ADDR: 77C909BE CODE: 7378 jae 0x77c90a38
Eax=2 Ebx=2E98FB4 Ecx=77915A70 Edx=2E98FB4 Edi=2 Esi=77915A70 Ebp=303E284 Esp=303E278 Eip=77C909BE

ADDR: 77915A83 CODE: 790d jns 0x77915a92
Eax=0 Ebx=76D1B498 Ecx=33DA3C8 Edx=0 Edi=2 Esi=77915A70 Ebp=303E2A8 Esp=303E2A8 Eip=77915A83

ADDR: 77AD90DC CODE: 7454 jz 0x77ad9132
Eax=13A71F14 Ebx=76D1B498 Ecx=14 Edx=0 Edi=2 Esi=779000A0 Ebp=303E31C Esp=303E2C0 Eip=77AD90DC

ADDR: 77C98DEB CODE: 730a jae 0x77c98df7
Eax=EF20014 Ebx=76D1B498 Ecx=779000A0 Edx=104000 Edi=2 Esi=779000A0 Ebp=303E31C Esp=303E2B8 Eip=77C98DEB

ADDR: 77C8C686 CODE: 743c jz 0x77c8c6c4
Eax=2 Ebx=76D1B498 Ecx=33DA3C0 Edx=104000 Edi=2 Esi=2E98000 Ebp=303E29C Esp=303E29C Eip=77C8C686

ADDR: 77C8C68D CODE: 7335 jae 0x77c8c6c4
Eax=2 Ebx=76D1B498 Ecx=33DA3C0 Edx=104000 Edi=2 Esi=2E98000 Ebp=303E29C Esp=303E29C Eip=77C8C68D

ADDR: 77C8C6AC CODE: 740c jz 0x77c8c6ba
Eax=33DCAA0 Ebx=76D1B498 Ecx=33DA3C0 Edx=0 Edi=2 Esi=2 Ebp=303E29C Esp=303E298 Eip=77C8C6AC

ADDR: 77C8C6B4 CODE: 7404 jz 0x77c8c6ba
Eax=33DCAAC Ebx=76D1B498 Ecx=33DA3C0 Edx=0 Edi=2 Esi=2 Ebp=303E29C Esp=303E298 Eip=77C8C6B4

ADDR: 779000BD CODE: 791c jns 0x779000db
Eax=0 Ebx=76D1B498 Ecx=303E2B0 Edx=0 Edi=2 Esi=2E98000 Ebp=303E2B4 Esp=303E2AC Eip=779000BD

ADDR: 77C4E69A CODE: 7315 jae 0x77c4e6b1
Eax=77BB5C1C Ebx=76D1B498 Ecx=77BB5C18 Edx=2E98000 Edi=76D92A50 Esi=7728C8DC Ebp=303E28C Esp=303E288 Eip=77C4E69A

ADDR: 77AD97A6 CODE: 0f8454720500 jz 0x77b30a00
Eax=303E2FC Ebx=7728C8DC Ecx=303E2E8 Edx=2E98000 Edi=76D92A50 Esi=7728C8DC Ebp=303E290 Esp=303E270 Eip=77AD97A6

ADDR: 77AD97D3 CODE: 7479 jz 0x77ad984e
Eax=303E2FC Ebx=33EE380 Ecx=14 Edx=19A06614 Edi=33EE280 Esi=33EE32C Ebp=303E290 Esp=303E270 Eip=77AD97D3

ADDR: 77C47B53 CODE: 746e jz 0x77c47bc3
Eax=FFFFFFFE Ebx=77BB5C18 Ecx=FFFFFFFF Edx=19A06614 Edi=77BB5C1C Esi=FFFFFFFE Ebp=303E288 Esp=303E274 Eip=77C47B53

ADDR: 77AD94A4 CODE: 7458 jz 0x77ad94fe
Eax=BEA71F01 Ebx=76D1B498 Ecx=14 Edx=19A06614 Edi=2 Esi=77915A70 Ebp=303E2CC Esp=303E2B4 Eip=77AD94A4

ADDR: 77C98DEB CODE: 730a jae 0x77c98df7
Eax=EF22B4E Ebx=76D1B498 Ecx=77915A70 Edx=404000 Edi=2 Esi=77915A70 Ebp=303E2CC Esp=303E2A8 Eip=77C98DEB

ADDR: 77C909B7 CODE: 747f jz 0x77c90a38
Eax=2 Ebx=2E98FB4 Ecx=77915A70 Edx=2E98FB4 Edi=2 Esi=77915A70 Ebp=303E280 Esp=303E274 Eip=77C909B7

ADDR: 77C909BE CODE: 7378 jae 0x77c90a38
Eax=2 Ebx=2E98FB4 Ecx=77915A70 Edx=2E98FB4 Edi=2 Esi=77915A70 Ebp=303E280 Esp=303E274 Eip=77C909BE

ADDR: 77915A83 CODE: 790d jns 0x77915a92
Eax=0 Ebx=76D1B498 Ecx=33DA3C8 Edx=0 Edi=2 Esi=77915A70 Ebp=303E2A4 Esp=303E2A4 Eip=77915A83

ADDR: 77AE2C46 CODE: 740a jz 0x77ae2c52
Eax=0 Ebx=76D1B498 Ecx=76F1E600 Edx=0 Edi=76D92A30 Esi=76D1B29C Ebp=303E360 Esp=303E354 Eip=77AE2C46

ADDR: 77C98DEB CODE: 730a jae 0x77c98df7
Eax=EDB2546 Ebx=76D1B498 Ecx=76D92A30 Edx=44444444 Edi=76D92A30 Esi=76D1B29C Ebp=303E360 Esp=303E350 Eip=77C98DEB

ADDR: 77AD95B4 CODE: 7458 jz 0x77ad960e
Eax=BEA71F01 Ebx=76D1B498 Ecx=14 Edx=7728C8DC Edi=2 Esi=77915A70 Ebp=303E2D0 Esp=303E2B8 Eip=77AD95B4

ADDR: 77C98DEB CODE: 730a jae 0x77c98df7
Eax=EF22B4E Ebx=76D1B498 Ecx=77915A70 Edx=404000 Edi=2 Esi=77915A70 Ebp=303E2D0 Esp=303E2AC Eip=77C98DEB

ADDR: 77C909B7 CODE: 747f jz 0x77c90a38
Eax=2 Ebx=2E98FB4 Ecx=77915A70 Edx=2E98FB4 Edi=2 Esi=77915A70 Ebp=303E284 Esp=303E278 Eip=77C909B7

ADDR: 77C909BE CODE: 7378 jae 0x77c90a38
Eax=2 Ebx=2E98FB4 Ecx=77915A70 Edx=2E98FB4 Edi=2 Esi=77915A70 Ebp=303E284 Esp=303E278 Eip=77C909BE

ADDR: 77915A83 CODE: 790d jns 0x77915a92
Eax=0 Ebx=76D1B498 Ecx=33DA3C8 Edx=0 Edi=2 Esi=77915A70 Ebp=303E2A8 Esp=303E2A8 Eip=77915A83

ADDR: 77AD90DC CODE: 7454 jz 0x77ad9132
Eax=13A71F14 Ebx=76D1B498 Ecx=14 Edx=0 Edi=2 Esi=779000A0 Ebp=303E31C Esp=303E2C0 Eip=77AD90DC

ADDR: 77C98DEB CODE: 730a jae 0x77c98df7
Eax=EF20014 Ebx=76D1B498 Ecx=779000A0 Edx=104000 Edi=2 Esi=779000A0 Ebp=303E31C Esp=303E2B8 Eip=77C98DEB

ADDR: 77C8C686 CODE: 743c jz 0x77c8c6c4
Eax=2 Ebx=76D1B498 Ecx=33DA3C0 Edx=104000 Edi=2 Esi=2E98000 Ebp=303E29C Esp=303E29C Eip=77C8C686

ADDR: 77C8C68D CODE: 7335 jae 0x77c8c6c4
Eax=2 Ebx=76D1B498 Ecx=33DA3C0 Edx=104000 Edi=2 Esi=2E98000 Ebp=303E29C Esp=303E29C Eip=77C8C68D

ADDR: 77C8C6AC CODE: 740c jz 0x77c8c6ba
Eax=33DCAA0 Ebx=76D1B498 Ecx=33DA3C0 Edx=0 Edi=2 Esi=2 Ebp=303E29C Esp=303E298 Eip=77C8C6AC

ADDR: 77C8C6B4 CODE: 7404 jz 0x77c8c6ba
Eax=33DCAAC Ebx=76D1B498 Ecx=33DA3C0 Edx=0 Edi=2 Esi=2 Ebp=303E29C Esp=303E298 Eip=77C8C6B4

ADDR: 779000BD CODE: 791c jns 0x779000db
Eax=0 Ebx=76D1B498 Ecx=303E2B0 Edx=0 Edi=2 Esi=2E98000 Ebp=303E2B4 Esp=303E2AC Eip=779000BD

ADDR: 77C4E69A CODE: 7315 jae 0x77c4e6b1
Eax=77BB5C1C Ebx=76D1B498 Ecx=77BB5C18 Edx=2E98000 Edi=76D92A30 Esi=7728C8DC Ebp=303E28C Esp=303E288 Eip=77C4E69A

ADDR: 77AD97A6 CODE: 0f8454720500 jz 0x77b30a00
Eax=303E2FC Ebx=7728C8DC Ecx=303E2E8 Edx=2E98000 Edi=76D92A30 Esi=7728C8DC Ebp=303E290 Esp=303E270 Eip=77AD97A6

ADDR: 77AD97D3 CODE: 7479 jz 0x77ad984e
Eax=303E2FC Ebx=33EE380 Ecx=14 Edx=19A06614 Edi=33EE280 Esi=33EE330 Ebp=303E290 Esp=303E270 Eip=77AD97D3

ADDR: 77C47B53 CODE: 746e jz 0x77c47bc3
Eax=FFFFFFFE Ebx=77BB5C18 Ecx=FFFFFFFF Edx=19A06614 Edi=77BB5C1C Esi=FFFFFFFE Ebp=303E288 Esp=303E274 Eip=77C47B53

ADDR: 77AD94A4 CODE: 7458 jz 0x77ad94fe
Eax=BEA71F01 Ebx=76D1B498 Ecx=14 Edx=19A06614 Edi=2 Esi=77915A70 Ebp=303E2CC Esp=303E2B4 Eip=77AD94A4

ADDR: 77C98DEB CODE: 730a jae 0x77c98df7
Eax=EF22B4E Ebx=76D1B498 Ecx=77915A70 Edx=404000 Edi=2 Esi=77915A70 Ebp=303E2CC Esp=303E2A8 Eip=77C98DEB

ADDR: 77C909B7 CODE: 747f jz 0x77c90a38
Eax=2 Ebx=2E98FB4 Ecx=77915A70 Edx=2E98FB4 Edi=2 Esi=77915A70 Ebp=303E280 Esp=303E274 Eip=77C909B7

ADDR: 77C909BE CODE: 7378 jae 0x77c90a38
Eax=2 Ebx=2E98FB4 Ecx=77915A70 Edx=2E98FB4 Edi=2 Esi=77915A70 Ebp=303E280 Esp=303E274 Eip=77C909BE

ADDR: 77915A83 CODE: 790d jns 0x77915a92
Eax=0 Ebx=76D1B498 Ecx=33DA3C8 Edx=0 Edi=2 Esi=77915A70 Ebp=303E2A4 Esp=303E2A4 Eip=77915A83

ADDR: 77AE2C46 CODE: 740a jz 0x77ae2c52
Eax=0 Ebx=76D1B498 Ecx=76F1E5D0 Edx=0 Edi=76D929F0 Esi=76D1B2A0 Ebp=303E360 Esp=303E354 Eip=77AE2C46

ADDR: 77C98DEB CODE: 730a jae 0x77c98df7
Eax=EDB253E Ebx=76D1B498 Ecx=76D929F0 Edx=44444440 Edi=76D929F0 Esi=76D1B2A0 Ebp=303E360 Esp=303E350 Eip=77C98DEB

ADDR: 77AD95B4 CODE: 7458 jz 0x77ad960e
Eax=BEA71F01 Ebx=76D1B498 Ecx=14 Edx=7728C8DC Edi=2 Esi=77915A70 Ebp=303E2D0 Esp=303E2B8 Eip=77AD95B4

ADDR: 77C98DEB CODE: 730a jae 0x77c98df7
Eax=EF22B4E Ebx=76D1B498 Ecx=77915A70 Edx=404000 Edi=2 Esi=77915A70 Ebp=303E2D0 Esp=303E2AC Eip=77C98DEB

ADDR: 77C909B7 CODE: 747f jz 0x77c90a38
Eax=2 Ebx=2E98FB4 Ecx=77915A70 Edx=2E98FB4 Edi=2 Esi=77915A70 Ebp=303E284 Esp=303E278 Eip=77C909B7

ADDR: 77C909BE CODE: 7378 jae 0x77c90a38
Eax=2 Ebx=2E98FB4 Ecx=77915A70 Edx=2E98FB4 Edi=2 Esi=77915A70 Ebp=303E284 Esp=303E278 Eip=77C909BE

ADDR: 77915A83 CODE: 790d jns 0x77915a92
Eax=0 Ebx=76D1B498 Ecx=33DA3C8 Edx=0 Edi=2 Esi=77915A70 Ebp=303E2A8 Esp=303E2A8 Eip=77915A83

ADDR: 77AD90DC CODE: 7454 jz 0x77ad9132
Eax=13A71F14 Ebx=76D1B498 Ecx=14 Edx=0 Edi=2 Esi=779000A0 Ebp=303E31C Esp=303E2C0 Eip=77AD90DC

ADDR: 77C98DEB CODE: 730a jae 0x77c98df7
Eax=EF20014 Ebx=76D1B498 Ecx=779000A0 Edx=104000 Edi=2 Esi=779000A0 Ebp=303E31C Esp=303E2B8 Eip=77C98DEB

ADDR: 77C8C686 CODE: 743c jz 0x77c8c6c4
Eax=2 Ebx=76D1B498 Ecx=33DA3C0 Edx=104000 Edi=2 Esi=2E98000 Ebp=303E29C Esp=303E29C Eip=77C8C686

ADDR: 77C8C68D CODE: 7335 jae 0x77c8c6c4
Eax=2 Ebx=76D1B498 Ecx=33DA3C0 Edx=104000 Edi=2 Esi=2E98000 Ebp=303E29C Esp=303E29C Eip=77C8C68D

ADDR: 77C8C6AC CODE: 740c jz 0x77c8c6ba
Eax=33DCAA0 Ebx=76D1B498 Ecx=33DA3C0 Edx=0 Edi=2 Esi=2 Ebp=303E29C Esp=303E298 Eip=77C8C6AC

ADDR: 77C8C6B4 CODE: 7404 jz 0x77c8c6ba
Eax=33DCAAC Ebx=76D1B498 Ecx=33DA3C0 Edx=0 Edi=2 Esi=2 Ebp=303E29C Esp=303E298 Eip=77C8C6B4

ADDR: 779000BD CODE: 791c jns 0x779000db
Eax=0 Ebx=76D1B498 Ecx=303E2B0 Edx=0 Edi=2 Esi=2E98000 Ebp=303E2B4 Esp=303E2AC Eip=779000BD

ADDR: 77C4E69A CODE: 7315 jae 0x77c4e6b1
Eax=77BB5C1C Ebx=76D1B498 Ecx=77BB5C18 Edx=2E98000 Edi=76D929F0 Esi=7728C8DC Ebp=303E28C Esp=303E288 Eip=77C4E69A

ADDR: 77AD97A6 CODE: 0f8454720500 jz 0x77b30a00
Eax=303E2FC Ebx=7728C8DC Ecx=303E2E8 Edx=2E98000 Edi=76D929F0 Esi=7728C8DC Ebp=303E290 Esp=303E270 Eip=77AD97A6

ADDR: 77AD97D3 CODE: 7479 jz 0x77ad984e
Eax=303E2FC Ebx=33EE380 Ecx=14 Edx=19A06614 Edi=33EE280 Esi=33EE334 Ebp=303E290 Esp=303E270 Eip=77AD97D3

ADDR: 77C47B53 CODE: 746e jz 0x77c47bc3
Eax=FFFFFFFE Ebx=77BB5C18 Ecx=FFFFFFFF Edx=19A06614 Edi=77BB5C1C Esi=FFFFFFFE Ebp=303E288 Esp=303E274 Eip=77C47B53

ADDR: 77AD94A4 CODE: 7458 jz 0x77ad94fe
Eax=BEA71F01 Ebx=76D1B498 Ecx=14 Edx=19A06614 Edi=2 Esi=77915A70 Ebp=303E2CC Esp=303E2B4 Eip=77AD94A4

ADDR: 77C98DEB CODE: 730a jae 0x77c98df7
Eax=EF22B4E Ebx=76D1B498 Ecx=77915A70 Edx=404000 Edi=2 Esi=77915A70 Ebp=303E2CC Esp=303E2A8 Eip=77C98DEB

ADDR: 77C909B7 CODE: 747f jz 0x77c90a38
Eax=2 Ebx=2E98FB4 Ecx=77915A70 Edx=2E98FB4 Edi=2 Esi=77915A70 Ebp=303E280 Esp=303E274 Eip=77C909B7

ADDR: 77C909BE CODE: 7378 jae 0x77c90a38
Eax=2 Ebx=2E98FB4 Ecx=77915A70 Edx=2E98FB4 Edi=2 Esi=77915A70 Ebp=303E280 Esp=303E274 Eip=77C909BE

ADDR: 77915A83 CODE: 790d jns 0x77915a92
Eax=0 Ebx=76D1B498 Ecx=33DA3C8 Edx=0 Edi=2 Esi=77915A70 Ebp=303E2A4 Esp=303E2A4 Eip=77915A83

ADDR: 77AE2C46 CODE: 740a jz 0x77ae2c52
Eax=0 Ebx=76D1B498 Ecx=76F1E5E0 Edx=0 Edi=76D92A10 Esi=76D1B2A4 Ebp=303E360 Esp=303E354 Eip=77AE2C46

ADDR: 77C98DEB CODE: 730a jae 0x77c98df7
Eax=EDB2542 Ebx=76D1B498 Ecx=76D92A10 Edx=44444444 Edi=76D92A10 Esi=76D1B2A4 Ebp=303E360 Esp=303E350 Eip=77C98DEB

ADDR: 77AD95B4 CODE: 7458 jz 0x77ad960e
Eax=BEA71F01 Ebx=76D1B498 Ecx=14 Edx=7728C8DC Edi=2 Esi=77915A70 Ebp=303E2D0 Esp=303E2B8 Eip=77AD95B4

ADDR: 77C98DEB CODE: 730a jae 0x77c98df7
Eax=EF22B4E Ebx=76D1B498 Ecx=77915A70 Edx=404000 Edi=2 Esi=77915A70 Ebp=303E2D0 Esp=303E2AC Eip=77C98DEB

ADDR: 77C909B7 CODE: 747f jz 0x77c90a38
Eax=2 Ebx=2E98FB4 Ecx=77915A70 Edx=2E98FB4 Edi=2 Esi=77915A70 Ebp=303E284 Esp=303E278 Eip=77C909B7

ADDR: 77C909BE CODE: 7378 jae 0x77c90a38
Eax=2 Ebx=2E98FB4 Ecx=77915A70 Edx=2E98FB4 Edi=2 Esi=77915A70 Ebp=303E284 Esp=303E278 Eip=77C909BE

ADDR: 77915A83 CODE: 790d jns 0x77915a92
Eax=0 Ebx=76D1B498 Ecx=33DA3C8 Edx=0 Edi=2 Esi=77915A70 Ebp=303E2A8 Esp=303E2A8 Eip=77915A83

ADDR: 77AD90DC CODE: 7454 jz 0x77ad9132
Eax=13A71F14 Ebx=76D1B498 Ecx=14 Edx=0 Edi=2 Esi=779000A0 Ebp=303E31C Esp=303E2C0 Eip=77AD90DC

ADDR: 77C98DEB CODE: 730a jae 0x77c98df7
Eax=EF20014 Ebx=76D1B498 Ecx=779000A0 Edx=104000 Edi=2 Esi=779000A0 Ebp=303E31C Esp=303E2B8 Eip=77C98DEB

ADDR: 77C8C686 CODE: 743c jz 0x77c8c6c4
Eax=2 Ebx=76D1B498 Ecx=33DA3C0 Edx=104000 Edi=2 Esi=2E98000 Ebp=303E29C Esp=303E29C Eip=77C8C686

ADDR: 77C8C68D CODE: 7335 jae 0x77c8c6c4
Eax=2 Ebx=76D1B498 Ecx=33DA3C0 Edx=104000 Edi=2 Esi=2E98000 Ebp=303E29C Esp=303E29C Eip=77C8C68D

ADDR: 77C8C6AC CODE: 740c jz 0x77c8c6ba
Eax=33DCAA0 Ebx=76D1B498 Ecx=33DA3C0 Edx=0 Edi=2 Esi=2 Ebp=303E29C Esp=303E298 Eip=77C8C6AC

ADDR: 77C8C6B4 CODE: 7404 jz 0x77c8c6ba
Eax=33DCAAC Ebx=76D1B498 Ecx=33DA3C0 Edx=0 Edi=2 Esi=2 Ebp=303E29C Esp=303E298 Eip=77C8C6B4

ADDR: 779000BD CODE: 791c jns 0x779000db
Eax=0 Ebx=76D1B498 Ecx=303E2B0 Edx=0 Edi=2 Esi=2E98000 Ebp=303E2B4 Esp=303E2AC Eip=779000BD

ADDR: 77C4E69A CODE: 7315 jae 0x77c4e6b1
Eax=77BB5C1C Ebx=76D1B498 Ecx=77BB5C18 Edx=2E98000 Edi=76D92A10 Esi=7728C8DC Ebp=303E28C Esp=303E288 Eip=77C4E69A

ADDR: 77AD97A6 CODE: 0f8454720500 jz 0x77b30a00
Eax=303E2FC Ebx=7728C8DC Ecx=303E2E8 Edx=2E98000 Edi=76D92A10 Esi=7728C8DC Ebp=303E290 Esp=303E270 Eip=77AD97A6

ADDR: 77AD97D3 CODE: 7479 jz 0x77ad984e
Eax=303E2FC Ebx=33EE380 Ecx=14 Edx=19A06614 Edi=33EE280 Esi=33EE338 Ebp=303E290 Esp=303E270 Eip=77AD97D3

ADDR: 77C47B53 CODE: 746e jz 0x77c47bc3
Eax=FFFFFFFE Ebx=77BB5C18 Ecx=FFFFFFFF Edx=19A06614 Edi=77BB5C1C Esi=FFFFFFFE Ebp=303E288 Esp=303E274 Eip=77C47B53

ADDR: 77AD94A4 CODE: 7458 jz 0x77ad94fe
Eax=BEA71F01 Ebx=76D1B498 Ecx=14 Edx=19A06614 Edi=2 Esi=77915A70 Ebp=303E2CC Esp=303E2B4 Eip=77AD94A4

ADDR: 77C98DEB CODE: 730a jae 0x77c98df7
Eax=EF22B4E Ebx=76D1B498 Ecx=77915A70 Edx=404000 Edi=2 Esi=77915A70 Ebp=303E2CC Esp=303E2A8 Eip=77C98DEB

ADDR: 77C909B7 CODE: 747f jz 0x77c90a38
Eax=2 Ebx=2E98FB4 Ecx=77915A70 Edx=2E98FB4 Edi=2 Esi=77915A70 Ebp=303E280 Esp=303E274 Eip=77C909B7

ADDR: 77C909BE CODE: 7378 jae 0x77c90a38
Eax=2 Ebx=2E98FB4 Ecx=77915A70 Edx=2E98FB4 Edi=2 Esi=77915A70 Ebp=303E280 Esp=303E274 Eip=77C909BE

ADDR: 77915A83 CODE: 790d jns 0x77915a92
Eax=0 Ebx=76D1B498 Ecx=33DA3C8 Edx=0 Edi=2 Esi=77915A70 Ebp=303E2A4 Esp=303E2A4 Eip=77915A83

ADDR: 77AE2C46 CODE: 740a jz 0x77ae2c52
Eax=0 Ebx=76D1B498 Ecx=76F1E5F0 Edx=0 Edi=76D92A70 Esi=76D1B2A8 Ebp=303E360 Esp=303E354 Eip=77AE2C46

ADDR: 77C98DEB CODE: 730a jae 0x77c98df7
Eax=EDB254E Ebx=76D1B498 Ecx=76D92A70 Edx=44444444 Edi=76D92A70 Esi=76D1B2A8 Ebp=303E360 Esp=303E350 Eip=77C98DEB

ADDR: 77AD95B4 CODE: 7458 jz 0x77ad960e
Eax=BEA71F01 Ebx=76D1B498 Ecx=14 Edx=7728C8DC Edi=2 Esi=77915A70 Ebp=303E2D0 Esp=303E2B8 Eip=77AD95B4

ADDR: 77C98DEB CODE: 730a jae 0x77c98df7
Eax=EF22B4E Ebx=76D1B498 Ecx=77915A70 Edx=404000 Edi=2 Esi=77915A70 Ebp=303E2D0 Esp=303E2AC Eip=77C98DEB

ADDR: 77C909B7 CODE: 747f jz 0x77c90a38
Eax=2 Ebx=2E98FB4 Ecx=77915A70 Edx=2E98FB4 Edi=2 Esi=77915A70 Ebp=303E284 Esp=303E278 Eip=77C909B7

ADDR: 77C909BE CODE: 7378 jae 0x77c90a38
Eax=2 Ebx=2E98FB4 Ecx=77915A70 Edx=2E98FB4 Edi=2 Esi=77915A70 Ebp=303E284 Esp=303E278 Eip=77C909BE

ADDR: 77915A83 CODE: 790d jns 0x77915a92
Eax=0 Ebx=76D1B498 Ecx=33DA3C8 Edx=0 Edi=2 Esi=77915A70 Ebp=303E2A8 Esp=303E2A8 Eip=77915A83

ADDR: 77AD90DC CODE: 7454 jz 0x77ad9132
Eax=13A71F14 Ebx=76D1B498 Ecx=14 Edx=0 Edi=2 Esi=779000A0 Ebp=303E31C Esp=303E2C0 Eip=77AD90DC

ADDR: 77C98DEB CODE: 730a jae 0x77c98df7
Eax=EF20014 Ebx=76D1B498 Ecx=779000A0 Edx=104000 Edi=2 Esi=779000A0 Ebp=303E31C Esp=303E2B8 Eip=77C98DEB

ADDR: 77C8C686 CODE: 743c jz 0x77c8c6c4
Eax=2 Ebx=76D1B498 Ecx=33DA3C0 Edx=104000 Edi=2 Esi=2E98000 Ebp=303E29C Esp=303E29C Eip=77C8C686

ADDR: 77C8C68D CODE: 7335 jae 0x77c8c6c4
Eax=2 Ebx=76D1B498 Ecx=33DA3C0 Edx=104000 Edi=2 Esi=2E98000 Ebp=303E29C Esp=303E29C Eip=77C8C68D

ADDR: 77C8C6AC CODE: 740c jz 0x77c8c6ba
Eax=33DCAA0 Ebx=76D1B498 Ecx=33DA3C0 Edx=0 Edi=2 Esi=2 Ebp=303E29C Esp=303E298 Eip=77C8C6AC

ADDR: 77C8C6B4 CODE: 7404 jz 0x77c8c6ba
Eax=33DCAAC Ebx=76D1B498 Ecx=33DA3C0 Edx=0 Edi=2 Esi=2 Ebp=303E29C Esp=303E298 Eip=77C8C6B4

ADDR: 779000BD CODE: 791c jns 0x779000db
Eax=0 Ebx=76D1B498 Ecx=303E2B0 Edx=0 Edi=2 Esi=2E98000 Ebp=303E2B4 Esp=303E2AC Eip=779000BD

ADDR: 77C4E69A CODE: 7315 jae 0x77c4e6b1
Eax=77BB5C1C Ebx=76D1B498 Ecx=77BB5C18 Edx=2E98000 Edi=76D92A70 Esi=7728C8DC Ebp=303E28C Esp=303E288 Eip=77C4E69A

ADDR: 77AD97A6 CODE: 0f8454720500 jz 0x77b30a00
Eax=303E2FC Ebx=7728C8DC Ecx=303E2E8 Edx=2E98000 Edi=76D92A70 Esi=7728C8DC Ebp=303E290 Esp=303E270 Eip=77AD97A6

ADDR: 77AD97D3 CODE: 7479 jz 0x77ad984e
Eax=303E2FC Ebx=33EE380 Ecx=14 Edx=19A06614 Edi=33EE280 Esi=33EE33C Ebp=303E290 Esp=303E270 Eip=77AD97D3

ADDR: 77C47B53 CODE: 746e jz 0x77c47bc3
Eax=FFFFFFFE Ebx=77BB5C18 Ecx=FFFFFFFF Edx=19A06614 Edi=77BB5C1C Esi=FFFFFFFE Ebp=303E288 Esp=303E274 Eip=77C47B53

ADDR: 77AD94A4 CODE: 7458 jz 0x77ad94fe
Eax=BEA71F01 Ebx=76D1B498 Ecx=14 Edx=19A06614 Edi=2 Esi=77915A70 Ebp=303E2CC Esp=303E2B4 Eip=77AD94A4

ADDR: 77C98DEB CODE: 730a jae 0x77c98df7
Eax=EF22B4E Ebx=76D1B498 Ecx=77915A70 Edx=404000 Edi=2 Esi=77915A70 Ebp=303E2CC Esp=303E2A8 Eip=77C98DEB

ADDR: 77C909B7 CODE: 747f jz 0x77c90a38
Eax=2 Ebx=2E98FB4 Ecx=77915A70 Edx=2E98FB4 Edi=2 Esi=77915A70 Ebp=303E280 Esp=303E274 Eip=77C909B7

ADDR: 77C909BE CODE: 7378 jae 0x77c90a38
Eax=2 Ebx=2E98FB4 Ecx=77915A70 Edx=2E98FB4 Edi=2 Esi=77915A70 Ebp=303E280 Esp=303E274 Eip=77C909BE

ADDR: 77915A83 CODE: 790d jns 0x77915a92
Eax=0 Ebx=76D1B498 Ecx=33DA3C8 Edx=0 Edi=2 Esi=77915A70 Ebp=303E2A4 Esp=303E2A4 Eip=77915A83

ADDR: 77AE2C46 CODE: 740a jz 0x77ae2c52
Eax=0 Ebx=76D1B498 Ecx=76F1E610 Edx=0 Edi=76D92A90 Esi=76D1B2AC Ebp=303E360 Esp=303E354 Eip=77AE2C46

ADDR: 77C98DEB CODE: 730a jae 0x77c98df7
Eax=EDB2552 Ebx=76D1B498 Ecx=76D92A90 Edx=44444444 Edi=76D92A90 Esi=76D1B2AC Ebp=303E360 Esp=303E350 Eip=77C98DEB

ADDR: 77AD95B4 CODE: 7458 jz 0x77ad960e
Eax=BEA71F01 Ebx=76D1B498 Ecx=14 Edx=7728C8DC Edi=2 Esi=77915A70 Ebp=303E2D0 Esp=303E2B8 Eip=77AD95B4

ADDR: 77C98DEB CODE: 730a jae 0x77c98df7
Eax=EF22B4E Ebx=76D1B498 Ecx=77915A70 Edx=404000 Edi=2 Esi=77915A70 Ebp=303E2D0 Esp=303E2AC Eip=77C98DEB

ADDR: 77C909B7 CODE: 747f jz 0x77c90a38
Eax=2 Ebx=2E98FB4 Ecx=77915A70 Edx=2E98FB4 Edi=2 Esi=77915A70 Ebp=303E284 Esp=303E278 Eip=77C909B7

ADDR: 77C909BE CODE: 7378 jae 0x77c90a38
Eax=2 Ebx=2E98FB4 Ecx=77915A70 Edx=2E98FB4 Edi=2 Esi=77915A70 Ebp=303E284 Esp=303E278 Eip=77C909BE

ADDR: 77915A83 CODE: 790d jns 0x77915a92
Eax=0 Ebx=76D1B498 Ecx=33DA3C8 Edx=0 Edi=2 Esi=77915A70 Ebp=303E2A8 Esp=303E2A8 Eip=77915A83

ADDR: 77AD90DC CODE: 7454 jz 0x77ad9132
Eax=13A71F14 Ebx=76D1B498 Ecx=14 Edx=0 Edi=2 Esi=779000A0 Ebp=303E31C Esp=303E2C0 Eip=77AD90DC

ADDR: 77C98DEB CODE: 730a jae 0x77c98df7
Eax=EF20014 Ebx=76D1B498 Ecx=779000A0 Edx=104000 Edi=2 Esi=779000A0 Ebp=303E31C Esp=303E2B8 Eip=77C98DEB

ADDR: 77C8C686 CODE: 743c jz 0x77c8c6c4
Eax=2 Ebx=76D1B498 Ecx=33DA3C0 Edx=104000 Edi=2 Esi=2E98000 Ebp=303E29C Esp=303E29C Eip=77C8C686

ADDR: 77C8C68D CODE: 7335 jae 0x77c8c6c4
Eax=2 Ebx=76D1B498 Ecx=33DA3C0 Edx=104000 Edi=2 Esi=2E98000 Ebp=303E29C Esp=303E29C Eip=77C8C68D

ADDR: 77C8C6AC CODE: 740c jz 0x77c8c6ba
Eax=33DCAA0 Ebx=76D1B498 Ecx=33DA3C0 Edx=0 Edi=2 Esi=2 Ebp=303E29C Esp=303E298 Eip=77C8C6AC

ADDR: 77C8C6B4 CODE: 7404 jz 0x77c8c6ba
Eax=33DCAAC Ebx=76D1B498 Ecx=33DA3C0 Edx=0 Edi=2 Esi=2 Ebp=303E29C Esp=303E298 Eip=77C8C6B4

ADDR: 779000BD CODE: 791c jns 0x779000db
Eax=0 Ebx=76D1B498 Ecx=303E2B0 Edx=0 Edi=2 Esi=2E98000 Ebp=303E2B4 Esp=303E2AC Eip=779000BD

ADDR: 77C4E69A CODE: 7315 jae 0x77c4e6b1
Eax=77BB5C1C Ebx=76D1B498 Ecx=77BB5C18 Edx=2E98000 Edi=76D92A90 Esi=7728C8DC Ebp=303E28C Esp=303E288 Eip=77C4E69A

ADDR: 77AD97A6 CODE: 0f8454720500 jz 0x77b30a00
Eax=303E2FC Ebx=7728C8DC Ecx=303E2E8 Edx=2E98000 Edi=76D92A90 Esi=7728C8DC Ebp=303E290 Esp=303E270 Eip=77AD97A6

ADDR: 77AD97D3 CODE: 7479 jz 0x77ad984e
Eax=303E2FC Ebx=33EE380 Ecx=14 Edx=19A06614 Edi=33EE280 Esi=33EE340 Ebp=303E290 Esp=303E270 Eip=77AD97D3

ADDR: 77C47B53 CODE: 746e jz 0x77c47bc3
Eax=FFFFFFFE Ebx=77BB5C18 Ecx=FFFFFFFF Edx=19A06614 Edi=77BB5C1C Esi=FFFFFFFE Ebp=303E288 Esp=303E274 Eip=77C47B53

ADDR: 77AD94A4 CODE: 7458 jz 0x77ad94fe
Eax=BEA71F01 Ebx=76D1B498 Ecx=14 Edx=19A06614 Edi=2 Esi=77915A70 Ebp=303E2CC Esp=303E2B4 Eip=77AD94A4

ADDR: 77C98DEB CODE: 730a jae 0x77c98df7
Eax=EF22B4E Ebx=76D1B498 Ecx=77915A70 Edx=404000 Edi=2 Esi=77915A70 Ebp=303E2CC Esp=303E2A8 Eip=77C98DEB

ADDR: 77C909B7 CODE: 747f jz 0x77c90a38
Eax=2 Ebx=2E98FB4 Ecx=77915A70 Edx=2E98FB4 Edi=2 Esi=77915A70 Ebp=303E280 Esp=303E274 Eip=77C909B7

ADDR: 77C909BE CODE: 7378 jae 0x77c90a38
Eax=2 Ebx=2E98FB4 Ecx=77915A70 Edx=2E98FB4 Edi=2 Esi=77915A70 Ebp=303E280 Esp=303E274 Eip=77C909BE

ADDR: 77915A83 CODE: 790d jns 0x77915a92
Eax=0 Ebx=76D1B498 Ecx=33DA3C8 Edx=0 Edi=2 Esi=77915A70 Ebp=303E2A4 Esp=303E2A4 Eip=77915A83

ADDR: 77AE2C46 CODE: 740a jz 0x77ae2c52
Eax=0 Ebx=76D1B498 Ecx=76F1E640 Edx=0 Edi=76D92AB0 Esi=76D1B2B0 Ebp=303E360 Esp=303E354 Eip=77AE2C46

ADDR: 77C98DEB CODE: 730a jae 0x77c98df7
Eax=EDB2556 Ebx=76D1B498 Ecx=76D92AB0 Edx=44444444 Edi=76D92AB0 Esi=76D1B2B0 Ebp=303E360 Esp=303E350 Eip=77C98DEB

ADDR: 77AD95B4 CODE: 7458 jz 0x77ad960e
Eax=BEA71F01 Ebx=76D1B498 Ecx=14 Edx=7728C8DC Edi=2 Esi=77915A70 Ebp=303E2D0 Esp=303E2B8 Eip=77AD95B4

ADDR: 77C98DEB CODE: 730a jae 0x77c98df7
Eax=EF22B4E Ebx=76D1B498 Ecx=77915A70 Edx=404000 Edi=2 Esi=77915A70 Ebp=303E2D0 Esp=303E2AC Eip=77C98DEB

ADDR: 77C909B7 CODE: 747f jz 0x77c90a38
Eax=2 Ebx=2E98FB4 Ecx=77915A70 Edx=2E98FB4 Edi=2 Esi=77915A70 Ebp=303E284 Esp=303E278 Eip=77C909B7

ADDR: 77C909BE CODE: 7378 jae 0x77c90a38
Eax=2 Ebx=2E98FB4 Ecx=77915A70 Edx=2E98FB4 Edi=2 Esi=77915A70 Ebp=303E284 Esp=303E278 Eip=77C909BE

ADDR: 77915A83 CODE: 790d jns 0x77915a92
Eax=0 Ebx=76D1B498 Ecx=33DA3C8 Edx=0 Edi=2 Esi=77915A70 Ebp=303E2A8 Esp=303E2A8 Eip=77915A83

ADDR: 77AD90DC CODE: 7454 jz 0x77ad9132
Eax=13A71F14 Ebx=76D1B498 Ecx=14 Edx=0 Edi=2 Esi=779000A0 Ebp=303E31C Esp=303E2C0 Eip=77AD90DC

ADDR: 77C98DEB CODE: 730a jae 0x77c98df7
Eax=EF20014 Ebx=76D1B498 Ecx=779000A0 Edx=104000 Edi=2 Esi=779000A0 Ebp=303E31C Esp=303E2B8 Eip=77C98DEB

ADDR: 77C8C686 CODE: 743c jz 0x77c8c6c4
Eax=2 Ebx=76D1B498 Ecx=33DA3C0 Edx=104000 Edi=2 Esi=2E98000 Ebp=303E29C Esp=303E29C Eip=77C8C686

ADDR: 77C8C68D CODE: 7335 jae 0x77c8c6c4
Eax=2 Ebx=76D1B498 Ecx=33DA3C0 Edx=104000 Edi=2 Esi=2E98000 Ebp=303E29C Esp=303E29C Eip=77C8C68D

ADDR: 77C8C6AC CODE: 740c jz 0x77c8c6ba
Eax=33DCAA0 Ebx=76D1B498 Ecx=33DA3C0 Edx=0 Edi=2 Esi=2 Ebp=303E29C Esp=303E298 Eip=77C8C6AC

ADDR: 77C8C6B4 CODE: 7404 jz 0x77c8c6ba
Eax=33DCAAC Ebx=76D1B498 Ecx=33DA3C0 Edx=0 Edi=2 Esi=2 Ebp=303E29C Esp=303E298 Eip=77C8C6B4

ADDR: 779000BD CODE: 791c jns 0x779000db
Eax=0 Ebx=76D1B498 Ecx=303E2B0 Edx=0 Edi=2 Esi=2E98000 Ebp=303E2B4 Esp=303E2AC Eip=779000BD

ADDR: 77C4E69A CODE: 7315 jae 0x77c4e6b1
Eax=77BB5C1C Ebx=76D1B498 Ecx=77BB5C18 Edx=2E98000 Edi=76D92AB0 Esi=7728C8DC Ebp=303E28C Esp=303E288 Eip=77C4E69A

ADDR: 77AD97A6 CODE: 0f8454720500 jz 0x77b30a00
Eax=303E2FC Ebx=7728C8DC Ecx=303E2E8 Edx=2E98000 Edi=76D92AB0 Esi=7728C8DC Ebp=303E290 Esp=303E270 Eip=77AD97A6

ADDR: 77AD97D3 CODE: 7479 jz 0x77ad984e
Eax=303E2FC Ebx=33EE380 Ecx=14 Edx=19A06614 Edi=33EE280 Esi=33EE344 Ebp=303E290 Esp=303E270 Eip=77AD97D3

ADDR: 77C47B53 CODE: 746e jz 0x77c47bc3
Eax=FFFFFFFE Ebx=77BB5C18 Ecx=FFFFFFFF Edx=19A06614 Edi=77BB5C1C Esi=FFFFFFFE Ebp=303E288 Esp=303E274 Eip=77C47B53

ADDR: 77AD94A4 CODE: 7458 jz 0x77ad94fe
Eax=BEA71F01 Ebx=76D1B498 Ecx=14 Edx=19A06614 Edi=2 Esi=77915A70 Ebp=303E2CC Esp=303E2B4 Eip=77AD94A4

ADDR: 77C98DEB CODE: 730a jae 0x77c98df7
Eax=EF22B4E Ebx=76D1B498 Ecx=77915A70 Edx=404000 Edi=2 Esi=77915A70 Ebp=303E2CC Esp=303E2A8 Eip=77C98DEB

ADDR: 77C909B7 CODE: 747f jz 0x77c90a38
Eax=2 Ebx=2E98FB4 Ecx=77915A70 Edx=2E98FB4 Edi=2 Esi=77915A70 Ebp=303E280 Esp=303E274 Eip=77C909B7

ADDR: 77C909BE CODE: 7378 jae 0x77c90a38
Eax=2 Ebx=2E98FB4 Ecx=77915A70 Edx=2E98FB4 Edi=2 Esi=77915A70 Ebp=303E280 Esp=303E274 Eip=77C909BE

ADDR: 77915A83 CODE: 790d jns 0x77915a92
Eax=0 Ebx=76D1B498 Ecx=33DA3C8 Edx=0 Edi=2 Esi=77915A70 Ebp=303E2A4 Esp=303E2A4 Eip=77915A83

ADDR: 77AE2C46 CODE: 740a jz 0x77ae2c52
Eax=0 Ebx=76D1B498 Ecx=76F1E650 Edx=0 Edi=76D92AD0 Esi=76D1B2B4 Ebp=303E360 Esp=303E354 Eip=77AE2C46

ADDR: 77C98DEB CODE: 730a jae 0x77c98df7
Eax=EDB255A Ebx=76D1B498 Ecx=76D92AD0 Edx=44444444 Edi=76D92AD0 Esi=76D1B2B4 Ebp=303E360 Esp=303E350 Eip=77C98DEB

ADDR: 77AD95B4 CODE: 7458 jz 0x77ad960e
Eax=BEA71F01 Ebx=76D1B498 Ecx=14 Edx=7728C8DC Edi=2 Esi=77915A70 Ebp=303E2D0 Esp=303E2B8 Eip=77AD95B4

ADDR: 77C98DEB CODE: 730a jae 0x77c98df7
Eax=EF22B4E Ebx=76D1B498 Ecx=77915A70 Edx=404000 Edi=2 Esi=77915A70 Ebp=303E2D0 Esp=303E2AC Eip=77C98DEB

ADDR: 77C909B7 CODE: 747f jz 0x77c90a38
Eax=2 Ebx=2E98FB4 Ecx=77915A70 Edx=2E98FB4 Edi=2 Esi=77915A70 Ebp=303E284 Esp=303E278 Eip=77C909B7

ADDR: 77C909BE CODE: 7378 jae 0x77c90a38
Eax=2 Ebx=2E98FB4 Ecx=77915A70 Edx=2E98FB4 Edi=2 Esi=77915A70 Ebp=303E284 Esp=303E278 Eip=77C909BE

ADDR: 77915A83 CODE: 790d jns 0x77915a92
Eax=0 Ebx=76D1B498 Ecx=33DA3C8 Edx=0 Edi=2 Esi=77915A70 Ebp=303E2A8 Esp=303E2A8 Eip=77915A83

ADDR: 77AD90DC CODE: 7454 jz 0x77ad9132
Eax=13A71F14 Ebx=76D1B498 Ecx=14 Edx=0 Edi=2 Esi=779000A0 Ebp=303E31C Esp=303E2C0 Eip=77AD90DC

ADDR: 77C98DEB CODE: 730a jae 0x77c98df7
Eax=EF20014 Ebx=76D1B498 Ecx=779000A0 Edx=104000 Edi=2 Esi=779000A0 Ebp=303E31C Esp=303E2B8 Eip=77C98DEB

ADDR: 77C8C686 CODE: 743c jz 0x77c8c6c4
Eax=2 Ebx=76D1B498 Ecx=33DA3C0 Edx=104000 Edi=2 Esi=2E98000 Ebp=303E29C Esp=303E29C Eip=77C8C686

ADDR: 77C8C68D CODE: 7335 jae 0x77c8c6c4
Eax=2 Ebx=76D1B498 Ecx=33DA3C0 Edx=104000 Edi=2 Esi=2E98000 Ebp=303E29C Esp=303E29C Eip=77C8C68D

ADDR: 77C8C6AC CODE: 740c jz 0x77c8c6ba
Eax=33DCAA0 Ebx=76D1B498 Ecx=33DA3C0 Edx=0 Edi=2 Esi=2 Ebp=303E29C Esp=303E298 Eip=77C8C6AC

ADDR: 77C8C6B4 CODE: 7404 jz 0x77c8c6ba
Eax=33DCAAC Ebx=76D1B498 Ecx=33DA3C0 Edx=0 Edi=2 Esi=2 Ebp=303E29C Esp=303E298 Eip=77C8C6B4

ADDR: 779000BD CODE: 791c jns 0x779000db
Eax=0 Ebx=76D1B498 Ecx=303E2B0 Edx=0 Edi=2 Esi=2E98000 Ebp=303E2B4 Esp=303E2AC Eip=779000BD

ADDR: 77C4E69A CODE: 7315 jae 0x77c4e6b1
Eax=77BB5C1C Ebx=76D1B498 Ecx=77BB5C18 Edx=2E98000 Edi=76D92AD0 Esi=7728C8DC Ebp=303E28C Esp=303E288 Eip=77C4E69A

ADDR: 77AD97A6 CODE: 0f8454720500 jz 0x77b30a00
Eax=303E2FC Ebx=7728C8DC Ecx=303E2E8 Edx=2E98000 Edi=76D92AD0 Esi=7728C8DC Ebp=303E290 Esp=303E270 Eip=77AD97A6

ADDR: 77AD97D3 CODE: 7479 jz 0x77ad984e
Eax=303E2FC Ebx=33EE380 Ecx=14 Edx=19A06614 Edi=33EE280 Esi=33EE348 Ebp=303E290 Esp=303E270 Eip=77AD97D3

ADDR: 77C47B53 CODE: 746e jz 0x77c47bc3
Eax=FFFFFFFE Ebx=77BB5C18 Ecx=FFFFFFFF Edx=19A06614 Edi=77BB5C1C Esi=FFFFFFFE Ebp=303E288 Esp=303E274 Eip=77C47B53

ADDR: 77AD94A4 CODE: 7458 jz 0x77ad94fe
Eax=BEA71F01 Ebx=76D1B498 Ecx=14 Edx=19A06614 Edi=2 Esi=77915A70 Ebp=303E2CC Esp=303E2B4 Eip=77AD94A4

ADDR: 77C98DEB CODE: 730a jae 0x77c98df7
Eax=EF22B4E Ebx=76D1B498 Ecx=77915A70 Edx=404000 Edi=2 Esi=77915A70 Ebp=303E2CC Esp=303E2A8 Eip=77C98DEB

ADDR: 77C909B7 CODE: 747f jz 0x77c90a38
Eax=2 Ebx=2E98FB4 Ecx=77915A70 Edx=2E98FB4 Edi=2 Esi=77915A70 Ebp=303E280 Esp=303E274 Eip=77C909B7

ADDR: 77C909BE CODE: 7378 jae 0x77c90a38
Eax=2 Ebx=2E98FB4 Ecx=77915A70 Edx=2E98FB4 Edi=2 Esi=77915A70 Ebp=303E280 Esp=303E274 Eip=77C909BE

ADDR: 77915A83 CODE: 790d jns 0x77915a92
Eax=0 Ebx=76D1B498 Ecx=33DA3C8 Edx=0 Edi=2 Esi=77915A70 Ebp=303E2A4 Esp=303E2A4 Eip=77915A83

ADDR: 77AE2C46 CODE: 740a jz 0x77ae2c52
Eax=0 Ebx=76D1B498 Ecx=76F1E660 Edx=0 Edi=76D92AF0 Esi=76D1B2B8 Ebp=303E360 Esp=303E354 Eip=77AE2C46

ADDR: 77C98DEB CODE: 730a jae 0x77c98df7
Eax=EDB255E Ebx=76D1B498 Ecx=76D92AF0 Edx=44444444 Edi=76D92AF0 Esi=76D1B2B8 Ebp=303E360 Esp=303E350 Eip=77C98DEB

ADDR: 77AD95B4 CODE: 7458 jz 0x77ad960e
Eax=BEA71F01 Ebx=76D1B498 Ecx=14 Edx=7728C8DC Edi=2 Esi=77915A70 Ebp=303E2D0 Esp=303E2B8 Eip=77AD95B4

ADDR: 77C98DEB CODE: 730a jae 0x77c98df7
Eax=EF22B4E Ebx=76D1B498 Ecx=77915A70 Edx=404000 Edi=2 Esi=77915A70 Ebp=303E2D0 Esp=303E2AC Eip=77C98DEB

ADDR: 77C909B7 CODE: 747f jz 0x77c90a38
Eax=2 Ebx=2E98FB4 Ecx=77915A70 Edx=2E98FB4 Edi=2 Esi=77915A70 Ebp=303E284 Esp=303E278 Eip=77C909B7

ADDR: 77C909BE CODE: 7378 jae 0x77c90a38
Eax=2 Ebx=2E98FB4 Ecx=77915A70 Edx=2E98FB4 Edi=2 Esi=77915A70 Ebp=303E284 Esp=303E278 Eip=77C909BE

ADDR: 77915A83 CODE: 790d jns 0x77915a92
Eax=0 Ebx=76D1B498 Ecx=33DA3C8 Edx=0 Edi=2 Esi=77915A70 Ebp=303E2A8 Esp=303E2A8 Eip=77915A83

ADDR: 77AD90DC CODE: 7454 jz 0x77ad9132
Eax=13A71F14 Ebx=76D1B498 Ecx=14 Edx=0 Edi=2 Esi=779000A0 Ebp=303E31C Esp=303E2C0 Eip=77AD90DC

ADDR: 77C98DEB CODE: 730a jae 0x77c98df7
Eax=EF20014 Ebx=76D1B498 Ecx=779000A0 Edx=104000 Edi=2 Esi=779000A0 Ebp=303E31C Esp=303E2B8 Eip=77C98DEB

ADDR: 77C8C686 CODE: 743c jz 0x77c8c6c4
Eax=2 Ebx=76D1B498 Ecx=33DA3C0 Edx=104000 Edi=2 Esi=2E98000 Ebp=303E29C Esp=303E29C Eip=77C8C686

ADDR: 77C8C68D CODE: 7335 jae 0x77c8c6c4
Eax=2 Ebx=76D1B498 Ecx=33DA3C0 Edx=104000 Edi=2 Esi=2E98000 Ebp=303E29C Esp=303E29C Eip=77C8C68D

ADDR: 77C8C6AC CODE: 740c jz 0x77c8c6ba
Eax=33DCAA0 Ebx=76D1B498 Ecx=33DA3C0 Edx=0 Edi=2 Esi=2 Ebp=303E29C Esp=303E298 Eip=77C8C6AC

ADDR: 77C8C6B4 CODE: 7404 jz 0x77c8c6ba
Eax=33DCAAC Ebx=76D1B498 Ecx=33DA3C0 Edx=0 Edi=2 Esi=2 Ebp=303E29C Esp=303E298 Eip=77C8C6B4

ADDR: 779000BD CODE: 791c jns 0x779000db
Eax=0 Ebx=76D1B498 Ecx=303E2B0 Edx=0 Edi=2 Esi=2E98000 Ebp=303E2B4 Esp=303E2AC Eip=779000BD

ADDR: 77C4E69A CODE: 7315 jae 0x77c4e6b1
Eax=77BB5C1C Ebx=76D1B498 Ecx=77BB5C18 Edx=2E98000 Edi=76D92AF0 Esi=7728C8DC Ebp=303E28C Esp=303E288 Eip=77C4E69A

ADDR: 77AD97A6 CODE: 0f8454720500 jz 0x77b30a00
Eax=303E2FC Ebx=7728C8DC Ecx=303E2E8 Edx=2E98000 Edi=76D92AF0 Esi=7728C8DC Ebp=303E290 Esp=303E270 Eip=77AD97A6

ADDR: 77AD97D3 CODE: 7479 jz 0x77ad984e
Eax=303E2FC Ebx=33EE380 Ecx=14 Edx=19A06614 Edi=33EE280 Esi=33EE34C Ebp=303E290 Esp=303E270 Eip=77AD97D3

ADDR: 77C47B53 CODE: 746e jz 0x77c47bc3
Eax=FFFFFFFE Ebx=77BB5C18 Ecx=FFFFFFFF Edx=19A06614 Edi=77BB5C1C Esi=FFFFFFFE Ebp=303E288 Esp=303E274 Eip=77C47B53

ADDR: 77AD94A4 CODE: 7458 jz 0x77ad94fe
Eax=BEA71F01 Ebx=76D1B498 Ecx=14 Edx=19A06614 Edi=2 Esi=77915A70 Ebp=303E2CC Esp=303E2B4 Eip=77AD94A4

ADDR: 77C98DEB CODE: 730a jae 0x77c98df7
Eax=EF22B4E Ebx=76D1B498 Ecx=77915A70 Edx=404000 Edi=2 Esi=77915A70 Ebp=303E2CC Esp=303E2A8 Eip=77C98DEB

ADDR: 77C909B7 CODE: 747f jz 0x77c90a38
Eax=2 Ebx=2E98FB4 Ecx=77915A70 Edx=2E98FB4 Edi=2 Esi=77915A70 Ebp=303E280 Esp=303E274 Eip=77C909B7

ADDR: 77C909BE CODE: 7378 jae 0x77c90a38
Eax=2 Ebx=2E98FB4 Ecx=77915A70 Edx=2E98FB4 Edi=2 Esi=77915A70 Ebp=303E280 Esp=303E274 Eip=77C909BE

ADDR: 77915A83 CODE: 790d jns 0x77915a92
Eax=0 Ebx=76D1B498 Ecx=33DA3C8 Edx=0 Edi=2 Esi=77915A70 Ebp=303E2A4 Esp=303E2A4 Eip=77915A83

ADDR: 77AE2C46 CODE: 740a jz 0x77ae2c52
Eax=0 Ebx=76D1B498 Ecx=76F1E670 Edx=0 Edi=76D92B10 Esi=76D1B2BC Ebp=303E360 Esp=303E354 Eip=77AE2C46

ADDR: 77C98DEB CODE: 730a jae 0x77c98df7
Eax=EDB2562 Ebx=76D1B498 Ecx=76D92B10 Edx=44444444 Edi=76D92B10 Esi=76D1B2BC Ebp=303E360 Esp=303E350 Eip=77C98DEB

ADDR: 77AD95B4 CODE: 7458 jz 0x77ad960e
Eax=BEA71F01 Ebx=76D1B498 Ecx=14 Edx=7728C8DC Edi=2 Esi=77915A70 Ebp=303E2D0 Esp=303E2B8 Eip=77AD95B4

ADDR: 77C98DEB CODE: 730a jae 0x77c98df7
Eax=EF22B4E Ebx=76D1B498 Ecx=77915A70 Edx=404000 Edi=2 Esi=77915A70 Ebp=303E2D0 Esp=303E2AC Eip=77C98DEB

ADDR: 77C909B7 CODE: 747f jz 0x77c90a38
Eax=2 Ebx=2E98FB4 Ecx=77915A70 Edx=2E98FB4 Edi=2 Esi=77915A70 Ebp=303E284 Esp=303E278 Eip=77C909B7

ADDR: 77C909BE CODE: 7378 jae 0x77c90a38
Eax=2 Ebx=2E98FB4 Ecx=77915A70 Edx=2E98FB4 Edi=2 Esi=77915A70 Ebp=303E284 Esp=303E278 Eip=77C909BE

ADDR: 77915A83 CODE: 790d jns 0x77915a92
Eax=0 Ebx=76D1B498 Ecx=33DA3C8 Edx=0 Edi=2 Esi=77915A70 Ebp=303E2A8 Esp=303E2A8 Eip=77915A83

ADDR: 77AD90DC CODE: 7454 jz 0x77ad9132
Eax=13A71F14 Ebx=76D1B498 Ecx=14 Edx=0 Edi=2 Esi=779000A0 Ebp=303E31C Esp=303E2C0 Eip=77AD90DC

ADDR: 77C98DEB CODE: 730a jae 0x77c98df7
Eax=EF20014 Ebx=76D1B498 Ecx=779000A0 Edx=104000 Edi=2 Esi=779000A0 Ebp=303E31C Esp=303E2B8 Eip=77C98DEB

ADDR: 77C8C686 CODE: 743c jz 0x77c8c6c4
Eax=2 Ebx=76D1B498 Ecx=33DA3C0 Edx=104000 Edi=2 Esi=2E98000 Ebp=303E29C Esp=303E29C Eip=77C8C686

ADDR: 77C8C68D CODE: 7335 jae 0x77c8c6c4
Eax=2 Ebx=76D1B498 Ecx=33DA3C0 Edx=104000 Edi=2 Esi=2E98000 Ebp=303E29C Esp=303E29C Eip=77C8C68D

ADDR: 77C8C6AC CODE: 740c jz 0x77c8c6ba
Eax=33DCAA0 Ebx=76D1B498 Ecx=33DA3C0 Edx=0 Edi=2 Esi=2 Ebp=303E29C Esp=303E298 Eip=77C8C6AC

ADDR: 77C8C6B4 CODE: 7404 jz 0x77c8c6ba
Eax=33DCAAC Ebx=76D1B498 Ecx=33DA3C0 Edx=0 Edi=2 Esi=2 Ebp=303E29C Esp=303E298 Eip=77C8C6B4

ADDR: 779000BD CODE: 791c jns 0x779000db
Eax=0 Ebx=76D1B498 Ecx=303E2B0 Edx=0 Edi=2 Esi=2E98000 Ebp=303E2B4 Esp=303E2AC Eip=779000BD

ADDR: 77C4E69A CODE: 7315 jae 0x77c4e6b1
Eax=77BB5C1C Ebx=76D1B498 Ecx=77BB5C18 Edx=2E98000 Edi=76D92B10 Esi=7728C8DC Ebp=303E28C Esp=303E288 Eip=77C4E69A

ADDR: 77AD97A6 CODE: 0f8454720500 jz 0x77b30a00
Eax=303E2FC Ebx=7728C8DC Ecx=303E2E8 Edx=2E98000 Edi=76D92B10 Esi=7728C8DC Ebp=303E290 Esp=303E270 Eip=77AD97A6

ADDR: 77AD97D3 CODE: 7479 jz 0x77ad984e
Eax=303E2FC Ebx=33EE380 Ecx=14 Edx=19A06614 Edi=33EE280 Esi=33EE350 Ebp=303E290 Esp=303E270 Eip=77AD97D3

ADDR: 77C47B53 CODE: 746e jz 0x77c47bc3
Eax=FFFFFFFE Ebx=77BB5C18 Ecx=FFFFFFFF Edx=19A06614 Edi=77BB5C1C Esi=FFFFFFFE Ebp=303E288 Esp=303E274 Eip=77C47B53

ADDR: 77AD94A4 CODE: 7458 jz 0x77ad94fe
Eax=BEA71F01 Ebx=76D1B498 Ecx=14 Edx=19A06614 Edi=2 Esi=77915A70 Ebp=303E2CC Esp=303E2B4 Eip=77AD94A4

ADDR: 77C98DEB CODE: 730a jae 0x77c98df7
Eax=EF22B4E Ebx=76D1B498 Ecx=77915A70 Edx=404000 Edi=2 Esi=77915A70 Ebp=303E2CC Esp=303E2A8 Eip=77C98DEB

ADDR: 77C909B7 CODE: 747f jz 0x77c90a38
Eax=2 Ebx=2E98FB4 Ecx=77915A70 Edx=2E98FB4 Edi=2 Esi=77915A70 Ebp=303E280 Esp=303E274 Eip=77C909B7

ADDR: 77C909BE CODE: 7378 jae 0x77c90a38
Eax=2 Ebx=2E98FB4 Ecx=77915A70 Edx=2E98FB4 Edi=2 Esi=77915A70 Ebp=303E280 Esp=303E274 Eip=77C909BE

ADDR: 77915A83 CODE: 790d jns 0x77915a92
Eax=0 Ebx=76D1B498 Ecx=33DA3C8 Edx=0 Edi=2 Esi=77915A70 Ebp=303E2A4 Esp=303E2A4 Eip=77915A83

ADDR: 77AE2C46 CODE: 740a jz 0x77ae2c52
Eax=0 Ebx=76D1B498 Ecx=76F1E680 Edx=0 Edi=76D92B30 Esi=76D1B2C0 Ebp=303E360 Esp=303E354 Eip=77AE2C46

ADDR: 77C98DEB CODE: 730a jae 0x77c98df7
Eax=EDB2566 Ebx=76D1B498 Ecx=76D92B30 Edx=44444444 Edi=76D92B30 Esi=76D1B2C0 Ebp=303E360 Esp=303E350 Eip=77C98DEB

ADDR: 77AD95B4 CODE: 7458 jz 0x77ad960e
Eax=BEA71F01 Ebx=76D1B498 Ecx=14 Edx=7728C8DC Edi=2 Esi=77915A70 Ebp=303E2D0 Esp=303E2B8 Eip=77AD95B4

ADDR: 77C98DEB CODE: 730a jae 0x77c98df7
Eax=EF22B4E Ebx=76D1B498 Ecx=77915A70 Edx=404000 Edi=2 Esi=77915A70 Ebp=303E2D0 Esp=303E2AC Eip=77C98DEB

ADDR: 77C909B7 CODE: 747f jz 0x77c90a38
Eax=2 Ebx=2E98FB4 Ecx=77915A70 Edx=2E98FB4 Edi=2 Esi=77915A70 Ebp=303E284 Esp=303E278 Eip=77C909B7

ADDR: 77C909BE CODE: 7378 jae 0x77c90a38
Eax=2 Ebx=2E98FB4 Ecx=77915A70 Edx=2E98FB4 Edi=2 Esi=77915A70 Ebp=303E284 Esp=303E278 Eip=77C909BE

ADDR: 77915A83 CODE: 790d jns 0x77915a92
Eax=0 Ebx=76D1B498 Ecx=33DA3C8 Edx=0 Edi=2 Esi=77915A70 Ebp=303E2A8 Esp=303E2A8 Eip=77915A83

ADDR: 77AD90DC CODE: 7454 jz 0x77ad9132
Eax=13A71F14 Ebx=76D1B498 Ecx=14 Edx=0 Edi=2 Esi=779000A0 Ebp=303E31C Esp=303E2C0 Eip=77AD90DC

ADDR: 77C98DEB CODE: 730a jae 0x77c98df7
Eax=EF20014 Ebx=76D1B498 Ecx=779000A0 Edx=104000 Edi=2 Esi=779000A0 Ebp=303E31C Esp=303E2B8 Eip=77C98DEB

ADDR: 77C8C686 CODE: 743c jz 0x77c8c6c4
Eax=2 Ebx=76D1B498 Ecx=33DA3C0 Edx=104000 Edi=2 Esi=2E98000 Ebp=303E29C Esp=303E29C Eip=77C8C686

ADDR: 77C8C68D CODE: 7335 jae 0x77c8c6c4
Eax=2 Ebx=76D1B498 Ecx=33DA3C0 Edx=104000 Edi=2 Esi=2E98000 Ebp=303E29C Esp=303E29C Eip=77C8C68D

ADDR: 77C8C6AC CODE: 740c jz 0x77c8c6ba
Eax=33DCAA0 Ebx=76D1B498 Ecx=33DA3C0 Edx=0 Edi=2 Esi=2 Ebp=303E29C Esp=303E298 Eip=77C8C6AC

ADDR: 77C8C6B4 CODE: 7404 jz 0x77c8c6ba
Eax=33DCAAC Ebx=76D1B498 Ecx=33DA3C0 Edx=0 Edi=2 Esi=2 Ebp=303E29C Esp=303E298 Eip=77C8C6B4

ADDR: 779000BD CODE: 791c jns 0x779000db
Eax=0 Ebx=76D1B498 Ecx=303E2B0 Edx=0 Edi=2 Esi=2E98000 Ebp=303E2B4 Esp=303E2AC Eip=779000BD

ADDR: 77C4E69A CODE: 7315 jae 0x77c4e6b1
Eax=77BB5C1C Ebx=76D1B498 Ecx=77BB5C18 Edx=2E98000 Edi=76D92B30 Esi=7728C8DC Ebp=303E28C Esp=303E288 Eip=77C4E69A

ADDR: 77AD97A6 CODE: 0f8454720500 jz 0x77b30a00
Eax=303E2FC Ebx=7728C8DC Ecx=303E2E8 Edx=2E98000 Edi=76D92B30 Esi=7728C8DC Ebp=303E290 Esp=303E270 Eip=77AD97A6

ADDR: 77AD97D3 CODE: 7479 jz 0x77ad984e
Eax=303E2FC Ebx=33EE380 Ecx=14 Edx=19A06614 Edi=33EE280 Esi=33EE354 Ebp=303E290 Esp=303E270 Eip=77AD97D3

ADDR: 77C47B53 CODE: 746e jz 0x77c47bc3
Eax=FFFFFFFE Ebx=77BB5C18 Ecx=FFFFFFFF Edx=19A06614 Edi=77BB5C1C Esi=FFFFFFFE Ebp=303E288 Esp=303E274 Eip=77C47B53

ADDR: 77AD94A4 CODE: 7458 jz 0x77ad94fe
Eax=BEA71F01 Ebx=76D1B498 Ecx=14 Edx=19A06614 Edi=2 Esi=77915A70 Ebp=303E2CC Esp=303E2B4 Eip=77AD94A4

ADDR: 77C98DEB CODE: 730a jae 0x77c98df7
Eax=EF22B4E Ebx=76D1B498 Ecx=77915A70 Edx=404000 Edi=2 Esi=77915A70 Ebp=303E2CC Esp=303E2A8 Eip=77C98DEB

ADDR: 77C909B7 CODE: 747f jz 0x77c90a38
Eax=2 Ebx=2E98FB4 Ecx=77915A70 Edx=2E98FB4 Edi=2 Esi=77915A70 Ebp=303E280 Esp=303E274 Eip=77C909B7

ADDR: 77C909BE CODE: 7378 jae 0x77c90a38
Eax=2 Ebx=2E98FB4 Ecx=77915A70 Edx=2E98FB4 Edi=2 Esi=77915A70 Ebp=303E280 Esp=303E274 Eip=77C909BE

ADDR: 77915A83 CODE: 790d jns 0x77915a92
Eax=0 Ebx=76D1B498 Ecx=33DA3C8 Edx=0 Edi=2 Esi=77915A70 Ebp=303E2A4 Esp=303E2A4 Eip=77915A83

ADDR: 77AE2C46 CODE: 740a jz 0x77ae2c52
Eax=0 Ebx=76D1B498 Ecx=76F1E690 Edx=0 Edi=76D92B50 Esi=76D1B2C4 Ebp=303E360 Esp=303E354 Eip=77AE2C46

ADDR: 77C98DEB CODE: 730a jae 0x77c98df7
Eax=EDB256A Ebx=76D1B498 Ecx=76D92B50 Edx=44444444 Edi=76D92B50 Esi=76D1B2C4 Ebp=303E360 Esp=303E350 Eip=77C98DEB

ADDR: 77AD95B4 CODE: 7458 jz 0x77ad960e
Eax=BEA71F01 Ebx=76D1B498 Ecx=14 Edx=7728C8DC Edi=2 Esi=77915A70 Ebp=303E2D0 Esp=303E2B8 Eip=77AD95B4

ADDR: 77C98DEB CODE: 730a jae 0x77c98df7
Eax=EF22B4E Ebx=76D1B498 Ecx=77915A70 Edx=404000 Edi=2 Esi=77915A70 Ebp=303E2D0 Esp=303E2AC Eip=77C98DEB

ADDR: 77C909B7 CODE: 747f jz 0x77c90a38
Eax=2 Ebx=2E98FB4 Ecx=77915A70 Edx=2E98FB4 Edi=2 Esi=77915A70 Ebp=303E284 Esp=303E278 Eip=77C909B7

ADDR: 77C909BE CODE: 7378 jae 0x77c90a38
Eax=2 Ebx=2E98FB4 Ecx=77915A70 Edx=2E98FB4 Edi=2 Esi=77915A70 Ebp=303E284 Esp=303E278 Eip=77C909BE

ADDR: 77915A83 CODE: 790d jns 0x77915a92
Eax=0 Ebx=76D1B498 Ecx=33DA3C8 Edx=0 Edi=2 Esi=77915A70 Ebp=303E2A8 Esp=303E2A8 Eip=77915A83

ADDR: 77AD90DC CODE: 7454 jz 0x77ad9132
Eax=13A71F14 Ebx=76D1B498 Ecx=14 Edx=0 Edi=2 Esi=779000A0 Ebp=303E31C Esp=303E2C0 Eip=77AD90DC

ADDR: 77C98DEB CODE: 730a jae 0x77c98df7
Eax=EF20014 Ebx=76D1B498 Ecx=779000A0 Edx=104000 Edi=2 Esi=779000A0 Ebp=303E31C Esp=303E2B8 Eip=77C98DEB

ADDR: 77C8C686 CODE: 743c jz 0x77c8c6c4
Eax=2 Ebx=76D1B498 Ecx=33DA3C0 Edx=104000 Edi=2 Esi=2E98000 Ebp=303E29C Esp=303E29C Eip=77C8C686

ADDR: 77C8C68D CODE: 7335 jae 0x77c8c6c4
Eax=2 Ebx=76D1B498 Ecx=33DA3C0 Edx=104000 Edi=2 Esi=2E98000 Ebp=303E29C Esp=303E29C Eip=77C8C68D

ADDR: 77C8C6AC CODE: 740c jz 0x77c8c6ba
Eax=33DCAA0 Ebx=76D1B498 Ecx=33DA3C0 Edx=0 Edi=2 Esi=2 Ebp=303E29C Esp=303E298 Eip=77C8C6AC

ADDR: 77C8C6B4 CODE: 7404 jz 0x77c8c6ba
Eax=33DCAAC Ebx=76D1B498 Ecx=33DA3C0 Edx=0 Edi=2 Esi=2 Ebp=303E29C Esp=303E298 Eip=77C8C6B4

ADDR: 779000BD CODE: 791c jns 0x779000db
Eax=0 Ebx=76D1B498 Ecx=303E2B0 Edx=0 Edi=2 Esi=2E98000 Ebp=303E2B4 Esp=303E2AC Eip=779000BD

ADDR: 77C4E69A CODE: 7315 jae 0x77c4e6b1
Eax=77BB5C1C Ebx=76D1B498 Ecx=77BB5C18 Edx=2E98000 Edi=76D92B50 Esi=7728C8DC Ebp=303E28C Esp=303E288 Eip=77C4E69A

ADDR: 77AD97A6 CODE: 0f8454720500 jz 0x77b30a00
Eax=303E2FC Ebx=7728C8DC Ecx=303E2E8 Edx=2E98000 Edi=76D92B50 Esi=7728C8DC Ebp=303E290 Esp=303E270 Eip=77AD97A6

ADDR: 77AD97D3 CODE: 7479 jz 0x77ad984e
Eax=303E2FC Ebx=33EE380 Ecx=14 Edx=19A06614 Edi=33EE280 Esi=33EE358 Ebp=303E290 Esp=303E270 Eip=77AD97D3

ADDR: 77C47B53 CODE: 746e jz 0x77c47bc3
Eax=FFFFFFFE Ebx=77BB5C18 Ecx=FFFFFFFF Edx=19A06614 Edi=77BB5C1C Esi=FFFFFFFE Ebp=303E288 Esp=303E274 Eip=77C47B53

ADDR: 77AD94A4 CODE: 7458 jz 0x77ad94fe
Eax=BEA71F01 Ebx=76D1B498 Ecx=14 Edx=19A06614 Edi=2 Esi=77915A70 Ebp=303E2CC Esp=303E2B4 Eip=77AD94A4

ADDR: 77C98DEB CODE: 730a jae 0x77c98df7
Eax=EF22B4E Ebx=76D1B498 Ecx=77915A70 Edx=404000 Edi=2 Esi=77915A70 Ebp=303E2CC Esp=303E2A8 Eip=77C98DEB

ADDR: 77C909B7 CODE: 747f jz 0x77c90a38
Eax=2 Ebx=2E98FB4 Ecx=77915A70 Edx=2E98FB4 Edi=2 Esi=77915A70 Ebp=303E280 Esp=303E274 Eip=77C909B7

ADDR: 77C909BE CODE: 7378 jae 0x77c90a38
Eax=2 Ebx=2E98FB4 Ecx=77915A70 Edx=2E98FB4 Edi=2 Esi=77915A70 Ebp=303E280 Esp=303E274 Eip=77C909BE

ADDR: 77915A83 CODE: 790d jns 0x77915a92
Eax=0 Ebx=76D1B498 Ecx=33DA3C8 Edx=0 Edi=2 Esi=77915A70 Ebp=303E2A4 Esp=303E2A4 Eip=77915A83

ADDR: 77AE2C46 CODE: 740a jz 0x77ae2c52
Eax=0 Ebx=76D1B498 Ecx=76F1E6A0 Edx=0 Edi=76D92B70 Esi=76D1B2C8 Ebp=303E360 Esp=303E354 Eip=77AE2C46

ADDR: 77C98DEB CODE: 730a jae 0x77c98df7
Eax=EDB256E Ebx=76D1B498 Ecx=76D92B70 Edx=44444444 Edi=76D92B70 Esi=76D1B2C8 Ebp=303E360 Esp=303E350 Eip=77C98DEB

ADDR: 77AD95B4 CODE: 7458 jz 0x77ad960e
Eax=BEA71F01 Ebx=76D1B498 Ecx=14 Edx=7728C8DC Edi=2 Esi=77915A70 Ebp=303E2D0 Esp=303E2B8 Eip=77AD95B4

ADDR: 77C98DEB CODE: 730a jae 0x77c98df7
Eax=EF22B4E Ebx=76D1B498 Ecx=77915A70 Edx=404000 Edi=2 Esi=77915A70 Ebp=303E2D0 Esp=303E2AC Eip=77C98DEB

ADDR: 77C909B7 CODE: 747f jz 0x77c90a38
Eax=2 Ebx=2E98FB4 Ecx=77915A70 Edx=2E98FB4 Edi=2 Esi=77915A70 Ebp=303E284 Esp=303E278 Eip=77C909B7

ADDR: 77C909BE CODE: 7378 jae 0x77c90a38
Eax=2 Ebx=2E98FB4 Ecx=77915A70 Edx=2E98FB4 Edi=2 Esi=77915A70 Ebp=303E284 Esp=303E278 Eip=77C909BE

ADDR: 77915A83 CODE: 790d jns 0x77915a92
Eax=0 Ebx=76D1B498 Ecx=33DA3C8 Edx=0 Edi=2 Esi=77915A70 Ebp=303E2A8 Esp=303E2A8 Eip=77915A83

ADDR: 77AD90DC CODE: 7454 jz 0x77ad9132
Eax=13A71F14 Ebx=76D1B498 Ecx=14 Edx=0 Edi=2 Esi=779000A0 Ebp=303E31C Esp=303E2C0 Eip=77AD90DC

ADDR: 77C98DEB CODE: 730a jae 0x77c98df7
Eax=EF20014 Ebx=76D1B498 Ecx=779000A0 Edx=104000 Edi=2 Esi=779000A0 Ebp=303E31C Esp=303E2B8 Eip=77C98DEB

ADDR: 77C8C686 CODE: 743c jz 0x77c8c6c4
Eax=2 Ebx=76D1B498 Ecx=33DA3C0 Edx=104000 Edi=2 Esi=2E98000 Ebp=303E29C Esp=303E29C Eip=77C8C686

ADDR: 77C8C68D CODE: 7335 jae 0x77c8c6c4
Eax=2 Ebx=76D1B498 Ecx=33DA3C0 Edx=104000 Edi=2 Esi=2E98000 Ebp=303E29C Esp=303E29C Eip=77C8C68D

ADDR: 77C8C6AC CODE: 740c jz 0x77c8c6ba
Eax=33DCAA0 Ebx=76D1B498 Ecx=33DA3C0 Edx=0 Edi=2 Esi=2 Ebp=303E29C Esp=303E298 Eip=77C8C6AC

ADDR: 77C8C6B4 CODE: 7404 jz 0x77c8c6ba
Eax=33DCAAC Ebx=76D1B498 Ecx=33DA3C0 Edx=0 Edi=2 Esi=2 Ebp=303E29C Esp=303E298 Eip=77C8C6B4

ADDR: 779000BD CODE: 791c jns 0x779000db
Eax=0 Ebx=76D1B498 Ecx=303E2B0 Edx=0 Edi=2 Esi=2E98000 Ebp=303E2B4 Esp=303E2AC Eip=779000BD

ADDR: 77C4E69A CODE: 7315 jae 0x77c4e6b1
Eax=77BB5C1C Ebx=76D1B498 Ecx=77BB5C18 Edx=2E98000 Edi=76D92B70 Esi=7728C8DC Ebp=303E28C Esp=303E288 Eip=77C4E69A

ADDR: 77AD97A6 CODE: 0f8454720500 jz 0x77b30a00
Eax=303E2FC Ebx=7728C8DC Ecx=303E2E8 Edx=2E98000 Edi=76D92B70 Esi=7728C8DC Ebp=303E290 Esp=303E270 Eip=77AD97A6

ADDR: 77AD97D3 CODE: 7479 jz 0x77ad984e
Eax=303E2FC Ebx=33EE380 Ecx=14 Edx=19A06614 Edi=33EE280 Esi=33EE35C Ebp=303E290 Esp=303E270 Eip=77AD97D3

ADDR: 77C47B53 CODE: 746e jz 0x77c47bc3
Eax=FFFFFFFE Ebx=77BB5C18 Ecx=FFFFFFFF Edx=19A06614 Edi=77BB5C1C Esi=FFFFFFFE Ebp=303E288 Esp=303E274 Eip=77C47B53

ADDR: 77AD94A4 CODE: 7458 jz 0x77ad94fe
Eax=BEA71F01 Ebx=76D1B498 Ecx=14 Edx=19A06614 Edi=2 Esi=77915A70 Ebp=303E2CC Esp=303E2B4 Eip=77AD94A4

ADDR: 77C98DEB CODE: 730a jae 0x77c98df7
Eax=EF22B4E Ebx=76D1B498 Ecx=77915A70 Edx=404000 Edi=2 Esi=77915A70 Ebp=303E2CC Esp=303E2A8 Eip=77C98DEB

ADDR: 77C909B7 CODE: 747f jz 0x77c90a38
Eax=2 Ebx=2E98FB4 Ecx=77915A70 Edx=2E98FB4 Edi=2 Esi=77915A70 Ebp=303E280 Esp=303E274 Eip=77C909B7

ADDR: 77C909BE CODE: 7378 jae 0x77c90a38
Eax=2 Ebx=2E98FB4 Ecx=77915A70 Edx=2E98FB4 Edi=2 Esi=77915A70 Ebp=303E280 Esp=303E274 Eip=77C909BE

ADDR: 77915A83 CODE: 790d jns 0x77915a92
Eax=0 Ebx=76D1B498 Ecx=33DA3C8 Edx=0 Edi=2 Esi=77915A70 Ebp=303E2A4 Esp=303E2A4 Eip=77915A83

ADDR: 77AE2C46 CODE: 740a jz 0x77ae2c52
Eax=0 Ebx=76D1B498 Ecx=76F1E6B0 Edx=0 Edi=76D92B90 Esi=76D1B2CC Ebp=303E360 Esp=303E354 Eip=77AE2C46

ADDR: 77C98DEB CODE: 730a jae 0x77c98df7
Eax=EDB2572 Ebx=76D1B498 Ecx=76D92B90 Edx=44444444 Edi=76D92B90 Esi=76D1B2CC Ebp=303E360 Esp=303E350 Eip=77C98DEB

ADDR: 77AD95B4 CODE: 7458 jz 0x77ad960e
Eax=BEA71F01 Ebx=76D1B498 Ecx=14 Edx=7728C8DC Edi=2 Esi=77915A70 Ebp=303E2D0 Esp=303E2B8 Eip=77AD95B4

ADDR: 77C98DEB CODE: 730a jae 0x77c98df7
Eax=EF22B4E Ebx=76D1B498 Ecx=77915A70 Edx=404000 Edi=2 Esi=77915A70 Ebp=303E2D0 Esp=303E2AC Eip=77C98DEB

ADDR: 77C909B7 CODE: 747f jz 0x77c90a38
Eax=2 Ebx=2E98FB4 Ecx=77915A70 Edx=2E98FB4 Edi=2 Esi=77915A70 Ebp=303E284 Esp=303E278 Eip=77C909B7

ADDR: 77C909BE CODE: 7378 jae 0x77c90a38
Eax=2 Ebx=2E98FB4 Ecx=77915A70 Edx=2E98FB4 Edi=2 Esi=77915A70 Ebp=303E284 Esp=303E278 Eip=77C909BE

ADDR: 77915A83 CODE: 790d jns 0x77915a92
Eax=0 Ebx=76D1B498 Ecx=33DA3C8 Edx=0 Edi=2 Esi=77915A70 Ebp=303E2A8 Esp=303E2A8 Eip=77915A83

ADDR: 77AD90DC CODE: 7454 jz 0x77ad9132
Eax=13A71F14 Ebx=76D1B498 Ecx=14 Edx=0 Edi=2 Esi=779000A0 Ebp=303E31C Esp=303E2C0 Eip=77AD90DC

ADDR: 77C98DEB CODE: 730a jae 0x77c98df7
Eax=EF20014 Ebx=76D1B498 Ecx=779000A0 Edx=104000 Edi=2 Esi=779000A0 Ebp=303E31C Esp=303E2B8 Eip=77C98DEB

ADDR: 77C8C686 CODE: 743c jz 0x77c8c6c4
Eax=2 Ebx=76D1B498 Ecx=33DA3C0 Edx=104000 Edi=2 Esi=2E98000 Ebp=303E29C Esp=303E29C Eip=77C8C686

ADDR: 77C8C68D CODE: 7335 jae 0x77c8c6c4
Eax=2 Ebx=76D1B498 Ecx=33DA3C0 Edx=104000 Edi=2 Esi=2E98000 Ebp=303E29C Esp=303E29C Eip=77C8C68D

ADDR: 77C8C6AC CODE: 740c jz 0x77c8c6ba
Eax=33DCAA0 Ebx=76D1B498 Ecx=33DA3C0 Edx=0 Edi=2 Esi=2 Ebp=303E29C Esp=303E298 Eip=77C8C6AC

ADDR: 77C8C6B4 CODE: 7404 jz 0x77c8c6ba
Eax=33DCAAC Ebx=76D1B498 Ecx=33DA3C0 Edx=0 Edi=2 Esi=2 Ebp=303E29C Esp=303E298 Eip=77C8C6B4

ADDR: 779000BD CODE: 791c jns 0x779000db
Eax=0 Ebx=76D1B498 Ecx=303E2B0 Edx=0 Edi=2 Esi=2E98000 Ebp=303E2B4 Esp=303E2AC Eip=779000BD

ADDR: 77C4E69A CODE: 7315 jae 0x77c4e6b1
Eax=77BB5C1C Ebx=76D1B498 Ecx=77BB5C18 Edx=2E98000 Edi=76D92B90 Esi=7728C8DC Ebp=303E28C Esp=303E288 Eip=77C4E69A

ADDR: 77AD97A6 CODE: 0f8454720500 jz 0x77b30a00
Eax=303E2FC Ebx=7728C8DC Ecx=303E2E8 Edx=2E98000 Edi=76D92B90 Esi=7728C8DC Ebp=303E290 Esp=303E270 Eip=77AD97A6

ADDR: 77AD97D3 CODE: 7479 jz 0x77ad984e
Eax=303E2FC Ebx=33EE380 Ecx=14 Edx=19A06614 Edi=33EE280 Esi=33EE360 Ebp=303E290 Esp=303E270 Eip=77AD97D3

ADDR: 77C47B53 CODE: 746e jz 0x77c47bc3
Eax=FFFFFFFE Ebx=77BB5C18 Ecx=FFFFFFFF Edx=19A06614 Edi=77BB5C1C Esi=FFFFFFFE Ebp=303E288 Esp=303E274 Eip=77C47B53

ADDR: 77AD94A4 CODE: 7458 jz 0x77ad94fe
Eax=BEA71F01 Ebx=76D1B498 Ecx=14 Edx=19A06614 Edi=2 Esi=77915A70 Ebp=303E2CC Esp=303E2B4 Eip=77AD94A4

ADDR: 77C98DEB CODE: 730a jae 0x77c98df7
Eax=EF22B4E Ebx=76D1B498 Ecx=77915A70 Edx=404000 Edi=2 Esi=77915A70 Ebp=303E2CC Esp=303E2A8 Eip=77C98DEB

ADDR: 77C909B7 CODE: 747f jz 0x77c90a38
Eax=2 Ebx=2E98FB4 Ecx=77915A70 Edx=2E98FB4 Edi=2 Esi=77915A70 Ebp=303E280 Esp=303E274 Eip=77C909B7

ADDR: 77C909BE CODE: 7378 jae 0x77c90a38
Eax=2 Ebx=2E98FB4 Ecx=77915A70 Edx=2E98FB4 Edi=2 Esi=77915A70 Ebp=303E280 Esp=303E274 Eip=77C909BE

ADDR: 77915A83 CODE: 790d jns 0x77915a92
Eax=0 Ebx=76D1B498 Ecx=33DA3C8 Edx=0 Edi=2 Esi=77915A70 Ebp=303E2A4 Esp=303E2A4 Eip=77915A83

ADDR: 77AE2C46 CODE: 740a jz 0x77ae2c52
Eax=0 Ebx=76D1B498 Ecx=76F1E6C0 Edx=0 Edi=76D92BB0 Esi=76D1B2D0 Ebp=303E360 Esp=303E354 Eip=77AE2C46

ADDR: 77C98DEB CODE: 730a jae 0x77c98df7
Eax=EDB2576 Ebx=76D1B498 Ecx=76D92BB0 Edx=44444444 Edi=76D92BB0 Esi=76D1B2D0 Ebp=303E360 Esp=303E350 Eip=77C98DEB

ADDR: 77AD95B4 CODE: 7458 jz 0x77ad960e
Eax=BEA71F01 Ebx=76D1B498 Ecx=14 Edx=7728C8DC Edi=2 Esi=77915A70 Ebp=303E2D0 Esp=303E2B8 Eip=77AD95B4

ADDR: 77C98DEB CODE: 730a jae 0x77c98df7
Eax=EF22B4E Ebx=76D1B498 Ecx=77915A70 Edx=404000 Edi=2 Esi=77915A70 Ebp=303E2D0 Esp=303E2AC Eip=77C98DEB

ADDR: 77C909B7 CODE: 747f jz 0x77c90a38
Eax=2 Ebx=2E98FB4 Ecx=77915A70 Edx=2E98FB4 Edi=2 Esi=77915A70 Ebp=303E284 Esp=303E278 Eip=77C909B7

ADDR: 77C909BE CODE: 7378 jae 0x77c90a38
Eax=2 Ebx=2E98FB4 Ecx=77915A70 Edx=2E98FB4 Edi=2 Esi=77915A70 Ebp=303E284 Esp=303E278 Eip=77C909BE

ADDR: 77915A83 CODE: 790d jns 0x77915a92
Eax=0 Ebx=76D1B498 Ecx=33DA3C8 Edx=0 Edi=2 Esi=77915A70 Ebp=303E2A8 Esp=303E2A8 Eip=77915A83

ADDR: 77AD90DC CODE: 7454 jz 0x77ad9132
Eax=13A71F14 Ebx=76D1B498 Ecx=14 Edx=0 Edi=2 Esi=779000A0 Ebp=303E31C Esp=303E2C0 Eip=77AD90DC

ADDR: 77C98DEB CODE: 730a jae 0x77c98df7
Eax=EF20014 Ebx=76D1B498 Ecx=779000A0 Edx=104000 Edi=2 Esi=779000A0 Ebp=303E31C Esp=303E2B8 Eip=77C98DEB

ADDR: 77C8C686 CODE: 743c jz 0x77c8c6c4
Eax=2 Ebx=76D1B498 Ecx=33DA3C0 Edx=104000 Edi=2 Esi=2E98000 Ebp=303E29C Esp=303E29C Eip=77C8C686

ADDR: 77C8C68D CODE: 7335 jae 0x77c8c6c4
Eax=2 Ebx=76D1B498 Ecx=33DA3C0 Edx=104000 Edi=2 Esi=2E98000 Ebp=303E29C Esp=303E29C Eip=77C8C68D

ADDR: 77C8C6AC CODE: 740c jz 0x77c8c6ba
Eax=33DCAA0 Ebx=76D1B498 Ecx=33DA3C0 Edx=0 Edi=2 Esi=2 Ebp=303E29C Esp=303E298 Eip=77C8C6AC

ADDR: 77C8C6B4 CODE: 7404 jz 0x77c8c6ba
Eax=33DCAAC Ebx=76D1B498 Ecx=33DA3C0 Edx=0 Edi=2 Esi=2 Ebp=303E29C Esp=303E298 Eip=77C8C6B4

ADDR: 779000BD CODE: 791c jns 0x779000db
Eax=0 Ebx=76D1B498 Ecx=303E2B0 Edx=0 Edi=2 Esi=2E98000 Ebp=303E2B4 Esp=303E2AC Eip=779000BD

ADDR: 77C4E69A CODE: 7315 jae 0x77c4e6b1
Eax=77BB5C1C Ebx=76D1B498 Ecx=77BB5C18 Edx=2E98000 Edi=76D92BB0 Esi=7728C8DC Ebp=303E28C Esp=303E288 Eip=77C4E69A

ADDR: 77AD97A6 CODE: 0f8454720500 jz 0x77b30a00
Eax=303E2FC Ebx=7728C8DC Ecx=303E2E8 Edx=2E98000 Edi=76D92BB0 Esi=7728C8DC Ebp=303E290 Esp=303E270 Eip=77AD97A6

ADDR: 77AD97D3 CODE: 7479 jz 0x77ad984e
Eax=303E2FC Ebx=33EE380 Ecx=14 Edx=19A06614 Edi=33EE280 Esi=33EE364 Ebp=303E290 Esp=303E270 Eip=77AD97D3

ADDR: 77C47B53 CODE: 746e jz 0x77c47bc3
Eax=FFFFFFFE Ebx=77BB5C18 Ecx=FFFFFFFF Edx=19A06614 Edi=77BB5C1C Esi=FFFFFFFE Ebp=303E288 Esp=303E274 Eip=77C47B53

ADDR: 77AD94A4 CODE: 7458 jz 0x77ad94fe
Eax=BEA71F01 Ebx=76D1B498 Ecx=14 Edx=19A06614 Edi=2 Esi=77915A70 Ebp=303E2CC Esp=303E2B4 Eip=77AD94A4

ADDR: 77C98DEB CODE: 730a jae 0x77c98df7
Eax=EF22B4E Ebx=76D1B498 Ecx=77915A70 Edx=404000 Edi=2 Esi=77915A70 Ebp=303E2CC Esp=303E2A8 Eip=77C98DEB

ADDR: 77C909B7 CODE: 747f jz 0x77c90a38
Eax=2 Ebx=2E98FB4 Ecx=77915A70 Edx=2E98FB4 Edi=2 Esi=77915A70 Ebp=303E280 Esp=303E274 Eip=77C909B7

ADDR: 77C909BE CODE: 7378 jae 0x77c90a38
Eax=2 Ebx=2E98FB4 Ecx=77915A70 Edx=2E98FB4 Edi=2 Esi=77915A70 Ebp=303E280 Esp=303E274 Eip=77C909BE

ADDR: 77915A83 CODE: 790d jns 0x77915a92
Eax=0 Ebx=76D1B498 Ecx=33DA3C8 Edx=0 Edi=2 Esi=77915A70 Ebp=303E2A4 Esp=303E2A4 Eip=77915A83

ADDR: 77AE2C46 CODE: 740a jz 0x77ae2c52
Eax=0 Ebx=76D1B498 Ecx=76F1E6D0 Edx=0 Edi=76D92BD0 Esi=76D1B2D4 Ebp=303E360 Esp=303E354 Eip=77AE2C46

ADDR: 77C98DEB CODE: 730a jae 0x77c98df7
Eax=EDB257A Ebx=76D1B498 Ecx=76D92BD0 Edx=44444444 Edi=76D92BD0 Esi=76D1B2D4 Ebp=303E360 Esp=303E350 Eip=77C98DEB

ADDR: 77AD95B4 CODE: 7458 jz 0x77ad960e
Eax=BEA71F01 Ebx=76D1B498 Ecx=14 Edx=7728C8DC Edi=2 Esi=77915A70 Ebp=303E2D0 Esp=303E2B8 Eip=77AD95B4

ADDR: 77C98DEB CODE: 730a jae 0x77c98df7
Eax=EF22B4E Ebx=76D1B498 Ecx=77915A70 Edx=404000 Edi=2 Esi=77915A70 Ebp=303E2D0 Esp=303E2AC Eip=77C98DEB

ADDR: 77C909B7 CODE: 747f jz 0x77c90a38
Eax=2 Ebx=2E98FB4 Ecx=77915A70 Edx=2E98FB4 Edi=2 Esi=77915A70 Ebp=303E284 Esp=303E278 Eip=77C909B7

ADDR: 77C909BE CODE: 7378 jae 0x77c90a38
Eax=2 Ebx=2E98FB4 Ecx=77915A70 Edx=2E98FB4 Edi=2 Esi=77915A70 Ebp=303E284 Esp=303E278 Eip=77C909BE

ADDR: 77915A83 CODE: 790d jns 0x77915a92
Eax=0 Ebx=76D1B498 Ecx=33DA3C8 Edx=0 Edi=2 Esi=77915A70 Ebp=303E2A8 Esp=303E2A8 Eip=77915A83

ADDR: 77AD90DC CODE: 7454 jz 0x77ad9132
Eax=13A71F14 Ebx=76D1B498 Ecx=14 Edx=0 Edi=2 Esi=779000A0 Ebp=303E31C Esp=303E2C0 Eip=77AD90DC

ADDR: 77C98DEB CODE: 730a jae 0x77c98df7
Eax=EF20014 Ebx=76D1B498 Ecx=779000A0 Edx=104000 Edi=2 Esi=779000A0 Ebp=303E31C Esp=303E2B8 Eip=77C98DEB

ADDR: 77C8C686 CODE: 743c jz 0x77c8c6c4
Eax=2 Ebx=76D1B498 Ecx=33DA3C0 Edx=104000 Edi=2 Esi=2E98000 Ebp=303E29C Esp=303E29C Eip=77C8C686

ADDR: 77C8C68D CODE: 7335 jae 0x77c8c6c4
Eax=2 Ebx=76D1B498 Ecx=33DA3C0 Edx=104000 Edi=2 Esi=2E98000 Ebp=303E29C Esp=303E29C Eip=77C8C68D

ADDR: 77C8C6AC CODE: 740c jz 0x77c8c6ba
Eax=33DCAA0 Ebx=76D1B498 Ecx=33DA3C0 Edx=0 Edi=2 Esi=2 Ebp=303E29C Esp=303E298 Eip=77C8C6AC

ADDR: 77C8C6B4 CODE: 7404 jz 0x77c8c6ba
Eax=33DCAAC Ebx=76D1B498 Ecx=33DA3C0 Edx=0 Edi=2 Esi=2 Ebp=303E29C Esp=303E298 Eip=77C8C6B4

ADDR: 779000BD CODE: 791c jns 0x779000db
Eax=0 Ebx=76D1B498 Ecx=303E2B0 Edx=0 Edi=2 Esi=2E98000 Ebp=303E2B4 Esp=303E2AC Eip=779000BD

ADDR: 77C4E69A CODE: 7315 jae 0x77c4e6b1
Eax=77BB5C1C Ebx=76D1B498 Ecx=77BB5C18 Edx=2E98000 Edi=76D92BD0 Esi=7728C8DC Ebp=303E28C Esp=303E288 Eip=77C4E69A

ADDR: 77AD97A6 CODE: 0f8454720500 jz 0x77b30a00
Eax=303E2FC Ebx=7728C8DC Ecx=303E2E8 Edx=2E98000 Edi=76D92BD0 Esi=7728C8DC Ebp=303E290 Esp=303E270 Eip=77AD97A6

ADDR: 77AD97D3 CODE: 7479 jz 0x77ad984e
Eax=303E2FC Ebx=33EE380 Ecx=14 Edx=19A06614 Edi=33EE280 Esi=33EE368 Ebp=303E290 Esp=303E270 Eip=77AD97D3

ADDR: 77C47B53 CODE: 746e jz 0x77c47bc3
Eax=FFFFFFFE Ebx=77BB5C18 Ecx=FFFFFFFF Edx=19A06614 Edi=77BB5C1C Esi=FFFFFFFE Ebp=303E288 Esp=303E274 Eip=77C47B53

ADDR: 77AD94A4 CODE: 7458 jz 0x77ad94fe
Eax=BEA71F01 Ebx=76D1B498 Ecx=14 Edx=19A06614 Edi=2 Esi=77915A70 Ebp=303E2CC Esp=303E2B4 Eip=77AD94A4

ADDR: 77C98DEB CODE: 730a jae 0x77c98df7
Eax=EF22B4E Ebx=76D1B498 Ecx=77915A70 Edx=404000 Edi=2 Esi=77915A70 Ebp=303E2CC Esp=303E2A8 Eip=77C98DEB

ADDR: 77C909B7 CODE: 747f jz 0x77c90a38
Eax=2 Ebx=2E98FB4 Ecx=77915A70 Edx=2E98FB4 Edi=2 Esi=77915A70 Ebp=303E280 Esp=303E274 Eip=77C909B7

ADDR: 77C909BE CODE: 7378 jae 0x77c90a38
Eax=2 Ebx=2E98FB4 Ecx=77915A70 Edx=2E98FB4 Edi=2 Esi=77915A70 Ebp=303E280 Esp=303E274 Eip=77C909BE

ADDR: 77915A83 CODE: 790d jns 0x77915a92
Eax=0 Ebx=76D1B498 Ecx=33DA3C8 Edx=0 Edi=2 Esi=77915A70 Ebp=303E2A4 Esp=303E2A4 Eip=77915A83

ADDR: 77AE2C46 CODE: 740a jz 0x77ae2c52
Eax=0 Ebx=76D1B498 Ecx=76F1E6E0 Edx=0 Edi=76D92BF0 Esi=76D1B2D8 Ebp=303E360 Esp=303E354 Eip=77AE2C46

ADDR: 77C98DEB CODE: 730a jae 0x77c98df7
Eax=EDB257E Ebx=76D1B498 Ecx=76D92BF0 Edx=44444444 Edi=76D92BF0 Esi=76D1B2D8 Ebp=303E360 Esp=303E350 Eip=77C98DEB

ADDR: 77AD95B4 CODE: 7458 jz 0x77ad960e
Eax=BEA71F01 Ebx=76D1B498 Ecx=14 Edx=7728C8DC Edi=2 Esi=77915A70 Ebp=303E2D0 Esp=303E2B8 Eip=77AD95B4

ADDR: 77C98DEB CODE: 730a jae 0x77c98df7
Eax=EF22B4E Ebx=76D1B498 Ecx=77915A70 Edx=404000 Edi=2 Esi=77915A70 Ebp=303E2D0 Esp=303E2AC Eip=77C98DEB

ADDR: 77C909B7 CODE: 747f jz 0x77c90a38
Eax=2 Ebx=2E98FB4 Ecx=77915A70 Edx=2E98FB4 Edi=2 Esi=77915A70 Ebp=303E284 Esp=303E278 Eip=77C909B7

ADDR: 77C909BE CODE: 7378 jae 0x77c90a38
Eax=2 Ebx=2E98FB4 Ecx=77915A70 Edx=2E98FB4 Edi=2 Esi=77915A70 Ebp=303E284 Esp=303E278 Eip=77C909BE

ADDR: 77915A83 CODE: 790d jns 0x77915a92
Eax=0 Ebx=76D1B498 Ecx=33DA3C8 Edx=0 Edi=2 Esi=77915A70 Ebp=303E2A8 Esp=303E2A8 Eip=77915A83

ADDR: 77AD90DC CODE: 7454 jz 0x77ad9132
Eax=13A71F14 Ebx=76D1B498 Ecx=14 Edx=0 Edi=2 Esi=779000A0 Ebp=303E31C Esp=303E2C0 Eip=77AD90DC

ADDR: 77C98DEB CODE: 730a jae 0x77c98df7
Eax=EF20014 Ebx=76D1B498 Ecx=779000A0 Edx=104000 Edi=2 Esi=779000A0 Ebp=303E31C Esp=303E2B8 Eip=77C98DEB

ADDR: 77C8C686 CODE: 743c jz 0x77c8c6c4
Eax=2 Ebx=76D1B498 Ecx=33DA3C0 Edx=104000 Edi=2 Esi=2E98000 Ebp=303E29C Esp=303E29C Eip=77C8C686

ADDR: 77C8C68D CODE: 7335 jae 0x77c8c6c4
Eax=2 Ebx=76D1B498 Ecx=33DA3C0 Edx=104000 Edi=2 Esi=2E98000 Ebp=303E29C Esp=303E29C Eip=77C8C68D

ADDR: 77C8C6AC CODE: 740c jz 0x77c8c6ba
Eax=33DCAA0 Ebx=76D1B498 Ecx=33DA3C0 Edx=0 Edi=2 Esi=2 Ebp=303E29C Esp=303E298 Eip=77C8C6AC

ADDR: 77C8C6B4 CODE: 7404 jz 0x77c8c6ba
Eax=33DCAAC Ebx=76D1B498 Ecx=33DA3C0 Edx=0 Edi=2 Esi=2 Ebp=303E29C Esp=303E298 Eip=77C8C6B4

ADDR: 779000BD CODE: 791c jns 0x779000db
Eax=0 Ebx=76D1B498 Ecx=303E2B0 Edx=0 Edi=2 Esi=2E98000 Ebp=303E2B4 Esp=303E2AC Eip=779000BD

ADDR: 77C4E69A CODE: 7315 jae 0x77c4e6b1
Eax=77BB5C1C Ebx=76D1B498 Ecx=77BB5C18 Edx=2E98000 Edi=76D92BF0 Esi=7728C8DC Ebp=303E28C Esp=303E288 Eip=77C4E69A

ADDR: 77AD97A6 CODE: 0f8454720500 jz 0x77b30a00
Eax=303E2FC Ebx=7728C8DC Ecx=303E2E8 Edx=2E98000 Edi=76D92BF0 Esi=7728C8DC Ebp=303E290 Esp=303E270 Eip=77AD97A6

ADDR: 77AD97D3 CODE: 7479 jz 0x77ad984e
Eax=303E2FC Ebx=33EE380 Ecx=14 Edx=19A06614 Edi=33EE280 Esi=33EE36C Ebp=303E290 Esp=303E270 Eip=77AD97D3

ADDR: 77C47B53 CODE: 746e jz 0x77c47bc3
Eax=FFFFFFFE Ebx=77BB5C18 Ecx=FFFFFFFF Edx=19A06614 Edi=77BB5C1C Esi=FFFFFFFE Ebp=303E288 Esp=303E274 Eip=77C47B53

ADDR: 77AD94A4 CODE: 7458 jz 0x77ad94fe
Eax=BEA71F01 Ebx=76D1B498 Ecx=14 Edx=19A06614 Edi=2 Esi=77915A70 Ebp=303E2CC Esp=303E2B4 Eip=77AD94A4

ADDR: 77C98DEB CODE: 730a jae 0x77c98df7
Eax=EF22B4E Ebx=76D1B498 Ecx=77915A70 Edx=404000 Edi=2 Esi=77915A70 Ebp=303E2CC Esp=303E2A8 Eip=77C98DEB

ADDR: 77C909B7 CODE: 747f jz 0x77c90a38
Eax=2 Ebx=2E98FB4 Ecx=77915A70 Edx=2E98FB4 Edi=2 Esi=77915A70 Ebp=303E280 Esp=303E274 Eip=77C909B7

ADDR: 77C909BE CODE: 7378 jae 0x77c90a38
Eax=2 Ebx=2E98FB4 Ecx=77915A70 Edx=2E98FB4 Edi=2 Esi=77915A70 Ebp=303E280 Esp=303E274 Eip=77C909BE

ADDR: 77915A83 CODE: 790d jns 0x77915a92
Eax=0 Ebx=76D1B498 Ecx=33DA3C8 Edx=0 Edi=2 Esi=77915A70 Ebp=303E2A4 Esp=303E2A4 Eip=77915A83

ADDR: 77AE2C46 CODE: 740a jz 0x77ae2c52
Eax=0 Ebx=76D1B498 Ecx=76F1E6F0 Edx=0 Edi=76D92C10 Esi=76D1B2DC Ebp=303E360 Esp=303E354 Eip=77AE2C46

ADDR: 77C98DEB CODE: 730a jae 0x77c98df7
Eax=EDB2582 Ebx=76D1B498 Ecx=76D92C10 Edx=11111104 Edi=76D92C10 Esi=76D1B2DC Ebp=303E360 Esp=303E350 Eip=77C98DEB

ADDR: 77C3680C CODE: 0f8685000000 jbe 0x77c36897
Eax=0 Ebx=76D1B498 Ecx=2E95000 Edx=0 Edi=76D92C10 Esi=7728E878 Ebp=303E328 Esp=303E2F0 Eip=77C3680C

ADDR: 77C3681B CODE: 745c jz 0x77c36879
Eax=0 Ebx=76D1B498 Ecx=2E95000 Edx=0 Edi=76D92C10 Esi=7728E878 Ebp=303E328 Esp=303E2F0 Eip=77C3681B

ADDR: 7791B7A6 CODE: 0f8837020600 js 0x7797b9e3
Eax=0 Ebx=76D1B498 Ecx=DA56165 Edx=20007D0 Edi=76D92C10 Esi=76D1B2DC Ebp=303E33C Esp=303E33C Eip=7791B7A6

ADDR: 77AD95B4 CODE: 7458 jz 0x77ad960e
Eax=BEA71F01 Ebx=76D1B498 Ecx=14 Edx=7728C8DC Edi=2 Esi=77915A70 Ebp=303E2D0 Esp=303E2B8 Eip=77AD95B4

ADDR: 77C98DEB CODE: 730a jae 0x77c98df7
Eax=EF22B4E Ebx=76D1B498 Ecx=77915A70 Edx=404000 Edi=2 Esi=77915A70 Ebp=303E2D0 Esp=303E2AC Eip=77C98DEB

ADDR: 77C909B7 CODE: 747f jz 0x77c90a38
Eax=2 Ebx=2E98FB4 Ecx=77915A70 Edx=2E98FB4 Edi=2 Esi=77915A70 Ebp=303E284 Esp=303E278 Eip=77C909B7

ADDR: 77C909BE CODE: 7378 jae 0x77c90a38
Eax=2 Ebx=2E98FB4 Ecx=77915A70 Edx=2E98FB4 Edi=2 Esi=77915A70 Ebp=303E284 Esp=303E278 Eip=77C909BE

ADDR: 77915A83 CODE: 790d jns 0x77915a92
Eax=0 Ebx=76D1B498 Ecx=33DA3C8 Edx=0 Edi=2 Esi=77915A70 Ebp=303E2A8 Esp=303E2A8 Eip=77915A83

ADDR: 77AD90DC CODE: 7454 jz 0x77ad9132
Eax=13A71F14 Ebx=76D1B498 Ecx=14 Edx=0 Edi=2 Esi=779000A0 Ebp=303E31C Esp=303E2C0 Eip=77AD90DC

ADDR: 77C98DEB CODE: 730a jae 0x77c98df7
Eax=EF20014 Ebx=76D1B498 Ecx=779000A0 Edx=104000 Edi=2 Esi=779000A0 Ebp=303E31C Esp=303E2B8 Eip=77C98DEB

ADDR: 77C8C686 CODE: 743c jz 0x77c8c6c4
Eax=2 Ebx=76D1B498 Ecx=33DA3C0 Edx=104000 Edi=2 Esi=2E98000 Ebp=303E29C Esp=303E29C Eip=77C8C686

ADDR: 77C8C68D CODE: 7335 jae 0x77c8c6c4
Eax=2 Ebx=76D1B498 Ecx=33DA3C0 Edx=104000 Edi=2 Esi=2E98000 Ebp=303E29C Esp=303E29C Eip=77C8C68D

ADDR: 77C8C6AC CODE: 740c jz 0x77c8c6ba
Eax=33DCAA0 Ebx=76D1B498 Ecx=33DA3C0 Edx=0 Edi=2 Esi=2 Ebp=303E29C Esp=303E298 Eip=77C8C6AC

ADDR: 77C8C6B4 CODE: 7404 jz 0x77c8c6ba
Eax=33DCAAC Ebx=76D1B498 Ecx=33DA3C0 Edx=0 Edi=2 Esi=2 Ebp=303E29C Esp=303E298 Eip=77C8C6B4

ADDR: 779000BD CODE: 791c jns 0x779000db
Eax=0 Ebx=76D1B498 Ecx=303E2B0 Edx=0 Edi=2 Esi=2E98000 Ebp=303E2B4 Esp=303E2AC Eip=779000BD

ADDR: 77C4E69A CODE: 7315 jae 0x77c4e6b1
Eax=77BB5C1C Ebx=76D1B498 Ecx=77BB5C18 Edx=2E98000 Edi=76D92C10 Esi=7728C8DC Ebp=303E28C Esp=303E288 Eip=77C4E69A

ADDR: 77AD97A6 CODE: 0f8454720500 jz 0x77b30a00
Eax=303E2FC Ebx=7728C8DC Ecx=303E2E8 Edx=2E98000 Edi=76D92C10 Esi=7728C8DC Ebp=303E290 Esp=303E270 Eip=77AD97A6

ADDR: 77AD97D3 CODE: 7479 jz 0x77ad984e
Eax=303E2FC Ebx=33EE380 Ecx=14 Edx=19A06614 Edi=33EE280 Esi=33EE370 Ebp=303E290 Esp=303E270 Eip=77AD97D3

ADDR: 77C47B53 CODE: 746e jz 0x77c47bc3
Eax=FFFFFFFE Ebx=77BB5C18 Ecx=FFFFFFFF Edx=19A06614 Edi=77BB5C1C Esi=FFFFFFFE Ebp=303E288 Esp=303E274 Eip=77C47B53

ADDR: 77AD94A4 CODE: 7458 jz 0x77ad94fe
Eax=BEA71F01 Ebx=76D1B498 Ecx=14 Edx=19A06614 Edi=2 Esi=77915A70 Ebp=303E2CC Esp=303E2B4 Eip=77AD94A4

ADDR: 77C98DEB CODE: 730a jae 0x77c98df7
Eax=EF22B4E Ebx=76D1B498 Ecx=77915A70 Edx=404000 Edi=2 Esi=77915A70 Ebp=303E2CC Esp=303E2A8 Eip=77C98DEB

ADDR: 77C909B7 CODE: 747f jz 0x77c90a38
Eax=2 Ebx=2E98FB4 Ecx=77915A70 Edx=2E98FB4 Edi=2 Esi=77915A70 Ebp=303E280 Esp=303E274 Eip=77C909B7

ADDR: 77C909BE CODE: 7378 jae 0x77c90a38
Eax=2 Ebx=2E98FB4 Ecx=77915A70 Edx=2E98FB4 Edi=2 Esi=77915A70 Ebp=303E280 Esp=303E274 Eip=77C909BE

ADDR: 77915A83 CODE: 790d jns 0x77915a92
Eax=0 Ebx=76D1B498 Ecx=33DA3C8 Edx=0 Edi=2 Esi=77915A70 Ebp=303E2A4 Esp=303E2A4 Eip=77915A83

ADDR: 77AE2C46 CODE: 740a jz 0x77ae2c52
Eax=0 Ebx=76D1B498 Ecx=76F1E700 Edx=0 Edi=76D92C40 Esi=76D1B2E0 Ebp=303E360 Esp=303E354 Eip=77AE2C46

ADDR: 77C98DEB CODE: 730a jae 0x77c98df7
Eax=EDB2588 Ebx=76D1B498 Ecx=76D92C40 Edx=11111104 Edi=76D92C40 Esi=76D1B2E0 Ebp=303E360 Esp=303E350 Eip=77C98DEB

ADDR: 77AD95B4 CODE: 7458 jz 0x77ad960e
Eax=BEA71F01 Ebx=76D1B498 Ecx=14 Edx=7728C8DC Edi=2 Esi=77915A70 Ebp=303E2D0 Esp=303E2B8 Eip=77AD95B4

ADDR: 77C98DEB CODE: 730a jae 0x77c98df7
Eax=EF22B4E Ebx=76D1B498 Ecx=77915A70 Edx=404000 Edi=2 Esi=77915A70 Ebp=303E2D0 Esp=303E2AC Eip=77C98DEB

ADDR: 77C909B7 CODE: 747f jz 0x77c90a38
Eax=2 Ebx=2E98FB4 Ecx=77915A70 Edx=2E98FB4 Edi=2 Esi=77915A70 Ebp=303E284 Esp=303E278 Eip=77C909B7

ADDR: 77C909BE CODE: 7378 jae 0x77c90a38
Eax=2 Ebx=2E98FB4 Ecx=77915A70 Edx=2E98FB4 Edi=2 Esi=77915A70 Ebp=303E284 Esp=303E278 Eip=77C909BE

ADDR: 77915A83 CODE: 790d jns 0x77915a92
Eax=0 Ebx=76D1B498 Ecx=33DA3C8 Edx=0 Edi=2 Esi=77915A70 Ebp=303E2A8 Esp=303E2A8 Eip=77915A83

ADDR: 77AD90DC CODE: 7454 jz 0x77ad9132
Eax=13A71F14 Ebx=76D1B498 Ecx=14 Edx=0 Edi=2 Esi=779000A0 Ebp=303E31C Esp=303E2C0 Eip=77AD90DC

ADDR: 77C98DEB CODE: 730a jae 0x77c98df7
Eax=EF20014 Ebx=76D1B498 Ecx=779000A0 Edx=104000 Edi=2 Esi=779000A0 Ebp=303E31C Esp=303E2B8 Eip=77C98DEB

ADDR: 77C8C686 CODE: 743c jz 0x77c8c6c4
Eax=2 Ebx=76D1B498 Ecx=33DA3C0 Edx=104000 Edi=2 Esi=2E98000 Ebp=303E29C Esp=303E29C Eip=77C8C686

ADDR: 77C8C68D CODE: 7335 jae 0x77c8c6c4
Eax=2 Ebx=76D1B498 Ecx=33DA3C0 Edx=104000 Edi=2 Esi=2E98000 Ebp=303E29C Esp=303E29C Eip=77C8C68D

ADDR: 77C8C6AC CODE: 740c jz 0x77c8c6ba
Eax=33DCAA0 Ebx=76D1B498 Ecx=33DA3C0 Edx=0 Edi=2 Esi=2 Ebp=303E29C Esp=303E298 Eip=77C8C6AC

ADDR: 77C8C6B4 CODE: 7404 jz 0x77c8c6ba
Eax=33DCAAC Ebx=76D1B498 Ecx=33DA3C0 Edx=0 Edi=2 Esi=2 Ebp=303E29C Esp=303E298 Eip=77C8C6B4

ADDR: 779000BD CODE: 791c jns 0x779000db
Eax=0 Ebx=76D1B498 Ecx=303E2B0 Edx=0 Edi=2 Esi=2E98000 Ebp=303E2B4 Esp=303E2AC Eip=779000BD

ADDR: 77C4E69A CODE: 7315 jae 0x77c4e6b1
Eax=77BB5C1C Ebx=76D1B498 Ecx=77BB5C18 Edx=2E98000 Edi=76D92C40 Esi=7728C8DC Ebp=303E28C Esp=303E288 Eip=77C4E69A

ADDR: 77AD97A6 CODE: 0f8454720500 jz 0x77b30a00
Eax=303E2FC Ebx=7728C8DC Ecx=303E2E8 Edx=2E98000 Edi=76D92C40 Esi=7728C8DC Ebp=303E290 Esp=303E270 Eip=77AD97A6

ADDR: 77AD97D3 CODE: 7479 jz 0x77ad984e
Eax=303E2FC Ebx=33EE380 Ecx=14 Edx=19A06614 Edi=33EE280 Esi=33EE374 Ebp=303E290 Esp=303E270 Eip=77AD97D3

ADDR: 77C47B53 CODE: 746e jz 0x77c47bc3
Eax=FFFFFFFE Ebx=77BB5C18 Ecx=FFFFFFFF Edx=19A06614 Edi=77BB5C1C Esi=FFFFFFFE Ebp=303E288 Esp=303E274 Eip=77C47B53

ADDR: 77AD94A4 CODE: 7458 jz 0x77ad94fe
Eax=BEA71F01 Ebx=76D1B498 Ecx=14 Edx=19A06614 Edi=2 Esi=77915A70 Ebp=303E2CC Esp=303E2B4 Eip=77AD94A4

ADDR: 77C98DEB CODE: 730a jae 0x77c98df7
Eax=EF22B4E Ebx=76D1B498 Ecx=77915A70 Edx=404000 Edi=2 Esi=77915A70 Ebp=303E2CC Esp=303E2A8 Eip=77C98DEB

ADDR: 77C909B7 CODE: 747f jz 0x77c90a38
Eax=2 Ebx=2E98FB4 Ecx=77915A70 Edx=2E98FB4 Edi=2 Esi=77915A70 Ebp=303E280 Esp=303E274 Eip=77C909B7

ADDR: 77C909BE CODE: 7378 jae 0x77c90a38
Eax=2 Ebx=2E98FB4 Ecx=77915A70 Edx=2E98FB4 Edi=2 Esi=77915A70 Ebp=303E280 Esp=303E274 Eip=77C909BE

ADDR: 77915A83 CODE: 790d jns 0x77915a92
Eax=0 Ebx=76D1B498 Ecx=33DA3C8 Edx=0 Edi=2 Esi=77915A70 Ebp=303E2A4 Esp=303E2A4 Eip=77915A83

ADDR: 77AE2C46 CODE: 740a jz 0x77ae2c52
Eax=0 Ebx=76D1B498 Ecx=76F1E730 Edx=0 Edi=76D92C60 Esi=76D1B2E4 Ebp=303E360 Esp=303E354 Eip=77AE2C46

ADDR: 77C98DEB CODE: 730a jae 0x77c98df7
Eax=EDB258C Ebx=76D1B498 Ecx=76D92C60 Edx=11111104 Edi=76D92C60 Esi=76D1B2E4 Ebp=303E360 Esp=303E350 Eip=77C98DEB

ADDR: 77AD95B4 CODE: 7458 jz 0x77ad960e
Eax=BEA71F01 Ebx=76D1B498 Ecx=14 Edx=7728C8DC Edi=2 Esi=77915A70 Ebp=303E2D0 Esp=303E2B8 Eip=77AD95B4

ADDR: 77C98DEB CODE: 730a jae 0x77c98df7
Eax=EF22B4E Ebx=76D1B498 Ecx=77915A70 Edx=404000 Edi=2 Esi=77915A70 Ebp=303E2D0 Esp=303E2AC Eip=77C98DEB

ADDR: 77C909B7 CODE: 747f jz 0x77c90a38
Eax=2 Ebx=2E98FB4 Ecx=77915A70 Edx=2E98FB4 Edi=2 Esi=77915A70 Ebp=303E284 Esp=303E278 Eip=77C909B7

ADDR: 77C909BE CODE: 7378 jae 0x77c90a38
Eax=2 Ebx=2E98FB4 Ecx=77915A70 Edx=2E98FB4 Edi=2 Esi=77915A70 Ebp=303E284 Esp=303E278 Eip=77C909BE

ADDR: 77915A83 CODE: 790d jns 0x77915a92
Eax=0 Ebx=76D1B498 Ecx=33DA3C8 Edx=0 Edi=2 Esi=77915A70 Ebp=303E2A8 Esp=303E2A8 Eip=77915A83

ADDR: 77AD90DC CODE: 7454 jz 0x77ad9132
Eax=13A71F14 Ebx=76D1B498 Ecx=14 Edx=0 Edi=2 Esi=779000A0 Ebp=303E31C Esp=303E2C0 Eip=77AD90DC

ADDR: 77C98DEB CODE: 730a jae 0x77c98df7
Eax=EF20014 Ebx=76D1B498 Ecx=779000A0 Edx=104000 Edi=2 Esi=779000A0 Ebp=303E31C Esp=303E2B8 Eip=77C98DEB

ADDR: 77C8C686 CODE: 743c jz 0x77c8c6c4
Eax=2 Ebx=76D1B498 Ecx=33DA3C0 Edx=104000 Edi=2 Esi=2E98000 Ebp=303E29C Esp=303E29C Eip=77C8C686

ADDR: 77C8C68D CODE: 7335 jae 0x77c8c6c4
Eax=2 Ebx=76D1B498 Ecx=33DA3C0 Edx=104000 Edi=2 Esi=2E98000 Ebp=303E29C Esp=303E29C Eip=77C8C68D

ADDR: 77C8C6AC CODE: 740c jz 0x77c8c6ba
Eax=33DCAA0 Ebx=76D1B498 Ecx=33DA3C0 Edx=0 Edi=2 Esi=2 Ebp=303E29C Esp=303E298 Eip=77C8C6AC

ADDR: 77C8C6B4 CODE: 7404 jz 0x77c8c6ba
Eax=33DCAAC Ebx=76D1B498 Ecx=33DA3C0 Edx=0 Edi=2 Esi=2 Ebp=303E29C Esp=303E298 Eip=77C8C6B4

ADDR: 779000BD CODE: 791c jns 0x779000db
Eax=0 Ebx=76D1B498 Ecx=303E2B0 Edx=0 Edi=2 Esi=2E98000 Ebp=303E2B4 Esp=303E2AC Eip=779000BD

ADDR: 77C4E69A CODE: 7315 jae 0x77c4e6b1
Eax=77BB5C1C Ebx=76D1B498 Ecx=77BB5C18 Edx=2E98000 Edi=76D92C60 Esi=7728C8DC Ebp=303E28C Esp=303E288 Eip=77C4E69A

ADDR: 77AD97A6 CODE: 0f8454720500 jz 0x77b30a00
Eax=303E2FC Ebx=7728C8DC Ecx=303E2E8 Edx=2E98000 Edi=76D92C60 Esi=7728C8DC Ebp=303E290 Esp=303E270 Eip=77AD97A6

ADDR: 77AD97D3 CODE: 7479 jz 0x77ad984e
Eax=303E2FC Ebx=33EE380 Ecx=14 Edx=19A06614 Edi=33EE280 Esi=33EE378 Ebp=303E290 Esp=303E270 Eip=77AD97D3

ADDR: 77C47B53 CODE: 746e jz 0x77c47bc3
Eax=FFFFFFFE Ebx=77BB5C18 Ecx=FFFFFFFF Edx=19A06614 Edi=77BB5C1C Esi=FFFFFFFE Ebp=303E288 Esp=303E274 Eip=77C47B53

ADDR: 77AD94A4 CODE: 7458 jz 0x77ad94fe
Eax=BEA71F01 Ebx=76D1B498 Ecx=14 Edx=19A06614 Edi=2 Esi=77915A70 Ebp=303E2CC Esp=303E2B4 Eip=77AD94A4

ADDR: 77C98DEB CODE: 730a jae 0x77c98df7
Eax=EF22B4E Ebx=76D1B498 Ecx=77915A70 Edx=404000 Edi=2 Esi=77915A70 Ebp=303E2CC Esp=303E2A8 Eip=77C98DEB

ADDR: 77C909B7 CODE: 747f jz 0x77c90a38
Eax=2 Ebx=2E98FB4 Ecx=77915A70 Edx=2E98FB4 Edi=2 Esi=77915A70 Ebp=303E280 Esp=303E274 Eip=77C909B7

ADDR: 77C909BE CODE: 7378 jae 0x77c90a38
Eax=2 Ebx=2E98FB4 Ecx=77915A70 Edx=2E98FB4 Edi=2 Esi=77915A70 Ebp=303E280 Esp=303E274 Eip=77C909BE

ADDR: 77915A83 CODE: 790d jns 0x77915a92
Eax=0 Ebx=76D1B498 Ecx=33DA3C8 Edx=0 Edi=2 Esi=77915A70 Ebp=303E2A4 Esp=303E2A4 Eip=77915A83

ADDR: 77AE2C46 CODE: 740a jz 0x77ae2c52
Eax=0 Ebx=76D1B498 Ecx=76F1E740 Edx=0 Edi=76D92C80 Esi=76D1B2E8 Ebp=303E360 Esp=303E354 Eip=77AE2C46

ADDR: 77C98DEB CODE: 730a jae 0x77c98df7
Eax=EDB2590 Ebx=76D1B498 Ecx=76D92C80 Edx=11111104 Edi=76D92C80 Esi=76D1B2E8 Ebp=303E360 Esp=303E350 Eip=77C98DEB

ADDR: 77AD95B4 CODE: 7458 jz 0x77ad960e
Eax=BEA71F01 Ebx=76D1B498 Ecx=14 Edx=7728C8DC Edi=2 Esi=77915A70 Ebp=303E2D0 Esp=303E2B8 Eip=77AD95B4

ADDR: 77C98DEB CODE: 730a jae 0x77c98df7
Eax=EF22B4E Ebx=76D1B498 Ecx=77915A70 Edx=404000 Edi=2 Esi=77915A70 Ebp=303E2D0 Esp=303E2AC Eip=77C98DEB

ADDR: 77C909B7 CODE: 747f jz 0x77c90a38
Eax=2 Ebx=2E98FB4 Ecx=77915A70 Edx=2E98FB4 Edi=2 Esi=77915A70 Ebp=303E284 Esp=303E278 Eip=77C909B7

ADDR: 77C909BE CODE: 7378 jae 0x77c90a38
Eax=2 Ebx=2E98FB4 Ecx=77915A70 Edx=2E98FB4 Edi=2 Esi=77915A70 Ebp=303E284 Esp=303E278 Eip=77C909BE

ADDR: 77915A83 CODE: 790d jns 0x77915a92
Eax=0 Ebx=76D1B498 Ecx=33DA3C8 Edx=0 Edi=2 Esi=77915A70 Ebp=303E2A8 Esp=303E2A8 Eip=77915A83

ADDR: 77AD90DC CODE: 7454 jz 0x77ad9132
Eax=13A71F14 Ebx=76D1B498 Ecx=14 Edx=0 Edi=2 Esi=779000A0 Ebp=303E31C Esp=303E2C0 Eip=77AD90DC

ADDR: 77C98DEB CODE: 730a jae 0x77c98df7
Eax=EF20014 Ebx=76D1B498 Ecx=779000A0 Edx=104000 Edi=2 Esi=779000A0 Ebp=303E31C Esp=303E2B8 Eip=77C98DEB

ADDR: 77C8C686 CODE: 743c jz 0x77c8c6c4
Eax=2 Ebx=76D1B498 Ecx=33DA3C0 Edx=104000 Edi=2 Esi=2E98000 Ebp=303E29C Esp=303E29C Eip=77C8C686

ADDR: 77C8C68D CODE: 7335 jae 0x77c8c6c4
Eax=2 Ebx=76D1B498 Ecx=33DA3C0 Edx=104000 Edi=2 Esi=2E98000 Ebp=303E29C Esp=303E29C Eip=77C8C68D

ADDR: 77C8C6AC CODE: 740c jz 0x77c8c6ba
Eax=33DCAA0 Ebx=76D1B498 Ecx=33DA3C0 Edx=0 Edi=2 Esi=2 Ebp=303E29C Esp=303E298 Eip=77C8C6AC

ADDR: 77C8C6B4 CODE: 7404 jz 0x77c8c6ba
Eax=33DCAAC Ebx=76D1B498 Ecx=33DA3C0 Edx=0 Edi=2 Esi=2 Ebp=303E29C Esp=303E298 Eip=77C8C6B4

ADDR: 779000BD CODE: 791c jns 0x779000db
Eax=0 Ebx=76D1B498 Ecx=303E2B0 Edx=0 Edi=2 Esi=2E98000 Ebp=303E2B4 Esp=303E2AC Eip=779000BD

ADDR: 77C4E69A CODE: 7315 jae 0x77c4e6b1
Eax=77BB5C1C Ebx=76D1B498 Ecx=77BB5C18 Edx=2E98000 Edi=76D92C80 Esi=7728C8DC Ebp=303E28C Esp=303E288 Eip=77C4E69A

ADDR: 77AD97A6 CODE: 0f8454720500 jz 0x77b30a00
Eax=303E2FC Ebx=7728C8DC Ecx=303E2E8 Edx=2E98000 Edi=76D92C80 Esi=7728C8DC Ebp=303E290 Esp=303E270 Eip=77AD97A6

ADDR: 77AD97D3 CODE: 7479 jz 0x77ad984e
Eax=303E2FC Ebx=33EE380 Ecx=14 Edx=19A06614 Edi=33EE280 Esi=33EE37C Ebp=303E290 Esp=303E270 Eip=77AD97D3

ADDR: 77C47B53 CODE: 746e jz 0x77c47bc3
Eax=FFFFFFFE Ebx=77BB5C18 Ecx=FFFFFFFF Edx=19A06614 Edi=77BB5C1C Esi=FFFFFFFE Ebp=303E288 Esp=303E274 Eip=77C47B53

ADDR: 77AD94A4 CODE: 7458 jz 0x77ad94fe
Eax=BEA71F01 Ebx=76D1B498 Ecx=14 Edx=19A06614 Edi=2 Esi=77915A70 Ebp=303E2CC Esp=303E2B4 Eip=77AD94A4

ADDR: 77C98DEB CODE: 730a jae 0x77c98df7
Eax=EF22B4E Ebx=76D1B498 Ecx=77915A70 Edx=404000 Edi=2 Esi=77915A70 Ebp=303E2CC Esp=303E2A8 Eip=77C98DEB

ADDR: 77C909B7 CODE: 747f jz 0x77c90a38
Eax=2 Ebx=2E98FB4 Ecx=77915A70 Edx=2E98FB4 Edi=2 Esi=77915A70 Ebp=303E280 Esp=303E274 Eip=77C909B7

ADDR: 77C909BE CODE: 7378 jae 0x77c90a38
Eax=2 Ebx=2E98FB4 Ecx=77915A70 Edx=2E98FB4 Edi=2 Esi=77915A70 Ebp=303E280 Esp=303E274 Eip=77C909BE

ADDR: 77915A83 CODE: 790d jns 0x77915a92
Eax=0 Ebx=76D1B498 Ecx=33DA3C8 Edx=0 Edi=2 Esi=77915A70 Ebp=303E2A4 Esp=303E2A4 Eip=77915A83

ADDR: 77AE2C46 CODE: 740a jz 0x77ae2c52
Eax=0 Ebx=76D1B498 Ecx=76F1E750 Edx=0 Edi=76D92CA0 Esi=76D1B2EC Ebp=303E360 Esp=303E354 Eip=77AE2C46

ADDR: 77C98DEB CODE: 730a jae 0x77c98df7
Eax=EDB2594 Ebx=76D1B498 Ecx=76D92CA0 Edx=11111104 Edi=76D92CA0 Esi=76D1B2EC Ebp=303E360 Esp=303E350 Eip=77C98DEB

ADDR: 77AD95B4 CODE: 7458 jz 0x77ad960e
Eax=BEA71F01 Ebx=76D1B498 Ecx=14 Edx=7728C8DC Edi=2 Esi=77915A70 Ebp=303E2D0 Esp=303E2B8 Eip=77AD95B4

ADDR: 77C98DEB CODE: 730a jae 0x77c98df7
Eax=EF22B4E Ebx=76D1B498 Ecx=77915A70 Edx=404000 Edi=2 Esi=77915A70 Ebp=303E2D0 Esp=303E2AC Eip=77C98DEB

ADDR: 77C909B7 CODE: 747f jz 0x77c90a38
Eax=2 Ebx=2E98FB4 Ecx=77915A70 Edx=2E98FB4 Edi=2 Esi=77915A70 Ebp=303E284 Esp=303E278 Eip=77C909B7

ADDR: 77C909BE CODE: 7378 jae 0x77c90a38
Eax=2 Ebx=2E98FB4 Ecx=77915A70 Edx=2E98FB4 Edi=2 Esi=77915A70 Ebp=303E284 Esp=303E278 Eip=77C909BE

ADDR: 77915A83 CODE: 790d jns 0x77915a92
Eax=0 Ebx=76D1B498 Ecx=33DA3C8 Edx=0 Edi=2 Esi=77915A70 Ebp=303E2A8 Esp=303E2A8 Eip=77915A83

ADDR: 77AD90DC CODE: 7454 jz 0x77ad9132
Eax=13A71F14 Ebx=76D1B498 Ecx=14 Edx=0 Edi=2 Esi=779000A0 Ebp=303E31C Esp=303E2C0 Eip=77AD90DC

ADDR: 77C98DEB CODE: 730a jae 0x77c98df7
Eax=EF20014 Ebx=76D1B498 Ecx=779000A0 Edx=104000 Edi=2 Esi=779000A0 Ebp=303E31C Esp=303E2B8 Eip=77C98DEB

ADDR: 77C8C686 CODE: 743c jz 0x77c8c6c4
Eax=2 Ebx=76D1B498 Ecx=33DA3C0 Edx=104000 Edi=2 Esi=2E98000 Ebp=303E29C Esp=303E29C Eip=77C8C686

ADDR: 77C8C68D CODE: 7335 jae 0x77c8c6c4
Eax=2 Ebx=76D1B498 Ecx=33DA3C0 Edx=104000 Edi=2 Esi=2E98000 Ebp=303E29C Esp=303E29C Eip=77C8C68D

ADDR: 77C8C6AC CODE: 740c jz 0x77c8c6ba
Eax=33DCAA0 Ebx=76D1B498 Ecx=33DA3C0 Edx=0 Edi=2 Esi=2 Ebp=303E29C Esp=303E298 Eip=77C8C6AC

ADDR: 77C8C6B4 CODE: 7404 jz 0x77c8c6ba
Eax=33DCAAC Ebx=76D1B498 Ecx=33DA3C0 Edx=0 Edi=2 Esi=2 Ebp=303E29C Esp=303E298 Eip=77C8C6B4

ADDR: 779000BD CODE: 791c jns 0x779000db
Eax=0 Ebx=76D1B498 Ecx=303E2B0 Edx=0 Edi=2 Esi=2E98000 Ebp=303E2B4 Esp=303E2AC Eip=779000BD

ADDR: 77C4E69A CODE: 7315 jae 0x77c4e6b1
Eax=77BB5C1C Ebx=76D1B498 Ecx=77BB5C18 Edx=2E98000 Edi=76D92CA0 Esi=7728C8DC Ebp=303E28C Esp=303E288 Eip=77C4E69A

ADDR: 77AD97A6 CODE: 0f8454720500 jz 0x77b30a00
Eax=303E2FC Ebx=7728C8DC Ecx=303E2E8 Edx=2E98000 Edi=76D92CA0 Esi=7728C8DC Ebp=303E290 Esp=303E270 Eip=77AD97A6

ADDR: 77AD97D3 CODE: 7479 jz 0x77ad984e
Eax=303E2FC Ebx=33EE380 Ecx=14 Edx=19A06614 Edi=33EE280 Esi=33EE380 Ebp=303E290 Esp=303E270 Eip=77AD97D3

ADDR: 77AD9859 CODE: 0f876f710500 ja 0x77b309ce
Eax=303E2FC Ebx=40 Ecx=14 Edx=19A06614 Edi=33EE280 Esi=33EE380 Ebp=303E290 Esp=303E270 Eip=77AD9859

ADDR: 77AD9875 CODE: 0f825d710500 jb 0x77b309d8
Eax=40 Ebx=40 Ecx=14 Edx=19A06614 Edi=33EE280 Esi=80 Ebp=303E290 Esp=303E270 Eip=77AD9875

ADDR: 77AD43BC CODE: 0f84d3000000 jz 0x77ad4495
Eax=40 Ebx=40 Ecx=33EE280 Edx=80 Edi=33EE280 Esi=80 Ebp=303E264 Esp=303E250 Eip=77AD43BC

ADDR: 77AD43CC CODE: 0f83c3000000 jae 0x77ad4495
Eax=1FFFFFF Ebx=40 Ecx=33EE280 Edx=60 Edi=33EE280 Esi=80 Ebp=303E264 Esp=303E250 Eip=77AD43CC

ADDR: 77AD4499 CODE: 740c jz 0x77ad44a7
Eax=1FFFFFF Ebx=40 Ecx=33EE280 Edx=60 Edi=0 Esi=80 Ebp=303E264 Esp=303E250 Eip=77AD4499

ADDR: 77C5A7B4 CODE: 0f8432bc0400 jz 0x77ca63ec
Eax=1FFFFFF Ebx=33EE280 Ecx=33EE280 Edx=60 Edi=0 Esi=33D0000 Ebp=303E22C Esp=303E218 Eip=77C5A7B4

ADDR: 77C5A7C1 CODE: 0f843bbc0400 jz 0x77ca6402
Eax=1FFFFFF Ebx=33EE280 Ecx=33EE280 Edx=60 Edi=0 Esi=33D0000 Ebp=303E22C Esp=303E218 Eip=77C5A7C1

ADDR: 77C5A7E6 CODE: 7445 jz 0x77c5a82d
Eax=1FFFFFF Ebx=33EE280 Ecx=33EE280 Edx=0 Edi=0 Esi=33D0000 Ebp=303E22C Esp=303E218 Eip=77C5A7E6

ADDR: 77C5A7FF CODE: 0f8483bc0400 jz 0x77ca6488
Eax=1FFFFFF Ebx=33EE280 Ecx=33EE278 Edx=0 Edi=0 Esi=33D0000 Ebp=303E22C Esp=303E218 Eip=77C5A7FF

ADDR: 77C5A80A CODE: 0f84a4bc0400 jz 0x77ca64b4
Eax=1FFFF08 Ebx=33EE280 Ecx=33EE278 Edx=0 Edi=0 Esi=33D0000 Ebp=303E22C Esp=303E218 Eip=77C5A80A

ADDR: 77C5A812 CODE: 783f js 0x77c5a853
Eax=1FFFF08 Ebx=33EE280 Ecx=33EE278 Edx=0 Edi=0 Esi=33D0000 Ebp=303E22C Esp=303E218 Eip=77C5A812

ADDR: 77C5A818 CODE: 0f8490000000 jz 0x77c5a8ae
Eax=1FFFF08 Ebx=33EE280 Ecx=33EE278 Edx=0 Edi=0 Esi=33D0000 Ebp=303E22C Esp=303E218 Eip=77C5A818

ADDR: 77C5A823 CODE: 7403 jz 0x77c5a828
Eax=56FA8E9D Ebx=33EE280 Ecx=33EE278 Edx=0 Edi=0 Esi=33D0000 Ebp=303E22C Esp=303E218 Eip=77C5A823

ADDR: 77C5A879 CODE: 0f845abc0400 jz 0x77ca64d9
Eax=21 Ebx=33EE280 Ecx=33EE278 Edx=8 Edi=21 Esi=33D0000 Ebp=303E22C Esp=303E218 Eip=77C5A879

ADDR: 77C5A88E CODE: 0f8464bc0400 jz 0x77ca64f8
Eax=8 Ebx=33EE280 Ecx=33EE278 Edx=8 Edi=21 Esi=33D0000 Ebp=303E22C Esp=303E218 Eip=77C5A88E

ADDR: 77AD5E66 CODE: 0f8683000000 jbe 0x77ad5eef
Eax=100 Ebx=33EE280 Ecx=33EE280 Edx=100 Edi=0 Esi=200 Ebp=303E240 Esp=303E230 Eip=77AD5E66

ADDR: 77C55621 CODE: 0f84b2fb0400 jz 0x77ca51d9
Eax=100 Ebx=0 Ecx=33EE280 Edx=100 Edi=0 Esi=33D0000 Ebp=303E218 Esp=303E210 Eip=77C55621

ADDR: 77C55630 CODE: 0f84b8fb0400 jz 0x77ca51ee
Eax=100 Ebx=0 Ecx=33D0000 Edx=100 Edi=0 Esi=33D0000 Ebp=303E218 Esp=303E210 Eip=77C55630

ADDR: 77C55800 CODE: 7402 jz 0x77c55804
Eax=33EE280 Ebx=0 Ecx=0 Edx=0 Edi=33D0000 Esi=200 Ebp=303E1F8 Esp=303E170 Eip=77C55800

ADDR: 77C55806 CODE: 7405 jz 0x77c5580d
Eax=33EE280 Ebx=0 Ecx=0 Edx=0 Edi=33D0000 Esi=200 Ebp=303E1F8 Esp=303E170 Eip=77C55806

ADDR: 77C5581D CODE: 7410 jz 0x77c5582f
Eax=33EE280 Ebx=0 Ecx=0 Edx=0 Edi=33D0000 Esi=200 Ebp=303E1F8 Esp=303E170 Eip=77C5581D

ADDR: 77C5584B CODE: 7425 jz 0x77c55872
Eax=33EE280 Ebx=0 Ecx=0 Edx=0 Edi=33D0000 Esi=200 Ebp=303E1F8 Esp=303E170 Eip=77C5584B

ADDR: 77C55876 CODE: 740d jz 0x77c55885
Eax=33EE280 Ebx=0 Ecx=0 Edx=0 Edi=33D0000 Esi=200 Ebp=303E1F8 Esp=303E170 Eip=77C55876

ADDR: 77C55DC4 CODE: 0f84c2010000 jz 0x77c55f8c
Eax=303E150 Ebx=2 Ecx=33EE278 Edx=33D0000 Edi=33D0000 Esi=33EE278 Ebp=303E160 Esp=303E078 Eip=77C55DC4

ADDR: 77C55DCE CODE: 0f8db8010000 jge 0x77c55f8c
Eax=303E150 Ebx=2 Ecx=33EE278 Edx=33D0000 Edi=33D0000 Esi=33EE278 Ebp=303E160 Esp=303E078 Eip=77C55DCE

ADDR: 77C55FC5 CODE: 7429 jz 0x77c55ff0
Eax=303E150 Ebx=2 Ecx=33EE278 Edx=2 Edi=33D0000 Esi=33EE278 Ebp=303E160 Esp=303E078 Eip=77C55FC5

ADDR: 77C55FF8 CODE: 763a jbe 0x77c56034
Eax=200 Ebx=2 Ecx=33EE278 Edx=2 Edi=33D0000 Esi=33EE278 Ebp=303E160 Esp=303E078 Eip=77C55FF8

ADDR: 77C56052 CODE: 7305 jae 0x77c56059
Eax=208 Ebx=33D0000 Ecx=200 Edx=2 Edi=33D0000 Esi=33EE278 Ebp=303E160 Esp=303E078 Eip=77C56052

ADDR: 77C56089 CODE: 730f jae 0x77c5609a
Eax=33D025C Ebx=33D0000 Ecx=33D0258 Edx=2E98000 Edi=33D0000 Esi=33EE278 Ebp=303E160 Esp=303E078 Eip=77C56089

ADDR: 77C5615D CODE: 741c jz 0x77c5617b
Eax=7F38 Ebx=33D0000 Ecx=33EE278 Edx=2E98000 Edi=33D0000 Esi=33EE278 Ebp=303E160 Esp=303E078 Eip=77C5615D

ADDR: 77C5616F CODE: 740a jz 0x77c5617b
Eax=76FB8E20 Ebx=33D0000 Ecx=33EE278 Edx=2E98000 Edi=33D0000 Esi=33EE278 Ebp=303E160 Esp=303E078 Eip=77C5616F

ADDR: 77C5618C CODE: 7304 jae 0x77c56192
Eax=33D0270 Ebx=80 Ecx=21 Edx=2E98000 Edi=33D0000 Esi=33EE278 Ebp=303E160 Esp=303E078 Eip=77C5618C

ADDR: 77C561A1 CODE: 731d jae 0x77c561c0
Eax=33D0270 Ebx=80 Ecx=21 Edx=21 Edi=33D0000 Esi=33EE278 Ebp=303E160 Esp=303E078 Eip=77C561A1

ADDR: 77C561AE CODE: 7402 jz 0x77c561b2
Eax=33D0270 Ebx=80 Ecx=21 Edx=21 Edi=33D0000 Esi=33EE278 Ebp=303E160 Esp=303E078 Eip=77C561AE

ADDR: 77C561E0 CODE: 7404 jz 0x77c561e6
Eax=33D0328 Ebx=80 Ecx=21 Edx=21 Edi=33D0000 Esi=33EE278 Ebp=303E160 Esp=303E078 Eip=77C561E0

ADDR: 77C562AA CODE: 740f jz 0x77c562bb
Eax=33EE27F Ebx=8 Ecx=8 Edx=21 Edi=33D0000 Esi=33EE278 Ebp=303E160 Esp=303E078 Eip=77C562AA

ADDR: 77C562C1 CODE: 7405 jz 0x77c562c8
Eax=33EE208 Ebx=8 Ecx=8 Edx=21 Edi=33D0000 Esi=33EE278 Ebp=303E160 Esp=303E078 Eip=77C562C1

ADDR: 77C5635A CODE: 7344 jae 0x77c563a0
Eax=802 Ebx=8 Ecx=8 Edx=21 Edi=33D0000 Esi=33EE278 Ebp=303E160 Esp=303E078 Eip=77C5635A

ADDR: 77C5638F CODE: 7604 jbe 0x77c56395
Eax=83 Ebx=8 Ecx=33D26D2 Edx=21 Edi=33D0000 Esi=33EE278 Ebp=303E160 Esp=303E078 Eip=77C5638F

ADDR: 77C563AD CODE: 0f87ee020000 ja 0x77c566a1
Eax=41 Ebx=41 Ecx=33D26D2 Edx=21 Edi=33D0000 Esi=33EE278 Ebp=303E160 Esp=303E078 Eip=77C563AD

ADDR: 77C566A7 CODE: 7417 jz 0x77c566c0
Eax=33EE27F Ebx=41 Ecx=33D26D2 Edx=21 Edi=33D0000 Esi=33EE278 Ebp=303E160 Esp=303E078 Eip=77C566A7

ADDR: 77C56A9B CODE: 7775 ja 0x77c56b12
Eax=41 Ebx=33D0000 Ecx=33D0000 Edx=3 Edi=33D0000 Esi=33EE278 Ebp=303E064 Esp=303E038 Eip=77C56A9B

ADDR: 77C56ABD CODE: 7416 jz 0x77c56ad5
Eax=FA Ebx=33D0000 Ecx=33D0000 Edx=3 Edi=33EE380 Esi=33EE278 Ebp=303E064 Esp=303E038 Eip=77C56ABD

ADDR: 77C56AE3 CODE: 0f821e020000 jb 0x77c56d07
Eax=3AD Ebx=33D0000 Ecx=38C Edx=3 Edi=33EE380 Esi=33EE278 Ebp=303E064 Esp=303E038 Eip=77C56AE3

ADDR: 77C56AFD CODE: 741c jz 0x77c56b1b
Eax=33EE388 Ebx=33D0000 Ecx=38C Edx=33EE388 Edi=33EE380 Esi=33EE278 Ebp=303E064 Esp=303E038 Eip=77C56AFD

ADDR: 77C56B30 CODE: 7427 jz 0x77c56b59
Eax=33EE388 Ebx=33D0000 Ecx=38C Edx=33D0270 Edi=33EE380 Esi=33EE278 Ebp=303E064 Esp=303E038 Eip=77C56B30

ADDR: 77C56B38 CODE: 720e jb 0x77c56b48
Eax=33EE388 Ebx=33D0000 Ecx=38C Edx=33D0270 Edi=33EE380 Esi=33EE278 Ebp=303E064 Esp=303E038 Eip=77C56B38

ADDR: 77C56B3E CODE: 0f8494020000 jz 0x77c56dd8
Eax=33D36A0 Ebx=33D0000 Ecx=38C Edx=33D0270 Edi=33EE380 Esi=33EE278 Ebp=303E064 Esp=303E038 Eip=77C56B3E

ADDR: 77C56B38 CODE: 720e jb 0x77c56b48
Eax=33D36A0 Ebx=33D0000 Ecx=38C Edx=33D36A0 Edi=33EE380 Esi=33EE278 Ebp=303E064 Esp=303E038 Eip=77C56B38

ADDR: 77C570A8 CODE: 743e jz 0x77c570e8
Eax=33D37B4 Ebx=7FF Ecx=800 Edx=30C Edi=30C Esi=33D36A0 Ebp=303E020 Esp=303E000 Eip=77C570A8

ADDR: 77C570BF CODE: 732c jae 0x77c570ed
Eax=33D37B4 Ebx=33D00C0 Ecx=7FF Edx=30C Edi=30C Esi=33D36A0 Ebp=303E020 Esp=303E000 Eip=77C570BF

ADDR: 77C56B76 CODE: 744e jz 0x77c56bc6
Eax=33D00C0 Ebx=33D0000 Ecx=33ECB00 Edx=0 Edi=33EE380 Esi=33EE278 Ebp=303E064 Esp=303E038 Eip=77C56B76

ADDR: 77C56BD8 CODE: 0f8457e60400 jz 0x77ca5235
Eax=33D0000 Ebx=33D0000 Ecx=33ECB08 Edx=0 Edi=108 Esi=33EE278 Ebp=303E064 Esp=303E038 Eip=77C56BD8

ADDR: 77C56BED CODE: 0f8461e60400 jz 0x77ca5254
Eax=33D0008 Ebx=33D0000 Ecx=33ECB08 Edx=0 Edi=108 Esi=33EE278 Ebp=303E064 Esp=303E038 Eip=77C56BED

ADDR: 77C56C08 CODE: 0f8686010000 jbe 0x77c56d94
Eax=36C Ebx=33D0000 Ecx=3AD Edx=41 Edi=100 Esi=33EE278 Ebp=303E064 Esp=303E038 Eip=77C56C08

ADDR: 77C56C4F CODE: 0f8449010000 jz 0x77c56d9e
Eax=8 Ebx=33D0000 Ecx=208 Edx=41 Edi=100 Esi=33EE278 Ebp=303E064 Esp=303E038 Eip=77C56C4F

ADDR: 77C56C58 CODE: 0f838ae60400 jae 0x77ca52e8
Eax=8 Ebx=33D0000 Ecx=208 Edx=41 Edi=100 Esi=33EE278 Ebp=303E064 Esp=303E038 Eip=77C56C58

ADDR: 77C571A6 CODE: 0f8427010000 jz 0x77c572d3
Eax=FB Ebx=33EFFE0 Ecx=36C Edx=33D0000 Edi=33D0000 Esi=33EE480 Ebp=303E01C Esp=303E000 Eip=77C571A6

ADDR: 77C571DC CODE: 0f8493e30400 jz 0x77ca5575
Eax=1715 Ebx=36C Ecx=36C Edx=33D00C0 Edi=33D0000 Esi=33EE480 Ebp=303E01C Esp=303E000 Eip=77C571DC

ADDR: 77C57670 CODE: 7317 jae 0x77c57689
Eax=1715 Ebx=33D0000 Ecx=33D0000 Edx=36C Edi=36C Esi=33D0270 Ebp=303E01C Esp=303DFF0 Eip=77C57670

ADDR: 77C5768D CODE: 740b jz 0x77c5769a
Eax=33D36A0 Ebx=33D0000 Ecx=33D0000 Edx=36C Edi=36C Esi=33D0270 Ebp=303E01C Esp=303DFF0 Eip=77C5768D

ADDR: 77C57670 CODE: 7317 jae 0x77c57689
Eax=33D36A0 Ebx=33D0000 Ecx=33D0000 Edx=36C Edi=36C Esi=33D36A0 Ebp=303E01C Esp=303DFF0 Eip=77C57670

ADDR: 77C4A2E4 CODE: 7449 jz 0x77c4a32f
Eax=33ECB30 Ebx=33D00C0 Ecx=33D0000 Edx=33D0000 Edi=33D36A0 Esi=0 Ebp=303DFDC Esp=303DFC0 Eip=77C4A2E4

ADDR: 77C4A2EA CODE: 0f84b49b0500 jz 0x77ca3ea4
Eax=33ECB30 Ebx=33D00C0 Ecx=33D0000 Edx=33D0000 Edi=33D36A0 Esi=0 Ebp=303DFDC Esp=303DFC0 Eip=77C4A2EA

ADDR: 77C4A2FB CODE: 7426 jz 0x77c4a323
Eax=7AFB8EB0 Ebx=33D00C0 Ecx=33D0000 Edx=33D0000 Edi=33D36A0 Esi=0 Ebp=303DFDC Esp=303DFC0 Eip=77C4A2FB

ADDR: 77C4A32D CODE: 7e0b jle 0x77c4a33a
Eax=C Ebx=33D00C0 Ecx=360 Edx=33D0000 Edi=33D36A0 Esi=0 Ebp=303DFDC Esp=303DFC0 Eip=77C4A32D

ADDR: 77C57683 CODE: 740e jz 0x77c57693
Eax=33D00C0 Ebx=33D0000 Ecx=360 Edx=33D0000 Edi=36C Esi=33D36A0 Ebp=303E01C Esp=303DFF0 Eip=77C57683

ADDR: 77C571F5 CODE: 744c jz 0x77c57243
Eax=33D00C0 Ebx=36C Ecx=33D00C0 Edx=33D00C0 Edi=33D0000 Esi=33EE480 Ebp=303E01C Esp=303E000 Eip=77C571F5

ADDR: 77C57265 CODE: 7424 jz 0x77c5728b
Eax=36C Ebx=33EE488 Ecx=33D00C0 Edx=33D0270 Edi=33D0000 Esi=33EE480 Ebp=303E01C Esp=303E000 Eip=77C57265

ADDR: 77C5726D CODE: 720e jb 0x77c5727d
Eax=36C Ebx=33EE488 Ecx=36C Edx=33D0270 Edi=33D0000 Esi=33EE480 Ebp=303E01C Esp=303E000 Eip=77C5726D

ADDR: 77C57273 CODE: 0f84bd000000 jz 0x77c57336
Eax=33D36A0 Ebx=33EE488 Ecx=36C Edx=33D0270 Edi=33D0000 Esi=33EE480 Ebp=303E01C Esp=303E000 Eip=77C57273

ADDR: 77C5726D CODE: 720e jb 0x77c5727d
Eax=33D36A0 Ebx=33EE488 Ecx=36C Edx=33D36A0 Edi=33D0000 Esi=33EE480 Ebp=303E01C Esp=303E000 Eip=77C5726D

ADDR: 77C575DA CODE: 742c jz 0x77c57608
Eax=7FF Ebx=0 Ecx=33D0000 Edx=2EC Edi=2EC Esi=33D36A0 Ebp=303DFE8 Esp=303DFD0 Eip=77C575DA

ADDR: 77C5728F CODE: 7410 jz 0x77c572a1
Eax=1000 Ebx=33EE488 Ecx=33D36C4 Edx=17 Edi=33D0000 Esi=33EE480 Ebp=303E01C Esp=303E000 Eip=77C5728F

ADDR: 77C569F6 CODE: 7416 jz 0x77c56a0e
Eax=1 Ebx=41 Ecx=33EE278 Edx=200 Edi=33D0000 Esi=33EE278 Ebp=303E160 Esp=303E074 Eip=77C569F6

ADDR: 77C569FC CODE: 7410 jz 0x77c56a0e
Eax=1 Ebx=41 Ecx=33EE278 Edx=200 Edi=33D0000 Esi=33EE278 Ebp=303E160 Esp=303E074 Eip=77C569FC

ADDR: 77C56A12 CODE: 740b jz 0x77c56a1f
Eax=76FB8EBC Ebx=41 Ecx=33EE278 Edx=200 Edi=33D0000 Esi=33EE278 Ebp=303E160 Esp=303E074 Eip=77C56A12

ADDR: 77C47B53 CODE: 746e jz 0x77c47bc3
Eax=FFFFFFFE Ebx=33D0258 Ecx=FFFFFFFF Edx=200 Edi=33D025C Esi=FFFFFFFE Ebp=303E068 Esp=303E054 Eip=77C47B53

ADDR: 77C569D7 CODE: 7447 jz 0x77c56a20
Eax=0 Ebx=41 Ecx=FFFFFFFF Edx=200 Edi=33D0000 Esi=33EE278 Ebp=303E160 Esp=303E078 Eip=77C569D7

ADDR: 77C56A28 CODE: 7436 jz 0x77c56a60
Eax=7FFE0380 Ebx=41 Ecx=FFFFFFFF Edx=200 Edi=33D0000 Esi=33EE278 Ebp=303E160 Esp=303E078 Eip=77C56A28

ADDR: 77C55BD5 CODE: 7448 jz 0x77c55c1f
Eax=0 Ebx=0 Ecx=EA68005 Edx=200 Edi=33D0000 Esi=33EE280 Ebp=303E1F8 Esp=303E170 Eip=77C55BD5

ADDR: 77C55C21 CODE: 7434 jz 0x77c55c57
Eax=0 Ebx=0 Ecx=EA68005 Edx=200 Edi=33D0000 Esi=33EE280 Ebp=303E1F8 Esp=303E170 Eip=77C55C21

ADDR: 77C55C2D CODE: 0f84aa000000 jz 0x77c55cdd
Eax=0 Ebx=33EE280 Ecx=0 Edx=200 Edi=33D0000 Esi=33EE280 Ebp=303E1F8 Esp=303E170 Eip=77C55C2D

ADDR: 77AD5F22 CODE: 74cf jz 0x77ad5ef3
Eax=33EE280 Ebx=33EE280 Ecx=DA56165 Edx=200 Edi=0 Esi=200 Ebp=303E240 Esp=303E230 Eip=77AD5F22

ADDR: 77AD44BB CODE: 7416 jz 0x77ad44d3
Eax=33EE280 Ebx=100 Ecx=200 Edx=200 Edi=0 Esi=200 Ebp=303E264 Esp=303E250 Eip=77AD44BB

ADDR: 77AD44BF CODE: 7312 jae 0x77ad44d3
Eax=33EE280 Ebx=100 Ecx=200 Edx=200 Edi=0 Esi=200 Ebp=303E264 Esp=303E250 Eip=77AD44BF

ADDR: 77B15361 CODE: 0f843c010000 jz 0x77b154a3
Eax=0 Ebx=100 Ecx=100 Edx=0 Edi=33EE380 Esi=100 Ebp=303E264 Esp=303E240 Eip=77B15361

ADDR: 77B15370 CODE: 0f86df000000 jbe 0x77b15455
Eax=0 Ebx=100 Ecx=100 Edx=0 Edi=33EE380 Esi=100 Ebp=303E264 Esp=303E240 Eip=77B15370

ADDR: 77B1537C CODE: 0f828b000000 jb 0x77b1540d
Eax=0 Ebx=100 Ecx=100 Edx=0 Edi=33EE380 Esi=100 Ebp=303E264 Esp=303E240 Eip=77B1537C

ADDR: 77B1538A CODE: 7309 jae 0x77b15395
Eax=0 Ebx=100 Ecx=100 Edx=0 Edi=33EE380 Esi=100 Ebp=303E264 Esp=303E240 Eip=77B1538A

ADDR: 77AD96BA CODE: 7417 jz 0x77ad96d3
Eax=0 Ebx=40 Ecx=0 Edx=0 Edi=33EE280 Esi=33EE280 Ebp=303E260 Esp=303E260 Eip=77AD96BA

ADDR: 77AD9897 CODE: 0f843b710500 jz 0x77b309d8
Eax=0 Ebx=40 Ecx=0 Edx=0 Edi=33EE280 Esi=33EE280 Ebp=303E290 Esp=303E270 Eip=77AD9897

ADDR: 77AD98B9 CODE: 0f8416ffffff jz 0x77ad97d5
Eax=33EE380 Ebx=33EE480 Ecx=33EE280 Edx=19A06614 Edi=33EE280 Esi=33EE380 Ebp=303E290 Esp=303E270 Eip=77AD98B9

ADDR: 77C47B53 CODE: 746e jz 0x77c47bc3
Eax=FFFFFFFE Ebx=77BB5C18 Ecx=FFFFFFFF Edx=19A06614 Edi=77BB5C1C Esi=FFFFFFFE Ebp=303E288 Esp=303E274 Eip=77C47B53

ADDR: 77AD94A4 CODE: 7458 jz 0x77ad94fe
Eax=BEA71F01 Ebx=76D1B498 Ecx=14 Edx=19A06614 Edi=2 Esi=77915A70 Ebp=303E2CC Esp=303E2B4 Eip=77AD94A4

ADDR: 77C98DEB CODE: 730a jae 0x77c98df7
Eax=EF22B4E Ebx=76D1B498 Ecx=77915A70 Edx=404000 Edi=2 Esi=77915A70 Ebp=303E2CC Esp=303E2A8 Eip=77C98DEB

ADDR: 77C909B7 CODE: 747f jz 0x77c90a38
Eax=2 Ebx=2E98FB4 Ecx=77915A70 Edx=2E98FB4 Edi=2 Esi=77915A70 Ebp=303E280 Esp=303E274 Eip=77C909B7

ADDR: 77C909BE CODE: 7378 jae 0x77c90a38
Eax=2 Ebx=2E98FB4 Ecx=77915A70 Edx=2E98FB4 Edi=2 Esi=77915A70 Ebp=303E280 Esp=303E274 Eip=77C909BE

ADDR: 77915A83 CODE: 790d jns 0x77915a92
Eax=0 Ebx=76D1B498 Ecx=33DA3C8 Edx=0 Edi=2 Esi=77915A70 Ebp=303E2A4 Esp=303E2A4 Eip=77915A83

ADDR: 77AE2C46 CODE: 740a jz 0x77ae2c52
Eax=0 Ebx=76D1B498 Ecx=76F1E760 Edx=0 Edi=76D92CC0 Esi=76D1B2F0 Ebp=303E360 Esp=303E354 Eip=77AE2C46

ADDR: 77C98DEB CODE: 730a jae 0x77c98df7
Eax=EDB2598 Ebx=76D1B498 Ecx=76D92CC0 Edx=11111104 Edi=76D92CC0 Esi=76D1B2F0 Ebp=303E360 Esp=303E350 Eip=77C98DEB

ADDR: 77AD95B4 CODE: 7458 jz 0x77ad960e
Eax=BEA71F01 Ebx=76D1B498 Ecx=14 Edx=7728C8DC Edi=2 Esi=77915A70 Ebp=303E2D0 Esp=303E2B8 Eip=77AD95B4

ADDR: 77C98DEB CODE: 730a jae 0x77c98df7
Eax=EF22B4E Ebx=76D1B498 Ecx=77915A70 Edx=404000 Edi=2 Esi=77915A70 Ebp=303E2D0 Esp=303E2AC Eip=77C98DEB

ADDR: 77C909B7 CODE: 747f jz 0x77c90a38
Eax=2 Ebx=2E98FB4 Ecx=77915A70 Edx=2E98FB4 Edi=2 Esi=77915A70 Ebp=303E284 Esp=303E278 Eip=77C909B7

ADDR: 77C909BE CODE: 7378 jae 0x77c90a38
Eax=2 Ebx=2E98FB4 Ecx=77915A70 Edx=2E98FB4 Edi=2 Esi=77915A70 Ebp=303E284 Esp=303E278 Eip=77C909BE

ADDR: 77915A83 CODE: 790d jns 0x77915a92
Eax=0 Ebx=76D1B498 Ecx=33DA3C8 Edx=0 Edi=2 Esi=77915A70 Ebp=303E2A8 Esp=303E2A8 Eip=77915A83

ADDR: 77AD90DC CODE: 7454 jz 0x77ad9132
Eax=13A71F14 Ebx=76D1B498 Ecx=14 Edx=0 Edi=2 Esi=779000A0 Ebp=303E31C Esp=303E2C0 Eip=77AD90DC

ADDR: 77C98DEB CODE: 730a jae 0x77c98df7
Eax=EF20014 Ebx=76D1B498 Ecx=779000A0 Edx=104000 Edi=2 Esi=779000A0 Ebp=303E31C Esp=303E2B8 Eip=77C98DEB

ADDR: 77C8C686 CODE: 743c jz 0x77c8c6c4
Eax=2 Ebx=76D1B498 Ecx=33DA3C0 Edx=104000 Edi=2 Esi=2E98000 Ebp=303E29C Esp=303E29C Eip=77C8C686

ADDR: 77C8C68D CODE: 7335 jae 0x77c8c6c4
Eax=2 Ebx=76D1B498 Ecx=33DA3C0 Edx=104000 Edi=2 Esi=2E98000 Ebp=303E29C Esp=303E29C Eip=77C8C68D

ADDR: 77C8C6AC CODE: 740c jz 0x77c8c6ba
Eax=33DCAA0 Ebx=76D1B498 Ecx=33DA3C0 Edx=0 Edi=2 Esi=2 Ebp=303E29C Esp=303E298 Eip=77C8C6AC

ADDR: 77C8C6B4 CODE: 7404 jz 0x77c8c6ba
Eax=33DCAAC Ebx=76D1B498 Ecx=33DA3C0 Edx=0 Edi=2 Esi=2 Ebp=303E29C Esp=303E298 Eip=77C8C6B4

ADDR: 779000BD CODE: 791c jns 0x779000db
Eax=0 Ebx=76D1B498 Ecx=303E2B0 Edx=0 Edi=2 Esi=2E98000 Ebp=303E2B4 Esp=303E2AC Eip=779000BD

ADDR: 77C4E69A CODE: 7315 jae 0x77c4e6b1
Eax=77BB5C1C Ebx=76D1B498 Ecx=77BB5C18 Edx=2E98000 Edi=76D92CC0 Esi=7728C8DC Ebp=303E28C Esp=303E288 Eip=77C4E69A

ADDR: 77AD97A6 CODE: 0f8454720500 jz 0x77b30a00
Eax=303E2FC Ebx=7728C8DC Ecx=303E2E8 Edx=2E98000 Edi=76D92CC0 Esi=7728C8DC Ebp=303E290 Esp=303E270 Eip=77AD97A6

ADDR: 77AD97D3 CODE: 7479 jz 0x77ad984e
Eax=303E2FC Ebx=33EE480 Ecx=14 Edx=19A06614 Edi=33EE280 Esi=33EE384 Ebp=303E290 Esp=303E270 Eip=77AD97D3

ADDR: 77C47B53 CODE: 746e jz 0x77c47bc3
Eax=FFFFFFFE Ebx=77BB5C18 Ecx=FFFFFFFF Edx=19A06614 Edi=77BB5C1C Esi=FFFFFFFE Ebp=303E288 Esp=303E274 Eip=77C47B53

ADDR: 77AD94A4 CODE: 7458 jz 0x77ad94fe
Eax=BEA71F01 Ebx=76D1B498 Ecx=14 Edx=19A06614 Edi=2 Esi=77915A70 Ebp=303E2CC Esp=303E2B4 Eip=77AD94A4

ADDR: 77C98DEB CODE: 730a jae 0x77c98df7
Eax=EF22B4E Ebx=76D1B498 Ecx=77915A70 Edx=404000 Edi=2 Esi=77915A70 Ebp=303E2CC Esp=303E2A8 Eip=77C98DEB

ADDR: 77C909B7 CODE: 747f jz 0x77c90a38
Eax=2 Ebx=2E98FB4 Ecx=77915A70 Edx=2E98FB4 Edi=2 Esi=77915A70 Ebp=303E280 Esp=303E274 Eip=77C909B7

ADDR: 77C909BE CODE: 7378 jae 0x77c90a38
Eax=2 Ebx=2E98FB4 Ecx=77915A70 Edx=2E98FB4 Edi=2 Esi=77915A70 Ebp=303E280 Esp=303E274 Eip=77C909BE

ADDR: 77915A83 CODE: 790d jns 0x77915a92
Eax=0 Ebx=76D1B498 Ecx=33DA3C8 Edx=0 Edi=2 Esi=77915A70 Ebp=303E2A4 Esp=303E2A4 Eip=77915A83

ADDR: 77AE2C46 CODE: 740a jz 0x77ae2c52
Eax=0 Ebx=76D1B498 Ecx=76F1E770 Edx=0 Edi=76D92CE0 Esi=76D1B2F4 Ebp=303E360 Esp=303E354 Eip=77AE2C46

ADDR: 77C98DEB CODE: 730a jae 0x77c98df7
Eax=EDB259C Ebx=76D1B498 Ecx=76D92CE0 Edx=11111104 Edi=76D92CE0 Esi=76D1B2F4 Ebp=303E360 Esp=303E350 Eip=77C98DEB

ADDR: 77AD95B4 CODE: 7458 jz 0x77ad960e
Eax=BEA71F01 Ebx=76D1B498 Ecx=14 Edx=7728C8DC Edi=2 Esi=77915A70 Ebp=303E2D0 Esp=303E2B8 Eip=77AD95B4

ADDR: 77C98DEB CODE: 730a jae 0x77c98df7
Eax=EF22B4E Ebx=76D1B498 Ecx=77915A70 Edx=404000 Edi=2 Esi=77915A70 Ebp=303E2D0 Esp=303E2AC Eip=77C98DEB

ADDR: 77C909B7 CODE: 747f jz 0x77c90a38
Eax=2 Ebx=2E98FB4 Ecx=77915A70 Edx=2E98FB4 Edi=2 Esi=77915A70 Ebp=303E284 Esp=303E278 Eip=77C909B7

ADDR: 77C909BE CODE: 7378 jae 0x77c90a38
Eax=2 Ebx=2E98FB4 Ecx=77915A70 Edx=2E98FB4 Edi=2 Esi=77915A70 Ebp=303E284 Esp=303E278 Eip=77C909BE

ADDR: 77915A83 CODE: 790d jns 0x77915a92
Eax=0 Ebx=76D1B498 Ecx=33DA3C8 Edx=0 Edi=2 Esi=77915A70 Ebp=303E2A8 Esp=303E2A8 Eip=77915A83

ADDR: 77AD90DC CODE: 7454 jz 0x77ad9132
Eax=13A71F14 Ebx=76D1B498 Ecx=14 Edx=0 Edi=2 Esi=779000A0 Ebp=303E31C Esp=303E2C0 Eip=77AD90DC

ADDR: 77C98DEB CODE: 730a jae 0x77c98df7
Eax=EF20014 Ebx=76D1B498 Ecx=779000A0 Edx=104000 Edi=2 Esi=779000A0 Ebp=303E31C Esp=303E2B8 Eip=77C98DEB

ADDR: 77C8C686 CODE: 743c jz 0x77c8c6c4
Eax=2 Ebx=76D1B498 Ecx=33DA3C0 Edx=104000 Edi=2 Esi=2E98000 Ebp=303E29C Esp=303E29C Eip=77C8C686

ADDR: 77C8C68D CODE: 7335 jae 0x77c8c6c4
Eax=2 Ebx=76D1B498 Ecx=33DA3C0 Edx=104000 Edi=2 Esi=2E98000 Ebp=303E29C Esp=303E29C Eip=77C8C68D

ADDR: 77C8C6AC CODE: 740c jz 0x77c8c6ba
Eax=33DCAA0 Ebx=76D1B498 Ecx=33DA3C0 Edx=0 Edi=2 Esi=2 Ebp=303E29C Esp=303E298 Eip=77C8C6AC

ADDR: 77C8C6B4 CODE: 7404 jz 0x77c8c6ba
Eax=33DCAAC Ebx=76D1B498 Ecx=33DA3C0 Edx=0 Edi=2 Esi=2 Ebp=303E29C Esp=303E298 Eip=77C8C6B4

ADDR: 779000BD CODE: 791c jns 0x779000db
Eax=0 Ebx=76D1B498 Ecx=303E2B0 Edx=0 Edi=2 Esi=2E98000 Ebp=303E2B4 Esp=303E2AC Eip=779000BD

ADDR: 77C4E69A CODE: 7315 jae 0x77c4e6b1
Eax=77BB5C1C Ebx=76D1B498 Ecx=77BB5C18 Edx=2E98000 Edi=76D92CE0 Esi=7728C8DC Ebp=303E28C Esp=303E288 Eip=77C4E69A

ADDR: 77AD97A6 CODE: 0f8454720500 jz 0x77b30a00
Eax=303E2FC Ebx=7728C8DC Ecx=303E2E8 Edx=2E98000 Edi=76D92CE0 Esi=7728C8DC Ebp=303E290 Esp=303E270 Eip=77AD97A6

ADDR: 77AD97D3 CODE: 7479 jz 0x77ad984e
Eax=303E2FC Ebx=33EE480 Ecx=14 Edx=19A06614 Edi=33EE280 Esi=33EE388 Ebp=303E290 Esp=303E270 Eip=77AD97D3

ADDR: 77C47B53 CODE: 746e jz 0x77c47bc3
Eax=FFFFFFFE Ebx=77BB5C18 Ecx=FFFFFFFF Edx=19A06614 Edi=77BB5C1C Esi=FFFFFFFE Ebp=303E288 Esp=303E274 Eip=77C47B53

ADDR: 77AD94A4 CODE: 7458 jz 0x77ad94fe
Eax=BEA71F01 Ebx=76D1B498 Ecx=14 Edx=19A06614 Edi=2 Esi=77915A70 Ebp=303E2CC Esp=303E2B4 Eip=77AD94A4

ADDR: 77C98DEB CODE: 730a jae 0x77c98df7
Eax=EF22B4E Ebx=76D1B498 Ecx=77915A70 Edx=404000 Edi=2 Esi=77915A70 Ebp=303E2CC Esp=303E2A8 Eip=77C98DEB

ADDR: 77C909B7 CODE: 747f jz 0x77c90a38
Eax=2 Ebx=2E98FB4 Ecx=77915A70 Edx=2E98FB4 Edi=2 Esi=77915A70 Ebp=303E280 Esp=303E274 Eip=77C909B7

ADDR: 77C909BE CODE: 7378 jae 0x77c90a38
Eax=2 Ebx=2E98FB4 Ecx=77915A70 Edx=2E98FB4 Edi=2 Esi=77915A70 Ebp=303E280 Esp=303E274 Eip=77C909BE

ADDR: 77915A83 CODE: 790d jns 0x77915a92
Eax=0 Ebx=76D1B498 Ecx=33DA3C8 Edx=0 Edi=2 Esi=77915A70 Ebp=303E2A4 Esp=303E2A4 Eip=77915A83

ADDR: 77AE2C46 CODE: 740a jz 0x77ae2c52
Eax=0 Ebx=76D1B498 Ecx=76F1E780 Edx=0 Edi=76D92D00 Esi=76D1B2F8 Ebp=303E360 Esp=303E354 Eip=77AE2C46

ADDR: 77C98DEB CODE: 730a jae 0x77c98df7
Eax=EDB25A0 Ebx=76D1B498 Ecx=76D92D00 Edx=11111111 Edi=76D92D00 Esi=76D1B2F8 Ebp=303E360 Esp=303E350 Eip=77C98DEB

ADDR: 77AD95B4 CODE: 7458 jz 0x77ad960e
Eax=BEA71F01 Ebx=76D1B498 Ecx=14 Edx=7728C8DC Edi=2 Esi=77915A70 Ebp=303E2D0 Esp=303E2B8 Eip=77AD95B4

ADDR: 77C98DEB CODE: 730a jae 0x77c98df7
Eax=EF22B4E Ebx=76D1B498 Ecx=77915A70 Edx=404000 Edi=2 Esi=77915A70 Ebp=303E2D0 Esp=303E2AC Eip=77C98DEB

ADDR: 77C909B7 CODE: 747f jz 0x77c90a38
Eax=2 Ebx=2E98FB4 Ecx=77915A70 Edx=2E98FB4 Edi=2 Esi=77915A70 Ebp=303E284 Esp=303E278 Eip=77C909B7

ADDR: 77C909BE CODE: 7378 jae 0x77c90a38
Eax=2 Ebx=2E98FB4 Ecx=77915A70 Edx=2E98FB4 Edi=2 Esi=77915A70 Ebp=303E284 Esp=303E278 Eip=77C909BE

ADDR: 77915A83 CODE: 790d jns 0x77915a92
Eax=0 Ebx=76D1B498 Ecx=33DA3C8 Edx=0 Edi=2 Esi=77915A70 Ebp=303E2A8 Esp=303E2A8 Eip=77915A83

ADDR: 77AD90DC CODE: 7454 jz 0x77ad9132
Eax=13A71F14 Ebx=76D1B498 Ecx=14 Edx=0 Edi=2 Esi=779000A0 Ebp=303E31C Esp=303E2C0 Eip=77AD90DC

ADDR: 77C98DEB CODE: 730a jae 0x77c98df7
Eax=EF20014 Ebx=76D1B498 Ecx=779000A0 Edx=104000 Edi=2 Esi=779000A0 Ebp=303E31C Esp=303E2B8 Eip=77C98DEB

ADDR: 77C8C686 CODE: 743c jz 0x77c8c6c4
Eax=2 Ebx=76D1B498 Ecx=33DA3C0 Edx=104000 Edi=2 Esi=2E98000 Ebp=303E29C Esp=303E29C Eip=77C8C686

ADDR: 77C8C68D CODE: 7335 jae 0x77c8c6c4
Eax=2 Ebx=76D1B498 Ecx=33DA3C0 Edx=104000 Edi=2 Esi=2E98000 Ebp=303E29C Esp=303E29C Eip=77C8C68D

ADDR: 77C8C6AC CODE: 740c jz 0x77c8c6ba
Eax=33DCAA0 Ebx=76D1B498 Ecx=33DA3C0 Edx=0 Edi=2 Esi=2 Ebp=303E29C Esp=303E298 Eip=77C8C6AC

ADDR: 77C8C6B4 CODE: 7404 jz 0x77c8c6ba
Eax=33DCAAC Ebx=76D1B498 Ecx=33DA3C0 Edx=0 Edi=2 Esi=2 Ebp=303E29C Esp=303E298 Eip=77C8C6B4

ADDR: 779000BD CODE: 791c jns 0x779000db
Eax=0 Ebx=76D1B498 Ecx=303E2B0 Edx=0 Edi=2 Esi=2E98000 Ebp=303E2B4 Esp=303E2AC Eip=779000BD

ADDR: 77C4E69A CODE: 7315 jae 0x77c4e6b1
Eax=77BB5C1C Ebx=76D1B498 Ecx=77BB5C18 Edx=2E98000 Edi=76D92D00 Esi=7728C8DC Ebp=303E28C Esp=303E288 Eip=77C4E69A

ADDR: 77AD97A6 CODE: 0f8454720500 jz 0x77b30a00
Eax=303E2FC Ebx=7728C8DC Ecx=303E2E8 Edx=2E98000 Edi=76D92D00 Esi=7728C8DC Ebp=303E290 Esp=303E270 Eip=77AD97A6

ADDR: 77AD97D3 CODE: 7479 jz 0x77ad984e
Eax=303E2FC Ebx=33EE480 Ecx=14 Edx=19A06614 Edi=33EE280 Esi=33EE38C Ebp=303E290 Esp=303E270 Eip=77AD97D3

ADDR: 77C47B53 CODE: 746e jz 0x77c47bc3
Eax=FFFFFFFE Ebx=77BB5C18 Ecx=FFFFFFFF Edx=19A06614 Edi=77BB5C1C Esi=FFFFFFFE Ebp=303E288 Esp=303E274 Eip=77C47B53

ADDR: 77AD94A4 CODE: 7458 jz 0x77ad94fe
Eax=BEA71F01 Ebx=76D1B498 Ecx=14 Edx=19A06614 Edi=2 Esi=77915A70 Ebp=303E2CC Esp=303E2B4 Eip=77AD94A4

ADDR: 77C98DEB CODE: 730a jae 0x77c98df7
Eax=EF22B4E Ebx=76D1B498 Ecx=77915A70 Edx=404000 Edi=2 Esi=77915A70 Ebp=303E2CC Esp=303E2A8 Eip=77C98DEB

ADDR: 77C909B7 CODE: 747f jz 0x77c90a38
Eax=2 Ebx=2E98FB4 Ecx=77915A70 Edx=2E98FB4 Edi=2 Esi=77915A70 Ebp=303E280 Esp=303E274 Eip=77C909B7

ADDR: 77C909BE CODE: 7378 jae 0x77c90a38
Eax=2 Ebx=2E98FB4 Ecx=77915A70 Edx=2E98FB4 Edi=2 Esi=77915A70 Ebp=303E280 Esp=303E274 Eip=77C909BE

ADDR: 77915A83 CODE: 790d jns 0x77915a92
Eax=0 Ebx=76D1B498 Ecx=33DA3C8 Edx=0 Edi=2 Esi=77915A70 Ebp=303E2A4 Esp=303E2A4 Eip=77915A83

ADDR: 77AE2C46 CODE: 740a jz 0x77ae2c52
Eax=0 Ebx=76D1B498 Ecx=76F1E790 Edx=0 Edi=76D92D20 Esi=76D1B2FC Ebp=303E360 Esp=303E354 Eip=77AE2C46

ADDR: 77C98DEB CODE: 730a jae 0x77c98df7
Eax=EDB25A4 Ebx=76D1B498 Ecx=76D92D20 Edx=11111111 Edi=76D92D20 Esi=76D1B2FC Ebp=303E360 Esp=303E350 Eip=77C98DEB

ADDR: 77AD95B4 CODE: 7458 jz 0x77ad960e
Eax=BEA71F01 Ebx=76D1B498 Ecx=14 Edx=7728C8DC Edi=2 Esi=77915A70 Ebp=303E2D0 Esp=303E2B8 Eip=77AD95B4

ADDR: 77C98DEB CODE: 730a jae 0x77c98df7
Eax=EF22B4E Ebx=76D1B498 Ecx=77915A70 Edx=404000 Edi=2 Esi=77915A70 Ebp=303E2D0 Esp=303E2AC Eip=77C98DEB

ADDR: 77C909B7 CODE: 747f jz 0x77c90a38
Eax=2 Ebx=2E98FB4 Ecx=77915A70 Edx=2E98FB4 Edi=2 Esi=77915A70 Ebp=303E284 Esp=303E278 Eip=77C909B7

ADDR: 77C909BE CODE: 7378 jae 0x77c90a38
Eax=2 Ebx=2E98FB4 Ecx=77915A70 Edx=2E98FB4 Edi=2 Esi=77915A70 Ebp=303E284 Esp=303E278 Eip=77C909BE

ADDR: 77915A83 CODE: 790d jns 0x77915a92
Eax=0 Ebx=76D1B498 Ecx=33DA3C8 Edx=0 Edi=2 Esi=77915A70 Ebp=303E2A8 Esp=303E2A8 Eip=77915A83

ADDR: 77AD90DC CODE: 7454 jz 0x77ad9132
Eax=13A71F14 Ebx=76D1B498 Ecx=14 Edx=0 Edi=2 Esi=779000A0 Ebp=303E31C Esp=303E2C0 Eip=77AD90DC

ADDR: 77C98DEB CODE: 730a jae 0x77c98df7
Eax=EF20014 Ebx=76D1B498 Ecx=779000A0 Edx=104000 Edi=2 Esi=779000A0 Ebp=303E31C Esp=303E2B8 Eip=77C98DEB

ADDR: 77C8C686 CODE: 743c jz 0x77c8c6c4
Eax=2 Ebx=76D1B498 Ecx=33DA3C0 Edx=104000 Edi=2 Esi=2E98000 Ebp=303E29C Esp=303E29C Eip=77C8C686

ADDR: 77C8C68D CODE: 7335 jae 0x77c8c6c4
Eax=2 Ebx=76D1B498 Ecx=33DA3C0 Edx=104000 Edi=2 Esi=2E98000 Ebp=303E29C Esp=303E29C Eip=77C8C68D

ADDR: 77C8C6AC CODE: 740c jz 0x77c8c6ba
Eax=33DCAA0 Ebx=76D1B498 Ecx=33DA3C0 Edx=0 Edi=2 Esi=2 Ebp=303E29C Esp=303E298 Eip=77C8C6AC

ADDR: 77C8C6B4 CODE: 7404 jz 0x77c8c6ba
Eax=33DCAAC Ebx=76D1B498 Ecx=33DA3C0 Edx=0 Edi=2 Esi=2 Ebp=303E29C Esp=303E298 Eip=77C8C6B4

ADDR: 779000BD CODE: 791c jns 0x779000db
Eax=0 Ebx=76D1B498 Ecx=303E2B0 Edx=0 Edi=2 Esi=2E98000 Ebp=303E2B4 Esp=303E2AC Eip=779000BD

ADDR: 77C4E69A CODE: 7315 jae 0x77c4e6b1
Eax=77BB5C1C Ebx=76D1B498 Ecx=77BB5C18 Edx=2E98000 Edi=76D92D20 Esi=7728C8DC Ebp=303E28C Esp=303E288 Eip=77C4E69A

ADDR: 77AD97A6 CODE: 0f8454720500 jz 0x77b30a00
Eax=303E2FC Ebx=7728C8DC Ecx=303E2E8 Edx=2E98000 Edi=76D92D20 Esi=7728C8DC Ebp=303E290 Esp=303E270 Eip=77AD97A6

ADDR: 77AD97D3 CODE: 7479 jz 0x77ad984e
Eax=303E2FC Ebx=33EE480 Ecx=14 Edx=19A06614 Edi=33EE280 Esi=33EE390 Ebp=303E290 Esp=303E270 Eip=77AD97D3

ADDR: 77C47B53 CODE: 746e jz 0x77c47bc3
Eax=FFFFFFFE Ebx=77BB5C18 Ecx=FFFFFFFF Edx=19A06614 Edi=77BB5C1C Esi=FFFFFFFE Ebp=303E288 Esp=303E274 Eip=77C47B53

ADDR: 77AD94A4 CODE: 7458 jz 0x77ad94fe
Eax=BEA71F01 Ebx=76D1B498 Ecx=14 Edx=19A06614 Edi=2 Esi=77915A70 Ebp=303E2CC Esp=303E2B4 Eip=77AD94A4

ADDR: 77C98DEB CODE: 730a jae 0x77c98df7
Eax=EF22B4E Ebx=76D1B498 Ecx=77915A70 Edx=404000 Edi=2 Esi=77915A70 Ebp=303E2CC Esp=303E2A8 Eip=77C98DEB

ADDR: 77C909B7 CODE: 747f jz 0x77c90a38
Eax=2 Ebx=2E98FB4 Ecx=77915A70 Edx=2E98FB4 Edi=2 Esi=77915A70 Ebp=303E280 Esp=303E274 Eip=77C909B7

ADDR: 77C909BE CODE: 7378 jae 0x77c90a38
Eax=2 Ebx=2E98FB4 Ecx=77915A70 Edx=2E98FB4 Edi=2 Esi=77915A70 Ebp=303E280 Esp=303E274 Eip=77C909BE

ADDR: 77915A83 CODE: 790d jns 0x77915a92
Eax=0 Ebx=76D1B498 Ecx=33DA3C8 Edx=0 Edi=2 Esi=77915A70 Ebp=303E2A4 Esp=303E2A4 Eip=77915A83

ADDR: 77AE2C46 CODE: 740a jz 0x77ae2c52
Eax=0 Ebx=76D1B498 Ecx=76F1E7A0 Edx=0 Edi=76D92D40 Esi=76D1B300 Ebp=303E360 Esp=303E354 Eip=77AE2C46

ADDR: 77C98DEB CODE: 730a jae 0x77c98df7
Eax=EDB25A8 Ebx=76D1B498 Ecx=76D92D40 Edx=11111111 Edi=76D92D40 Esi=76D1B300 Ebp=303E360 Esp=303E350 Eip=77C98DEB

ADDR: 77AD95B4 CODE: 7458 jz 0x77ad960e
Eax=BEA71F01 Ebx=76D1B498 Ecx=14 Edx=7728C8DC Edi=2 Esi=77915A70 Ebp=303E2D0 Esp=303E2B8 Eip=77AD95B4

ADDR: 77C98DEB CODE: 730a jae 0x77c98df7
Eax=EF22B4E Ebx=76D1B498 Ecx=77915A70 Edx=404000 Edi=2 Esi=77915A70 Ebp=303E2D0 Esp=303E2AC Eip=77C98DEB

ADDR: 77C909B7 CODE: 747f jz 0x77c90a38
Eax=2 Ebx=2E98FB4 Ecx=77915A70 Edx=2E98FB4 Edi=2 Esi=77915A70 Ebp=303E284 Esp=303E278 Eip=77C909B7

ADDR: 77C909BE CODE: 7378 jae 0x77c90a38
Eax=2 Ebx=2E98FB4 Ecx=77915A70 Edx=2E98FB4 Edi=2 Esi=77915A70 Ebp=303E284 Esp=303E278 Eip=77C909BE

ADDR: 77915A83 CODE: 790d jns 0x77915a92
Eax=0 Ebx=76D1B498 Ecx=33DA3C8 Edx=0 Edi=2 Esi=77915A70 Ebp=303E2A8 Esp=303E2A8 Eip=77915A83

ADDR: 77AD90DC CODE: 7454 jz 0x77ad9132
Eax=13A71F14 Ebx=76D1B498 Ecx=14 Edx=0 Edi=2 Esi=779000A0 Ebp=303E31C Esp=303E2C0 Eip=77AD90DC

ADDR: 77C98DEB CODE: 730a jae 0x77c98df7
Eax=EF20014 Ebx=76D1B498 Ecx=779000A0 Edx=104000 Edi=2 Esi=779000A0 Ebp=303E31C Esp=303E2B8 Eip=77C98DEB

ADDR: 77C8C686 CODE: 743c jz 0x77c8c6c4
Eax=2 Ebx=76D1B498 Ecx=33DA3C0 Edx=104000 Edi=2 Esi=2E98000 Ebp=303E29C Esp=303E29C Eip=77C8C686

ADDR: 77C8C68D CODE: 7335 jae 0x77c8c6c4
Eax=2 Ebx=76D1B498 Ecx=33DA3C0 Edx=104000 Edi=2 Esi=2E98000 Ebp=303E29C Esp=303E29C Eip=77C8C68D

ADDR: 77C8C6AC CODE: 740c jz 0x77c8c6ba
Eax=33DCAA0 Ebx=76D1B498 Ecx=33DA3C0 Edx=0 Edi=2 Esi=2 Ebp=303E29C Esp=303E298 Eip=77C8C6AC

ADDR: 77C8C6B4 CODE: 7404 jz 0x77c8c6ba
Eax=33DCAAC Ebx=76D1B498 Ecx=33DA3C0 Edx=0 Edi=2 Esi=2 Ebp=303E29C Esp=303E298 Eip=77C8C6B4

ADDR: 779000BD CODE: 791c jns 0x779000db
Eax=0 Ebx=76D1B498 Ecx=303E2B0 Edx=0 Edi=2 Esi=2E98000 Ebp=303E2B4 Esp=303E2AC Eip=779000BD

ADDR: 77C4E69A CODE: 7315 jae 0x77c4e6b1
Eax=77BB5C1C Ebx=76D1B498 Ecx=77BB5C18 Edx=2E98000 Edi=76D92D40 Esi=7728C8DC Ebp=303E28C Esp=303E288 Eip=77C4E69A

ADDR: 77AD97A6 CODE: 0f8454720500 jz 0x77b30a00
Eax=303E2FC Ebx=7728C8DC Ecx=303E2E8 Edx=2E98000 Edi=76D92D40 Esi=7728C8DC Ebp=303E290 Esp=303E270 Eip=77AD97A6

ADDR: 77AD97D3 CODE: 7479 jz 0x77ad984e
Eax=303E2FC Ebx=33EE480 Ecx=14 Edx=19A06614 Edi=33EE280 Esi=33EE394 Ebp=303E290 Esp=303E270 Eip=77AD97D3

ADDR: 77C47B53 CODE: 746e jz 0x77c47bc3
Eax=FFFFFFFE Ebx=77BB5C18 Ecx=FFFFFFFF Edx=19A06614 Edi=77BB5C1C Esi=FFFFFFFE Ebp=303E288 Esp=303E274 Eip=77C47B53

ADDR: 77AD94A4 CODE: 7458 jz 0x77ad94fe
Eax=BEA71F01 Ebx=76D1B498 Ecx=14 Edx=19A06614 Edi=2 Esi=77915A70 Ebp=303E2CC Esp=303E2B4 Eip=77AD94A4

ADDR: 77C98DEB CODE: 730a jae 0x77c98df7
Eax=EF22B4E Ebx=76D1B498 Ecx=77915A70 Edx=404000 Edi=2 Esi=77915A70 Ebp=303E2CC Esp=303E2A8 Eip=77C98DEB

ADDR: 77C909B7 CODE: 747f jz 0x77c90a38
Eax=2 Ebx=2E98FB4 Ecx=77915A70 Edx=2E98FB4 Edi=2 Esi=77915A70 Ebp=303E280 Esp=303E274 Eip=77C909B7

ADDR: 77C909BE CODE: 7378 jae 0x77c90a38
Eax=2 Ebx=2E98FB4 Ecx=77915A70 Edx=2E98FB4 Edi=2 Esi=77915A70 Ebp=303E280 Esp=303E274 Eip=77C909BE

ADDR: 77915A83 CODE: 790d jns 0x77915a92
Eax=0 Ebx=76D1B498 Ecx=33DA3C8 Edx=0 Edi=2 Esi=77915A70 Ebp=303E2A4 Esp=303E2A4 Eip=77915A83

ADDR: 77AE2C46 CODE: 740a jz 0x77ae2c52
Eax=0 Ebx=76D1B498 Ecx=76F1E7B0 Edx=0 Edi=76D92D60 Esi=76D1B304 Ebp=303E360 Esp=303E354 Eip=77AE2C46

ADDR: 77C98DEB CODE: 730a jae 0x77c98df7
Eax=EDB25AC Ebx=76D1B498 Ecx=76D92D60 Edx=11111111 Edi=76D92D60 Esi=76D1B304 Ebp=303E360 Esp=303E350 Eip=77C98DEB

ADDR: 77AD95B4 CODE: 7458 jz 0x77ad960e
Eax=BEA71F01 Ebx=76D1B498 Ecx=14 Edx=7728C8DC Edi=2 Esi=77915A70 Ebp=303E2D0 Esp=303E2B8 Eip=77AD95B4

ADDR: 77C98DEB CODE: 730a jae 0x77c98df7
Eax=EF22B4E Ebx=76D1B498 Ecx=77915A70 Edx=404000 Edi=2 Esi=77915A70 Ebp=303E2D0 Esp=303E2AC Eip=77C98DEB

ADDR: 77C909B7 CODE: 747f jz 0x77c90a38
Eax=2 Ebx=2E98FB4 Ecx=77915A70 Edx=2E98FB4 Edi=2 Esi=77915A70 Ebp=303E284 Esp=303E278 Eip=77C909B7

ADDR: 77C909BE CODE: 7378 jae 0x77c90a38
Eax=2 Ebx=2E98FB4 Ecx=77915A70 Edx=2E98FB4 Edi=2 Esi=77915A70 Ebp=303E284 Esp=303E278 Eip=77C909BE

ADDR: 77915A83 CODE: 790d jns 0x77915a92
Eax=0 Ebx=76D1B498 Ecx=33DA3C8 Edx=0 Edi=2 Esi=77915A70 Ebp=303E2A8 Esp=303E2A8 Eip=77915A83

ADDR: 77AD90DC CODE: 7454 jz 0x77ad9132
Eax=13A71F14 Ebx=76D1B498 Ecx=14 Edx=0 Edi=2 Esi=779000A0 Ebp=303E31C Esp=303E2C0 Eip=77AD90DC

ADDR: 77C98DEB CODE: 730a jae 0x77c98df7
Eax=EF20014 Ebx=76D1B498 Ecx=779000A0 Edx=104000 Edi=2 Esi=779000A0 Ebp=303E31C Esp=303E2B8 Eip=77C98DEB

ADDR: 77C8C686 CODE: 743c jz 0x77c8c6c4
Eax=2 Ebx=76D1B498 Ecx=33DA3C0 Edx=104000 Edi=2 Esi=2E98000 Ebp=303E29C Esp=303E29C Eip=77C8C686

ADDR: 77C8C68D CODE: 7335 jae 0x77c8c6c4
Eax=2 Ebx=76D1B498 Ecx=33DA3C0 Edx=104000 Edi=2 Esi=2E98000 Ebp=303E29C Esp=303E29C Eip=77C8C68D

ADDR: 77C8C6AC CODE: 740c jz 0x77c8c6ba
Eax=33DCAA0 Ebx=76D1B498 Ecx=33DA3C0 Edx=0 Edi=2 Esi=2 Ebp=303E29C Esp=303E298 Eip=77C8C6AC

ADDR: 77C8C6B4 CODE: 7404 jz 0x77c8c6ba
Eax=33DCAAC Ebx=76D1B498 Ecx=33DA3C0 Edx=0 Edi=2 Esi=2 Ebp=303E29C Esp=303E298 Eip=77C8C6B4

ADDR: 779000BD CODE: 791c jns 0x779000db
Eax=0 Ebx=76D1B498 Ecx=303E2B0 Edx=0 Edi=2 Esi=2E98000 Ebp=303E2B4 Esp=303E2AC Eip=779000BD

ADDR: 77C4E69A CODE: 7315 jae 0x77c4e6b1
Eax=77BB5C1C Ebx=76D1B498 Ecx=77BB5C18 Edx=2E98000 Edi=76D92D60 Esi=7728C8DC Ebp=303E28C Esp=303E288 Eip=77C4E69A

ADDR: 77AD97A6 CODE: 0f8454720500 jz 0x77b30a00
Eax=303E2FC Ebx=7728C8DC Ecx=303E2E8 Edx=2E98000 Edi=76D92D60 Esi=7728C8DC Ebp=303E290 Esp=303E270 Eip=77AD97A6

ADDR: 77AD97D3 CODE: 7479 jz 0x77ad984e
Eax=303E2FC Ebx=33EE480 Ecx=14 Edx=19A06614 Edi=33EE280 Esi=33EE398 Ebp=303E290 Esp=303E270 Eip=77AD97D3

ADDR: 77C47B53 CODE: 746e jz 0x77c47bc3
Eax=FFFFFFFE Ebx=77BB5C18 Ecx=FFFFFFFF Edx=19A06614 Edi=77BB5C1C Esi=FFFFFFFE Ebp=303E288 Esp=303E274 Eip=77C47B53

ADDR: 77AD94A4 CODE: 7458 jz 0x77ad94fe
Eax=BEA71F01 Ebx=76D1B498 Ecx=14 Edx=19A06614 Edi=2 Esi=77915A70 Ebp=303E2CC Esp=303E2B4 Eip=77AD94A4

ADDR: 77C98DEB CODE: 730a jae 0x77c98df7
Eax=EF22B4E Ebx=76D1B498 Ecx=77915A70 Edx=404000 Edi=2 Esi=77915A70 Ebp=303E2CC Esp=303E2A8 Eip=77C98DEB

ADDR: 77C909B7 CODE: 747f jz 0x77c90a38
Eax=2 Ebx=2E98FB4 Ecx=77915A70 Edx=2E98FB4 Edi=2 Esi=77915A70 Ebp=303E280 Esp=303E274 Eip=77C909B7

ADDR: 77C909BE CODE: 7378 jae 0x77c90a38
Eax=2 Ebx=2E98FB4 Ecx=77915A70 Edx=2E98FB4 Edi=2 Esi=77915A70 Ebp=303E280 Esp=303E274 Eip=77C909BE

ADDR: 77915A83 CODE: 790d jns 0x77915a92
Eax=0 Ebx=76D1B498 Ecx=33DA3C8 Edx=0 Edi=2 Esi=77915A70 Ebp=303E2A4 Esp=303E2A4 Eip=77915A83

ADDR: 77AE2C46 CODE: 740a jz 0x77ae2c52
Eax=0 Ebx=76D1B498 Ecx=76F1E7C0 Edx=0 Edi=76D92D80 Esi=76D1B308 Ebp=303E360 Esp=303E354 Eip=77AE2C46

ADDR: 77C98DEB CODE: 730a jae 0x77c98df7
Eax=EDB25B0 Ebx=76D1B498 Ecx=76D92D80 Edx=11111111 Edi=76D92D80 Esi=76D1B308 Ebp=303E360 Esp=303E350 Eip=77C98DEB

ADDR: 77AD95B4 CODE: 7458 jz 0x77ad960e
Eax=BEA71F01 Ebx=76D1B498 Ecx=14 Edx=7728C8DC Edi=2 Esi=77915A70 Ebp=303E2D0 Esp=303E2B8 Eip=77AD95B4

ADDR: 77C98DEB CODE: 730a jae 0x77c98df7
Eax=EF22B4E Ebx=76D1B498 Ecx=77915A70 Edx=404000 Edi=2 Esi=77915A70 Ebp=303E2D0 Esp=303E2AC Eip=77C98DEB

ADDR: 77C909B7 CODE: 747f jz 0x77c90a38
Eax=2 Ebx=2E98FB4 Ecx=77915A70 Edx=2E98FB4 Edi=2 Esi=77915A70 Ebp=303E284 Esp=303E278 Eip=77C909B7

ADDR: 77C909BE CODE: 7378 jae 0x77c90a38
Eax=2 Ebx=2E98FB4 Ecx=77915A70 Edx=2E98FB4 Edi=2 Esi=77915A70 Ebp=303E284 Esp=303E278 Eip=77C909BE

ADDR: 77915A83 CODE: 790d jns 0x77915a92
Eax=0 Ebx=76D1B498 Ecx=33DA3C8 Edx=0 Edi=2 Esi=77915A70 Ebp=303E2A8 Esp=303E2A8 Eip=77915A83

ADDR: 77AD90DC CODE: 7454 jz 0x77ad9132
Eax=13A71F14 Ebx=76D1B498 Ecx=14 Edx=0 Edi=2 Esi=779000A0 Ebp=303E31C Esp=303E2C0 Eip=77AD90DC

ADDR: 77C98DEB CODE: 730a jae 0x77c98df7
Eax=EF20014 Ebx=76D1B498 Ecx=779000A0 Edx=104000 Edi=2 Esi=779000A0 Ebp=303E31C Esp=303E2B8 Eip=77C98DEB

ADDR: 77C8C686 CODE: 743c jz 0x77c8c6c4
Eax=2 Ebx=76D1B498 Ecx=33DA3C0 Edx=104000 Edi=2 Esi=2E98000 Ebp=303E29C Esp=303E29C Eip=77C8C686

ADDR: 77C8C68D CODE: 7335 jae 0x77c8c6c4
Eax=2 Ebx=76D1B498 Ecx=33DA3C0 Edx=104000 Edi=2 Esi=2E98000 Ebp=303E29C Esp=303E29C Eip=77C8C68D

ADDR: 77C8C6AC CODE: 740c jz 0x77c8c6ba
Eax=33DCAA0 Ebx=76D1B498 Ecx=33DA3C0 Edx=0 Edi=2 Esi=2 Ebp=303E29C Esp=303E298 Eip=77C8C6AC

ADDR: 77C8C6B4 CODE: 7404 jz 0x77c8c6ba
Eax=33DCAAC Ebx=76D1B498 Ecx=33DA3C0 Edx=0 Edi=2 Esi=2 Ebp=303E29C Esp=303E298 Eip=77C8C6B4

ADDR: 779000BD CODE: 791c jns 0x779000db
Eax=0 Ebx=76D1B498 Ecx=303E2B0 Edx=0 Edi=2 Esi=2E98000 Ebp=303E2B4 Esp=303E2AC Eip=779000BD

ADDR: 77C4E69A CODE: 7315 jae 0x77c4e6b1
Eax=77BB5C1C Ebx=76D1B498 Ecx=77BB5C18 Edx=2E98000 Edi=76D92D80 Esi=7728C8DC Ebp=303E28C Esp=303E288 Eip=77C4E69A

ADDR: 77AD97A6 CODE: 0f8454720500 jz 0x77b30a00
Eax=303E2FC Ebx=7728C8DC Ecx=303E2E8 Edx=2E98000 Edi=76D92D80 Esi=7728C8DC Ebp=303E290 Esp=303E270 Eip=77AD97A6

ADDR: 77AD97D3 CODE: 7479 jz 0x77ad984e
Eax=303E2FC Ebx=33EE480 Ecx=14 Edx=19A06614 Edi=33EE280 Esi=33EE39C Ebp=303E290 Esp=303E270 Eip=77AD97D3

ADDR: 77C47B53 CODE: 746e jz 0x77c47bc3
Eax=FFFFFFFE Ebx=77BB5C18 Ecx=FFFFFFFF Edx=19A06614 Edi=77BB5C1C Esi=FFFFFFFE Ebp=303E288 Esp=303E274 Eip=77C47B53

ADDR: 77AD94A4 CODE: 7458 jz 0x77ad94fe
Eax=BEA71F01 Ebx=76D1B498 Ecx=14 Edx=19A06614 Edi=2 Esi=77915A70 Ebp=303E2CC Esp=303E2B4 Eip=77AD94A4

ADDR: 77C98DEB CODE: 730a jae 0x77c98df7
Eax=EF22B4E Ebx=76D1B498 Ecx=77915A70 Edx=404000 Edi=2 Esi=77915A70 Ebp=303E2CC Esp=303E2A8 Eip=77C98DEB

ADDR: 77C909B7 CODE: 747f jz 0x77c90a38
Eax=2 Ebx=2E98FB4 Ecx=77915A70 Edx=2E98FB4 Edi=2 Esi=77915A70 Ebp=303E280 Esp=303E274 Eip=77C909B7

ADDR: 77C909BE CODE: 7378 jae 0x77c90a38
Eax=2 Ebx=2E98FB4 Ecx=77915A70 Edx=2E98FB4 Edi=2 Esi=77915A70 Ebp=303E280 Esp=303E274 Eip=77C909BE

ADDR: 77915A83 CODE: 790d jns 0x77915a92
Eax=0 Ebx=76D1B498 Ecx=33DA3C8 Edx=0 Edi=2 Esi=77915A70 Ebp=303E2A4 Esp=303E2A4 Eip=77915A83

ADDR: 77AE2C46 CODE: 740a jz 0x77ae2c52
Eax=0 Ebx=76D1B498 Ecx=76F1E7D0 Edx=0 Edi=76D92DA0 Esi=76D1B30C Ebp=303E360 Esp=303E354 Eip=77AE2C46

ADDR: 77C98DEB CODE: 730a jae 0x77c98df7
Eax=EDB25B4 Ebx=76D1B498 Ecx=76D92DA0 Edx=11111111 Edi=76D92DA0 Esi=76D1B30C Ebp=303E360 Esp=303E350 Eip=77C98DEB

ADDR: 77AD95B4 CODE: 7458 jz 0x77ad960e
Eax=BEA71F01 Ebx=76D1B498 Ecx=14 Edx=7728C8DC Edi=2 Esi=77915A70 Ebp=303E2D0 Esp=303E2B8 Eip=77AD95B4

ADDR: 77C98DEB CODE: 730a jae 0x77c98df7
Eax=EF22B4E Ebx=76D1B498 Ecx=77915A70 Edx=404000 Edi=2 Esi=77915A70 Ebp=303E2D0 Esp=303E2AC Eip=77C98DEB

ADDR: 77C909B7 CODE: 747f jz 0x77c90a38
Eax=2 Ebx=2E98FB4 Ecx=77915A70 Edx=2E98FB4 Edi=2 Esi=77915A70 Ebp=303E284 Esp=303E278 Eip=77C909B7

ADDR: 77C909BE CODE: 7378 jae 0x77c90a38
Eax=2 Ebx=2E98FB4 Ecx=77915A70 Edx=2E98FB4 Edi=2 Esi=77915A70 Ebp=303E284 Esp=303E278 Eip=77C909BE

ADDR: 77915A83 CODE: 790d jns 0x77915a92
Eax=0 Ebx=76D1B498 Ecx=33DA3C8 Edx=0 Edi=2 Esi=77915A70 Ebp=303E2A8 Esp=303E2A8 Eip=77915A83

ADDR: 77AD90DC CODE: 7454 jz 0x77ad9132
Eax=13A71F14 Ebx=76D1B498 Ecx=14 Edx=0 Edi=2 Esi=779000A0 Ebp=303E31C Esp=303E2C0 Eip=77AD90DC

ADDR: 77C98DEB CODE: 730a jae 0x77c98df7
Eax=EF20014 Ebx=76D1B498 Ecx=779000A0 Edx=104000 Edi=2 Esi=779000A0 Ebp=303E31C Esp=303E2B8 Eip=77C98DEB

ADDR: 77C8C686 CODE: 743c jz 0x77c8c6c4
Eax=2 Ebx=76D1B498 Ecx=33DA3C0 Edx=104000 Edi=2 Esi=2E98000 Ebp=303E29C Esp=303E29C Eip=77C8C686

ADDR: 77C8C68D CODE: 7335 jae 0x77c8c6c4
Eax=2 Ebx=76D1B498 Ecx=33DA3C0 Edx=104000 Edi=2 Esi=2E98000 Ebp=303E29C Esp=303E29C Eip=77C8C68D

ADDR: 77C8C6AC CODE: 740c jz 0x77c8c6ba
Eax=33DCAA0 Ebx=76D1B498 Ecx=33DA3C0 Edx=0 Edi=2 Esi=2 Ebp=303E29C Esp=303E298 Eip=77C8C6AC

ADDR: 77C8C6B4 CODE: 7404 jz 0x77c8c6ba
Eax=33DCAAC Ebx=76D1B498 Ecx=33DA3C0 Edx=0 Edi=2 Esi=2 Ebp=303E29C Esp=303E298 Eip=77C8C6B4

ADDR: 779000BD CODE: 791c jns 0x779000db
Eax=0 Ebx=76D1B498 Ecx=303E2B0 Edx=0 Edi=2 Esi=2E98000 Ebp=303E2B4 Esp=303E2AC Eip=779000BD

ADDR: 77C4E69A CODE: 7315 jae 0x77c4e6b1
Eax=77BB5C1C Ebx=76D1B498 Ecx=77BB5C18 Edx=2E98000 Edi=76D92DA0 Esi=7728C8DC Ebp=303E28C Esp=303E288 Eip=77C4E69A

ADDR: 77AD97A6 CODE: 0f8454720500 jz 0x77b30a00
Eax=303E2FC Ebx=7728C8DC Ecx=303E2E8 Edx=2E98000 Edi=76D92DA0 Esi=7728C8DC Ebp=303E290 Esp=303E270 Eip=77AD97A6

ADDR: 77AD97D3 CODE: 7479 jz 0x77ad984e
Eax=303E2FC Ebx=33EE480 Ecx=14 Edx=19A06614 Edi=33EE280 Esi=33EE3A0 Ebp=303E290 Esp=303E270 Eip=77AD97D3

ADDR: 77C47B53 CODE: 746e jz 0x77c47bc3
Eax=FFFFFFFE Ebx=77BB5C18 Ecx=FFFFFFFF Edx=19A06614 Edi=77BB5C1C Esi=FFFFFFFE Ebp=303E288 Esp=303E274 Eip=77C47B53

ADDR: 77AD94A4 CODE: 7458 jz 0x77ad94fe
Eax=BEA71F01 Ebx=76D1B498 Ecx=14 Edx=19A06614 Edi=2 Esi=77915A70 Ebp=303E2CC Esp=303E2B4 Eip=77AD94A4

ADDR: 77C98DEB CODE: 730a jae 0x77c98df7
Eax=EF22B4E Ebx=76D1B498 Ecx=77915A70 Edx=404000 Edi=2 Esi=77915A70 Ebp=303E2CC Esp=303E2A8 Eip=77C98DEB

ADDR: 77C909B7 CODE: 747f jz 0x77c90a38
Eax=2 Ebx=2E98FB4 Ecx=77915A70 Edx=2E98FB4 Edi=2 Esi=77915A70 Ebp=303E280 Esp=303E274 Eip=77C909B7

ADDR: 77C909BE CODE: 7378 jae 0x77c90a38
Eax=2 Ebx=2E98FB4 Ecx=77915A70 Edx=2E98FB4 Edi=2 Esi=77915A70 Ebp=303E280 Esp=303E274 Eip=77C909BE

ADDR: 77915A83 CODE: 790d jns 0x77915a92
Eax=0 Ebx=76D1B498 Ecx=33DA3C8 Edx=0 Edi=2 Esi=77915A70 Ebp=303E2A4 Esp=303E2A4 Eip=77915A83

ADDR: 77AE2C46 CODE: 740a jz 0x77ae2c52
Eax=0 Ebx=76D1B498 Ecx=76F1E800 Edx=0 Edi=76D92DC0 Esi=76D1B310 Ebp=303E360 Esp=303E354 Eip=77AE2C46

ADDR: 77C98DEB CODE: 730a jae 0x77c98df7
Eax=EDB25B8 Ebx=76D1B498 Ecx=76D92DC0 Edx=11111111 Edi=76D92DC0 Esi=76D1B310 Ebp=303E360 Esp=303E350 Eip=77C98DEB

ADDR: 77AD95B4 CODE: 7458 jz 0x77ad960e
Eax=BEA71F01 Ebx=76D1B498 Ecx=14 Edx=7728C8DC Edi=2 Esi=77915A70 Ebp=303E2D0 Esp=303E2B8 Eip=77AD95B4

ADDR: 77C98DEB CODE: 730a jae 0x77c98df7
Eax=EF22B4E Ebx=76D1B498 Ecx=77915A70 Edx=404000 Edi=2 Esi=77915A70 Ebp=303E2D0 Esp=303E2AC Eip=77C98DEB

ADDR: 77C909B7 CODE: 747f jz 0x77c90a38
Eax=2 Ebx=2E98FB4 Ecx=77915A70 Edx=2E98FB4 Edi=2 Esi=77915A70 Ebp=303E284 Esp=303E278 Eip=77C909B7

ADDR: 77C909BE CODE: 7378 jae 0x77c90a38
Eax=2 Ebx=2E98FB4 Ecx=77915A70 Edx=2E98FB4 Edi=2 Esi=77915A70 Ebp=303E284 Esp=303E278 Eip=77C909BE

ADDR: 77915A83 CODE: 790d jns 0x77915a92
Eax=0 Ebx=76D1B498 Ecx=33DA3C8 Edx=0 Edi=2 Esi=77915A70 Ebp=303E2A8 Esp=303E2A8 Eip=77915A83

ADDR: 77AD90DC CODE: 7454 jz 0x77ad9132
Eax=13A71F14 Ebx=76D1B498 Ecx=14 Edx=0 Edi=2 Esi=779000A0 Ebp=303E31C Esp=303E2C0 Eip=77AD90DC

ADDR: 77C98DEB CODE: 730a jae 0x77c98df7
Eax=EF20014 Ebx=76D1B498 Ecx=779000A0 Edx=104000 Edi=2 Esi=779000A0 Ebp=303E31C Esp=303E2B8 Eip=77C98DEB

ADDR: 77C8C686 CODE: 743c jz 0x77c8c6c4
Eax=2 Ebx=76D1B498 Ecx=33DA3C0 Edx=104000 Edi=2 Esi=2E98000 Ebp=303E29C Esp=303E29C Eip=77C8C686

ADDR: 77C8C68D CODE: 7335 jae 0x77c8c6c4
Eax=2 Ebx=76D1B498 Ecx=33DA3C0 Edx=104000 Edi=2 Esi=2E98000 Ebp=303E29C Esp=303E29C Eip=77C8C68D

ADDR: 77C8C6AC CODE: 740c jz 0x77c8c6ba
Eax=33DCAA0 Ebx=76D1B498 Ecx=33DA3C0 Edx=0 Edi=2 Esi=2 Ebp=303E29C Esp=303E298 Eip=77C8C6AC

ADDR: 77C8C6B4 CODE: 7404 jz 0x77c8c6ba
Eax=33DCAAC Ebx=76D1B498 Ecx=33DA3C0 Edx=0 Edi=2 Esi=2 Ebp=303E29C Esp=303E298 Eip=77C8C6B4

ADDR: 779000BD CODE: 791c jns 0x779000db
Eax=0 Ebx=76D1B498 Ecx=303E2B0 Edx=0 Edi=2 Esi=2E98000 Ebp=303E2B4 Esp=303E2AC Eip=779000BD

ADDR: 77C4E69A CODE: 7315 jae 0x77c4e6b1
Eax=77BB5C1C Ebx=76D1B498 Ecx=77BB5C18 Edx=2E98000 Edi=76D92DC0 Esi=7728C8DC Ebp=303E28C Esp=303E288 Eip=77C4E69A

ADDR: 77AD97A6 CODE: 0f8454720500 jz 0x77b30a00
Eax=303E2FC Ebx=7728C8DC Ecx=303E2E8 Edx=2E98000 Edi=76D92DC0 Esi=7728C8DC Ebp=303E290 Esp=303E270 Eip=77AD97A6

ADDR: 77AD97D3 CODE: 7479 jz 0x77ad984e
Eax=303E2FC Ebx=33EE480 Ecx=14 Edx=19A06614 Edi=33EE280 Esi=33EE3A4 Ebp=303E290 Esp=303E270 Eip=77AD97D3

ADDR: 77C47B53 CODE: 746e jz 0x77c47bc3
Eax=FFFFFFFE Ebx=77BB5C18 Ecx=FFFFFFFF Edx=19A06614 Edi=77BB5C1C Esi=FFFFFFFE Ebp=303E288 Esp=303E274 Eip=77C47B53

ADDR: 77AD94A4 CODE: 7458 jz 0x77ad94fe
Eax=BEA71F01 Ebx=76D1B498 Ecx=14 Edx=19A06614 Edi=2 Esi=77915A70 Ebp=303E2CC Esp=303E2B4 Eip=77AD94A4

ADDR: 77C98DEB CODE: 730a jae 0x77c98df7
Eax=EF22B4E Ebx=76D1B498 Ecx=77915A70 Edx=404000 Edi=2 Esi=77915A70 Ebp=303E2CC Esp=303E2A8 Eip=77C98DEB

ADDR: 77C909B7 CODE: 747f jz 0x77c90a38
Eax=2 Ebx=2E98FB4 Ecx=77915A70 Edx=2E98FB4 Edi=2 Esi=77915A70 Ebp=303E280 Esp=303E274 Eip=77C909B7

ADDR: 77C909BE CODE: 7378 jae 0x77c90a38
Eax=2 Ebx=2E98FB4 Ecx=77915A70 Edx=2E98FB4 Edi=2 Esi=77915A70 Ebp=303E280 Esp=303E274 Eip=77C909BE

ADDR: 77915A83 CODE: 790d jns 0x77915a92
Eax=0 Ebx=76D1B498 Ecx=33DA3C8 Edx=0 Edi=2 Esi=77915A70 Ebp=303E2A4 Esp=303E2A4 Eip=77915A83

ADDR: 77AE2C46 CODE: 740a jz 0x77ae2c52
Eax=0 Ebx=76D1B498 Ecx=76F1E810 Edx=0 Edi=76D92DE0 Esi=76D1B314 Ebp=303E360 Esp=303E354 Eip=77AE2C46

ADDR: 77C98DEB CODE: 730a jae 0x77c98df7
Eax=EDB25BC Ebx=76D1B498 Ecx=76D92DE0 Edx=11111111 Edi=76D92DE0 Esi=76D1B314 Ebp=303E360 Esp=303E350 Eip=77C98DEB

ADDR: 77AD95B4 CODE: 7458 jz 0x77ad960e
Eax=BEA71F01 Ebx=76D1B498 Ecx=14 Edx=7728C8DC Edi=2 Esi=77915A70 Ebp=303E2D0 Esp=303E2B8 Eip=77AD95B4

ADDR: 77C98DEB CODE: 730a jae 0x77c98df7
Eax=EF22B4E Ebx=76D1B498 Ecx=77915A70 Edx=404000 Edi=2 Esi=77915A70 Ebp=303E2D0 Esp=303E2AC Eip=77C98DEB

ADDR: 77C909B7 CODE: 747f jz 0x77c90a38
Eax=2 Ebx=2E98FB4 Ecx=77915A70 Edx=2E98FB4 Edi=2 Esi=77915A70 Ebp=303E284 Esp=303E278 Eip=77C909B7

ADDR: 77C909BE CODE: 7378 jae 0x77c90a38
Eax=2 Ebx=2E98FB4 Ecx=77915A70 Edx=2E98FB4 Edi=2 Esi=77915A70 Ebp=303E284 Esp=303E278 Eip=77C909BE

ADDR: 77915A83 CODE: 790d jns 0x77915a92
Eax=0 Ebx=76D1B498 Ecx=33DA3C8 Edx=0 Edi=2 Esi=77915A70 Ebp=303E2A8 Esp=303E2A8 Eip=77915A83

ADDR: 77AD90DC CODE: 7454 jz 0x77ad9132
Eax=13A71F14 Ebx=76D1B498 Ecx=14 Edx=0 Edi=2 Esi=779000A0 Ebp=303E31C Esp=303E2C0 Eip=77AD90DC

ADDR: 77C98DEB CODE: 730a jae 0x77c98df7
Eax=EF20014 Ebx=76D1B498 Ecx=779000A0 Edx=104000 Edi=2 Esi=779000A0 Ebp=303E31C Esp=303E2B8 Eip=77C98DEB

ADDR: 77C8C686 CODE: 743c jz 0x77c8c6c4
Eax=2 Ebx=76D1B498 Ecx=33DA3C0 Edx=104000 Edi=2 Esi=2E98000 Ebp=303E29C Esp=303E29C Eip=77C8C686

ADDR: 77C8C68D CODE: 7335 jae 0x77c8c6c4
Eax=2 Ebx=76D1B498 Ecx=33DA3C0 Edx=104000 Edi=2 Esi=2E98000 Ebp=303E29C Esp=303E29C Eip=77C8C68D

ADDR: 77C8C6AC CODE: 740c jz 0x77c8c6ba
Eax=33DCAA0 Ebx=76D1B498 Ecx=33DA3C0 Edx=0 Edi=2 Esi=2 Ebp=303E29C Esp=303E298 Eip=77C8C6AC

ADDR: 77C8C6B4 CODE: 7404 jz 0x77c8c6ba
Eax=33DCAAC Ebx=76D1B498 Ecx=33DA3C0 Edx=0 Edi=2 Esi=2 Ebp=303E29C Esp=303E298 Eip=77C8C6B4

ADDR: 779000BD CODE: 791c jns 0x779000db
Eax=0 Ebx=76D1B498 Ecx=303E2B0 Edx=0 Edi=2 Esi=2E98000 Ebp=303E2B4 Esp=303E2AC Eip=779000BD

ADDR: 77C4E69A CODE: 7315 jae 0x77c4e6b1
Eax=77BB5C1C Ebx=76D1B498 Ecx=77BB5C18 Edx=2E98000 Edi=76D92DE0 Esi=7728C8DC Ebp=303E28C Esp=303E288 Eip=77C4E69A

ADDR: 77AD97A6 CODE: 0f8454720500 jz 0x77b30a00
Eax=303E2FC Ebx=7728C8DC Ecx=303E2E8 Edx=2E98000 Edi=76D92DE0 Esi=7728C8DC Ebp=303E290 Esp=303E270 Eip=77AD97A6

ADDR: 77AD97D3 CODE: 7479 jz 0x77ad984e
Eax=303E2FC Ebx=33EE480 Ecx=14 Edx=19A06614 Edi=33EE280 Esi=33EE3A8 Ebp=303E290 Esp=303E270 Eip=77AD97D3

ADDR: 77C47B53 CODE: 746e jz 0x77c47bc3
Eax=FFFFFFFE Ebx=77BB5C18 Ecx=FFFFFFFF Edx=19A06614 Edi=77BB5C1C Esi=FFFFFFFE Ebp=303E288 Esp=303E274 Eip=77C47B53

ADDR: 77AD94A4 CODE: 7458 jz 0x77ad94fe
Eax=BEA71F01 Ebx=76D1B498 Ecx=14 Edx=19A06614 Edi=2 Esi=77915A70 Ebp=303E2CC Esp=303E2B4 Eip=77AD94A4

ADDR: 77C98DEB CODE: 730a jae 0x77c98df7
Eax=EF22B4E Ebx=76D1B498 Ecx=77915A70 Edx=404000 Edi=2 Esi=77915A70 Ebp=303E2CC Esp=303E2A8 Eip=77C98DEB

ADDR: 77C909B7 CODE: 747f jz 0x77c90a38
Eax=2 Ebx=2E98FB4 Ecx=77915A70 Edx=2E98FB4 Edi=2 Esi=77915A70 Ebp=303E280 Esp=303E274 Eip=77C909B7

ADDR: 77C909BE CODE: 7378 jae 0x77c90a38
Eax=2 Ebx=2E98FB4 Ecx=77915A70 Edx=2E98FB4 Edi=2 Esi=77915A70 Ebp=303E280 Esp=303E274 Eip=77C909BE

ADDR: 77915A83 CODE: 790d jns 0x77915a92
Eax=0 Ebx=76D1B498 Ecx=33DA3C8 Edx=0 Edi=2 Esi=77915A70 Ebp=303E2A4 Esp=303E2A4 Eip=77915A83

ADDR: 77AE2C46 CODE: 740a jz 0x77ae2c52
Eax=0 Ebx=76D1B498 Ecx=76F1E820 Edx=0 Edi=76D92E00 Esi=76D1B318 Ebp=303E360 Esp=303E354 Eip=77AE2C46

ADDR: 77C98DEB CODE: 730a jae 0x77c98df7
Eax=EDB25C0 Ebx=76D1B498 Ecx=76D92E00 Edx=11111111 Edi=76D92E00 Esi=76D1B318 Ebp=303E360 Esp=303E350 Eip=77C98DEB

ADDR: 77AD95B4 CODE: 7458 jz 0x77ad960e
Eax=BEA71F01 Ebx=76D1B498 Ecx=14 Edx=7728C8DC Edi=2 Esi=77915A70 Ebp=303E2D0 Esp=303E2B8 Eip=77AD95B4

ADDR: 77C98DEB CODE: 730a jae 0x77c98df7
Eax=EF22B4E Ebx=76D1B498 Ecx=77915A70 Edx=404000 Edi=2 Esi=77915A70 Ebp=303E2D0 Esp=303E2AC Eip=77C98DEB

ADDR: 77C909B7 CODE: 747f jz 0x77c90a38
Eax=2 Ebx=2E98FB4 Ecx=77915A70 Edx=2E98FB4 Edi=2 Esi=77915A70 Ebp=303E284 Esp=303E278 Eip=77C909B7

ADDR: 77C909BE CODE: 7378 jae 0x77c90a38
Eax=2 Ebx=2E98FB4 Ecx=77915A70 Edx=2E98FB4 Edi=2 Esi=77915A70 Ebp=303E284 Esp=303E278 Eip=77C909BE

ADDR: 77915A83 CODE: 790d jns 0x77915a92
Eax=0 Ebx=76D1B498 Ecx=33DA3C8 Edx=0 Edi=2 Esi=77915A70 Ebp=303E2A8 Esp=303E2A8 Eip=77915A83

ADDR: 77AD90DC CODE: 7454 jz 0x77ad9132
Eax=13A71F14 Ebx=76D1B498 Ecx=14 Edx=0 Edi=2 Esi=779000A0 Ebp=303E31C Esp=303E2C0 Eip=77AD90DC

ADDR: 77C98DEB CODE: 730a jae 0x77c98df7
Eax=EF20014 Ebx=76D1B498 Ecx=779000A0 Edx=104000 Edi=2 Esi=779000A0 Ebp=303E31C Esp=303E2B8 Eip=77C98DEB

ADDR: 77C8C686 CODE: 743c jz 0x77c8c6c4
Eax=2 Ebx=76D1B498 Ecx=33DA3C0 Edx=104000 Edi=2 Esi=2E98000 Ebp=303E29C Esp=303E29C Eip=77C8C686

ADDR: 77C8C68D CODE: 7335 jae 0x77c8c6c4
Eax=2 Ebx=76D1B498 Ecx=33DA3C0 Edx=104000 Edi=2 Esi=2E98000 Ebp=303E29C Esp=303E29C Eip=77C8C68D

ADDR: 77C8C6AC CODE: 740c jz 0x77c8c6ba
Eax=33DCAA0 Ebx=76D1B498 Ecx=33DA3C0 Edx=0 Edi=2 Esi=2 Ebp=303E29C Esp=303E298 Eip=77C8C6AC

ADDR: 77C8C6B4 CODE: 7404 jz 0x77c8c6ba
Eax=33DCAAC Ebx=76D1B498 Ecx=33DA3C0 Edx=0 Edi=2 Esi=2 Ebp=303E29C Esp=303E298 Eip=77C8C6B4

ADDR: 779000BD CODE: 791c jns 0x779000db
Eax=0 Ebx=76D1B498 Ecx=303E2B0 Edx=0 Edi=2 Esi=2E98000 Ebp=303E2B4 Esp=303E2AC Eip=779000BD

ADDR: 77C4E69A CODE: 7315 jae 0x77c4e6b1
Eax=77BB5C1C Ebx=76D1B498 Ecx=77BB5C18 Edx=2E98000 Edi=76D92E00 Esi=7728C8DC Ebp=303E28C Esp=303E288 Eip=77C4E69A

ADDR: 77AD97A6 CODE: 0f8454720500 jz 0x77b30a00
Eax=303E2FC Ebx=7728C8DC Ecx=303E2E8 Edx=2E98000 Edi=76D92E00 Esi=7728C8DC Ebp=303E290 Esp=303E270 Eip=77AD97A6

ADDR: 77AD97D3 CODE: 7479 jz 0x77ad984e
Eax=303E2FC Ebx=33EE480 Ecx=14 Edx=19A06614 Edi=33EE280 Esi=33EE3AC Ebp=303E290 Esp=303E270 Eip=77AD97D3

ADDR: 77C47B53 CODE: 746e jz 0x77c47bc3
Eax=FFFFFFFE Ebx=77BB5C18 Ecx=FFFFFFFF Edx=19A06614 Edi=77BB5C1C Esi=FFFFFFFE Ebp=303E288 Esp=303E274 Eip=77C47B53

ADDR: 77AD94A4 CODE: 7458 jz 0x77ad94fe
Eax=BEA71F01 Ebx=76D1B498 Ecx=14 Edx=19A06614 Edi=2 Esi=77915A70 Ebp=303E2CC Esp=303E2B4 Eip=77AD94A4

ADDR: 77C98DEB CODE: 730a jae 0x77c98df7
Eax=EF22B4E Ebx=76D1B498 Ecx=77915A70 Edx=404000 Edi=2 Esi=77915A70 Ebp=303E2CC Esp=303E2A8 Eip=77C98DEB

ADDR: 77C909B7 CODE: 747f jz 0x77c90a38
Eax=2 Ebx=2E98FB4 Ecx=77915A70 Edx=2E98FB4 Edi=2 Esi=77915A70 Ebp=303E280 Esp=303E274 Eip=77C909B7

ADDR: 77C909BE CODE: 7378 jae 0x77c90a38
Eax=2 Ebx=2E98FB4 Ecx=77915A70 Edx=2E98FB4 Edi=2 Esi=77915A70 Ebp=303E280 Esp=303E274 Eip=77C909BE

ADDR: 77915A83 CODE: 790d jns 0x77915a92
Eax=0 Ebx=76D1B498 Ecx=33DA3C8 Edx=0 Edi=2 Esi=77915A70 Ebp=303E2A4 Esp=303E2A4 Eip=77915A83

ADDR: 77AE2C46 CODE: 740a jz 0x77ae2c52
Eax=0 Ebx=76D1B498 Ecx=76F1E830 Edx=0 Edi=76D92E20 Esi=76D1B31C Ebp=303E360 Esp=303E354 Eip=77AE2C46

ADDR: 77C98DEB CODE: 730a jae 0x77c98df7
Eax=EDB25C4 Ebx=76D1B498 Ecx=76D92E20 Edx=11111111 Edi=76D92E20 Esi=76D1B31C Ebp=303E360 Esp=303E350 Eip=77C98DEB

ADDR: 77AD95B4 CODE: 7458 jz 0x77ad960e
Eax=BEA71F01 Ebx=76D1B498 Ecx=14 Edx=7728C8DC Edi=2 Esi=77915A70 Ebp=303E2D0 Esp=303E2B8 Eip=77AD95B4

ADDR: 77C98DEB CODE: 730a jae 0x77c98df7
Eax=EF22B4E Ebx=76D1B498 Ecx=77915A70 Edx=404000 Edi=2 Esi=77915A70 Ebp=303E2D0 Esp=303E2AC Eip=77C98DEB

ADDR: 77C909B7 CODE: 747f jz 0x77c90a38
Eax=2 Ebx=2E98FB4 Ecx=77915A70 Edx=2E98FB4 Edi=2 Esi=77915A70 Ebp=303E284 Esp=303E278 Eip=77C909B7

ADDR: 77C909BE CODE: 7378 jae 0x77c90a38
Eax=2 Ebx=2E98FB4 Ecx=77915A70 Edx=2E98FB4 Edi=2 Esi=77915A70 Ebp=303E284 Esp=303E278 Eip=77C909BE

ADDR: 77915A83 CODE: 790d jns 0x77915a92
Eax=0 Ebx=76D1B498 Ecx=33DA3C8 Edx=0 Edi=2 Esi=77915A70 Ebp=303E2A8 Esp=303E2A8 Eip=77915A83

ADDR: 77AD90DC CODE: 7454 jz 0x77ad9132
Eax=13A71F14 Ebx=76D1B498 Ecx=14 Edx=0 Edi=2 Esi=779000A0 Ebp=303E31C Esp=303E2C0 Eip=77AD90DC

ADDR: 77C98DEB CODE: 730a jae 0x77c98df7
Eax=EF20014 Ebx=76D1B498 Ecx=779000A0 Edx=104000 Edi=2 Esi=779000A0 Ebp=303E31C Esp=303E2B8 Eip=77C98DEB

ADDR: 77C8C686 CODE: 743c jz 0x77c8c6c4
Eax=2 Ebx=76D1B498 Ecx=33DA3C0 Edx=104000 Edi=2 Esi=2E98000 Ebp=303E29C Esp=303E29C Eip=77C8C686

ADDR: 77C8C68D CODE: 7335 jae 0x77c8c6c4
Eax=2 Ebx=76D1B498 Ecx=33DA3C0 Edx=104000 Edi=2 Esi=2E98000 Ebp=303E29C Esp=303E29C Eip=77C8C68D

ADDR: 77C8C6AC CODE: 740c jz 0x77c8c6ba
Eax=33DCAA0 Ebx=76D1B498 Ecx=33DA3C0 Edx=0 Edi=2 Esi=2 Ebp=303E29C Esp=303E298 Eip=77C8C6AC

ADDR: 77C8C6B4 CODE: 7404 jz 0x77c8c6ba
Eax=33DCAAC Ebx=76D1B498 Ecx=33DA3C0 Edx=0 Edi=2 Esi=2 Ebp=303E29C Esp=303E298 Eip=77C8C6B4

ADDR: 779000BD CODE: 791c jns 0x779000db
Eax=0 Ebx=76D1B498 Ecx=303E2B0 Edx=0 Edi=2 Esi=2E98000 Ebp=303E2B4 Esp=303E2AC Eip=779000BD

ADDR: 77C4E69A CODE: 7315 jae 0x77c4e6b1
Eax=77BB5C1C Ebx=76D1B498 Ecx=77BB5C18 Edx=2E98000 Edi=76D92E20 Esi=7728C8DC Ebp=303E28C Esp=303E288 Eip=77C4E69A

ADDR: 77AD97A6 CODE: 0f8454720500 jz 0x77b30a00
Eax=303E2FC Ebx=7728C8DC Ecx=303E2E8 Edx=2E98000 Edi=76D92E20 Esi=7728C8DC Ebp=303E290 Esp=303E270 Eip=77AD97A6

ADDR: 77AD97D3 CODE: 7479 jz 0x77ad984e
Eax=303E2FC Ebx=33EE480 Ecx=14 Edx=19A06614 Edi=33EE280 Esi=33EE3B0 Ebp=303E290 Esp=303E270 Eip=77AD97D3

ADDR: 77C47B53 CODE: 746e jz 0x77c47bc3
Eax=FFFFFFFE Ebx=77BB5C18 Ecx=FFFFFFFF Edx=19A06614 Edi=77BB5C1C Esi=FFFFFFFE Ebp=303E288 Esp=303E274 Eip=77C47B53

ADDR: 77AD94A4 CODE: 7458 jz 0x77ad94fe
Eax=BEA71F01 Ebx=76D1B498 Ecx=14 Edx=19A06614 Edi=2 Esi=77915A70 Ebp=303E2CC Esp=303E2B4 Eip=77AD94A4

ADDR: 77C98DEB CODE: 730a jae 0x77c98df7
Eax=EF22B4E Ebx=76D1B498 Ecx=77915A70 Edx=404000 Edi=2 Esi=77915A70 Ebp=303E2CC Esp=303E2A8 Eip=77C98DEB

ADDR: 77C909B7 CODE: 747f jz 0x77c90a38
Eax=2 Ebx=2E98FB4 Ecx=77915A70 Edx=2E98FB4 Edi=2 Esi=77915A70 Ebp=303E280 Esp=303E274 Eip=77C909B7

ADDR: 77C909BE CODE: 7378 jae 0x77c90a38
Eax=2 Ebx=2E98FB4 Ecx=77915A70 Edx=2E98FB4 Edi=2 Esi=77915A70 Ebp=303E280 Esp=303E274 Eip=77C909BE

ADDR: 77915A83 CODE: 790d jns 0x77915a92
Eax=0 Ebx=76D1B498 Ecx=33DA3C8 Edx=0 Edi=2 Esi=77915A70 Ebp=303E2A4 Esp=303E2A4 Eip=77915A83

ADDR: 77AE2C46 CODE: 740a jz 0x77ae2c52
Eax=0 Ebx=76D1B498 Ecx=76F1E840 Edx=0 Edi=76D92E40 Esi=76D1B320 Ebp=303E360 Esp=303E354 Eip=77AE2C46

ADDR: 77C98DEB CODE: 730a jae 0x77c98df7
Eax=EDB25C8 Ebx=76D1B498 Ecx=76D92E40 Edx=11111111 Edi=76D92E40 Esi=76D1B320 Ebp=303E360 Esp=303E350 Eip=77C98DEB

ADDR: 77AD95B4 CODE: 7458 jz 0x77ad960e
Eax=BEA71F01 Ebx=76D1B498 Ecx=14 Edx=7728C8DC Edi=2 Esi=77915A70 Ebp=303E2D0 Esp=303E2B8 Eip=77AD95B4

ADDR: 77C98DEB CODE: 730a jae 0x77c98df7
Eax=EF22B4E Ebx=76D1B498 Ecx=77915A70 Edx=404000 Edi=2 Esi=77915A70 Ebp=303E2D0 Esp=303E2AC Eip=77C98DEB

ADDR: 77C909B7 CODE: 747f jz 0x77c90a38
Eax=2 Ebx=2E98FB4 Ecx=77915A70 Edx=2E98FB4 Edi=2 Esi=77915A70 Ebp=303E284 Esp=303E278 Eip=77C909B7

ADDR: 77C909BE CODE: 7378 jae 0x77c90a38
Eax=2 Ebx=2E98FB4 Ecx=77915A70 Edx=2E98FB4 Edi=2 Esi=77915A70 Ebp=303E284 Esp=303E278 Eip=77C909BE

ADDR: 77915A83 CODE: 790d jns 0x77915a92
Eax=0 Ebx=76D1B498 Ecx=33DA3C8 Edx=0 Edi=2 Esi=77915A70 Ebp=303E2A8 Esp=303E2A8 Eip=77915A83

ADDR: 77AD90DC CODE: 7454 jz 0x77ad9132
Eax=13A71F14 Ebx=76D1B498 Ecx=14 Edx=0 Edi=2 Esi=779000A0 Ebp=303E31C Esp=303E2C0 Eip=77AD90DC

ADDR: 77C98DEB CODE: 730a jae 0x77c98df7
Eax=EF20014 Ebx=76D1B498 Ecx=779000A0 Edx=104000 Edi=2 Esi=779000A0 Ebp=303E31C Esp=303E2B8 Eip=77C98DEB

ADDR: 77C8C686 CODE: 743c jz 0x77c8c6c4
Eax=2 Ebx=76D1B498 Ecx=33DA3C0 Edx=104000 Edi=2 Esi=2E98000 Ebp=303E29C Esp=303E29C Eip=77C8C686

ADDR: 77C8C68D CODE: 7335 jae 0x77c8c6c4
Eax=2 Ebx=76D1B498 Ecx=33DA3C0 Edx=104000 Edi=2 Esi=2E98000 Ebp=303E29C Esp=303E29C Eip=77C8C68D

ADDR: 77C8C6AC CODE: 740c jz 0x77c8c6ba
Eax=33DCAA0 Ebx=76D1B498 Ecx=33DA3C0 Edx=0 Edi=2 Esi=2 Ebp=303E29C Esp=303E298 Eip=77C8C6AC

ADDR: 77C8C6B4 CODE: 7404 jz 0x77c8c6ba
Eax=33DCAAC Ebx=76D1B498 Ecx=33DA3C0 Edx=0 Edi=2 Esi=2 Ebp=303E29C Esp=303E298 Eip=77C8C6B4

ADDR: 779000BD CODE: 791c jns 0x779000db
Eax=0 Ebx=76D1B498 Ecx=303E2B0 Edx=0 Edi=2 Esi=2E98000 Ebp=303E2B4 Esp=303E2AC Eip=779000BD

ADDR: 77C4E69A CODE: 7315 jae 0x77c4e6b1
Eax=77BB5C1C Ebx=76D1B498 Ecx=77BB5C18 Edx=2E98000 Edi=76D92E40 Esi=7728C8DC Ebp=303E28C Esp=303E288 Eip=77C4E69A

ADDR: 77AD97A6 CODE: 0f8454720500 jz 0x77b30a00
Eax=303E2FC Ebx=7728C8DC Ecx=303E2E8 Edx=2E98000 Edi=76D92E40 Esi=7728C8DC Ebp=303E290 Esp=303E270 Eip=77AD97A6

ADDR: 77AD97D3 CODE: 7479 jz 0x77ad984e
Eax=303E2FC Ebx=33EE480 Ecx=14 Edx=19A06614 Edi=33EE280 Esi=33EE3B4 Ebp=303E290 Esp=303E270 Eip=77AD97D3

ADDR: 77C47B53 CODE: 746e jz 0x77c47bc3
Eax=FFFFFFFE Ebx=77BB5C18 Ecx=FFFFFFFF Edx=19A06614 Edi=77BB5C1C Esi=FFFFFFFE Ebp=303E288 Esp=303E274 Eip=77C47B53

ADDR: 77AD94A4 CODE: 7458 jz 0x77ad94fe
Eax=BEA71F01 Ebx=76D1B498 Ecx=14 Edx=19A06614 Edi=2 Esi=77915A70 Ebp=303E2CC Esp=303E2B4 Eip=77AD94A4

ADDR: 77C98DEB CODE: 730a jae 0x77c98df7
Eax=EF22B4E Ebx=76D1B498 Ecx=77915A70 Edx=404000 Edi=2 Esi=77915A70 Ebp=303E2CC Esp=303E2A8 Eip=77C98DEB

ADDR: 77C909B7 CODE: 747f jz 0x77c90a38
Eax=2 Ebx=2E98FB4 Ecx=77915A70 Edx=2E98FB4 Edi=2 Esi=77915A70 Ebp=303E280 Esp=303E274 Eip=77C909B7

ADDR: 77C909BE CODE: 7378 jae 0x77c90a38
Eax=2 Ebx=2E98FB4 Ecx=77915A70 Edx=2E98FB4 Edi=2 Esi=77915A70 Ebp=303E280 Esp=303E274 Eip=77C909BE

ADDR: 77915A83 CODE: 790d jns 0x77915a92
Eax=0 Ebx=76D1B498 Ecx=33DA3C8 Edx=0 Edi=2 Esi=77915A70 Ebp=303E2A4 Esp=303E2A4 Eip=77915A83

ADDR: 77AE2C46 CODE: 740a jz 0x77ae2c52
Eax=0 Ebx=76D1B498 Ecx=76F1E850 Edx=0 Edi=76D92E60 Esi=76D1B324 Ebp=303E360 Esp=303E354 Eip=77AE2C46

ADDR: 77C98DEB CODE: 730a jae 0x77c98df7
Eax=EDB25CC Ebx=76D1B498 Ecx=76D92E60 Edx=11111111 Edi=76D92E60 Esi=76D1B324 Ebp=303E360 Esp=303E350 Eip=77C98DEB

ADDR: 77AD95B4 CODE: 7458 jz 0x77ad960e
Eax=BEA71F01 Ebx=76D1B498 Ecx=14 Edx=7728C8DC Edi=2 Esi=77915A70 Ebp=303E2D0 Esp=303E2B8 Eip=77AD95B4

ADDR: 77C98DEB CODE: 730a jae 0x77c98df7
Eax=EF22B4E Ebx=76D1B498 Ecx=77915A70 Edx=404000 Edi=2 Esi=77915A70 Ebp=303E2D0 Esp=303E2AC Eip=77C98DEB

ADDR: 77C909B7 CODE: 747f jz 0x77c90a38
Eax=2 Ebx=2E98FB4 Ecx=77915A70 Edx=2E98FB4 Edi=2 Esi=77915A70 Ebp=303E284 Esp=303E278 Eip=77C909B7

ADDR: 77C909BE CODE: 7378 jae 0x77c90a38
Eax=2 Ebx=2E98FB4 Ecx=77915A70 Edx=2E98FB4 Edi=2 Esi=77915A70 Ebp=303E284 Esp=303E278 Eip=77C909BE

ADDR: 77915A83 CODE: 790d jns 0x77915a92
Eax=0 Ebx=76D1B498 Ecx=33DA3C8 Edx=0 Edi=2 Esi=77915A70 Ebp=303E2A8 Esp=303E2A8 Eip=77915A83

ADDR: 77AD90DC CODE: 7454 jz 0x77ad9132
Eax=13A71F14 Ebx=76D1B498 Ecx=14 Edx=0 Edi=2 Esi=779000A0 Ebp=303E31C Esp=303E2C0 Eip=77AD90DC

ADDR: 77C98DEB CODE: 730a jae 0x77c98df7
Eax=EF20014 Ebx=76D1B498 Ecx=779000A0 Edx=104000 Edi=2 Esi=779000A0 Ebp=303E31C Esp=303E2B8 Eip=77C98DEB

ADDR: 77C8C686 CODE: 743c jz 0x77c8c6c4
Eax=2 Ebx=76D1B498 Ecx=33DA3C0 Edx=104000 Edi=2 Esi=2E98000 Ebp=303E29C Esp=303E29C Eip=77C8C686

ADDR: 77C8C68D CODE: 7335 jae 0x77c8c6c4
Eax=2 Ebx=76D1B498 Ecx=33DA3C0 Edx=104000 Edi=2 Esi=2E98000 Ebp=303E29C Esp=303E29C Eip=77C8C68D

ADDR: 77C8C6AC CODE: 740c jz 0x77c8c6ba
Eax=33DCAA0 Ebx=76D1B498 Ecx=33DA3C0 Edx=0 Edi=2 Esi=2 Ebp=303E29C Esp=303E298 Eip=77C8C6AC

ADDR: 77C8C6B4 CODE: 7404 jz 0x77c8c6ba
Eax=33DCAAC Ebx=76D1B498 Ecx=33DA3C0 Edx=0 Edi=2 Esi=2 Ebp=303E29C Esp=303E298 Eip=77C8C6B4

ADDR: 779000BD CODE: 791c jns 0x779000db
Eax=0 Ebx=76D1B498 Ecx=303E2B0 Edx=0 Edi=2 Esi=2E98000 Ebp=303E2B4 Esp=303E2AC Eip=779000BD

ADDR: 77C4E69A CODE: 7315 jae 0x77c4e6b1
Eax=77BB5C1C Ebx=76D1B498 Ecx=77BB5C18 Edx=2E98000 Edi=76D92E60 Esi=7728C8DC Ebp=303E28C Esp=303E288 Eip=77C4E69A

ADDR: 77AD97A6 CODE: 0f8454720500 jz 0x77b30a00
Eax=303E2FC Ebx=7728C8DC Ecx=303E2E8 Edx=2E98000 Edi=76D92E60 Esi=7728C8DC Ebp=303E290 Esp=303E270 Eip=77AD97A6

ADDR: 77AD97D3 CODE: 7479 jz 0x77ad984e
Eax=303E2FC Ebx=33EE480 Ecx=14 Edx=19A06614 Edi=33EE280 Esi=33EE3B8 Ebp=303E290 Esp=303E270 Eip=77AD97D3

ADDR: 77C47B53 CODE: 746e jz 0x77c47bc3
Eax=FFFFFFFE Ebx=77BB5C18 Ecx=FFFFFFFF Edx=19A06614 Edi=77BB5C1C Esi=FFFFFFFE Ebp=303E288 Esp=303E274 Eip=77C47B53

ADDR: 77AD94A4 CODE: 7458 jz 0x77ad94fe
Eax=BEA71F01 Ebx=76D1B498 Ecx=14 Edx=19A06614 Edi=2 Esi=77915A70 Ebp=303E2CC Esp=303E2B4 Eip=77AD94A4

ADDR: 77C98DEB CODE: 730a jae 0x77c98df7
Eax=EF22B4E Ebx=76D1B498 Ecx=77915A70 Edx=404000 Edi=2 Esi=77915A70 Ebp=303E2CC Esp=303E2A8 Eip=77C98DEB

ADDR: 77C909B7 CODE: 747f jz 0x77c90a38
Eax=2 Ebx=2E98FB4 Ecx=77915A70 Edx=2E98FB4 Edi=2 Esi=77915A70 Ebp=303E280 Esp=303E274 Eip=77C909B7

ADDR: 77C909BE CODE: 7378 jae 0x77c90a38
Eax=2 Ebx=2E98FB4 Ecx=77915A70 Edx=2E98FB4 Edi=2 Esi=77915A70 Ebp=303E280 Esp=303E274 Eip=77C909BE

ADDR: 77915A83 CODE: 790d jns 0x77915a92
Eax=0 Ebx=76D1B498 Ecx=33DA3C8 Edx=0 Edi=2 Esi=77915A70 Ebp=303E2A4 Esp=303E2A4 Eip=77915A83

ADDR: 77AE2C46 CODE: 740a jz 0x77ae2c52
Eax=0 Ebx=76D1B498 Ecx=76F1E860 Edx=0 Edi=76D92E80 Esi=76D1B328 Ebp=303E360 Esp=303E354 Eip=77AE2C46

ADDR: 77C98DEB CODE: 730a jae 0x77c98df7
Eax=EDB25D0 Ebx=76D1B498 Ecx=76D92E80 Edx=11111111 Edi=76D92E80 Esi=76D1B328 Ebp=303E360 Esp=303E350 Eip=77C98DEB

ADDR: 77AD95B4 CODE: 7458 jz 0x77ad960e
Eax=BEA71F01 Ebx=76D1B498 Ecx=14 Edx=7728C8DC Edi=2 Esi=77915A70 Ebp=303E2D0 Esp=303E2B8 Eip=77AD95B4

ADDR: 77C98DEB CODE: 730a jae 0x77c98df7
Eax=EF22B4E Ebx=76D1B498 Ecx=77915A70 Edx=404000 Edi=2 Esi=77915A70 Ebp=303E2D0 Esp=303E2AC Eip=77C98DEB

ADDR: 77C909B7 CODE: 747f jz 0x77c90a38
Eax=2 Ebx=2E98FB4 Ecx=77915A70 Edx=2E98FB4 Edi=2 Esi=77915A70 Ebp=303E284 Esp=303E278 Eip=77C909B7

ADDR: 77C909BE CODE: 7378 jae 0x77c90a38
Eax=2 Ebx=2E98FB4 Ecx=77915A70 Edx=2E98FB4 Edi=2 Esi=77915A70 Ebp=303E284 Esp=303E278 Eip=77C909BE

ADDR: 77915A83 CODE: 790d jns 0x77915a92
Eax=0 Ebx=76D1B498 Ecx=33DA3C8 Edx=0 Edi=2 Esi=77915A70 Ebp=303E2A8 Esp=303E2A8 Eip=77915A83

ADDR: 77AD90DC CODE: 7454 jz 0x77ad9132
Eax=13A71F14 Ebx=76D1B498 Ecx=14 Edx=0 Edi=2 Esi=779000A0 Ebp=303E31C Esp=303E2C0 Eip=77AD90DC

ADDR: 77C98DEB CODE: 730a jae 0x77c98df7
Eax=EF20014 Ebx=76D1B498 Ecx=779000A0 Edx=104000 Edi=2 Esi=779000A0 Ebp=303E31C Esp=303E2B8 Eip=77C98DEB

ADDR: 77C8C686 CODE: 743c jz 0x77c8c6c4
Eax=2 Ebx=76D1B498 Ecx=33DA3C0 Edx=104000 Edi=2 Esi=2E98000 Ebp=303E29C Esp=303E29C Eip=77C8C686

ADDR: 77C8C68D CODE: 7335 jae 0x77c8c6c4
Eax=2 Ebx=76D1B498 Ecx=33DA3C0 Edx=104000 Edi=2 Esi=2E98000 Ebp=303E29C Esp=303E29C Eip=77C8C68D

ADDR: 77C8C6AC CODE: 740c jz 0x77c8c6ba
Eax=33DCAA0 Ebx=76D1B498 Ecx=33DA3C0 Edx=0 Edi=2 Esi=2 Ebp=303E29C Esp=303E298 Eip=77C8C6AC

ADDR: 77C8C6B4 CODE: 7404 jz 0x77c8c6ba
Eax=33DCAAC Ebx=76D1B498 Ecx=33DA3C0 Edx=0 Edi=2 Esi=2 Ebp=303E29C Esp=303E298 Eip=77C8C6B4

ADDR: 779000BD CODE: 791c jns 0x779000db
Eax=0 Ebx=76D1B498 Ecx=303E2B0 Edx=0 Edi=2 Esi=2E98000 Ebp=303E2B4 Esp=303E2AC Eip=779000BD

ADDR: 77C4E69A CODE: 7315 jae 0x77c4e6b1
Eax=77BB5C1C Ebx=76D1B498 Ecx=77BB5C18 Edx=2E98000 Edi=76D92E80 Esi=7728C8DC Ebp=303E28C Esp=303E288 Eip=77C4E69A

ADDR: 77AD97A6 CODE: 0f8454720500 jz 0x77b30a00
Eax=303E2FC Ebx=7728C8DC Ecx=303E2E8 Edx=2E98000 Edi=76D92E80 Esi=7728C8DC Ebp=303E290 Esp=303E270 Eip=77AD97A6

ADDR: 77AD97D3 CODE: 7479 jz 0x77ad984e
Eax=303E2FC Ebx=33EE480 Ecx=14 Edx=19A06614 Edi=33EE280 Esi=33EE3BC Ebp=303E290 Esp=303E270 Eip=77AD97D3

ADDR: 77C47B53 CODE: 746e jz 0x77c47bc3
Eax=FFFFFFFE Ebx=77BB5C18 Ecx=FFFFFFFF Edx=19A06614 Edi=77BB5C1C Esi=FFFFFFFE Ebp=303E288 Esp=303E274 Eip=77C47B53

ADDR: 77AD94A4 CODE: 7458 jz 0x77ad94fe
Eax=BEA71F01 Ebx=76D1B498 Ecx=14 Edx=19A06614 Edi=2 Esi=77915A70 Ebp=303E2CC Esp=303E2B4 Eip=77AD94A4

ADDR: 77C98DEB CODE: 730a jae 0x77c98df7
Eax=EF22B4E Ebx=76D1B498 Ecx=77915A70 Edx=404000 Edi=2 Esi=77915A70 Ebp=303E2CC Esp=303E2A8 Eip=77C98DEB

ADDR: 77C909B7 CODE: 747f jz 0x77c90a38
Eax=2 Ebx=2E98FB4 Ecx=77915A70 Edx=2E98FB4 Edi=2 Esi=77915A70 Ebp=303E280 Esp=303E274 Eip=77C909B7

ADDR: 77C909BE CODE: 7378 jae 0x77c90a38
Eax=2 Ebx=2E98FB4 Ecx=77915A70 Edx=2E98FB4 Edi=2 Esi=77915A70 Ebp=303E280 Esp=303E274 Eip=77C909BE

ADDR: 77915A83 CODE: 790d jns 0x77915a92
Eax=0 Ebx=76D1B498 Ecx=33DA3C8 Edx=0 Edi=2 Esi=77915A70 Ebp=303E2A4 Esp=303E2A4 Eip=77915A83

ADDR: 77AE2C46 CODE: 740a jz 0x77ae2c52
Eax=0 Ebx=76D1B498 Ecx=76F1E880 Edx=0 Edi=76D92EA0 Esi=76D1B32C Ebp=303E360 Esp=303E354 Eip=77AE2C46

ADDR: 77C98DEB CODE: 730a jae 0x77c98df7
Eax=EDB25D4 Ebx=76D1B498 Ecx=76D92EA0 Edx=11111111 Edi=76D92EA0 Esi=76D1B32C Ebp=303E360 Esp=303E350 Eip=77C98DEB

ADDR: 77AD95B4 CODE: 7458 jz 0x77ad960e
Eax=BEA71F01 Ebx=76D1B498 Ecx=14 Edx=7728C8DC Edi=2 Esi=77915A70 Ebp=303E2D0 Esp=303E2B8 Eip=77AD95B4

ADDR: 77C98DEB CODE: 730a jae 0x77c98df7
Eax=EF22B4E Ebx=76D1B498 Ecx=77915A70 Edx=404000 Edi=2 Esi=77915A70 Ebp=303E2D0 Esp=303E2AC Eip=77C98DEB

ADDR: 77C909B7 CODE: 747f jz 0x77c90a38
Eax=2 Ebx=2E98FB4 Ecx=77915A70 Edx=2E98FB4 Edi=2 Esi=77915A70 Ebp=303E284 Esp=303E278 Eip=77C909B7

ADDR: 77C909BE CODE: 7378 jae 0x77c90a38
Eax=2 Ebx=2E98FB4 Ecx=77915A70 Edx=2E98FB4 Edi=2 Esi=77915A70 Ebp=303E284 Esp=303E278 Eip=77C909BE

ADDR: 77915A83 CODE: 790d jns 0x77915a92
Eax=0 Ebx=76D1B498 Ecx=33DA3C8 Edx=0 Edi=2 Esi=77915A70 Ebp=303E2A8 Esp=303E2A8 Eip=77915A83

ADDR: 77AD90DC CODE: 7454 jz 0x77ad9132
Eax=13A71F14 Ebx=76D1B498 Ecx=14 Edx=0 Edi=2 Esi=779000A0 Ebp=303E31C Esp=303E2C0 Eip=77AD90DC

ADDR: 77C98DEB CODE: 730a jae 0x77c98df7
Eax=EF20014 Ebx=76D1B498 Ecx=779000A0 Edx=104000 Edi=2 Esi=779000A0 Ebp=303E31C Esp=303E2B8 Eip=77C98DEB

ADDR: 77C8C686 CODE: 743c jz 0x77c8c6c4
Eax=2 Ebx=76D1B498 Ecx=33DA3C0 Edx=104000 Edi=2 Esi=2E98000 Ebp=303E29C Esp=303E29C Eip=77C8C686

ADDR: 77C8C68D CODE: 7335 jae 0x77c8c6c4
Eax=2 Ebx=76D1B498 Ecx=33DA3C0 Edx=104000 Edi=2 Esi=2E98000 Ebp=303E29C Esp=303E29C Eip=77C8C68D

ADDR: 77C8C6AC CODE: 740c jz 0x77c8c6ba
Eax=33DCAA0 Ebx=76D1B498 Ecx=33DA3C0 Edx=0 Edi=2 Esi=2 Ebp=303E29C Esp=303E298 Eip=77C8C6AC

ADDR: 77C8C6B4 CODE: 7404 jz 0x77c8c6ba
Eax=33DCAAC Ebx=76D1B498 Ecx=33DA3C0 Edx=0 Edi=2 Esi=2 Ebp=303E29C Esp=303E298 Eip=77C8C6B4

ADDR: 779000BD CODE: 791c jns 0x779000db
Eax=0 Ebx=76D1B498 Ecx=303E2B0 Edx=0 Edi=2 Esi=2E98000 Ebp=303E2B4 Esp=303E2AC Eip=779000BD

ADDR: 77C4E69A CODE: 7315 jae 0x77c4e6b1
Eax=77BB5C1C Ebx=76D1B498 Ecx=77BB5C18 Edx=2E98000 Edi=76D92EA0 Esi=7728C8DC Ebp=303E28C Esp=303E288 Eip=77C4E69A

ADDR: 77AD97A6 CODE: 0f8454720500 jz 0x77b30a00
Eax=303E2FC Ebx=7728C8DC Ecx=303E2E8 Edx=2E98000 Edi=76D92EA0 Esi=7728C8DC Ebp=303E290 Esp=303E270 Eip=77AD97A6

ADDR: 77AD97D3 CODE: 7479 jz 0x77ad984e
Eax=303E2FC Ebx=33EE480 Ecx=14 Edx=19A06614 Edi=33EE280 Esi=33EE3C0 Ebp=303E290 Esp=303E270 Eip=77AD97D3

ADDR: 77C47B53 CODE: 746e jz 0x77c47bc3
Eax=FFFFFFFE Ebx=77BB5C18 Ecx=FFFFFFFF Edx=19A06614 Edi=77BB5C1C Esi=FFFFFFFE Ebp=303E288 Esp=303E274 Eip=77C47B53

ADDR: 77AD94A4 CODE: 7458 jz 0x77ad94fe
Eax=BEA71F01 Ebx=76D1B498 Ecx=14 Edx=19A06614 Edi=2 Esi=77915A70 Ebp=303E2CC Esp=303E2B4 Eip=77AD94A4

ADDR: 77C98DEB CODE: 730a jae 0x77c98df7
Eax=EF22B4E Ebx=76D1B498 Ecx=77915A70 Edx=404000 Edi=2 Esi=77915A70 Ebp=303E2CC Esp=303E2A8 Eip=77C98DEB

ADDR: 77C909B7 CODE: 747f jz 0x77c90a38
Eax=2 Ebx=2E98FB4 Ecx=77915A70 Edx=2E98FB4 Edi=2 Esi=77915A70 Ebp=303E280 Esp=303E274 Eip=77C909B7

ADDR: 77C909BE CODE: 7378 jae 0x77c90a38
Eax=2 Ebx=2E98FB4 Ecx=77915A70 Edx=2E98FB4 Edi=2 Esi=77915A70 Ebp=303E280 Esp=303E274 Eip=77C909BE

ADDR: 77915A83 CODE: 790d jns 0x77915a92
Eax=0 Ebx=76D1B498 Ecx=33DA3C8 Edx=0 Edi=2 Esi=77915A70 Ebp=303E2A4 Esp=303E2A4 Eip=77915A83

ADDR: 77AE2C46 CODE: 740a jz 0x77ae2c52
Eax=0 Ebx=76D1B498 Ecx=76F1E890 Edx=0 Edi=76D92EC0 Esi=76D1B330 Ebp=303E360 Esp=303E354 Eip=77AE2C46

ADDR: 77C98DEB CODE: 730a jae 0x77c98df7
Eax=EDB25D8 Ebx=76D1B498 Ecx=76D92EC0 Edx=11111111 Edi=76D92EC0 Esi=76D1B330 Ebp=303E360 Esp=303E350 Eip=77C98DEB

ADDR: 77AD95B4 CODE: 7458 jz 0x77ad960e
Eax=BEA71F01 Ebx=76D1B498 Ecx=14 Edx=7728C8DC Edi=2 Esi=77915A70 Ebp=303E2D0 Esp=303E2B8 Eip=77AD95B4

ADDR: 77C98DEB CODE: 730a jae 0x77c98df7
Eax=EF22B4E Ebx=76D1B498 Ecx=77915A70 Edx=404000 Edi=2 Esi=77915A70 Ebp=303E2D0 Esp=303E2AC Eip=77C98DEB

ADDR: 77C909B7 CODE: 747f jz 0x77c90a38
Eax=2 Ebx=2E98FB4 Ecx=77915A70 Edx=2E98FB4 Edi=2 Esi=77915A70 Ebp=303E284 Esp=303E278 Eip=77C909B7

ADDR: 77C909BE CODE: 7378 jae 0x77c90a38
Eax=2 Ebx=2E98FB4 Ecx=77915A70 Edx=2E98FB4 Edi=2 Esi=77915A70 Ebp=303E284 Esp=303E278 Eip=77C909BE

ADDR: 77915A83 CODE: 790d jns 0x77915a92
Eax=0 Ebx=76D1B498 Ecx=33DA3C8 Edx=0 Edi=2 Esi=77915A70 Ebp=303E2A8 Esp=303E2A8 Eip=77915A83

ADDR: 77AD90DC CODE: 7454 jz 0x77ad9132
Eax=13A71F14 Ebx=76D1B498 Ecx=14 Edx=0 Edi=2 Esi=779000A0 Ebp=303E31C Esp=303E2C0 Eip=77AD90DC

ADDR: 77C98DEB CODE: 730a jae 0x77c98df7
Eax=EF20014 Ebx=76D1B498 Ecx=779000A0 Edx=104000 Edi=2 Esi=779000A0 Ebp=303E31C Esp=303E2B8 Eip=77C98DEB

ADDR: 77C8C686 CODE: 743c jz 0x77c8c6c4
Eax=2 Ebx=76D1B498 Ecx=33DA3C0 Edx=104000 Edi=2 Esi=2E98000 Ebp=303E29C Esp=303E29C Eip=77C8C686

ADDR: 77C8C68D CODE: 7335 jae 0x77c8c6c4
Eax=2 Ebx=76D1B498 Ecx=33DA3C0 Edx=104000 Edi=2 Esi=2E98000 Ebp=303E29C Esp=303E29C Eip=77C8C68D

ADDR: 77C8C6AC CODE: 740c jz 0x77c8c6ba
Eax=33DCAA0 Ebx=76D1B498 Ecx=33DA3C0 Edx=0 Edi=2 Esi=2 Ebp=303E29C Esp=303E298 Eip=77C8C6AC

ADDR: 77C8C6B4 CODE: 7404 jz 0x77c8c6ba
Eax=33DCAAC Ebx=76D1B498 Ecx=33DA3C0 Edx=0 Edi=2 Esi=2 Ebp=303E29C Esp=303E298 Eip=77C8C6B4

ADDR: 779000BD CODE: 791c jns 0x779000db
Eax=0 Ebx=76D1B498 Ecx=303E2B0 Edx=0 Edi=2 Esi=2E98000 Ebp=303E2B4 Esp=303E2AC Eip=779000BD

ADDR: 77C4E69A CODE: 7315 jae 0x77c4e6b1
Eax=77BB5C1C Ebx=76D1B498 Ecx=77BB5C18 Edx=2E98000 Edi=76D92EC0 Esi=7728C8DC Ebp=303E28C Esp=303E288 Eip=77C4E69A

ADDR: 77AD97A6 CODE: 0f8454720500 jz 0x77b30a00
Eax=303E2FC Ebx=7728C8DC Ecx=303E2E8 Edx=2E98000 Edi=76D92EC0 Esi=7728C8DC Ebp=303E290 Esp=303E270 Eip=77AD97A6

ADDR: 77AD97D3 CODE: 7479 jz 0x77ad984e
Eax=303E2FC Ebx=33EE480 Ecx=14 Edx=19A06614 Edi=33EE280 Esi=33EE3C4 Ebp=303E290 Esp=303E270 Eip=77AD97D3

ADDR: 77C47B53 CODE: 746e jz 0x77c47bc3
Eax=FFFFFFFE Ebx=77BB5C18 Ecx=FFFFFFFF Edx=19A06614 Edi=77BB5C1C Esi=FFFFFFFE Ebp=303E288 Esp=303E274 Eip=77C47B53

ADDR: 77AD94A4 CODE: 7458 jz 0x77ad94fe
Eax=BEA71F01 Ebx=76D1B498 Ecx=14 Edx=19A06614 Edi=2 Esi=77915A70 Ebp=303E2CC Esp=303E2B4 Eip=77AD94A4

ADDR: 77C98DEB CODE: 730a jae 0x77c98df7
Eax=EF22B4E Ebx=76D1B498 Ecx=77915A70 Edx=404000 Edi=2 Esi=77915A70 Ebp=303E2CC Esp=303E2A8 Eip=77C98DEB

ADDR: 77C909B7 CODE: 747f jz 0x77c90a38
Eax=2 Ebx=2E98FB4 Ecx=77915A70 Edx=2E98FB4 Edi=2 Esi=77915A70 Ebp=303E280 Esp=303E274 Eip=77C909B7

ADDR: 77C909BE CODE: 7378 jae 0x77c90a38
Eax=2 Ebx=2E98FB4 Ecx=77915A70 Edx=2E98FB4 Edi=2 Esi=77915A70 Ebp=303E280 Esp=303E274 Eip=77C909BE

ADDR: 77915A83 CODE: 790d jns 0x77915a92
Eax=0 Ebx=76D1B498 Ecx=33DA3C8 Edx=0 Edi=2 Esi=77915A70 Ebp=303E2A4 Esp=303E2A4 Eip=77915A83

ADDR: 77AE2C46 CODE: 740a jz 0x77ae2c52
Eax=0 Ebx=76D1B498 Ecx=76F1E8A0 Edx=0 Edi=76D92EE0 Esi=76D1B334 Ebp=303E360 Esp=303E354 Eip=77AE2C46

ADDR: 77C98DEB CODE: 730a jae 0x77c98df7
Eax=EDB25DC Ebx=76D1B498 Ecx=76D92EE0 Edx=11111111 Edi=76D92EE0 Esi=76D1B334 Ebp=303E360 Esp=303E350 Eip=77C98DEB

ADDR: 77AD95B4 CODE: 7458 jz 0x77ad960e
Eax=BEA71F01 Ebx=76D1B498 Ecx=14 Edx=7728C8DC Edi=2 Esi=77915A70 Ebp=303E2D0 Esp=303E2B8 Eip=77AD95B4

ADDR: 77C98DEB CODE: 730a jae 0x77c98df7
Eax=EF22B4E Ebx=76D1B498 Ecx=77915A70 Edx=404000 Edi=2 Esi=77915A70 Ebp=303E2D0 Esp=303E2AC Eip=77C98DEB

ADDR: 77C909B7 CODE: 747f jz 0x77c90a38
Eax=2 Ebx=2E98FB4 Ecx=77915A70 Edx=2E98FB4 Edi=2 Esi=77915A70 Ebp=303E284 Esp=303E278 Eip=77C909B7

ADDR: 77C909BE CODE: 7378 jae 0x77c90a38
Eax=2 Ebx=2E98FB4 Ecx=77915A70 Edx=2E98FB4 Edi=2 Esi=77915A70 Ebp=303E284 Esp=303E278 Eip=77C909BE

ADDR: 77915A83 CODE: 790d jns 0x77915a92
Eax=0 Ebx=76D1B498 Ecx=33DA3C8 Edx=0 Edi=2 Esi=77915A70 Ebp=303E2A8 Esp=303E2A8 Eip=77915A83

ADDR: 77AD90DC CODE: 7454 jz 0x77ad9132
Eax=13A71F14 Ebx=76D1B498 Ecx=14 Edx=0 Edi=2 Esi=779000A0 Ebp=303E31C Esp=303E2C0 Eip=77AD90DC

ADDR: 77C98DEB CODE: 730a jae 0x77c98df7
Eax=EF20014 Ebx=76D1B498 Ecx=779000A0 Edx=104000 Edi=2 Esi=779000A0 Ebp=303E31C Esp=303E2B8 Eip=77C98DEB

ADDR: 77C8C686 CODE: 743c jz 0x77c8c6c4
Eax=2 Ebx=76D1B498 Ecx=33DA3C0 Edx=104000 Edi=2 Esi=2E98000 Ebp=303E29C Esp=303E29C Eip=77C8C686

ADDR: 77C8C68D CODE: 7335 jae 0x77c8c6c4
Eax=2 Ebx=76D1B498 Ecx=33DA3C0 Edx=104000 Edi=2 Esi=2E98000 Ebp=303E29C Esp=303E29C Eip=77C8C68D

ADDR: 77C8C6AC CODE: 740c jz 0x77c8c6ba
Eax=33DCAA0 Ebx=76D1B498 Ecx=33DA3C0 Edx=0 Edi=2 Esi=2 Ebp=303E29C Esp=303E298 Eip=77C8C6AC

ADDR: 77C8C6B4 CODE: 7404 jz 0x77c8c6ba
Eax=33DCAAC Ebx=76D1B498 Ecx=33DA3C0 Edx=0 Edi=2 Esi=2 Ebp=303E29C Esp=303E298 Eip=77C8C6B4

ADDR: 779000BD CODE: 791c jns 0x779000db
Eax=0 Ebx=76D1B498 Ecx=303E2B0 Edx=0 Edi=2 Esi=2E98000 Ebp=303E2B4 Esp=303E2AC Eip=779000BD

ADDR: 77C4E69A CODE: 7315 jae 0x77c4e6b1
Eax=77BB5C1C Ebx=76D1B498 Ecx=77BB5C18 Edx=2E98000 Edi=76D92EE0 Esi=7728C8DC Ebp=303E28C Esp=303E288 Eip=77C4E69A

ADDR: 77AD97A6 CODE: 0f8454720500 jz 0x77b30a00
Eax=303E2FC Ebx=7728C8DC Ecx=303E2E8 Edx=2E98000 Edi=76D92EE0 Esi=7728C8DC Ebp=303E290 Esp=303E270 Eip=77AD97A6

ADDR: 77AD97D3 CODE: 7479 jz 0x77ad984e
Eax=303E2FC Ebx=33EE480 Ecx=14 Edx=19A06614 Edi=33EE280 Esi=33EE3C8 Ebp=303E290 Esp=303E270 Eip=77AD97D3

ADDR: 77C47B53 CODE: 746e jz 0x77c47bc3
Eax=FFFFFFFE Ebx=77BB5C18 Ecx=FFFFFFFF Edx=19A06614 Edi=77BB5C1C Esi=FFFFFFFE Ebp=303E288 Esp=303E274 Eip=77C47B53

ADDR: 77AD94A4 CODE: 7458 jz 0x77ad94fe
Eax=BEA71F01 Ebx=76D1B498 Ecx=14 Edx=19A06614 Edi=2 Esi=77915A70 Ebp=303E2CC Esp=303E2B4 Eip=77AD94A4

ADDR: 77C98DEB CODE: 730a jae 0x77c98df7
Eax=EF22B4E Ebx=76D1B498 Ecx=77915A70 Edx=404000 Edi=2 Esi=77915A70 Ebp=303E2CC Esp=303E2A8 Eip=77C98DEB

ADDR: 77C909B7 CODE: 747f jz 0x77c90a38
Eax=2 Ebx=2E98FB4 Ecx=77915A70 Edx=2E98FB4 Edi=2 Esi=77915A70 Ebp=303E280 Esp=303E274 Eip=77C909B7

ADDR: 77C909BE CODE: 7378 jae 0x77c90a38
Eax=2 Ebx=2E98FB4 Ecx=77915A70 Edx=2E98FB4 Edi=2 Esi=77915A70 Ebp=303E280 Esp=303E274 Eip=77C909BE

ADDR: 77915A83 CODE: 790d jns 0x77915a92
Eax=0 Ebx=76D1B498 Ecx=33DA3C8 Edx=0 Edi=2 Esi=77915A70 Ebp=303E2A4 Esp=303E2A4 Eip=77915A83

ADDR: 77AE2C46 CODE: 740a jz 0x77ae2c52
Eax=0 Ebx=76D1B498 Ecx=76F1E8B0 Edx=0 Edi=76D92F00 Esi=76D1B338 Ebp=303E360 Esp=303E354 Eip=77AE2C46

ADDR: 77C98DEB CODE: 730a jae 0x77c98df7
Eax=EDB25E0 Ebx=76D1B498 Ecx=76D92F00 Edx=44444401 Edi=76D92F00 Esi=76D1B338 Ebp=303E360 Esp=303E350 Eip=77C98DEB

ADDR: 76E86074 CODE: 7728 ja 0x76e8609e
Eax=0 Ebx=7728E8E8 Ecx=7728E8E8 Edx=11 Edi=76D92F00 Esi=76D44BC2 Ebp=303E2E4 Esp=303E2DC Eip=76E86074

ADDR: 76E82B4A CODE: 775f ja 0x76e82bab
Eax=76D44BC0 Ebx=11 Ecx=7FFFFFFE Edx=11 Edi=7728E8E8 Esi=76D44BC2 Ebp=303E2C8 Esp=303E2B4 Eip=76E82B4A

ADDR: 76E85E14 CODE: 7718 ja 0x76e85e2e
Eax=7 Ebx=11 Ecx=17 Edx=7 Edi=7728E8E8 Esi=76D44BC2 Ebp=303E2A4 Esp=303E2A0 Eip=76E85E14

ADDR: 76E85E21 CODE: 770b ja 0x76e85e2e
Eax=7FFFFFFB Ebx=11 Ecx=17 Edx=7 Edi=7728E8E8 Esi=3 Ebp=303E2A4 Esp=303E2A0 Eip=76E85E21

ADDR: 76E85E28 CODE: 7207 jb 0x76e85e31
Eax=A Ebx=11 Ecx=17 Edx=7 Edi=7728E8E8 Esi=3 Ebp=303E2A4 Esp=303E2A0 Eip=76E85E28

ADDR: 76E85F3C CODE: 770b ja 0x76e85f49
Eax=18 Ebx=11 Ecx=18 Edx=7 Edi=7728E8E8 Esi=17 Ebp=303E2A4 Esp=303E2A4 Eip=76E85F3C

ADDR: 76E7F379 CODE: 0f8315000000 jae 0x76e7f394
Eax=18 Ebx=11 Ecx=30 Edx=7 Edi=7728E8E8 Esi=17 Ebp=303E2A4 Esp=303E2A0 Eip=76E7F379

ADDR: 76E7F381 CODE: 7408 jz 0x76e7f38b
Eax=18 Ebx=11 Ecx=30 Edx=7 Edi=7728E8E8 Esi=17 Ebp=303E2A4 Esp=303E2A0 Eip=76E7F381

ADDR: 77C44CFF CODE: 0f8426e60500 jz 0x77ca332b
Eax=33D0000 Ebx=11 Ecx=30 Edx=7 Edi=7728E8E8 Esi=33D0000 Ebp=303E274 Esp=303E268 Eip=77C44CFF

ADDR: 77C44D11 CODE: 0f842be60500 jz 0x77ca3342
Eax=33D0000 Ebx=11 Ecx=33D0000 Edx=30 Edi=7728E8E8 Esi=33D0000 Ebp=303E274 Esp=303E268 Eip=77C44D11

ADDR: 77C44E6C CODE: 760c jbe 0x77c44e7a
Eax=0 Ebx=33D0000 Ecx=8 Edx=30 Edi=30 Esi=33D0000 Ebp=303E258 Esp=303E1E0 Eip=77C44E6C

ADDR: 77C44E9D CODE: 742b jz 0x77c44eca
Eax=0 Ebx=33D0000 Ecx=0 Edx=0 Edi=30 Esi=33D0000 Ebp=303E258 Esp=303E1E0 Eip=77C44E9D

ADDR: 77C44ED5 CODE: 7445 jz 0x77c44f1c
Eax=0 Ebx=33D0000 Ecx=8 Edx=0 Edi=30 Esi=0 Ebp=303E258 Esp=303E1E0 Eip=77C44ED5

ADDR: 77C44F4B CODE: 0f87f5090000 ja 0x77c45946
Eax=30 Ebx=33D0000 Ecx=8 Edx=7 Edi=30 Esi=38 Ebp=303E258 Esp=303E1E0 Eip=77C44F4B

ADDR: 77C44F6F CODE: 0f84ce090000 jz 0x77c45943
Eax=80 Ebx=33D0000 Ecx=7 Edx=FC Edi=30 Esi=38 Ebp=303E258 Esp=303E1E0 Eip=77C44F6F

ADDR: 77C44FAE CODE: 744c jz 0x77c44ffc
Eax=33D2600 Ebx=31601D4 Ecx=0 Edx=3160000 Edi=30 Esi=38 Ebp=303E258 Esp=303E1E0 Eip=77C44FAE

ADDR: 77C45057 CODE: 0f84bb010000 jz 0x77c45218
Eax=33D5B90 Ebx=31601D4 Ecx=3160A30 Edx=3160000 Edi=30 Esi=38 Ebp=303E258 Esp=303E1E0 Eip=77C45057

ADDR: 77C45077 CODE: 797c jns 0x77c450f5
Eax=9 Ebx=33D5BA0 Ecx=31607D0 Edx=3160000 Edi=3160000 Esi=38 Ebp=303E258 Esp=303E1E0 Eip=77C45077

ADDR: 77C45118 CODE: 0f84c7000000 jz 0x77c451e5
Eax=9 Ebx=33D5BA0 Ecx=31607D0 Edx=0 Edi=64 Esi=90012 Ebp=303E258 Esp=303E1E0 Eip=77C45118

ADDR: 77C4512E CODE: 740a jz 0x77c4513a
Eax=90012 Ebx=33D5BA0 Ecx=80090012 Edx=0 Edi=64 Esi=90012 Ebp=303E258 Esp=303E1E0 Eip=77C4512E

ADDR: 77C4513D CODE: 0f84a2000000 jz 0x77c451e5
Eax=90012 Ebx=33D5BA0 Ecx=80090012 Edx=0 Edi=64 Esi=90012 Ebp=303E258 Esp=303E1E0 Eip=77C4513D

ADDR: 77C4514E CODE: 0f848f000000 jz 0x77c451e3
Eax=33E61D0 Ebx=33D5BA0 Ecx=33D5B90 Edx=0 Edi=64 Esi=90012 Ebp=303E258 Esp=303E1E0 Eip=77C4514E

ADDR: 77C45162 CODE: 747f jz 0x77c451e3
Eax=3160A30 Ebx=33D5BA0 Ecx=33D5B90 Edx=0 Edi=64 Esi=90012 Ebp=303E258 Esp=303E1E0 Eip=77C45162

ADDR: 77C65F14 CODE: 741a jz 0x77c65f30
Eax=2E Ebx=33D5BA0 Ecx=EB Edx=2EEB Edi=EB Esi=2E98000 Ebp=303E1D8 Esp=303E1CC Eip=77C65F14

ADDR: 77C9545A CODE: 730d jae 0x77c95469
Eax=33E61E4 Ebx=33D5BA0 Ecx=33E61EC Edx=9 Edi=FFFFFFFF Esi=23 Ebp=303E1D0 Esp=303E1C0 Eip=77C9545A

ADDR: 77C954A7 CODE: 7313 jae 0x77c954bc
Eax=33E61F0 Ebx=F830F31D Ecx=20 Edx=33E61EC Edi=FFFFFFFF Esi=7 Ebp=303E1D0 Esp=303E1C0 Eip=77C954A7

ADDR: 77C451C3 CODE: 7422 jz 0x77c451e7
Eax=33E6358 Ebx=33D5BA0 Ecx=380028 Edx=33E61D0 Edi=7 Esi=33E6380 Ebp=303E258 Esp=303E1E0 Eip=77C451C3

ADDR: 77C451EB CODE: 7420 jz 0x77c4520d
Eax=33E6358 Ebx=33D5BA0 Ecx=380028 Edx=33E61D0 Edi=7 Esi=33E6380 Ebp=303E258 Esp=303E1E0 Eip=77C451EB

ADDR: 77C45CAD CODE: 7412 jz 0x77c45cc1
Eax=33E6358 Ebx=33D5BA0 Ecx=380028 Edx=33E61D0 Edi=33E6388 Esi=33E6380 Ebp=303E258 Esp=303E1E0 Eip=77C45CAD

ADDR: 77C7B3CA CODE: 744f jz 0x77c7b41b
Eax=30 Ebx=33D5BA0 Ecx=33E6388 Edx=30 Edi=33E6388 Esi=33E6380 Ebp=303E258 Esp=303E1D0 Eip=77C7B3CA

ADDR: 77C7B3D8 CODE: 7231 jb 0x77c7b40b
Eax=0 Ebx=33D5BA0 Ecx=33E6388 Edx=30 Edi=33E6388 Esi=33E6380 Ebp=303E258 Esp=303E1CC Eip=77C7B3D8

ADDR: 77C7B3DF CODE: 740c jz 0x77c7b3ed
Eax=0 Ebx=33D5BA0 Ecx=0 Edx=30 Edi=33E6388 Esi=33E6380 Ebp=303E258 Esp=303E1CC Eip=77C7B3DF

ADDR: 77C7B403 CODE: 7406 jz 0x77c7b40b
Eax=0 Ebx=33D5BA0 Ecx=C Edx=0 Edi=33E6388 Esi=33E6380 Ebp=303E258 Esp=303E1CC Eip=77C7B403

ADDR: 77C7B409 CODE: 740a jz 0x77c7b415
Eax=0 Ebx=33D5BA0 Ecx=0 Edx=0 Edi=33E63B8 Esi=33E6380 Ebp=303E258 Esp=303E1CC Eip=77C7B409

ADDR: 77C45CD2 CODE: 7308 jae 0x77c45cdc
Eax=7 Ebx=33D5BA0 Ecx=30 Edx=8 Edi=33E6388 Esi=33E6380 Ebp=303E258 Esp=303E1E0 Eip=77C45CD2

ADDR: 77C45D1D CODE: 0f8474000000 jz 0x77c45d97
Eax=7 Ebx=33D0000 Ecx=30 Edx=0 Edi=33E6388 Esi=33E6380 Ebp=303E258 Esp=303E1E0 Eip=77C45D1D

ADDR: 77C45DA5 CODE: 7415 jz 0x77c45dbc
Eax=0 Ebx=33D0000 Ecx=8 Edx=0 Edi=33E6388 Esi=33E6380 Ebp=303E258 Esp=303E1E0 Eip=77C45DA5

ADDR: 77C45DC4 CODE: 0f8492000000 jz 0x77c45e5c
Eax=7FFE0380 Ebx=33D0000 Ecx=8 Edx=0 Edi=33E6388 Esi=33E6380 Ebp=303E258 Esp=303E1E0 Eip=77C45DC4

ADDR: 77C45E63 CODE: 743b jz 0x77c45ea0
Eax=0 Ebx=33D0000 Ecx=8 Edx=0 Edi=33E6388 Esi=33E6380 Ebp=303E258 Esp=303E1E0 Eip=77C45E63

ADDR: 76E4AFCC CODE: 7404 jz 0x76e4afd2
Eax=33E6388 Ebx=11 Ecx=8 Edx=0 Edi=7728E8E8 Esi=17 Ebp=303E294 Esp=303E288 Eip=76E4AFCC

ADDR: 77B16586 CODE: 7608 jbe 0x77b16590
Eax=76D44BE2 Ebx=11 Ecx=22 Edx=22 Edi=33E6388 Esi=76D44BC0 Ebp=303E2C8 Esp=303E298 Eip=77B16586

ADDR: 77B16593 CODE: 0f82d2040000 jb 0x77b16a6b
Eax=76D44BE2 Ebx=11 Ecx=22 Edx=22 Edi=33E6388 Esi=76D44BC0 Ebp=303E2C8 Esp=303E298 Eip=77B16593

ADDR: 77B1659F CODE: 7313 jae 0x77b165b4
Eax=76D44BE2 Ebx=11 Ecx=22 Edx=22 Edi=33E6388 Esi=76D44BC0 Ebp=303E2C8 Esp=303E298 Eip=77B1659F

ADDR: 77B165A9 CODE: 0f828e040000 jb 0x77b16a3d
Eax=76D44BE2 Ebx=11 Ecx=22 Edx=22 Edi=33E6388 Esi=76D44BC0 Ebp=303E2C8 Esp=303E298 Eip=77B165A9

ADDR: 77B16A3F CODE: 745f jz 0x77b16aa0
Eax=76D44BE2 Ebx=11 Ecx=22 Edx=22 Edi=33E6388 Esi=76D44BC0 Ebp=303E2C8 Esp=303E298 Eip=77B16A3F

ADDR: 77B16A48 CODE: 7421 jz 0x77b16a6b
Eax=76D44BE2 Ebx=11 Ecx=22 Edx=1 Edi=33E6388 Esi=76D44BC0 Ebp=303E2C8 Esp=303E298 Eip=77B16A48

ADDR: 77B16A6E CODE: 7430 jz 0x77b16aa0
Eax=76D44BE2 Ebx=11 Ecx=2 Edx=0 Edi=33E63A8 Esi=76D44BE0 Ebp=303E2C8 Esp=303E298 Eip=77B16A6E

ADDR: 77B16A75 CODE: 740f jz 0x77b16a86
Eax=2 Ebx=11 Ecx=0 Edx=0 Edi=33E63A8 Esi=76D44BE0 Ebp=303E2C8 Esp=303E298 Eip=77B16A75

ADDR: 77B16A8B CODE: 7413 jz 0x77b16aa0
Eax=2 Ebx=11 Ecx=2 Edx=0 Edi=33E63A8 Esi=76D44BE0 Ebp=303E2C8 Esp=303E298 Eip=77B16A8B

ADDR: 76E82B91 CODE: 720e jb 0x76e82ba1
Eax=0 Ebx=33E6388 Ecx=0 Edx=7 Edi=7728E8E8 Esi=76D44BC2 Ebp=303E2C8 Esp=303E2B4 Eip=76E82B91

ADDR: 76E86074 CODE: 7728 ja 0x76e8609e
Eax=0 Ebx=7728E900 Ecx=7728E900 Edx=8 Edi=76D92F00 Esi=76D44BE6 Ebp=303E2E4 Esp=303E2DC Eip=76E86074

ADDR: 76E82B4A CODE: 775f ja 0x76e82bab
Eax=76D44BE4 Ebx=8 Ecx=7FFFFFFE Edx=8 Edi=7728E900 Esi=76D44BE6 Ebp=303E2C8 Esp=303E2B4 Eip=76E82B4A

ADDR: 76E85E14 CODE: 7718 ja 0x76e85e2e
Eax=7 Ebx=8 Ecx=F Edx=7 Edi=7728E900 Esi=76D44BE6 Ebp=303E2A4 Esp=303E2A0 Eip=76E85E14

ADDR: 76E85E21 CODE: 770b ja 0x76e85e2e
Eax=7FFFFFFB Ebx=8 Ecx=F Edx=7 Edi=7728E900 Esi=3 Ebp=303E2A4 Esp=303E2A0 Eip=76E85E21

ADDR: 76E85E28 CODE: 7207 jb 0x76e85e31
Eax=A Ebx=8 Ecx=F Edx=7 Edi=7728E900 Esi=3 Ebp=303E2A4 Esp=303E2A0 Eip=76E85E28

ADDR: 76E85F3C CODE: 770b ja 0x76e85f49
Eax=10 Ebx=8 Ecx=10 Edx=7 Edi=7728E900 Esi=F Ebp=303E2A4 Esp=303E2A4 Eip=76E85F3C

ADDR: 76E7F379 CODE: 0f8315000000 jae 0x76e7f394
Eax=10 Ebx=8 Ecx=20 Edx=7 Edi=7728E900 Esi=F Ebp=303E2A4 Esp=303E2A0 Eip=76E7F379

ADDR: 76E7F381 CODE: 7408 jz 0x76e7f38b
Eax=10 Ebx=8 Ecx=20 Edx=7 Edi=7728E900 Esi=F Ebp=303E2A4 Esp=303E2A0 Eip=76E7F381

ADDR: 77C44CFF CODE: 0f8426e60500 jz 0x77ca332b
Eax=33D0000 Ebx=8 Ecx=20 Edx=7 Edi=7728E900 Esi=33D0000 Ebp=303E274 Esp=303E268 Eip=77C44CFF

ADDR: 77C44D11 CODE: 0f842be60500 jz 0x77ca3342
Eax=33D0000 Ebx=8 Ecx=33D0000 Edx=20 Edi=7728E900 Esi=33D0000 Ebp=303E274 Esp=303E268 Eip=77C44D11

ADDR: 77C44E6C CODE: 760c jbe 0x77c44e7a
Eax=0 Ebx=33D0000 Ecx=8 Edx=20 Edi=20 Esi=33D0000 Ebp=303E258 Esp=303E1E0 Eip=77C44E6C

ADDR: 77C44E9D CODE: 742b jz 0x77c44eca
Eax=0 Ebx=33D0000 Ecx=0 Edx=0 Edi=20 Esi=33D0000 Ebp=303E258 Esp=303E1E0 Eip=77C44E9D

ADDR: 77C44ED5 CODE: 7445 jz 0x77c44f1c
Eax=0 Ebx=33D0000 Ecx=8 Edx=0 Edi=20 Esi=0 Ebp=303E258 Esp=303E1E0 Eip=77C44ED5

ADDR: 77C44F4B CODE: 0f87f5090000 ja 0x77c45946
Eax=20 Ebx=33D0000 Ecx=8 Edx=5 Edi=20 Esi=28 Ebp=303E258 Esp=303E1E0 Eip=77C44F4B

ADDR: 77C44F6F CODE: 0f84ce090000 jz 0x77c45943
Eax=20 Ebx=33D0000 Ecx=5 Edx=FC Edi=20 Esi=28 Ebp=303E258 Esp=303E1E0 Eip=77C44F6F

ADDR: 77C44FAE CODE: 744c jz 0x77c44ffc
Eax=33D2600 Ebx=31601CC Ecx=0 Edx=3160000 Edi=20 Esi=28 Ebp=303E258 Esp=303E1E0 Eip=77C44FAE

ADDR: 77C45057 CODE: 0f84bb010000 jz 0x77c45218
Eax=33D5B18 Ebx=31601CC Ecx=3160B68 Edx=3160000 Edi=20 Esi=28 Ebp=303E258 Esp=303E1E0 Eip=77C45057

ADDR: 77C45077 CODE: 797c jns 0x77c450f5
Eax=6 Ebx=33D5B28 Ecx=31607D0 Edx=3160000 Edi=3160000 Esi=28 Ebp=303E258 Esp=303E1E0 Eip=77C45077

ADDR: 77C45118 CODE: 0f84c7000000 jz 0x77c451e5
Eax=6 Ebx=33D5B28 Ecx=31607D0 Edx=0 Edi=64 Esi=60007 Ebp=303E258 Esp=303E1E0 Eip=77C45118

ADDR: 77C4512E CODE: 740a jz 0x77c4513a
Eax=60007 Ebx=33D5B28 Ecx=80060007 Edx=0 Edi=64 Esi=60007 Ebp=303E258 Esp=303E1E0 Eip=77C4512E

ADDR: 77C4513D CODE: 0f84a2000000 jz 0x77c451e5
Eax=60007 Ebx=33D5B28 Ecx=80060007 Edx=0 Edi=64 Esi=60007 Ebp=303E258 Esp=303E1E0 Eip=77C4513D

ADDR: 77C4514E CODE: 0f848f000000 jz 0x77c451e3
Eax=33E2620 Ebx=33D5B28 Ecx=33D5B18 Edx=0 Edi=64 Esi=60007 Ebp=303E258 Esp=303E1E0 Eip=77C4514E

ADDR: 77C45162 CODE: 747f jz 0x77c451e3
Eax=3160B68 Ebx=33D5B28 Ecx=33D5B18 Edx=0 Edi=64 Esi=60007 Ebp=303E258 Esp=303E1E0 Eip=77C45162

ADDR: 77C65F14 CODE: 741a jz 0x77c65f30
Eax=2E Ebx=33D5B28 Ecx=EC Edx=2EEC Edi=EC Esi=2E98000 Ebp=303E1D8 Esp=303E1CC Eip=77C65F14

ADDR: 77C9545A CODE: 730d jae 0x77c95469
Eax=33E2634 Ebx=33D5B28 Ecx=33E263C Edx=6 Edi=FFFFFFFF Esi=18 Ebp=303E1D0 Esp=303E1C0 Eip=77C9545A

ADDR: 77C95463 CODE: 7334 jae 0x77c95499
Eax=33E2634 Ebx=33D5B28 Ecx=20 Edx=33E263C Edi=FFFFFFFF Esi=18 Ebp=303E1D0 Esp=303E1C0 Eip=77C95463

ADDR: 77C954A7 CODE: 7313 jae 0x77c954bc
Eax=33E2634 Ebx=FFFFF343 Ecx=18 Edx=33E263C Edi=FFFFFFFF Esi=F Ebp=303E1D0 Esp=303E1C0 Eip=77C954A7

ADDR: 77C451C3 CODE: 7422 jz 0x77c451e7
Eax=33E2670 Ebx=33D5B28 Ecx=280020 Edx=33E2620 Edi=2 Esi=33E2690 Ebp=303E258 Esp=303E1E0 Eip=77C451C3

ADDR: 77C451EB CODE: 7420 jz 0x77c4520d
Eax=33E2670 Ebx=33D5B28 Ecx=280020 Edx=33E2620 Edi=2 Esi=33E2690 Ebp=303E258 Esp=303E1E0 Eip=77C451EB

ADDR: 77C45CAD CODE: 7412 jz 0x77c45cc1
Eax=33E2670 Ebx=33D5B28 Ecx=280020 Edx=33E2620 Edi=33E2698 Esi=33E2690 Ebp=303E258 Esp=303E1E0 Eip=77C45CAD

ADDR: 77C7B3CA CODE: 744f jz 0x77c7b41b
Eax=20 Ebx=33D5B28 Ecx=33E2698 Edx=20 Edi=33E2698 Esi=33E2690 Ebp=303E258 Esp=303E1D0 Eip=77C7B3CA

ADDR: 77C7B3D8 CODE: 7231 jb 0x77c7b40b
Eax=0 Ebx=33D5B28 Ecx=33E2698 Edx=20 Edi=33E2698 Esi=33E2690 Ebp=303E258 Esp=303E1CC Eip=77C7B3D8

ADDR: 77C7B3DF CODE: 740c jz 0x77c7b3ed
Eax=0 Ebx=33D5B28 Ecx=0 Edx=20 Edi=33E2698 Esi=33E2690 Ebp=303E258 Esp=303E1CC Eip=77C7B3DF

ADDR: 77C7B403 CODE: 7406 jz 0x77c7b40b
Eax=0 Ebx=33D5B28 Ecx=8 Edx=0 Edi=33E2698 Esi=33E2690 Ebp=303E258 Esp=303E1CC Eip=77C7B403

ADDR: 77C7B409 CODE: 740a jz 0x77c7b415
Eax=0 Ebx=33D5B28 Ecx=0 Edx=0 Edi=33E26B8 Esi=33E2690 Ebp=303E258 Esp=303E1CC Eip=77C7B409

ADDR: 77C45CD2 CODE: 7308 jae 0x77c45cdc
Eax=5 Ebx=33D5B28 Ecx=20 Edx=8 Edi=33E2698 Esi=33E2690 Ebp=303E258 Esp=303E1E0 Eip=77C45CD2

ADDR: 77C45D1D CODE: 0f8474000000 jz 0x77c45d97
Eax=5 Ebx=33D0000 Ecx=20 Edx=0 Edi=33E2698 Esi=33E2690 Ebp=303E258 Esp=303E1E0 Eip=77C45D1D

ADDR: 77C45DA5 CODE: 7415 jz 0x77c45dbc
Eax=0 Ebx=33D0000 Ecx=8 Edx=0 Edi=33E2698 Esi=33E2690 Ebp=303E258 Esp=303E1E0 Eip=77C45DA5

ADDR: 77C45DC4 CODE: 0f8492000000 jz 0x77c45e5c
Eax=7FFE0380 Ebx=33D0000 Ecx=8 Edx=0 Edi=33E2698 Esi=33E2690 Ebp=303E258 Esp=303E1E0 Eip=77C45DC4

ADDR: 77C45E63 CODE: 743b jz 0x77c45ea0
Eax=0 Ebx=33D0000 Ecx=8 Edx=0 Edi=33E2698 Esi=33E2690 Ebp=303E258 Esp=303E1E0 Eip=77C45E63

ADDR: 76E4AFCC CODE: 7404 jz 0x76e4afd2
Eax=33E2698 Ebx=8 Ecx=8 Edx=0 Edi=7728E900 Esi=F Ebp=303E294 Esp=303E288 Eip=76E4AFCC

ADDR: 77B16586 CODE: 7608 jbe 0x77b16590
Eax=76D44BF4 Ebx=8 Ecx=10 Edx=10 Edi=33E2698 Esi=76D44BE4 Ebp=303E2C8 Esp=303E298 Eip=77B16586

ADDR: 77B16593 CODE: 0f82d2040000 jb 0x77b16a6b
Eax=76D44BF4 Ebx=8 Ecx=10 Edx=10 Edi=33E2698 Esi=76D44BE4 Ebp=303E2C8 Esp=303E298 Eip=77B16593

ADDR: 77B16A6E CODE: 7430 jz 0x77b16aa0
Eax=76D44BF4 Ebx=8 Ecx=10 Edx=10 Edi=33E2698 Esi=76D44BE4 Ebp=303E2C8 Esp=303E298 Eip=77B16A6E

ADDR: 77B16A75 CODE: 740f jz 0x77b16a86
Eax=10 Ebx=8 Ecx=4 Edx=10 Edi=33E2698 Esi=76D44BE4 Ebp=303E2C8 Esp=303E298 Eip=77B16A75

ADDR: 77B16A8B CODE: 7413 jz 0x77b16aa0
Eax=10 Ebx=8 Ecx=0 Edx=730050 Edi=33E26A8 Esi=76D44BF4 Ebp=303E2C8 Esp=303E298 Eip=77B16A8B

ADDR: 76E82B91 CODE: 720e jb 0x76e82ba1
Eax=0 Ebx=33E2698 Ecx=0 Edx=7 Edi=7728E900 Esi=76D44BE6 Ebp=303E2C8 Esp=303E2B4 Eip=76E82B91

ADDR: 77AD95B4 CODE: 7458 jz 0x77ad960e
Eax=BEA71F01 Ebx=76D1B498 Ecx=14 Edx=7728C8DC Edi=2 Esi=77915A70 Ebp=303E2B0 Esp=303E298 Eip=77AD95B4

ADDR: 77C98DEB CODE: 730a jae 0x77c98df7
Eax=EF22B4E Ebx=76D1B498 Ecx=77915A70 Edx=404000 Edi=2 Esi=77915A70 Ebp=303E2B0 Esp=303E28C Eip=77C98DEB

ADDR: 77C909B7 CODE: 747f jz 0x77c90a38
Eax=2 Ebx=2E98FB4 Ecx=77915A70 Edx=2E98FB4 Edi=2 Esi=77915A70 Ebp=303E264 Esp=303E258 Eip=77C909B7

ADDR: 77C909BE CODE: 7378 jae 0x77c90a38
Eax=2 Ebx=2E98FB4 Ecx=77915A70 Edx=2E98FB4 Edi=2 Esi=77915A70 Ebp=303E264 Esp=303E258 Eip=77C909BE

ADDR: 77915A83 CODE: 790d jns 0x77915a92
Eax=0 Ebx=76D1B498 Ecx=33DA3C8 Edx=0 Edi=2 Esi=77915A70 Ebp=303E288 Esp=303E288 Eip=77915A83

ADDR: 77AD90DC CODE: 7454 jz 0x77ad9132
Eax=13A71F14 Ebx=76D1B498 Ecx=14 Edx=0 Edi=2 Esi=779000A0 Ebp=303E2FC Esp=303E2A0 Eip=77AD90DC

ADDR: 77C98DEB CODE: 730a jae 0x77c98df7
Eax=EF20014 Ebx=76D1B498 Ecx=779000A0 Edx=104000 Edi=2 Esi=779000A0 Ebp=303E2FC Esp=303E298 Eip=77C98DEB

ADDR: 77C8C686 CODE: 743c jz 0x77c8c6c4
Eax=2 Ebx=76D1B498 Ecx=33DA3C0 Edx=104000 Edi=2 Esi=2E98000 Ebp=303E27C Esp=303E27C Eip=77C8C686

ADDR: 77C8C68D CODE: 7335 jae 0x77c8c6c4
Eax=2 Ebx=76D1B498 Ecx=33DA3C0 Edx=104000 Edi=2 Esi=2E98000 Ebp=303E27C Esp=303E27C Eip=77C8C68D

ADDR: 77C8C6AC CODE: 740c jz 0x77c8c6ba
Eax=33DCAA0 Ebx=76D1B498 Ecx=33DA3C0 Edx=0 Edi=2 Esi=2 Ebp=303E27C Esp=303E278 Eip=77C8C6AC

ADDR: 77C8C6B4 CODE: 7404 jz 0x77c8c6ba
Eax=33DCAAC Ebx=76D1B498 Ecx=33DA3C0 Edx=0 Edi=2 Esi=2 Ebp=303E27C Esp=303E278 Eip=77C8C6B4

ADDR: 779000BD CODE: 791c jns 0x779000db
Eax=0 Ebx=76D1B498 Ecx=303E290 Edx=0 Edi=2 Esi=2E98000 Ebp=303E294 Esp=303E28C Eip=779000BD

ADDR: 77C4E69A CODE: 7315 jae 0x77c4e6b1
Eax=77BB5C1C Ebx=76D1B498 Ecx=77BB5C18 Edx=2E98000 Edi=76D92F00 Esi=7728C8DC Ebp=303E26C Esp=303E268 Eip=77C4E69A

ADDR: 77AD97A6 CODE: 0f8454720500 jz 0x77b30a00
Eax=303E2DC Ebx=7728C8DC Ecx=303E2C8 Edx=2E98000 Edi=76D92F00 Esi=7728C8DC Ebp=303E270 Esp=303E250 Eip=77AD97A6

ADDR: 77AD97D3 CODE: 7479 jz 0x77ad984e
Eax=303E2DC Ebx=33EE480 Ecx=14 Edx=19A06614 Edi=33EE280 Esi=33EE3CC Ebp=303E270 Esp=303E250 Eip=77AD97D3

ADDR: 77C47B53 CODE: 746e jz 0x77c47bc3
Eax=FFFFFFFE Ebx=77BB5C18 Ecx=FFFFFFFF Edx=19A06614 Edi=77BB5C1C Esi=FFFFFFFE Ebp=303E268 Esp=303E254 Eip=77C47B53

ADDR: 77AD94A4 CODE: 7458 jz 0x77ad94fe
Eax=BEA71F01 Ebx=76D1B498 Ecx=14 Edx=19A06614 Edi=2 Esi=77915A70 Ebp=303E2AC Esp=303E294 Eip=77AD94A4

ADDR: 77C98DEB CODE: 730a jae 0x77c98df7
Eax=EF22B4E Ebx=76D1B498 Ecx=77915A70 Edx=404000 Edi=2 Esi=77915A70 Ebp=303E2AC Esp=303E288 Eip=77C98DEB

ADDR: 77C909B7 CODE: 747f jz 0x77c90a38
Eax=2 Ebx=2E98FB4 Ecx=77915A70 Edx=2E98FB4 Edi=2 Esi=77915A70 Ebp=303E260 Esp=303E254 Eip=77C909B7

ADDR: 77C909BE CODE: 7378 jae 0x77c90a38
Eax=2 Ebx=2E98FB4 Ecx=77915A70 Edx=2E98FB4 Edi=2 Esi=77915A70 Ebp=303E260 Esp=303E254 Eip=77C909BE

ADDR: 77915A83 CODE: 790d jns 0x77915a92
Eax=0 Ebx=76D1B498 Ecx=33DA3C8 Edx=0 Edi=2 Esi=77915A70 Ebp=303E284 Esp=303E284 Eip=77915A83

ADDR: 77AE2C46 CODE: 740a jz 0x77ae2c52
Eax=0 Ebx=76D1B498 Ecx=76D92F3E Edx=0 Edi=76D92F50 Esi=76D1B33C Ebp=303E360 Esp=303E354 Eip=77AE2C46

ADDR: 77C98DEB CODE: 730a jae 0x77c98df7
Eax=EDB25EA Ebx=76D1B498 Ecx=76D92F50 Edx=44444401 Edi=76D92F50 Esi=76D1B33C Ebp=303E360 Esp=303E350 Eip=77C98DEB

ADDR: 77AD95B4 CODE: 7458 jz 0x77ad960e
Eax=BEA71F01 Ebx=76D1B498 Ecx=14 Edx=7728C8DC Edi=2 Esi=77915A70 Ebp=303E2D0 Esp=303E2B8 Eip=77AD95B4

ADDR: 77C98DEB CODE: 730a jae 0x77c98df7
Eax=EF22B4E Ebx=76D1B498 Ecx=77915A70 Edx=404000 Edi=2 Esi=77915A70 Ebp=303E2D0 Esp=303E2AC Eip=77C98DEB

ADDR: 77C909B7 CODE: 747f jz 0x77c90a38
Eax=2 Ebx=2E98FB4 Ecx=77915A70 Edx=2E98FB4 Edi=2 Esi=77915A70 Ebp=303E284 Esp=303E278 Eip=77C909B7

ADDR: 77C909BE CODE: 7378 jae 0x77c90a38
Eax=2 Ebx=2E98FB4 Ecx=77915A70 Edx=2E98FB4 Edi=2 Esi=77915A70 Ebp=303E284 Esp=303E278 Eip=77C909BE

ADDR: 77915A83 CODE: 790d jns 0x77915a92
Eax=0 Ebx=76D1B498 Ecx=33DA3C8 Edx=0 Edi=2 Esi=77915A70 Ebp=303E2A8 Esp=303E2A8 Eip=77915A83

ADDR: 77AD90DC CODE: 7454 jz 0x77ad9132
Eax=13A71F14 Ebx=76D1B498 Ecx=14 Edx=0 Edi=2 Esi=779000A0 Ebp=303E31C Esp=303E2C0 Eip=77AD90DC

ADDR: 77C98DEB CODE: 730a jae 0x77c98df7
Eax=EF20014 Ebx=76D1B498 Ecx=779000A0 Edx=104000 Edi=2 Esi=779000A0 Ebp=303E31C Esp=303E2B8 Eip=77C98DEB

ADDR: 77C8C686 CODE: 743c jz 0x77c8c6c4
Eax=2 Ebx=76D1B498 Ecx=33DA3C0 Edx=104000 Edi=2 Esi=2E98000 Ebp=303E29C Esp=303E29C Eip=77C8C686

ADDR: 77C8C68D CODE: 7335 jae 0x77c8c6c4
Eax=2 Ebx=76D1B498 Ecx=33DA3C0 Edx=104000 Edi=2 Esi=2E98000 Ebp=303E29C Esp=303E29C Eip=77C8C68D

ADDR: 77C8C6AC CODE: 740c jz 0x77c8c6ba
Eax=33DCAA0 Ebx=76D1B498 Ecx=33DA3C0 Edx=0 Edi=2 Esi=2 Ebp=303E29C Esp=303E298 Eip=77C8C6AC

ADDR: 77C8C6B4 CODE: 7404 jz 0x77c8c6ba
Eax=33DCAAC Ebx=76D1B498 Ecx=33DA3C0 Edx=0 Edi=2 Esi=2 Ebp=303E29C Esp=303E298 Eip=77C8C6B4

ADDR: 779000BD CODE: 791c jns 0x779000db
Eax=0 Ebx=76D1B498 Ecx=303E2B0 Edx=0 Edi=2 Esi=2E98000 Ebp=303E2B4 Esp=303E2AC Eip=779000BD

ADDR: 77C4E69A CODE: 7315 jae 0x77c4e6b1
Eax=77BB5C1C Ebx=76D1B498 Ecx=77BB5C18 Edx=2E98000 Edi=76D92F50 Esi=7728C8DC Ebp=303E28C Esp=303E288 Eip=77C4E69A

ADDR: 77AD97A6 CODE: 0f8454720500 jz 0x77b30a00
Eax=303E2FC Ebx=7728C8DC Ecx=303E2E8 Edx=2E98000 Edi=76D92F50 Esi=7728C8DC Ebp=303E290 Esp=303E270 Eip=77AD97A6

ADDR: 77AD97D3 CODE: 7479 jz 0x77ad984e
Eax=303E2FC Ebx=33EE480 Ecx=14 Edx=19A06614 Edi=33EE280 Esi=33EE3D0 Ebp=303E290 Esp=303E270 Eip=77AD97D3

ADDR: 77C47B53 CODE: 746e jz 0x77c47bc3
Eax=FFFFFFFE Ebx=77BB5C18 Ecx=FFFFFFFF Edx=19A06614 Edi=77BB5C1C Esi=FFFFFFFE Ebp=303E288 Esp=303E274 Eip=77C47B53

ADDR: 77AD94A4 CODE: 7458 jz 0x77ad94fe
Eax=BEA71F01 Ebx=76D1B498 Ecx=14 Edx=19A06614 Edi=2 Esi=77915A70 Ebp=303E2CC Esp=303E2B4 Eip=77AD94A4

ADDR: 77C98DEB CODE: 730a jae 0x77c98df7
Eax=EF22B4E Ebx=76D1B498 Ecx=77915A70 Edx=404000 Edi=2 Esi=77915A70 Ebp=303E2CC Esp=303E2A8 Eip=77C98DEB

ADDR: 77C909B7 CODE: 747f jz 0x77c90a38
Eax=2 Ebx=2E98FB4 Ecx=77915A70 Edx=2E98FB4 Edi=2 Esi=77915A70 Ebp=303E280 Esp=303E274 Eip=77C909B7

ADDR: 77C909BE CODE: 7378 jae 0x77c90a38
Eax=2 Ebx=2E98FB4 Ecx=77915A70 Edx=2E98FB4 Edi=2 Esi=77915A70 Ebp=303E280 Esp=303E274 Eip=77C909BE

ADDR: 77915A83 CODE: 790d jns 0x77915a92
Eax=0 Ebx=76D1B498 Ecx=33DA3C8 Edx=0 Edi=2 Esi=77915A70 Ebp=303E2A4 Esp=303E2A4 Eip=77915A83

ADDR: 77AE2C46 CODE: 740a jz 0x77ae2c52
Eax=0 Ebx=76D1B498 Ecx=76F1E8D0 Edx=0 Edi=76D92F70 Esi=76D1B340 Ebp=303E360 Esp=303E354 Eip=77AE2C46

ADDR: 77C98DEB CODE: 730a jae 0x77c98df7
Eax=EDB25EE Ebx=76D1B498 Ecx=76D92F70 Edx=44444401 Edi=76D92F70 Esi=76D1B340 Ebp=303E360 Esp=303E350 Eip=77C98DEB

ADDR: 77AD95B4 CODE: 7458 jz 0x77ad960e
Eax=BEA71F01 Ebx=76D1B498 Ecx=14 Edx=7728C8DC Edi=2 Esi=77915A70 Ebp=303E2D0 Esp=303E2B8 Eip=77AD95B4

ADDR: 77C98DEB CODE: 730a jae 0x77c98df7
Eax=EF22B4E Ebx=76D1B498 Ecx=77915A70 Edx=404000 Edi=2 Esi=77915A70 Ebp=303E2D0 Esp=303E2AC Eip=77C98DEB

ADDR: 77C909B7 CODE: 747f jz 0x77c90a38
Eax=2 Ebx=2E98FB4 Ecx=77915A70 Edx=2E98FB4 Edi=2 Esi=77915A70 Ebp=303E284 Esp=303E278 Eip=77C909B7

ADDR: 77C909BE CODE: 7378 jae 0x77c90a38
Eax=2 Ebx=2E98FB4 Ecx=77915A70 Edx=2E98FB4 Edi=2 Esi=77915A70 Ebp=303E284 Esp=303E278 Eip=77C909BE

ADDR: 77915A83 CODE: 790d jns 0x77915a92
Eax=0 Ebx=76D1B498 Ecx=33DA3C8 Edx=0 Edi=2 Esi=77915A70 Ebp=303E2A8 Esp=303E2A8 Eip=77915A83

ADDR: 77AD90DC CODE: 7454 jz 0x77ad9132
Eax=13A71F14 Ebx=76D1B498 Ecx=14 Edx=0 Edi=2 Esi=779000A0 Ebp=303E31C Esp=303E2C0 Eip=77AD90DC

ADDR: 77C98DEB CODE: 730a jae 0x77c98df7
Eax=EF20014 Ebx=76D1B498 Ecx=779000A0 Edx=104000 Edi=2 Esi=779000A0 Ebp=303E31C Esp=303E2B8 Eip=77C98DEB

ADDR: 77C8C686 CODE: 743c jz 0x77c8c6c4
Eax=2 Ebx=76D1B498 Ecx=33DA3C0 Edx=104000 Edi=2 Esi=2E98000 Ebp=303E29C Esp=303E29C Eip=77C8C686

ADDR: 77C8C68D CODE: 7335 jae 0x77c8c6c4
Eax=2 Ebx=76D1B498 Ecx=33DA3C0 Edx=104000 Edi=2 Esi=2E98000 Ebp=303E29C Esp=303E29C Eip=77C8C68D

ADDR: 77C8C6AC CODE: 740c jz 0x77c8c6ba
Eax=33DCAA0 Ebx=76D1B498 Ecx=33DA3C0 Edx=0 Edi=2 Esi=2 Ebp=303E29C Esp=303E298 Eip=77C8C6AC

ADDR: 77C8C6B4 CODE: 7404 jz 0x77c8c6ba
Eax=33DCAAC Ebx=76D1B498 Ecx=33DA3C0 Edx=0 Edi=2 Esi=2 Ebp=303E29C Esp=303E298 Eip=77C8C6B4

ADDR: 779000BD CODE: 791c jns 0x779000db
Eax=0 Ebx=76D1B498 Ecx=303E2B0 Edx=0 Edi=2 Esi=2E98000 Ebp=303E2B4 Esp=303E2AC Eip=779000BD

ADDR: 77C4E69A CODE: 7315 jae 0x77c4e6b1
Eax=77BB5C1C Ebx=76D1B498 Ecx=77BB5C18 Edx=2E98000 Edi=76D92F70 Esi=7728C8DC Ebp=303E28C Esp=303E288 Eip=77C4E69A

ADDR: 77AD97A6 CODE: 0f8454720500 jz 0x77b30a00
Eax=303E2FC Ebx=7728C8DC Ecx=303E2E8 Edx=2E98000 Edi=76D92F70 Esi=7728C8DC Ebp=303E290 Esp=303E270 Eip=77AD97A6

ADDR: 77AD97D3 CODE: 7479 jz 0x77ad984e
Eax=303E2FC Ebx=33EE480 Ecx=14 Edx=19A06614 Edi=33EE280 Esi=33EE3D4 Ebp=303E290 Esp=303E270 Eip=77AD97D3

ADDR: 77C47B53 CODE: 746e jz 0x77c47bc3
Eax=FFFFFFFE Ebx=77BB5C18 Ecx=FFFFFFFF Edx=19A06614 Edi=77BB5C1C Esi=FFFFFFFE Ebp=303E288 Esp=303E274 Eip=77C47B53

ADDR: 77AD94A4 CODE: 7458 jz 0x77ad94fe
Eax=BEA71F01 Ebx=76D1B498 Ecx=14 Edx=19A06614 Edi=2 Esi=77915A70 Ebp=303E2CC Esp=303E2B4 Eip=77AD94A4

ADDR: 77C98DEB CODE: 730a jae 0x77c98df7
Eax=EF22B4E Ebx=76D1B498 Ecx=77915A70 Edx=404000 Edi=2 Esi=77915A70 Ebp=303E2CC Esp=303E2A8 Eip=77C98DEB

ADDR: 77C909B7 CODE: 747f jz 0x77c90a38
Eax=2 Ebx=2E98FB4 Ecx=77915A70 Edx=2E98FB4 Edi=2 Esi=77915A70 Ebp=303E280 Esp=303E274 Eip=77C909B7

ADDR: 77C909BE CODE: 7378 jae 0x77c90a38
Eax=2 Ebx=2E98FB4 Ecx=77915A70 Edx=2E98FB4 Edi=2 Esi=77915A70 Ebp=303E280 Esp=303E274 Eip=77C909BE

ADDR: 77915A83 CODE: 790d jns 0x77915a92
Eax=0 Ebx=76D1B498 Ecx=33DA3C8 Edx=0 Edi=2 Esi=77915A70 Ebp=303E2A4 Esp=303E2A4 Eip=77915A83

ADDR: 77AE2C46 CODE: 740a jz 0x77ae2c52
Eax=0 Ebx=76D1B498 Ecx=76F1E8E0 Edx=0 Edi=76D92F90 Esi=76D1B344 Ebp=303E360 Esp=303E354 Eip=77AE2C46

ADDR: 77C98DEB CODE: 730a jae 0x77c98df7
Eax=EDB25F2 Ebx=76D1B498 Ecx=76D92F90 Edx=44444401 Edi=76D92F90 Esi=76D1B344 Ebp=303E360 Esp=303E350 Eip=77C98DEB

ADDR: 77AD95B4 CODE: 7458 jz 0x77ad960e
Eax=BEA71F01 Ebx=76D1B498 Ecx=14 Edx=7728C8DC Edi=2 Esi=77915A70 Ebp=303E2D0 Esp=303E2B8 Eip=77AD95B4

ADDR: 77C98DEB CODE: 730a jae 0x77c98df7
Eax=EF22B4E Ebx=76D1B498 Ecx=77915A70 Edx=404000 Edi=2 Esi=77915A70 Ebp=303E2D0 Esp=303E2AC Eip=77C98DEB

ADDR: 77C909B7 CODE: 747f jz 0x77c90a38
Eax=2 Ebx=2E98FB4 Ecx=77915A70 Edx=2E98FB4 Edi=2 Esi=77915A70 Ebp=303E284 Esp=303E278 Eip=77C909B7

ADDR: 77C909BE CODE: 7378 jae 0x77c90a38
Eax=2 Ebx=2E98FB4 Ecx=77915A70 Edx=2E98FB4 Edi=2 Esi=77915A70 Ebp=303E284 Esp=303E278 Eip=77C909BE

ADDR: 77915A83 CODE: 790d jns 0x77915a92
Eax=0 Ebx=76D1B498 Ecx=33DA3C8 Edx=0 Edi=2 Esi=77915A70 Ebp=303E2A8 Esp=303E2A8 Eip=77915A83

ADDR: 77AD90DC CODE: 7454 jz 0x77ad9132
Eax=13A71F14 Ebx=76D1B498 Ecx=14 Edx=0 Edi=2 Esi=779000A0 Ebp=303E31C Esp=303E2C0 Eip=77AD90DC

ADDR: 77C98DEB CODE: 730a jae 0x77c98df7
Eax=EF20014 Ebx=76D1B498 Ecx=779000A0 Edx=104000 Edi=2 Esi=779000A0 Ebp=303E31C Esp=303E2B8 Eip=77C98DEB

ADDR: 77C8C686 CODE: 743c jz 0x77c8c6c4
Eax=2 Ebx=76D1B498 Ecx=33DA3C0 Edx=104000 Edi=2 Esi=2E98000 Ebp=303E29C Esp=303E29C Eip=77C8C686

ADDR: 77C8C68D CODE: 7335 jae 0x77c8c6c4
Eax=2 Ebx=76D1B498 Ecx=33DA3C0 Edx=104000 Edi=2 Esi=2E98000 Ebp=303E29C Esp=303E29C Eip=77C8C68D

ADDR: 77C8C6AC CODE: 740c jz 0x77c8c6ba
Eax=33DCAA0 Ebx=76D1B498 Ecx=33DA3C0 Edx=0 Edi=2 Esi=2 Ebp=303E29C Esp=303E298 Eip=77C8C6AC

ADDR: 77C8C6B4 CODE: 7404 jz 0x77c8c6ba
Eax=33DCAAC Ebx=76D1B498 Ecx=33DA3C0 Edx=0 Edi=2 Esi=2 Ebp=303E29C Esp=303E298 Eip=77C8C6B4

ADDR: 779000BD CODE: 791c jns 0x779000db
Eax=0 Ebx=76D1B498 Ecx=303E2B0 Edx=0 Edi=2 Esi=2E98000 Ebp=303E2B4 Esp=303E2AC Eip=779000BD

ADDR: 77C4E69A CODE: 7315 jae 0x77c4e6b1
Eax=77BB5C1C Ebx=76D1B498 Ecx=77BB5C18 Edx=2E98000 Edi=76D92F90 Esi=7728C8DC Ebp=303E28C Esp=303E288 Eip=77C4E69A

ADDR: 77AD97A6 CODE: 0f8454720500 jz 0x77b30a00
Eax=303E2FC Ebx=7728C8DC Ecx=303E2E8 Edx=2E98000 Edi=76D92F90 Esi=7728C8DC Ebp=303E290 Esp=303E270 Eip=77AD97A6

ADDR: 77AD97D3 CODE: 7479 jz 0x77ad984e
Eax=303E2FC Ebx=33EE480 Ecx=14 Edx=19A06614 Edi=33EE280 Esi=33EE3D8 Ebp=303E290 Esp=303E270 Eip=77AD97D3

ADDR: 77C47B53 CODE: 746e jz 0x77c47bc3
Eax=FFFFFFFE Ebx=77BB5C18 Ecx=FFFFFFFF Edx=19A06614 Edi=77BB5C1C Esi=FFFFFFFE Ebp=303E288 Esp=303E274 Eip=77C47B53

ADDR: 77AD94A4 CODE: 7458 jz 0x77ad94fe
Eax=BEA71F01 Ebx=76D1B498 Ecx=14 Edx=19A06614 Edi=2 Esi=77915A70 Ebp=303E2CC Esp=303E2B4 Eip=77AD94A4

ADDR: 77C98DEB CODE: 730a jae 0x77c98df7
Eax=EF22B4E Ebx=76D1B498 Ecx=77915A70 Edx=404000 Edi=2 Esi=77915A70 Ebp=303E2CC Esp=303E2A8 Eip=77C98DEB

ADDR: 77C909B7 CODE: 747f jz 0x77c90a38
Eax=2 Ebx=2E98FB4 Ecx=77915A70 Edx=2E98FB4 Edi=2 Esi=77915A70 Ebp=303E280 Esp=303E274 Eip=77C909B7

ADDR: 77C909BE CODE: 7378 jae 0x77c90a38
Eax=2 Ebx=2E98FB4 Ecx=77915A70 Edx=2E98FB4 Edi=2 Esi=77915A70 Ebp=303E280 Esp=303E274 Eip=77C909BE

ADDR: 77915A83 CODE: 790d jns 0x77915a92
Eax=0 Ebx=76D1B498 Ecx=33DA3C8 Edx=0 Edi=2 Esi=77915A70 Ebp=303E2A4 Esp=303E2A4 Eip=77915A83

ADDR: 77AE2C46 CODE: 740a jz 0x77ae2c52
Eax=0 Ebx=76D1B498 Ecx=76F1E8F0 Edx=0 Edi=76D92FB0 Esi=76D1B348 Ebp=303E360 Esp=303E354 Eip=77AE2C46

ADDR: 77C98DEB CODE: 730a jae 0x77c98df7
Eax=EDB25F6 Ebx=76D1B498 Ecx=76D92FB0 Edx=44444401 Edi=76D92FB0 Esi=76D1B348 Ebp=303E360 Esp=303E350 Eip=77C98DEB

ADDR: 77AD95B4 CODE: 7458 jz 0x77ad960e
Eax=BEA71F01 Ebx=76D1B498 Ecx=14 Edx=7728C8DC Edi=2 Esi=77915A70 Ebp=303E2D0 Esp=303E2B8 Eip=77AD95B4

ADDR: 77C98DEB CODE: 730a jae 0x77c98df7
Eax=EF22B4E Ebx=76D1B498 Ecx=77915A70 Edx=404000 Edi=2 Esi=77915A70 Ebp=303E2D0 Esp=303E2AC Eip=77C98DEB

ADDR: 77C909B7 CODE: 747f jz 0x77c90a38
Eax=2 Ebx=2E98FB4 Ecx=77915A70 Edx=2E98FB4 Edi=2 Esi=77915A70 Ebp=303E284 Esp=303E278 Eip=77C909B7

ADDR: 77C909BE CODE: 7378 jae 0x77c90a38
Eax=2 Ebx=2E98FB4 Ecx=77915A70 Edx=2E98FB4 Edi=2 Esi=77915A70 Ebp=303E284 Esp=303E278 Eip=77C909BE

ADDR: 77915A83 CODE: 790d jns 0x77915a92
Eax=0 Ebx=76D1B498 Ecx=33DA3C8 Edx=0 Edi=2 Esi=77915A70 Ebp=303E2A8 Esp=303E2A8 Eip=77915A83

ADDR: 77AD90DC CODE: 7454 jz 0x77ad9132
Eax=13A71F14 Ebx=76D1B498 Ecx=14 Edx=0 Edi=2 Esi=779000A0 Ebp=303E31C Esp=303E2C0 Eip=77AD90DC

ADDR: 77C98DEB CODE: 730a jae 0x77c98df7
Eax=EF20014 Ebx=76D1B498 Ecx=779000A0 Edx=104000 Edi=2 Esi=779000A0 Ebp=303E31C Esp=303E2B8 Eip=77C98DEB

ADDR: 77C8C686 CODE: 743c jz 0x77c8c6c4
Eax=2 Ebx=76D1B498 Ecx=33DA3C0 Edx=104000 Edi=2 Esi=2E98000 Ebp=303E29C Esp=303E29C Eip=77C8C686

ADDR: 77C8C68D CODE: 7335 jae 0x77c8c6c4
Eax=2 Ebx=76D1B498 Ecx=33DA3C0 Edx=104000 Edi=2 Esi=2E98000 Ebp=303E29C Esp=303E29C Eip=77C8C68D

ADDR: 77C8C6AC CODE: 740c jz 0x77c8c6ba
Eax=33DCAA0 Ebx=76D1B498 Ecx=33DA3C0 Edx=0 Edi=2 Esi=2 Ebp=303E29C Esp=303E298 Eip=77C8C6AC

ADDR: 77C8C6B4 CODE: 7404 jz 0x77c8c6ba
Eax=33DCAAC Ebx=76D1B498 Ecx=33DA3C0 Edx=0 Edi=2 Esi=2 Ebp=303E29C Esp=303E298 Eip=77C8C6B4

ADDR: 779000BD CODE: 791c jns 0x779000db
Eax=0 Ebx=76D1B498 Ecx=303E2B0 Edx=0 Edi=2 Esi=2E98000 Ebp=303E2B4 Esp=303E2AC Eip=779000BD

ADDR: 77C4E69A CODE: 7315 jae 0x77c4e6b1
Eax=77BB5C1C Ebx=76D1B498 Ecx=77BB5C18 Edx=2E98000 Edi=76D92FB0 Esi=7728C8DC Ebp=303E28C Esp=303E288 Eip=77C4E69A

ADDR: 77AD97A6 CODE: 0f8454720500 jz 0x77b30a00
Eax=303E2FC Ebx=7728C8DC Ecx=303E2E8 Edx=2E98000 Edi=76D92FB0 Esi=7728C8DC Ebp=303E290 Esp=303E270 Eip=77AD97A6

ADDR: 77AD97D3 CODE: 7479 jz 0x77ad984e
Eax=303E2FC Ebx=33EE480 Ecx=14 Edx=19A06614 Edi=33EE280 Esi=33EE3DC Ebp=303E290 Esp=303E270 Eip=77AD97D3

ADDR: 77C47B53 CODE: 746e jz 0x77c47bc3
Eax=FFFFFFFE Ebx=77BB5C18 Ecx=FFFFFFFF Edx=19A06614 Edi=77BB5C1C Esi=FFFFFFFE Ebp=303E288 Esp=303E274 Eip=77C47B53

ADDR: 77AD94A4 CODE: 7458 jz 0x77ad94fe
Eax=BEA71F01 Ebx=76D1B498 Ecx=14 Edx=19A06614 Edi=2 Esi=77915A70 Ebp=303E2CC Esp=303E2B4 Eip=77AD94A4

ADDR: 77C98DEB CODE: 730a jae 0x77c98df7
Eax=EF22B4E Ebx=76D1B498 Ecx=77915A70 Edx=404000 Edi=2 Esi=77915A70 Ebp=303E2CC Esp=303E2A8 Eip=77C98DEB

ADDR: 77C909B7 CODE: 747f jz 0x77c90a38
Eax=2 Ebx=2E98FB4 Ecx=77915A70 Edx=2E98FB4 Edi=2 Esi=77915A70 Ebp=303E280 Esp=303E274 Eip=77C909B7

ADDR: 77C909BE CODE: 7378 jae 0x77c90a38
Eax=2 Ebx=2E98FB4 Ecx=77915A70 Edx=2E98FB4 Edi=2 Esi=77915A70 Ebp=303E280 Esp=303E274 Eip=77C909BE

ADDR: 77915A83 CODE: 790d jns 0x77915a92
Eax=0 Ebx=76D1B498 Ecx=33DA3C8 Edx=0 Edi=2 Esi=77915A70 Ebp=303E2A4 Esp=303E2A4 Eip=77915A83

ADDR: 77AE2C46 CODE: 740a jz 0x77ae2c52
Eax=0 Ebx=76D1B498 Ecx=76F1E900 Edx=0 Edi=76D92FD0 Esi=76D1B34C Ebp=303E360 Esp=303E354 Eip=77AE2C46

ADDR: 77C98DEB CODE: 730a jae 0x77c98df7
Eax=EDB25FA Ebx=76D1B498 Ecx=76D92FD0 Edx=44444401 Edi=76D92FD0 Esi=76D1B34C Ebp=303E360 Esp=303E350 Eip=77C98DEB

ADDR: 77AD95B4 CODE: 7458 jz 0x77ad960e
Eax=BEA71F01 Ebx=76D1B498 Ecx=14 Edx=7728C8DC Edi=2 Esi=77915A70 Ebp=303E2D0 Esp=303E2B8 Eip=77AD95B4

ADDR: 77C98DEB CODE: 730a jae 0x77c98df7
Eax=EF22B4E Ebx=76D1B498 Ecx=77915A70 Edx=404000 Edi=2 Esi=77915A70 Ebp=303E2D0 Esp=303E2AC Eip=77C98DEB

ADDR: 77C909B7 CODE: 747f jz 0x77c90a38
Eax=2 Ebx=2E98FB4 Ecx=77915A70 Edx=2E98FB4 Edi=2 Esi=77915A70 Ebp=303E284 Esp=303E278 Eip=77C909B7

ADDR: 77C909BE CODE: 7378 jae 0x77c90a38
Eax=2 Ebx=2E98FB4 Ecx=77915A70 Edx=2E98FB4 Edi=2 Esi=77915A70 Ebp=303E284 Esp=303E278 Eip=77C909BE

ADDR: 77915A83 CODE: 790d jns 0x77915a92
Eax=0 Ebx=76D1B498 Ecx=33DA3C8 Edx=0 Edi=2 Esi=77915A70 Ebp=303E2A8 Esp=303E2A8 Eip=77915A83

ADDR: 77AD90DC CODE: 7454 jz 0x77ad9132
Eax=13A71F14 Ebx=76D1B498 Ecx=14 Edx=0 Edi=2 Esi=779000A0 Ebp=303E31C Esp=303E2C0 Eip=77AD90DC

ADDR: 77C98DEB CODE: 730a jae 0x77c98df7
Eax=EF20014 Ebx=76D1B498 Ecx=779000A0 Edx=104000 Edi=2 Esi=779000A0 Ebp=303E31C Esp=303E2B8 Eip=77C98DEB

ADDR: 77C8C686 CODE: 743c jz 0x77c8c6c4
Eax=2 Ebx=76D1B498 Ecx=33DA3C0 Edx=104000 Edi=2 Esi=2E98000 Ebp=303E29C Esp=303E29C Eip=77C8C686

ADDR: 77C8C68D CODE: 7335 jae 0x77c8c6c4
Eax=2 Ebx=76D1B498 Ecx=33DA3C0 Edx=104000 Edi=2 Esi=2E98000 Ebp=303E29C Esp=303E29C Eip=77C8C68D

ADDR: 77C8C6AC CODE: 740c jz 0x77c8c6ba
Eax=33DCAA0 Ebx=76D1B498 Ecx=33DA3C0 Edx=0 Edi=2 Esi=2 Ebp=303E29C Esp=303E298 Eip=77C8C6AC

ADDR: 77C8C6B4 CODE: 7404 jz 0x77c8c6ba
Eax=33DCAAC Ebx=76D1B498 Ecx=33DA3C0 Edx=0 Edi=2 Esi=2 Ebp=303E29C Esp=303E298 Eip=77C8C6B4

ADDR: 779000BD CODE: 791c jns 0x779000db
Eax=0 Ebx=76D1B498 Ecx=303E2B0 Edx=0 Edi=2 Esi=2E98000 Ebp=303E2B4 Esp=303E2AC Eip=779000BD

ADDR: 77C4E69A CODE: 7315 jae 0x77c4e6b1
Eax=77BB5C1C Ebx=76D1B498 Ecx=77BB5C18 Edx=2E98000 Edi=76D92FD0 Esi=7728C8DC Ebp=303E28C Esp=303E288 Eip=77C4E69A

ADDR: 77AD97A6 CODE: 0f8454720500 jz 0x77b30a00
Eax=303E2FC Ebx=7728C8DC Ecx=303E2E8 Edx=2E98000 Edi=76D92FD0 Esi=7728C8DC Ebp=303E290 Esp=303E270 Eip=77AD97A6

ADDR: 77AD97D3 CODE: 7479 jz 0x77ad984e
Eax=303E2FC Ebx=33EE480 Ecx=14 Edx=19A06614 Edi=33EE280 Esi=33EE3E0 Ebp=303E290 Esp=303E270 Eip=77AD97D3

ADDR: 77C47B53 CODE: 746e jz 0x77c47bc3
Eax=FFFFFFFE Ebx=77BB5C18 Ecx=FFFFFFFF Edx=19A06614 Edi=77BB5C1C Esi=FFFFFFFE Ebp=303E288 Esp=303E274 Eip=77C47B53

ADDR: 77AD94A4 CODE: 7458 jz 0x77ad94fe
Eax=BEA71F01 Ebx=76D1B498 Ecx=14 Edx=19A06614 Edi=2 Esi=77915A70 Ebp=303E2CC Esp=303E2B4 Eip=77AD94A4

ADDR: 77C98DEB CODE: 730a jae 0x77c98df7
Eax=EF22B4E Ebx=76D1B498 Ecx=77915A70 Edx=404000 Edi=2 Esi=77915A70 Ebp=303E2CC Esp=303E2A8 Eip=77C98DEB

ADDR: 77C909B7 CODE: 747f jz 0x77c90a38
Eax=2 Ebx=2E98FB4 Ecx=77915A70 Edx=2E98FB4 Edi=2 Esi=77915A70 Ebp=303E280 Esp=303E274 Eip=77C909B7

ADDR: 77C909BE CODE: 7378 jae 0x77c90a38
Eax=2 Ebx=2E98FB4 Ecx=77915A70 Edx=2E98FB4 Edi=2 Esi=77915A70 Ebp=303E280 Esp=303E274 Eip=77C909BE

ADDR: 77915A83 CODE: 790d jns 0x77915a92
Eax=0 Ebx=76D1B498 Ecx=33DA3C8 Edx=0 Edi=2 Esi=77915A70 Ebp=303E2A4 Esp=303E2A4 Eip=77915A83

ADDR: 77AE2C46 CODE: 740a jz 0x77ae2c52
Eax=0 Ebx=76D1B498 Ecx=76F1E910 Edx=0 Edi=76D92FF0 Esi=76D1B350 Ebp=303E360 Esp=303E354 Eip=77AE2C46

ADDR: 77C98DEB CODE: 730a jae 0x77c98df7
Eax=EDB25FE Ebx=76D1B498 Ecx=76D92FF0 Edx=44444401 Edi=76D92FF0 Esi=76D1B350 Ebp=303E360 Esp=303E350 Eip=77C98DEB

ADDR: 77AD95B4 CODE: 7458 jz 0x77ad960e
Eax=BEA71F01 Ebx=76D1B498 Ecx=14 Edx=7728C8DC Edi=2 Esi=77915A70 Ebp=303E2D0 Esp=303E2B8 Eip=77AD95B4

ADDR: 77C98DEB CODE: 730a jae 0x77c98df7
Eax=EF22B4E Ebx=76D1B498 Ecx=77915A70 Edx=404000 Edi=2 Esi=77915A70 Ebp=303E2D0 Esp=303E2AC Eip=77C98DEB

ADDR: 77C909B7 CODE: 747f jz 0x77c90a38
Eax=2 Ebx=2E98FB4 Ecx=77915A70 Edx=2E98FB4 Edi=2 Esi=77915A70 Ebp=303E284 Esp=303E278 Eip=77C909B7

ADDR: 77C909BE CODE: 7378 jae 0x77c90a38
Eax=2 Ebx=2E98FB4 Ecx=77915A70 Edx=2E98FB4 Edi=2 Esi=77915A70 Ebp=303E284 Esp=303E278 Eip=77C909BE

ADDR: 77915A83 CODE: 790d jns 0x77915a92
Eax=0 Ebx=76D1B498 Ecx=33DA3C8 Edx=0 Edi=2 Esi=77915A70 Ebp=303E2A8 Esp=303E2A8 Eip=77915A83

ADDR: 77AD90DC CODE: 7454 jz 0x77ad9132
Eax=13A71F14 Ebx=76D1B498 Ecx=14 Edx=0 Edi=2 Esi=779000A0 Ebp=303E31C Esp=303E2C0 Eip=77AD90DC

ADDR: 77C98DEB CODE: 730a jae 0x77c98df7
Eax=EF20014 Ebx=76D1B498 Ecx=779000A0 Edx=104000 Edi=2 Esi=779000A0 Ebp=303E31C Esp=303E2B8 Eip=77C98DEB

ADDR: 77C8C686 CODE: 743c jz 0x77c8c6c4
Eax=2 Ebx=76D1B498 Ecx=33DA3C0 Edx=104000 Edi=2 Esi=2E98000 Ebp=303E29C Esp=303E29C Eip=77C8C686

ADDR: 77C8C68D CODE: 7335 jae 0x77c8c6c4
Eax=2 Ebx=76D1B498 Ecx=33DA3C0 Edx=104000 Edi=2 Esi=2E98000 Ebp=303E29C Esp=303E29C Eip=77C8C68D

ADDR: 77C8C6AC CODE: 740c jz 0x77c8c6ba
Eax=33DCAA0 Ebx=76D1B498 Ecx=33DA3C0 Edx=0 Edi=2 Esi=2 Ebp=303E29C Esp=303E298 Eip=77C8C6AC

ADDR: 77C8C6B4 CODE: 7404 jz 0x77c8c6ba
Eax=33DCAAC Ebx=76D1B498 Ecx=33DA3C0 Edx=0 Edi=2 Esi=2 Ebp=303E29C Esp=303E298 Eip=77C8C6B4

ADDR: 779000BD CODE: 791c jns 0x779000db
Eax=0 Ebx=76D1B498 Ecx=303E2B0 Edx=0 Edi=2 Esi=2E98000 Ebp=303E2B4 Esp=303E2AC Eip=779000BD

ADDR: 77C4E69A CODE: 7315 jae 0x77c4e6b1
Eax=77BB5C1C Ebx=76D1B498 Ecx=77BB5C18 Edx=2E98000 Edi=76D92FF0 Esi=7728C8DC Ebp=303E28C Esp=303E288 Eip=77C4E69A

ADDR: 77AD97A6 CODE: 0f8454720500 jz 0x77b30a00
Eax=303E2FC Ebx=7728C8DC Ecx=303E2E8 Edx=2E98000 Edi=76D92FF0 Esi=7728C8DC Ebp=303E290 Esp=303E270 Eip=77AD97A6

ADDR: 77AD97D3 CODE: 7479 jz 0x77ad984e
Eax=303E2FC Ebx=33EE480 Ecx=14 Edx=19A06614 Edi=33EE280 Esi=33EE3E4 Ebp=303E290 Esp=303E270 Eip=77AD97D3

ADDR: 77C47B53 CODE: 746e jz 0x77c47bc3
Eax=FFFFFFFE Ebx=77BB5C18 Ecx=FFFFFFFF Edx=19A06614 Edi=77BB5C1C Esi=FFFFFFFE Ebp=303E288 Esp=303E274 Eip=77C47B53

ADDR: 77AD94A4 CODE: 7458 jz 0x77ad94fe
Eax=BEA71F01 Ebx=76D1B498 Ecx=14 Edx=19A06614 Edi=2 Esi=77915A70 Ebp=303E2CC Esp=303E2B4 Eip=77AD94A4

ADDR: 77C98DEB CODE: 730a jae 0x77c98df7
Eax=EF22B4E Ebx=76D1B498 Ecx=77915A70 Edx=404000 Edi=2 Esi=77915A70 Ebp=303E2CC Esp=303E2A8 Eip=77C98DEB

ADDR: 77C909B7 CODE: 747f jz 0x77c90a38
Eax=2 Ebx=2E98FB4 Ecx=77915A70 Edx=2E98FB4 Edi=2 Esi=77915A70 Ebp=303E280 Esp=303E274 Eip=77C909B7

ADDR: 77C909BE CODE: 7378 jae 0x77c90a38
Eax=2 Ebx=2E98FB4 Ecx=77915A70 Edx=2E98FB4 Edi=2 Esi=77915A70 Ebp=303E280 Esp=303E274 Eip=77C909BE

ADDR: 77915A83 CODE: 790d jns 0x77915a92
Eax=0 Ebx=76D1B498 Ecx=33DA3C8 Edx=0 Edi=2 Esi=77915A70 Ebp=303E2A4 Esp=303E2A4 Eip=77915A83

ADDR: 77AE2C46 CODE: 740a jz 0x77ae2c52
Eax=0 Ebx=76D1B498 Ecx=76F1E920 Edx=0 Edi=76D93010 Esi=76D1B354 Ebp=303E360 Esp=303E354 Eip=77AE2C46

ADDR: 77C98DEB CODE: 730a jae 0x77c98df7
Eax=EDB2602 Ebx=76D1B498 Ecx=76D93010 Edx=44444444 Edi=76D93010 Esi=76D1B354 Ebp=303E360 Esp=303E350 Eip=77C98DEB

ADDR: 77AD95B4 CODE: 7458 jz 0x77ad960e
Eax=BEA71F01 Ebx=76D1B498 Ecx=14 Edx=7728C8DC Edi=2 Esi=77915A70 Ebp=303E2D0 Esp=303E2B8 Eip=77AD95B4

ADDR: 77C98DEB CODE: 730a jae 0x77c98df7
Eax=EF22B4E Ebx=76D1B498 Ecx=77915A70 Edx=404000 Edi=2 Esi=77915A70 Ebp=303E2D0 Esp=303E2AC Eip=77C98DEB

ADDR: 77C909B7 CODE: 747f jz 0x77c90a38
Eax=2 Ebx=2E98FB4 Ecx=77915A70 Edx=2E98FB4 Edi=2 Esi=77915A70 Ebp=303E284 Esp=303E278 Eip=77C909B7

ADDR: 77C909BE CODE: 7378 jae 0x77c90a38
Eax=2 Ebx=2E98FB4 Ecx=77915A70 Edx=2E98FB4 Edi=2 Esi=77915A70 Ebp=303E284 Esp=303E278 Eip=77C909BE

ADDR: 77915A83 CODE: 790d jns 0x77915a92
Eax=0 Ebx=76D1B498 Ecx=33DA3C8 Edx=0 Edi=2 Esi=77915A70 Ebp=303E2A8 Esp=303E2A8 Eip=77915A83

ADDR: 77AD90DC CODE: 7454 jz 0x77ad9132
Eax=13A71F14 Ebx=76D1B498 Ecx=14 Edx=0 Edi=2 Esi=779000A0 Ebp=303E31C Esp=303E2C0 Eip=77AD90DC

ADDR: 77C98DEB CODE: 730a jae 0x77c98df7
Eax=EF20014 Ebx=76D1B498 Ecx=779000A0 Edx=104000 Edi=2 Esi=779000A0 Ebp=303E31C Esp=303E2B8 Eip=77C98DEB

ADDR: 77C8C686 CODE: 743c jz 0x77c8c6c4
Eax=2 Ebx=76D1B498 Ecx=33DA3C0 Edx=104000 Edi=2 Esi=2E98000 Ebp=303E29C Esp=303E29C Eip=77C8C686

ADDR: 77C8C68D CODE: 7335 jae 0x77c8c6c4
Eax=2 Ebx=76D1B498 Ecx=33DA3C0 Edx=104000 Edi=2 Esi=2E98000 Ebp=303E29C Esp=303E29C Eip=77C8C68D

ADDR: 77C8C6AC CODE: 740c jz 0x77c8c6ba
Eax=33DCAA0 Ebx=76D1B498 Ecx=33DA3C0 Edx=0 Edi=2 Esi=2 Ebp=303E29C Esp=303E298 Eip=77C8C6AC

ADDR: 77C8C6B4 CODE: 7404 jz 0x77c8c6ba
Eax=33DCAAC Ebx=76D1B498 Ecx=33DA3C0 Edx=0 Edi=2 Esi=2 Ebp=303E29C Esp=303E298 Eip=77C8C6B4

ADDR: 779000BD CODE: 791c jns 0x779000db
Eax=0 Ebx=76D1B498 Ecx=303E2B0 Edx=0 Edi=2 Esi=2E98000 Ebp=303E2B4 Esp=303E2AC Eip=779000BD

ADDR: 77C4E69A CODE: 7315 jae 0x77c4e6b1
Eax=77BB5C1C Ebx=76D1B498 Ecx=77BB5C18 Edx=2E98000 Edi=76D93010 Esi=7728C8DC Ebp=303E28C Esp=303E288 Eip=77C4E69A

ADDR: 77AD97A6 CODE: 0f8454720500 jz 0x77b30a00
Eax=303E2FC Ebx=7728C8DC Ecx=303E2E8 Edx=2E98000 Edi=76D93010 Esi=7728C8DC Ebp=303E290 Esp=303E270 Eip=77AD97A6

ADDR: 77AD97D3 CODE: 7479 jz 0x77ad984e
Eax=303E2FC Ebx=33EE480 Ecx=14 Edx=19A06614 Edi=33EE280 Esi=33EE3E8 Ebp=303E290 Esp=303E270 Eip=77AD97D3

ADDR: 77C47B53 CODE: 746e jz 0x77c47bc3
Eax=FFFFFFFE Ebx=77BB5C18 Ecx=FFFFFFFF Edx=19A06614 Edi=77BB5C1C Esi=FFFFFFFE Ebp=303E288 Esp=303E274 Eip=77C47B53

ADDR: 77AD94A4 CODE: 7458 jz 0x77ad94fe
Eax=BEA71F01 Ebx=76D1B498 Ecx=14 Edx=19A06614 Edi=2 Esi=77915A70 Ebp=303E2CC Esp=303E2B4 Eip=77AD94A4

ADDR: 77C98DEB CODE: 730a jae 0x77c98df7
Eax=EF22B4E Ebx=76D1B498 Ecx=77915A70 Edx=404000 Edi=2 Esi=77915A70 Ebp=303E2CC Esp=303E2A8 Eip=77C98DEB

ADDR: 77C909B7 CODE: 747f jz 0x77c90a38
Eax=2 Ebx=2E98FB4 Ecx=77915A70 Edx=2E98FB4 Edi=2 Esi=77915A70 Ebp=303E280 Esp=303E274 Eip=77C909B7

ADDR: 77C909BE CODE: 7378 jae 0x77c90a38
Eax=2 Ebx=2E98FB4 Ecx=77915A70 Edx=2E98FB4 Edi=2 Esi=77915A70 Ebp=303E280 Esp=303E274 Eip=77C909BE

ADDR: 77915A83 CODE: 790d jns 0x77915a92
Eax=0 Ebx=76D1B498 Ecx=33DA3C8 Edx=0 Edi=2 Esi=77915A70 Ebp=303E2A4 Esp=303E2A4 Eip=77915A83

ADDR: 77AE2C46 CODE: 740a jz 0x77ae2c52
Eax=0 Ebx=76D1B498 Ecx=76F1E930 Edx=0 Edi=76D93030 Esi=76D1B358 Ebp=303E360 Esp=303E354 Eip=77AE2C46

ADDR: 77C98DEB CODE: 730a jae 0x77c98df7
Eax=EDB2606 Ebx=76D1B498 Ecx=76D93030 Edx=44444444 Edi=76D93030 Esi=76D1B358 Ebp=303E360 Esp=303E350 Eip=77C98DEB

ADDR: 77AD95B4 CODE: 7458 jz 0x77ad960e
Eax=BEA71F01 Ebx=76D1B498 Ecx=14 Edx=7728C8DC Edi=2 Esi=77915A70 Ebp=303E2D0 Esp=303E2B8 Eip=77AD95B4

ADDR: 77C98DEB CODE: 730a jae 0x77c98df7
Eax=EF22B4E Ebx=76D1B498 Ecx=77915A70 Edx=404000 Edi=2 Esi=77915A70 Ebp=303E2D0 Esp=303E2AC Eip=77C98DEB

ADDR: 77C909B7 CODE: 747f jz 0x77c90a38
Eax=2 Ebx=2E98FB4 Ecx=77915A70 Edx=2E98FB4 Edi=2 Esi=77915A70 Ebp=303E284 Esp=303E278 Eip=77C909B7

ADDR: 77C909BE CODE: 7378 jae 0x77c90a38
Eax=2 Ebx=2E98FB4 Ecx=77915A70 Edx=2E98FB4 Edi=2 Esi=77915A70 Ebp=303E284 Esp=303E278 Eip=77C909BE

ADDR: 77915A83 CODE: 790d jns 0x77915a92
Eax=0 Ebx=76D1B498 Ecx=33DA3C8 Edx=0 Edi=2 Esi=77915A70 Ebp=303E2A8 Esp=303E2A8 Eip=77915A83

ADDR: 77AD90DC CODE: 7454 jz 0x77ad9132
Eax=13A71F14 Ebx=76D1B498 Ecx=14 Edx=0 Edi=2 Esi=779000A0 Ebp=303E31C Esp=303E2C0 Eip=77AD90DC

ADDR: 77C98DEB CODE: 730a jae 0x77c98df7
Eax=EF20014 Ebx=76D1B498 Ecx=779000A0 Edx=104000 Edi=2 Esi=779000A0 Ebp=303E31C Esp=303E2B8 Eip=77C98DEB

ADDR: 77C8C686 CODE: 743c jz 0x77c8c6c4
Eax=2 Ebx=76D1B498 Ecx=33DA3C0 Edx=104000 Edi=2 Esi=2E98000 Ebp=303E29C Esp=303E29C Eip=77C8C686

ADDR: 77C8C68D CODE: 7335 jae 0x77c8c6c4
Eax=2 Ebx=76D1B498 Ecx=33DA3C0 Edx=104000 Edi=2 Esi=2E98000 Ebp=303E29C Esp=303E29C Eip=77C8C68D

ADDR: 77C8C6AC CODE: 740c jz 0x77c8c6ba
Eax=33DCAA0 Ebx=76D1B498 Ecx=33DA3C0 Edx=0 Edi=2 Esi=2 Ebp=303E29C Esp=303E298 Eip=77C8C6AC

ADDR: 77C8C6B4 CODE: 7404 jz 0x77c8c6ba
Eax=33DCAAC Ebx=76D1B498 Ecx=33DA3C0 Edx=0 Edi=2 Esi=2 Ebp=303E29C Esp=303E298 Eip=77C8C6B4

ADDR: 779000BD CODE: 791c jns 0x779000db
Eax=0 Ebx=76D1B498 Ecx=303E2B0 Edx=0 Edi=2 Esi=2E98000 Ebp=303E2B4 Esp=303E2AC Eip=779000BD

ADDR: 77C4E69A CODE: 7315 jae 0x77c4e6b1
Eax=77BB5C1C Ebx=76D1B498 Ecx=77BB5C18 Edx=2E98000 Edi=76D93030 Esi=7728C8DC Ebp=303E28C Esp=303E288 Eip=77C4E69A

ADDR: 77AD97A6 CODE: 0f8454720500 jz 0x77b30a00
Eax=303E2FC Ebx=7728C8DC Ecx=303E2E8 Edx=2E98000 Edi=76D93030 Esi=7728C8DC Ebp=303E290 Esp=303E270 Eip=77AD97A6

ADDR: 77AD97D3 CODE: 7479 jz 0x77ad984e
Eax=303E2FC Ebx=33EE480 Ecx=14 Edx=19A06614 Edi=33EE280 Esi=33EE3EC Ebp=303E290 Esp=303E270 Eip=77AD97D3

ADDR: 77C47B53 CODE: 746e jz 0x77c47bc3
Eax=FFFFFFFE Ebx=77BB5C18 Ecx=FFFFFFFF Edx=19A06614 Edi=77BB5C1C Esi=FFFFFFFE Ebp=303E288 Esp=303E274 Eip=77C47B53

ADDR: 77AD94A4 CODE: 7458 jz 0x77ad94fe
Eax=BEA71F01 Ebx=76D1B498 Ecx=14 Edx=19A06614 Edi=2 Esi=77915A70 Ebp=303E2CC Esp=303E2B4 Eip=77AD94A4

ADDR: 77C98DEB CODE: 730a jae 0x77c98df7
Eax=EF22B4E Ebx=76D1B498 Ecx=77915A70 Edx=404000 Edi=2 Esi=77915A70 Ebp=303E2CC Esp=303E2A8 Eip=77C98DEB

ADDR: 77C909B7 CODE: 747f jz 0x77c90a38
Eax=2 Ebx=2E98FB4 Ecx=77915A70 Edx=2E98FB4 Edi=2 Esi=77915A70 Ebp=303E280 Esp=303E274 Eip=77C909B7

ADDR: 77C909BE CODE: 7378 jae 0x77c90a38
Eax=2 Ebx=2E98FB4 Ecx=77915A70 Edx=2E98FB4 Edi=2 Esi=77915A70 Ebp=303E280 Esp=303E274 Eip=77C909BE

ADDR: 77915A83 CODE: 790d jns 0x77915a92
Eax=0 Ebx=76D1B498 Ecx=33DA3C8 Edx=0 Edi=2 Esi=77915A70 Ebp=303E2A4 Esp=303E2A4 Eip=77915A83

ADDR: 77AE2C46 CODE: 740a jz 0x77ae2c52
Eax=0 Ebx=76D1B498 Ecx=76F1E940 Edx=0 Edi=76D93050 Esi=76D1B35C Ebp=303E360 Esp=303E354 Eip=77AE2C46

ADDR: 77C98DEB CODE: 730a jae 0x77c98df7
Eax=EDB260A Ebx=76D1B498 Ecx=76D93050 Edx=44444444 Edi=76D93050 Esi=76D1B35C Ebp=303E360 Esp=303E350 Eip=77C98DEB

ADDR: 77AD95B4 CODE: 7458 jz 0x77ad960e
Eax=BEA71F01 Ebx=76D1B498 Ecx=14 Edx=7728C8DC Edi=2 Esi=77915A70 Ebp=303E2D0 Esp=303E2B8 Eip=77AD95B4

ADDR: 77C98DEB CODE: 730a jae 0x77c98df7
Eax=EF22B4E Ebx=76D1B498 Ecx=77915A70 Edx=404000 Edi=2 Esi=77915A70 Ebp=303E2D0 Esp=303E2AC Eip=77C98DEB

ADDR: 77C909B7 CODE: 747f jz 0x77c90a38
Eax=2 Ebx=2E98FB4 Ecx=77915A70 Edx=2E98FB4 Edi=2 Esi=77915A70 Ebp=303E284 Esp=303E278 Eip=77C909B7

ADDR: 77C909BE CODE: 7378 jae 0x77c90a38
Eax=2 Ebx=2E98FB4 Ecx=77915A70 Edx=2E98FB4 Edi=2 Esi=77915A70 Ebp=303E284 Esp=303E278 Eip=77C909BE

ADDR: 77915A83 CODE: 790d jns 0x77915a92
Eax=0 Ebx=76D1B498 Ecx=33DA3C8 Edx=0 Edi=2 Esi=77915A70 Ebp=303E2A8 Esp=303E2A8 Eip=77915A83

ADDR: 77AD90DC CODE: 7454 jz 0x77ad9132
Eax=13A71F14 Ebx=76D1B498 Ecx=14 Edx=0 Edi=2 Esi=779000A0 Ebp=303E31C Esp=303E2C0 Eip=77AD90DC

ADDR: 77C98DEB CODE: 730a jae 0x77c98df7
Eax=EF20014 Ebx=76D1B498 Ecx=779000A0 Edx=104000 Edi=2 Esi=779000A0 Ebp=303E31C Esp=303E2B8 Eip=77C98DEB

ADDR: 77C8C686 CODE: 743c jz 0x77c8c6c4
Eax=2 Ebx=76D1B498 Ecx=33DA3C0 Edx=104000 Edi=2 Esi=2E98000 Ebp=303E29C Esp=303E29C Eip=77C8C686

ADDR: 77C8C68D CODE: 7335 jae 0x77c8c6c4
Eax=2 Ebx=76D1B498 Ecx=33DA3C0 Edx=104000 Edi=2 Esi=2E98000 Ebp=303E29C Esp=303E29C Eip=77C8C68D

ADDR: 77C8C6AC CODE: 740c jz 0x77c8c6ba
Eax=33DCAA0 Ebx=76D1B498 Ecx=33DA3C0 Edx=0 Edi=2 Esi=2 Ebp=303E29C Esp=303E298 Eip=77C8C6AC

ADDR: 77C8C6B4 CODE: 7404 jz 0x77c8c6ba
Eax=33DCAAC Ebx=76D1B498 Ecx=33DA3C0 Edx=0 Edi=2 Esi=2 Ebp=303E29C Esp=303E298 Eip=77C8C6B4

ADDR: 779000BD CODE: 791c jns 0x779000db
Eax=0 Ebx=76D1B498 Ecx=303E2B0 Edx=0 Edi=2 Esi=2E98000 Ebp=303E2B4 Esp=303E2AC Eip=779000BD

ADDR: 77C4E69A CODE: 7315 jae 0x77c4e6b1
Eax=77BB5C1C Ebx=76D1B498 Ecx=77BB5C18 Edx=2E98000 Edi=76D93050 Esi=7728C8DC Ebp=303E28C Esp=303E288 Eip=77C4E69A

ADDR: 77AD97A6 CODE: 0f8454720500 jz 0x77b30a00
Eax=303E2FC Ebx=7728C8DC Ecx=303E2E8 Edx=2E98000 Edi=76D93050 Esi=7728C8DC Ebp=303E290 Esp=303E270 Eip=77AD97A6

ADDR: 77AD97D3 CODE: 7479 jz 0x77ad984e
Eax=303E2FC Ebx=33EE480 Ecx=14 Edx=19A06614 Edi=33EE280 Esi=33EE3F0 Ebp=303E290 Esp=303E270 Eip=77AD97D3

ADDR: 77C47B53 CODE: 746e jz 0x77c47bc3
Eax=FFFFFFFE Ebx=77BB5C18 Ecx=FFFFFFFF Edx=19A06614 Edi=77BB5C1C Esi=FFFFFFFE Ebp=303E288 Esp=303E274 Eip=77C47B53

ADDR: 77AD94A4 CODE: 7458 jz 0x77ad94fe
Eax=BEA71F01 Ebx=76D1B498 Ecx=14 Edx=19A06614 Edi=2 Esi=77915A70 Ebp=303E2CC Esp=303E2B4 Eip=77AD94A4

ADDR: 77C98DEB CODE: 730a jae 0x77c98df7
Eax=EF22B4E Ebx=76D1B498 Ecx=77915A70 Edx=404000 Edi=2 Esi=77915A70 Ebp=303E2CC Esp=303E2A8 Eip=77C98DEB

ADDR: 77C909B7 CODE: 747f jz 0x77c90a38
Eax=2 Ebx=2E98FB4 Ecx=77915A70 Edx=2E98FB4 Edi=2 Esi=77915A70 Ebp=303E280 Esp=303E274 Eip=77C909B7

ADDR: 77C909BE CODE: 7378 jae 0x77c90a38
Eax=2 Ebx=2E98FB4 Ecx=77915A70 Edx=2E98FB4 Edi=2 Esi=77915A70 Ebp=303E280 Esp=303E274 Eip=77C909BE

ADDR: 77915A83 CODE: 790d jns 0x77915a92
Eax=0 Ebx=76D1B498 Ecx=33DA3C8 Edx=0 Edi=2 Esi=77915A70 Ebp=303E2A4 Esp=303E2A4 Eip=77915A83

ADDR: 77AE2C46 CODE: 740a jz 0x77ae2c52
Eax=0 Ebx=76D1B498 Ecx=76F1E950 Edx=0 Edi=76D93070 Esi=76D1B360 Ebp=303E360 Esp=303E354 Eip=77AE2C46

ADDR: 77C98DEB CODE: 730a jae 0x77c98df7
Eax=EDB260E Ebx=76D1B498 Ecx=76D93070 Edx=44444444 Edi=76D93070 Esi=76D1B360 Ebp=303E360 Esp=303E350 Eip=77C98DEB

ADDR: 77AD95B4 CODE: 7458 jz 0x77ad960e
Eax=BEA71F01 Ebx=76D1B498 Ecx=14 Edx=7728C8DC Edi=2 Esi=77915A70 Ebp=303E2D0 Esp=303E2B8 Eip=77AD95B4

ADDR: 77C98DEB CODE: 730a jae 0x77c98df7
Eax=EF22B4E Ebx=76D1B498 Ecx=77915A70 Edx=404000 Edi=2 Esi=77915A70 Ebp=303E2D0 Esp=303E2AC Eip=77C98DEB

ADDR: 77C909B7 CODE: 747f jz 0x77c90a38
Eax=2 Ebx=2E98FB4 Ecx=77915A70 Edx=2E98FB4 Edi=2 Esi=77915A70 Ebp=303E284 Esp=303E278 Eip=77C909B7

ADDR: 77C909BE CODE: 7378 jae 0x77c90a38
Eax=2 Ebx=2E98FB4 Ecx=77915A70 Edx=2E98FB4 Edi=2 Esi=77915A70 Ebp=303E284 Esp=303E278 Eip=77C909BE

ADDR: 77915A83 CODE: 790d jns 0x77915a92
Eax=0 Ebx=76D1B498 Ecx=33DA3C8 Edx=0 Edi=2 Esi=77915A70 Ebp=303E2A8 Esp=303E2A8 Eip=77915A83

ADDR: 77AD90DC CODE: 7454 jz 0x77ad9132
Eax=13A71F14 Ebx=76D1B498 Ecx=14 Edx=0 Edi=2 Esi=779000A0 Ebp=303E31C Esp=303E2C0 Eip=77AD90DC

ADDR: 77C98DEB CODE: 730a jae 0x77c98df7
Eax=EF20014 Ebx=76D1B498 Ecx=779000A0 Edx=104000 Edi=2 Esi=779000A0 Ebp=303E31C Esp=303E2B8 Eip=77C98DEB

ADDR: 77C8C686 CODE: 743c jz 0x77c8c6c4
Eax=2 Ebx=76D1B498 Ecx=33DA3C0 Edx=104000 Edi=2 Esi=2E98000 Ebp=303E29C Esp=303E29C Eip=77C8C686

ADDR: 77C8C68D CODE: 7335 jae 0x77c8c6c4
Eax=2 Ebx=76D1B498 Ecx=33DA3C0 Edx=104000 Edi=2 Esi=2E98000 Ebp=303E29C Esp=303E29C Eip=77C8C68D

ADDR: 77C8C6AC CODE: 740c jz 0x77c8c6ba
Eax=33DCAA0 Ebx=76D1B498 Ecx=33DA3C0 Edx=0 Edi=2 Esi=2 Ebp=303E29C Esp=303E298 Eip=77C8C6AC

ADDR: 77C8C6B4 CODE: 7404 jz 0x77c8c6ba
Eax=33DCAAC Ebx=76D1B498 Ecx=33DA3C0 Edx=0 Edi=2 Esi=2 Ebp=303E29C Esp=303E298 Eip=77C8C6B4

ADDR: 779000BD CODE: 791c jns 0x779000db
Eax=0 Ebx=76D1B498 Ecx=303E2B0 Edx=0 Edi=2 Esi=2E98000 Ebp=303E2B4 Esp=303E2AC Eip=779000BD

ADDR: 77C4E69A CODE: 7315 jae 0x77c4e6b1
Eax=77BB5C1C Ebx=76D1B498 Ecx=77BB5C18 Edx=2E98000 Edi=76D93070 Esi=7728C8DC Ebp=303E28C Esp=303E288 Eip=77C4E69A

ADDR: 77AD97A6 CODE: 0f8454720500 jz 0x77b30a00
Eax=303E2FC Ebx=7728C8DC Ecx=303E2E8 Edx=2E98000 Edi=76D93070 Esi=7728C8DC Ebp=303E290 Esp=303E270 Eip=77AD97A6

ADDR: 77AD97D3 CODE: 7479 jz 0x77ad984e
Eax=303E2FC Ebx=33EE480 Ecx=14 Edx=19A06614 Edi=33EE280 Esi=33EE3F4 Ebp=303E290 Esp=303E270 Eip=77AD97D3

ADDR: 77C47B53 CODE: 746e jz 0x77c47bc3
Eax=FFFFFFFE Ebx=77BB5C18 Ecx=FFFFFFFF Edx=19A06614 Edi=77BB5C1C Esi=FFFFFFFE Ebp=303E288 Esp=303E274 Eip=77C47B53

ADDR: 77AD94A4 CODE: 7458 jz 0x77ad94fe
Eax=BEA71F01 Ebx=76D1B498 Ecx=14 Edx=19A06614 Edi=2 Esi=77915A70 Ebp=303E2CC Esp=303E2B4 Eip=77AD94A4

ADDR: 77C98DEB CODE: 730a jae 0x77c98df7
Eax=EF22B4E Ebx=76D1B498 Ecx=77915A70 Edx=404000 Edi=2 Esi=77915A70 Ebp=303E2CC Esp=303E2A8 Eip=77C98DEB

ADDR: 77C909B7 CODE: 747f jz 0x77c90a38
Eax=2 Ebx=2E98FB4 Ecx=77915A70 Edx=2E98FB4 Edi=2 Esi=77915A70 Ebp=303E280 Esp=303E274 Eip=77C909B7

ADDR: 77C909BE CODE: 7378 jae 0x77c90a38
Eax=2 Ebx=2E98FB4 Ecx=77915A70 Edx=2E98FB4 Edi=2 Esi=77915A70 Ebp=303E280 Esp=303E274 Eip=77C909BE

ADDR: 77915A83 CODE: 790d jns 0x77915a92
Eax=0 Ebx=76D1B498 Ecx=33DA3C8 Edx=0 Edi=2 Esi=77915A70 Ebp=303E2A4 Esp=303E2A4 Eip=77915A83

ADDR: 77AE2C46 CODE: 740a jz 0x77ae2c52
Eax=0 Ebx=76D1B498 Ecx=76F1E960 Edx=0 Edi=76D93090 Esi=76D1B364 Ebp=303E360 Esp=303E354 Eip=77AE2C46

ADDR: 77C98DEB CODE: 730a jae 0x77c98df7
Eax=EDB2612 Ebx=76D1B498 Ecx=76D93090 Edx=44444444 Edi=76D93090 Esi=76D1B364 Ebp=303E360 Esp=303E350 Eip=77C98DEB

ADDR: 77AD95B4 CODE: 7458 jz 0x77ad960e
Eax=BEA71F01 Ebx=76D1B498 Ecx=14 Edx=7728C8DC Edi=2 Esi=77915A70 Ebp=303E2D0 Esp=303E2B8 Eip=77AD95B4

ADDR: 77C98DEB CODE: 730a jae 0x77c98df7
Eax=EF22B4E Ebx=76D1B498 Ecx=77915A70 Edx=404000 Edi=2 Esi=77915A70 Ebp=303E2D0 Esp=303E2AC Eip=77C98DEB

ADDR: 77C909B7 CODE: 747f jz 0x77c90a38
Eax=2 Ebx=2E98FB4 Ecx=77915A70 Edx=2E98FB4 Edi=2 Esi=77915A70 Ebp=303E284 Esp=303E278 Eip=77C909B7

ADDR: 77C909BE CODE: 7378 jae 0x77c90a38
Eax=2 Ebx=2E98FB4 Ecx=77915A70 Edx=2E98FB4 Edi=2 Esi=77915A70 Ebp=303E284 Esp=303E278 Eip=77C909BE

ADDR: 77915A83 CODE: 790d jns 0x77915a92
Eax=0 Ebx=76D1B498 Ecx=33DA3C8 Edx=0 Edi=2 Esi=77915A70 Ebp=303E2A8 Esp=303E2A8 Eip=77915A83

ADDR: 77AD90DC CODE: 7454 jz 0x77ad9132
Eax=13A71F14 Ebx=76D1B498 Ecx=14 Edx=0 Edi=2 Esi=779000A0 Ebp=303E31C Esp=303E2C0 Eip=77AD90DC

ADDR: 77C98DEB CODE: 730a jae 0x77c98df7
Eax=EF20014 Ebx=76D1B498 Ecx=779000A0 Edx=104000 Edi=2 Esi=779000A0 Ebp=303E31C Esp=303E2B8 Eip=77C98DEB

ADDR: 77C8C686 CODE: 743c jz 0x77c8c6c4
Eax=2 Ebx=76D1B498 Ecx=33DA3C0 Edx=104000 Edi=2 Esi=2E98000 Ebp=303E29C Esp=303E29C Eip=77C8C686

ADDR: 77C8C68D CODE: 7335 jae 0x77c8c6c4
Eax=2 Ebx=76D1B498 Ecx=33DA3C0 Edx=104000 Edi=2 Esi=2E98000 Ebp=303E29C Esp=303E29C Eip=77C8C68D

ADDR: 77C8C6AC CODE: 740c jz 0x77c8c6ba
Eax=33DCAA0 Ebx=76D1B498 Ecx=33DA3C0 Edx=0 Edi=2 Esi=2 Ebp=303E29C Esp=303E298 Eip=77C8C6AC

ADDR: 77C8C6B4 CODE: 7404 jz 0x77c8c6ba
Eax=33DCAAC Ebx=76D1B498 Ecx=33DA3C0 Edx=0 Edi=2 Esi=2 Ebp=303E29C Esp=303E298 Eip=77C8C6B4

ADDR: 779000BD CODE: 791c jns 0x779000db
Eax=0 Ebx=76D1B498 Ecx=303E2B0 Edx=0 Edi=2 Esi=2E98000 Ebp=303E2B4 Esp=303E2AC Eip=779000BD

ADDR: 77C4E69A CODE: 7315 jae 0x77c4e6b1
Eax=77BB5C1C Ebx=76D1B498 Ecx=77BB5C18 Edx=2E98000 Edi=76D93090 Esi=7728C8DC Ebp=303E28C Esp=303E288 Eip=77C4E69A

ADDR: 77AD97A6 CODE: 0f8454720500 jz 0x77b30a00
Eax=303E2FC Ebx=7728C8DC Ecx=303E2E8 Edx=2E98000 Edi=76D93090 Esi=7728C8DC Ebp=303E290 Esp=303E270 Eip=77AD97A6

ADDR: 77AD97D3 CODE: 7479 jz 0x77ad984e
Eax=303E2FC Ebx=33EE480 Ecx=14 Edx=19A06614 Edi=33EE280 Esi=33EE3F8 Ebp=303E290 Esp=303E270 Eip=77AD97D3

ADDR: 77C47B53 CODE: 746e jz 0x77c47bc3
Eax=FFFFFFFE Ebx=77BB5C18 Ecx=FFFFFFFF Edx=19A06614 Edi=77BB5C1C Esi=FFFFFFFE Ebp=303E288 Esp=303E274 Eip=77C47B53

ADDR: 77AD94A4 CODE: 7458 jz 0x77ad94fe
Eax=BEA71F01 Ebx=76D1B498 Ecx=14 Edx=19A06614 Edi=2 Esi=77915A70 Ebp=303E2CC Esp=303E2B4 Eip=77AD94A4

ADDR: 77C98DEB CODE: 730a jae 0x77c98df7
Eax=EF22B4E Ebx=76D1B498 Ecx=77915A70 Edx=404000 Edi=2 Esi=77915A70 Ebp=303E2CC Esp=303E2A8 Eip=77C98DEB

ADDR: 77C909B7 CODE: 747f jz 0x77c90a38
Eax=2 Ebx=2E98FB4 Ecx=77915A70 Edx=2E98FB4 Edi=2 Esi=77915A70 Ebp=303E280 Esp=303E274 Eip=77C909B7

ADDR: 77C909BE CODE: 7378 jae 0x77c90a38
Eax=2 Ebx=2E98FB4 Ecx=77915A70 Edx=2E98FB4 Edi=2 Esi=77915A70 Ebp=303E280 Esp=303E274 Eip=77C909BE

ADDR: 77915A83 CODE: 790d jns 0x77915a92
Eax=0 Ebx=76D1B498 Ecx=33DA3C8 Edx=0 Edi=2 Esi=77915A70 Ebp=303E2A4 Esp=303E2A4 Eip=77915A83

ADDR: 77AE2C46 CODE: 740a jz 0x77ae2c52
Eax=0 Ebx=76D1B498 Ecx=76F1E970 Edx=0 Edi=76D930B0 Esi=76D1B368 Ebp=303E360 Esp=303E354 Eip=77AE2C46

ADDR: 77C98DEB CODE: 730a jae 0x77c98df7
Eax=EDB2616 Ebx=76D1B498 Ecx=76D930B0 Edx=44444444 Edi=76D930B0 Esi=76D1B368 Ebp=303E360 Esp=303E350 Eip=77C98DEB

ADDR: 77AD95B4 CODE: 7458 jz 0x77ad960e
Eax=BEA71F01 Ebx=76D1B498 Ecx=14 Edx=7728C8DC Edi=2 Esi=77915A70 Ebp=303E2D0 Esp=303E2B8 Eip=77AD95B4

ADDR: 77C98DEB CODE: 730a jae 0x77c98df7
Eax=EF22B4E Ebx=76D1B498 Ecx=77915A70 Edx=404000 Edi=2 Esi=77915A70 Ebp=303E2D0 Esp=303E2AC Eip=77C98DEB

ADDR: 77C909B7 CODE: 747f jz 0x77c90a38
Eax=2 Ebx=2E98FB4 Ecx=77915A70 Edx=2E98FB4 Edi=2 Esi=77915A70 Ebp=303E284 Esp=303E278 Eip=77C909B7

ADDR: 77C909BE CODE: 7378 jae 0x77c90a38
Eax=2 Ebx=2E98FB4 Ecx=77915A70 Edx=2E98FB4 Edi=2 Esi=77915A70 Ebp=303E284 Esp=303E278 Eip=77C909BE

ADDR: 77915A83 CODE: 790d jns 0x77915a92
Eax=0 Ebx=76D1B498 Ecx=33DA3C8 Edx=0 Edi=2 Esi=77915A70 Ebp=303E2A8 Esp=303E2A8 Eip=77915A83

ADDR: 77AD90DC CODE: 7454 jz 0x77ad9132
Eax=13A71F14 Ebx=76D1B498 Ecx=14 Edx=0 Edi=2 Esi=779000A0 Ebp=303E31C Esp=303E2C0 Eip=77AD90DC

ADDR: 77C98DEB CODE: 730a jae 0x77c98df7
Eax=EF20014 Ebx=76D1B498 Ecx=779000A0 Edx=104000 Edi=2 Esi=779000A0 Ebp=303E31C Esp=303E2B8 Eip=77C98DEB

ADDR: 77C8C686 CODE: 743c jz 0x77c8c6c4
Eax=2 Ebx=76D1B498 Ecx=33DA3C0 Edx=104000 Edi=2 Esi=2E98000 Ebp=303E29C Esp=303E29C Eip=77C8C686

ADDR: 77C8C68D CODE: 7335 jae 0x77c8c6c4
Eax=2 Ebx=76D1B498 Ecx=33DA3C0 Edx=104000 Edi=2 Esi=2E98000 Ebp=303E29C Esp=303E29C Eip=77C8C68D

ADDR: 77C8C6AC CODE: 740c jz 0x77c8c6ba
Eax=33DCAA0 Ebx=76D1B498 Ecx=33DA3C0 Edx=0 Edi=2 Esi=2 Ebp=303E29C Esp=303E298 Eip=77C8C6AC

ADDR: 77C8C6B4 CODE: 7404 jz 0x77c8c6ba
Eax=33DCAAC Ebx=76D1B498 Ecx=33DA3C0 Edx=0 Edi=2 Esi=2 Ebp=303E29C Esp=303E298 Eip=77C8C6B4

ADDR: 779000BD CODE: 791c jns 0x779000db
Eax=0 Ebx=76D1B498 Ecx=303E2B0 Edx=0 Edi=2 Esi=2E98000 Ebp=303E2B4 Esp=303E2AC Eip=779000BD

ADDR: 77C4E69A CODE: 7315 jae 0x77c4e6b1
Eax=77BB5C1C Ebx=76D1B498 Ecx=77BB5C18 Edx=2E98000 Edi=76D930B0 Esi=7728C8DC Ebp=303E28C Esp=303E288 Eip=77C4E69A

ADDR: 77AD97A6 CODE: 0f8454720500 jz 0x77b30a00
Eax=303E2FC Ebx=7728C8DC Ecx=303E2E8 Edx=2E98000 Edi=76D930B0 Esi=7728C8DC Ebp=303E290 Esp=303E270 Eip=77AD97A6

ADDR: 77AD97D3 CODE: 7479 jz 0x77ad984e
Eax=303E2FC Ebx=33EE480 Ecx=14 Edx=19A06614 Edi=33EE280 Esi=33EE3FC Ebp=303E290 Esp=303E270 Eip=77AD97D3

ADDR: 77C47B53 CODE: 746e jz 0x77c47bc3
Eax=FFFFFFFE Ebx=77BB5C18 Ecx=FFFFFFFF Edx=19A06614 Edi=77BB5C1C Esi=FFFFFFFE Ebp=303E288 Esp=303E274 Eip=77C47B53

ADDR: 77AD94A4 CODE: 7458 jz 0x77ad94fe
Eax=BEA71F01 Ebx=76D1B498 Ecx=14 Edx=19A06614 Edi=2 Esi=77915A70 Ebp=303E2CC Esp=303E2B4 Eip=77AD94A4

ADDR: 77C98DEB CODE: 730a jae 0x77c98df7
Eax=EF22B4E Ebx=76D1B498 Ecx=77915A70 Edx=404000 Edi=2 Esi=77915A70 Ebp=303E2CC Esp=303E2A8 Eip=77C98DEB

ADDR: 77C909B7 CODE: 747f jz 0x77c90a38
Eax=2 Ebx=2E98FB4 Ecx=77915A70 Edx=2E98FB4 Edi=2 Esi=77915A70 Ebp=303E280 Esp=303E274 Eip=77C909B7

ADDR: 77C909BE CODE: 7378 jae 0x77c90a38
Eax=2 Ebx=2E98FB4 Ecx=77915A70 Edx=2E98FB4 Edi=2 Esi=77915A70 Ebp=303E280 Esp=303E274 Eip=77C909BE

ADDR: 77915A83 CODE: 790d jns 0x77915a92
Eax=0 Ebx=76D1B498 Ecx=33DA3C8 Edx=0 Edi=2 Esi=77915A70 Ebp=303E2A4 Esp=303E2A4 Eip=77915A83

ADDR: 77AE2C46 CODE: 740a jz 0x77ae2c52
Eax=0 Ebx=76D1B498 Ecx=76F1E980 Edx=0 Edi=76D930D0 Esi=76D1B36C Ebp=303E360 Esp=303E354 Eip=77AE2C46

ADDR: 77C98DEB CODE: 730a jae 0x77c98df7
Eax=EDB261A Ebx=76D1B498 Ecx=76D930D0 Edx=44444444 Edi=76D930D0 Esi=76D1B36C Ebp=303E360 Esp=303E350 Eip=77C98DEB

ADDR: 77AD95B4 CODE: 7458 jz 0x77ad960e
Eax=BEA71F01 Ebx=76D1B498 Ecx=14 Edx=7728C8DC Edi=2 Esi=77915A70 Ebp=303E2D0 Esp=303E2B8 Eip=77AD95B4

ADDR: 77C98DEB CODE: 730a jae 0x77c98df7
Eax=EF22B4E Ebx=76D1B498 Ecx=77915A70 Edx=404000 Edi=2 Esi=77915A70 Ebp=303E2D0 Esp=303E2AC Eip=77C98DEB

ADDR: 77C909B7 CODE: 747f jz 0x77c90a38
Eax=2 Ebx=2E98FB4 Ecx=77915A70 Edx=2E98FB4 Edi=2 Esi=77915A70 Ebp=303E284 Esp=303E278 Eip=77C909B7

ADDR: 77C909BE CODE: 7378 jae 0x77c90a38
Eax=2 Ebx=2E98FB4 Ecx=77915A70 Edx=2E98FB4 Edi=2 Esi=77915A70 Ebp=303E284 Esp=303E278 Eip=77C909BE

ADDR: 77915A83 CODE: 790d jns 0x77915a92
Eax=0 Ebx=76D1B498 Ecx=33DA3C8 Edx=0 Edi=2 Esi=77915A70 Ebp=303E2A8 Esp=303E2A8 Eip=77915A83

ADDR: 77AD90DC CODE: 7454 jz 0x77ad9132
Eax=13A71F14 Ebx=76D1B498 Ecx=14 Edx=0 Edi=2 Esi=779000A0 Ebp=303E31C Esp=303E2C0 Eip=77AD90DC

ADDR: 77C98DEB CODE: 730a jae 0x77c98df7
Eax=EF20014 Ebx=76D1B498 Ecx=779000A0 Edx=104000 Edi=2 Esi=779000A0 Ebp=303E31C Esp=303E2B8 Eip=77C98DEB

ADDR: 77C8C686 CODE: 743c jz 0x77c8c6c4
Eax=2 Ebx=76D1B498 Ecx=33DA3C0 Edx=104000 Edi=2 Esi=2E98000 Ebp=303E29C Esp=303E29C Eip=77C8C686

ADDR: 77C8C68D CODE: 7335 jae 0x77c8c6c4
Eax=2 Ebx=76D1B498 Ecx=33DA3C0 Edx=104000 Edi=2 Esi=2E98000 Ebp=303E29C Esp=303E29C Eip=77C8C68D

ADDR: 77C8C6AC CODE: 740c jz 0x77c8c6ba
Eax=33DCAA0 Ebx=76D1B498 Ecx=33DA3C0 Edx=0 Edi=2 Esi=2 Ebp=303E29C Esp=303E298 Eip=77C8C6AC

ADDR: 77C8C6B4 CODE: 7404 jz 0x77c8c6ba
Eax=33DCAAC Ebx=76D1B498 Ecx=33DA3C0 Edx=0 Edi=2 Esi=2 Ebp=303E29C Esp=303E298 Eip=77C8C6B4

ADDR: 779000BD CODE: 791c jns 0x779000db
Eax=0 Ebx=76D1B498 Ecx=303E2B0 Edx=0 Edi=2 Esi=2E98000 Ebp=303E2B4 Esp=303E2AC Eip=779000BD

ADDR: 77C4E69A CODE: 7315 jae 0x77c4e6b1
Eax=77BB5C1C Ebx=76D1B498 Ecx=77BB5C18 Edx=2E98000 Edi=76D930D0 Esi=7728C8DC Ebp=303E28C Esp=303E288 Eip=77C4E69A

ADDR: 77AD97A6 CODE: 0f8454720500 jz 0x77b30a00
Eax=303E2FC Ebx=7728C8DC Ecx=303E2E8 Edx=2E98000 Edi=76D930D0 Esi=7728C8DC Ebp=303E290 Esp=303E270 Eip=77AD97A6

ADDR: 77AD97D3 CODE: 7479 jz 0x77ad984e
Eax=303E2FC Ebx=33EE480 Ecx=14 Edx=19A06614 Edi=33EE280 Esi=33EE400 Ebp=303E290 Esp=303E270 Eip=77AD97D3

ADDR: 77C47B53 CODE: 746e jz 0x77c47bc3
Eax=FFFFFFFE Ebx=77BB5C18 Ecx=FFFFFFFF Edx=19A06614 Edi=77BB5C1C Esi=FFFFFFFE Ebp=303E288 Esp=303E274 Eip=77C47B53

ADDR: 77AD94A4 CODE: 7458 jz 0x77ad94fe
Eax=BEA71F01 Ebx=76D1B498 Ecx=14 Edx=19A06614 Edi=2 Esi=77915A70 Ebp=303E2CC Esp=303E2B4 Eip=77AD94A4

ADDR: 77C98DEB CODE: 730a jae 0x77c98df7
Eax=EF22B4E Ebx=76D1B498 Ecx=77915A70 Edx=404000 Edi=2 Esi=77915A70 Ebp=303E2CC Esp=303E2A8 Eip=77C98DEB

ADDR: 77C909B7 CODE: 747f jz 0x77c90a38
Eax=2 Ebx=2E98FB4 Ecx=77915A70 Edx=2E98FB4 Edi=2 Esi=77915A70 Ebp=303E280 Esp=303E274 Eip=77C909B7

ADDR: 77C909BE CODE: 7378 jae 0x77c90a38
Eax=2 Ebx=2E98FB4 Ecx=77915A70 Edx=2E98FB4 Edi=2 Esi=77915A70 Ebp=303E280 Esp=303E274 Eip=77C909BE

ADDR: 77915A83 CODE: 790d jns 0x77915a92
Eax=0 Ebx=76D1B498 Ecx=33DA3C8 Edx=0 Edi=2 Esi=77915A70 Ebp=303E2A4 Esp=303E2A4 Eip=77915A83

ADDR: 77AE2C46 CODE: 740a jz 0x77ae2c52
Eax=0 Ebx=76D1B498 Ecx=76F1E990 Edx=0 Edi=76D930F0 Esi=76D1B370 Ebp=303E360 Esp=303E354 Eip=77AE2C46

ADDR: 77C98DEB CODE: 730a jae 0x77c98df7
Eax=EDB261E Ebx=76D1B498 Ecx=76D930F0 Edx=44444444 Edi=76D930F0 Esi=76D1B370 Ebp=303E360 Esp=303E350 Eip=77C98DEB

ADDR: 76E1BA7B CODE: 7410 jz 0x76e1ba8d
Eax=303E33C Ebx=76D1B498 Ecx=7728D9D8 Edx=44444444 Edi=76D930F0 Esi=76D1B370 Ebp=303E348 Esp=303E32C Eip=76E1BA7B

ADDR: 77C98DEB CODE: 730a jae 0x77c98df7
Eax=EDC375A Ebx=76D1B498 Ecx=76E1BAD0 Edx=4000000 Edi=76D930F0 Esi=76E1BAD0 Ebp=303E348 Esp=303E324 Eip=77C98DEB

ADDR: 77AD95B4 CODE: 7458 jz 0x77ad960e
Eax=BEA71F01 Ebx=76D1B498 Ecx=14 Edx=7728C8DC Edi=2 Esi=77915A70 Ebp=303E2D0 Esp=303E2B8 Eip=77AD95B4

ADDR: 77C98DEB CODE: 730a jae 0x77c98df7
Eax=EF22B4E Ebx=76D1B498 Ecx=77915A70 Edx=404000 Edi=2 Esi=77915A70 Ebp=303E2D0 Esp=303E2AC Eip=77C98DEB

ADDR: 77C909B7 CODE: 747f jz 0x77c90a38
Eax=2 Ebx=2E98FB4 Ecx=77915A70 Edx=2E98FB4 Edi=2 Esi=77915A70 Ebp=303E284 Esp=303E278 Eip=77C909B7

ADDR: 77C909BE CODE: 7378 jae 0x77c90a38
Eax=2 Ebx=2E98FB4 Ecx=77915A70 Edx=2E98FB4 Edi=2 Esi=77915A70 Ebp=303E284 Esp=303E278 Eip=77C909BE

ADDR: 77915A83 CODE: 790d jns 0x77915a92
Eax=0 Ebx=76D1B498 Ecx=33DA3C8 Edx=0 Edi=2 Esi=77915A70 Ebp=303E2A8 Esp=303E2A8 Eip=77915A83

ADDR: 77AD90DC CODE: 7454 jz 0x77ad9132
Eax=13A71F14 Ebx=76D1B498 Ecx=14 Edx=0 Edi=2 Esi=779000A0 Ebp=303E31C Esp=303E2C0 Eip=77AD90DC

ADDR: 77C98DEB CODE: 730a jae 0x77c98df7
Eax=EF20014 Ebx=76D1B498 Ecx=779000A0 Edx=104000 Edi=2 Esi=779000A0 Ebp=303E31C Esp=303E2B8 Eip=77C98DEB

ADDR: 77C8C686 CODE: 743c jz 0x77c8c6c4
Eax=2 Ebx=76D1B498 Ecx=33DA3C0 Edx=104000 Edi=2 Esi=2E98000 Ebp=303E29C Esp=303E29C Eip=77C8C686

ADDR: 77C8C68D CODE: 7335 jae 0x77c8c6c4
Eax=2 Ebx=76D1B498 Ecx=33DA3C0 Edx=104000 Edi=2 Esi=2E98000 Ebp=303E29C Esp=303E29C Eip=77C8C68D

ADDR: 77C8C6AC CODE: 740c jz 0x77c8c6ba
Eax=33DCAA0 Ebx=76D1B498 Ecx=33DA3C0 Edx=0 Edi=2 Esi=2 Ebp=303E29C Esp=303E298 Eip=77C8C6AC

ADDR: 77C8C6B4 CODE: 7404 jz 0x77c8c6ba
Eax=33DCAAC Ebx=76D1B498 Ecx=33DA3C0 Edx=0 Edi=2 Esi=2 Ebp=303E29C Esp=303E298 Eip=77C8C6B4

ADDR: 779000BD CODE: 791c jns 0x779000db
Eax=0 Ebx=76D1B498 Ecx=303E2B0 Edx=0 Edi=2 Esi=2E98000 Ebp=303E2B4 Esp=303E2AC Eip=779000BD

ADDR: 77C4E69A CODE: 7315 jae 0x77c4e6b1
Eax=77BB5C1C Ebx=76D1B498 Ecx=77BB5C18 Edx=2E98000 Edi=76D930F0 Esi=7728C8DC Ebp=303E28C Esp=303E288 Eip=77C4E69A

ADDR: 77AD97A6 CODE: 0f8454720500 jz 0x77b30a00
Eax=303E2FC Ebx=7728C8DC Ecx=303E2E8 Edx=2E98000 Edi=76D930F0 Esi=7728C8DC Ebp=303E290 Esp=303E270 Eip=77AD97A6

ADDR: 77AD97D3 CODE: 7479 jz 0x77ad984e
Eax=303E2FC Ebx=33EE480 Ecx=14 Edx=19A06614 Edi=33EE280 Esi=33EE404 Ebp=303E290 Esp=303E270 Eip=77AD97D3

ADDR: 77C47B53 CODE: 746e jz 0x77c47bc3
Eax=FFFFFFFE Ebx=77BB5C18 Ecx=FFFFFFFF Edx=19A06614 Edi=77BB5C1C Esi=FFFFFFFE Ebp=303E288 Esp=303E274 Eip=77C47B53

ADDR: 77AD94A4 CODE: 7458 jz 0x77ad94fe
Eax=BEA71F01 Ebx=76D1B498 Ecx=14 Edx=19A06614 Edi=2 Esi=77915A70 Ebp=303E2CC Esp=303E2B4 Eip=77AD94A4

ADDR: 77C98DEB CODE: 730a jae 0x77c98df7
Eax=EF22B4E Ebx=76D1B498 Ecx=77915A70 Edx=404000 Edi=2 Esi=77915A70 Ebp=303E2CC Esp=303E2A8 Eip=77C98DEB

ADDR: 77C909B7 CODE: 747f jz 0x77c90a38
Eax=2 Ebx=2E98FB4 Ecx=77915A70 Edx=2E98FB4 Edi=2 Esi=77915A70 Ebp=303E280 Esp=303E274 Eip=77C909B7

ADDR: 77C909BE CODE: 7378 jae 0x77c90a38
Eax=2 Ebx=2E98FB4 Ecx=77915A70 Edx=2E98FB4 Edi=2 Esi=77915A70 Ebp=303E280 Esp=303E274 Eip=77C909BE

ADDR: 77915A83 CODE: 790d jns 0x77915a92
Eax=0 Ebx=76D1B498 Ecx=33DA3C8 Edx=0 Edi=2 Esi=77915A70 Ebp=303E2A4 Esp=303E2A4 Eip=77915A83

ADDR: 77AE2C46 CODE: 740a jz 0x77ae2c52
Eax=0 Ebx=76D1B498 Ecx=76F1E9A0 Edx=0 Edi=76D93110 Esi=76D1B374 Ebp=303E360 Esp=303E354 Eip=77AE2C46

ADDR: 77C98DEB CODE: 730a jae 0x77c98df7
Eax=EDB2622 Ebx=76D1B498 Ecx=76D93110 Edx=44444444 Edi=76D93110 Esi=76D1B374 Ebp=303E360 Esp=303E350 Eip=77C98DEB

ADDR: 77AD95B4 CODE: 7458 jz 0x77ad960e
Eax=BEA71F01 Ebx=76D1B498 Ecx=14 Edx=7728C8DC Edi=2 Esi=77915A70 Ebp=303E2D0 Esp=303E2B8 Eip=77AD95B4

ADDR: 77C98DEB CODE: 730a jae 0x77c98df7
Eax=EF22B4E Ebx=76D1B498 Ecx=77915A70 Edx=404000 Edi=2 Esi=77915A70 Ebp=303E2D0 Esp=303E2AC Eip=77C98DEB

ADDR: 77C909B7 CODE: 747f jz 0x77c90a38
Eax=2 Ebx=2E98FB4 Ecx=77915A70 Edx=2E98FB4 Edi=2 Esi=77915A70 Ebp=303E284 Esp=303E278 Eip=77C909B7

ADDR: 77C909BE CODE: 7378 jae 0x77c90a38
Eax=2 Ebx=2E98FB4 Ecx=77915A70 Edx=2E98FB4 Edi=2 Esi=77915A70 Ebp=303E284 Esp=303E278 Eip=77C909BE

ADDR: 77915A83 CODE: 790d jns 0x77915a92
Eax=0 Ebx=76D1B498 Ecx=33DA3C8 Edx=0 Edi=2 Esi=77915A70 Ebp=303E2A8 Esp=303E2A8 Eip=77915A83

ADDR: 77AD90DC CODE: 7454 jz 0x77ad9132
Eax=13A71F14 Ebx=76D1B498 Ecx=14 Edx=0 Edi=2 Esi=779000A0 Ebp=303E31C Esp=303E2C0 Eip=77AD90DC

ADDR: 77C98DEB CODE: 730a jae 0x77c98df7
Eax=EF20014 Ebx=76D1B498 Ecx=779000A0 Edx=104000 Edi=2 Esi=779000A0 Ebp=303E31C Esp=303E2B8 Eip=77C98DEB

ADDR: 77C8C686 CODE: 743c jz 0x77c8c6c4
Eax=2 Ebx=76D1B498 Ecx=33DA3C0 Edx=104000 Edi=2 Esi=2E98000 Ebp=303E29C Esp=303E29C Eip=77C8C686

ADDR: 77C8C68D CODE: 7335 jae 0x77c8c6c4
Eax=2 Ebx=76D1B498 Ecx=33DA3C0 Edx=104000 Edi=2 Esi=2E98000 Ebp=303E29C Esp=303E29C Eip=77C8C68D

ADDR: 77C8C6AC CODE: 740c jz 0x77c8c6ba
Eax=33DCAA0 Ebx=76D1B498 Ecx=33DA3C0 Edx=0 Edi=2 Esi=2 Ebp=303E29C Esp=303E298 Eip=77C8C6AC

ADDR: 77C8C6B4 CODE: 7404 jz 0x77c8c6ba
Eax=33DCAAC Ebx=76D1B498 Ecx=33DA3C0 Edx=0 Edi=2 Esi=2 Ebp=303E29C Esp=303E298 Eip=77C8C6B4

ADDR: 779000BD CODE: 791c jns 0x779000db
Eax=0 Ebx=76D1B498 Ecx=303E2B0 Edx=0 Edi=2 Esi=2E98000 Ebp=303E2B4 Esp=303E2AC Eip=779000BD

ADDR: 77C4E69A CODE: 7315 jae 0x77c4e6b1
Eax=77BB5C1C Ebx=76D1B498 Ecx=77BB5C18 Edx=2E98000 Edi=76D93110 Esi=7728C8DC Ebp=303E28C Esp=303E288 Eip=77C4E69A

ADDR: 77AD97A6 CODE: 0f8454720500 jz 0x77b30a00
Eax=303E2FC Ebx=7728C8DC Ecx=303E2E8 Edx=2E98000 Edi=76D93110 Esi=7728C8DC Ebp=303E290 Esp=303E270 Eip=77AD97A6

ADDR: 77AD97D3 CODE: 7479 jz 0x77ad984e
Eax=303E2FC Ebx=33EE480 Ecx=14 Edx=19A06614 Edi=33EE280 Esi=33EE408 Ebp=303E290 Esp=303E270 Eip=77AD97D3

ADDR: 77C47B53 CODE: 746e jz 0x77c47bc3
Eax=FFFFFFFE Ebx=77BB5C18 Ecx=FFFFFFFF Edx=19A06614 Edi=77BB5C1C Esi=FFFFFFFE Ebp=303E288 Esp=303E274 Eip=77C47B53

ADDR: 77AD94A4 CODE: 7458 jz 0x77ad94fe
Eax=BEA71F01 Ebx=76D1B498 Ecx=14 Edx=19A06614 Edi=2 Esi=77915A70 Ebp=303E2CC Esp=303E2B4 Eip=77AD94A4

ADDR: 77C98DEB CODE: 730a jae 0x77c98df7
Eax=EF22B4E Ebx=76D1B498 Ecx=77915A70 Edx=404000 Edi=2 Esi=77915A70 Ebp=303E2CC Esp=303E2A8 Eip=77C98DEB

ADDR: 77C909B7 CODE: 747f jz 0x77c90a38
Eax=2 Ebx=2E98FB4 Ecx=77915A70 Edx=2E98FB4 Edi=2 Esi=77915A70 Ebp=303E280 Esp=303E274 Eip=77C909B7

ADDR: 77C909BE CODE: 7378 jae 0x77c90a38
Eax=2 Ebx=2E98FB4 Ecx=77915A70 Edx=2E98FB4 Edi=2 Esi=77915A70 Ebp=303E280 Esp=303E274 Eip=77C909BE

ADDR: 77915A83 CODE: 790d jns 0x77915a92
Eax=0 Ebx=76D1B498 Ecx=33DA3C8 Edx=0 Edi=2 Esi=77915A70 Ebp=303E2A4 Esp=303E2A4 Eip=77915A83

ADDR: 77AE2C46 CODE: 740a jz 0x77ae2c52
Eax=0 Ebx=76D1B498 Ecx=76F1E9B0 Edx=0 Edi=76D93130 Esi=76D1B378 Ebp=303E360 Esp=303E354 Eip=77AE2C46

ADDR: 77C98DEB CODE: 730a jae 0x77c98df7
Eax=EDB2626 Ebx=76D1B498 Ecx=76D93130 Edx=44444444 Edi=76D93130 Esi=76D1B378 Ebp=303E360 Esp=303E350 Eip=77C98DEB

ADDR: 77AD95B4 CODE: 7458 jz 0x77ad960e
Eax=BEA71F01 Ebx=76D1B498 Ecx=14 Edx=7728C8DC Edi=2 Esi=77915A70 Ebp=303E2D0 Esp=303E2B8 Eip=77AD95B4

ADDR: 77C98DEB CODE: 730a jae 0x77c98df7
Eax=EF22B4E Ebx=76D1B498 Ecx=77915A70 Edx=404000 Edi=2 Esi=77915A70 Ebp=303E2D0 Esp=303E2AC Eip=77C98DEB

ADDR: 77C909B7 CODE: 747f jz 0x77c90a38
Eax=2 Ebx=2E98FB4 Ecx=77915A70 Edx=2E98FB4 Edi=2 Esi=77915A70 Ebp=303E284 Esp=303E278 Eip=77C909B7

ADDR: 77C909BE CODE: 7378 jae 0x77c90a38
Eax=2 Ebx=2E98FB4 Ecx=77915A70 Edx=2E98FB4 Edi=2 Esi=77915A70 Ebp=303E284 Esp=303E278 Eip=77C909BE

ADDR: 77915A83 CODE: 790d jns 0x77915a92
Eax=0 Ebx=76D1B498 Ecx=33DA3C8 Edx=0 Edi=2 Esi=77915A70 Ebp=303E2A8 Esp=303E2A8 Eip=77915A83

ADDR: 77AD90DC CODE: 7454 jz 0x77ad9132
Eax=13A71F14 Ebx=76D1B498 Ecx=14 Edx=0 Edi=2 Esi=779000A0 Ebp=303E31C Esp=303E2C0 Eip=77AD90DC

ADDR: 77C98DEB CODE: 730a jae 0x77c98df7
Eax=EF20014 Ebx=76D1B498 Ecx=779000A0 Edx=104000 Edi=2 Esi=779000A0 Ebp=303E31C Esp=303E2B8 Eip=77C98DEB

ADDR: 77C8C686 CODE: 743c jz 0x77c8c6c4
Eax=2 Ebx=76D1B498 Ecx=33DA3C0 Edx=104000 Edi=2 Esi=2E98000 Ebp=303E29C Esp=303E29C Eip=77C8C686

ADDR: 77C8C68D CODE: 7335 jae 0x77c8c6c4
Eax=2 Ebx=76D1B498 Ecx=33DA3C0 Edx=104000 Edi=2 Esi=2E98000 Ebp=303E29C Esp=303E29C Eip=77C8C68D

ADDR: 77C8C6AC CODE: 740c jz 0x77c8c6ba
Eax=33DCAA0 Ebx=76D1B498 Ecx=33DA3C0 Edx=0 Edi=2 Esi=2 Ebp=303E29C Esp=303E298 Eip=77C8C6AC

ADDR: 77C8C6B4 CODE: 7404 jz 0x77c8c6ba
Eax=33DCAAC Ebx=76D1B498 Ecx=33DA3C0 Edx=0 Edi=2 Esi=2 Ebp=303E29C Esp=303E298 Eip=77C8C6B4

ADDR: 779000BD CODE: 791c jns 0x779000db
Eax=0 Ebx=76D1B498 Ecx=303E2B0 Edx=0 Edi=2 Esi=2E98000 Ebp=303E2B4 Esp=303E2AC Eip=779000BD

ADDR: 77C4E69A CODE: 7315 jae 0x77c4e6b1
Eax=77BB5C1C Ebx=76D1B498 Ecx=77BB5C18 Edx=2E98000 Edi=76D93130 Esi=7728C8DC Ebp=303E28C Esp=303E288 Eip=77C4E69A

ADDR: 77AD97A6 CODE: 0f8454720500 jz 0x77b30a00
Eax=303E2FC Ebx=7728C8DC Ecx=303E2E8 Edx=2E98000 Edi=76D93130 Esi=7728C8DC Ebp=303E290 Esp=303E270 Eip=77AD97A6

ADDR: 77AD97D3 CODE: 7479 jz 0x77ad984e
Eax=303E2FC Ebx=33EE480 Ecx=14 Edx=19A06614 Edi=33EE280 Esi=33EE40C Ebp=303E290 Esp=303E270 Eip=77AD97D3

ADDR: 77C47B53 CODE: 746e jz 0x77c47bc3
Eax=FFFFFFFE Ebx=77BB5C18 Ecx=FFFFFFFF Edx=19A06614 Edi=77BB5C1C Esi=FFFFFFFE Ebp=303E288 Esp=303E274 Eip=77C47B53

ADDR: 77AD94A4 CODE: 7458 jz 0x77ad94fe
Eax=BEA71F01 Ebx=76D1B498 Ecx=14 Edx=19A06614 Edi=2 Esi=77915A70 Ebp=303E2CC Esp=303E2B4 Eip=77AD94A4

ADDR: 77C98DEB CODE: 730a jae 0x77c98df7
Eax=EF22B4E Ebx=76D1B498 Ecx=77915A70 Edx=404000 Edi=2 Esi=77915A70 Ebp=303E2CC Esp=303E2A8 Eip=77C98DEB

ADDR: 77C909B7 CODE: 747f jz 0x77c90a38
Eax=2 Ebx=2E98FB4 Ecx=77915A70 Edx=2E98FB4 Edi=2 Esi=77915A70 Ebp=303E280 Esp=303E274 Eip=77C909B7

ADDR: 77C909BE CODE: 7378 jae 0x77c90a38
Eax=2 Ebx=2E98FB4 Ecx=77915A70 Edx=2E98FB4 Edi=2 Esi=77915A70 Ebp=303E280 Esp=303E274 Eip=77C909BE

ADDR: 77915A83 CODE: 790d jns 0x77915a92
Eax=0 Ebx=76D1B498 Ecx=33DA3C8 Edx=0 Edi=2 Esi=77915A70 Ebp=303E2A4 Esp=303E2A4 Eip=77915A83

ADDR: 77AE2C46 CODE: 740a jz 0x77ae2c52
Eax=0 Ebx=76D1B498 Ecx=76F1E9C0 Edx=0 Edi=76D93170 Esi=76D1B37C Ebp=303E360 Esp=303E354 Eip=77AE2C46

ADDR: 77C98DEB CODE: 730a jae 0x77c98df7
Eax=EDB262E Ebx=76D1B498 Ecx=76D93170 Edx=44444444 Edi=76D93170 Esi=76D1B37C Ebp=303E360 Esp=303E350 Eip=77C98DEB

ADDR: 77AD95B4 CODE: 7458 jz 0x77ad960e
Eax=BEA71F01 Ebx=76D1B498 Ecx=14 Edx=7728C8DC Edi=2 Esi=77915A70 Ebp=303E2D0 Esp=303E2B8 Eip=77AD95B4

ADDR: 77C98DEB CODE: 730a jae 0x77c98df7
Eax=EF22B4E Ebx=76D1B498 Ecx=77915A70 Edx=404000 Edi=2 Esi=77915A70 Ebp=303E2D0 Esp=303E2AC Eip=77C98DEB

ADDR: 77C909B7 CODE: 747f jz 0x77c90a38
Eax=2 Ebx=2E98FB4 Ecx=77915A70 Edx=2E98FB4 Edi=2 Esi=77915A70 Ebp=303E284 Esp=303E278 Eip=77C909B7

ADDR: 77C909BE CODE: 7378 jae 0x77c90a38
Eax=2 Ebx=2E98FB4 Ecx=77915A70 Edx=2E98FB4 Edi=2 Esi=77915A70 Ebp=303E284 Esp=303E278 Eip=77C909BE

ADDR: 77915A83 CODE: 790d jns 0x77915a92
Eax=0 Ebx=76D1B498 Ecx=33DA3C8 Edx=0 Edi=2 Esi=77915A70 Ebp=303E2A8 Esp=303E2A8 Eip=77915A83

ADDR: 77AD90DC CODE: 7454 jz 0x77ad9132
Eax=13A71F14 Ebx=76D1B498 Ecx=14 Edx=0 Edi=2 Esi=779000A0 Ebp=303E31C Esp=303E2C0 Eip=77AD90DC

ADDR: 77C98DEB CODE: 730a jae 0x77c98df7
Eax=EF20014 Ebx=76D1B498 Ecx=779000A0 Edx=104000 Edi=2 Esi=779000A0 Ebp=303E31C Esp=303E2B8 Eip=77C98DEB

ADDR: 77C8C686 CODE: 743c jz 0x77c8c6c4
Eax=2 Ebx=76D1B498 Ecx=33DA3C0 Edx=104000 Edi=2 Esi=2E98000 Ebp=303E29C Esp=303E29C Eip=77C8C686

ADDR: 77C8C68D CODE: 7335 jae 0x77c8c6c4
Eax=2 Ebx=76D1B498 Ecx=33DA3C0 Edx=104000 Edi=2 Esi=2E98000 Ebp=303E29C Esp=303E29C Eip=77C8C68D

ADDR: 77C8C6AC CODE: 740c jz 0x77c8c6ba
Eax=33DCAA0 Ebx=76D1B498 Ecx=33DA3C0 Edx=0 Edi=2 Esi=2 Ebp=303E29C Esp=303E298 Eip=77C8C6AC

ADDR: 77C8C6B4 CODE: 7404 jz 0x77c8c6ba
Eax=33DCAAC Ebx=76D1B498 Ecx=33DA3C0 Edx=0 Edi=2 Esi=2 Ebp=303E29C Esp=303E298 Eip=77C8C6B4

ADDR: 779000BD CODE: 791c jns 0x779000db
Eax=0 Ebx=76D1B498 Ecx=303E2B0 Edx=0 Edi=2 Esi=2E98000 Ebp=303E2B4 Esp=303E2AC Eip=779000BD

ADDR: 77C4E69A CODE: 7315 jae 0x77c4e6b1
Eax=77BB5C1C Ebx=76D1B498 Ecx=77BB5C18 Edx=2E98000 Edi=76D93170 Esi=7728C8DC Ebp=303E28C Esp=303E288 Eip=77C4E69A

ADDR: 77AD97A6 CODE: 0f8454720500 jz 0x77b30a00
Eax=303E2FC Ebx=7728C8DC Ecx=303E2E8 Edx=2E98000 Edi=76D93170 Esi=7728C8DC Ebp=303E290 Esp=303E270 Eip=77AD97A6

ADDR: 77AD97D3 CODE: 7479 jz 0x77ad984e
Eax=303E2FC Ebx=33EE480 Ecx=14 Edx=19A06614 Edi=33EE280 Esi=33EE410 Ebp=303E290 Esp=303E270 Eip=77AD97D3

ADDR: 77C47B53 CODE: 746e jz 0x77c47bc3
Eax=FFFFFFFE Ebx=77BB5C18 Ecx=FFFFFFFF Edx=19A06614 Edi=77BB5C1C Esi=FFFFFFFE Ebp=303E288 Esp=303E274 Eip=77C47B53

ADDR: 77AD94A4 CODE: 7458 jz 0x77ad94fe
Eax=BEA71F01 Ebx=76D1B498 Ecx=14 Edx=19A06614 Edi=2 Esi=77915A70 Ebp=303E2CC Esp=303E2B4 Eip=77AD94A4

ADDR: 77C98DEB CODE: 730a jae 0x77c98df7
Eax=EF22B4E Ebx=76D1B498 Ecx=77915A70 Edx=404000 Edi=2 Esi=77915A70 Ebp=303E2CC Esp=303E2A8 Eip=77C98DEB

ADDR: 77C909B7 CODE: 747f jz 0x77c90a38
Eax=2 Ebx=2E98FB4 Ecx=77915A70 Edx=2E98FB4 Edi=2 Esi=77915A70 Ebp=303E280 Esp=303E274 Eip=77C909B7

ADDR: 77C909BE CODE: 7378 jae 0x77c90a38
Eax=2 Ebx=2E98FB4 Ecx=77915A70 Edx=2E98FB4 Edi=2 Esi=77915A70 Ebp=303E280 Esp=303E274 Eip=77C909BE

ADDR: 77915A83 CODE: 790d jns 0x77915a92
Eax=0 Ebx=76D1B498 Ecx=33DA3C8 Edx=0 Edi=2 Esi=77915A70 Ebp=303E2A4 Esp=303E2A4 Eip=77915A83

ADDR: 77AE2C46 CODE: 740a jz 0x77ae2c52
Eax=0 Ebx=76D1B498 Ecx=76F1E9E0 Edx=0 Edi=76D93150 Esi=76D1B380 Ebp=303E360 Esp=303E354 Eip=77AE2C46

ADDR: 77C98DEB CODE: 730a jae 0x77c98df7
Eax=EDB262A Ebx=76D1B498 Ecx=76D93150 Edx=44444444 Edi=76D93150 Esi=76D1B380 Ebp=303E360 Esp=303E350 Eip=77C98DEB

ADDR: 77AD95B4 CODE: 7458 jz 0x77ad960e
Eax=BEA71F01 Ebx=76D1B498 Ecx=14 Edx=7728C8DC Edi=2 Esi=77915A70 Ebp=303E2D0 Esp=303E2B8 Eip=77AD95B4

ADDR: 77C98DEB CODE: 730a jae 0x77c98df7
Eax=EF22B4E Ebx=76D1B498 Ecx=77915A70 Edx=404000 Edi=2 Esi=77915A70 Ebp=303E2D0 Esp=303E2AC Eip=77C98DEB

ADDR: 77C909B7 CODE: 747f jz 0x77c90a38
Eax=2 Ebx=2E98FB4 Ecx=77915A70 Edx=2E98FB4 Edi=2 Esi=77915A70 Ebp=303E284 Esp=303E278 Eip=77C909B7

ADDR: 77C909BE CODE: 7378 jae 0x77c90a38
Eax=2 Ebx=2E98FB4 Ecx=77915A70 Edx=2E98FB4 Edi=2 Esi=77915A70 Ebp=303E284 Esp=303E278 Eip=77C909BE

ADDR: 77915A83 CODE: 790d jns 0x77915a92
Eax=0 Ebx=76D1B498 Ecx=33DA3C8 Edx=0 Edi=2 Esi=77915A70 Ebp=303E2A8 Esp=303E2A8 Eip=77915A83

ADDR: 77AD90DC CODE: 7454 jz 0x77ad9132
Eax=13A71F14 Ebx=76D1B498 Ecx=14 Edx=0 Edi=2 Esi=779000A0 Ebp=303E31C Esp=303E2C0 Eip=77AD90DC

ADDR: 77C98DEB CODE: 730a jae 0x77c98df7
Eax=EF20014 Ebx=76D1B498 Ecx=779000A0 Edx=104000 Edi=2 Esi=779000A0 Ebp=303E31C Esp=303E2B8 Eip=77C98DEB

ADDR: 77C8C686 CODE: 743c jz 0x77c8c6c4
Eax=2 Ebx=76D1B498 Ecx=33DA3C0 Edx=104000 Edi=2 Esi=2E98000 Ebp=303E29C Esp=303E29C Eip=77C8C686

ADDR: 77C8C68D CODE: 7335 jae 0x77c8c6c4
Eax=2 Ebx=76D1B498 Ecx=33DA3C0 Edx=104000 Edi=2 Esi=2E98000 Ebp=303E29C Esp=303E29C Eip=77C8C68D

ADDR: 77C8C6AC CODE: 740c jz 0x77c8c6ba
Eax=33DCAA0 Ebx=76D1B498 Ecx=33DA3C0 Edx=0 Edi=2 Esi=2 Ebp=303E29C Esp=303E298 Eip=77C8C6AC

ADDR: 77C8C6B4 CODE: 7404 jz 0x77c8c6ba
Eax=33DCAAC Ebx=76D1B498 Ecx=33DA3C0 Edx=0 Edi=2 Esi=2 Ebp=303E29C Esp=303E298 Eip=77C8C6B4

ADDR: 779000BD CODE: 791c jns 0x779000db
Eax=0 Ebx=76D1B498 Ecx=303E2B0 Edx=0 Edi=2 Esi=2E98000 Ebp=303E2B4 Esp=303E2AC Eip=779000BD

ADDR: 77C4E69A CODE: 7315 jae 0x77c4e6b1
Eax=77BB5C1C Ebx=76D1B498 Ecx=77BB5C18 Edx=2E98000 Edi=76D93150 Esi=7728C8DC Ebp=303E28C Esp=303E288 Eip=77C4E69A

ADDR: 77AD97A6 CODE: 0f8454720500 jz 0x77b30a00
Eax=303E2FC Ebx=7728C8DC Ecx=303E2E8 Edx=2E98000 Edi=76D93150 Esi=7728C8DC Ebp=303E290 Esp=303E270 Eip=77AD97A6

ADDR: 77AD97D3 CODE: 7479 jz 0x77ad984e
Eax=303E2FC Ebx=33EE480 Ecx=14 Edx=19A06614 Edi=33EE280 Esi=33EE414 Ebp=303E290 Esp=303E270 Eip=77AD97D3

ADDR: 77C47B53 CODE: 746e jz 0x77c47bc3
Eax=FFFFFFFE Ebx=77BB5C18 Ecx=FFFFFFFF Edx=19A06614 Edi=77BB5C1C Esi=FFFFFFFE Ebp=303E288 Esp=303E274 Eip=77C47B53

ADDR: 77AD94A4 CODE: 7458 jz 0x77ad94fe
Eax=BEA71F01 Ebx=76D1B498 Ecx=14 Edx=19A06614 Edi=2 Esi=77915A70 Ebp=303E2CC Esp=303E2B4 Eip=77AD94A4

ADDR: 77C98DEB CODE: 730a jae 0x77c98df7
Eax=EF22B4E Ebx=76D1B498 Ecx=77915A70 Edx=404000 Edi=2 Esi=77915A70 Ebp=303E2CC Esp=303E2A8 Eip=77C98DEB

ADDR: 77C909B7 CODE: 747f jz 0x77c90a38
Eax=2 Ebx=2E98FB4 Ecx=77915A70 Edx=2E98FB4 Edi=2 Esi=77915A70 Ebp=303E280 Esp=303E274 Eip=77C909B7

ADDR: 77C909BE CODE: 7378 jae 0x77c90a38
Eax=2 Ebx=2E98FB4 Ecx=77915A70 Edx=2E98FB4 Edi=2 Esi=77915A70 Ebp=303E280 Esp=303E274 Eip=77C909BE

ADDR: 77915A83 CODE: 790d jns 0x77915a92
Eax=0 Ebx=76D1B498 Ecx=33DA3C8 Edx=0 Edi=2 Esi=77915A70 Ebp=303E2A4 Esp=303E2A4 Eip=77915A83

ADDR: 77AE2C46 CODE: 740a jz 0x77ae2c52
Eax=0 Ebx=76D1B498 Ecx=76F1E9D0 Edx=0 Edi=76D93190 Esi=76D1B384 Ebp=303E360 Esp=303E354 Eip=77AE2C46

ADDR: 77C98DEB CODE: 730a jae 0x77c98df7
Eax=EDB2632 Ebx=76D1B498 Ecx=76D93190 Edx=44444444 Edi=76D93190 Esi=76D1B384 Ebp=303E360 Esp=303E350 Eip=77C98DEB

ADDR: 77AD95B4 CODE: 7458 jz 0x77ad960e
Eax=BEA71F01 Ebx=76D1B498 Ecx=14 Edx=7728C8DC Edi=2 Esi=77915A70 Ebp=303E2D0 Esp=303E2B8 Eip=77AD95B4

ADDR: 77C98DEB CODE: 730a jae 0x77c98df7
Eax=EF22B4E Ebx=76D1B498 Ecx=77915A70 Edx=404000 Edi=2 Esi=77915A70 Ebp=303E2D0 Esp=303E2AC Eip=77C98DEB

ADDR: 77C909B7 CODE: 747f jz 0x77c90a38
Eax=2 Ebx=2E98FB4 Ecx=77915A70 Edx=2E98FB4 Edi=2 Esi=77915A70 Ebp=303E284 Esp=303E278 Eip=77C909B7

ADDR: 77C909BE CODE: 7378 jae 0x77c90a38
Eax=2 Ebx=2E98FB4 Ecx=77915A70 Edx=2E98FB4 Edi=2 Esi=77915A70 Ebp=303E284 Esp=303E278 Eip=77C909BE

ADDR: 77915A83 CODE: 790d jns 0x77915a92
Eax=0 Ebx=76D1B498 Ecx=33DA3C8 Edx=0 Edi=2 Esi=77915A70 Ebp=303E2A8 Esp=303E2A8 Eip=77915A83

ADDR: 77AD90DC CODE: 7454 jz 0x77ad9132
Eax=13A71F14 Ebx=76D1B498 Ecx=14 Edx=0 Edi=2 Esi=779000A0 Ebp=303E31C Esp=303E2C0 Eip=77AD90DC

ADDR: 77C98DEB CODE: 730a jae 0x77c98df7
Eax=EF20014 Ebx=76D1B498 Ecx=779000A0 Edx=104000 Edi=2 Esi=779000A0 Ebp=303E31C Esp=303E2B8 Eip=77C98DEB

ADDR: 77C8C686 CODE: 743c jz 0x77c8c6c4
Eax=2 Ebx=76D1B498 Ecx=33DA3C0 Edx=104000 Edi=2 Esi=2E98000 Ebp=303E29C Esp=303E29C Eip=77C8C686

ADDR: 77C8C68D CODE: 7335 jae 0x77c8c6c4
Eax=2 Ebx=76D1B498 Ecx=33DA3C0 Edx=104000 Edi=2 Esi=2E98000 Ebp=303E29C Esp=303E29C Eip=77C8C68D

ADDR: 77C8C6AC CODE: 740c jz 0x77c8c6ba
Eax=33DCAA0 Ebx=76D1B498 Ecx=33DA3C0 Edx=0 Edi=2 Esi=2 Ebp=303E29C Esp=303E298 Eip=77C8C6AC

ADDR: 77C8C6B4 CODE: 7404 jz 0x77c8c6ba
Eax=33DCAAC Ebx=76D1B498 Ecx=33DA3C0 Edx=0 Edi=2 Esi=2 Ebp=303E29C Esp=303E298 Eip=77C8C6B4

ADDR: 779000BD CODE: 791c jns 0x779000db
Eax=0 Ebx=76D1B498 Ecx=303E2B0 Edx=0 Edi=2 Esi=2E98000 Ebp=303E2B4 Esp=303E2AC Eip=779000BD

ADDR: 77C4E69A CODE: 7315 jae 0x77c4e6b1
Eax=77BB5C1C Ebx=76D1B498 Ecx=77BB5C18 Edx=2E98000 Edi=76D93190 Esi=7728C8DC Ebp=303E28C Esp=303E288 Eip=77C4E69A

ADDR: 77AD97A6 CODE: 0f8454720500 jz 0x77b30a00
Eax=303E2FC Ebx=7728C8DC Ecx=303E2E8 Edx=2E98000 Edi=76D93190 Esi=7728C8DC Ebp=303E290 Esp=303E270 Eip=77AD97A6

ADDR: 77AD97D3 CODE: 7479 jz 0x77ad984e
Eax=303E2FC Ebx=33EE480 Ecx=14 Edx=19A06614 Edi=33EE280 Esi=33EE418 Ebp=303E290 Esp=303E270 Eip=77AD97D3

ADDR: 77C47B53 CODE: 746e jz 0x77c47bc3
Eax=FFFFFFFE Ebx=77BB5C18 Ecx=FFFFFFFF Edx=19A06614 Edi=77BB5C1C Esi=FFFFFFFE Ebp=303E288 Esp=303E274 Eip=77C47B53

ADDR: 77AD94A4 CODE: 7458 jz 0x77ad94fe
Eax=BEA71F01 Ebx=76D1B498 Ecx=14 Edx=19A06614 Edi=2 Esi=77915A70 Ebp=303E2CC Esp=303E2B4 Eip=77AD94A4

ADDR: 77C98DEB CODE: 730a jae 0x77c98df7
Eax=EF22B4E Ebx=76D1B498 Ecx=77915A70 Edx=404000 Edi=2 Esi=77915A70 Ebp=303E2CC Esp=303E2A8 Eip=77C98DEB

ADDR: 77C909B7 CODE: 747f jz 0x77c90a38
Eax=2 Ebx=2E98FB4 Ecx=77915A70 Edx=2E98FB4 Edi=2 Esi=77915A70 Ebp=303E280 Esp=303E274 Eip=77C909B7

ADDR: 77C909BE CODE: 7378 jae 0x77c90a38
Eax=2 Ebx=2E98FB4 Ecx=77915A70 Edx=2E98FB4 Edi=2 Esi=77915A70 Ebp=303E280 Esp=303E274 Eip=77C909BE

ADDR: 77915A83 CODE: 790d jns 0x77915a92
Eax=0 Ebx=76D1B498 Ecx=33DA3C8 Edx=0 Edi=2 Esi=77915A70 Ebp=303E2A4 Esp=303E2A4 Eip=77915A83

ADDR: 77AE2C46 CODE: 740a jz 0x77ae2c52
Eax=0 Ebx=76D1B498 Ecx=76F1E9F0 Edx=0 Edi=76D931B0 Esi=76D1B388 Ebp=303E360 Esp=303E354 Eip=77AE2C46

ADDR: 77C98DEB CODE: 730a jae 0x77c98df7
Eax=EDB2636 Ebx=76D1B498 Ecx=76D931B0 Edx=44444444 Edi=76D931B0 Esi=76D1B388 Ebp=303E360 Esp=303E350 Eip=77C98DEB

ADDR: 77AD95B4 CODE: 7458 jz 0x77ad960e
Eax=BEA71F01 Ebx=76D1B498 Ecx=14 Edx=7728C8DC Edi=2 Esi=77915A70 Ebp=303E2D0 Esp=303E2B8 Eip=77AD95B4

ADDR: 77C98DEB CODE: 730a jae 0x77c98df7
Eax=EF22B4E Ebx=76D1B498 Ecx=77915A70 Edx=404000 Edi=2 Esi=77915A70 Ebp=303E2D0 Esp=303E2AC Eip=77C98DEB

ADDR: 77C909B7 CODE: 747f jz 0x77c90a38
Eax=2 Ebx=2E98FB4 Ecx=77915A70 Edx=2E98FB4 Edi=2 Esi=77915A70 Ebp=303E284 Esp=303E278 Eip=77C909B7

ADDR: 77C909BE CODE: 7378 jae 0x77c90a38
Eax=2 Ebx=2E98FB4 Ecx=77915A70 Edx=2E98FB4 Edi=2 Esi=77915A70 Ebp=303E284 Esp=303E278 Eip=77C909BE

ADDR: 77915A83 CODE: 790d jns 0x77915a92
Eax=0 Ebx=76D1B498 Ecx=33DA3C8 Edx=0 Edi=2 Esi=77915A70 Ebp=303E2A8 Esp=303E2A8 Eip=77915A83

ADDR: 77AD90DC CODE: 7454 jz 0x77ad9132
Eax=13A71F14 Ebx=76D1B498 Ecx=14 Edx=0 Edi=2 Esi=779000A0 Ebp=303E31C Esp=303E2C0 Eip=77AD90DC

ADDR: 77C98DEB CODE: 730a jae 0x77c98df7
Eax=EF20014 Ebx=76D1B498 Ecx=779000A0 Edx=104000 Edi=2 Esi=779000A0 Ebp=303E31C Esp=303E2B8 Eip=77C98DEB

ADDR: 77C8C686 CODE: 743c jz 0x77c8c6c4
Eax=2 Ebx=76D1B498 Ecx=33DA3C0 Edx=104000 Edi=2 Esi=2E98000 Ebp=303E29C Esp=303E29C Eip=77C8C686

ADDR: 77C8C68D CODE: 7335 jae 0x77c8c6c4
Eax=2 Ebx=76D1B498 Ecx=33DA3C0 Edx=104000 Edi=2 Esi=2E98000 Ebp=303E29C Esp=303E29C Eip=77C8C68D

ADDR: 77C8C6AC CODE: 740c jz 0x77c8c6ba
Eax=33DCAA0 Ebx=76D1B498 Ecx=33DA3C0 Edx=0 Edi=2 Esi=2 Ebp=303E29C Esp=303E298 Eip=77C8C6AC

ADDR: 77C8C6B4 CODE: 7404 jz 0x77c8c6ba
Eax=33DCAAC Ebx=76D1B498 Ecx=33DA3C0 Edx=0 Edi=2 Esi=2 Ebp=303E29C Esp=303E298 Eip=77C8C6B4

ADDR: 779000BD CODE: 791c jns 0x779000db
Eax=0 Ebx=76D1B498 Ecx=303E2B0 Edx=0 Edi=2 Esi=2E98000 Ebp=303E2B4 Esp=303E2AC Eip=779000BD

ADDR: 77C4E69A CODE: 7315 jae 0x77c4e6b1
Eax=77BB5C1C Ebx=76D1B498 Ecx=77BB5C18 Edx=2E98000 Edi=76D931B0 Esi=7728C8DC Ebp=303E28C Esp=303E288 Eip=77C4E69A

ADDR: 77AD97A6 CODE: 0f8454720500 jz 0x77b30a00
Eax=303E2FC Ebx=7728C8DC Ecx=303E2E8 Edx=2E98000 Edi=76D931B0 Esi=7728C8DC Ebp=303E290 Esp=303E270 Eip=77AD97A6

ADDR: 77AD97D3 CODE: 7479 jz 0x77ad984e
Eax=303E2FC Ebx=33EE480 Ecx=14 Edx=19A06614 Edi=33EE280 Esi=33EE41C Ebp=303E290 Esp=303E270 Eip=77AD97D3

ADDR: 77C47B53 CODE: 746e jz 0x77c47bc3
Eax=FFFFFFFE Ebx=77BB5C18 Ecx=FFFFFFFF Edx=19A06614 Edi=77BB5C1C Esi=FFFFFFFE Ebp=303E288 Esp=303E274 Eip=77C47B53

ADDR: 77AD94A4 CODE: 7458 jz 0x77ad94fe
Eax=BEA71F01 Ebx=76D1B498 Ecx=14 Edx=19A06614 Edi=2 Esi=77915A70 Ebp=303E2CC Esp=303E2B4 Eip=77AD94A4

ADDR: 77C98DEB CODE: 730a jae 0x77c98df7
Eax=EF22B4E Ebx=76D1B498 Ecx=77915A70 Edx=404000 Edi=2 Esi=77915A70 Ebp=303E2CC Esp=303E2A8 Eip=77C98DEB

ADDR: 77C909B7 CODE: 747f jz 0x77c90a38
Eax=2 Ebx=2E98FB4 Ecx=77915A70 Edx=2E98FB4 Edi=2 Esi=77915A70 Ebp=303E280 Esp=303E274 Eip=77C909B7

ADDR: 77C909BE CODE: 7378 jae 0x77c90a38
Eax=2 Ebx=2E98FB4 Ecx=77915A70 Edx=2E98FB4 Edi=2 Esi=77915A70 Ebp=303E280 Esp=303E274 Eip=77C909BE

ADDR: 77915A83 CODE: 790d jns 0x77915a92
Eax=0 Ebx=76D1B498 Ecx=33DA3C8 Edx=0 Edi=2 Esi=77915A70 Ebp=303E2A4 Esp=303E2A4 Eip=77915A83

ADDR: 77AE2C46 CODE: 740a jz 0x77ae2c52
Eax=0 Ebx=76D1B498 Ecx=76F1EA00 Edx=0 Edi=76D931D0 Esi=76D1B38C Ebp=303E360 Esp=303E354 Eip=77AE2C46

ADDR: 77C98DEB CODE: 730a jae 0x77c98df7
Eax=EDB263A Ebx=76D1B498 Ecx=76D931D0 Edx=44444444 Edi=76D931D0 Esi=76D1B38C Ebp=303E360 Esp=303E350 Eip=77C98DEB

ADDR: 77AD95B4 CODE: 7458 jz 0x77ad960e
Eax=BEA71F01 Ebx=76D1B498 Ecx=14 Edx=7728C8DC Edi=2 Esi=77915A70 Ebp=303E2D0 Esp=303E2B8 Eip=77AD95B4

ADDR: 77C98DEB CODE: 730a jae 0x77c98df7
Eax=EF22B4E Ebx=76D1B498 Ecx=77915A70 Edx=404000 Edi=2 Esi=77915A70 Ebp=303E2D0 Esp=303E2AC Eip=77C98DEB

ADDR: 77C909B7 CODE: 747f jz 0x77c90a38
Eax=2 Ebx=2E98FB4 Ecx=77915A70 Edx=2E98FB4 Edi=2 Esi=77915A70 Ebp=303E284 Esp=303E278 Eip=77C909B7

ADDR: 77C909BE CODE: 7378 jae 0x77c90a38
Eax=2 Ebx=2E98FB4 Ecx=77915A70 Edx=2E98FB4 Edi=2 Esi=77915A70 Ebp=303E284 Esp=303E278 Eip=77C909BE

ADDR: 77915A83 CODE: 790d jns 0x77915a92
Eax=0 Ebx=76D1B498 Ecx=33DA3C8 Edx=0 Edi=2 Esi=77915A70 Ebp=303E2A8 Esp=303E2A8 Eip=77915A83

ADDR: 77AD90DC CODE: 7454 jz 0x77ad9132
Eax=13A71F14 Ebx=76D1B498 Ecx=14 Edx=0 Edi=2 Esi=779000A0 Ebp=303E31C Esp=303E2C0 Eip=77AD90DC

ADDR: 77C98DEB CODE: 730a jae 0x77c98df7
Eax=EF20014 Ebx=76D1B498 Ecx=779000A0 Edx=104000 Edi=2 Esi=779000A0 Ebp=303E31C Esp=303E2B8 Eip=77C98DEB

ADDR: 77C8C686 CODE: 743c jz 0x77c8c6c4
Eax=2 Ebx=76D1B498 Ecx=33DA3C0 Edx=104000 Edi=2 Esi=2E98000 Ebp=303E29C Esp=303E29C Eip=77C8C686

ADDR: 77C8C68D CODE: 7335 jae 0x77c8c6c4
Eax=2 Ebx=76D1B498 Ecx=33DA3C0 Edx=104000 Edi=2 Esi=2E98000 Ebp=303E29C Esp=303E29C Eip=77C8C68D

ADDR: 77C8C6AC CODE: 740c jz 0x77c8c6ba
Eax=33DCAA0 Ebx=76D1B498 Ecx=33DA3C0 Edx=0 Edi=2 Esi=2 Ebp=303E29C Esp=303E298 Eip=77C8C6AC

ADDR: 77C8C6B4 CODE: 7404 jz 0x77c8c6ba
Eax=33DCAAC Ebx=76D1B498 Ecx=33DA3C0 Edx=0 Edi=2 Esi=2 Ebp=303E29C Esp=303E298 Eip=77C8C6B4

ADDR: 779000BD CODE: 791c jns 0x779000db
Eax=0 Ebx=76D1B498 Ecx=303E2B0 Edx=0 Edi=2 Esi=2E98000 Ebp=303E2B4 Esp=303E2AC Eip=779000BD

ADDR: 77C4E69A CODE: 7315 jae 0x77c4e6b1
Eax=77BB5C1C Ebx=76D1B498 Ecx=77BB5C18 Edx=2E98000 Edi=76D931D0 Esi=7728C8DC Ebp=303E28C Esp=303E288 Eip=77C4E69A

ADDR: 77AD97A6 CODE: 0f8454720500 jz 0x77b30a00
Eax=303E2FC Ebx=7728C8DC Ecx=303E2E8 Edx=2E98000 Edi=76D931D0 Esi=7728C8DC Ebp=303E290 Esp=303E270 Eip=77AD97A6

ADDR: 77AD97D3 CODE: 7479 jz 0x77ad984e
Eax=303E2FC Ebx=33EE480 Ecx=14 Edx=19A06614 Edi=33EE280 Esi=33EE420 Ebp=303E290 Esp=303E270 Eip=77AD97D3

ADDR: 77C47B53 CODE: 746e jz 0x77c47bc3
Eax=FFFFFFFE Ebx=77BB5C18 Ecx=FFFFFFFF Edx=19A06614 Edi=77BB5C1C Esi=FFFFFFFE Ebp=303E288 Esp=303E274 Eip=77C47B53

ADDR: 77AD94A4 CODE: 7458 jz 0x77ad94fe
Eax=BEA71F01 Ebx=76D1B498 Ecx=14 Edx=19A06614 Edi=2 Esi=77915A70 Ebp=303E2CC Esp=303E2B4 Eip=77AD94A4

ADDR: 77C98DEB CODE: 730a jae 0x77c98df7
Eax=EF22B4E Ebx=76D1B498 Ecx=77915A70 Edx=404000 Edi=2 Esi=77915A70 Ebp=303E2CC Esp=303E2A8 Eip=77C98DEB

ADDR: 77C909B7 CODE: 747f jz 0x77c90a38
Eax=2 Ebx=2E98FB4 Ecx=77915A70 Edx=2E98FB4 Edi=2 Esi=77915A70 Ebp=303E280 Esp=303E274 Eip=77C909B7

ADDR: 77C909BE CODE: 7378 jae 0x77c90a38
Eax=2 Ebx=2E98FB4 Ecx=77915A70 Edx=2E98FB4 Edi=2 Esi=77915A70 Ebp=303E280 Esp=303E274 Eip=77C909BE

ADDR: 77915A83 CODE: 790d jns 0x77915a92
Eax=0 Ebx=76D1B498 Ecx=33DA3C8 Edx=0 Edi=2 Esi=77915A70 Ebp=303E2A4 Esp=303E2A4 Eip=77915A83

ADDR: 77AE2C46 CODE: 740a jz 0x77ae2c52
Eax=0 Ebx=76D1B498 Ecx=76F1EA10 Edx=0 Edi=76D931F0 Esi=76D1B390 Ebp=303E360 Esp=303E354 Eip=77AE2C46

ADDR: 77C98DEB CODE: 730a jae 0x77c98df7
Eax=EDB263E Ebx=76D1B498 Ecx=76D931F0 Edx=44444444 Edi=76D931F0 Esi=76D1B390 Ebp=303E360 Esp=303E350 Eip=77C98DEB

ADDR: 77AD95B4 CODE: 7458 jz 0x77ad960e
Eax=BEA71F01 Ebx=76D1B498 Ecx=14 Edx=7728C8DC Edi=2 Esi=77915A70 Ebp=303E2D0 Esp=303E2B8 Eip=77AD95B4

ADDR: 77C98DEB CODE: 730a jae 0x77c98df7
Eax=EF22B4E Ebx=76D1B498 Ecx=77915A70 Edx=404000 Edi=2 Esi=77915A70 Ebp=303E2D0 Esp=303E2AC Eip=77C98DEB

ADDR: 77C909B7 CODE: 747f jz 0x77c90a38
Eax=2 Ebx=2E98FB4 Ecx=77915A70 Edx=2E98FB4 Edi=2 Esi=77915A70 Ebp=303E284 Esp=303E278 Eip=77C909B7

ADDR: 77C909BE CODE: 7378 jae 0x77c90a38
Eax=2 Ebx=2E98FB4 Ecx=77915A70 Edx=2E98FB4 Edi=2 Esi=77915A70 Ebp=303E284 Esp=303E278 Eip=77C909BE

ADDR: 77915A83 CODE: 790d jns 0x77915a92
Eax=0 Ebx=76D1B498 Ecx=33DA3C8 Edx=0 Edi=2 Esi=77915A70 Ebp=303E2A8 Esp=303E2A8 Eip=77915A83

ADDR: 77AD90DC CODE: 7454 jz 0x77ad9132
Eax=13A71F14 Ebx=76D1B498 Ecx=14 Edx=0 Edi=2 Esi=779000A0 Ebp=303E31C Esp=303E2C0 Eip=77AD90DC

ADDR: 77C98DEB CODE: 730a jae 0x77c98df7
Eax=EF20014 Ebx=76D1B498 Ecx=779000A0 Edx=104000 Edi=2 Esi=779000A0 Ebp=303E31C Esp=303E2B8 Eip=77C98DEB

ADDR: 77C8C686 CODE: 743c jz 0x77c8c6c4
Eax=2 Ebx=76D1B498 Ecx=33DA3C0 Edx=104000 Edi=2 Esi=2E98000 Ebp=303E29C Esp=303E29C Eip=77C8C686

ADDR: 77C8C68D CODE: 7335 jae 0x77c8c6c4
Eax=2 Ebx=76D1B498 Ecx=33DA3C0 Edx=104000 Edi=2 Esi=2E98000 Ebp=303E29C Esp=303E29C Eip=77C8C68D

ADDR: 77C8C6AC CODE: 740c jz 0x77c8c6ba
Eax=33DCAA0 Ebx=76D1B498 Ecx=33DA3C0 Edx=0 Edi=2 Esi=2 Ebp=303E29C Esp=303E298 Eip=77C8C6AC

ADDR: 77C8C6B4 CODE: 7404 jz 0x77c8c6ba
Eax=33DCAAC Ebx=76D1B498 Ecx=33DA3C0 Edx=0 Edi=2 Esi=2 Ebp=303E29C Esp=303E298 Eip=77C8C6B4

ADDR: 779000BD CODE: 791c jns 0x779000db
Eax=0 Ebx=76D1B498 Ecx=303E2B0 Edx=0 Edi=2 Esi=2E98000 Ebp=303E2B4 Esp=303E2AC Eip=779000BD

ADDR: 77C4E69A CODE: 7315 jae 0x77c4e6b1
Eax=77BB5C1C Ebx=76D1B498 Ecx=77BB5C18 Edx=2E98000 Edi=76D931F0 Esi=7728C8DC Ebp=303E28C Esp=303E288 Eip=77C4E69A

ADDR: 77AD97A6 CODE: 0f8454720500 jz 0x77b30a00
Eax=303E2FC Ebx=7728C8DC Ecx=303E2E8 Edx=2E98000 Edi=76D931F0 Esi=7728C8DC Ebp=303E290 Esp=303E270 Eip=77AD97A6

ADDR: 77AD97D3 CODE: 7479 jz 0x77ad984e
Eax=303E2FC Ebx=33EE480 Ecx=14 Edx=19A06614 Edi=33EE280 Esi=33EE424 Ebp=303E290 Esp=303E270 Eip=77AD97D3

ADDR: 77C47B53 CODE: 746e jz 0x77c47bc3
Eax=FFFFFFFE Ebx=77BB5C18 Ecx=FFFFFFFF Edx=19A06614 Edi=77BB5C1C Esi=FFFFFFFE Ebp=303E288 Esp=303E274 Eip=77C47B53

ADDR: 77AD94A4 CODE: 7458 jz 0x77ad94fe
Eax=BEA71F01 Ebx=76D1B498 Ecx=14 Edx=19A06614 Edi=2 Esi=77915A70 Ebp=303E2CC Esp=303E2B4 Eip=77AD94A4

ADDR: 77C98DEB CODE: 730a jae 0x77c98df7
Eax=EF22B4E Ebx=76D1B498 Ecx=77915A70 Edx=404000 Edi=2 Esi=77915A70 Ebp=303E2CC Esp=303E2A8 Eip=77C98DEB

ADDR: 77C909B7 CODE: 747f jz 0x77c90a38
Eax=2 Ebx=2E98FB4 Ecx=77915A70 Edx=2E98FB4 Edi=2 Esi=77915A70 Ebp=303E280 Esp=303E274 Eip=77C909B7

ADDR: 77C909BE CODE: 7378 jae 0x77c90a38
Eax=2 Ebx=2E98FB4 Ecx=77915A70 Edx=2E98FB4 Edi=2 Esi=77915A70 Ebp=303E280 Esp=303E274 Eip=77C909BE

ADDR: 77915A83 CODE: 790d jns 0x77915a92
Eax=0 Ebx=76D1B498 Ecx=33DA3C8 Edx=0 Edi=2 Esi=77915A70 Ebp=303E2A4 Esp=303E2A4 Eip=77915A83

ADDR: 77AE2C46 CODE: 740a jz 0x77ae2c52
Eax=0 Ebx=76D1B498 Ecx=76F1EA20 Edx=0 Edi=76D93210 Esi=76D1B394 Ebp=303E360 Esp=303E354 Eip=77AE2C46

ADDR: 77C98DEB CODE: 730a jae 0x77c98df7
Eax=EDB2642 Ebx=76D1B498 Ecx=76D93210 Edx=44444444 Edi=76D93210 Esi=76D1B394 Ebp=303E360 Esp=303E350 Eip=77C98DEB

ADDR: 77AD95B4 CODE: 7458 jz 0x77ad960e
Eax=BEA71F01 Ebx=76D1B498 Ecx=14 Edx=7728C8DC Edi=2 Esi=77915A70 Ebp=303E2D0 Esp=303E2B8 Eip=77AD95B4

ADDR: 77C98DEB CODE: 730a jae 0x77c98df7
Eax=EF22B4E Ebx=76D1B498 Ecx=77915A70 Edx=404000 Edi=2 Esi=77915A70 Ebp=303E2D0 Esp=303E2AC Eip=77C98DEB

ADDR: 77C909B7 CODE: 747f jz 0x77c90a38
Eax=2 Ebx=2E98FB4 Ecx=77915A70 Edx=2E98FB4 Edi=2 Esi=77915A70 Ebp=303E284 Esp=303E278 Eip=77C909B7

ADDR: 77C909BE CODE: 7378 jae 0x77c90a38
Eax=2 Ebx=2E98FB4 Ecx=77915A70 Edx=2E98FB4 Edi=2 Esi=77915A70 Ebp=303E284 Esp=303E278 Eip=77C909BE

ADDR: 77915A83 CODE: 790d jns 0x77915a92
Eax=0 Ebx=76D1B498 Ecx=33DA3C8 Edx=0 Edi=2 Esi=77915A70 Ebp=303E2A8 Esp=303E2A8 Eip=77915A83

ADDR: 77AD90DC CODE: 7454 jz 0x77ad9132
Eax=13A71F14 Ebx=76D1B498 Ecx=14 Edx=0 Edi=2 Esi=779000A0 Ebp=303E31C Esp=303E2C0 Eip=77AD90DC

ADDR: 77C98DEB CODE: 730a jae 0x77c98df7
Eax=EF20014 Ebx=76D1B498 Ecx=779000A0 Edx=104000 Edi=2 Esi=779000A0 Ebp=303E31C Esp=303E2B8 Eip=77C98DEB

ADDR: 77C8C686 CODE: 743c jz 0x77c8c6c4
Eax=2 Ebx=76D1B498 Ecx=33DA3C0 Edx=104000 Edi=2 Esi=2E98000 Ebp=303E29C Esp=303E29C Eip=77C8C686

ADDR: 77C8C68D CODE: 7335 jae 0x77c8c6c4
Eax=2 Ebx=76D1B498 Ecx=33DA3C0 Edx=104000 Edi=2 Esi=2E98000 Ebp=303E29C Esp=303E29C Eip=77C8C68D

ADDR: 77C8C6AC CODE: 740c jz 0x77c8c6ba
Eax=33DCAA0 Ebx=76D1B498 Ecx=33DA3C0 Edx=0 Edi=2 Esi=2 Ebp=303E29C Esp=303E298 Eip=77C8C6AC

ADDR: 77C8C6B4 CODE: 7404 jz 0x77c8c6ba
Eax=33DCAAC Ebx=76D1B498 Ecx=33DA3C0 Edx=0 Edi=2 Esi=2 Ebp=303E29C Esp=303E298 Eip=77C8C6B4

ADDR: 779000BD CODE: 791c jns 0x779000db
Eax=0 Ebx=76D1B498 Ecx=303E2B0 Edx=0 Edi=2 Esi=2E98000 Ebp=303E2B4 Esp=303E2AC Eip=779000BD

ADDR: 77C4E69A CODE: 7315 jae 0x77c4e6b1
Eax=77BB5C1C Ebx=76D1B498 Ecx=77BB5C18 Edx=2E98000 Edi=76D93210 Esi=7728C8DC Ebp=303E28C Esp=303E288 Eip=77C4E69A

ADDR: 77AD97A6 CODE: 0f8454720500 jz 0x77b30a00
Eax=303E2FC Ebx=7728C8DC Ecx=303E2E8 Edx=2E98000 Edi=76D93210 Esi=7728C8DC Ebp=303E290 Esp=303E270 Eip=77AD97A6

ADDR: 77AD97D3 CODE: 7479 jz 0x77ad984e
Eax=303E2FC Ebx=33EE480 Ecx=14 Edx=19A06614 Edi=33EE280 Esi=33EE428 Ebp=303E290 Esp=303E270 Eip=77AD97D3

ADDR: 77C47B53 CODE: 746e jz 0x77c47bc3
Eax=FFFFFFFE Ebx=77BB5C18 Ecx=FFFFFFFF Edx=19A06614 Edi=77BB5C1C Esi=FFFFFFFE Ebp=303E288 Esp=303E274 Eip=77C47B53

ADDR: 77AD94A4 CODE: 7458 jz 0x77ad94fe
Eax=BEA71F01 Ebx=76D1B498 Ecx=14 Edx=19A06614 Edi=2 Esi=77915A70 Ebp=303E2CC Esp=303E2B4 Eip=77AD94A4

ADDR: 77C98DEB CODE: 730a jae 0x77c98df7
Eax=EF22B4E Ebx=76D1B498 Ecx=77915A70 Edx=404000 Edi=2 Esi=77915A70 Ebp=303E2CC Esp=303E2A8 Eip=77C98DEB

ADDR: 77C909B7 CODE: 747f jz 0x77c90a38
Eax=2 Ebx=2E98FB4 Ecx=77915A70 Edx=2E98FB4 Edi=2 Esi=77915A70 Ebp=303E280 Esp=303E274 Eip=77C909B7

ADDR: 77C909BE CODE: 7378 jae 0x77c90a38
Eax=2 Ebx=2E98FB4 Ecx=77915A70 Edx=2E98FB4 Edi=2 Esi=77915A70 Ebp=303E280 Esp=303E274 Eip=77C909BE

ADDR: 77915A83 CODE: 790d jns 0x77915a92
Eax=0 Ebx=76D1B498 Ecx=33DA3C8 Edx=0 Edi=2 Esi=77915A70 Ebp=303E2A4 Esp=303E2A4 Eip=77915A83

ADDR: 77AE2C46 CODE: 740a jz 0x77ae2c52
Eax=0 Ebx=76D1B498 Ecx=76F1EA30 Edx=0 Edi=76D93230 Esi=76D1B398 Ebp=303E360 Esp=303E354 Eip=77AE2C46

ADDR: 77C98DEB CODE: 730a jae 0x77c98df7
Eax=EDB2646 Ebx=76D1B498 Ecx=76D93230 Edx=44444444 Edi=76D93230 Esi=76D1B398 Ebp=303E360 Esp=303E350 Eip=77C98DEB

ADDR: 77AD95B4 CODE: 7458 jz 0x77ad960e
Eax=BEA71F01 Ebx=76D1B498 Ecx=14 Edx=7728C8DC Edi=2 Esi=77915A70 Ebp=303E2D0 Esp=303E2B8 Eip=77AD95B4

ADDR: 77C98DEB CODE: 730a jae 0x77c98df7
Eax=EF22B4E Ebx=76D1B498 Ecx=77915A70 Edx=404000 Edi=2 Esi=77915A70 Ebp=303E2D0 Esp=303E2AC Eip=77C98DEB

ADDR: 77C909B7 CODE: 747f jz 0x77c90a38
Eax=2 Ebx=2E98FB4 Ecx=77915A70 Edx=2E98FB4 Edi=2 Esi=77915A70 Ebp=303E284 Esp=303E278 Eip=77C909B7

ADDR: 77C909BE CODE: 7378 jae 0x77c90a38
Eax=2 Ebx=2E98FB4 Ecx=77915A70 Edx=2E98FB4 Edi=2 Esi=77915A70 Ebp=303E284 Esp=303E278 Eip=77C909BE

ADDR: 77915A83 CODE: 790d jns 0x77915a92
Eax=0 Ebx=76D1B498 Ecx=33DA3C8 Edx=0 Edi=2 Esi=77915A70 Ebp=303E2A8 Esp=303E2A8 Eip=77915A83

ADDR: 77AD90DC CODE: 7454 jz 0x77ad9132
Eax=13A71F14 Ebx=76D1B498 Ecx=14 Edx=0 Edi=2 Esi=779000A0 Ebp=303E31C Esp=303E2C0 Eip=77AD90DC

ADDR: 77C98DEB CODE: 730a jae 0x77c98df7
Eax=EF20014 Ebx=76D1B498 Ecx=779000A0 Edx=104000 Edi=2 Esi=779000A0 Ebp=303E31C Esp=303E2B8 Eip=77C98DEB

ADDR: 77C8C686 CODE: 743c jz 0x77c8c6c4
Eax=2 Ebx=76D1B498 Ecx=33DA3C0 Edx=104000 Edi=2 Esi=2E98000 Ebp=303E29C Esp=303E29C Eip=77C8C686

ADDR: 77C8C68D CODE: 7335 jae 0x77c8c6c4
Eax=2 Ebx=76D1B498 Ecx=33DA3C0 Edx=104000 Edi=2 Esi=2E98000 Ebp=303E29C Esp=303E29C Eip=77C8C68D

ADDR: 77C8C6AC CODE: 740c jz 0x77c8c6ba
Eax=33DCAA0 Ebx=76D1B498 Ecx=33DA3C0 Edx=0 Edi=2 Esi=2 Ebp=303E29C Esp=303E298 Eip=77C8C6AC

ADDR: 77C8C6B4 CODE: 7404 jz 0x77c8c6ba
Eax=33DCAAC Ebx=76D1B498 Ecx=33DA3C0 Edx=0 Edi=2 Esi=2 Ebp=303E29C Esp=303E298 Eip=77C8C6B4

ADDR: 779000BD CODE: 791c jns 0x779000db
Eax=0 Ebx=76D1B498 Ecx=303E2B0 Edx=0 Edi=2 Esi=2E98000 Ebp=303E2B4 Esp=303E2AC Eip=779000BD

ADDR: 77C4E69A CODE: 7315 jae 0x77c4e6b1
Eax=77BB5C1C Ebx=76D1B498 Ecx=77BB5C18 Edx=2E98000 Edi=76D93230 Esi=7728C8DC Ebp=303E28C Esp=303E288 Eip=77C4E69A

ADDR: 77AD97A6 CODE: 0f8454720500 jz 0x77b30a00
Eax=303E2FC Ebx=7728C8DC Ecx=303E2E8 Edx=2E98000 Edi=76D93230 Esi=7728C8DC Ebp=303E290 Esp=303E270 Eip=77AD97A6

ADDR: 77AD97D3 CODE: 7479 jz 0x77ad984e
Eax=303E2FC Ebx=33EE480 Ecx=14 Edx=19A06614 Edi=33EE280 Esi=33EE42C Ebp=303E290 Esp=303E270 Eip=77AD97D3

ADDR: 77C47B53 CODE: 746e jz 0x77c47bc3
Eax=FFFFFFFE Ebx=77BB5C18 Ecx=FFFFFFFF Edx=19A06614 Edi=77BB5C1C Esi=FFFFFFFE Ebp=303E288 Esp=303E274 Eip=77C47B53

ADDR: 77AD94A4 CODE: 7458 jz 0x77ad94fe
Eax=BEA71F01 Ebx=76D1B498 Ecx=14 Edx=19A06614 Edi=2 Esi=77915A70 Ebp=303E2CC Esp=303E2B4 Eip=77AD94A4

ADDR: 77C98DEB CODE: 730a jae 0x77c98df7
Eax=EF22B4E Ebx=76D1B498 Ecx=77915A70 Edx=404000 Edi=2 Esi=77915A70 Ebp=303E2CC Esp=303E2A8 Eip=77C98DEB

ADDR: 77C909B7 CODE: 747f jz 0x77c90a38
Eax=2 Ebx=2E98FB4 Ecx=77915A70 Edx=2E98FB4 Edi=2 Esi=77915A70 Ebp=303E280 Esp=303E274 Eip=77C909B7

ADDR: 77C909BE CODE: 7378 jae 0x77c90a38
Eax=2 Ebx=2E98FB4 Ecx=77915A70 Edx=2E98FB4 Edi=2 Esi=77915A70 Ebp=303E280 Esp=303E274 Eip=77C909BE

ADDR: 77915A83 CODE: 790d jns 0x77915a92
Eax=0 Ebx=76D1B498 Ecx=33DA3C8 Edx=0 Edi=2 Esi=77915A70 Ebp=303E2A4 Esp=303E2A4 Eip=77915A83

ADDR: 77AE2C46 CODE: 740a jz 0x77ae2c52
Eax=0 Ebx=76D1B498 Ecx=76F1EA40 Edx=0 Edi=76D93250 Esi=76D1B39C Ebp=303E360 Esp=303E354 Eip=77AE2C46

ADDR: 77C98DEB CODE: 730a jae 0x77c98df7
Eax=EDB264A Ebx=76D1B498 Ecx=76D93250 Edx=44444444 Edi=76D93250 Esi=76D1B39C Ebp=303E360 Esp=303E350 Eip=77C98DEB

ADDR: 77AD95B4 CODE: 7458 jz 0x77ad960e
Eax=BEA71F01 Ebx=76D1B498 Ecx=14 Edx=7728C8DC Edi=2 Esi=77915A70 Ebp=303E2D0 Esp=303E2B8 Eip=77AD95B4

ADDR: 77C98DEB CODE: 730a jae 0x77c98df7
Eax=EF22B4E Ebx=76D1B498 Ecx=77915A70 Edx=404000 Edi=2 Esi=77915A70 Ebp=303E2D0 Esp=303E2AC Eip=77C98DEB

ADDR: 77C909B7 CODE: 747f jz 0x77c90a38
Eax=2 Ebx=2E98FB4 Ecx=77915A70 Edx=2E98FB4 Edi=2 Esi=77915A70 Ebp=303E284 Esp=303E278 Eip=77C909B7

ADDR: 77C909BE CODE: 7378 jae 0x77c90a38
Eax=2 Ebx=2E98FB4 Ecx=77915A70 Edx=2E98FB4 Edi=2 Esi=77915A70 Ebp=303E284 Esp=303E278 Eip=77C909BE

ADDR: 77915A83 CODE: 790d jns 0x77915a92
Eax=0 Ebx=76D1B498 Ecx=33DA3C8 Edx=0 Edi=2 Esi=77915A70 Ebp=303E2A8 Esp=303E2A8 Eip=77915A83

ADDR: 77AD90DC CODE: 7454 jz 0x77ad9132
Eax=13A71F14 Ebx=76D1B498 Ecx=14 Edx=0 Edi=2 Esi=779000A0 Ebp=303E31C Esp=303E2C0 Eip=77AD90DC

ADDR: 77C98DEB CODE: 730a jae 0x77c98df7
Eax=EF20014 Ebx=76D1B498 Ecx=779000A0 Edx=104000 Edi=2 Esi=779000A0 Ebp=303E31C Esp=303E2B8 Eip=77C98DEB

ADDR: 77C8C686 CODE: 743c jz 0x77c8c6c4
Eax=2 Ebx=76D1B498 Ecx=33DA3C0 Edx=104000 Edi=2 Esi=2E98000 Ebp=303E29C Esp=303E29C Eip=77C8C686

ADDR: 77C8C68D CODE: 7335 jae 0x77c8c6c4
Eax=2 Ebx=76D1B498 Ecx=33DA3C0 Edx=104000 Edi=2 Esi=2E98000 Ebp=303E29C Esp=303E29C Eip=77C8C68D

ADDR: 77C8C6AC CODE: 740c jz 0x77c8c6ba
Eax=33DCAA0 Ebx=76D1B498 Ecx=33DA3C0 Edx=0 Edi=2 Esi=2 Ebp=303E29C Esp=303E298 Eip=77C8C6AC

ADDR: 77C8C6B4 CODE: 7404 jz 0x77c8c6ba
Eax=33DCAAC Ebx=76D1B498 Ecx=33DA3C0 Edx=0 Edi=2 Esi=2 Ebp=303E29C Esp=303E298 Eip=77C8C6B4

ADDR: 779000BD CODE: 791c jns 0x779000db
Eax=0 Ebx=76D1B498 Ecx=303E2B0 Edx=0 Edi=2 Esi=2E98000 Ebp=303E2B4 Esp=303E2AC Eip=779000BD

ADDR: 77C4E69A CODE: 7315 jae 0x77c4e6b1
Eax=77BB5C1C Ebx=76D1B498 Ecx=77BB5C18 Edx=2E98000 Edi=76D93250 Esi=7728C8DC Ebp=303E28C Esp=303E288 Eip=77C4E69A

ADDR: 77AD97A6 CODE: 0f8454720500 jz 0x77b30a00
Eax=303E2FC Ebx=7728C8DC Ecx=303E2E8 Edx=2E98000 Edi=76D93250 Esi=7728C8DC Ebp=303E290 Esp=303E270 Eip=77AD97A6

ADDR: 77AD97D3 CODE: 7479 jz 0x77ad984e
Eax=303E2FC Ebx=33EE480 Ecx=14 Edx=19A06614 Edi=33EE280 Esi=33EE430 Ebp=303E290 Esp=303E270 Eip=77AD97D3

ADDR: 77C47B53 CODE: 746e jz 0x77c47bc3
Eax=FFFFFFFE Ebx=77BB5C18 Ecx=FFFFFFFF Edx=19A06614 Edi=77BB5C1C Esi=FFFFFFFE Ebp=303E288 Esp=303E274 Eip=77C47B53

ADDR: 77AD94A4 CODE: 7458 jz 0x77ad94fe
Eax=BEA71F01 Ebx=76D1B498 Ecx=14 Edx=19A06614 Edi=2 Esi=77915A70 Ebp=303E2CC Esp=303E2B4 Eip=77AD94A4

ADDR: 77C98DEB CODE: 730a jae 0x77c98df7
Eax=EF22B4E Ebx=76D1B498 Ecx=77915A70 Edx=404000 Edi=2 Esi=77915A70 Ebp=303E2CC Esp=303E2A8 Eip=77C98DEB

ADDR: 77C909B7 CODE: 747f jz 0x77c90a38
Eax=2 Ebx=2E98FB4 Ecx=77915A70 Edx=2E98FB4 Edi=2 Esi=77915A70 Ebp=303E280 Esp=303E274 Eip=77C909B7

ADDR: 77C909BE CODE: 7378 jae 0x77c90a38
Eax=2 Ebx=2E98FB4 Ecx=77915A70 Edx=2E98FB4 Edi=2 Esi=77915A70 Ebp=303E280 Esp=303E274 Eip=77C909BE

ADDR: 77915A83 CODE: 790d jns 0x77915a92
Eax=0 Ebx=76D1B498 Ecx=33DA3C8 Edx=0 Edi=2 Esi=77915A70 Ebp=303E2A4 Esp=303E2A4 Eip=77915A83

ADDR: 77AE2C46 CODE: 740a jz 0x77ae2c52
Eax=0 Ebx=76D1B498 Ecx=76F1EA50 Edx=0 Edi=76D93270 Esi=76D1B3A0 Ebp=303E360 Esp=303E354 Eip=77AE2C46

ADDR: 77C98DEB CODE: 730a jae 0x77c98df7
Eax=EDB264E Ebx=76D1B498 Ecx=76D93270 Edx=44444444 Edi=76D93270 Esi=76D1B3A0 Ebp=303E360 Esp=303E350 Eip=77C98DEB

ADDR: 77AD95B4 CODE: 7458 jz 0x77ad960e
Eax=BEA71F01 Ebx=76D1B498 Ecx=14 Edx=7728C8DC Edi=2 Esi=77915A70 Ebp=303E2D0 Esp=303E2B8 Eip=77AD95B4

ADDR: 77C98DEB CODE: 730a jae 0x77c98df7
Eax=EF22B4E Ebx=76D1B498 Ecx=77915A70 Edx=404000 Edi=2 Esi=77915A70 Ebp=303E2D0 Esp=303E2AC Eip=77C98DEB

ADDR: 77C909B7 CODE: 747f jz 0x77c90a38
Eax=2 Ebx=2E98FB4 Ecx=77915A70 Edx=2E98FB4 Edi=2 Esi=77915A70 Ebp=303E284 Esp=303E278 Eip=77C909B7

ADDR: 77C909BE CODE: 7378 jae 0x77c90a38
Eax=2 Ebx=2E98FB4 Ecx=77915A70 Edx=2E98FB4 Edi=2 Esi=77915A70 Ebp=303E284 Esp=303E278 Eip=77C909BE

ADDR: 77915A83 CODE: 790d jns 0x77915a92
Eax=0 Ebx=76D1B498 Ecx=33DA3C8 Edx=0 Edi=2 Esi=77915A70 Ebp=303E2A8 Esp=303E2A8 Eip=77915A83

ADDR: 77AD90DC CODE: 7454 jz 0x77ad9132
Eax=13A71F14 Ebx=76D1B498 Ecx=14 Edx=0 Edi=2 Esi=779000A0 Ebp=303E31C Esp=303E2C0 Eip=77AD90DC

ADDR: 77C98DEB CODE: 730a jae 0x77c98df7
Eax=EF20014 Ebx=76D1B498 Ecx=779000A0 Edx=104000 Edi=2 Esi=779000A0 Ebp=303E31C Esp=303E2B8 Eip=77C98DEB

ADDR: 77C8C686 CODE: 743c jz 0x77c8c6c4
Eax=2 Ebx=76D1B498 Ecx=33DA3C0 Edx=104000 Edi=2 Esi=2E98000 Ebp=303E29C Esp=303E29C Eip=77C8C686

ADDR: 77C8C68D CODE: 7335 jae 0x77c8c6c4
Eax=2 Ebx=76D1B498 Ecx=33DA3C0 Edx=104000 Edi=2 Esi=2E98000 Ebp=303E29C Esp=303E29C Eip=77C8C68D

ADDR: 77C8C6AC CODE: 740c jz 0x77c8c6ba
Eax=33DCAA0 Ebx=76D1B498 Ecx=33DA3C0 Edx=0 Edi=2 Esi=2 Ebp=303E29C Esp=303E298 Eip=77C8C6AC

ADDR: 77C8C6B4 CODE: 7404 jz 0x77c8c6ba
Eax=33DCAAC Ebx=76D1B498 Ecx=33DA3C0 Edx=0 Edi=2 Esi=2 Ebp=303E29C Esp=303E298 Eip=77C8C6B4

ADDR: 779000BD CODE: 791c jns 0x779000db
Eax=0 Ebx=76D1B498 Ecx=303E2B0 Edx=0 Edi=2 Esi=2E98000 Ebp=303E2B4 Esp=303E2AC Eip=779000BD

ADDR: 77C4E69A CODE: 7315 jae 0x77c4e6b1
Eax=77BB5C1C Ebx=76D1B498 Ecx=77BB5C18 Edx=2E98000 Edi=76D93270 Esi=7728C8DC Ebp=303E28C Esp=303E288 Eip=77C4E69A

ADDR: 77AD97A6 CODE: 0f8454720500 jz 0x77b30a00
Eax=303E2FC Ebx=7728C8DC Ecx=303E2E8 Edx=2E98000 Edi=76D93270 Esi=7728C8DC Ebp=303E290 Esp=303E270 Eip=77AD97A6

ADDR: 77AD97D3 CODE: 7479 jz 0x77ad984e
Eax=303E2FC Ebx=33EE480 Ecx=14 Edx=19A06614 Edi=33EE280 Esi=33EE434 Ebp=303E290 Esp=303E270 Eip=77AD97D3

ADDR: 77C47B53 CODE: 746e jz 0x77c47bc3
Eax=FFFFFFFE Ebx=77BB5C18 Ecx=FFFFFFFF Edx=19A06614 Edi=77BB5C1C Esi=FFFFFFFE Ebp=303E288 Esp=303E274 Eip=77C47B53

ADDR: 77AD94A4 CODE: 7458 jz 0x77ad94fe
Eax=BEA71F01 Ebx=76D1B498 Ecx=14 Edx=19A06614 Edi=2 Esi=77915A70 Ebp=303E2CC Esp=303E2B4 Eip=77AD94A4

ADDR: 77C98DEB CODE: 730a jae 0x77c98df7
Eax=EF22B4E Ebx=76D1B498 Ecx=77915A70 Edx=404000 Edi=2 Esi=77915A70 Ebp=303E2CC Esp=303E2A8 Eip=77C98DEB

ADDR: 77C909B7 CODE: 747f jz 0x77c90a38
Eax=2 Ebx=2E98FB4 Ecx=77915A70 Edx=2E98FB4 Edi=2 Esi=77915A70 Ebp=303E280 Esp=303E274 Eip=77C909B7

ADDR: 77C909BE CODE: 7378 jae 0x77c90a38
Eax=2 Ebx=2E98FB4 Ecx=77915A70 Edx=2E98FB4 Edi=2 Esi=77915A70 Ebp=303E280 Esp=303E274 Eip=77C909BE

ADDR: 77915A83 CODE: 790d jns 0x77915a92
Eax=0 Ebx=76D1B498 Ecx=33DA3C8 Edx=0 Edi=2 Esi=77915A70 Ebp=303E2A4 Esp=303E2A4 Eip=77915A83

ADDR: 77AE2C46 CODE: 740a jz 0x77ae2c52
Eax=0 Ebx=76D1B498 Ecx=76F1EA60 Edx=0 Edi=76D93290 Esi=76D1B3A4 Ebp=303E360 Esp=303E354 Eip=77AE2C46

ADDR: 77C98DEB CODE: 730a jae 0x77c98df7
Eax=EDB2652 Ebx=76D1B498 Ecx=76D93290 Edx=44444444 Edi=76D93290 Esi=76D1B3A4 Ebp=303E360 Esp=303E350 Eip=77C98DEB

ADDR: 77AD95B4 CODE: 7458 jz 0x77ad960e
Eax=BEA71F01 Ebx=76D1B498 Ecx=14 Edx=7728C8DC Edi=2 Esi=77915A70 Ebp=303E2D0 Esp=303E2B8 Eip=77AD95B4

ADDR: 77C98DEB CODE: 730a jae 0x77c98df7
Eax=EF22B4E Ebx=76D1B498 Ecx=77915A70 Edx=404000 Edi=2 Esi=77915A70 Ebp=303E2D0 Esp=303E2AC Eip=77C98DEB

ADDR: 77C909B7 CODE: 747f jz 0x77c90a38
Eax=2 Ebx=2E98FB4 Ecx=77915A70 Edx=2E98FB4 Edi=2 Esi=77915A70 Ebp=303E284 Esp=303E278 Eip=77C909B7

ADDR: 77C909BE CODE: 7378 jae 0x77c90a38
Eax=2 Ebx=2E98FB4 Ecx=77915A70 Edx=2E98FB4 Edi=2 Esi=77915A70 Ebp=303E284 Esp=303E278 Eip=77C909BE

ADDR: 77915A83 CODE: 790d jns 0x77915a92
Eax=0 Ebx=76D1B498 Ecx=33DA3C8 Edx=0 Edi=2 Esi=77915A70 Ebp=303E2A8 Esp=303E2A8 Eip=77915A83

ADDR: 77AD90DC CODE: 7454 jz 0x77ad9132
Eax=13A71F14 Ebx=76D1B498 Ecx=14 Edx=0 Edi=2 Esi=779000A0 Ebp=303E31C Esp=303E2C0 Eip=77AD90DC

ADDR: 77C98DEB CODE: 730a jae 0x77c98df7
Eax=EF20014 Ebx=76D1B498 Ecx=779000A0 Edx=104000 Edi=2 Esi=779000A0 Ebp=303E31C Esp=303E2B8 Eip=77C98DEB

ADDR: 77C8C686 CODE: 743c jz 0x77c8c6c4
Eax=2 Ebx=76D1B498 Ecx=33DA3C0 Edx=104000 Edi=2 Esi=2E98000 Ebp=303E29C Esp=303E29C Eip=77C8C686

ADDR: 77C8C68D CODE: 7335 jae 0x77c8c6c4
Eax=2 Ebx=76D1B498 Ecx=33DA3C0 Edx=104000 Edi=2 Esi=2E98000 Ebp=303E29C Esp=303E29C Eip=77C8C68D

ADDR: 77C8C6AC CODE: 740c jz 0x77c8c6ba
Eax=33DCAA0 Ebx=76D1B498 Ecx=33DA3C0 Edx=0 Edi=2 Esi=2 Ebp=303E29C Esp=303E298 Eip=77C8C6AC

ADDR: 77C8C6B4 CODE: 7404 jz 0x77c8c6ba
Eax=33DCAAC Ebx=76D1B498 Ecx=33DA3C0 Edx=0 Edi=2 Esi=2 Ebp=303E29C Esp=303E298 Eip=77C8C6B4

ADDR: 779000BD CODE: 791c jns 0x779000db
Eax=0 Ebx=76D1B498 Ecx=303E2B0 Edx=0 Edi=2 Esi=2E98000 Ebp=303E2B4 Esp=303E2AC Eip=779000BD

ADDR: 77C4E69A CODE: 7315 jae 0x77c4e6b1
Eax=77BB5C1C Ebx=76D1B498 Ecx=77BB5C18 Edx=2E98000 Edi=76D93290 Esi=7728C8DC Ebp=303E28C Esp=303E288 Eip=77C4E69A

ADDR: 77AD97A6 CODE: 0f8454720500 jz 0x77b30a00
Eax=303E2FC Ebx=7728C8DC Ecx=303E2E8 Edx=2E98000 Edi=76D93290 Esi=7728C8DC Ebp=303E290 Esp=303E270 Eip=77AD97A6

ADDR: 77AD97D3 CODE: 7479 jz 0x77ad984e
Eax=303E2FC Ebx=33EE480 Ecx=14 Edx=19A06614 Edi=33EE280 Esi=33EE438 Ebp=303E290 Esp=303E270 Eip=77AD97D3

ADDR: 77C47B53 CODE: 746e jz 0x77c47bc3
Eax=FFFFFFFE Ebx=77BB5C18 Ecx=FFFFFFFF Edx=19A06614 Edi=77BB5C1C Esi=FFFFFFFE Ebp=303E288 Esp=303E274 Eip=77C47B53

ADDR: 77AD94A4 CODE: 7458 jz 0x77ad94fe
Eax=BEA71F01 Ebx=76D1B498 Ecx=14 Edx=19A06614 Edi=2 Esi=77915A70 Ebp=303E2CC Esp=303E2B4 Eip=77AD94A4

ADDR: 77C98DEB CODE: 730a jae 0x77c98df7
Eax=EF22B4E Ebx=76D1B498 Ecx=77915A70 Edx=404000 Edi=2 Esi=77915A70 Ebp=303E2CC Esp=303E2A8 Eip=77C98DEB

ADDR: 77C909B7 CODE: 747f jz 0x77c90a38
Eax=2 Ebx=2E98FB4 Ecx=77915A70 Edx=2E98FB4 Edi=2 Esi=77915A70 Ebp=303E280 Esp=303E274 Eip=77C909B7

ADDR: 77C909BE CODE: 7378 jae 0x77c90a38
Eax=2 Ebx=2E98FB4 Ecx=77915A70 Edx=2E98FB4 Edi=2 Esi=77915A70 Ebp=303E280 Esp=303E274 Eip=77C909BE

ADDR: 77915A83 CODE: 790d jns 0x77915a92
Eax=0 Ebx=76D1B498 Ecx=33DA3C8 Edx=0 Edi=2 Esi=77915A70 Ebp=303E2A4 Esp=303E2A4 Eip=77915A83

ADDR: 77AE2C46 CODE: 740a jz 0x77ae2c52
Eax=0 Ebx=76D1B498 Ecx=76F1EA70 Edx=0 Edi=76D932B0 Esi=76D1B3A8 Ebp=303E360 Esp=303E354 Eip=77AE2C46

ADDR: 77C98DEB CODE: 730a jae 0x77c98df7
Eax=EDB2656 Ebx=76D1B498 Ecx=76D932B0 Edx=44444444 Edi=76D932B0 Esi=76D1B3A8 Ebp=303E360 Esp=303E350 Eip=77C98DEB

ADDR: 77AD95B4 CODE: 7458 jz 0x77ad960e
Eax=BEA71F01 Ebx=76D1B498 Ecx=14 Edx=7728C8DC Edi=2 Esi=77915A70 Ebp=303E2D0 Esp=303E2B8 Eip=77AD95B4

ADDR: 77C98DEB CODE: 730a jae 0x77c98df7
Eax=EF22B4E Ebx=76D1B498 Ecx=77915A70 Edx=404000 Edi=2 Esi=77915A70 Ebp=303E2D0 Esp=303E2AC Eip=77C98DEB

ADDR: 77C909B7 CODE: 747f jz 0x77c90a38
Eax=2 Ebx=2E98FB4 Ecx=77915A70 Edx=2E98FB4 Edi=2 Esi=77915A70 Ebp=303E284 Esp=303E278 Eip=77C909B7

ADDR: 77C909BE CODE: 7378 jae 0x77c90a38
Eax=2 Ebx=2E98FB4 Ecx=77915A70 Edx=2E98FB4 Edi=2 Esi=77915A70 Ebp=303E284 Esp=303E278 Eip=77C909BE

ADDR: 77915A83 CODE: 790d jns 0x77915a92
Eax=0 Ebx=76D1B498 Ecx=33DA3C8 Edx=0 Edi=2 Esi=77915A70 Ebp=303E2A8 Esp=303E2A8 Eip=77915A83

ADDR: 77AD90DC CODE: 7454 jz 0x77ad9132
Eax=13A71F14 Ebx=76D1B498 Ecx=14 Edx=0 Edi=2 Esi=779000A0 Ebp=303E31C Esp=303E2C0 Eip=77AD90DC

ADDR: 77C98DEB CODE: 730a jae 0x77c98df7
Eax=EF20014 Ebx=76D1B498 Ecx=779000A0 Edx=104000 Edi=2 Esi=779000A0 Ebp=303E31C Esp=303E2B8 Eip=77C98DEB

ADDR: 77C8C686 CODE: 743c jz 0x77c8c6c4
Eax=2 Ebx=76D1B498 Ecx=33DA3C0 Edx=104000 Edi=2 Esi=2E98000 Ebp=303E29C Esp=303E29C Eip=77C8C686

ADDR: 77C8C68D CODE: 7335 jae 0x77c8c6c4
Eax=2 Ebx=76D1B498 Ecx=33DA3C0 Edx=104000 Edi=2 Esi=2E98000 Ebp=303E29C Esp=303E29C Eip=77C8C68D

ADDR: 77C8C6AC CODE: 740c jz 0x77c8c6ba
Eax=33DCAA0 Ebx=76D1B498 Ecx=33DA3C0 Edx=0 Edi=2 Esi=2 Ebp=303E29C Esp=303E298 Eip=77C8C6AC

ADDR: 77C8C6B4 CODE: 7404 jz 0x77c8c6ba
Eax=33DCAAC Ebx=76D1B498 Ecx=33DA3C0 Edx=0 Edi=2 Esi=2 Ebp=303E29C Esp=303E298 Eip=77C8C6B4

ADDR: 779000BD CODE: 791c jns 0x779000db
Eax=0 Ebx=76D1B498 Ecx=303E2B0 Edx=0 Edi=2 Esi=2E98000 Ebp=303E2B4 Esp=303E2AC Eip=779000BD

ADDR: 77C4E69A CODE: 7315 jae 0x77c4e6b1
Eax=77BB5C1C Ebx=76D1B498 Ecx=77BB5C18 Edx=2E98000 Edi=76D932B0 Esi=7728C8DC Ebp=303E28C Esp=303E288 Eip=77C4E69A

ADDR: 77AD97A6 CODE: 0f8454720500 jz 0x77b30a00
Eax=303E2FC Ebx=7728C8DC Ecx=303E2E8 Edx=2E98000 Edi=76D932B0 Esi=7728C8DC Ebp=303E290 Esp=303E270 Eip=77AD97A6

ADDR: 77AD97D3 CODE: 7479 jz 0x77ad984e
Eax=303E2FC Ebx=33EE480 Ecx=14 Edx=19A06614 Edi=33EE280 Esi=33EE43C Ebp=303E290 Esp=303E270 Eip=77AD97D3

ADDR: 77C47B53 CODE: 746e jz 0x77c47bc3
Eax=FFFFFFFE Ebx=77BB5C18 Ecx=FFFFFFFF Edx=19A06614 Edi=77BB5C1C Esi=FFFFFFFE Ebp=303E288 Esp=303E274 Eip=77C47B53

ADDR: 77AD94A4 CODE: 7458 jz 0x77ad94fe
Eax=BEA71F01 Ebx=76D1B498 Ecx=14 Edx=19A06614 Edi=2 Esi=77915A70 Ebp=303E2CC Esp=303E2B4 Eip=77AD94A4

ADDR: 77C98DEB CODE: 730a jae 0x77c98df7
Eax=EF22B4E Ebx=76D1B498 Ecx=77915A70 Edx=404000 Edi=2 Esi=77915A70 Ebp=303E2CC Esp=303E2A8 Eip=77C98DEB

ADDR: 77C909B7 CODE: 747f jz 0x77c90a38
Eax=2 Ebx=2E98FB4 Ecx=77915A70 Edx=2E98FB4 Edi=2 Esi=77915A70 Ebp=303E280 Esp=303E274 Eip=77C909B7

ADDR: 77C909BE CODE: 7378 jae 0x77c90a38
Eax=2 Ebx=2E98FB4 Ecx=77915A70 Edx=2E98FB4 Edi=2 Esi=77915A70 Ebp=303E280 Esp=303E274 Eip=77C909BE

ADDR: 77915A83 CODE: 790d jns 0x77915a92
Eax=0 Ebx=76D1B498 Ecx=33DA3C8 Edx=0 Edi=2 Esi=77915A70 Ebp=303E2A4 Esp=303E2A4 Eip=77915A83

ADDR: 77AE2C46 CODE: 740a jz 0x77ae2c52
Eax=0 Ebx=76D1B498 Ecx=76F1EA80 Edx=0 Edi=76D932D0 Esi=76D1B3AC Ebp=303E360 Esp=303E354 Eip=77AE2C46

ADDR: 77C98DEB CODE: 730a jae 0x77c98df7
Eax=EDB265A Ebx=76D1B498 Ecx=76D932D0 Edx=44444444 Edi=76D932D0 Esi=76D1B3AC Ebp=303E360 Esp=303E350 Eip=77C98DEB

ADDR: 77C3680C CODE: 0f8685000000 jbe 0x77c36897
Eax=0 Ebx=76D1B498 Ecx=2E95000 Edx=0 Edi=76D932D0 Esi=7728F638 Ebp=303E31C Esp=303E2E0 Eip=77C3680C

ADDR: 77C3681B CODE: 745c jz 0x77c36879
Eax=0 Ebx=76D1B498 Ecx=2E95000 Edx=0 Edi=76D932D0 Esi=7728F638 Ebp=303E31C Esp=303E2E0 Eip=77C3681B

ADDR: 77AD95B4 CODE: 7458 jz 0x77ad960e
Eax=BEA71F01 Ebx=76D1B498 Ecx=14 Edx=7728C8DC Edi=2 Esi=77915A70 Ebp=303E2D0 Esp=303E2B8 Eip=77AD95B4

ADDR: 77C98DEB CODE: 730a jae 0x77c98df7
Eax=EF22B4E Ebx=76D1B498 Ecx=77915A70 Edx=404000 Edi=2 Esi=77915A70 Ebp=303E2D0 Esp=303E2AC Eip=77C98DEB

ADDR: 77C909B7 CODE: 747f jz 0x77c90a38
Eax=2 Ebx=2E98FB4 Ecx=77915A70 Edx=2E98FB4 Edi=2 Esi=77915A70 Ebp=303E284 Esp=303E278 Eip=77C909B7

ADDR: 77C909BE CODE: 7378 jae 0x77c90a38
Eax=2 Ebx=2E98FB4 Ecx=77915A70 Edx=2E98FB4 Edi=2 Esi=77915A70 Ebp=303E284 Esp=303E278 Eip=77C909BE

ADDR: 77915A83 CODE: 790d jns 0x77915a92
Eax=0 Ebx=76D1B498 Ecx=33DA3C8 Edx=0 Edi=2 Esi=77915A70 Ebp=303E2A8 Esp=303E2A8 Eip=77915A83

ADDR: 77AD90DC CODE: 7454 jz 0x77ad9132
Eax=13A71F14 Ebx=76D1B498 Ecx=14 Edx=0 Edi=2 Esi=779000A0 Ebp=303E31C Esp=303E2C0 Eip=77AD90DC

ADDR: 77C98DEB CODE: 730a jae 0x77c98df7
Eax=EF20014 Ebx=76D1B498 Ecx=779000A0 Edx=104000 Edi=2 Esi=779000A0 Ebp=303E31C Esp=303E2B8 Eip=77C98DEB

ADDR: 77C8C686 CODE: 743c jz 0x77c8c6c4
Eax=2 Ebx=76D1B498 Ecx=33DA3C0 Edx=104000 Edi=2 Esi=2E98000 Ebp=303E29C Esp=303E29C Eip=77C8C686

ADDR: 77C8C68D CODE: 7335 jae 0x77c8c6c4
Eax=2 Ebx=76D1B498 Ecx=33DA3C0 Edx=104000 Edi=2 Esi=2E98000 Ebp=303E29C Esp=303E29C Eip=77C8C68D

ADDR: 77C8C6AC CODE: 740c jz 0x77c8c6ba
Eax=33DCAA0 Ebx=76D1B498 Ecx=33DA3C0 Edx=0 Edi=2 Esi=2 Ebp=303E29C Esp=303E298 Eip=77C8C6AC

ADDR: 77C8C6B4 CODE: 7404 jz 0x77c8c6ba
Eax=33DCAAC Ebx=76D1B498 Ecx=33DA3C0 Edx=0 Edi=2 Esi=2 Ebp=303E29C Esp=303E298 Eip=77C8C6B4

ADDR: 779000BD CODE: 791c jns 0x779000db
Eax=0 Ebx=76D1B498 Ecx=303E2B0 Edx=0 Edi=2 Esi=2E98000 Ebp=303E2B4 Esp=303E2AC Eip=779000BD

ADDR: 77C4E69A CODE: 7315 jae 0x77c4e6b1
Eax=77BB5C1C Ebx=76D1B498 Ecx=77BB5C18 Edx=2E98000 Edi=76D932D0 Esi=7728C8DC Ebp=303E28C Esp=303E288 Eip=77C4E69A

ADDR: 77AD97A6 CODE: 0f8454720500 jz 0x77b30a00
Eax=303E2FC Ebx=7728C8DC Ecx=303E2E8 Edx=2E98000 Edi=76D932D0 Esi=7728C8DC Ebp=303E290 Esp=303E270 Eip=77AD97A6

ADDR: 77AD97D3 CODE: 7479 jz 0x77ad984e
Eax=303E2FC Ebx=33EE480 Ecx=14 Edx=19A06614 Edi=33EE280 Esi=33EE440 Ebp=303E290 Esp=303E270 Eip=77AD97D3

ADDR: 77C47B53 CODE: 746e jz 0x77c47bc3
Eax=FFFFFFFE Ebx=77BB5C18 Ecx=FFFFFFFF Edx=19A06614 Edi=77BB5C1C Esi=FFFFFFFE Ebp=303E288 Esp=303E274 Eip=77C47B53

ADDR: 77AD94A4 CODE: 7458 jz 0x77ad94fe
Eax=BEA71F01 Ebx=76D1B498 Ecx=14 Edx=19A06614 Edi=2 Esi=77915A70 Ebp=303E2CC Esp=303E2B4 Eip=77AD94A4

ADDR: 77C98DEB CODE: 730a jae 0x77c98df7
Eax=EF22B4E Ebx=76D1B498 Ecx=77915A70 Edx=404000 Edi=2 Esi=77915A70 Ebp=303E2CC Esp=303E2A8 Eip=77C98DEB

ADDR: 77C909B7 CODE: 747f jz 0x77c90a38
Eax=2 Ebx=2E98FB4 Ecx=77915A70 Edx=2E98FB4 Edi=2 Esi=77915A70 Ebp=303E280 Esp=303E274 Eip=77C909B7

ADDR: 77C909BE CODE: 7378 jae 0x77c90a38
Eax=2 Ebx=2E98FB4 Ecx=77915A70 Edx=2E98FB4 Edi=2 Esi=77915A70 Ebp=303E280 Esp=303E274 Eip=77C909BE

ADDR: 77915A83 CODE: 790d jns 0x77915a92
Eax=0 Ebx=76D1B498 Ecx=33DA3C8 Edx=0 Edi=2 Esi=77915A70 Ebp=303E2A4 Esp=303E2A4 Eip=77915A83

ADDR: 77AE2C46 CODE: 740a jz 0x77ae2c52
Eax=0 Ebx=76D1B498 Ecx=76F1EA90 Edx=0 Edi=76D932F0 Esi=76D1B3B0 Ebp=303E360 Esp=303E354 Eip=77AE2C46

ADDR: 77C98DEB CODE: 730a jae 0x77c98df7
Eax=EDB265E Ebx=76D1B498 Ecx=76D932F0 Edx=44444444 Edi=76D932F0 Esi=76D1B3B0 Ebp=303E360 Esp=303E350 Eip=77C98DEB

ADDR: 77AD95B4 CODE: 7458 jz 0x77ad960e
Eax=BEA71F01 Ebx=76D1B498 Ecx=14 Edx=7728C8DC Edi=2 Esi=77915A70 Ebp=303E2D0 Esp=303E2B8 Eip=77AD95B4

ADDR: 77C98DEB CODE: 730a jae 0x77c98df7
Eax=EF22B4E Ebx=76D1B498 Ecx=77915A70 Edx=404000 Edi=2 Esi=77915A70 Ebp=303E2D0 Esp=303E2AC Eip=77C98DEB

ADDR: 77C909B7 CODE: 747f jz 0x77c90a38
Eax=2 Ebx=2E98FB4 Ecx=77915A70 Edx=2E98FB4 Edi=2 Esi=77915A70 Ebp=303E284 Esp=303E278 Eip=77C909B7

ADDR: 77C909BE CODE: 7378 jae 0x77c90a38
Eax=2 Ebx=2E98FB4 Ecx=77915A70 Edx=2E98FB4 Edi=2 Esi=77915A70 Ebp=303E284 Esp=303E278 Eip=77C909BE

ADDR: 77915A83 CODE: 790d jns 0x77915a92
Eax=0 Ebx=76D1B498 Ecx=33DA3C8 Edx=0 Edi=2 Esi=77915A70 Ebp=303E2A8 Esp=303E2A8 Eip=77915A83

ADDR: 77AD90DC CODE: 7454 jz 0x77ad9132
Eax=13A71F14 Ebx=76D1B498 Ecx=14 Edx=0 Edi=2 Esi=779000A0 Ebp=303E31C Esp=303E2C0 Eip=77AD90DC

ADDR: 77C98DEB CODE: 730a jae 0x77c98df7
Eax=EF20014 Ebx=76D1B498 Ecx=779000A0 Edx=104000 Edi=2 Esi=779000A0 Ebp=303E31C Esp=303E2B8 Eip=77C98DEB

ADDR: 77C8C686 CODE: 743c jz 0x77c8c6c4
Eax=2 Ebx=76D1B498 Ecx=33DA3C0 Edx=104000 Edi=2 Esi=2E98000 Ebp=303E29C Esp=303E29C Eip=77C8C686

ADDR: 77C8C68D CODE: 7335 jae 0x77c8c6c4
Eax=2 Ebx=76D1B498 Ecx=33DA3C0 Edx=104000 Edi=2 Esi=2E98000 Ebp=303E29C Esp=303E29C Eip=77C8C68D

ADDR: 77C8C6AC CODE: 740c jz 0x77c8c6ba
Eax=33DCAA0 Ebx=76D1B498 Ecx=33DA3C0 Edx=0 Edi=2 Esi=2 Ebp=303E29C Esp=303E298 Eip=77C8C6AC

ADDR: 77C8C6B4 CODE: 7404 jz 0x77c8c6ba
Eax=33DCAAC Ebx=76D1B498 Ecx=33DA3C0 Edx=0 Edi=2 Esi=2 Ebp=303E29C Esp=303E298 Eip=77C8C6B4

ADDR: 779000BD CODE: 791c jns 0x779000db
Eax=0 Ebx=76D1B498 Ecx=303E2B0 Edx=0 Edi=2 Esi=2E98000 Ebp=303E2B4 Esp=303E2AC Eip=779000BD

ADDR: 77C4E69A CODE: 7315 jae 0x77c4e6b1
Eax=77BB5C1C Ebx=76D1B498 Ecx=77BB5C18 Edx=2E98000 Edi=76D932F0 Esi=7728C8DC Ebp=303E28C Esp=303E288 Eip=77C4E69A

ADDR: 77AD97A6 CODE: 0f8454720500 jz 0x77b30a00
Eax=303E2FC Ebx=7728C8DC Ecx=303E2E8 Edx=2E98000 Edi=76D932F0 Esi=7728C8DC Ebp=303E290 Esp=303E270 Eip=77AD97A6

ADDR: 77AD97D3 CODE: 7479 jz 0x77ad984e
Eax=303E2FC Ebx=33EE480 Ecx=14 Edx=19A06614 Edi=33EE280 Esi=33EE444 Ebp=303E290 Esp=303E270 Eip=77AD97D3

ADDR: 77C47B53 CODE: 746e jz 0x77c47bc3
Eax=FFFFFFFE Ebx=77BB5C18 Ecx=FFFFFFFF Edx=19A06614 Edi=77BB5C1C Esi=FFFFFFFE Ebp=303E288 Esp=303E274 Eip=77C47B53

ADDR: 77AD94A4 CODE: 7458 jz 0x77ad94fe
Eax=BEA71F01 Ebx=76D1B498 Ecx=14 Edx=19A06614 Edi=2 Esi=77915A70 Ebp=303E2CC Esp=303E2B4 Eip=77AD94A4

ADDR: 77C98DEB CODE: 730a jae 0x77c98df7
Eax=EF22B4E Ebx=76D1B498 Ecx=77915A70 Edx=404000 Edi=2 Esi=77915A70 Ebp=303E2CC Esp=303E2A8 Eip=77C98DEB

ADDR: 77C909B7 CODE: 747f jz 0x77c90a38
Eax=2 Ebx=2E98FB4 Ecx=77915A70 Edx=2E98FB4 Edi=2 Esi=77915A70 Ebp=303E280 Esp=303E274 Eip=77C909B7

ADDR: 77C909BE CODE: 7378 jae 0x77c90a38
Eax=2 Ebx=2E98FB4 Ecx=77915A70 Edx=2E98FB4 Edi=2 Esi=77915A70 Ebp=303E280 Esp=303E274 Eip=77C909BE

ADDR: 77915A83 CODE: 790d jns 0x77915a92
Eax=0 Ebx=76D1B498 Ecx=33DA3C8 Edx=0 Edi=2 Esi=77915A70 Ebp=303E2A4 Esp=303E2A4 Eip=77915A83

ADDR: 77AE2C46 CODE: 740a jz 0x77ae2c52
Eax=0 Ebx=76D1B498 Ecx=76F1EAA0 Edx=0 Edi=76D93310 Esi=76D1B3B4 Ebp=303E360 Esp=303E354 Eip=77AE2C46

ADDR: 77C98DEB CODE: 730a jae 0x77c98df7
Eax=EDB2662 Ebx=76D1B498 Ecx=76D93310 Edx=44444444 Edi=76D93310 Esi=76D1B3B4 Ebp=303E360 Esp=303E350 Eip=77C98DEB

ADDR: 77AD95B4 CODE: 7458 jz 0x77ad960e
Eax=BEA71F01 Ebx=76D1B498 Ecx=14 Edx=7728C8DC Edi=2 Esi=77915A70 Ebp=303E2D0 Esp=303E2B8 Eip=77AD95B4

ADDR: 77C98DEB CODE: 730a jae 0x77c98df7
Eax=EF22B4E Ebx=76D1B498 Ecx=77915A70 Edx=404000 Edi=2 Esi=77915A70 Ebp=303E2D0 Esp=303E2AC Eip=77C98DEB

ADDR: 77C909B7 CODE: 747f jz 0x77c90a38
Eax=2 Ebx=2E98FB4 Ecx=77915A70 Edx=2E98FB4 Edi=2 Esi=77915A70 Ebp=303E284 Esp=303E278 Eip=77C909B7

ADDR: 77C909BE CODE: 7378 jae 0x77c90a38
Eax=2 Ebx=2E98FB4 Ecx=77915A70 Edx=2E98FB4 Edi=2 Esi=77915A70 Ebp=303E284 Esp=303E278 Eip=77C909BE

ADDR: 77915A83 CODE: 790d jns 0x77915a92
Eax=0 Ebx=76D1B498 Ecx=33DA3C8 Edx=0 Edi=2 Esi=77915A70 Ebp=303E2A8 Esp=303E2A8 Eip=77915A83

ADDR: 77AD90DC CODE: 7454 jz 0x77ad9132
Eax=13A71F14 Ebx=76D1B498 Ecx=14 Edx=0 Edi=2 Esi=779000A0 Ebp=303E31C Esp=303E2C0 Eip=77AD90DC

ADDR: 77C98DEB CODE: 730a jae 0x77c98df7
Eax=EF20014 Ebx=76D1B498 Ecx=779000A0 Edx=104000 Edi=2 Esi=779000A0 Ebp=303E31C Esp=303E2B8 Eip=77C98DEB

ADDR: 77C8C686 CODE: 743c jz 0x77c8c6c4
Eax=2 Ebx=76D1B498 Ecx=33DA3C0 Edx=104000 Edi=2 Esi=2E98000 Ebp=303E29C Esp=303E29C Eip=77C8C686

ADDR: 77C8C68D CODE: 7335 jae 0x77c8c6c4
Eax=2 Ebx=76D1B498 Ecx=33DA3C0 Edx=104000 Edi=2 Esi=2E98000 Ebp=303E29C Esp=303E29C Eip=77C8C68D

ADDR: 77C8C6AC CODE: 740c jz 0x77c8c6ba
Eax=33DCAA0 Ebx=76D1B498 Ecx=33DA3C0 Edx=0 Edi=2 Esi=2 Ebp=303E29C Esp=303E298 Eip=77C8C6AC

ADDR: 77C8C6B4 CODE: 7404 jz 0x77c8c6ba
Eax=33DCAAC Ebx=76D1B498 Ecx=33DA3C0 Edx=0 Edi=2 Esi=2 Ebp=303E29C Esp=303E298 Eip=77C8C6B4

ADDR: 779000BD CODE: 791c jns 0x779000db
Eax=0 Ebx=76D1B498 Ecx=303E2B0 Edx=0 Edi=2 Esi=2E98000 Ebp=303E2B4 Esp=303E2AC Eip=779000BD

ADDR: 77C4E69A CODE: 7315 jae 0x77c4e6b1
Eax=77BB5C1C Ebx=76D1B498 Ecx=77BB5C18 Edx=2E98000 Edi=76D93310 Esi=7728C8DC Ebp=303E28C Esp=303E288 Eip=77C4E69A

ADDR: 77AD97A6 CODE: 0f8454720500 jz 0x77b30a00
Eax=303E2FC Ebx=7728C8DC Ecx=303E2E8 Edx=2E98000 Edi=76D93310 Esi=7728C8DC Ebp=303E290 Esp=303E270 Eip=77AD97A6

ADDR: 77AD97D3 CODE: 7479 jz 0x77ad984e
Eax=303E2FC Ebx=33EE480 Ecx=14 Edx=19A06614 Edi=33EE280 Esi=33EE448 Ebp=303E290 Esp=303E270 Eip=77AD97D3

ADDR: 77C47B53 CODE: 746e jz 0x77c47bc3
Eax=FFFFFFFE Ebx=77BB5C18 Ecx=FFFFFFFF Edx=19A06614 Edi=77BB5C1C Esi=FFFFFFFE Ebp=303E288 Esp=303E274 Eip=77C47B53

ADDR: 77AD94A4 CODE: 7458 jz 0x77ad94fe
Eax=BEA71F01 Ebx=76D1B498 Ecx=14 Edx=19A06614 Edi=2 Esi=77915A70 Ebp=303E2CC Esp=303E2B4 Eip=77AD94A4

ADDR: 77C98DEB CODE: 730a jae 0x77c98df7
Eax=EF22B4E Ebx=76D1B498 Ecx=77915A70 Edx=404000 Edi=2 Esi=77915A70 Ebp=303E2CC Esp=303E2A8 Eip=77C98DEB

ADDR: 77C909B7 CODE: 747f jz 0x77c90a38
Eax=2 Ebx=2E98FB4 Ecx=77915A70 Edx=2E98FB4 Edi=2 Esi=77915A70 Ebp=303E280 Esp=303E274 Eip=77C909B7

ADDR: 77C909BE CODE: 7378 jae 0x77c90a38
Eax=2 Ebx=2E98FB4 Ecx=77915A70 Edx=2E98FB4 Edi=2 Esi=77915A70 Ebp=303E280 Esp=303E274 Eip=77C909BE

ADDR: 77915A83 CODE: 790d jns 0x77915a92
Eax=0 Ebx=76D1B498 Ecx=33DA3C8 Edx=0 Edi=2 Esi=77915A70 Ebp=303E2A4 Esp=303E2A4 Eip=77915A83

ADDR: 77AE2C46 CODE: 740a jz 0x77ae2c52
Eax=0 Ebx=76D1B498 Ecx=76F1EAB0 Edx=0 Edi=76D93330 Esi=76D1B3B8 Ebp=303E360 Esp=303E354 Eip=77AE2C46

ADDR: 77C98DEB CODE: 730a jae 0x77c98df7
Eax=EDB2666 Ebx=76D1B498 Ecx=76D93330 Edx=44444444 Edi=76D93330 Esi=76D1B3B8 Ebp=303E360 Esp=303E350 Eip=77C98DEB

ADDR: 77AD95B4 CODE: 7458 jz 0x77ad960e
Eax=BEA71F01 Ebx=76D1B498 Ecx=14 Edx=7728C8DC Edi=2 Esi=77915A70 Ebp=303E2D0 Esp=303E2B8 Eip=77AD95B4

ADDR: 77C98DEB CODE: 730a jae 0x77c98df7
Eax=EF22B4E Ebx=76D1B498 Ecx=77915A70 Edx=404000 Edi=2 Esi=77915A70 Ebp=303E2D0 Esp=303E2AC Eip=77C98DEB

ADDR: 77C909B7 CODE: 747f jz 0x77c90a38
Eax=2 Ebx=2E98FB4 Ecx=77915A70 Edx=2E98FB4 Edi=2 Esi=77915A70 Ebp=303E284 Esp=303E278 Eip=77C909B7

ADDR: 77C909BE CODE: 7378 jae 0x77c90a38
Eax=2 Ebx=2E98FB4 Ecx=77915A70 Edx=2E98FB4 Edi=2 Esi=77915A70 Ebp=303E284 Esp=303E278 Eip=77C909BE

ADDR: 77915A83 CODE: 790d jns 0x77915a92
Eax=0 Ebx=76D1B498 Ecx=33DA3C8 Edx=0 Edi=2 Esi=77915A70 Ebp=303E2A8 Esp=303E2A8 Eip=77915A83

ADDR: 77AD90DC CODE: 7454 jz 0x77ad9132
Eax=13A71F14 Ebx=76D1B498 Ecx=14 Edx=0 Edi=2 Esi=779000A0 Ebp=303E31C Esp=303E2C0 Eip=77AD90DC

ADDR: 77C98DEB CODE: 730a jae 0x77c98df7
Eax=EF20014 Ebx=76D1B498 Ecx=779000A0 Edx=104000 Edi=2 Esi=779000A0 Ebp=303E31C Esp=303E2B8 Eip=77C98DEB

ADDR: 77C8C686 CODE: 743c jz 0x77c8c6c4
Eax=2 Ebx=76D1B498 Ecx=33DA3C0 Edx=104000 Edi=2 Esi=2E98000 Ebp=303E29C Esp=303E29C Eip=77C8C686

ADDR: 77C8C68D CODE: 7335 jae 0x77c8c6c4
Eax=2 Ebx=76D1B498 Ecx=33DA3C0 Edx=104000 Edi=2 Esi=2E98000 Ebp=303E29C Esp=303E29C Eip=77C8C68D

ADDR: 77C8C6AC CODE: 740c jz 0x77c8c6ba
Eax=33DCAA0 Ebx=76D1B498 Ecx=33DA3C0 Edx=0 Edi=2 Esi=2 Ebp=303E29C Esp=303E298 Eip=77C8C6AC

ADDR: 77C8C6B4 CODE: 7404 jz 0x77c8c6ba
Eax=33DCAAC Ebx=76D1B498 Ecx=33DA3C0 Edx=0 Edi=2 Esi=2 Ebp=303E29C Esp=303E298 Eip=77C8C6B4

ADDR: 779000BD CODE: 791c jns 0x779000db
Eax=0 Ebx=76D1B498 Ecx=303E2B0 Edx=0 Edi=2 Esi=2E98000 Ebp=303E2B4 Esp=303E2AC Eip=779000BD

ADDR: 77C4E69A CODE: 7315 jae 0x77c4e6b1
Eax=77BB5C1C Ebx=76D1B498 Ecx=77BB5C18 Edx=2E98000 Edi=76D93330 Esi=7728C8DC Ebp=303E28C Esp=303E288 Eip=77C4E69A

ADDR: 77AD97A6 CODE: 0f8454720500 jz 0x77b30a00
Eax=303E2FC Ebx=7728C8DC Ecx=303E2E8 Edx=2E98000 Edi=76D93330 Esi=7728C8DC Ebp=303E290 Esp=303E270 Eip=77AD97A6

ADDR: 77AD97D3 CODE: 7479 jz 0x77ad984e
Eax=303E2FC Ebx=33EE480 Ecx=14 Edx=19A06614 Edi=33EE280 Esi=33EE44C Ebp=303E290 Esp=303E270 Eip=77AD97D3

ADDR: 77C47B53 CODE: 746e jz 0x77c47bc3
Eax=FFFFFFFE Ebx=77BB5C18 Ecx=FFFFFFFF Edx=19A06614 Edi=77BB5C1C Esi=FFFFFFFE Ebp=303E288 Esp=303E274 Eip=77C47B53

ADDR: 77AD94A4 CODE: 7458 jz 0x77ad94fe
Eax=BEA71F01 Ebx=76D1B498 Ecx=14 Edx=19A06614 Edi=2 Esi=77915A70 Ebp=303E2CC Esp=303E2B4 Eip=77AD94A4

ADDR: 77C98DEB CODE: 730a jae 0x77c98df7
Eax=EF22B4E Ebx=76D1B498 Ecx=77915A70 Edx=404000 Edi=2 Esi=77915A70 Ebp=303E2CC Esp=303E2A8 Eip=77C98DEB

ADDR: 77C909B7 CODE: 747f jz 0x77c90a38
Eax=2 Ebx=2E98FB4 Ecx=77915A70 Edx=2E98FB4 Edi=2 Esi=77915A70 Ebp=303E280 Esp=303E274 Eip=77C909B7

ADDR: 77C909BE CODE: 7378 jae 0x77c90a38
Eax=2 Ebx=2E98FB4 Ecx=77915A70 Edx=2E98FB4 Edi=2 Esi=77915A70 Ebp=303E280 Esp=303E274 Eip=77C909BE

ADDR: 77915A83 CODE: 790d jns 0x77915a92
Eax=0 Ebx=76D1B498 Ecx=33DA3C8 Edx=0 Edi=2 Esi=77915A70 Ebp=303E2A4 Esp=303E2A4 Eip=77915A83

ADDR: 77AE2C46 CODE: 740a jz 0x77ae2c52
Eax=0 Ebx=76D1B498 Ecx=76F1EAC0 Edx=0 Edi=76D93350 Esi=76D1B3BC Ebp=303E360 Esp=303E354 Eip=77AE2C46

ADDR: 77C98DEB CODE: 730a jae 0x77c98df7
Eax=EDB266A Ebx=76D1B498 Ecx=76D93350 Edx=44444444 Edi=76D93350 Esi=76D1B3BC Ebp=303E360 Esp=303E350 Eip=77C98DEB

ADDR: 77AD95B4 CODE: 7458 jz 0x77ad960e
Eax=BEA71F01 Ebx=76D1B498 Ecx=14 Edx=7728C8DC Edi=2 Esi=77915A70 Ebp=303E2D0 Esp=303E2B8 Eip=77AD95B4

ADDR: 77C98DEB CODE: 730a jae 0x77c98df7
Eax=EF22B4E Ebx=76D1B498 Ecx=77915A70 Edx=404000 Edi=2 Esi=77915A70 Ebp=303E2D0 Esp=303E2AC Eip=77C98DEB

ADDR: 77C909B7 CODE: 747f jz 0x77c90a38
Eax=2 Ebx=2E98FB4 Ecx=77915A70 Edx=2E98FB4 Edi=2 Esi=77915A70 Ebp=303E284 Esp=303E278 Eip=77C909B7

ADDR: 77C909BE CODE: 7378 jae 0x77c90a38
Eax=2 Ebx=2E98FB4 Ecx=77915A70 Edx=2E98FB4 Edi=2 Esi=77915A70 Ebp=303E284 Esp=303E278 Eip=77C909BE

ADDR: 77915A83 CODE: 790d jns 0x77915a92
Eax=0 Ebx=76D1B498 Ecx=33DA3C8 Edx=0 Edi=2 Esi=77915A70 Ebp=303E2A8 Esp=303E2A8 Eip=77915A83

ADDR: 77AD90DC CODE: 7454 jz 0x77ad9132
Eax=13A71F14 Ebx=76D1B498 Ecx=14 Edx=0 Edi=2 Esi=779000A0 Ebp=303E31C Esp=303E2C0 Eip=77AD90DC

ADDR: 77C98DEB CODE: 730a jae 0x77c98df7
Eax=EF20014 Ebx=76D1B498 Ecx=779000A0 Edx=104000 Edi=2 Esi=779000A0 Ebp=303E31C Esp=303E2B8 Eip=77C98DEB

ADDR: 77C8C686 CODE: 743c jz 0x77c8c6c4
Eax=2 Ebx=76D1B498 Ecx=33DA3C0 Edx=104000 Edi=2 Esi=2E98000 Ebp=303E29C Esp=303E29C Eip=77C8C686

ADDR: 77C8C68D CODE: 7335 jae 0x77c8c6c4
Eax=2 Ebx=76D1B498 Ecx=33DA3C0 Edx=104000 Edi=2 Esi=2E98000 Ebp=303E29C Esp=303E29C Eip=77C8C68D

ADDR: 77C8C6AC CODE: 740c jz 0x77c8c6ba
Eax=33DCAA0 Ebx=76D1B498 Ecx=33DA3C0 Edx=0 Edi=2 Esi=2 Ebp=303E29C Esp=303E298 Eip=77C8C6AC

ADDR: 77C8C6B4 CODE: 7404 jz 0x77c8c6ba
Eax=33DCAAC Ebx=76D1B498 Ecx=33DA3C0 Edx=0 Edi=2 Esi=2 Ebp=303E29C Esp=303E298 Eip=77C8C6B4

ADDR: 779000BD CODE: 791c jns 0x779000db
Eax=0 Ebx=76D1B498 Ecx=303E2B0 Edx=0 Edi=2 Esi=2E98000 Ebp=303E2B4 Esp=303E2AC Eip=779000BD

ADDR: 77C4E69A CODE: 7315 jae 0x77c4e6b1
Eax=77BB5C1C Ebx=76D1B498 Ecx=77BB5C18 Edx=2E98000 Edi=76D93350 Esi=7728C8DC Ebp=303E28C Esp=303E288 Eip=77C4E69A

ADDR: 77AD97A6 CODE: 0f8454720500 jz 0x77b30a00
Eax=303E2FC Ebx=7728C8DC Ecx=303E2E8 Edx=2E98000 Edi=76D93350 Esi=7728C8DC Ebp=303E290 Esp=303E270 Eip=77AD97A6

ADDR: 77AD97D3 CODE: 7479 jz 0x77ad984e
Eax=303E2FC Ebx=33EE480 Ecx=14 Edx=19A06614 Edi=33EE280 Esi=33EE450 Ebp=303E290 Esp=303E270 Eip=77AD97D3

ADDR: 77C47B53 CODE: 746e jz 0x77c47bc3
Eax=FFFFFFFE Ebx=77BB5C18 Ecx=FFFFFFFF Edx=19A06614 Edi=77BB5C1C Esi=FFFFFFFE Ebp=303E288 Esp=303E274 Eip=77C47B53

ADDR: 77AD94A4 CODE: 7458 jz 0x77ad94fe
Eax=BEA71F01 Ebx=76D1B498 Ecx=14 Edx=19A06614 Edi=2 Esi=77915A70 Ebp=303E2CC Esp=303E2B4 Eip=77AD94A4

ADDR: 77C98DEB CODE: 730a jae 0x77c98df7
Eax=EF22B4E Ebx=76D1B498 Ecx=77915A70 Edx=404000 Edi=2 Esi=77915A70 Ebp=303E2CC Esp=303E2A8 Eip=77C98DEB

ADDR: 77C909B7 CODE: 747f jz 0x77c90a38
Eax=2 Ebx=2E98FB4 Ecx=77915A70 Edx=2E98FB4 Edi=2 Esi=77915A70 Ebp=303E280 Esp=303E274 Eip=77C909B7

ADDR: 77C909BE CODE: 7378 jae 0x77c90a38
Eax=2 Ebx=2E98FB4 Ecx=77915A70 Edx=2E98FB4 Edi=2 Esi=77915A70 Ebp=303E280 Esp=303E274 Eip=77C909BE

ADDR: 77915A83 CODE: 790d jns 0x77915a92
Eax=0 Ebx=76D1B498 Ecx=33DA3C8 Edx=0 Edi=2 Esi=77915A70 Ebp=303E2A4 Esp=303E2A4 Eip=77915A83

ADDR: 77AE2C46 CODE: 740a jz 0x77ae2c52
Eax=0 Ebx=76D1B498 Ecx=76F1EAD0 Edx=0 Edi=76D93370 Esi=76D1B3C0 Ebp=303E360 Esp=303E354 Eip=77AE2C46

ADDR: 77C98DEB CODE: 730a jae 0x77c98df7
Eax=EDB266E Ebx=76D1B498 Ecx=76D93370 Edx=44444444 Edi=76D93370 Esi=76D1B3C0 Ebp=303E360 Esp=303E350 Eip=77C98DEB

ADDR: 77AD95B4 CODE: 7458 jz 0x77ad960e
Eax=BEA71F01 Ebx=76D1B498 Ecx=14 Edx=7728C8DC Edi=2 Esi=77915A70 Ebp=303E2D0 Esp=303E2B8 Eip=77AD95B4

ADDR: 77C98DEB CODE: 730a jae 0x77c98df7
Eax=EF22B4E Ebx=76D1B498 Ecx=77915A70 Edx=404000 Edi=2 Esi=77915A70 Ebp=303E2D0 Esp=303E2AC Eip=77C98DEB

ADDR: 77C909B7 CODE: 747f jz 0x77c90a38
Eax=2 Ebx=2E98FB4 Ecx=77915A70 Edx=2E98FB4 Edi=2 Esi=77915A70 Ebp=303E284 Esp=303E278 Eip=77C909B7

ADDR: 77C909BE CODE: 7378 jae 0x77c90a38
Eax=2 Ebx=2E98FB4 Ecx=77915A70 Edx=2E98FB4 Edi=2 Esi=77915A70 Ebp=303E284 Esp=303E278 Eip=77C909BE

ADDR: 77915A83 CODE: 790d jns 0x77915a92
Eax=0 Ebx=76D1B498 Ecx=33DA3C8 Edx=0 Edi=2 Esi=77915A70 Ebp=303E2A8 Esp=303E2A8 Eip=77915A83

ADDR: 77AD90DC CODE: 7454 jz 0x77ad9132
Eax=13A71F14 Ebx=76D1B498 Ecx=14 Edx=0 Edi=2 Esi=779000A0 Ebp=303E31C Esp=303E2C0 Eip=77AD90DC

ADDR: 77C98DEB CODE: 730a jae 0x77c98df7
Eax=EF20014 Ebx=76D1B498 Ecx=779000A0 Edx=104000 Edi=2 Esi=779000A0 Ebp=303E31C Esp=303E2B8 Eip=77C98DEB

ADDR: 77C8C686 CODE: 743c jz 0x77c8c6c4
Eax=2 Ebx=76D1B498 Ecx=33DA3C0 Edx=104000 Edi=2 Esi=2E98000 Ebp=303E29C Esp=303E29C Eip=77C8C686

ADDR: 77C8C68D CODE: 7335 jae 0x77c8c6c4
Eax=2 Ebx=76D1B498 Ecx=33DA3C0 Edx=104000 Edi=2 Esi=2E98000 Ebp=303E29C Esp=303E29C Eip=77C8C68D

ADDR: 77C8C6AC CODE: 740c jz 0x77c8c6ba
Eax=33DCAA0 Ebx=76D1B498 Ecx=33DA3C0 Edx=0 Edi=2 Esi=2 Ebp=303E29C Esp=303E298 Eip=77C8C6AC

ADDR: 77C8C6B4 CODE: 7404 jz 0x77c8c6ba
Eax=33DCAAC Ebx=76D1B498 Ecx=33DA3C0 Edx=0 Edi=2 Esi=2 Ebp=303E29C Esp=303E298 Eip=77C8C6B4

ADDR: 779000BD CODE: 791c jns 0x779000db
Eax=0 Ebx=76D1B498 Ecx=303E2B0 Edx=0 Edi=2 Esi=2E98000 Ebp=303E2B4 Esp=303E2AC Eip=779000BD

ADDR: 77C4E69A CODE: 7315 jae 0x77c4e6b1
Eax=77BB5C1C Ebx=76D1B498 Ecx=77BB5C18 Edx=2E98000 Edi=76D93370 Esi=7728C8DC Ebp=303E28C Esp=303E288 Eip=77C4E69A

ADDR: 77AD97A6 CODE: 0f8454720500 jz 0x77b30a00
Eax=303E2FC Ebx=7728C8DC Ecx=303E2E8 Edx=2E98000 Edi=76D93370 Esi=7728C8DC Ebp=303E290 Esp=303E270 Eip=77AD97A6

ADDR: 77AD97D3 CODE: 7479 jz 0x77ad984e
Eax=303E2FC Ebx=33EE480 Ecx=14 Edx=19A06614 Edi=33EE280 Esi=33EE454 Ebp=303E290 Esp=303E270 Eip=77AD97D3

ADDR: 77C47B53 CODE: 746e jz 0x77c47bc3
Eax=FFFFFFFE Ebx=77BB5C18 Ecx=FFFFFFFF Edx=19A06614 Edi=77BB5C1C Esi=FFFFFFFE Ebp=303E288 Esp=303E274 Eip=77C47B53

ADDR: 77AD94A4 CODE: 7458 jz 0x77ad94fe
Eax=BEA71F01 Ebx=76D1B498 Ecx=14 Edx=19A06614 Edi=2 Esi=77915A70 Ebp=303E2CC Esp=303E2B4 Eip=77AD94A4

ADDR: 77C98DEB CODE: 730a jae 0x77c98df7
Eax=EF22B4E Ebx=76D1B498 Ecx=77915A70 Edx=404000 Edi=2 Esi=77915A70 Ebp=303E2CC Esp=303E2A8 Eip=77C98DEB

ADDR: 77C909B7 CODE: 747f jz 0x77c90a38
Eax=2 Ebx=2E98FB4 Ecx=77915A70 Edx=2E98FB4 Edi=2 Esi=77915A70 Ebp=303E280 Esp=303E274 Eip=77C909B7

ADDR: 77C909BE CODE: 7378 jae 0x77c90a38
Eax=2 Ebx=2E98FB4 Ecx=77915A70 Edx=2E98FB4 Edi=2 Esi=77915A70 Ebp=303E280 Esp=303E274 Eip=77C909BE

ADDR: 77915A83 CODE: 790d jns 0x77915a92
Eax=0 Ebx=76D1B498 Ecx=33DA3C8 Edx=0 Edi=2 Esi=77915A70 Ebp=303E2A4 Esp=303E2A4 Eip=77915A83

ADDR: 77AE2C46 CODE: 740a jz 0x77ae2c52
Eax=0 Ebx=76D1B498 Ecx=76F1EAE0 Edx=0 Edi=76D93390 Esi=76D1B3C4 Ebp=303E360 Esp=303E354 Eip=77AE2C46

ADDR: 77C98DEB CODE: 730a jae 0x77c98df7
Eax=EDB2672 Ebx=76D1B498 Ecx=76D93390 Edx=44444444 Edi=76D93390 Esi=76D1B3C4 Ebp=303E360 Esp=303E350 Eip=77C98DEB

ADDR: 77AD95B4 CODE: 7458 jz 0x77ad960e
Eax=BEA71F01 Ebx=76D1B498 Ecx=14 Edx=7728C8DC Edi=2 Esi=77915A70 Ebp=303E2D0 Esp=303E2B8 Eip=77AD95B4

ADDR: 77C98DEB CODE: 730a jae 0x77c98df7
Eax=EF22B4E Ebx=76D1B498 Ecx=77915A70 Edx=404000 Edi=2 Esi=77915A70 Ebp=303E2D0 Esp=303E2AC Eip=77C98DEB

ADDR: 77C909B7 CODE: 747f jz 0x77c90a38
Eax=2 Ebx=2E98FB4 Ecx=77915A70 Edx=2E98FB4 Edi=2 Esi=77915A70 Ebp=303E284 Esp=303E278 Eip=77C909B7

ADDR: 77C909BE CODE: 7378 jae 0x77c90a38
Eax=2 Ebx=2E98FB4 Ecx=77915A70 Edx=2E98FB4 Edi=2 Esi=77915A70 Ebp=303E284 Esp=303E278 Eip=77C909BE

ADDR: 77915A83 CODE: 790d jns 0x77915a92
Eax=0 Ebx=76D1B498 Ecx=33DA3C8 Edx=0 Edi=2 Esi=77915A70 Ebp=303E2A8 Esp=303E2A8 Eip=77915A83

ADDR: 77AD90DC CODE: 7454 jz 0x77ad9132
Eax=13A71F14 Ebx=76D1B498 Ecx=14 Edx=0 Edi=2 Esi=779000A0 Ebp=303E31C Esp=303E2C0 Eip=77AD90DC

ADDR: 77C98DEB CODE: 730a jae 0x77c98df7
Eax=EF20014 Ebx=76D1B498 Ecx=779000A0 Edx=104000 Edi=2 Esi=779000A0 Ebp=303E31C Esp=303E2B8 Eip=77C98DEB

ADDR: 77C8C686 CODE: 743c jz 0x77c8c6c4
Eax=2 Ebx=76D1B498 Ecx=33DA3C0 Edx=104000 Edi=2 Esi=2E98000 Ebp=303E29C Esp=303E29C Eip=77C8C686

ADDR: 77C8C68D CODE: 7335 jae 0x77c8c6c4
Eax=2 Ebx=76D1B498 Ecx=33DA3C0 Edx=104000 Edi=2 Esi=2E98000 Ebp=303E29C Esp=303E29C Eip=77C8C68D

ADDR: 77C8C6AC CODE: 740c jz 0x77c8c6ba
Eax=33DCAA0 Ebx=76D1B498 Ecx=33DA3C0 Edx=0 Edi=2 Esi=2 Ebp=303E29C Esp=303E298 Eip=77C8C6AC

ADDR: 77C8C6B4 CODE: 7404 jz 0x77c8c6ba
Eax=33DCAAC Ebx=76D1B498 Ecx=33DA3C0 Edx=0 Edi=2 Esi=2 Ebp=303E29C Esp=303E298 Eip=77C8C6B4

ADDR: 779000BD CODE: 791c jns 0x779000db
Eax=0 Ebx=76D1B498 Ecx=303E2B0 Edx=0 Edi=2 Esi=2E98000 Ebp=303E2B4 Esp=303E2AC Eip=779000BD

ADDR: 77C4E69A CODE: 7315 jae 0x77c4e6b1
Eax=77BB5C1C Ebx=76D1B498 Ecx=77BB5C18 Edx=2E98000 Edi=76D93390 Esi=7728C8DC Ebp=303E28C Esp=303E288 Eip=77C4E69A

ADDR: 77AD97A6 CODE: 0f8454720500 jz 0x77b30a00
Eax=303E2FC Ebx=7728C8DC Ecx=303E2E8 Edx=2E98000 Edi=76D93390 Esi=7728C8DC Ebp=303E290 Esp=303E270 Eip=77AD97A6

ADDR: 77AD97D3 CODE: 7479 jz 0x77ad984e
Eax=303E2FC Ebx=33EE480 Ecx=14 Edx=19A06614 Edi=33EE280 Esi=33EE458 Ebp=303E290 Esp=303E270 Eip=77AD97D3

ADDR: 77C47B53 CODE: 746e jz 0x77c47bc3
Eax=FFFFFFFE Ebx=77BB5C18 Ecx=FFFFFFFF Edx=19A06614 Edi=77BB5C1C Esi=FFFFFFFE Ebp=303E288 Esp=303E274 Eip=77C47B53

ADDR: 77AD94A4 CODE: 7458 jz 0x77ad94fe
Eax=BEA71F01 Ebx=76D1B498 Ecx=14 Edx=19A06614 Edi=2 Esi=77915A70 Ebp=303E2CC Esp=303E2B4 Eip=77AD94A4

ADDR: 77C98DEB CODE: 730a jae 0x77c98df7
Eax=EF22B4E Ebx=76D1B498 Ecx=77915A70 Edx=404000 Edi=2 Esi=77915A70 Ebp=303E2CC Esp=303E2A8 Eip=77C98DEB

ADDR: 77C909B7 CODE: 747f jz 0x77c90a38
Eax=2 Ebx=2E98FB4 Ecx=77915A70 Edx=2E98FB4 Edi=2 Esi=77915A70 Ebp=303E280 Esp=303E274 Eip=77C909B7

ADDR: 77C909BE CODE: 7378 jae 0x77c90a38
Eax=2 Ebx=2E98FB4 Ecx=77915A70 Edx=2E98FB4 Edi=2 Esi=77915A70 Ebp=303E280 Esp=303E274 Eip=77C909BE

ADDR: 77915A83 CODE: 790d jns 0x77915a92
Eax=0 Ebx=76D1B498 Ecx=33DA3C8 Edx=0 Edi=2 Esi=77915A70 Ebp=303E2A4 Esp=303E2A4 Eip=77915A83

ADDR: 77AE2C46 CODE: 740a jz 0x77ae2c52
Eax=0 Ebx=76D1B498 Ecx=76F1EAF0 Edx=0 Edi=76D933B0 Esi=76D1B3C8 Ebp=303E360 Esp=303E354 Eip=77AE2C46

ADDR: 77C98DEB CODE: 730a jae 0x77c98df7
Eax=EDB2676 Ebx=76D1B498 Ecx=76D933B0 Edx=44444444 Edi=76D933B0 Esi=76D1B3C8 Ebp=303E360 Esp=303E350 Eip=77C98DEB

ADDR: 77AD95B4 CODE: 7458 jz 0x77ad960e
Eax=BEA71F01 Ebx=76D1B498 Ecx=14 Edx=7728C8DC Edi=2 Esi=77915A70 Ebp=303E2D0 Esp=303E2B8 Eip=77AD95B4

ADDR: 77C98DEB CODE: 730a jae 0x77c98df7
Eax=EF22B4E Ebx=76D1B498 Ecx=77915A70 Edx=404000 Edi=2 Esi=77915A70 Ebp=303E2D0 Esp=303E2AC Eip=77C98DEB

ADDR: 77C909B7 CODE: 747f jz 0x77c90a38
Eax=2 Ebx=2E98FB4 Ecx=77915A70 Edx=2E98FB4 Edi=2 Esi=77915A70 Ebp=303E284 Esp=303E278 Eip=77C909B7

ADDR: 77C909BE CODE: 7378 jae 0x77c90a38
Eax=2 Ebx=2E98FB4 Ecx=77915A70 Edx=2E98FB4 Edi=2 Esi=77915A70 Ebp=303E284 Esp=303E278 Eip=77C909BE

ADDR: 77915A83 CODE: 790d jns 0x77915a92
Eax=0 Ebx=76D1B498 Ecx=33DA3C8 Edx=0 Edi=2 Esi=77915A70 Ebp=303E2A8 Esp=303E2A8 Eip=77915A83

ADDR: 77AD90DC CODE: 7454 jz 0x77ad9132
Eax=13A71F14 Ebx=76D1B498 Ecx=14 Edx=0 Edi=2 Esi=779000A0 Ebp=303E31C Esp=303E2C0 Eip=77AD90DC

ADDR: 77C98DEB CODE: 730a jae 0x77c98df7
Eax=EF20014 Ebx=76D1B498 Ecx=779000A0 Edx=104000 Edi=2 Esi=779000A0 Ebp=303E31C Esp=303E2B8 Eip=77C98DEB

ADDR: 77C8C686 CODE: 743c jz 0x77c8c6c4
Eax=2 Ebx=76D1B498 Ecx=33DA3C0 Edx=104000 Edi=2 Esi=2E98000 Ebp=303E29C Esp=303E29C Eip=77C8C686

ADDR: 77C8C68D CODE: 7335 jae 0x77c8c6c4
Eax=2 Ebx=76D1B498 Ecx=33DA3C0 Edx=104000 Edi=2 Esi=2E98000 Ebp=303E29C Esp=303E29C Eip=77C8C68D

ADDR: 77C8C6AC CODE: 740c jz 0x77c8c6ba
Eax=33DCAA0 Ebx=76D1B498 Ecx=33DA3C0 Edx=0 Edi=2 Esi=2 Ebp=303E29C Esp=303E298 Eip=77C8C6AC

ADDR: 77C8C6B4 CODE: 7404 jz 0x77c8c6ba
Eax=33DCAAC Ebx=76D1B498 Ecx=33DA3C0 Edx=0 Edi=2 Esi=2 Ebp=303E29C Esp=303E298 Eip=77C8C6B4

ADDR: 779000BD CODE: 791c jns 0x779000db
Eax=0 Ebx=76D1B498 Ecx=303E2B0 Edx=0 Edi=2 Esi=2E98000 Ebp=303E2B4 Esp=303E2AC Eip=779000BD

ADDR: 77C4E69A CODE: 7315 jae 0x77c4e6b1
Eax=77BB5C1C Ebx=76D1B498 Ecx=77BB5C18 Edx=2E98000 Edi=76D933B0 Esi=7728C8DC Ebp=303E28C Esp=303E288 Eip=77C4E69A

ADDR: 77AD97A6 CODE: 0f8454720500 jz 0x77b30a00
Eax=303E2FC Ebx=7728C8DC Ecx=303E2E8 Edx=2E98000 Edi=76D933B0 Esi=7728C8DC Ebp=303E290 Esp=303E270 Eip=77AD97A6

ADDR: 77AD97D3 CODE: 7479 jz 0x77ad984e
Eax=303E2FC Ebx=33EE480 Ecx=14 Edx=19A06614 Edi=33EE280 Esi=33EE45C Ebp=303E290 Esp=303E270 Eip=77AD97D3

ADDR: 77C47B53 CODE: 746e jz 0x77c47bc3
Eax=FFFFFFFE Ebx=77BB5C18 Ecx=FFFFFFFF Edx=19A06614 Edi=77BB5C1C Esi=FFFFFFFE Ebp=303E288 Esp=303E274 Eip=77C47B53

ADDR: 77AD94A4 CODE: 7458 jz 0x77ad94fe
Eax=BEA71F01 Ebx=76D1B498 Ecx=14 Edx=19A06614 Edi=2 Esi=77915A70 Ebp=303E2CC Esp=303E2B4 Eip=77AD94A4

ADDR: 77C98DEB CODE: 730a jae 0x77c98df7
Eax=EF22B4E Ebx=76D1B498 Ecx=77915A70 Edx=404000 Edi=2 Esi=77915A70 Ebp=303E2CC Esp=303E2A8 Eip=77C98DEB

ADDR: 77C909B7 CODE: 747f jz 0x77c90a38
Eax=2 Ebx=2E98FB4 Ecx=77915A70 Edx=2E98FB4 Edi=2 Esi=77915A70 Ebp=303E280 Esp=303E274 Eip=77C909B7

ADDR: 77C909BE CODE: 7378 jae 0x77c90a38
Eax=2 Ebx=2E98FB4 Ecx=77915A70 Edx=2E98FB4 Edi=2 Esi=77915A70 Ebp=303E280 Esp=303E274 Eip=77C909BE

ADDR: 77915A83 CODE: 790d jns 0x77915a92
Eax=0 Ebx=76D1B498 Ecx=33DA3C8 Edx=0 Edi=2 Esi=77915A70 Ebp=303E2A4 Esp=303E2A4 Eip=77915A83

ADDR: 77AE2C46 CODE: 740a jz 0x77ae2c52
Eax=0 Ebx=76D1B498 Ecx=76F1EB00 Edx=0 Edi=76D933D0 Esi=76D1B3CC Ebp=303E360 Esp=303E354 Eip=77AE2C46

ADDR: 77C98DEB CODE: 730a jae 0x77c98df7
Eax=EDB267A Ebx=76D1B498 Ecx=76D933D0 Edx=44444444 Edi=76D933D0 Esi=76D1B3CC Ebp=303E360 Esp=303E350 Eip=77C98DEB

ADDR: 77AD95B4 CODE: 7458 jz 0x77ad960e
Eax=BEA71F01 Ebx=76D1B498 Ecx=14 Edx=7728C8DC Edi=2 Esi=77915A70 Ebp=303E2D0 Esp=303E2B8 Eip=77AD95B4

ADDR: 77C98DEB CODE: 730a jae 0x77c98df7
Eax=EF22B4E Ebx=76D1B498 Ecx=77915A70 Edx=404000 Edi=2 Esi=77915A70 Ebp=303E2D0 Esp=303E2AC Eip=77C98DEB

ADDR: 77C909B7 CODE: 747f jz 0x77c90a38
Eax=2 Ebx=2E98FB4 Ecx=77915A70 Edx=2E98FB4 Edi=2 Esi=77915A70 Ebp=303E284 Esp=303E278 Eip=77C909B7

ADDR: 77C909BE CODE: 7378 jae 0x77c90a38
Eax=2 Ebx=2E98FB4 Ecx=77915A70 Edx=2E98FB4 Edi=2 Esi=77915A70 Ebp=303E284 Esp=303E278 Eip=77C909BE

ADDR: 77915A83 CODE: 790d jns 0x77915a92
Eax=0 Ebx=76D1B498 Ecx=33DA3C8 Edx=0 Edi=2 Esi=77915A70 Ebp=303E2A8 Esp=303E2A8 Eip=77915A83

ADDR: 77AD90DC CODE: 7454 jz 0x77ad9132
Eax=13A71F14 Ebx=76D1B498 Ecx=14 Edx=0 Edi=2 Esi=779000A0 Ebp=303E31C Esp=303E2C0 Eip=77AD90DC

ADDR: 77C98DEB CODE: 730a jae 0x77c98df7
Eax=EF20014 Ebx=76D1B498 Ecx=779000A0 Edx=104000 Edi=2 Esi=779000A0 Ebp=303E31C Esp=303E2B8 Eip=77C98DEB

ADDR: 77C8C686 CODE: 743c jz 0x77c8c6c4
Eax=2 Ebx=76D1B498 Ecx=33DA3C0 Edx=104000 Edi=2 Esi=2E98000 Ebp=303E29C Esp=303E29C Eip=77C8C686

ADDR: 77C8C68D CODE: 7335 jae 0x77c8c6c4
Eax=2 Ebx=76D1B498 Ecx=33DA3C0 Edx=104000 Edi=2 Esi=2E98000 Ebp=303E29C Esp=303E29C Eip=77C8C68D

ADDR: 77C8C6AC CODE: 740c jz 0x77c8c6ba
Eax=33DCAA0 Ebx=76D1B498 Ecx=33DA3C0 Edx=0 Edi=2 Esi=2 Ebp=303E29C Esp=303E298 Eip=77C8C6AC

ADDR: 77C8C6B4 CODE: 7404 jz 0x77c8c6ba
Eax=33DCAAC Ebx=76D1B498 Ecx=33DA3C0 Edx=0 Edi=2 Esi=2 Ebp=303E29C Esp=303E298 Eip=77C8C6B4

ADDR: 779000BD CODE: 791c jns 0x779000db
Eax=0 Ebx=76D1B498 Ecx=303E2B0 Edx=0 Edi=2 Esi=2E98000 Ebp=303E2B4 Esp=303E2AC Eip=779000BD

ADDR: 77C4E69A CODE: 7315 jae 0x77c4e6b1
Eax=77BB5C1C Ebx=76D1B498 Ecx=77BB5C18 Edx=2E98000 Edi=76D933D0 Esi=7728C8DC Ebp=303E28C Esp=303E288 Eip=77C4E69A

ADDR: 77AD97A6 CODE: 0f8454720500 jz 0x77b30a00
Eax=303E2FC Ebx=7728C8DC Ecx=303E2E8 Edx=2E98000 Edi=76D933D0 Esi=7728C8DC Ebp=303E290 Esp=303E270 Eip=77AD97A6

ADDR: 77AD97D3 CODE: 7479 jz 0x77ad984e
Eax=303E2FC Ebx=33EE480 Ecx=14 Edx=19A06614 Edi=33EE280 Esi=33EE460 Ebp=303E290 Esp=303E270 Eip=77AD97D3

ADDR: 77C47B53 CODE: 746e jz 0x77c47bc3
Eax=FFFFFFFE Ebx=77BB5C18 Ecx=FFFFFFFF Edx=19A06614 Edi=77BB5C1C Esi=FFFFFFFE Ebp=303E288 Esp=303E274 Eip=77C47B53

ADDR: 77AD94A4 CODE: 7458 jz 0x77ad94fe
Eax=BEA71F01 Ebx=76D1B498 Ecx=14 Edx=19A06614 Edi=2 Esi=77915A70 Ebp=303E2CC Esp=303E2B4 Eip=77AD94A4

ADDR: 77C98DEB CODE: 730a jae 0x77c98df7
Eax=EF22B4E Ebx=76D1B498 Ecx=77915A70 Edx=404000 Edi=2 Esi=77915A70 Ebp=303E2CC Esp=303E2A8 Eip=77C98DEB

ADDR: 77C909B7 CODE: 747f jz 0x77c90a38
Eax=2 Ebx=2E98FB4 Ecx=77915A70 Edx=2E98FB4 Edi=2 Esi=77915A70 Ebp=303E280 Esp=303E274 Eip=77C909B7

ADDR: 77C909BE CODE: 7378 jae 0x77c90a38
Eax=2 Ebx=2E98FB4 Ecx=77915A70 Edx=2E98FB4 Edi=2 Esi=77915A70 Ebp=303E280 Esp=303E274 Eip=77C909BE

ADDR: 77915A83 CODE: 790d jns 0x77915a92
Eax=0 Ebx=76D1B498 Ecx=33DA3C8 Edx=0 Edi=2 Esi=77915A70 Ebp=303E2A4 Esp=303E2A4 Eip=77915A83

ADDR: 77AE2C46 CODE: 740a jz 0x77ae2c52
Eax=0 Ebx=76D1B498 Ecx=76F1EB10 Edx=0 Edi=76D933F0 Esi=76D1B3D0 Ebp=303E360 Esp=303E354 Eip=77AE2C46

ADDR: 77C98DEB CODE: 730a jae 0x77c98df7
Eax=EDB267E Ebx=76D1B498 Ecx=76D933F0 Edx=44444444 Edi=76D933F0 Esi=76D1B3D0 Ebp=303E360 Esp=303E350 Eip=77C98DEB

ADDR: 77AD95B4 CODE: 7458 jz 0x77ad960e
Eax=BEA71F01 Ebx=76D1B498 Ecx=14 Edx=7728C8DC Edi=2 Esi=77915A70 Ebp=303E2D0 Esp=303E2B8 Eip=77AD95B4

ADDR: 77C98DEB CODE: 730a jae 0x77c98df7
Eax=EF22B4E Ebx=76D1B498 Ecx=77915A70 Edx=404000 Edi=2 Esi=77915A70 Ebp=303E2D0 Esp=303E2AC Eip=77C98DEB

ADDR: 77C909B7 CODE: 747f jz 0x77c90a38
Eax=2 Ebx=2E98FB4 Ecx=77915A70 Edx=2E98FB4 Edi=2 Esi=77915A70 Ebp=303E284 Esp=303E278 Eip=77C909B7

ADDR: 77C909BE CODE: 7378 jae 0x77c90a38
Eax=2 Ebx=2E98FB4 Ecx=77915A70 Edx=2E98FB4 Edi=2 Esi=77915A70 Ebp=303E284 Esp=303E278 Eip=77C909BE

ADDR: 77915A83 CODE: 790d jns 0x77915a92
Eax=0 Ebx=76D1B498 Ecx=33DA3C8 Edx=0 Edi=2 Esi=77915A70 Ebp=303E2A8 Esp=303E2A8 Eip=77915A83

ADDR: 77AD90DC CODE: 7454 jz 0x77ad9132
Eax=13A71F14 Ebx=76D1B498 Ecx=14 Edx=0 Edi=2 Esi=779000A0 Ebp=303E31C Esp=303E2C0 Eip=77AD90DC

ADDR: 77C98DEB CODE: 730a jae 0x77c98df7
Eax=EF20014 Ebx=76D1B498 Ecx=779000A0 Edx=104000 Edi=2 Esi=779000A0 Ebp=303E31C Esp=303E2B8 Eip=77C98DEB

ADDR: 77C8C686 CODE: 743c jz 0x77c8c6c4
Eax=2 Ebx=76D1B498 Ecx=33DA3C0 Edx=104000 Edi=2 Esi=2E98000 Ebp=303E29C Esp=303E29C Eip=77C8C686

ADDR: 77C8C68D CODE: 7335 jae 0x77c8c6c4
Eax=2 Ebx=76D1B498 Ecx=33DA3C0 Edx=104000 Edi=2 Esi=2E98000 Ebp=303E29C Esp=303E29C Eip=77C8C68D

ADDR: 77C8C6AC CODE: 740c jz 0x77c8c6ba
Eax=33DCAA0 Ebx=76D1B498 Ecx=33DA3C0 Edx=0 Edi=2 Esi=2 Ebp=303E29C Esp=303E298 Eip=77C8C6AC

ADDR: 77C8C6B4 CODE: 7404 jz 0x77c8c6ba
Eax=33DCAAC Ebx=76D1B498 Ecx=33DA3C0 Edx=0 Edi=2 Esi=2 Ebp=303E29C Esp=303E298 Eip=77C8C6B4

ADDR: 779000BD CODE: 791c jns 0x779000db
Eax=0 Ebx=76D1B498 Ecx=303E2B0 Edx=0 Edi=2 Esi=2E98000 Ebp=303E2B4 Esp=303E2AC Eip=779000BD

ADDR: 77C4E69A CODE: 7315 jae 0x77c4e6b1
Eax=77BB5C1C Ebx=76D1B498 Ecx=77BB5C18 Edx=2E98000 Edi=76D933F0 Esi=7728C8DC Ebp=303E28C Esp=303E288 Eip=77C4E69A

ADDR: 77AD97A6 CODE: 0f8454720500 jz 0x77b30a00
Eax=303E2FC Ebx=7728C8DC Ecx=303E2E8 Edx=2E98000 Edi=76D933F0 Esi=7728C8DC Ebp=303E290 Esp=303E270 Eip=77AD97A6

ADDR: 77AD97D3 CODE: 7479 jz 0x77ad984e
Eax=303E2FC Ebx=33EE480 Ecx=14 Edx=19A06614 Edi=33EE280 Esi=33EE464 Ebp=303E290 Esp=303E270 Eip=77AD97D3

ADDR: 77C47B53 CODE: 746e jz 0x77c47bc3
Eax=FFFFFFFE Ebx=77BB5C18 Ecx=FFFFFFFF Edx=19A06614 Edi=77BB5C1C Esi=FFFFFFFE Ebp=303E288 Esp=303E274 Eip=77C47B53

ADDR: 77AD94A4 CODE: 7458 jz 0x77ad94fe
Eax=BEA71F01 Ebx=76D1B498 Ecx=14 Edx=19A06614 Edi=2 Esi=77915A70 Ebp=303E2CC Esp=303E2B4 Eip=77AD94A4

ADDR: 77C98DEB CODE: 730a jae 0x77c98df7
Eax=EF22B4E Ebx=76D1B498 Ecx=77915A70 Edx=404000 Edi=2 Esi=77915A70 Ebp=303E2CC Esp=303E2A8 Eip=77C98DEB

ADDR: 77C909B7 CODE: 747f jz 0x77c90a38
Eax=2 Ebx=2E98FB4 Ecx=77915A70 Edx=2E98FB4 Edi=2 Esi=77915A70 Ebp=303E280 Esp=303E274 Eip=77C909B7

ADDR: 77C909BE CODE: 7378 jae 0x77c90a38
Eax=2 Ebx=2E98FB4 Ecx=77915A70 Edx=2E98FB4 Edi=2 Esi=77915A70 Ebp=303E280 Esp=303E274 Eip=77C909BE

ADDR: 77915A83 CODE: 790d jns 0x77915a92
Eax=0 Ebx=76D1B498 Ecx=33DA3C8 Edx=0 Edi=2 Esi=77915A70 Ebp=303E2A4 Esp=303E2A4 Eip=77915A83

ADDR: 77AE2C46 CODE: 740a jz 0x77ae2c52
Eax=0 Ebx=76D1B498 Ecx=76F1EB20 Edx=0 Edi=76D93410 Esi=76D1B3D4 Ebp=303E360 Esp=303E354 Eip=77AE2C46

ADDR: 77C98DEB CODE: 730a jae 0x77c98df7
Eax=EDB2682 Ebx=76D1B498 Ecx=76D93410 Edx=44444444 Edi=76D93410 Esi=76D1B3D4 Ebp=303E360 Esp=303E350 Eip=77C98DEB

ADDR: 76E54F4C CODE: 7e2f jle 0x76e54f7d
Eax=0 Ebx=76D1B498 Ecx=0 Edx=33E1828 Edi=76D93410 Esi=0 Ebp=303E360 Esp=303E348 Eip=76E54F4C

ADDR: 77C4E69A CODE: 7315 jae 0x77c4e6b1
Eax=7728C908 Ebx=76D1B498 Ecx=7728C904 Edx=2E98000 Edi=7728C904 Esi=0 Ebp=303E324 Esp=303E320 Eip=77C4E69A

ADDR: 77C47B53 CODE: 746e jz 0x77c47bc3
Eax=FFFFFFFE Ebx=7728C904 Ecx=FFFFFFFF Edx=2E98000 Edi=7728C908 Esi=FFFFFFFE Ebp=303E324 Esp=303E310 Eip=77C47B53

ADDR: 77C4E69A CODE: 7315 jae 0x77c4e6b1
Eax=7728C908 Ebx=76D1B498 Ecx=7728C904 Edx=2E98000 Edi=7728F6D8 Esi=7728C904 Ebp=303E328 Esp=303E328 Eip=77C4E69A

ADDR: 77C47B53 CODE: 746e jz 0x77c47bc3
Eax=FFFFFFFE Ebx=7728C904 Ecx=FFFFFFFF Edx=2E98000 Edi=7728C908 Esi=FFFFFFFE Ebp=303E328 Esp=303E314 Eip=77C47B53

ADDR: 76E775D5 CODE: 7411 jz 0x76e775e8
Eax=0 Ebx=76D1B498 Ecx=FFFFFFFF Edx=2E98000 Edi=7728F6D8 Esi=77C6A7E0 Ebp=303E360 Esp=303E338 Eip=76E775D5

ADDR: 77C98DEB CODE: 730a jae 0x77c98df7
Eax=EF8D4FC Ebx=76D1B498 Ecx=77C6A7E0 Edx=10000000 Edi=7728F6D8 Esi=77C6A7E0 Ebp=303E360 Esp=303E330 Eip=77C98DEB

ADDR: 77AE2C46 CODE: 740a jz 0x77ae2c52
Eax=7728D8D8 Ebx=76D1B498 Ecx=7728F6D8 Edx=0 Edi=76D93430 Esi=76D1B3D8 Ebp=303E360 Esp=303E354 Eip=77AE2C46

ADDR: 77C98DEB CODE: 730a jae 0x77c98df7
Eax=EDB2686 Ebx=76D1B498 Ecx=76D93430 Edx=44444444 Edi=76D93430 Esi=76D1B3D8 Ebp=303E360 Esp=303E350 Eip=77C98DEB

ADDR: 77AD95B4 CODE: 7458 jz 0x77ad960e
Eax=BEA71F01 Ebx=76D1B498 Ecx=14 Edx=7728C8DC Edi=2 Esi=77915A70 Ebp=303E2D0 Esp=303E2B8 Eip=77AD95B4

ADDR: 77C98DEB CODE: 730a jae 0x77c98df7
Eax=EF22B4E Ebx=76D1B498 Ecx=77915A70 Edx=404000 Edi=2 Esi=77915A70 Ebp=303E2D0 Esp=303E2AC Eip=77C98DEB

ADDR: 77C909B7 CODE: 747f jz 0x77c90a38
Eax=2 Ebx=2E98FB4 Ecx=77915A70 Edx=2E98FB4 Edi=2 Esi=77915A70 Ebp=303E284 Esp=303E278 Eip=77C909B7

ADDR: 77C909BE CODE: 7378 jae 0x77c90a38
Eax=2 Ebx=2E98FB4 Ecx=77915A70 Edx=2E98FB4 Edi=2 Esi=77915A70 Ebp=303E284 Esp=303E278 Eip=77C909BE

ADDR: 77915A83 CODE: 790d jns 0x77915a92
Eax=0 Ebx=76D1B498 Ecx=33DA3C8 Edx=0 Edi=2 Esi=77915A70 Ebp=303E2A8 Esp=303E2A8 Eip=77915A83

ADDR: 77AD90DC CODE: 7454 jz 0x77ad9132
Eax=13A71F14 Ebx=76D1B498 Ecx=14 Edx=0 Edi=2 Esi=779000A0 Ebp=303E31C Esp=303E2C0 Eip=77AD90DC

ADDR: 77C98DEB CODE: 730a jae 0x77c98df7
Eax=EF20014 Ebx=76D1B498 Ecx=779000A0 Edx=104000 Edi=2 Esi=779000A0 Ebp=303E31C Esp=303E2B8 Eip=77C98DEB

ADDR: 77C8C686 CODE: 743c jz 0x77c8c6c4
Eax=2 Ebx=76D1B498 Ecx=33DA3C0 Edx=104000 Edi=2 Esi=2E98000 Ebp=303E29C Esp=303E29C Eip=77C8C686

ADDR: 77C8C68D CODE: 7335 jae 0x77c8c6c4
Eax=2 Ebx=76D1B498 Ecx=33DA3C0 Edx=104000 Edi=2 Esi=2E98000 Ebp=303E29C Esp=303E29C Eip=77C8C68D

ADDR: 77C8C6AC CODE: 740c jz 0x77c8c6ba
Eax=33DCAA0 Ebx=76D1B498 Ecx=33DA3C0 Edx=0 Edi=2 Esi=2 Ebp=303E29C Esp=303E298 Eip=77C8C6AC

ADDR: 77C8C6B4 CODE: 7404 jz 0x77c8c6ba
Eax=33DCAAC Ebx=76D1B498 Ecx=33DA3C0 Edx=0 Edi=2 Esi=2 Ebp=303E29C Esp=303E298 Eip=77C8C6B4

ADDR: 779000BD CODE: 791c jns 0x779000db
Eax=0 Ebx=76D1B498 Ecx=303E2B0 Edx=0 Edi=2 Esi=2E98000 Ebp=303E2B4 Esp=303E2AC Eip=779000BD

ADDR: 77C4E69A CODE: 7315 jae 0x77c4e6b1
Eax=77BB5C1C Ebx=76D1B498 Ecx=77BB5C18 Edx=2E98000 Edi=76D93430 Esi=7728C8DC Ebp=303E28C Esp=303E288 Eip=77C4E69A

ADDR: 77AD97A6 CODE: 0f8454720500 jz 0x77b30a00
Eax=303E2FC Ebx=7728C8DC Ecx=303E2E8 Edx=2E98000 Edi=76D93430 Esi=7728C8DC Ebp=303E290 Esp=303E270 Eip=77AD97A6

ADDR: 77AD97D3 CODE: 7479 jz 0x77ad984e
Eax=303E2FC Ebx=33EE480 Ecx=14 Edx=19A06614 Edi=33EE280 Esi=33EE468 Ebp=303E290 Esp=303E270 Eip=77AD97D3

ADDR: 77C47B53 CODE: 746e jz 0x77c47bc3
Eax=FFFFFFFE Ebx=77BB5C18 Ecx=FFFFFFFF Edx=19A06614 Edi=77BB5C1C Esi=FFFFFFFE Ebp=303E288 Esp=303E274 Eip=77C47B53

ADDR: 77AD94A4 CODE: 7458 jz 0x77ad94fe
Eax=BEA71F01 Ebx=76D1B498 Ecx=14 Edx=19A06614 Edi=2 Esi=77915A70 Ebp=303E2CC Esp=303E2B4 Eip=77AD94A4

ADDR: 77C98DEB CODE: 730a jae 0x77c98df7
Eax=EF22B4E Ebx=76D1B498 Ecx=77915A70 Edx=404000 Edi=2 Esi=77915A70 Ebp=303E2CC Esp=303E2A8 Eip=77C98DEB

ADDR: 77C909B7 CODE: 747f jz 0x77c90a38
Eax=2 Ebx=2E98FB4 Ecx=77915A70 Edx=2E98FB4 Edi=2 Esi=77915A70 Ebp=303E280 Esp=303E274 Eip=77C909B7

ADDR: 77C909BE CODE: 7378 jae 0x77c90a38
Eax=2 Ebx=2E98FB4 Ecx=77915A70 Edx=2E98FB4 Edi=2 Esi=77915A70 Ebp=303E280 Esp=303E274 Eip=77C909BE

ADDR: 77915A83 CODE: 790d jns 0x77915a92
Eax=0 Ebx=76D1B498 Ecx=33DA3C8 Edx=0 Edi=2 Esi=77915A70 Ebp=303E2A4 Esp=303E2A4 Eip=77915A83

ADDR: 77AE2C46 CODE: 740a jz 0x77ae2c52
Eax=0 Ebx=76D1B498 Ecx=76F1EB30 Edx=0 Edi=76D93450 Esi=76D1B3DC Ebp=303E360 Esp=303E354 Eip=77AE2C46

ADDR: 77C98DEB CODE: 730a jae 0x77c98df7
Eax=EDB268A Ebx=76D1B498 Ecx=76D93450 Edx=44444444 Edi=76D93450 Esi=76D1B3DC Ebp=303E360 Esp=303E350 Eip=77C98DEB

ADDR: 77AD95B4 CODE: 7458 jz 0x77ad960e
Eax=BEA71F01 Ebx=76D1B498 Ecx=14 Edx=7728C8DC Edi=2 Esi=77915A70 Ebp=303E2D0 Esp=303E2B8 Eip=77AD95B4

ADDR: 77C98DEB CODE: 730a jae 0x77c98df7
Eax=EF22B4E Ebx=76D1B498 Ecx=77915A70 Edx=404000 Edi=2 Esi=77915A70 Ebp=303E2D0 Esp=303E2AC Eip=77C98DEB

ADDR: 77C909B7 CODE: 747f jz 0x77c90a38
Eax=2 Ebx=2E98FB4 Ecx=77915A70 Edx=2E98FB4 Edi=2 Esi=77915A70 Ebp=303E284 Esp=303E278 Eip=77C909B7

ADDR: 77C909BE CODE: 7378 jae 0x77c90a38
Eax=2 Ebx=2E98FB4 Ecx=77915A70 Edx=2E98FB4 Edi=2 Esi=77915A70 Ebp=303E284 Esp=303E278 Eip=77C909BE

ADDR: 77915A83 CODE: 790d jns 0x77915a92
Eax=0 Ebx=76D1B498 Ecx=33DA3C8 Edx=0 Edi=2 Esi=77915A70 Ebp=303E2A8 Esp=303E2A8 Eip=77915A83

ADDR: 77AD90DC CODE: 7454 jz 0x77ad9132
Eax=13A71F14 Ebx=76D1B498 Ecx=14 Edx=0 Edi=2 Esi=779000A0 Ebp=303E31C Esp=303E2C0 Eip=77AD90DC

ADDR: 77C98DEB CODE: 730a jae 0x77c98df7
Eax=EF20014 Ebx=76D1B498 Ecx=779000A0 Edx=104000 Edi=2 Esi=779000A0 Ebp=303E31C Esp=303E2B8 Eip=77C98DEB

ADDR: 77C8C686 CODE: 743c jz 0x77c8c6c4
Eax=2 Ebx=76D1B498 Ecx=33DA3C0 Edx=104000 Edi=2 Esi=2E98000 Ebp=303E29C Esp=303E29C Eip=77C8C686

ADDR: 77C8C68D CODE: 7335 jae 0x77c8c6c4
Eax=2 Ebx=76D1B498 Ecx=33DA3C0 Edx=104000 Edi=2 Esi=2E98000 Ebp=303E29C Esp=303E29C Eip=77C8C68D

ADDR: 77C8C6AC CODE: 740c jz 0x77c8c6ba
Eax=33DCAA0 Ebx=76D1B498 Ecx=33DA3C0 Edx=0 Edi=2 Esi=2 Ebp=303E29C Esp=303E298 Eip=77C8C6AC

ADDR: 77C8C6B4 CODE: 7404 jz 0x77c8c6ba
Eax=33DCAAC Ebx=76D1B498 Ecx=33DA3C0 Edx=0 Edi=2 Esi=2 Ebp=303E29C Esp=303E298 Eip=77C8C6B4

ADDR: 779000BD CODE: 791c jns 0x779000db
Eax=0 Ebx=76D1B498 Ecx=303E2B0 Edx=0 Edi=2 Esi=2E98000 Ebp=303E2B4 Esp=303E2AC Eip=779000BD

ADDR: 77C4E69A CODE: 7315 jae 0x77c4e6b1
Eax=77BB5C1C Ebx=76D1B498 Ecx=77BB5C18 Edx=2E98000 Edi=76D93450 Esi=7728C8DC Ebp=303E28C Esp=303E288 Eip=77C4E69A

ADDR: 77AD97A6 CODE: 0f8454720500 jz 0x77b30a00
Eax=303E2FC Ebx=7728C8DC Ecx=303E2E8 Edx=2E98000 Edi=76D93450 Esi=7728C8DC Ebp=303E290 Esp=303E270 Eip=77AD97A6

ADDR: 77AD97D3 CODE: 7479 jz 0x77ad984e
Eax=303E2FC Ebx=33EE480 Ecx=14 Edx=19A06614 Edi=33EE280 Esi=33EE46C Ebp=303E290 Esp=303E270 Eip=77AD97D3

ADDR: 77C47B53 CODE: 746e jz 0x77c47bc3
Eax=FFFFFFFE Ebx=77BB5C18 Ecx=FFFFFFFF Edx=19A06614 Edi=77BB5C1C Esi=FFFFFFFE Ebp=303E288 Esp=303E274 Eip=77C47B53

ADDR: 77AD94A4 CODE: 7458 jz 0x77ad94fe
Eax=BEA71F01 Ebx=76D1B498 Ecx=14 Edx=19A06614 Edi=2 Esi=77915A70 Ebp=303E2CC Esp=303E2B4 Eip=77AD94A4

ADDR: 77C98DEB CODE: 730a jae 0x77c98df7
Eax=EF22B4E Ebx=76D1B498 Ecx=77915A70 Edx=404000 Edi=2 Esi=77915A70 Ebp=303E2CC Esp=303E2A8 Eip=77C98DEB

ADDR: 77C909B7 CODE: 747f jz 0x77c90a38
Eax=2 Ebx=2E98FB4 Ecx=77915A70 Edx=2E98FB4 Edi=2 Esi=77915A70 Ebp=303E280 Esp=303E274 Eip=77C909B7

ADDR: 77C909BE CODE: 7378 jae 0x77c90a38
Eax=2 Ebx=2E98FB4 Ecx=77915A70 Edx=2E98FB4 Edi=2 Esi=77915A70 Ebp=303E280 Esp=303E274 Eip=77C909BE

ADDR: 77915A83 CODE: 790d jns 0x77915a92
Eax=0 Ebx=76D1B498 Ecx=33DA3C8 Edx=0 Edi=2 Esi=77915A70 Ebp=303E2A4 Esp=303E2A4 Eip=77915A83

ADDR: 77AE2C46 CODE: 740a jz 0x77ae2c52
Eax=0 Ebx=76D1B498 Ecx=76F1EB40 Edx=0 Edi=76D93470 Esi=76D1B3E0 Ebp=303E360 Esp=303E354 Eip=77AE2C46

ADDR: 77C98DEB CODE: 730a jae 0x77c98df7
Eax=EDB268E Ebx=76D1B498 Ecx=76D93470 Edx=44444444 Edi=76D93470 Esi=76D1B3E0 Ebp=303E360 Esp=303E350 Eip=77C98DEB

ADDR: 77AD95B4 CODE: 7458 jz 0x77ad960e
Eax=BEA71F01 Ebx=76D1B498 Ecx=14 Edx=7728C8DC Edi=2 Esi=77915A70 Ebp=303E2D0 Esp=303E2B8 Eip=77AD95B4

ADDR: 77C98DEB CODE: 730a jae 0x77c98df7
Eax=EF22B4E Ebx=76D1B498 Ecx=77915A70 Edx=404000 Edi=2 Esi=77915A70 Ebp=303E2D0 Esp=303E2AC Eip=77C98DEB

ADDR: 77C909B7 CODE: 747f jz 0x77c90a38
Eax=2 Ebx=2E98FB4 Ecx=77915A70 Edx=2E98FB4 Edi=2 Esi=77915A70 Ebp=303E284 Esp=303E278 Eip=77C909B7

ADDR: 77C909BE CODE: 7378 jae 0x77c90a38
Eax=2 Ebx=2E98FB4 Ecx=77915A70 Edx=2E98FB4 Edi=2 Esi=77915A70 Ebp=303E284 Esp=303E278 Eip=77C909BE

ADDR: 77915A83 CODE: 790d jns 0x77915a92
Eax=0 Ebx=76D1B498 Ecx=33DA3C8 Edx=0 Edi=2 Esi=77915A70 Ebp=303E2A8 Esp=303E2A8 Eip=77915A83

ADDR: 77AD90DC CODE: 7454 jz 0x77ad9132
Eax=13A71F14 Ebx=76D1B498 Ecx=14 Edx=0 Edi=2 Esi=779000A0 Ebp=303E31C Esp=303E2C0 Eip=77AD90DC

ADDR: 77C98DEB CODE: 730a jae 0x77c98df7
Eax=EF20014 Ebx=76D1B498 Ecx=779000A0 Edx=104000 Edi=2 Esi=779000A0 Ebp=303E31C Esp=303E2B8 Eip=77C98DEB

ADDR: 77C8C686 CODE: 743c jz 0x77c8c6c4
Eax=2 Ebx=76D1B498 Ecx=33DA3C0 Edx=104000 Edi=2 Esi=2E98000 Ebp=303E29C Esp=303E29C Eip=77C8C686

ADDR: 77C8C68D CODE: 7335 jae 0x77c8c6c4
Eax=2 Ebx=76D1B498 Ecx=33DA3C0 Edx=104000 Edi=2 Esi=2E98000 Ebp=303E29C Esp=303E29C Eip=77C8C68D

ADDR: 77C8C6AC CODE: 740c jz 0x77c8c6ba
Eax=33DCAA0 Ebx=76D1B498 Ecx=33DA3C0 Edx=0 Edi=2 Esi=2 Ebp=303E29C Esp=303E298 Eip=77C8C6AC

ADDR: 77C8C6B4 CODE: 7404 jz 0x77c8c6ba
Eax=33DCAAC Ebx=76D1B498 Ecx=33DA3C0 Edx=0 Edi=2 Esi=2 Ebp=303E29C Esp=303E298 Eip=77C8C6B4

ADDR: 779000BD CODE: 791c jns 0x779000db
Eax=0 Ebx=76D1B498 Ecx=303E2B0 Edx=0 Edi=2 Esi=2E98000 Ebp=303E2B4 Esp=303E2AC Eip=779000BD

ADDR: 77C4E69A CODE: 7315 jae 0x77c4e6b1
Eax=77BB5C1C Ebx=76D1B498 Ecx=77BB5C18 Edx=2E98000 Edi=76D93470 Esi=7728C8DC Ebp=303E28C Esp=303E288 Eip=77C4E69A

ADDR: 77AD97A6 CODE: 0f8454720500 jz 0x77b30a00
Eax=303E2FC Ebx=7728C8DC Ecx=303E2E8 Edx=2E98000 Edi=76D93470 Esi=7728C8DC Ebp=303E290 Esp=303E270 Eip=77AD97A6

ADDR: 77AD97D3 CODE: 7479 jz 0x77ad984e
Eax=303E2FC Ebx=33EE480 Ecx=14 Edx=19A06614 Edi=33EE280 Esi=33EE470 Ebp=303E290 Esp=303E270 Eip=77AD97D3

ADDR: 77C47B53 CODE: 746e jz 0x77c47bc3
Eax=FFFFFFFE Ebx=77BB5C18 Ecx=FFFFFFFF Edx=19A06614 Edi=77BB5C1C Esi=FFFFFFFE Ebp=303E288 Esp=303E274 Eip=77C47B53

ADDR: 77AD94A4 CODE: 7458 jz 0x77ad94fe
Eax=BEA71F01 Ebx=76D1B498 Ecx=14 Edx=19A06614 Edi=2 Esi=77915A70 Ebp=303E2CC Esp=303E2B4 Eip=77AD94A4

ADDR: 77C98DEB CODE: 730a jae 0x77c98df7
Eax=EF22B4E Ebx=76D1B498 Ecx=77915A70 Edx=404000 Edi=2 Esi=77915A70 Ebp=303E2CC Esp=303E2A8 Eip=77C98DEB

ADDR: 77C909B7 CODE: 747f jz 0x77c90a38
Eax=2 Ebx=2E98FB4 Ecx=77915A70 Edx=2E98FB4 Edi=2 Esi=77915A70 Ebp=303E280 Esp=303E274 Eip=77C909B7

ADDR: 77C909BE CODE: 7378 jae 0x77c90a38
Eax=2 Ebx=2E98FB4 Ecx=77915A70 Edx=2E98FB4 Edi=2 Esi=77915A70 Ebp=303E280 Esp=303E274 Eip=77C909BE

ADDR: 77915A83 CODE: 790d jns 0x77915a92
Eax=0 Ebx=76D1B498 Ecx=33DA3C8 Edx=0 Edi=2 Esi=77915A70 Ebp=303E2A4 Esp=303E2A4 Eip=77915A83

ADDR: 77AE2C46 CODE: 740a jz 0x77ae2c52
Eax=0 Ebx=76D1B498 Ecx=76F1EB50 Edx=0 Edi=76D93490 Esi=76D1B3E4 Ebp=303E360 Esp=303E354 Eip=77AE2C46

ADDR: 77C98DEB CODE: 730a jae 0x77c98df7
Eax=EDB2692 Ebx=76D1B498 Ecx=76D93490 Edx=44444444 Edi=76D93490 Esi=76D1B3E4 Ebp=303E360 Esp=303E350 Eip=77C98DEB

ADDR: 77AD95B4 CODE: 7458 jz 0x77ad960e
Eax=BEA71F01 Ebx=76D1B498 Ecx=14 Edx=7728C8DC Edi=2 Esi=77915A70 Ebp=303E2D0 Esp=303E2B8 Eip=77AD95B4

ADDR: 77C98DEB CODE: 730a jae 0x77c98df7
Eax=EF22B4E Ebx=76D1B498 Ecx=77915A70 Edx=404000 Edi=2 Esi=77915A70 Ebp=303E2D0 Esp=303E2AC Eip=77C98DEB

ADDR: 77C909B7 CODE: 747f jz 0x77c90a38
Eax=2 Ebx=2E98FB4 Ecx=77915A70 Edx=2E98FB4 Edi=2 Esi=77915A70 Ebp=303E284 Esp=303E278 Eip=77C909B7

ADDR: 77C909BE CODE: 7378 jae 0x77c90a38
Eax=2 Ebx=2E98FB4 Ecx=77915A70 Edx=2E98FB4 Edi=2 Esi=77915A70 Ebp=303E284 Esp=303E278 Eip=77C909BE

ADDR: 77915A83 CODE: 790d jns 0x77915a92
Eax=0 Ebx=76D1B498 Ecx=33DA3C8 Edx=0 Edi=2 Esi=77915A70 Ebp=303E2A8 Esp=303E2A8 Eip=77915A83

ADDR: 77AD90DC CODE: 7454 jz 0x77ad9132
Eax=13A71F14 Ebx=76D1B498 Ecx=14 Edx=0 Edi=2 Esi=779000A0 Ebp=303E31C Esp=303E2C0 Eip=77AD90DC

ADDR: 77C98DEB CODE: 730a jae 0x77c98df7
Eax=EF20014 Ebx=76D1B498 Ecx=779000A0 Edx=104000 Edi=2 Esi=779000A0 Ebp=303E31C Esp=303E2B8 Eip=77C98DEB

ADDR: 77C8C686 CODE: 743c jz 0x77c8c6c4
Eax=2 Ebx=76D1B498 Ecx=33DA3C0 Edx=104000 Edi=2 Esi=2E98000 Ebp=303E29C Esp=303E29C Eip=77C8C686

ADDR: 77C8C68D CODE: 7335 jae 0x77c8c6c4
Eax=2 Ebx=76D1B498 Ecx=33DA3C0 Edx=104000 Edi=2 Esi=2E98000 Ebp=303E29C Esp=303E29C Eip=77C8C68D

ADDR: 77C8C6AC CODE: 740c jz 0x77c8c6ba
Eax=33DCAA0 Ebx=76D1B498 Ecx=33DA3C0 Edx=0 Edi=2 Esi=2 Ebp=303E29C Esp=303E298 Eip=77C8C6AC

ADDR: 77C8C6B4 CODE: 7404 jz 0x77c8c6ba
Eax=33DCAAC Ebx=76D1B498 Ecx=33DA3C0 Edx=0 Edi=2 Esi=2 Ebp=303E29C Esp=303E298 Eip=77C8C6B4

ADDR: 779000BD CODE: 791c jns 0x779000db
Eax=0 Ebx=76D1B498 Ecx=303E2B0 Edx=0 Edi=2 Esi=2E98000 Ebp=303E2B4 Esp=303E2AC Eip=779000BD

ADDR: 77C4E69A CODE: 7315 jae 0x77c4e6b1
Eax=77BB5C1C Ebx=76D1B498 Ecx=77BB5C18 Edx=2E98000 Edi=76D93490 Esi=7728C8DC Ebp=303E28C Esp=303E288 Eip=77C4E69A

ADDR: 77AD97A6 CODE: 0f8454720500 jz 0x77b30a00
Eax=303E2FC Ebx=7728C8DC Ecx=303E2E8 Edx=2E98000 Edi=76D93490 Esi=7728C8DC Ebp=303E290 Esp=303E270 Eip=77AD97A6

ADDR: 77AD97D3 CODE: 7479 jz 0x77ad984e
Eax=303E2FC Ebx=33EE480 Ecx=14 Edx=19A06614 Edi=33EE280 Esi=33EE474 Ebp=303E290 Esp=303E270 Eip=77AD97D3

ADDR: 77C47B53 CODE: 746e jz 0x77c47bc3
Eax=FFFFFFFE Ebx=77BB5C18 Ecx=FFFFFFFF Edx=19A06614 Edi=77BB5C1C Esi=FFFFFFFE Ebp=303E288 Esp=303E274 Eip=77C47B53

ADDR: 77AD94A4 CODE: 7458 jz 0x77ad94fe
Eax=BEA71F01 Ebx=76D1B498 Ecx=14 Edx=19A06614 Edi=2 Esi=77915A70 Ebp=303E2CC Esp=303E2B4 Eip=77AD94A4

ADDR: 77C98DEB CODE: 730a jae 0x77c98df7
Eax=EF22B4E Ebx=76D1B498 Ecx=77915A70 Edx=404000 Edi=2 Esi=77915A70 Ebp=303E2CC Esp=303E2A8 Eip=77C98DEB

ADDR: 77C909B7 CODE: 747f jz 0x77c90a38
Eax=2 Ebx=2E98FB4 Ecx=77915A70 Edx=2E98FB4 Edi=2 Esi=77915A70 Ebp=303E280 Esp=303E274 Eip=77C909B7

ADDR: 77C909BE CODE: 7378 jae 0x77c90a38
Eax=2 Ebx=2E98FB4 Ecx=77915A70 Edx=2E98FB4 Edi=2 Esi=77915A70 Ebp=303E280 Esp=303E274 Eip=77C909BE

ADDR: 77915A83 CODE: 790d jns 0x77915a92
Eax=0 Ebx=76D1B498 Ecx=33DA3C8 Edx=0 Edi=2 Esi=77915A70 Ebp=303E2A4 Esp=303E2A4 Eip=77915A83

ADDR: 77AE2C46 CODE: 740a jz 0x77ae2c52
Eax=0 Ebx=76D1B498 Ecx=76F1EB60 Edx=0 Edi=76D934B0 Esi=76D1B3E8 Ebp=303E360 Esp=303E354 Eip=77AE2C46

ADDR: 77C98DEB CODE: 730a jae 0x77c98df7
Eax=EDB2696 Ebx=76D1B498 Ecx=76D934B0 Edx=44444444 Edi=76D934B0 Esi=76D1B3E8 Ebp=303E360 Esp=303E350 Eip=77C98DEB

ADDR: 77AD95B4 CODE: 7458 jz 0x77ad960e
Eax=BEA71F01 Ebx=76D1B498 Ecx=14 Edx=7728C8DC Edi=2 Esi=77915A70 Ebp=303E2D0 Esp=303E2B8 Eip=77AD95B4

ADDR: 77C98DEB CODE: 730a jae 0x77c98df7
Eax=EF22B4E Ebx=76D1B498 Ecx=77915A70 Edx=404000 Edi=2 Esi=77915A70 Ebp=303E2D0 Esp=303E2AC Eip=77C98DEB

ADDR: 77C909B7 CODE: 747f jz 0x77c90a38
Eax=2 Ebx=2E98FB4 Ecx=77915A70 Edx=2E98FB4 Edi=2 Esi=77915A70 Ebp=303E284 Esp=303E278 Eip=77C909B7

ADDR: 77C909BE CODE: 7378 jae 0x77c90a38
Eax=2 Ebx=2E98FB4 Ecx=77915A70 Edx=2E98FB4 Edi=2 Esi=77915A70 Ebp=303E284 Esp=303E278 Eip=77C909BE

ADDR: 77915A83 CODE: 790d jns 0x77915a92
Eax=0 Ebx=76D1B498 Ecx=33DA3C8 Edx=0 Edi=2 Esi=77915A70 Ebp=303E2A8 Esp=303E2A8 Eip=77915A83

ADDR: 77AD90DC CODE: 7454 jz 0x77ad9132
Eax=13A71F14 Ebx=76D1B498 Ecx=14 Edx=0 Edi=2 Esi=779000A0 Ebp=303E31C Esp=303E2C0 Eip=77AD90DC

ADDR: 77C98DEB CODE: 730a jae 0x77c98df7
Eax=EF20014 Ebx=76D1B498 Ecx=779000A0 Edx=104000 Edi=2 Esi=779000A0 Ebp=303E31C Esp=303E2B8 Eip=77C98DEB

ADDR: 77C8C686 CODE: 743c jz 0x77c8c6c4
Eax=2 Ebx=76D1B498 Ecx=33DA3C0 Edx=104000 Edi=2 Esi=2E98000 Ebp=303E29C Esp=303E29C Eip=77C8C686

ADDR: 77C8C68D CODE: 7335 jae 0x77c8c6c4
Eax=2 Ebx=76D1B498 Ecx=33DA3C0 Edx=104000 Edi=2 Esi=2E98000 Ebp=303E29C Esp=303E29C Eip=77C8C68D

ADDR: 77C8C6AC CODE: 740c jz 0x77c8c6ba
Eax=33DCAA0 Ebx=76D1B498 Ecx=33DA3C0 Edx=0 Edi=2 Esi=2 Ebp=303E29C Esp=303E298 Eip=77C8C6AC

ADDR: 77C8C6B4 CODE: 7404 jz 0x77c8c6ba
Eax=33DCAAC Ebx=76D1B498 Ecx=33DA3C0 Edx=0 Edi=2 Esi=2 Ebp=303E29C Esp=303E298 Eip=77C8C6B4

ADDR: 779000BD CODE: 791c jns 0x779000db
Eax=0 Ebx=76D1B498 Ecx=303E2B0 Edx=0 Edi=2 Esi=2E98000 Ebp=303E2B4 Esp=303E2AC Eip=779000BD

ADDR: 77C4E69A CODE: 7315 jae 0x77c4e6b1
Eax=77BB5C1C Ebx=76D1B498 Ecx=77BB5C18 Edx=2E98000 Edi=76D934B0 Esi=7728C8DC Ebp=303E28C Esp=303E288 Eip=77C4E69A

ADDR: 77AD97A6 CODE: 0f8454720500 jz 0x77b30a00
Eax=303E2FC Ebx=7728C8DC Ecx=303E2E8 Edx=2E98000 Edi=76D934B0 Esi=7728C8DC Ebp=303E290 Esp=303E270 Eip=77AD97A6

ADDR: 77AD97D3 CODE: 7479 jz 0x77ad984e
Eax=303E2FC Ebx=33EE480 Ecx=14 Edx=19A06614 Edi=33EE280 Esi=33EE478 Ebp=303E290 Esp=303E270 Eip=77AD97D3

ADDR: 77C47B53 CODE: 746e jz 0x77c47bc3
Eax=FFFFFFFE Ebx=77BB5C18 Ecx=FFFFFFFF Edx=19A06614 Edi=77BB5C1C Esi=FFFFFFFE Ebp=303E288 Esp=303E274 Eip=77C47B53

ADDR: 77AD94A4 CODE: 7458 jz 0x77ad94fe
Eax=BEA71F01 Ebx=76D1B498 Ecx=14 Edx=19A06614 Edi=2 Esi=77915A70 Ebp=303E2CC Esp=303E2B4 Eip=77AD94A4

ADDR: 77C98DEB CODE: 730a jae 0x77c98df7
Eax=EF22B4E Ebx=76D1B498 Ecx=77915A70 Edx=404000 Edi=2 Esi=77915A70 Ebp=303E2CC Esp=303E2A8 Eip=77C98DEB

ADDR: 77C909B7 CODE: 747f jz 0x77c90a38
Eax=2 Ebx=2E98FB4 Ecx=77915A70 Edx=2E98FB4 Edi=2 Esi=77915A70 Ebp=303E280 Esp=303E274 Eip=77C909B7

ADDR: 77C909BE CODE: 7378 jae 0x77c90a38
Eax=2 Ebx=2E98FB4 Ecx=77915A70 Edx=2E98FB4 Edi=2 Esi=77915A70 Ebp=303E280 Esp=303E274 Eip=77C909BE

ADDR: 77915A83 CODE: 790d jns 0x77915a92
Eax=0 Ebx=76D1B498 Ecx=33DA3C8 Edx=0 Edi=2 Esi=77915A70 Ebp=303E2A4 Esp=303E2A4 Eip=77915A83

ADDR: 77AE2C46 CODE: 740a jz 0x77ae2c52
Eax=0 Ebx=76D1B498 Ecx=76F1EB70 Edx=0 Edi=76D934D0 Esi=76D1B3EC Ebp=303E360 Esp=303E354 Eip=77AE2C46

ADDR: 77C98DEB CODE: 730a jae 0x77c98df7
Eax=EDB269A Ebx=76D1B498 Ecx=76D934D0 Edx=44444444 Edi=76D934D0 Esi=76D1B3EC Ebp=303E360 Esp=303E350 Eip=77C98DEB

ADDR: 77AD95B4 CODE: 7458 jz 0x77ad960e
Eax=BEA71F01 Ebx=76D1B498 Ecx=14 Edx=7728C8DC Edi=2 Esi=77915A70 Ebp=303E2D0 Esp=303E2B8 Eip=77AD95B4

ADDR: 77C98DEB CODE: 730a jae 0x77c98df7
Eax=EF22B4E Ebx=76D1B498 Ecx=77915A70 Edx=404000 Edi=2 Esi=77915A70 Ebp=303E2D0 Esp=303E2AC Eip=77C98DEB

ADDR: 77C909B7 CODE: 747f jz 0x77c90a38
Eax=2 Ebx=2E98FB4 Ecx=77915A70 Edx=2E98FB4 Edi=2 Esi=77915A70 Ebp=303E284 Esp=303E278 Eip=77C909B7

ADDR: 77C909BE CODE: 7378 jae 0x77c90a38
Eax=2 Ebx=2E98FB4 Ecx=77915A70 Edx=2E98FB4 Edi=2 Esi=77915A70 Ebp=303E284 Esp=303E278 Eip=77C909BE

ADDR: 77915A83 CODE: 790d jns 0x77915a92
Eax=0 Ebx=76D1B498 Ecx=33DA3C8 Edx=0 Edi=2 Esi=77915A70 Ebp=303E2A8 Esp=303E2A8 Eip=77915A83

ADDR: 77AD90DC CODE: 7454 jz 0x77ad9132
Eax=13A71F14 Ebx=76D1B498 Ecx=14 Edx=0 Edi=2 Esi=779000A0 Ebp=303E31C Esp=303E2C0 Eip=77AD90DC

ADDR: 77C98DEB CODE: 730a jae 0x77c98df7
Eax=EF20014 Ebx=76D1B498 Ecx=779000A0 Edx=104000 Edi=2 Esi=779000A0 Ebp=303E31C Esp=303E2B8 Eip=77C98DEB

ADDR: 77C8C686 CODE: 743c jz 0x77c8c6c4
Eax=2 Ebx=76D1B498 Ecx=33DA3C0 Edx=104000 Edi=2 Esi=2E98000 Ebp=303E29C Esp=303E29C Eip=77C8C686

ADDR: 77C8C68D CODE: 7335 jae 0x77c8c6c4
Eax=2 Ebx=76D1B498 Ecx=33DA3C0 Edx=104000 Edi=2 Esi=2E98000 Ebp=303E29C Esp=303E29C Eip=77C8C68D

ADDR: 77C8C6AC CODE: 740c jz 0x77c8c6ba
Eax=33DCAA0 Ebx=76D1B498 Ecx=33DA3C0 Edx=0 Edi=2 Esi=2 Ebp=303E29C Esp=303E298 Eip=77C8C6AC

ADDR: 77C8C6B4 CODE: 7404 jz 0x77c8c6ba
Eax=33DCAAC Ebx=76D1B498 Ecx=33DA3C0 Edx=0 Edi=2 Esi=2 Ebp=303E29C Esp=303E298 Eip=77C8C6B4

ADDR: 779000BD CODE: 791c jns 0x779000db
Eax=0 Ebx=76D1B498 Ecx=303E2B0 Edx=0 Edi=2 Esi=2E98000 Ebp=303E2B4 Esp=303E2AC Eip=779000BD

ADDR: 77C4E69A CODE: 7315 jae 0x77c4e6b1
Eax=77BB5C1C Ebx=76D1B498 Ecx=77BB5C18 Edx=2E98000 Edi=76D934D0 Esi=7728C8DC Ebp=303E28C Esp=303E288 Eip=77C4E69A

ADDR: 77AD97A6 CODE: 0f8454720500 jz 0x77b30a00
Eax=303E2FC Ebx=7728C8DC Ecx=303E2E8 Edx=2E98000 Edi=76D934D0 Esi=7728C8DC Ebp=303E290 Esp=303E270 Eip=77AD97A6

ADDR: 77AD97D3 CODE: 7479 jz 0x77ad984e
Eax=303E2FC Ebx=33EE480 Ecx=14 Edx=19A06614 Edi=33EE280 Esi=33EE47C Ebp=303E290 Esp=303E270 Eip=77AD97D3

ADDR: 77C47B53 CODE: 746e jz 0x77c47bc3
Eax=FFFFFFFE Ebx=77BB5C18 Ecx=FFFFFFFF Edx=19A06614 Edi=77BB5C1C Esi=FFFFFFFE Ebp=303E288 Esp=303E274 Eip=77C47B53

ADDR: 77AD94A4 CODE: 7458 jz 0x77ad94fe
Eax=BEA71F01 Ebx=76D1B498 Ecx=14 Edx=19A06614 Edi=2 Esi=77915A70 Ebp=303E2CC Esp=303E2B4 Eip=77AD94A4

ADDR: 77C98DEB CODE: 730a jae 0x77c98df7
Eax=EF22B4E Ebx=76D1B498 Ecx=77915A70 Edx=404000 Edi=2 Esi=77915A70 Ebp=303E2CC Esp=303E2A8 Eip=77C98DEB

ADDR: 77C909B7 CODE: 747f jz 0x77c90a38
Eax=2 Ebx=2E98FB4 Ecx=77915A70 Edx=2E98FB4 Edi=2 Esi=77915A70 Ebp=303E280 Esp=303E274 Eip=77C909B7

ADDR: 77C909BE CODE: 7378 jae 0x77c90a38
Eax=2 Ebx=2E98FB4 Ecx=77915A70 Edx=2E98FB4 Edi=2 Esi=77915A70 Ebp=303E280 Esp=303E274 Eip=77C909BE

ADDR: 77915A83 CODE: 790d jns 0x77915a92
Eax=0 Ebx=76D1B498 Ecx=33DA3C8 Edx=0 Edi=2 Esi=77915A70 Ebp=303E2A4 Esp=303E2A4 Eip=77915A83

ADDR: 77AE2C46 CODE: 740a jz 0x77ae2c52
Eax=0 Ebx=76D1B498 Ecx=76F1EB80 Edx=0 Edi=76D934F0 Esi=76D1B3F0 Ebp=303E360 Esp=303E354 Eip=77AE2C46

ADDR: 77C98DEB CODE: 730a jae 0x77c98df7
Eax=EDB269E Ebx=76D1B498 Ecx=76D934F0 Edx=44444444 Edi=76D934F0 Esi=76D1B3F0 Ebp=303E360 Esp=303E350 Eip=77C98DEB

ADDR: 77AD95B4 CODE: 7458 jz 0x77ad960e
Eax=BEA71F01 Ebx=76D1B498 Ecx=14 Edx=7728C8DC Edi=2 Esi=77915A70 Ebp=303E2D0 Esp=303E2B8 Eip=77AD95B4

ADDR: 77C98DEB CODE: 730a jae 0x77c98df7
Eax=EF22B4E Ebx=76D1B498 Ecx=77915A70 Edx=404000 Edi=2 Esi=77915A70 Ebp=303E2D0 Esp=303E2AC Eip=77C98DEB

ADDR: 77C909B7 CODE: 747f jz 0x77c90a38
Eax=2 Ebx=2E98FB4 Ecx=77915A70 Edx=2E98FB4 Edi=2 Esi=77915A70 Ebp=303E284 Esp=303E278 Eip=77C909B7

ADDR: 77C909BE CODE: 7378 jae 0x77c90a38
Eax=2 Ebx=2E98FB4 Ecx=77915A70 Edx=2E98FB4 Edi=2 Esi=77915A70 Ebp=303E284 Esp=303E278 Eip=77C909BE

ADDR: 77915A83 CODE: 790d jns 0x77915a92
Eax=0 Ebx=76D1B498 Ecx=33DA3C8 Edx=0 Edi=2 Esi=77915A70 Ebp=303E2A8 Esp=303E2A8 Eip=77915A83

ADDR: 77AD90DC CODE: 7454 jz 0x77ad9132
Eax=13A71F14 Ebx=76D1B498 Ecx=14 Edx=0 Edi=2 Esi=779000A0 Ebp=303E31C Esp=303E2C0 Eip=77AD90DC

ADDR: 77C98DEB CODE: 730a jae 0x77c98df7
Eax=EF20014 Ebx=76D1B498 Ecx=779000A0 Edx=104000 Edi=2 Esi=779000A0 Ebp=303E31C Esp=303E2B8 Eip=77C98DEB

ADDR: 77C8C686 CODE: 743c jz 0x77c8c6c4
Eax=2 Ebx=76D1B498 Ecx=33DA3C0 Edx=104000 Edi=2 Esi=2E98000 Ebp=303E29C Esp=303E29C Eip=77C8C686

ADDR: 77C8C68D CODE: 7335 jae 0x77c8c6c4
Eax=2 Ebx=76D1B498 Ecx=33DA3C0 Edx=104000 Edi=2 Esi=2E98000 Ebp=303E29C Esp=303E29C Eip=77C8C68D

ADDR: 77C8C6AC CODE: 740c jz 0x77c8c6ba
Eax=33DCAA0 Ebx=76D1B498 Ecx=33DA3C0 Edx=0 Edi=2 Esi=2 Ebp=303E29C Esp=303E298 Eip=77C8C6AC

ADDR: 77C8C6B4 CODE: 7404 jz 0x77c8c6ba
Eax=33DCAAC Ebx=76D1B498 Ecx=33DA3C0 Edx=0 Edi=2 Esi=2 Ebp=303E29C Esp=303E298 Eip=77C8C6B4

ADDR: 779000BD CODE: 791c jns 0x779000db
Eax=0 Ebx=76D1B498 Ecx=303E2B0 Edx=0 Edi=2 Esi=2E98000 Ebp=303E2B4 Esp=303E2AC Eip=779000BD

ADDR: 77C4E69A CODE: 7315 jae 0x77c4e6b1
Eax=77BB5C1C Ebx=76D1B498 Ecx=77BB5C18 Edx=2E98000 Edi=76D934F0 Esi=7728C8DC Ebp=303E28C Esp=303E288 Eip=77C4E69A

ADDR: 77AD97A6 CODE: 0f8454720500 jz 0x77b30a00
Eax=303E2FC Ebx=7728C8DC Ecx=303E2E8 Edx=2E98000 Edi=76D934F0 Esi=7728C8DC Ebp=303E290 Esp=303E270 Eip=77AD97A6

ADDR: 77AD97D3 CODE: 7479 jz 0x77ad984e
Eax=303E2FC Ebx=33EE480 Ecx=14 Edx=19A06614 Edi=33EE280 Esi=33EE480 Ebp=303E290 Esp=303E270 Eip=77AD97D3

ADDR: 77AD9859 CODE: 0f876f710500 ja 0x77b309ce
Eax=303E2FC Ebx=80 Ecx=14 Edx=19A06614 Edi=33EE280 Esi=33EE480 Ebp=303E290 Esp=303E270 Eip=77AD9859

ADDR: 77AD9875 CODE: 0f825d710500 jb 0x77b309d8
Eax=80 Ebx=80 Ecx=14 Edx=19A06614 Edi=33EE280 Esi=100 Ebp=303E290 Esp=303E270 Eip=77AD9875

ADDR: 77AD43BC CODE: 0f84d3000000 jz 0x77ad4495
Eax=80 Ebx=80 Ecx=33EE280 Edx=100 Edi=33EE280 Esi=100 Ebp=303E264 Esp=303E250 Eip=77AD43BC

ADDR: 77AD43CC CODE: 0f83c3000000 jae 0x77ad4495
Eax=FFFFFF Ebx=80 Ecx=33EE280 Edx=E0 Edi=33EE280 Esi=100 Ebp=303E264 Esp=303E250 Eip=77AD43CC

ADDR: 77AD4499 CODE: 740c jz 0x77ad44a7
Eax=FFFFFF Ebx=80 Ecx=33EE280 Edx=E0 Edi=0 Esi=100 Ebp=303E264 Esp=303E250 Eip=77AD4499

ADDR: 77C5A7B4 CODE: 0f8432bc0400 jz 0x77ca63ec
Eax=FFFFFF Ebx=33EE280 Ecx=33EE280 Edx=E0 Edi=0 Esi=33D0000 Ebp=303E22C Esp=303E218 Eip=77C5A7B4

ADDR: 77C5A7C1 CODE: 0f843bbc0400 jz 0x77ca6402
Eax=FFFFFF Ebx=33EE280 Ecx=33EE280 Edx=E0 Edi=0 Esi=33D0000 Ebp=303E22C Esp=303E218 Eip=77C5A7C1

ADDR: 77C5A7E6 CODE: 7445 jz 0x77c5a82d
Eax=FFFFFF Ebx=33EE280 Ecx=33EE280 Edx=0 Edi=0 Esi=33D0000 Ebp=303E22C Esp=303E218 Eip=77C5A7E6

ADDR: 77C5A7FF CODE: 0f8483bc0400 jz 0x77ca6488
Eax=FFFFFF Ebx=33EE280 Ecx=33EE278 Edx=0 Edi=0 Esi=33D0000 Ebp=303E22C Esp=303E218 Eip=77C5A7FF

ADDR: 77C5A80A CODE: 0f84a4bc0400 jz 0x77ca64b4
Eax=FFFF08 Ebx=33EE280 Ecx=33EE278 Edx=0 Edi=0 Esi=33D0000 Ebp=303E22C Esp=303E218 Eip=77C5A80A

ADDR: 77C5A812 CODE: 783f js 0x77c5a853
Eax=FFFF08 Ebx=33EE280 Ecx=33EE278 Edx=0 Edi=0 Esi=33D0000 Ebp=303E22C Esp=303E218 Eip=77C5A812

ADDR: 77C5A818 CODE: 0f8490000000 jz 0x77c5a8ae
Eax=FFFF08 Ebx=33EE280 Ecx=33EE278 Edx=0 Edi=0 Esi=33D0000 Ebp=303E22C Esp=303E218 Eip=77C5A818

ADDR: 77C5A823 CODE: 7403 jz 0x77c5a828
Eax=36FA8EFD Ebx=33EE280 Ecx=33EE278 Edx=0 Edi=0 Esi=33D0000 Ebp=303E22C Esp=303E218 Eip=77C5A823

ADDR: 77C5A879 CODE: 0f845abc0400 jz 0x77ca64d9
Eax=41 Ebx=33EE280 Ecx=33EE278 Edx=8 Edi=41 Esi=33D0000 Ebp=303E22C Esp=303E218 Eip=77C5A879

ADDR: 77C5A88E CODE: 0f8464bc0400 jz 0x77ca64f8
Eax=8 Ebx=33EE280 Ecx=33EE278 Edx=8 Edi=41 Esi=33D0000 Ebp=303E22C Esp=303E218 Eip=77C5A88E

ADDR: 77AD5E66 CODE: 0f8683000000 jbe 0x77ad5eef
Eax=200 Ebx=33EE280 Ecx=33EE280 Edx=200 Edi=0 Esi=400 Ebp=303E240 Esp=303E230 Eip=77AD5E66

ADDR: 77C55621 CODE: 0f84b2fb0400 jz 0x77ca51d9
Eax=200 Ebx=0 Ecx=33EE280 Edx=200 Edi=0 Esi=33D0000 Ebp=303E218 Esp=303E210 Eip=77C55621

ADDR: 77C55630 CODE: 0f84b8fb0400 jz 0x77ca51ee
Eax=200 Ebx=0 Ecx=33D0000 Edx=200 Edi=0 Esi=33D0000 Ebp=303E218 Esp=303E210 Eip=77C55630

ADDR: 77C55800 CODE: 7402 jz 0x77c55804
Eax=33EE280 Ebx=0 Ecx=0 Edx=0 Edi=33D0000 Esi=400 Ebp=303E1F8 Esp=303E170 Eip=77C55800

ADDR: 77C55806 CODE: 7405 jz 0x77c5580d
Eax=33EE280 Ebx=0 Ecx=0 Edx=0 Edi=33D0000 Esi=400 Ebp=303E1F8 Esp=303E170 Eip=77C55806

ADDR: 77C5581D CODE: 7410 jz 0x77c5582f
Eax=33EE280 Ebx=0 Ecx=0 Edx=0 Edi=33D0000 Esi=400 Ebp=303E1F8 Esp=303E170 Eip=77C5581D

ADDR: 77C5584B CODE: 7425 jz 0x77c55872
Eax=33EE280 Ebx=0 Ecx=0 Edx=0 Edi=33D0000 Esi=400 Ebp=303E1F8 Esp=303E170 Eip=77C5584B

ADDR: 77C55876 CODE: 740d jz 0x77c55885
Eax=33EE280 Ebx=0 Ecx=0 Edx=0 Edi=33D0000 Esi=400 Ebp=303E1F8 Esp=303E170 Eip=77C55876

ADDR: 77C55DC4 CODE: 0f84c2010000 jz 0x77c55f8c
Eax=303E150 Ebx=2 Ecx=33EE278 Edx=33D0000 Edi=33D0000 Esi=33EE278 Ebp=303E160 Esp=303E078 Eip=77C55DC4

ADDR: 77C55DCE CODE: 0f8db8010000 jge 0x77c55f8c
Eax=303E150 Ebx=2 Ecx=33EE278 Edx=33D0000 Edi=33D0000 Esi=33EE278 Ebp=303E160 Esp=303E078 Eip=77C55DCE

ADDR: 77C55FC5 CODE: 7429 jz 0x77c55ff0
Eax=303E150 Ebx=2 Ecx=33EE278 Edx=2 Edi=33D0000 Esi=33EE278 Ebp=303E160 Esp=303E078 Eip=77C55FC5

ADDR: 77C55FF8 CODE: 763a jbe 0x77c56034
Eax=400 Ebx=2 Ecx=33EE278 Edx=2 Edi=33D0000 Esi=33EE278 Ebp=303E160 Esp=303E078 Eip=77C55FF8

ADDR: 77C56052 CODE: 7305 jae 0x77c56059
Eax=408 Ebx=33D0000 Ecx=400 Edx=2 Edi=33D0000 Esi=33EE278 Ebp=303E160 Esp=303E078 Eip=77C56052

ADDR: 77C56089 CODE: 730f jae 0x77c5609a
Eax=33D025C Ebx=33D0000 Ecx=33D0258 Edx=2E98000 Edi=33D0000 Esi=33EE278 Ebp=303E160 Esp=303E078 Eip=77C56089

ADDR: 77C5615D CODE: 741c jz 0x77c5617b
Eax=7F38 Ebx=33D0000 Ecx=33EE278 Edx=2E98000 Edi=33D0000 Esi=33EE278 Ebp=303E160 Esp=303E078 Eip=77C5615D

ADDR: 77C5616F CODE: 740a jz 0x77c5617b
Eax=76FB8E40 Ebx=33D0000 Ecx=33EE278 Edx=2E98000 Edi=33D0000 Esi=33EE278 Ebp=303E160 Esp=303E078 Eip=77C5616F

ADDR: 77C5618C CODE: 7304 jae 0x77c56192
Eax=33D0270 Ebx=80 Ecx=41 Edx=2E98000 Edi=33D0000 Esi=33EE278 Ebp=303E160 Esp=303E078 Eip=77C5618C

ADDR: 77C561A1 CODE: 731d jae 0x77c561c0
Eax=33D0270 Ebx=80 Ecx=41 Edx=41 Edi=33D0000 Esi=33EE278 Ebp=303E160 Esp=303E078 Eip=77C561A1

ADDR: 77C561AE CODE: 7402 jz 0x77c561b2
Eax=33D0270 Ebx=80 Ecx=41 Edx=41 Edi=33D0000 Esi=33EE278 Ebp=303E160 Esp=303E078 Eip=77C561AE

ADDR: 77C561E0 CODE: 7404 jz 0x77c561e6
Eax=33D03A8 Ebx=80 Ecx=41 Edx=41 Edi=33D0000 Esi=33EE278 Ebp=303E160 Esp=303E078 Eip=77C561E0

ADDR: 77C562AA CODE: 740f jz 0x77c562bb
Eax=33EE27F Ebx=8 Ecx=8 Edx=41 Edi=33D0000 Esi=33EE278 Ebp=303E160 Esp=303E078 Eip=77C562AA

ADDR: 77C562C1 CODE: 7405 jz 0x77c562c8
Eax=33EE208 Ebx=8 Ecx=8 Edx=41 Edi=33D0000 Esi=33EE278 Ebp=303E160 Esp=303E078 Eip=77C562C1

ADDR: 77C5635A CODE: 7344 jae 0x77c563a0
Eax=802 Ebx=8 Ecx=8 Edx=41 Edi=33D0000 Esi=33EE278 Ebp=303E160 Esp=303E078 Eip=77C5635A

ADDR: 77C5638F CODE: 7604 jbe 0x77c56395
Eax=146 Ebx=8 Ecx=33D2712 Edx=41 Edi=33D0000 Esi=33EE278 Ebp=303E160 Esp=303E078 Eip=77C5638F

ADDR: 77C563AD CODE: 0f87ee020000 ja 0x77c566a1
Eax=81 Ebx=81 Ecx=33D2712 Edx=41 Edi=33D0000 Esi=33EE278 Ebp=303E160 Esp=303E078 Eip=77C563AD

ADDR: 77C566A7 CODE: 7417 jz 0x77c566c0
Eax=33EE27F Ebx=81 Ecx=33D2712 Edx=41 Edi=33D0000 Esi=33EE278 Ebp=303E160 Esp=303E078 Eip=77C566A7

ADDR: 77C56A9B CODE: 7775 ja 0x77c56b12
Eax=81 Ebx=33D0000 Ecx=33D0000 Edx=3 Edi=33D0000 Esi=33EE278 Ebp=303E064 Esp=303E038 Eip=77C56A9B

ADDR: 77C56ABD CODE: 7416 jz 0x77c56ad5
Eax=FA Ebx=33D0000 Ecx=33D0000 Edx=3 Edi=33EE480 Esi=33EE278 Ebp=303E064 Esp=303E038 Eip=77C56ABD

ADDR: 77C56AE3 CODE: 0f821e020000 jb 0x77c56d07
Eax=3AD Ebx=33D0000 Ecx=36C Edx=3 Edi=33EE480 Esi=33EE278 Ebp=303E064 Esp=303E038 Eip=77C56AE3

ADDR: 77C56AFD CODE: 741c jz 0x77c56b1b
Eax=33EE488 Ebx=33D0000 Ecx=36C Edx=33EE488 Edi=33EE480 Esi=33EE278 Ebp=303E064 Esp=303E038 Eip=77C56AFD

ADDR: 77C56B30 CODE: 7427 jz 0x77c56b59
Eax=33EE488 Ebx=33D0000 Ecx=36C Edx=33D0270 Edi=33EE480 Esi=33EE278 Ebp=303E064 Esp=303E038 Eip=77C56B30

ADDR: 77C56B38 CODE: 720e jb 0x77c56b48
Eax=33EE488 Ebx=33D0000 Ecx=36C Edx=33D0270 Edi=33EE480 Esi=33EE278 Ebp=303E064 Esp=303E038 Eip=77C56B38

ADDR: 77C56B3E CODE: 0f8494020000 jz 0x77c56dd8
Eax=33D36A0 Ebx=33D0000 Ecx=36C Edx=33D0270 Edi=33EE480 Esi=33EE278 Ebp=303E064 Esp=303E038 Eip=77C56B3E

ADDR: 77C56B38 CODE: 720e jb 0x77c56b48
Eax=33D36A0 Ebx=33D0000 Ecx=36C Edx=33D36A0 Edi=33EE480 Esi=33EE278 Ebp=303E064 Esp=303E038 Eip=77C56B38

ADDR: 77C570A8 CODE: 743e jz 0x77c570e8
Eax=33D37B4 Ebx=7FF Ecx=800 Edx=2EC Edi=2EC Esi=33D36A0 Ebp=303E020 Esp=303E000 Eip=77C570A8

ADDR: 77C570BF CODE: 732c jae 0x77c570ed
Eax=33D37B4 Ebx=33D00C0 Ecx=7FF Edx=2EC Edi=2EC Esi=33D36A0 Ebp=303E020 Esp=303E000 Eip=77C570BF

ADDR: 77C56B76 CODE: 744e jz 0x77c56bc6
Eax=33D00C0 Ebx=33D0000 Ecx=33ECB00 Edx=0 Edi=33EE480 Esi=33EE278 Ebp=303E064 Esp=303E038 Eip=77C56B76

ADDR: 77C56BD8 CODE: 0f8457e60400 jz 0x77ca5235
Eax=33D0000 Ebx=33D0000 Ecx=33ECB08 Edx=0 Edi=208 Esi=33EE278 Ebp=303E064 Esp=303E038 Eip=77C56BD8

ADDR: 77C56BED CODE: 0f8461e60400 jz 0x77ca5254
Eax=33D0008 Ebx=33D0000 Ecx=33ECB08 Edx=0 Edi=208 Esi=33EE278 Ebp=303E064 Esp=303E038 Eip=77C56BED

ADDR: 77C56C08 CODE: 0f8686010000 jbe 0x77c56d94
Eax=32C Ebx=33D0000 Ecx=3AD Edx=81 Edi=200 Esi=33EE278 Ebp=303E064 Esp=303E038 Eip=77C56C08

ADDR: 77C56C4F CODE: 0f8449010000 jz 0x77c56d9e
Eax=8 Ebx=33D0000 Ecx=408 Edx=81 Edi=200 Esi=33EE278 Ebp=303E064 Esp=303E038 Eip=77C56C4F

ADDR: 77C56C58 CODE: 0f838ae60400 jae 0x77ca52e8
Eax=8 Ebx=33D0000 Ecx=408 Edx=81 Edi=200 Esi=33EE278 Ebp=303E064 Esp=303E038 Eip=77C56C58

ADDR: 77C571A6 CODE: 0f8427010000 jz 0x77c572d3
Eax=FB Ebx=33EFFE0 Ecx=32C Edx=33D0000 Edi=33D0000 Esi=33EE680 Ebp=303E01C Esp=303E000 Eip=77C571A6

ADDR: 77C571DC CODE: 0f8493e30400 jz 0x77ca5575
Eax=1755 Ebx=32C Ecx=32C Edx=33D00C0 Edi=33D0000 Esi=33EE680 Ebp=303E01C Esp=303E000 Eip=77C571DC

ADDR: 77C57670 CODE: 7317 jae 0x77c57689
Eax=1755 Ebx=33D0000 Ecx=33D0000 Edx=32C Edi=32C Esi=33D0270 Ebp=303E01C Esp=303DFF0 Eip=77C57670

ADDR: 77C5768D CODE: 740b jz 0x77c5769a
Eax=33D36A0 Ebx=33D0000 Ecx=33D0000 Edx=32C Edi=32C Esi=33D0270 Ebp=303E01C Esp=303DFF0 Eip=77C5768D

ADDR: 77C57670 CODE: 7317 jae 0x77c57689
Eax=33D36A0 Ebx=33D0000 Ecx=33D0000 Edx=32C Edi=32C Esi=33D36A0 Ebp=303E01C Esp=303DFF0 Eip=77C57670

ADDR: 77C4A2E4 CODE: 7449 jz 0x77c4a32f
Eax=33ECB30 Ebx=33D00C0 Ecx=33D0000 Edx=33D0000 Edi=33D36A0 Esi=0 Ebp=303DFDC Esp=303DFC0 Eip=77C4A2E4

ADDR: 77C4A2EA CODE: 0f84b49b0500 jz 0x77ca3ea4
Eax=33ECB30 Ebx=33D00C0 Ecx=33D0000 Edx=33D0000 Edi=33D36A0 Esi=0 Ebp=303DFDC Esp=303DFC0 Eip=77C4A2EA

ADDR: 77C4A2FB CODE: 7426 jz 0x77c4a323
Eax=7AFB8EB0 Ebx=33D00C0 Ecx=33D0000 Edx=33D0000 Edi=33D36A0 Esi=0 Ebp=303DFDC Esp=303DFC0 Eip=77C4A2FB

ADDR: 77C4A32D CODE: 7e0b jle 0x77c4a33a
Eax=C Ebx=33D00C0 Ecx=320 Edx=33D0000 Edi=33D36A0 Esi=0 Ebp=303DFDC Esp=303DFC0 Eip=77C4A32D

ADDR: 77C57683 CODE: 740e jz 0x77c57693
Eax=33D00C0 Ebx=33D0000 Ecx=320 Edx=33D0000 Edi=32C Esi=33D36A0 Ebp=303E01C Esp=303DFF0 Eip=77C57683

ADDR: 77C571F5 CODE: 744c jz 0x77c57243
Eax=33D00C0 Ebx=32C Ecx=33D00C0 Edx=33D00C0 Edi=33D0000 Esi=33EE680 Ebp=303E01C Esp=303E000 Eip=77C571F5

ADDR: 77C57265 CODE: 7424 jz 0x77c5728b
Eax=32C Ebx=33EE688 Ecx=33D00C0 Edx=33D0270 Edi=33D0000 Esi=33EE680 Ebp=303E01C Esp=303E000 Eip=77C57265

ADDR: 77C5726D CODE: 720e jb 0x77c5727d
Eax=32C Ebx=33EE688 Ecx=32C Edx=33D0270 Edi=33D0000 Esi=33EE680 Ebp=303E01C Esp=303E000 Eip=77C5726D

ADDR: 77C57273 CODE: 0f84bd000000 jz 0x77c57336
Eax=33D36A0 Ebx=33EE688 Ecx=32C Edx=33D0270 Edi=33D0000 Esi=33EE680 Ebp=303E01C Esp=303E000 Eip=77C57273

ADDR: 77C5726D CODE: 720e jb 0x77c5727d
Eax=33D36A0 Ebx=33EE688 Ecx=32C Edx=33D36A0 Edi=33D0000 Esi=33EE680 Ebp=303E01C Esp=303E000 Eip=77C5726D

ADDR: 77C575DA CODE: 742c jz 0x77c57608
Eax=7FF Ebx=0 Ecx=33D0000 Edx=2AC Edi=2AC Esi=33D36A0 Ebp=303DFE8 Esp=303DFD0 Eip=77C575DA

ADDR: 77C5728F CODE: 7410 jz 0x77c572a1
Eax=1000 Ebx=33EE688 Ecx=33D36C4 Edx=15 Edi=33D0000 Esi=33EE680 Ebp=303E01C Esp=303E000 Eip=77C5728F

ADDR: 77C569F6 CODE: 7416 jz 0x77c56a0e
Eax=1 Ebx=81 Ecx=33EE278 Edx=400 Edi=33D0000 Esi=33EE278 Ebp=303E160 Esp=303E074 Eip=77C569F6

ADDR: 77C569FC CODE: 7410 jz 0x77c56a0e
Eax=1 Ebx=81 Ecx=33EE278 Edx=400 Edi=33D0000 Esi=33EE278 Ebp=303E160 Esp=303E074 Eip=77C569FC

ADDR: 77C56A12 CODE: 740b jz 0x77c56a1f
Eax=76FB8EBC Ebx=81 Ecx=33EE278 Edx=400 Edi=33D0000 Esi=33EE278 Ebp=303E160 Esp=303E074 Eip=77C56A12

ADDR: 77C47B53 CODE: 746e jz 0x77c47bc3
Eax=FFFFFFFE Ebx=33D0258 Ecx=FFFFFFFF Edx=400 Edi=33D025C Esi=FFFFFFFE Ebp=303E068 Esp=303E054 Eip=77C47B53

ADDR: 77C569D7 CODE: 7447 jz 0x77c56a20
Eax=0 Ebx=81 Ecx=FFFFFFFF Edx=400 Edi=33D0000 Esi=33EE278 Ebp=303E160 Esp=303E078 Eip=77C569D7

ADDR: 77C56A28 CODE: 7436 jz 0x77c56a60
Eax=7FFE0380 Ebx=81 Ecx=FFFFFFFF Edx=400 Edi=33D0000 Esi=33EE278 Ebp=303E160 Esp=303E078 Eip=77C56A28

ADDR: 77C55BD5 CODE: 7448 jz 0x77c55c1f
Eax=0 Ebx=0 Ecx=EA68005 Edx=400 Edi=33D0000 Esi=33EE280 Ebp=303E1F8 Esp=303E170 Eip=77C55BD5

ADDR: 77C55C21 CODE: 7434 jz 0x77c55c57
Eax=0 Ebx=0 Ecx=EA68005 Edx=400 Edi=33D0000 Esi=33EE280 Ebp=303E1F8 Esp=303E170 Eip=77C55C21

ADDR: 77C55C2D CODE: 0f84aa000000 jz 0x77c55cdd
Eax=0 Ebx=33EE280 Ecx=0 Edx=400 Edi=33D0000 Esi=33EE280 Ebp=303E1F8 Esp=303E170 Eip=77C55C2D

ADDR: 77AD5F22 CODE: 74cf jz 0x77ad5ef3
Eax=33EE280 Ebx=33EE280 Ecx=DA56165 Edx=400 Edi=0 Esi=400 Ebp=303E240 Esp=303E230 Eip=77AD5F22

ADDR: 77AD44BB CODE: 7416 jz 0x77ad44d3
Eax=33EE280 Ebx=200 Ecx=400 Edx=400 Edi=0 Esi=400 Ebp=303E264 Esp=303E250 Eip=77AD44BB

ADDR: 77AD44BF CODE: 7312 jae 0x77ad44d3
Eax=33EE280 Ebx=200 Ecx=400 Edx=400 Edi=0 Esi=400 Ebp=303E264 Esp=303E250 Eip=77AD44BF

ADDR: 77B15361 CODE: 0f843c010000 jz 0x77b154a3
Eax=0 Ebx=200 Ecx=200 Edx=0 Edi=33EE480 Esi=200 Ebp=303E264 Esp=303E240 Eip=77B15361

ADDR: 77B15370 CODE: 0f86df000000 jbe 0x77b15455
Eax=0 Ebx=200 Ecx=200 Edx=0 Edi=33EE480 Esi=200 Ebp=303E264 Esp=303E240 Eip=77B15370

ADDR: 77B1537C CODE: 0f828b000000 jb 0x77b1540d
Eax=0 Ebx=200 Ecx=200 Edx=0 Edi=33EE480 Esi=200 Ebp=303E264 Esp=303E240 Eip=77B1537C

ADDR: 77B1538A CODE: 7309 jae 0x77b15395
Eax=0 Ebx=200 Ecx=200 Edx=0 Edi=33EE480 Esi=200 Ebp=303E264 Esp=303E240 Eip=77B1538A

ADDR: 77AD96BA CODE: 7417 jz 0x77ad96d3
Eax=0 Ebx=80 Ecx=0 Edx=0 Edi=33EE280 Esi=33EE280 Ebp=303E260 Esp=303E260 Eip=77AD96BA

ADDR: 77AD9897 CODE: 0f843b710500 jz 0x77b309d8
Eax=0 Ebx=80 Ecx=0 Edx=0 Edi=33EE280 Esi=33EE280 Ebp=303E290 Esp=303E270 Eip=77AD9897

ADDR: 77AD98B9 CODE: 0f8416ffffff jz 0x77ad97d5
Eax=33EE480 Ebx=33EE680 Ecx=33EE280 Edx=19A06614 Edi=33EE280 Esi=33EE480 Ebp=303E290 Esp=303E270 Eip=77AD98B9

ADDR: 77C47B53 CODE: 746e jz 0x77c47bc3
Eax=FFFFFFFE Ebx=77BB5C18 Ecx=FFFFFFFF Edx=19A06614 Edi=77BB5C1C Esi=FFFFFFFE Ebp=303E288 Esp=303E274 Eip=77C47B53

ADDR: 77AD94A4 CODE: 7458 jz 0x77ad94fe
Eax=BEA71F01 Ebx=76D1B498 Ecx=14 Edx=19A06614 Edi=2 Esi=77915A70 Ebp=303E2CC Esp=303E2B4 Eip=77AD94A4

ADDR: 77C98DEB CODE: 730a jae 0x77c98df7
Eax=EF22B4E Ebx=76D1B498 Ecx=77915A70 Edx=404000 Edi=2 Esi=77915A70 Ebp=303E2CC Esp=303E2A8 Eip=77C98DEB

ADDR: 77C909B7 CODE: 747f jz 0x77c90a38
Eax=2 Ebx=2E98FB4 Ecx=77915A70 Edx=2E98FB4 Edi=2 Esi=77915A70 Ebp=303E280 Esp=303E274 Eip=77C909B7

ADDR: 77C909BE CODE: 7378 jae 0x77c90a38
Eax=2 Ebx=2E98FB4 Ecx=77915A70 Edx=2E98FB4 Edi=2 Esi=77915A70 Ebp=303E280 Esp=303E274 Eip=77C909BE

ADDR: 77915A83 CODE: 790d jns 0x77915a92
Eax=0 Ebx=76D1B498 Ecx=33DA3C8 Edx=0 Edi=2 Esi=77915A70 Ebp=303E2A4 Esp=303E2A4 Eip=77915A83

ADDR: 77AE2C46 CODE: 740a jz 0x77ae2c52
Eax=0 Ebx=76D1B498 Ecx=76F1EB90 Edx=0 Edi=76D93510 Esi=76D1B3F4 Ebp=303E360 Esp=303E354 Eip=77AE2C46

ADDR: 77C98DEB CODE: 730a jae 0x77c98df7
Eax=EDB26A2 Ebx=76D1B498 Ecx=76D93510 Edx=40404044 Edi=76D93510 Esi=76D1B3F4 Ebp=303E360 Esp=303E350 Eip=77C98DEB

ADDR: 77AD95B4 CODE: 7458 jz 0x77ad960e
Eax=BEA71F01 Ebx=76D1B498 Ecx=14 Edx=7728C8DC Edi=2 Esi=77915A70 Ebp=303E2D0 Esp=303E2B8 Eip=77AD95B4

ADDR: 77C98DEB CODE: 730a jae 0x77c98df7
Eax=EF22B4E Ebx=76D1B498 Ecx=77915A70 Edx=404000 Edi=2 Esi=77915A70 Ebp=303E2D0 Esp=303E2AC Eip=77C98DEB

ADDR: 77C909B7 CODE: 747f jz 0x77c90a38
Eax=2 Ebx=2E98FB4 Ecx=77915A70 Edx=2E98FB4 Edi=2 Esi=77915A70 Ebp=303E284 Esp=303E278 Eip=77C909B7

ADDR: 77C909BE CODE: 7378 jae 0x77c90a38
Eax=2 Ebx=2E98FB4 Ecx=77915A70 Edx=2E98FB4 Edi=2 Esi=77915A70 Ebp=303E284 Esp=303E278 Eip=77C909BE

ADDR: 77915A83 CODE: 790d jns 0x77915a92
Eax=0 Ebx=76D1B498 Ecx=33DA3C8 Edx=0 Edi=2 Esi=77915A70 Ebp=303E2A8 Esp=303E2A8 Eip=77915A83

ADDR: 77AD90DC CODE: 7454 jz 0x77ad9132
Eax=13A71F14 Ebx=76D1B498 Ecx=14 Edx=0 Edi=2 Esi=779000A0 Ebp=303E31C Esp=303E2C0 Eip=77AD90DC

ADDR: 77C98DEB CODE: 730a jae 0x77c98df7
Eax=EF20014 Ebx=76D1B498 Ecx=779000A0 Edx=104000 Edi=2 Esi=779000A0 Ebp=303E31C Esp=303E2B8 Eip=77C98DEB

ADDR: 77C8C686 CODE: 743c jz 0x77c8c6c4
Eax=2 Ebx=76D1B498 Ecx=33DA3C0 Edx=104000 Edi=2 Esi=2E98000 Ebp=303E29C Esp=303E29C Eip=77C8C686

ADDR: 77C8C68D CODE: 7335 jae 0x77c8c6c4
Eax=2 Ebx=76D1B498 Ecx=33DA3C0 Edx=104000 Edi=2 Esi=2E98000 Ebp=303E29C Esp=303E29C Eip=77C8C68D

ADDR: 77C8C6AC CODE: 740c jz 0x77c8c6ba
Eax=33DCAA0 Ebx=76D1B498 Ecx=33DA3C0 Edx=0 Edi=2 Esi=2 Ebp=303E29C Esp=303E298 Eip=77C8C6AC

ADDR: 77C8C6B4 CODE: 7404 jz 0x77c8c6ba
Eax=33DCAAC Ebx=76D1B498 Ecx=33DA3C0 Edx=0 Edi=2 Esi=2 Ebp=303E29C Esp=303E298 Eip=77C8C6B4

ADDR: 779000BD CODE: 791c jns 0x779000db
Eax=0 Ebx=76D1B498 Ecx=303E2B0 Edx=0 Edi=2 Esi=2E98000 Ebp=303E2B4 Esp=303E2AC Eip=779000BD

ADDR: 77C4E69A CODE: 7315 jae 0x77c4e6b1
Eax=77BB5C1C Ebx=76D1B498 Ecx=77BB5C18 Edx=2E98000 Edi=76D93510 Esi=7728C8DC Ebp=303E28C Esp=303E288 Eip=77C4E69A

ADDR: 77AD97A6 CODE: 0f8454720500 jz 0x77b30a00
Eax=303E2FC Ebx=7728C8DC Ecx=303E2E8 Edx=2E98000 Edi=76D93510 Esi=7728C8DC Ebp=303E290 Esp=303E270 Eip=77AD97A6

ADDR: 77AD97D3 CODE: 7479 jz 0x77ad984e
Eax=303E2FC Ebx=33EE680 Ecx=14 Edx=19A06614 Edi=33EE280 Esi=33EE484 Ebp=303E290 Esp=303E270 Eip=77AD97D3

ADDR: 77C47B53 CODE: 746e jz 0x77c47bc3
Eax=FFFFFFFE Ebx=77BB5C18 Ecx=FFFFFFFF Edx=19A06614 Edi=77BB5C1C Esi=FFFFFFFE Ebp=303E288 Esp=303E274 Eip=77C47B53

ADDR: 77AD94A4 CODE: 7458 jz 0x77ad94fe
Eax=BEA71F01 Ebx=76D1B498 Ecx=14 Edx=19A06614 Edi=2 Esi=77915A70 Ebp=303E2CC Esp=303E2B4 Eip=77AD94A4

ADDR: 77C98DEB CODE: 730a jae 0x77c98df7
Eax=EF22B4E Ebx=76D1B498 Ecx=77915A70 Edx=404000 Edi=2 Esi=77915A70 Ebp=303E2CC Esp=303E2A8 Eip=77C98DEB

ADDR: 77C909B7 CODE: 747f jz 0x77c90a38
Eax=2 Ebx=2E98FB4 Ecx=77915A70 Edx=2E98FB4 Edi=2 Esi=77915A70 Ebp=303E280 Esp=303E274 Eip=77C909B7

ADDR: 77C909BE CODE: 7378 jae 0x77c90a38
Eax=2 Ebx=2E98FB4 Ecx=77915A70 Edx=2E98FB4 Edi=2 Esi=77915A70 Ebp=303E280 Esp=303E274 Eip=77C909BE

ADDR: 77915A83 CODE: 790d jns 0x77915a92
Eax=0 Ebx=76D1B498 Ecx=33DA3C8 Edx=0 Edi=2 Esi=77915A70 Ebp=303E2A4 Esp=303E2A4 Eip=77915A83

ADDR: 77AE2C46 CODE: 740a jz 0x77ae2c52
Eax=0 Ebx=76D1B498 Ecx=76F1EBA0 Edx=0 Edi=76D93530 Esi=76D1B3F8 Ebp=303E360 Esp=303E354 Eip=77AE2C46

ADDR: 77C98DEB CODE: 730a jae 0x77c98df7
Eax=EDB26A6 Ebx=76D1B498 Ecx=76D93530 Edx=40404044 Edi=76D93530 Esi=76D1B3F8 Ebp=303E360 Esp=303E350 Eip=77C98DEB

ADDR: 77AD95B4 CODE: 7458 jz 0x77ad960e
Eax=BEA71F01 Ebx=76D1B498 Ecx=14 Edx=7728C8DC Edi=2 Esi=77915A70 Ebp=303E2B0 Esp=303E298 Eip=77AD95B4

ADDR: 77C98DEB CODE: 730a jae 0x77c98df7
Eax=EF22B4E Ebx=76D1B498 Ecx=77915A70 Edx=404000 Edi=2 Esi=77915A70 Ebp=303E2B0 Esp=303E28C Eip=77C98DEB

ADDR: 77C909B7 CODE: 747f jz 0x77c90a38
Eax=2 Ebx=2E98FB4 Ecx=77915A70 Edx=2E98FB4 Edi=2 Esi=77915A70 Ebp=303E264 Esp=303E258 Eip=77C909B7

ADDR: 77C909BE CODE: 7378 jae 0x77c90a38
Eax=2 Ebx=2E98FB4 Ecx=77915A70 Edx=2E98FB4 Edi=2 Esi=77915A70 Ebp=303E264 Esp=303E258 Eip=77C909BE

ADDR: 77915A83 CODE: 790d jns 0x77915a92
Eax=0 Ebx=76D1B498 Ecx=33DA3C8 Edx=0 Edi=2 Esi=77915A70 Ebp=303E288 Esp=303E288 Eip=77915A83

ADDR: 77AD90DC CODE: 7454 jz 0x77ad9132
Eax=13A71F14 Ebx=76D1B498 Ecx=14 Edx=0 Edi=2 Esi=779000A0 Ebp=303E2FC Esp=303E2A0 Eip=77AD90DC

ADDR: 77C98DEB CODE: 730a jae 0x77c98df7
Eax=EF20014 Ebx=76D1B498 Ecx=779000A0 Edx=104000 Edi=2 Esi=779000A0 Ebp=303E2FC Esp=303E298 Eip=77C98DEB

ADDR: 77C8C686 CODE: 743c jz 0x77c8c6c4
Eax=2 Ebx=76D1B498 Ecx=33DA3C0 Edx=104000 Edi=2 Esi=2E98000 Ebp=303E27C Esp=303E27C Eip=77C8C686

ADDR: 77C8C68D CODE: 7335 jae 0x77c8c6c4
Eax=2 Ebx=76D1B498 Ecx=33DA3C0 Edx=104000 Edi=2 Esi=2E98000 Ebp=303E27C Esp=303E27C Eip=77C8C68D

ADDR: 77C8C6AC CODE: 740c jz 0x77c8c6ba
Eax=33DCAA0 Ebx=76D1B498 Ecx=33DA3C0 Edx=0 Edi=2 Esi=2 Ebp=303E27C Esp=303E278 Eip=77C8C6AC

ADDR: 77C8C6B4 CODE: 7404 jz 0x77c8c6ba
Eax=33DCAAC Ebx=76D1B498 Ecx=33DA3C0 Edx=0 Edi=2 Esi=2 Ebp=303E27C Esp=303E278 Eip=77C8C6B4

ADDR: 779000BD CODE: 791c jns 0x779000db
Eax=0 Ebx=76D1B498 Ecx=303E290 Edx=0 Edi=2 Esi=2E98000 Ebp=303E294 Esp=303E28C Eip=779000BD

ADDR: 77C4E69A CODE: 7315 jae 0x77c4e6b1
Eax=77BB5C1C Ebx=76D1B498 Ecx=77BB5C18 Edx=2E98000 Edi=76D93530 Esi=7728C8DC Ebp=303E26C Esp=303E268 Eip=77C4E69A

ADDR: 77AD97A6 CODE: 0f8454720500 jz 0x77b30a00
Eax=303E2DC Ebx=7728C8DC Ecx=303E2C8 Edx=2E98000 Edi=76D93530 Esi=7728C8DC Ebp=303E270 Esp=303E250 Eip=77AD97A6

ADDR: 77AD97D3 CODE: 7479 jz 0x77ad984e
Eax=303E2DC Ebx=33EE680 Ecx=14 Edx=19A06614 Edi=33EE280 Esi=33EE488 Ebp=303E270 Esp=303E250 Eip=77AD97D3

ADDR: 77C47B53 CODE: 746e jz 0x77c47bc3
Eax=FFFFFFFE Ebx=77BB5C18 Ecx=FFFFFFFF Edx=19A06614 Edi=77BB5C1C Esi=FFFFFFFE Ebp=303E268 Esp=303E254 Eip=77C47B53

ADDR: 77AD94A4 CODE: 7458 jz 0x77ad94fe
Eax=BEA71F01 Ebx=76D1B498 Ecx=14 Edx=19A06614 Edi=2 Esi=77915A70 Ebp=303E2AC Esp=303E294 Eip=77AD94A4

ADDR: 77C98DEB CODE: 730a jae 0x77c98df7
Eax=EF22B4E Ebx=76D1B498 Ecx=77915A70 Edx=404000 Edi=2 Esi=77915A70 Ebp=303E2AC Esp=303E288 Eip=77C98DEB

ADDR: 77C909B7 CODE: 747f jz 0x77c90a38
Eax=2 Ebx=2E98FB4 Ecx=77915A70 Edx=2E98FB4 Edi=2 Esi=77915A70 Ebp=303E260 Esp=303E254 Eip=77C909B7

ADDR: 77C909BE CODE: 7378 jae 0x77c90a38
Eax=2 Ebx=2E98FB4 Ecx=77915A70 Edx=2E98FB4 Edi=2 Esi=77915A70 Ebp=303E260 Esp=303E254 Eip=77C909BE

ADDR: 77915A83 CODE: 790d jns 0x77915a92
Eax=0 Ebx=76D1B498 Ecx=33DA3C8 Edx=0 Edi=2 Esi=77915A70 Ebp=303E284 Esp=303E284 Eip=77915A83

ADDR: 77AE2C46 CODE: 740a jz 0x77ae2c52
Eax=0 Ebx=76D1B498 Ecx=76D9355E Edx=0 Edi=76D93570 Esi=76D1B3FC Ebp=303E360 Esp=303E354 Eip=77AE2C46

ADDR: 77C98DEB CODE: 730a jae 0x77c98df7
Eax=EDB26AE Ebx=76D1B498 Ecx=76D93570 Edx=40404044 Edi=76D93570 Esi=76D1B3FC Ebp=303E360 Esp=303E350 Eip=77C98DEB

ADDR: 77AD95B4 CODE: 7458 jz 0x77ad960e
Eax=BEA71F01 Ebx=76D1B498 Ecx=14 Edx=7728C8DC Edi=2 Esi=77915A70 Ebp=303E2B0 Esp=303E298 Eip=77AD95B4

ADDR: 77C98DEB CODE: 730a jae 0x77c98df7
Eax=EF22B4E Ebx=76D1B498 Ecx=77915A70 Edx=404000 Edi=2 Esi=77915A70 Ebp=303E2B0 Esp=303E28C Eip=77C98DEB

ADDR: 77C909B7 CODE: 747f jz 0x77c90a38
Eax=2 Ebx=2E98FB4 Ecx=77915A70 Edx=2E98FB4 Edi=2 Esi=77915A70 Ebp=303E264 Esp=303E258 Eip=77C909B7

ADDR: 77C909BE CODE: 7378 jae 0x77c90a38
Eax=2 Ebx=2E98FB4 Ecx=77915A70 Edx=2E98FB4 Edi=2 Esi=77915A70 Ebp=303E264 Esp=303E258 Eip=77C909BE

ADDR: 77915A83 CODE: 790d jns 0x77915a92
Eax=0 Ebx=76D1B498 Ecx=33DA3C8 Edx=0 Edi=2 Esi=77915A70 Ebp=303E288 Esp=303E288 Eip=77915A83

ADDR: 77AD90DC CODE: 7454 jz 0x77ad9132
Eax=13A71F14 Ebx=76D1B498 Ecx=14 Edx=0 Edi=2 Esi=779000A0 Ebp=303E2FC Esp=303E2A0 Eip=77AD90DC

ADDR: 77C98DEB CODE: 730a jae 0x77c98df7
Eax=EF20014 Ebx=76D1B498 Ecx=779000A0 Edx=104000 Edi=2 Esi=779000A0 Ebp=303E2FC Esp=303E298 Eip=77C98DEB

ADDR: 77C8C686 CODE: 743c jz 0x77c8c6c4
Eax=2 Ebx=76D1B498 Ecx=33DA3C0 Edx=104000 Edi=2 Esi=2E98000 Ebp=303E27C Esp=303E27C Eip=77C8C686

ADDR: 77C8C68D CODE: 7335 jae 0x77c8c6c4
Eax=2 Ebx=76D1B498 Ecx=33DA3C0 Edx=104000 Edi=2 Esi=2E98000 Ebp=303E27C Esp=303E27C Eip=77C8C68D

ADDR: 77C8C6AC CODE: 740c jz 0x77c8c6ba
Eax=33DCAA0 Ebx=76D1B498 Ecx=33DA3C0 Edx=0 Edi=2 Esi=2 Ebp=303E27C Esp=303E278 Eip=77C8C6AC

ADDR: 77C8C6B4 CODE: 7404 jz 0x77c8c6ba
Eax=33DCAAC Ebx=76D1B498 Ecx=33DA3C0 Edx=0 Edi=2 Esi=2 Ebp=303E27C Esp=303E278 Eip=77C8C6B4

ADDR: 779000BD CODE: 791c jns 0x779000db
Eax=0 Ebx=76D1B498 Ecx=303E290 Edx=0 Edi=2 Esi=2E98000 Ebp=303E294 Esp=303E28C Eip=779000BD

ADDR: 77C4E69A CODE: 7315 jae 0x77c4e6b1
Eax=77BB5C1C Ebx=76D1B498 Ecx=77BB5C18 Edx=2E98000 Edi=76D93570 Esi=7728C8DC Ebp=303E26C Esp=303E268 Eip=77C4E69A

ADDR: 77AD97A6 CODE: 0f8454720500 jz 0x77b30a00
Eax=303E2DC Ebx=7728C8DC Ecx=303E2C8 Edx=2E98000 Edi=76D93570 Esi=7728C8DC Ebp=303E270 Esp=303E250 Eip=77AD97A6

ADDR: 77AD97D3 CODE: 7479 jz 0x77ad984e
Eax=303E2DC Ebx=33EE680 Ecx=14 Edx=19A06614 Edi=33EE280 Esi=33EE48C Ebp=303E270 Esp=303E250 Eip=77AD97D3

ADDR: 77C47B53 CODE: 746e jz 0x77c47bc3
Eax=FFFFFFFE Ebx=77BB5C18 Ecx=FFFFFFFF Edx=19A06614 Edi=77BB5C1C Esi=FFFFFFFE Ebp=303E268 Esp=303E254 Eip=77C47B53

ADDR: 77AD94A4 CODE: 7458 jz 0x77ad94fe
Eax=BEA71F01 Ebx=76D1B498 Ecx=14 Edx=19A06614 Edi=2 Esi=77915A70 Ebp=303E2AC Esp=303E294 Eip=77AD94A4

ADDR: 77C98DEB CODE: 730a jae 0x77c98df7
Eax=EF22B4E Ebx=76D1B498 Ecx=77915A70 Edx=404000 Edi=2 Esi=77915A70 Ebp=303E2AC Esp=303E288 Eip=77C98DEB

ADDR: 77C909B7 CODE: 747f jz 0x77c90a38
Eax=2 Ebx=2E98FB4 Ecx=77915A70 Edx=2E98FB4 Edi=2 Esi=77915A70 Ebp=303E260 Esp=303E254 Eip=77C909B7

ADDR: 77C909BE CODE: 7378 jae 0x77c90a38
Eax=2 Ebx=2E98FB4 Ecx=77915A70 Edx=2E98FB4 Edi=2 Esi=77915A70 Ebp=303E260 Esp=303E254 Eip=77C909BE

ADDR: 77915A83 CODE: 790d jns 0x77915a92
Eax=0 Ebx=76D1B498 Ecx=33DA3C8 Edx=0 Edi=2 Esi=77915A70 Ebp=303E284 Esp=303E284 Eip=77915A83

ADDR: 77AE2C46 CODE: 740a jz 0x77ae2c52
Eax=0 Ebx=76D1B498 Ecx=76D9359E Edx=0 Edi=76D935B0 Esi=76D1B400 Ebp=303E360 Esp=303E354 Eip=77AE2C46

ADDR: 77C98DEB CODE: 730a jae 0x77c98df7
Eax=EDB26B6 Ebx=76D1B498 Ecx=76D935B0 Edx=40404044 Edi=76D935B0 Esi=76D1B400 Ebp=303E360 Esp=303E350 Eip=77C98DEB

ADDR: 77AD95B4 CODE: 7458 jz 0x77ad960e
Eax=BEA71F01 Ebx=76D1B498 Ecx=14 Edx=7728C8DC Edi=2 Esi=77915A70 Ebp=303E2B0 Esp=303E298 Eip=77AD95B4

ADDR: 77C98DEB CODE: 730a jae 0x77c98df7
Eax=EF22B4E Ebx=76D1B498 Ecx=77915A70 Edx=404000 Edi=2 Esi=77915A70 Ebp=303E2B0 Esp=303E28C Eip=77C98DEB

ADDR: 77C909B7 CODE: 747f jz 0x77c90a38
Eax=2 Ebx=2E98FB4 Ecx=77915A70 Edx=2E98FB4 Edi=2 Esi=77915A70 Ebp=303E264 Esp=303E258 Eip=77C909B7

ADDR: 77C909BE CODE: 7378 jae 0x77c90a38
Eax=2 Ebx=2E98FB4 Ecx=77915A70 Edx=2E98FB4 Edi=2 Esi=77915A70 Ebp=303E264 Esp=303E258 Eip=77C909BE

ADDR: 77915A83 CODE: 790d jns 0x77915a92
Eax=0 Ebx=76D1B498 Ecx=33DA3C8 Edx=0 Edi=2 Esi=77915A70 Ebp=303E288 Esp=303E288 Eip=77915A83

ADDR: 77AD90DC CODE: 7454 jz 0x77ad9132
Eax=13A71F14 Ebx=76D1B498 Ecx=14 Edx=0 Edi=2 Esi=779000A0 Ebp=303E2FC Esp=303E2A0 Eip=77AD90DC

ADDR: 77C98DEB CODE: 730a jae 0x77c98df7
Eax=EF20014 Ebx=76D1B498 Ecx=779000A0 Edx=104000 Edi=2 Esi=779000A0 Ebp=303E2FC Esp=303E298 Eip=77C98DEB

ADDR: 77C8C686 CODE: 743c jz 0x77c8c6c4
Eax=2 Ebx=76D1B498 Ecx=33DA3C0 Edx=104000 Edi=2 Esi=2E98000 Ebp=303E27C Esp=303E27C Eip=77C8C686

ADDR: 77C8C68D CODE: 7335 jae 0x77c8c6c4
Eax=2 Ebx=76D1B498 Ecx=33DA3C0 Edx=104000 Edi=2 Esi=2E98000 Ebp=303E27C Esp=303E27C Eip=77C8C68D

ADDR: 77C8C6AC CODE: 740c jz 0x77c8c6ba
Eax=33DCAA0 Ebx=76D1B498 Ecx=33DA3C0 Edx=0 Edi=2 Esi=2 Ebp=303E27C Esp=303E278 Eip=77C8C6AC

ADDR: 77C8C6B4 CODE: 7404 jz 0x77c8c6ba
Eax=33DCAAC Ebx=76D1B498 Ecx=33DA3C0 Edx=0 Edi=2 Esi=2 Ebp=303E27C Esp=303E278 Eip=77C8C6B4

ADDR: 779000BD CODE: 791c jns 0x779000db
Eax=0 Ebx=76D1B498 Ecx=303E290 Edx=0 Edi=2 Esi=2E98000 Ebp=303E294 Esp=303E28C Eip=779000BD

ADDR: 77C4E69A CODE: 7315 jae 0x77c4e6b1
Eax=77BB5C1C Ebx=76D1B498 Ecx=77BB5C18 Edx=2E98000 Edi=76D935B0 Esi=7728C8DC Ebp=303E26C Esp=303E268 Eip=77C4E69A

ADDR: 77AD97A6 CODE: 0f8454720500 jz 0x77b30a00
Eax=303E2DC Ebx=7728C8DC Ecx=303E2C8 Edx=2E98000 Edi=76D935B0 Esi=7728C8DC Ebp=303E270 Esp=303E250 Eip=77AD97A6

ADDR: 77AD97D3 CODE: 7479 jz 0x77ad984e
Eax=303E2DC Ebx=33EE680 Ecx=14 Edx=19A06614 Edi=33EE280 Esi=33EE490 Ebp=303E270 Esp=303E250 Eip=77AD97D3

ADDR: 77C47B53 CODE: 746e jz 0x77c47bc3
Eax=FFFFFFFE Ebx=77BB5C18 Ecx=FFFFFFFF Edx=19A06614 Edi=77BB5C1C Esi=FFFFFFFE Ebp=303E268 Esp=303E254 Eip=77C47B53

ADDR: 77AD94A4 CODE: 7458 jz 0x77ad94fe
Eax=BEA71F01 Ebx=76D1B498 Ecx=14 Edx=19A06614 Edi=2 Esi=77915A70 Ebp=303E2AC Esp=303E294 Eip=77AD94A4

ADDR: 77C98DEB CODE: 730a jae 0x77c98df7
Eax=EF22B4E Ebx=76D1B498 Ecx=77915A70 Edx=404000 Edi=2 Esi=77915A70 Ebp=303E2AC Esp=303E288 Eip=77C98DEB

ADDR: 77C909B7 CODE: 747f jz 0x77c90a38
Eax=2 Ebx=2E98FB4 Ecx=77915A70 Edx=2E98FB4 Edi=2 Esi=77915A70 Ebp=303E260 Esp=303E254 Eip=77C909B7

ADDR: 77C909BE CODE: 7378 jae 0x77c90a38
Eax=2 Ebx=2E98FB4 Ecx=77915A70 Edx=2E98FB4 Edi=2 Esi=77915A70 Ebp=303E260 Esp=303E254 Eip=77C909BE

ADDR: 77915A83 CODE: 790d jns 0x77915a92
Eax=0 Ebx=76D1B498 Ecx=33DA3C8 Edx=0 Edi=2 Esi=77915A70 Ebp=303E284 Esp=303E284 Eip=77915A83

ADDR: 77AE2C46 CODE: 740a jz 0x77ae2c52
Eax=0 Ebx=76D1B498 Ecx=76D935DE Edx=0 Edi=76D935F0 Esi=76D1B404 Ebp=303E360 Esp=303E354 Eip=77AE2C46

ADDR: 77C98DEB CODE: 730a jae 0x77c98df7
Eax=EDB26BE Ebx=76D1B498 Ecx=76D935F0 Edx=40404044 Edi=76D935F0 Esi=76D1B404 Ebp=303E360 Esp=303E350 Eip=77C98DEB

ADDR: 77AD95B4 CODE: 7458 jz 0x77ad960e
Eax=BEA71F01 Ebx=76D1B498 Ecx=14 Edx=7728C8DC Edi=2 Esi=77915A70 Ebp=303E2B0 Esp=303E298 Eip=77AD95B4

ADDR: 77C98DEB CODE: 730a jae 0x77c98df7
Eax=EF22B4E Ebx=76D1B498 Ecx=77915A70 Edx=404000 Edi=2 Esi=77915A70 Ebp=303E2B0 Esp=303E28C Eip=77C98DEB

ADDR: 77C909B7 CODE: 747f jz 0x77c90a38
Eax=2 Ebx=2E98FB4 Ecx=77915A70 Edx=2E98FB4 Edi=2 Esi=77915A70 Ebp=303E264 Esp=303E258 Eip=77C909B7

ADDR: 77C909BE CODE: 7378 jae 0x77c90a38
Eax=2 Ebx=2E98FB4 Ecx=77915A70 Edx=2E98FB4 Edi=2 Esi=77915A70 Ebp=303E264 Esp=303E258 Eip=77C909BE

ADDR: 77915A83 CODE: 790d jns 0x77915a92
Eax=0 Ebx=76D1B498 Ecx=33DA3C8 Edx=0 Edi=2 Esi=77915A70 Ebp=303E288 Esp=303E288 Eip=77915A83

ADDR: 77AD90DC CODE: 7454 jz 0x77ad9132
Eax=13A71F14 Ebx=76D1B498 Ecx=14 Edx=0 Edi=2 Esi=779000A0 Ebp=303E2FC Esp=303E2A0 Eip=77AD90DC

ADDR: 77C98DEB CODE: 730a jae 0x77c98df7
Eax=EF20014 Ebx=76D1B498 Ecx=779000A0 Edx=104000 Edi=2 Esi=779000A0 Ebp=303E2FC Esp=303E298 Eip=77C98DEB

ADDR: 77C8C686 CODE: 743c jz 0x77c8c6c4
Eax=2 Ebx=76D1B498 Ecx=33DA3C0 Edx=104000 Edi=2 Esi=2E98000 Ebp=303E27C Esp=303E27C Eip=77C8C686

ADDR: 77C8C68D CODE: 7335 jae 0x77c8c6c4
Eax=2 Ebx=76D1B498 Ecx=33DA3C0 Edx=104000 Edi=2 Esi=2E98000 Ebp=303E27C Esp=303E27C Eip=77C8C68D

ADDR: 77C8C6AC CODE: 740c jz 0x77c8c6ba
Eax=33DCAA0 Ebx=76D1B498 Ecx=33DA3C0 Edx=0 Edi=2 Esi=2 Ebp=303E27C Esp=303E278 Eip=77C8C6AC

ADDR: 77C8C6B4 CODE: 7404 jz 0x77c8c6ba
Eax=33DCAAC Ebx=76D1B498 Ecx=33DA3C0 Edx=0 Edi=2 Esi=2 Ebp=303E27C Esp=303E278 Eip=77C8C6B4

ADDR: 779000BD CODE: 791c jns 0x779000db
Eax=0 Ebx=76D1B498 Ecx=303E290 Edx=0 Edi=2 Esi=2E98000 Ebp=303E294 Esp=303E28C Eip=779000BD

ADDR: 77C4E69A CODE: 7315 jae 0x77c4e6b1
Eax=77BB5C1C Ebx=76D1B498 Ecx=77BB5C18 Edx=2E98000 Edi=76D935F0 Esi=7728C8DC Ebp=303E26C Esp=303E268 Eip=77C4E69A

ADDR: 77AD97A6 CODE: 0f8454720500 jz 0x77b30a00
Eax=303E2DC Ebx=7728C8DC Ecx=303E2C8 Edx=2E98000 Edi=76D935F0 Esi=7728C8DC Ebp=303E270 Esp=303E250 Eip=77AD97A6

ADDR: 77AD97D3 CODE: 7479 jz 0x77ad984e
Eax=303E2DC Ebx=33EE680 Ecx=14 Edx=19A06614 Edi=33EE280 Esi=33EE494 Ebp=303E270 Esp=303E250 Eip=77AD97D3

ADDR: 77C47B53 CODE: 746e jz 0x77c47bc3
Eax=FFFFFFFE Ebx=77BB5C18 Ecx=FFFFFFFF Edx=19A06614 Edi=77BB5C1C Esi=FFFFFFFE Ebp=303E268 Esp=303E254 Eip=77C47B53

ADDR: 77AD94A4 CODE: 7458 jz 0x77ad94fe
Eax=BEA71F01 Ebx=76D1B498 Ecx=14 Edx=19A06614 Edi=2 Esi=77915A70 Ebp=303E2AC Esp=303E294 Eip=77AD94A4

ADDR: 77C98DEB CODE: 730a jae 0x77c98df7
Eax=EF22B4E Ebx=76D1B498 Ecx=77915A70 Edx=404000 Edi=2 Esi=77915A70 Ebp=303E2AC Esp=303E288 Eip=77C98DEB

ADDR: 77C909B7 CODE: 747f jz 0x77c90a38
Eax=2 Ebx=2E98FB4 Ecx=77915A70 Edx=2E98FB4 Edi=2 Esi=77915A70 Ebp=303E260 Esp=303E254 Eip=77C909B7

ADDR: 77C909BE CODE: 7378 jae 0x77c90a38
Eax=2 Ebx=2E98FB4 Ecx=77915A70 Edx=2E98FB4 Edi=2 Esi=77915A70 Ebp=303E260 Esp=303E254 Eip=77C909BE

ADDR: 77915A83 CODE: 790d jns 0x77915a92
Eax=0 Ebx=76D1B498 Ecx=33DA3C8 Edx=0 Edi=2 Esi=77915A70 Ebp=303E284 Esp=303E284 Eip=77915A83

ADDR: 77AE2C46 CODE: 740a jz 0x77ae2c52
Eax=0 Ebx=76D1B498 Ecx=76D9361E Edx=0 Edi=76D93630 Esi=76D1B408 Ebp=303E360 Esp=303E354 Eip=77AE2C46

ADDR: 77C98DEB CODE: 730a jae 0x77c98df7
Eax=EDB26C6 Ebx=76D1B498 Ecx=76D93630 Edx=40404040 Edi=76D93630 Esi=76D1B408 Ebp=303E360 Esp=303E350 Eip=77C98DEB

ADDR: 77AD95B4 CODE: 7458 jz 0x77ad960e
Eax=BEA71F01 Ebx=76D1B498 Ecx=14 Edx=7728C8DC Edi=2 Esi=77915A70 Ebp=303E2B0 Esp=303E298 Eip=77AD95B4

ADDR: 77C98DEB CODE: 730a jae 0x77c98df7
Eax=EF22B4E Ebx=76D1B498 Ecx=77915A70 Edx=404000 Edi=2 Esi=77915A70 Ebp=303E2B0 Esp=303E28C Eip=77C98DEB

ADDR: 77C909B7 CODE: 747f jz 0x77c90a38
Eax=2 Ebx=2E98FB4 Ecx=77915A70 Edx=2E98FB4 Edi=2 Esi=77915A70 Ebp=303E264 Esp=303E258 Eip=77C909B7

ADDR: 77C909BE CODE: 7378 jae 0x77c90a38
Eax=2 Ebx=2E98FB4 Ecx=77915A70 Edx=2E98FB4 Edi=2 Esi=77915A70 Ebp=303E264 Esp=303E258 Eip=77C909BE

ADDR: 77915A83 CODE: 790d jns 0x77915a92
Eax=0 Ebx=76D1B498 Ecx=33DA3C8 Edx=0 Edi=2 Esi=77915A70 Ebp=303E288 Esp=303E288 Eip=77915A83

ADDR: 77AD90DC CODE: 7454 jz 0x77ad9132
Eax=13A71F14 Ebx=76D1B498 Ecx=14 Edx=0 Edi=2 Esi=779000A0 Ebp=303E2FC Esp=303E2A0 Eip=77AD90DC

ADDR: 77C98DEB CODE: 730a jae 0x77c98df7
Eax=EF20014 Ebx=76D1B498 Ecx=779000A0 Edx=104000 Edi=2 Esi=779000A0 Ebp=303E2FC Esp=303E298 Eip=77C98DEB

ADDR: 77C8C686 CODE: 743c jz 0x77c8c6c4
Eax=2 Ebx=76D1B498 Ecx=33DA3C0 Edx=104000 Edi=2 Esi=2E98000 Ebp=303E27C Esp=303E27C Eip=77C8C686

ADDR: 77C8C68D CODE: 7335 jae 0x77c8c6c4
Eax=2 Ebx=76D1B498 Ecx=33DA3C0 Edx=104000 Edi=2 Esi=2E98000 Ebp=303E27C Esp=303E27C Eip=77C8C68D

ADDR: 77C8C6AC CODE: 740c jz 0x77c8c6ba
Eax=33DCAA0 Ebx=76D1B498 Ecx=33DA3C0 Edx=0 Edi=2 Esi=2 Ebp=303E27C Esp=303E278 Eip=77C8C6AC

ADDR: 77C8C6B4 CODE: 7404 jz 0x77c8c6ba
Eax=33DCAAC Ebx=76D1B498 Ecx=33DA3C0 Edx=0 Edi=2 Esi=2 Ebp=303E27C Esp=303E278 Eip=77C8C6B4

ADDR: 779000BD CODE: 791c jns 0x779000db
Eax=0 Ebx=76D1B498 Ecx=303E290 Edx=0 Edi=2 Esi=2E98000 Ebp=303E294 Esp=303E28C Eip=779000BD

ADDR: 77C4E69A CODE: 7315 jae 0x77c4e6b1
Eax=77BB5C1C Ebx=76D1B498 Ecx=77BB5C18 Edx=2E98000 Edi=76D93630 Esi=7728C8DC Ebp=303E26C Esp=303E268 Eip=77C4E69A

ADDR: 77AD97A6 CODE: 0f8454720500 jz 0x77b30a00
Eax=303E2DC Ebx=7728C8DC Ecx=303E2C8 Edx=2E98000 Edi=76D93630 Esi=7728C8DC Ebp=303E270 Esp=303E250 Eip=77AD97A6

ADDR: 77AD97D3 CODE: 7479 jz 0x77ad984e
Eax=303E2DC Ebx=33EE680 Ecx=14 Edx=19A06614 Edi=33EE280 Esi=33EE498 Ebp=303E270 Esp=303E250 Eip=77AD97D3

ADDR: 77C47B53 CODE: 746e jz 0x77c47bc3
Eax=FFFFFFFE Ebx=77BB5C18 Ecx=FFFFFFFF Edx=19A06614 Edi=77BB5C1C Esi=FFFFFFFE Ebp=303E268 Esp=303E254 Eip=77C47B53

ADDR: 77AD94A4 CODE: 7458 jz 0x77ad94fe
Eax=BEA71F01 Ebx=76D1B498 Ecx=14 Edx=19A06614 Edi=2 Esi=77915A70 Ebp=303E2AC Esp=303E294 Eip=77AD94A4

ADDR: 77C98DEB CODE: 730a jae 0x77c98df7
Eax=EF22B4E Ebx=76D1B498 Ecx=77915A70 Edx=404000 Edi=2 Esi=77915A70 Ebp=303E2AC Esp=303E288 Eip=77C98DEB

ADDR: 77C909B7 CODE: 747f jz 0x77c90a38
Eax=2 Ebx=2E98FB4 Ecx=77915A70 Edx=2E98FB4 Edi=2 Esi=77915A70 Ebp=303E260 Esp=303E254 Eip=77C909B7

ADDR: 77C909BE CODE: 7378 jae 0x77c90a38
Eax=2 Ebx=2E98FB4 Ecx=77915A70 Edx=2E98FB4 Edi=2 Esi=77915A70 Ebp=303E260 Esp=303E254 Eip=77C909BE

ADDR: 77915A83 CODE: 790d jns 0x77915a92
Eax=0 Ebx=76D1B498 Ecx=33DA3C8 Edx=0 Edi=2 Esi=77915A70 Ebp=303E284 Esp=303E284 Eip=77915A83

ADDR: 77AE2C46 CODE: 740a jz 0x77ae2c52
Eax=0 Ebx=76D1B498 Ecx=76D9365E Edx=0 Edi=76D93670 Esi=76D1B40C Ebp=303E360 Esp=303E354 Eip=77AE2C46

ADDR: 77C98DEB CODE: 730a jae 0x77c98df7
Eax=EDB26CE Ebx=76D1B498 Ecx=76D93670 Edx=40404040 Edi=76D93670 Esi=76D1B40C Ebp=303E360 Esp=303E350 Eip=77C98DEB

ADDR: 77AD95B4 CODE: 7458 jz 0x77ad960e
Eax=BEA71F01 Ebx=76D1B498 Ecx=14 Edx=7728C8DC Edi=2 Esi=77915A70 Ebp=303E2B0 Esp=303E298 Eip=77AD95B4

ADDR: 77C98DEB CODE: 730a jae 0x77c98df7
Eax=EF22B4E Ebx=76D1B498 Ecx=77915A70 Edx=404000 Edi=2 Esi=77915A70 Ebp=303E2B0 Esp=303E28C Eip=77C98DEB

ADDR: 77C909B7 CODE: 747f jz 0x77c90a38
Eax=2 Ebx=2E98FB4 Ecx=77915A70 Edx=2E98FB4 Edi=2 Esi=77915A70 Ebp=303E264 Esp=303E258 Eip=77C909B7

ADDR: 77C909BE CODE: 7378 jae 0x77c90a38
Eax=2 Ebx=2E98FB4 Ecx=77915A70 Edx=2E98FB4 Edi=2 Esi=77915A70 Ebp=303E264 Esp=303E258 Eip=77C909BE

ADDR: 77915A83 CODE: 790d jns 0x77915a92
Eax=0 Ebx=76D1B498 Ecx=33DA3C8 Edx=0 Edi=2 Esi=77915A70 Ebp=303E288 Esp=303E288 Eip=77915A83

ADDR: 77AD90DC CODE: 7454 jz 0x77ad9132
Eax=13A71F14 Ebx=76D1B498 Ecx=14 Edx=0 Edi=2 Esi=779000A0 Ebp=303E2FC Esp=303E2A0 Eip=77AD90DC

ADDR: 77C98DEB CODE: 730a jae 0x77c98df7
Eax=EF20014 Ebx=76D1B498 Ecx=779000A0 Edx=104000 Edi=2 Esi=779000A0 Ebp=303E2FC Esp=303E298 Eip=77C98DEB

ADDR: 77C8C686 CODE: 743c jz 0x77c8c6c4
Eax=2 Ebx=76D1B498 Ecx=33DA3C0 Edx=104000 Edi=2 Esi=2E98000 Ebp=303E27C Esp=303E27C Eip=77C8C686

ADDR: 77C8C68D CODE: 7335 jae 0x77c8c6c4
Eax=2 Ebx=76D1B498 Ecx=33DA3C0 Edx=104000 Edi=2 Esi=2E98000 Ebp=303E27C Esp=303E27C Eip=77C8C68D

ADDR: 77C8C6AC CODE: 740c jz 0x77c8c6ba
Eax=33DCAA0 Ebx=76D1B498 Ecx=33DA3C0 Edx=0 Edi=2 Esi=2 Ebp=303E27C Esp=303E278 Eip=77C8C6AC

ADDR: 77C8C6B4 CODE: 7404 jz 0x77c8c6ba
Eax=33DCAAC Ebx=76D1B498 Ecx=33DA3C0 Edx=0 Edi=2 Esi=2 Ebp=303E27C Esp=303E278 Eip=77C8C6B4

ADDR: 779000BD CODE: 791c jns 0x779000db
Eax=0 Ebx=76D1B498 Ecx=303E290 Edx=0 Edi=2 Esi=2E98000 Ebp=303E294 Esp=303E28C Eip=779000BD

ADDR: 77C4E69A CODE: 7315 jae 0x77c4e6b1
Eax=77BB5C1C Ebx=76D1B498 Ecx=77BB5C18 Edx=2E98000 Edi=76D93670 Esi=7728C8DC Ebp=303E26C Esp=303E268 Eip=77C4E69A

ADDR: 77AD97A6 CODE: 0f8454720500 jz 0x77b30a00
Eax=303E2DC Ebx=7728C8DC Ecx=303E2C8 Edx=2E98000 Edi=76D93670 Esi=7728C8DC Ebp=303E270 Esp=303E250 Eip=77AD97A6

ADDR: 77AD97D3 CODE: 7479 jz 0x77ad984e
Eax=303E2DC Ebx=33EE680 Ecx=14 Edx=19A06614 Edi=33EE280 Esi=33EE49C Ebp=303E270 Esp=303E250 Eip=77AD97D3

ADDR: 77C47B53 CODE: 746e jz 0x77c47bc3
Eax=FFFFFFFE Ebx=77BB5C18 Ecx=FFFFFFFF Edx=19A06614 Edi=77BB5C1C Esi=FFFFFFFE Ebp=303E268 Esp=303E254 Eip=77C47B53

ADDR: 77AD94A4 CODE: 7458 jz 0x77ad94fe
Eax=BEA71F01 Ebx=76D1B498 Ecx=14 Edx=19A06614 Edi=2 Esi=77915A70 Ebp=303E2AC Esp=303E294 Eip=77AD94A4

ADDR: 77C98DEB CODE: 730a jae 0x77c98df7
Eax=EF22B4E Ebx=76D1B498 Ecx=77915A70 Edx=404000 Edi=2 Esi=77915A70 Ebp=303E2AC Esp=303E288 Eip=77C98DEB

ADDR: 77C909B7 CODE: 747f jz 0x77c90a38
Eax=2 Ebx=2E98FB4 Ecx=77915A70 Edx=2E98FB4 Edi=2 Esi=77915A70 Ebp=303E260 Esp=303E254 Eip=77C909B7

ADDR: 77C909BE CODE: 7378 jae 0x77c90a38
Eax=2 Ebx=2E98FB4 Ecx=77915A70 Edx=2E98FB4 Edi=2 Esi=77915A70 Ebp=303E260 Esp=303E254 Eip=77C909BE

ADDR: 77915A83 CODE: 790d jns 0x77915a92
Eax=0 Ebx=76D1B498 Ecx=33DA3C8 Edx=0 Edi=2 Esi=77915A70 Ebp=303E284 Esp=303E284 Eip=77915A83

ADDR: 77AE2C46 CODE: 740a jz 0x77ae2c52
Eax=0 Ebx=76D1B498 Ecx=76D9369E Edx=0 Edi=76D936B0 Esi=76D1B410 Ebp=303E360 Esp=303E354 Eip=77AE2C46

ADDR: 77C98DEB CODE: 730a jae 0x77c98df7
Eax=EDB26D6 Ebx=76D1B498 Ecx=76D936B0 Edx=40404040 Edi=76D936B0 Esi=76D1B410 Ebp=303E360 Esp=303E350 Eip=77C98DEB

ADDR: 77AD95B4 CODE: 7458 jz 0x77ad960e
Eax=BEA71F01 Ebx=76D1B498 Ecx=14 Edx=7728C8DC Edi=2 Esi=77915A70 Ebp=303E2B0 Esp=303E298 Eip=77AD95B4

ADDR: 77C98DEB CODE: 730a jae 0x77c98df7
Eax=EF22B4E Ebx=76D1B498 Ecx=77915A70 Edx=404000 Edi=2 Esi=77915A70 Ebp=303E2B0 Esp=303E28C Eip=77C98DEB

ADDR: 77C909B7 CODE: 747f jz 0x77c90a38
Eax=2 Ebx=2E98FB4 Ecx=77915A70 Edx=2E98FB4 Edi=2 Esi=77915A70 Ebp=303E264 Esp=303E258 Eip=77C909B7

ADDR: 77C909BE CODE: 7378 jae 0x77c90a38
Eax=2 Ebx=2E98FB4 Ecx=77915A70 Edx=2E98FB4 Edi=2 Esi=77915A70 Ebp=303E264 Esp=303E258 Eip=77C909BE

ADDR: 77915A83 CODE: 790d jns 0x77915a92
Eax=0 Ebx=76D1B498 Ecx=33DA3C8 Edx=0 Edi=2 Esi=77915A70 Ebp=303E288 Esp=303E288 Eip=77915A83

ADDR: 77AD90DC CODE: 7454 jz 0x77ad9132
Eax=13A71F14 Ebx=76D1B498 Ecx=14 Edx=0 Edi=2 Esi=779000A0 Ebp=303E2FC Esp=303E2A0 Eip=77AD90DC

ADDR: 77C98DEB CODE: 730a jae 0x77c98df7
Eax=EF20014 Ebx=76D1B498 Ecx=779000A0 Edx=104000 Edi=2 Esi=779000A0 Ebp=303E2FC Esp=303E298 Eip=77C98DEB

ADDR: 77C8C686 CODE: 743c jz 0x77c8c6c4
Eax=2 Ebx=76D1B498 Ecx=33DA3C0 Edx=104000 Edi=2 Esi=2E98000 Ebp=303E27C Esp=303E27C Eip=77C8C686

ADDR: 77C8C68D CODE: 7335 jae 0x77c8c6c4
Eax=2 Ebx=76D1B498 Ecx=33DA3C0 Edx=104000 Edi=2 Esi=2E98000 Ebp=303E27C Esp=303E27C Eip=77C8C68D

ADDR: 77C8C6AC CODE: 740c jz 0x77c8c6ba
Eax=33DCAA0 Ebx=76D1B498 Ecx=33DA3C0 Edx=0 Edi=2 Esi=2 Ebp=303E27C Esp=303E278 Eip=77C8C6AC

ADDR: 77C8C6B4 CODE: 7404 jz 0x77c8c6ba
Eax=33DCAAC Ebx=76D1B498 Ecx=33DA3C0 Edx=0 Edi=2 Esi=2 Ebp=303E27C Esp=303E278 Eip=77C8C6B4

ADDR: 779000BD CODE: 791c jns 0x779000db
Eax=0 Ebx=76D1B498 Ecx=303E290 Edx=0 Edi=2 Esi=2E98000 Ebp=303E294 Esp=303E28C Eip=779000BD

ADDR: 77C4E69A CODE: 7315 jae 0x77c4e6b1
Eax=77BB5C1C Ebx=76D1B498 Ecx=77BB5C18 Edx=2E98000 Edi=76D936B0 Esi=7728C8DC Ebp=303E26C Esp=303E268 Eip=77C4E69A

ADDR: 77AD97A6 CODE: 0f8454720500 jz 0x77b30a00
Eax=303E2DC Ebx=7728C8DC Ecx=303E2C8 Edx=2E98000 Edi=76D936B0 Esi=7728C8DC Ebp=303E270 Esp=303E250 Eip=77AD97A6

ADDR: 77AD97D3 CODE: 7479 jz 0x77ad984e
Eax=303E2DC Ebx=33EE680 Ecx=14 Edx=19A06614 Edi=33EE280 Esi=33EE4A0 Ebp=303E270 Esp=303E250 Eip=77AD97D3

ADDR: 77C47B53 CODE: 746e jz 0x77c47bc3
Eax=FFFFFFFE Ebx=77BB5C18 Ecx=FFFFFFFF Edx=19A06614 Edi=77BB5C1C Esi=FFFFFFFE Ebp=303E268 Esp=303E254 Eip=77C47B53

ADDR: 77AD94A4 CODE: 7458 jz 0x77ad94fe
Eax=BEA71F01 Ebx=76D1B498 Ecx=14 Edx=19A06614 Edi=2 Esi=77915A70 Ebp=303E2AC Esp=303E294 Eip=77AD94A4

ADDR: 77C98DEB CODE: 730a jae 0x77c98df7
Eax=EF22B4E Ebx=76D1B498 Ecx=77915A70 Edx=404000 Edi=2 Esi=77915A70 Ebp=303E2AC Esp=303E288 Eip=77C98DEB

ADDR: 77C909B7 CODE: 747f jz 0x77c90a38
Eax=2 Ebx=2E98FB4 Ecx=77915A70 Edx=2E98FB4 Edi=2 Esi=77915A70 Ebp=303E260 Esp=303E254 Eip=77C909B7

ADDR: 77C909BE CODE: 7378 jae 0x77c90a38
Eax=2 Ebx=2E98FB4 Ecx=77915A70 Edx=2E98FB4 Edi=2 Esi=77915A70 Ebp=303E260 Esp=303E254 Eip=77C909BE

ADDR: 77915A83 CODE: 790d jns 0x77915a92
Eax=0 Ebx=76D1B498 Ecx=33DA3C8 Edx=0 Edi=2 Esi=77915A70 Ebp=303E284 Esp=303E284 Eip=77915A83

ADDR: 77AE2C46 CODE: 740a jz 0x77ae2c52
Eax=0 Ebx=76D1B498 Ecx=76D936DE Edx=0 Edi=76D936F0 Esi=76D1B414 Ebp=303E360 Esp=303E354 Eip=77AE2C46

ADDR: 77C98DEB CODE: 730a jae 0x77c98df7
Eax=EDB26DE Ebx=76D1B498 Ecx=76D936F0 Edx=40404040 Edi=76D936F0 Esi=76D1B414 Ebp=303E360 Esp=303E350 Eip=77C98DEB

ADDR: 77AD95B4 CODE: 7458 jz 0x77ad960e
Eax=BEA71F01 Ebx=76D1B498 Ecx=14 Edx=7728C8DC Edi=2 Esi=77915A70 Ebp=303E2B0 Esp=303E298 Eip=77AD95B4

ADDR: 77C98DEB CODE: 730a jae 0x77c98df7
Eax=EF22B4E Ebx=76D1B498 Ecx=77915A70 Edx=404000 Edi=2 Esi=77915A70 Ebp=303E2B0 Esp=303E28C Eip=77C98DEB

ADDR: 77C909B7 CODE: 747f jz 0x77c90a38
Eax=2 Ebx=2E98FB4 Ecx=77915A70 Edx=2E98FB4 Edi=2 Esi=77915A70 Ebp=303E264 Esp=303E258 Eip=77C909B7

ADDR: 77C909BE CODE: 7378 jae 0x77c90a38
Eax=2 Ebx=2E98FB4 Ecx=77915A70 Edx=2E98FB4 Edi=2 Esi=77915A70 Ebp=303E264 Esp=303E258 Eip=77C909BE

ADDR: 77915A83 CODE: 790d jns 0x77915a92
Eax=0 Ebx=76D1B498 Ecx=33DA3C8 Edx=0 Edi=2 Esi=77915A70 Ebp=303E288 Esp=303E288 Eip=77915A83

ADDR: 77AD90DC CODE: 7454 jz 0x77ad9132
Eax=13A71F14 Ebx=76D1B498 Ecx=14 Edx=0 Edi=2 Esi=779000A0 Ebp=303E2FC Esp=303E2A0 Eip=77AD90DC

ADDR: 77C98DEB CODE: 730a jae 0x77c98df7
Eax=EF20014 Ebx=76D1B498 Ecx=779000A0 Edx=104000 Edi=2 Esi=779000A0 Ebp=303E2FC Esp=303E298 Eip=77C98DEB

ADDR: 77C8C686 CODE: 743c jz 0x77c8c6c4
Eax=2 Ebx=76D1B498 Ecx=33DA3C0 Edx=104000 Edi=2 Esi=2E98000 Ebp=303E27C Esp=303E27C Eip=77C8C686

ADDR: 77C8C68D CODE: 7335 jae 0x77c8c6c4
Eax=2 Ebx=76D1B498 Ecx=33DA3C0 Edx=104000 Edi=2 Esi=2E98000 Ebp=303E27C Esp=303E27C Eip=77C8C68D

ADDR: 77C8C6AC CODE: 740c jz 0x77c8c6ba
Eax=33DCAA0 Ebx=76D1B498 Ecx=33DA3C0 Edx=0 Edi=2 Esi=2 Ebp=303E27C Esp=303E278 Eip=77C8C6AC

ADDR: 77C8C6B4 CODE: 7404 jz 0x77c8c6ba
Eax=33DCAAC Ebx=76D1B498 Ecx=33DA3C0 Edx=0 Edi=2 Esi=2 Ebp=303E27C Esp=303E278 Eip=77C8C6B4

ADDR: 779000BD CODE: 791c jns 0x779000db
Eax=0 Ebx=76D1B498 Ecx=303E290 Edx=0 Edi=2 Esi=2E98000 Ebp=303E294 Esp=303E28C Eip=779000BD

ADDR: 77C4E69A CODE: 7315 jae 0x77c4e6b1
Eax=77BB5C1C Ebx=76D1B498 Ecx=77BB5C18 Edx=2E98000 Edi=76D936F0 Esi=7728C8DC Ebp=303E26C Esp=303E268 Eip=77C4E69A

ADDR: 77AD97A6 CODE: 0f8454720500 jz 0x77b30a00
Eax=303E2DC Ebx=7728C8DC Ecx=303E2C8 Edx=2E98000 Edi=76D936F0 Esi=7728C8DC Ebp=303E270 Esp=303E250 Eip=77AD97A6

ADDR: 77AD97D3 CODE: 7479 jz 0x77ad984e
Eax=303E2DC Ebx=33EE680 Ecx=14 Edx=19A06614 Edi=33EE280 Esi=33EE4A4 Ebp=303E270 Esp=303E250 Eip=77AD97D3

ADDR: 77C47B53 CODE: 746e jz 0x77c47bc3
Eax=FFFFFFFE Ebx=77BB5C18 Ecx=FFFFFFFF Edx=19A06614 Edi=77BB5C1C Esi=FFFFFFFE Ebp=303E268 Esp=303E254 Eip=77C47B53

ADDR: 77AD94A4 CODE: 7458 jz 0x77ad94fe
Eax=BEA71F01 Ebx=76D1B498 Ecx=14 Edx=19A06614 Edi=2 Esi=77915A70 Ebp=303E2AC Esp=303E294 Eip=77AD94A4

ADDR: 77C98DEB CODE: 730a jae 0x77c98df7
Eax=EF22B4E Ebx=76D1B498 Ecx=77915A70 Edx=404000 Edi=2 Esi=77915A70 Ebp=303E2AC Esp=303E288 Eip=77C98DEB

ADDR: 77C909B7 CODE: 747f jz 0x77c90a38
Eax=2 Ebx=2E98FB4 Ecx=77915A70 Edx=2E98FB4 Edi=2 Esi=77915A70 Ebp=303E260 Esp=303E254 Eip=77C909B7

ADDR: 77C909BE CODE: 7378 jae 0x77c90a38
Eax=2 Ebx=2E98FB4 Ecx=77915A70 Edx=2E98FB4 Edi=2 Esi=77915A70 Ebp=303E260 Esp=303E254 Eip=77C909BE

ADDR: 77915A83 CODE: 790d jns 0x77915a92
Eax=0 Ebx=76D1B498 Ecx=33DA3C8 Edx=0 Edi=2 Esi=77915A70 Ebp=303E284 Esp=303E284 Eip=77915A83

ADDR: 77AE2C46 CODE: 740a jz 0x77ae2c52
Eax=0 Ebx=76D1B498 Ecx=76D9371E Edx=0 Edi=76D93730 Esi=76D1B418 Ebp=303E360 Esp=303E354 Eip=77AE2C46

ADDR: 77C98DEB CODE: 730a jae 0x77c98df7
Eax=EDB26E6 Ebx=76D1B498 Ecx=76D93730 Edx=10444040 Edi=76D93730 Esi=76D1B418 Ebp=303E360 Esp=303E350 Eip=77C98DEB

ADDR: 77AD95B4 CODE: 7458 jz 0x77ad960e
Eax=BEA71F01 Ebx=76D1B498 Ecx=14 Edx=7728C8DC Edi=2 Esi=77915A70 Ebp=303E2B0 Esp=303E298 Eip=77AD95B4

ADDR: 77C98DEB CODE: 730a jae 0x77c98df7
Eax=EF22B4E Ebx=76D1B498 Ecx=77915A70 Edx=404000 Edi=2 Esi=77915A70 Ebp=303E2B0 Esp=303E28C Eip=77C98DEB

ADDR: 77C909B7 CODE: 747f jz 0x77c90a38
Eax=2 Ebx=2E98FB4 Ecx=77915A70 Edx=2E98FB4 Edi=2 Esi=77915A70 Ebp=303E264 Esp=303E258 Eip=77C909B7

ADDR: 77C909BE CODE: 7378 jae 0x77c90a38
Eax=2 Ebx=2E98FB4 Ecx=77915A70 Edx=2E98FB4 Edi=2 Esi=77915A70 Ebp=303E264 Esp=303E258 Eip=77C909BE

ADDR: 77915A83 CODE: 790d jns 0x77915a92
Eax=0 Ebx=76D1B498 Ecx=33DA3C8 Edx=0 Edi=2 Esi=77915A70 Ebp=303E288 Esp=303E288 Eip=77915A83

ADDR: 77AD90DC CODE: 7454 jz 0x77ad9132
Eax=13A71F14 Ebx=76D1B498 Ecx=14 Edx=0 Edi=2 Esi=779000A0 Ebp=303E2FC Esp=303E2A0 Eip=77AD90DC

ADDR: 77C98DEB CODE: 730a jae 0x77c98df7
Eax=EF20014 Ebx=76D1B498 Ecx=779000A0 Edx=104000 Edi=2 Esi=779000A0 Ebp=303E2FC Esp=303E298 Eip=77C98DEB

ADDR: 77C8C686 CODE: 743c jz 0x77c8c6c4
Eax=2 Ebx=76D1B498 Ecx=33DA3C0 Edx=104000 Edi=2 Esi=2E98000 Ebp=303E27C Esp=303E27C Eip=77C8C686

ADDR: 77C8C68D CODE: 7335 jae 0x77c8c6c4
Eax=2 Ebx=76D1B498 Ecx=33DA3C0 Edx=104000 Edi=2 Esi=2E98000 Ebp=303E27C Esp=303E27C Eip=77C8C68D

ADDR: 77C8C6AC CODE: 740c jz 0x77c8c6ba
Eax=33DCAA0 Ebx=76D1B498 Ecx=33DA3C0 Edx=0 Edi=2 Esi=2 Ebp=303E27C Esp=303E278 Eip=77C8C6AC

ADDR: 77C8C6B4 CODE: 7404 jz 0x77c8c6ba
Eax=33DCAAC Ebx=76D1B498 Ecx=33DA3C0 Edx=0 Edi=2 Esi=2 Ebp=303E27C Esp=303E278 Eip=77C8C6B4

ADDR: 779000BD CODE: 791c jns 0x779000db
Eax=0 Ebx=76D1B498 Ecx=303E290 Edx=0 Edi=2 Esi=2E98000 Ebp=303E294 Esp=303E28C Eip=779000BD

ADDR: 77C4E69A CODE: 7315 jae 0x77c4e6b1
Eax=77BB5C1C Ebx=76D1B498 Ecx=77BB5C18 Edx=2E98000 Edi=76D93730 Esi=7728C8DC Ebp=303E26C Esp=303E268 Eip=77C4E69A

ADDR: 77AD97A6 CODE: 0f8454720500 jz 0x77b30a00
Eax=303E2DC Ebx=7728C8DC Ecx=303E2C8 Edx=2E98000 Edi=76D93730 Esi=7728C8DC Ebp=303E270 Esp=303E250 Eip=77AD97A6

ADDR: 77AD97D3 CODE: 7479 jz 0x77ad984e
Eax=303E2DC Ebx=33EE680 Ecx=14 Edx=19A06614 Edi=33EE280 Esi=33EE4A8 Ebp=303E270 Esp=303E250 Eip=77AD97D3

ADDR: 77C47B53 CODE: 746e jz 0x77c47bc3
Eax=FFFFFFFE Ebx=77BB5C18 Ecx=FFFFFFFF Edx=19A06614 Edi=77BB5C1C Esi=FFFFFFFE Ebp=303E268 Esp=303E254 Eip=77C47B53

ADDR: 77AD94A4 CODE: 7458 jz 0x77ad94fe
Eax=BEA71F01 Ebx=76D1B498 Ecx=14 Edx=19A06614 Edi=2 Esi=77915A70 Ebp=303E2AC Esp=303E294 Eip=77AD94A4

ADDR: 77C98DEB CODE: 730a jae 0x77c98df7
Eax=EF22B4E Ebx=76D1B498 Ecx=77915A70 Edx=404000 Edi=2 Esi=77915A70 Ebp=303E2AC Esp=303E288 Eip=77C98DEB

ADDR: 77C909B7 CODE: 747f jz 0x77c90a38
Eax=2 Ebx=2E98FB4 Ecx=77915A70 Edx=2E98FB4 Edi=2 Esi=77915A70 Ebp=303E260 Esp=303E254 Eip=77C909B7

ADDR: 77C909BE CODE: 7378 jae 0x77c90a38
Eax=2 Ebx=2E98FB4 Ecx=77915A70 Edx=2E98FB4 Edi=2 Esi=77915A70 Ebp=303E260 Esp=303E254 Eip=77C909BE

ADDR: 77915A83 CODE: 790d jns 0x77915a92
Eax=0 Ebx=76D1B498 Ecx=33DA3C8 Edx=0 Edi=2 Esi=77915A70 Ebp=303E284 Esp=303E284 Eip=77915A83

ADDR: 77AE2C46 CODE: 740a jz 0x77ae2c52
Eax=0 Ebx=76D1B498 Ecx=76D9375E Edx=0 Edi=76D93770 Esi=76D1B41C Ebp=303E360 Esp=303E354 Eip=77AE2C46

ADDR: 77C98DEB CODE: 730a jae 0x77c98df7
Eax=EDB26EE Ebx=76D1B498 Ecx=76D93770 Edx=10444040 Edi=76D93770 Esi=76D1B41C Ebp=303E360 Esp=303E350 Eip=77C98DEB

ADDR: 77AD95B4 CODE: 7458 jz 0x77ad960e
Eax=BEA71F01 Ebx=76D1B498 Ecx=14 Edx=7728C8DC Edi=2 Esi=77915A70 Ebp=303E2D0 Esp=303E2B8 Eip=77AD95B4

ADDR: 77C98DEB CODE: 730a jae 0x77c98df7
Eax=EF22B4E Ebx=76D1B498 Ecx=77915A70 Edx=404000 Edi=2 Esi=77915A70 Ebp=303E2D0 Esp=303E2AC Eip=77C98DEB

ADDR: 77C909B7 CODE: 747f jz 0x77c90a38
Eax=2 Ebx=2E98FB4 Ecx=77915A70 Edx=2E98FB4 Edi=2 Esi=77915A70 Ebp=303E284 Esp=303E278 Eip=77C909B7

ADDR: 77C909BE CODE: 7378 jae 0x77c90a38
Eax=2 Ebx=2E98FB4 Ecx=77915A70 Edx=2E98FB4 Edi=2 Esi=77915A70 Ebp=303E284 Esp=303E278 Eip=77C909BE

ADDR: 77915A83 CODE: 790d jns 0x77915a92
Eax=0 Ebx=76D1B498 Ecx=33DA3C8 Edx=0 Edi=2 Esi=77915A70 Ebp=303E2A8 Esp=303E2A8 Eip=77915A83

ADDR: 77AD90DC CODE: 7454 jz 0x77ad9132
Eax=13A71F14 Ebx=76D1B498 Ecx=14 Edx=0 Edi=2 Esi=779000A0 Ebp=303E31C Esp=303E2C0 Eip=77AD90DC

ADDR: 77C98DEB CODE: 730a jae 0x77c98df7
Eax=EF20014 Ebx=76D1B498 Ecx=779000A0 Edx=104000 Edi=2 Esi=779000A0 Ebp=303E31C Esp=303E2B8 Eip=77C98DEB

ADDR: 77C8C686 CODE: 743c jz 0x77c8c6c4
Eax=2 Ebx=76D1B498 Ecx=33DA3C0 Edx=104000 Edi=2 Esi=2E98000 Ebp=303E29C Esp=303E29C Eip=77C8C686

ADDR: 77C8C68D CODE: 7335 jae 0x77c8c6c4
Eax=2 Ebx=76D1B498 Ecx=33DA3C0 Edx=104000 Edi=2 Esi=2E98000 Ebp=303E29C Esp=303E29C Eip=77C8C68D

ADDR: 77C8C6AC CODE: 740c jz 0x77c8c6ba
Eax=33DCAA0 Ebx=76D1B498 Ecx=33DA3C0 Edx=0 Edi=2 Esi=2 Ebp=303E29C Esp=303E298 Eip=77C8C6AC

ADDR: 77C8C6B4 CODE: 7404 jz 0x77c8c6ba
Eax=33DCAAC Ebx=76D1B498 Ecx=33DA3C0 Edx=0 Edi=2 Esi=2 Ebp=303E29C Esp=303E298 Eip=77C8C6B4

ADDR: 779000BD CODE: 791c jns 0x779000db
Eax=0 Ebx=76D1B498 Ecx=303E2B0 Edx=0 Edi=2 Esi=2E98000 Ebp=303E2B4 Esp=303E2AC Eip=779000BD

ADDR: 77C4E69A CODE: 7315 jae 0x77c4e6b1
Eax=77BB5C1C Ebx=76D1B498 Ecx=77BB5C18 Edx=2E98000 Edi=76D93770 Esi=7728C8DC Ebp=303E28C Esp=303E288 Eip=77C4E69A

ADDR: 77AD97A6 CODE: 0f8454720500 jz 0x77b30a00
Eax=303E2FC Ebx=7728C8DC Ecx=303E2E8 Edx=2E98000 Edi=76D93770 Esi=7728C8DC Ebp=303E290 Esp=303E270 Eip=77AD97A6

ADDR: 77AD97D3 CODE: 7479 jz 0x77ad984e
Eax=303E2FC Ebx=33EE680 Ecx=14 Edx=19A06614 Edi=33EE280 Esi=33EE4AC Ebp=303E290 Esp=303E270 Eip=77AD97D3

ADDR: 77C47B53 CODE: 746e jz 0x77c47bc3
Eax=FFFFFFFE Ebx=77BB5C18 Ecx=FFFFFFFF Edx=19A06614 Edi=77BB5C1C Esi=FFFFFFFE Ebp=303E288 Esp=303E274 Eip=77C47B53

ADDR: 77AD94A4 CODE: 7458 jz 0x77ad94fe
Eax=BEA71F01 Ebx=76D1B498 Ecx=14 Edx=19A06614 Edi=2 Esi=77915A70 Ebp=303E2CC Esp=303E2B4 Eip=77AD94A4

ADDR: 77C98DEB CODE: 730a jae 0x77c98df7
Eax=EF22B4E Ebx=76D1B498 Ecx=77915A70 Edx=404000 Edi=2 Esi=77915A70 Ebp=303E2CC Esp=303E2A8 Eip=77C98DEB

ADDR: 77C909B7 CODE: 747f jz 0x77c90a38
Eax=2 Ebx=2E98FB4 Ecx=77915A70 Edx=2E98FB4 Edi=2 Esi=77915A70 Ebp=303E280 Esp=303E274 Eip=77C909B7

ADDR: 77C909BE CODE: 7378 jae 0x77c90a38
Eax=2 Ebx=2E98FB4 Ecx=77915A70 Edx=2E98FB4 Edi=2 Esi=77915A70 Ebp=303E280 Esp=303E274 Eip=77C909BE

ADDR: 77915A83 CODE: 790d jns 0x77915a92
Eax=0 Ebx=76D1B498 Ecx=33DA3C8 Edx=0 Edi=2 Esi=77915A70 Ebp=303E2A4 Esp=303E2A4 Eip=77915A83

ADDR: 77AE2C46 CODE: 740a jz 0x77ae2c52
Eax=0 Ebx=76D1B498 Ecx=76F1EC40 Edx=0 Edi=76D93790 Esi=76D1B420 Ebp=303E360 Esp=303E354 Eip=77AE2C46

ADDR: 77C98DEB CODE: 730a jae 0x77c98df7
Eax=EDB26F2 Ebx=76D1B498 Ecx=76D93790 Edx=10444040 Edi=76D93790 Esi=76D1B420 Ebp=303E360 Esp=303E350 Eip=77C98DEB

ADDR: 77AD95B4 CODE: 7458 jz 0x77ad960e
Eax=BEA71F01 Ebx=76D1B498 Ecx=14 Edx=7728C8DC Edi=2 Esi=77915A70 Ebp=303E2D0 Esp=303E2B8 Eip=77AD95B4

ADDR: 77C98DEB CODE: 730a jae 0x77c98df7
Eax=EF22B4E Ebx=76D1B498 Ecx=77915A70 Edx=404000 Edi=2 Esi=77915A70 Ebp=303E2D0 Esp=303E2AC Eip=77C98DEB

ADDR: 77C909B7 CODE: 747f jz 0x77c90a38
Eax=2 Ebx=2E98FB4 Ecx=77915A70 Edx=2E98FB4 Edi=2 Esi=77915A70 Ebp=303E284 Esp=303E278 Eip=77C909B7

ADDR: 77C909BE CODE: 7378 jae 0x77c90a38
Eax=2 Ebx=2E98FB4 Ecx=77915A70 Edx=2E98FB4 Edi=2 Esi=77915A70 Ebp=303E284 Esp=303E278 Eip=77C909BE

ADDR: 77915A83 CODE: 790d jns 0x77915a92
Eax=0 Ebx=76D1B498 Ecx=33DA3C8 Edx=0 Edi=2 Esi=77915A70 Ebp=303E2A8 Esp=303E2A8 Eip=77915A83

ADDR: 77AD90DC CODE: 7454 jz 0x77ad9132
Eax=13A71F14 Ebx=76D1B498 Ecx=14 Edx=0 Edi=2 Esi=779000A0 Ebp=303E31C Esp=303E2C0 Eip=77AD90DC

ADDR: 77C98DEB CODE: 730a jae 0x77c98df7
Eax=EF20014 Ebx=76D1B498 Ecx=779000A0 Edx=104000 Edi=2 Esi=779000A0 Ebp=303E31C Esp=303E2B8 Eip=77C98DEB

ADDR: 77C8C686 CODE: 743c jz 0x77c8c6c4
Eax=2 Ebx=76D1B498 Ecx=33DA3C0 Edx=104000 Edi=2 Esi=2E98000 Ebp=303E29C Esp=303E29C Eip=77C8C686

ADDR: 77C8C68D CODE: 7335 jae 0x77c8c6c4
Eax=2 Ebx=76D1B498 Ecx=33DA3C0 Edx=104000 Edi=2 Esi=2E98000 Ebp=303E29C Esp=303E29C Eip=77C8C68D

ADDR: 77C8C6AC CODE: 740c jz 0x77c8c6ba
Eax=33DCAA0 Ebx=76D1B498 Ecx=33DA3C0 Edx=0 Edi=2 Esi=2 Ebp=303E29C Esp=303E298 Eip=77C8C6AC

ADDR: 77C8C6B4 CODE: 7404 jz 0x77c8c6ba
Eax=33DCAAC Ebx=76D1B498 Ecx=33DA3C0 Edx=0 Edi=2 Esi=2 Ebp=303E29C Esp=303E298 Eip=77C8C6B4

ADDR: 779000BD CODE: 791c jns 0x779000db
Eax=0 Ebx=76D1B498 Ecx=303E2B0 Edx=0 Edi=2 Esi=2E98000 Ebp=303E2B4 Esp=303E2AC Eip=779000BD

ADDR: 77C4E69A CODE: 7315 jae 0x77c4e6b1
Eax=77BB5C1C Ebx=76D1B498 Ecx=77BB5C18 Edx=2E98000 Edi=76D93790 Esi=7728C8DC Ebp=303E28C Esp=303E288 Eip=77C4E69A

ADDR: 77AD97A6 CODE: 0f8454720500 jz 0x77b30a00
Eax=303E2FC Ebx=7728C8DC Ecx=303E2E8 Edx=2E98000 Edi=76D93790 Esi=7728C8DC Ebp=303E290 Esp=303E270 Eip=77AD97A6

ADDR: 77AD97D3 CODE: 7479 jz 0x77ad984e
Eax=303E2FC Ebx=33EE680 Ecx=14 Edx=19A06614 Edi=33EE280 Esi=33EE4B0 Ebp=303E290 Esp=303E270 Eip=77AD97D3

ADDR: 77C47B53 CODE: 746e jz 0x77c47bc3
Eax=FFFFFFFE Ebx=77BB5C18 Ecx=FFFFFFFF Edx=19A06614 Edi=77BB5C1C Esi=FFFFFFFE Ebp=303E288 Esp=303E274 Eip=77C47B53

ADDR: 77AD94A4 CODE: 7458 jz 0x77ad94fe
Eax=BEA71F01 Ebx=76D1B498 Ecx=14 Edx=19A06614 Edi=2 Esi=77915A70 Ebp=303E2CC Esp=303E2B4 Eip=77AD94A4

ADDR: 77C98DEB CODE: 730a jae 0x77c98df7
Eax=EF22B4E Ebx=76D1B498 Ecx=77915A70 Edx=404000 Edi=2 Esi=77915A70 Ebp=303E2CC Esp=303E2A8 Eip=77C98DEB

ADDR: 77C909B7 CODE: 747f jz 0x77c90a38
Eax=2 Ebx=2E98FB4 Ecx=77915A70 Edx=2E98FB4 Edi=2 Esi=77915A70 Ebp=303E280 Esp=303E274 Eip=77C909B7

ADDR: 77C909BE CODE: 7378 jae 0x77c90a38
Eax=2 Ebx=2E98FB4 Ecx=77915A70 Edx=2E98FB4 Edi=2 Esi=77915A70 Ebp=303E280 Esp=303E274 Eip=77C909BE

ADDR: 77915A83 CODE: 790d jns 0x77915a92
Eax=0 Ebx=76D1B498 Ecx=33DA3C8 Edx=0 Edi=2 Esi=77915A70 Ebp=303E2A4 Esp=303E2A4 Eip=77915A83

ADDR: 77AE2C46 CODE: 740a jz 0x77ae2c52
Eax=0 Ebx=76D1B498 Ecx=76F1EC50 Edx=0 Edi=76D937B0 Esi=76D1B424 Ebp=303E360 Esp=303E354 Eip=77AE2C46

ADDR: 77C98DEB CODE: 730a jae 0x77c98df7
Eax=EDB26F6 Ebx=76D1B498 Ecx=76D937B0 Edx=10444040 Edi=76D937B0 Esi=76D1B424 Ebp=303E360 Esp=303E350 Eip=77C98DEB

ADDR: 77AE2C46 CODE: 740a jz 0x77ae2c52
Eax=EDB26F6 Ebx=76D1B498 Ecx=76D937B0 Edx=10444040 Edi=76D937E0 Esi=76D1B428 Ebp=303E360 Esp=303E354 Eip=77AE2C46

ADDR: 77C98DEB CODE: 730a jae 0x77c98df7
Eax=EDB26FC Ebx=76D1B498 Ecx=76D937E0 Edx=10444040 Edi=76D937E0 Esi=76D1B428 Ebp=303E360 Esp=303E350 Eip=77C98DEB

ADDR: 77AD95B4 CODE: 7458 jz 0x77ad960e
Eax=BEA71F01 Ebx=76D1B498 Ecx=14 Edx=7728C8DC Edi=2 Esi=77915A70 Ebp=303E2B0 Esp=303E298 Eip=77AD95B4

ADDR: 77C98DEB CODE: 730a jae 0x77c98df7
Eax=EF22B4E Ebx=76D1B498 Ecx=77915A70 Edx=404000 Edi=2 Esi=77915A70 Ebp=303E2B0 Esp=303E28C Eip=77C98DEB

ADDR: 77C909B7 CODE: 747f jz 0x77c90a38
Eax=2 Ebx=2E98FB4 Ecx=77915A70 Edx=2E98FB4 Edi=2 Esi=77915A70 Ebp=303E264 Esp=303E258 Eip=77C909B7

ADDR: 77C909BE CODE: 7378 jae 0x77c90a38
Eax=2 Ebx=2E98FB4 Ecx=77915A70 Edx=2E98FB4 Edi=2 Esi=77915A70 Ebp=303E264 Esp=303E258 Eip=77C909BE

ADDR: 77915A83 CODE: 790d jns 0x77915a92
Eax=0 Ebx=76D1B498 Ecx=33DA3C8 Edx=0 Edi=2 Esi=77915A70 Ebp=303E288 Esp=303E288 Eip=77915A83

ADDR: 77AD90DC CODE: 7454 jz 0x77ad9132
Eax=13A71F14 Ebx=76D1B498 Ecx=14 Edx=0 Edi=2 Esi=779000A0 Ebp=303E2FC Esp=303E2A0 Eip=77AD90DC

ADDR: 77C98DEB CODE: 730a jae 0x77c98df7
Eax=EF20014 Ebx=76D1B498 Ecx=779000A0 Edx=104000 Edi=2 Esi=779000A0 Ebp=303E2FC Esp=303E298 Eip=77C98DEB

ADDR: 77C8C686 CODE: 743c jz 0x77c8c6c4
Eax=2 Ebx=76D1B498 Ecx=33DA3C0 Edx=104000 Edi=2 Esi=2E98000 Ebp=303E27C Esp=303E27C Eip=77C8C686

ADDR: 77C8C68D CODE: 7335 jae 0x77c8c6c4
Eax=2 Ebx=76D1B498 Ecx=33DA3C0 Edx=104000 Edi=2 Esi=2E98000 Ebp=303E27C Esp=303E27C Eip=77C8C68D

ADDR: 77C8C6AC CODE: 740c jz 0x77c8c6ba
Eax=33DCAA0 Ebx=76D1B498 Ecx=33DA3C0 Edx=0 Edi=2 Esi=2 Ebp=303E27C Esp=303E278 Eip=77C8C6AC

ADDR: 77C8C6B4 CODE: 7404 jz 0x77c8c6ba
Eax=33DCAAC Ebx=76D1B498 Ecx=33DA3C0 Edx=0 Edi=2 Esi=2 Ebp=303E27C Esp=303E278 Eip=77C8C6B4

ADDR: 779000BD CODE: 791c jns 0x779000db
Eax=0 Ebx=76D1B498 Ecx=303E290 Edx=0 Edi=2 Esi=2E98000 Ebp=303E294 Esp=303E28C Eip=779000BD

ADDR: 77C4E69A CODE: 7315 jae 0x77c4e6b1
Eax=77BB5C1C Ebx=76D1B498 Ecx=77BB5C18 Edx=2E98000 Edi=76D937E0 Esi=7728C8DC Ebp=303E26C Esp=303E268 Eip=77C4E69A

ADDR: 77AD97A6 CODE: 0f8454720500 jz 0x77b30a00
Eax=303E2DC Ebx=7728C8DC Ecx=303E2C8 Edx=2E98000 Edi=76D937E0 Esi=7728C8DC Ebp=303E270 Esp=303E250 Eip=77AD97A6

ADDR: 77AD97D3 CODE: 7479 jz 0x77ad984e
Eax=303E2DC Ebx=33EE680 Ecx=14 Edx=19A06614 Edi=33EE280 Esi=33EE4B4 Ebp=303E270 Esp=303E250 Eip=77AD97D3

ADDR: 77C47B53 CODE: 746e jz 0x77c47bc3
Eax=FFFFFFFE Ebx=77BB5C18 Ecx=FFFFFFFF Edx=19A06614 Edi=77BB5C1C Esi=FFFFFFFE Ebp=303E268 Esp=303E254 Eip=77C47B53

ADDR: 77AD94A4 CODE: 7458 jz 0x77ad94fe
Eax=BEA71F01 Ebx=76D1B498 Ecx=14 Edx=19A06614 Edi=2 Esi=77915A70 Ebp=303E2AC Esp=303E294 Eip=77AD94A4

ADDR: 77C98DEB CODE: 730a jae 0x77c98df7
Eax=EF22B4E Ebx=76D1B498 Ecx=77915A70 Edx=404000 Edi=2 Esi=77915A70 Ebp=303E2AC Esp=303E288 Eip=77C98DEB

ADDR: 77C909B7 CODE: 747f jz 0x77c90a38
Eax=2 Ebx=2E98FB4 Ecx=77915A70 Edx=2E98FB4 Edi=2 Esi=77915A70 Ebp=303E260 Esp=303E254 Eip=77C909B7

ADDR: 77C909BE CODE: 7378 jae 0x77c90a38
Eax=2 Ebx=2E98FB4 Ecx=77915A70 Edx=2E98FB4 Edi=2 Esi=77915A70 Ebp=303E260 Esp=303E254 Eip=77C909BE

ADDR: 77915A83 CODE: 790d jns 0x77915a92
Eax=0 Ebx=76D1B498 Ecx=33DA3C8 Edx=0 Edi=2 Esi=77915A70 Ebp=303E284 Esp=303E284 Eip=77915A83

ADDR: 77AE2C46 CODE: 740a jz 0x77ae2c52
Eax=0 Ebx=76D1B498 Ecx=76D9380E Edx=0 Edi=76D93820 Esi=76D1B42C Ebp=303E360 Esp=303E354 Eip=77AE2C46

ADDR: 77C98DEB CODE: 730a jae 0x77c98df7
Eax=EDB2704 Ebx=76D1B498 Ecx=76D93820 Edx=10111010 Edi=76D93820 Esi=76D1B42C Ebp=303E360 Esp=303E350 Eip=77C98DEB

ADDR: 77AD95B4 CODE: 7458 jz 0x77ad960e
Eax=BEA71F01 Ebx=76D1B498 Ecx=14 Edx=7728C8DC Edi=2 Esi=77915A70 Ebp=303E2B0 Esp=303E298 Eip=77AD95B4

ADDR: 77C98DEB CODE: 730a jae 0x77c98df7
Eax=EF22B4E Ebx=76D1B498 Ecx=77915A70 Edx=404000 Edi=2 Esi=77915A70 Ebp=303E2B0 Esp=303E28C Eip=77C98DEB

ADDR: 77C909B7 CODE: 747f jz 0x77c90a38
Eax=2 Ebx=2E98FB4 Ecx=77915A70 Edx=2E98FB4 Edi=2 Esi=77915A70 Ebp=303E264 Esp=303E258 Eip=77C909B7

ADDR: 77C909BE CODE: 7378 jae 0x77c90a38
Eax=2 Ebx=2E98FB4 Ecx=77915A70 Edx=2E98FB4 Edi=2 Esi=77915A70 Ebp=303E264 Esp=303E258 Eip=77C909BE

ADDR: 77915A83 CODE: 790d jns 0x77915a92
Eax=0 Ebx=76D1B498 Ecx=33DA3C8 Edx=0 Edi=2 Esi=77915A70 Ebp=303E288 Esp=303E288 Eip=77915A83

ADDR: 77AD90DC CODE: 7454 jz 0x77ad9132
Eax=13A71F14 Ebx=76D1B498 Ecx=14 Edx=0 Edi=2 Esi=779000A0 Ebp=303E2FC Esp=303E2A0 Eip=77AD90DC

ADDR: 77C98DEB CODE: 730a jae 0x77c98df7
Eax=EF20014 Ebx=76D1B498 Ecx=779000A0 Edx=104000 Edi=2 Esi=779000A0 Ebp=303E2FC Esp=303E298 Eip=77C98DEB

ADDR: 77C8C686 CODE: 743c jz 0x77c8c6c4
Eax=2 Ebx=76D1B498 Ecx=33DA3C0 Edx=104000 Edi=2 Esi=2E98000 Ebp=303E27C Esp=303E27C Eip=77C8C686

ADDR: 77C8C68D CODE: 7335 jae 0x77c8c6c4
Eax=2 Ebx=76D1B498 Ecx=33DA3C0 Edx=104000 Edi=2 Esi=2E98000 Ebp=303E27C Esp=303E27C Eip=77C8C68D

ADDR: 77C8C6AC CODE: 740c jz 0x77c8c6ba
Eax=33DCAA0 Ebx=76D1B498 Ecx=33DA3C0 Edx=0 Edi=2 Esi=2 Ebp=303E27C Esp=303E278 Eip=77C8C6AC

ADDR: 77C8C6B4 CODE: 7404 jz 0x77c8c6ba
Eax=33DCAAC Ebx=76D1B498 Ecx=33DA3C0 Edx=0 Edi=2 Esi=2 Ebp=303E27C Esp=303E278 Eip=77C8C6B4

ADDR: 779000BD CODE: 791c jns 0x779000db
Eax=0 Ebx=76D1B498 Ecx=303E290 Edx=0 Edi=2 Esi=2E98000 Ebp=303E294 Esp=303E28C Eip=779000BD

ADDR: 77C4E69A CODE: 7315 jae 0x77c4e6b1
Eax=77BB5C1C Ebx=76D1B498 Ecx=77BB5C18 Edx=2E98000 Edi=76D93820 Esi=7728C8DC Ebp=303E26C Esp=303E268 Eip=77C4E69A

ADDR: 77AD97A6 CODE: 0f8454720500 jz 0x77b30a00
Eax=303E2DC Ebx=7728C8DC Ecx=303E2C8 Edx=2E98000 Edi=76D93820 Esi=7728C8DC Ebp=303E270 Esp=303E250 Eip=77AD97A6

ADDR: 77AD97D3 CODE: 7479 jz 0x77ad984e
Eax=303E2DC Ebx=33EE680 Ecx=14 Edx=19A06614 Edi=33EE280 Esi=33EE4B8 Ebp=303E270 Esp=303E250 Eip=77AD97D3

ADDR: 77C47B53 CODE: 746e jz 0x77c47bc3
Eax=FFFFFFFE Ebx=77BB5C18 Ecx=FFFFFFFF Edx=19A06614 Edi=77BB5C1C Esi=FFFFFFFE Ebp=303E268 Esp=303E254 Eip=77C47B53

ADDR: 77AD94A4 CODE: 7458 jz 0x77ad94fe
Eax=BEA71F01 Ebx=76D1B498 Ecx=14 Edx=19A06614 Edi=2 Esi=77915A70 Ebp=303E2AC Esp=303E294 Eip=77AD94A4

ADDR: 77C98DEB CODE: 730a jae 0x77c98df7
Eax=EF22B4E Ebx=76D1B498 Ecx=77915A70 Edx=404000 Edi=2 Esi=77915A70 Ebp=303E2AC Esp=303E288 Eip=77C98DEB

ADDR: 77C909B7 CODE: 747f jz 0x77c90a38
Eax=2 Ebx=2E98FB4 Ecx=77915A70 Edx=2E98FB4 Edi=2 Esi=77915A70 Ebp=303E260 Esp=303E254 Eip=77C909B7

ADDR: 77C909BE CODE: 7378 jae 0x77c90a38
Eax=2 Ebx=2E98FB4 Ecx=77915A70 Edx=2E98FB4 Edi=2 Esi=77915A70 Ebp=303E260 Esp=303E254 Eip=77C909BE

ADDR: 77915A83 CODE: 790d jns 0x77915a92
Eax=0 Ebx=76D1B498 Ecx=33DA3C8 Edx=0 Edi=2 Esi=77915A70 Ebp=303E284 Esp=303E284 Eip=77915A83

ADDR: 77AE2C46 CODE: 740a jz 0x77ae2c52
Eax=0 Ebx=76D1B498 Ecx=76D9384E Edx=0 Edi=76D93860 Esi=76D1B430 Ebp=303E360 Esp=303E354 Eip=77AE2C46

ADDR: 77C98DEB CODE: 730a jae 0x77c98df7
Eax=EDB270C Ebx=76D1B498 Ecx=76D93860 Edx=10111010 Edi=76D93860 Esi=76D1B430 Ebp=303E360 Esp=303E350 Eip=77C98DEB

ADDR: 77AD95B4 CODE: 7458 jz 0x77ad960e
Eax=BEA71F01 Ebx=76D1B498 Ecx=14 Edx=7728C8DC Edi=2 Esi=77915A70 Ebp=303E2D0 Esp=303E2B8 Eip=77AD95B4

ADDR: 77C98DEB CODE: 730a jae 0x77c98df7
Eax=EF22B4E Ebx=76D1B498 Ecx=77915A70 Edx=404000 Edi=2 Esi=77915A70 Ebp=303E2D0 Esp=303E2AC Eip=77C98DEB

ADDR: 77C909B7 CODE: 747f jz 0x77c90a38
Eax=2 Ebx=2E98FB4 Ecx=77915A70 Edx=2E98FB4 Edi=2 Esi=77915A70 Ebp=303E284 Esp=303E278 Eip=77C909B7

ADDR: 77C909BE CODE: 7378 jae 0x77c90a38
Eax=2 Ebx=2E98FB4 Ecx=77915A70 Edx=2E98FB4 Edi=2 Esi=77915A70 Ebp=303E284 Esp=303E278 Eip=77C909BE

ADDR: 77915A83 CODE: 790d jns 0x77915a92
Eax=0 Ebx=76D1B498 Ecx=33DA3C8 Edx=0 Edi=2 Esi=77915A70 Ebp=303E2A8 Esp=303E2A8 Eip=77915A83

ADDR: 77AD90DC CODE: 7454 jz 0x77ad9132
Eax=13A71F14 Ebx=76D1B498 Ecx=14 Edx=0 Edi=2 Esi=779000A0 Ebp=303E31C Esp=303E2C0 Eip=77AD90DC

ADDR: 77C98DEB CODE: 730a jae 0x77c98df7
Eax=EF20014 Ebx=76D1B498 Ecx=779000A0 Edx=104000 Edi=2 Esi=779000A0 Ebp=303E31C Esp=303E2B8 Eip=77C98DEB

ADDR: 77C8C686 CODE: 743c jz 0x77c8c6c4
Eax=2 Ebx=76D1B498 Ecx=33DA3C0 Edx=104000 Edi=2 Esi=2E98000 Ebp=303E29C Esp=303E29C Eip=77C8C686

ADDR: 77C8C68D CODE: 7335 jae 0x77c8c6c4
Eax=2 Ebx=76D1B498 Ecx=33DA3C0 Edx=104000 Edi=2 Esi=2E98000 Ebp=303E29C Esp=303E29C Eip=77C8C68D

ADDR: 77C8C6AC CODE: 740c jz 0x77c8c6ba
Eax=33DCAA0 Ebx=76D1B498 Ecx=33DA3C0 Edx=0 Edi=2 Esi=2 Ebp=303E29C Esp=303E298 Eip=77C8C6AC

ADDR: 77C8C6B4 CODE: 7404 jz 0x77c8c6ba
Eax=33DCAAC Ebx=76D1B498 Ecx=33DA3C0 Edx=0 Edi=2 Esi=2 Ebp=303E29C Esp=303E298 Eip=77C8C6B4

ADDR: 779000BD CODE: 791c jns 0x779000db
Eax=0 Ebx=76D1B498 Ecx=303E2B0 Edx=0 Edi=2 Esi=2E98000 Ebp=303E2B4 Esp=303E2AC Eip=779000BD

ADDR: 77C4E69A CODE: 7315 jae 0x77c4e6b1
Eax=77BB5C1C Ebx=76D1B498 Ecx=77BB5C18 Edx=2E98000 Edi=76D93860 Esi=7728C8DC Ebp=303E28C Esp=303E288 Eip=77C4E69A

ADDR: 77AD97A6 CODE: 0f8454720500 jz 0x77b30a00
Eax=303E2FC Ebx=7728C8DC Ecx=303E2E8 Edx=2E98000 Edi=76D93860 Esi=7728C8DC Ebp=303E290 Esp=303E270 Eip=77AD97A6

ADDR: 77AD97D3 CODE: 7479 jz 0x77ad984e
Eax=303E2FC Ebx=33EE680 Ecx=14 Edx=19A06614 Edi=33EE280 Esi=33EE4BC Ebp=303E290 Esp=303E270 Eip=77AD97D3

ADDR: 77C47B53 CODE: 746e jz 0x77c47bc3
Eax=FFFFFFFE Ebx=77BB5C18 Ecx=FFFFFFFF Edx=19A06614 Edi=77BB5C1C Esi=FFFFFFFE Ebp=303E288 Esp=303E274 Eip=77C47B53

ADDR: 77AD94A4 CODE: 7458 jz 0x77ad94fe
Eax=BEA71F01 Ebx=76D1B498 Ecx=14 Edx=19A06614 Edi=2 Esi=77915A70 Ebp=303E2CC Esp=303E2B4 Eip=77AD94A4

ADDR: 77C98DEB CODE: 730a jae 0x77c98df7
Eax=EF22B4E Ebx=76D1B498 Ecx=77915A70 Edx=404000 Edi=2 Esi=77915A70 Ebp=303E2CC Esp=303E2A8 Eip=77C98DEB

ADDR: 77C909B7 CODE: 747f jz 0x77c90a38
Eax=2 Ebx=2E98FB4 Ecx=77915A70 Edx=2E98FB4 Edi=2 Esi=77915A70 Ebp=303E280 Esp=303E274 Eip=77C909B7

ADDR: 77C909BE CODE: 7378 jae 0x77c90a38
Eax=2 Ebx=2E98FB4 Ecx=77915A70 Edx=2E98FB4 Edi=2 Esi=77915A70 Ebp=303E280 Esp=303E274 Eip=77C909BE

ADDR: 77915A83 CODE: 790d jns 0x77915a92
Eax=0 Ebx=76D1B498 Ecx=33DA3C8 Edx=0 Edi=2 Esi=77915A70 Ebp=303E2A4 Esp=303E2A4 Eip=77915A83

ADDR: 77AE2C46 CODE: 740a jz 0x77ae2c52
Eax=0 Ebx=76D1B498 Ecx=76F1EC70 Edx=0 Edi=76D93880 Esi=76D1B434 Ebp=303E360 Esp=303E354 Eip=77AE2C46

ADDR: 77C98DEB CODE: 730a jae 0x77c98df7
Eax=EDB2710 Ebx=76D1B498 Ecx=76D93880 Edx=10111010 Edi=76D93880 Esi=76D1B434 Ebp=303E360 Esp=303E350 Eip=77C98DEB

ADDR: 77AE2C46 CODE: 740a jz 0x77ae2c52
Eax=EDB2710 Ebx=76D1B498 Ecx=76D93880 Edx=10111010 Edi=76D938A0 Esi=76D1B438 Ebp=303E360 Esp=303E354 Eip=77AE2C46

ADDR: 77C98DEB CODE: 730a jae 0x77c98df7
Eax=EDB2714 Ebx=76D1B498 Ecx=76D938A0 Edx=10111010 Edi=76D938A0 Esi=76D1B438 Ebp=303E360 Esp=303E350 Eip=77C98DEB

ADDR: 77AD95B4 CODE: 7458 jz 0x77ad960e
Eax=BEA71F01 Ebx=76D1B498 Ecx=14 Edx=7728C8DC Edi=2 Esi=77915A70 Ebp=303E2B0 Esp=303E298 Eip=77AD95B4

ADDR: 77C98DEB CODE: 730a jae 0x77c98df7
Eax=EF22B4E Ebx=76D1B498 Ecx=77915A70 Edx=404000 Edi=2 Esi=77915A70 Ebp=303E2B0 Esp=303E28C Eip=77C98DEB

ADDR: 77C909B7 CODE: 747f jz 0x77c90a38
Eax=2 Ebx=2E98FB4 Ecx=77915A70 Edx=2E98FB4 Edi=2 Esi=77915A70 Ebp=303E264 Esp=303E258 Eip=77C909B7

ADDR: 77C909BE CODE: 7378 jae 0x77c90a38
Eax=2 Ebx=2E98FB4 Ecx=77915A70 Edx=2E98FB4 Edi=2 Esi=77915A70 Ebp=303E264 Esp=303E258 Eip=77C909BE

ADDR: 77915A83 CODE: 790d jns 0x77915a92
Eax=0 Ebx=76D1B498 Ecx=33DA3C8 Edx=0 Edi=2 Esi=77915A70 Ebp=303E288 Esp=303E288 Eip=77915A83

ADDR: 77AD90DC CODE: 7454 jz 0x77ad9132
Eax=13A71F14 Ebx=76D1B498 Ecx=14 Edx=0 Edi=2 Esi=779000A0 Ebp=303E2FC Esp=303E2A0 Eip=77AD90DC

ADDR: 77C98DEB CODE: 730a jae 0x77c98df7
Eax=EF20014 Ebx=76D1B498 Ecx=779000A0 Edx=104000 Edi=2 Esi=779000A0 Ebp=303E2FC Esp=303E298 Eip=77C98DEB

ADDR: 77C8C686 CODE: 743c jz 0x77c8c6c4
Eax=2 Ebx=76D1B498 Ecx=33DA3C0 Edx=104000 Edi=2 Esi=2E98000 Ebp=303E27C Esp=303E27C Eip=77C8C686

ADDR: 77C8C68D CODE: 7335 jae 0x77c8c6c4
Eax=2 Ebx=76D1B498 Ecx=33DA3C0 Edx=104000 Edi=2 Esi=2E98000 Ebp=303E27C Esp=303E27C Eip=77C8C68D

ADDR: 77C8C6AC CODE: 740c jz 0x77c8c6ba
Eax=33DCAA0 Ebx=76D1B498 Ecx=33DA3C0 Edx=0 Edi=2 Esi=2 Ebp=303E27C Esp=303E278 Eip=77C8C6AC

ADDR: 77C8C6B4 CODE: 7404 jz 0x77c8c6ba
Eax=33DCAAC Ebx=76D1B498 Ecx=33DA3C0 Edx=0 Edi=2 Esi=2 Ebp=303E27C Esp=303E278 Eip=77C8C6B4

ADDR: 779000BD CODE: 791c jns 0x779000db
Eax=0 Ebx=76D1B498 Ecx=303E290 Edx=0 Edi=2 Esi=2E98000 Ebp=303E294 Esp=303E28C Eip=779000BD

ADDR: 77C4E69A CODE: 7315 jae 0x77c4e6b1
Eax=77BB5C1C Ebx=76D1B498 Ecx=77BB5C18 Edx=2E98000 Edi=76D938A0 Esi=7728C8DC Ebp=303E26C Esp=303E268 Eip=77C4E69A

ADDR: 77AD97A6 CODE: 0f8454720500 jz 0x77b30a00
Eax=303E2DC Ebx=7728C8DC Ecx=303E2C8 Edx=2E98000 Edi=76D938A0 Esi=7728C8DC Ebp=303E270 Esp=303E250 Eip=77AD97A6

ADDR: 77AD97D3 CODE: 7479 jz 0x77ad984e
Eax=303E2DC Ebx=33EE680 Ecx=14 Edx=19A06614 Edi=33EE280 Esi=33EE4C0 Ebp=303E270 Esp=303E250 Eip=77AD97D3

ADDR: 77C47B53 CODE: 746e jz 0x77c47bc3
Eax=FFFFFFFE Ebx=77BB5C18 Ecx=FFFFFFFF Edx=19A06614 Edi=77BB5C1C Esi=FFFFFFFE Ebp=303E268 Esp=303E254 Eip=77C47B53

ADDR: 77AD94A4 CODE: 7458 jz 0x77ad94fe
Eax=BEA71F01 Ebx=76D1B498 Ecx=14 Edx=19A06614 Edi=2 Esi=77915A70 Ebp=303E2AC Esp=303E294 Eip=77AD94A4

ADDR: 77C98DEB CODE: 730a jae 0x77c98df7
Eax=EF22B4E Ebx=76D1B498 Ecx=77915A70 Edx=404000 Edi=2 Esi=77915A70 Ebp=303E2AC Esp=303E288 Eip=77C98DEB

ADDR: 77C909B7 CODE: 747f jz 0x77c90a38
Eax=2 Ebx=2E98FB4 Ecx=77915A70 Edx=2E98FB4 Edi=2 Esi=77915A70 Ebp=303E260 Esp=303E254 Eip=77C909B7

ADDR: 77C909BE CODE: 7378 jae 0x77c90a38
Eax=2 Ebx=2E98FB4 Ecx=77915A70 Edx=2E98FB4 Edi=2 Esi=77915A70 Ebp=303E260 Esp=303E254 Eip=77C909BE

ADDR: 77915A83 CODE: 790d jns 0x77915a92
Eax=0 Ebx=76D1B498 Ecx=33DA3C8 Edx=0 Edi=2 Esi=77915A70 Ebp=303E284 Esp=303E284 Eip=77915A83

ADDR: 77AE2C46 CODE: 740a jz 0x77ae2c52
Eax=0 Ebx=76D1B498 Ecx=76D938CE Edx=0 Edi=76D938E0 Esi=76D1B43C Ebp=303E360 Esp=303E354 Eip=77AE2C46

ADDR: 77C98DEB CODE: 730a jae 0x77c98df7
Eax=EDB271C Ebx=76D1B498 Ecx=76D938E0 Edx=10111010 Edi=76D938E0 Esi=76D1B43C Ebp=303E360 Esp=303E350 Eip=77C98DEB

ADDR: 77AE2C46 CODE: 740a jz 0x77ae2c52
Eax=5 Ebx=76D1B498 Ecx=0 Edx=10111010 Edi=76D93950 Esi=76D1B440 Ebp=303E360 Esp=303E354 Eip=77AE2C46

ADDR: 77C98DEB CODE: 730a jae 0x77c98df7
Eax=EDB272A Ebx=76D1B498 Ecx=76D93950 Edx=44444400 Edi=76D93950 Esi=76D1B440 Ebp=303E360 Esp=303E350 Eip=77C98DEB

ADDR: 77C4EA1E CODE: 0f83d9010000 jae 0x77c4ebfd
Eax=0 Ebx=76D1B498 Ecx=76D93950 Edx=44444400 Edi=77D27B80 Esi=77D27B80 Ebp=303E26C Esp=303E210 Eip=77C4EA1E

ADDR: 77C36716 CODE: 741e jz 0x77c36736
Eax=0 Ebx=76D1B498 Ecx=76D93950 Edx=44444400 Edi=77D27AA0 Esi=77D27B80 Ebp=303E344 Esp=303E274 Eip=77C36716

ADDR: 77C37916 CODE: 0f84cc860600 jz 0x77c9ffe8
Eax=77D27AA0 Ebx=76D1B498 Ecx=76D93950 Edx=44444400 Edi=76D93950 Esi=77D27AA0 Ebp=303E344 Esp=303E288 Eip=77C37916

ADDR: 77C47C5F CODE: 743d jz 0x77c47c9e
Eax=33D0000 Ebx=0 Ecx=2D Edx=C968B0 Edi=3424578 Esi=34248AD Ebp=303EC0C Esp=303EC00 Eip=77C47C5F

ADDR: 77C47C66 CODE: 0f8460b70500 jz 0x77ca33cc
Eax=33D0000 Ebx=0 Ecx=2D Edx=C968B0 Edi=3424578 Esi=33D0000 Ebp=303EC0C Esp=303EC00 Eip=77C47C66

ADDR: 77C47C77 CODE: 0f8465b70500 jz 0x77ca33e2
Eax=33D0000 Ebx=0 Ecx=33D0000 Edx=3424578 Edi=3424578 Esi=33D0000 Ebp=303EC0C Esp=303EC00 Eip=77C47C77

ADDR: 77C8E4E4 CODE: 7409 jz 0x77c8e4ef
Eax=0 Ebx=0 Ecx=33D0000 Edx=3424578 Edi=0 Esi=33D0000 Ebp=303EBEC Esp=303EBA0 Eip=77C8E4E4

ADDR: 77C8E68F CODE: 0f8ddb040000 jge 0x77c8eb70
Eax=0 Ebx=0 Ecx=33D0000 Edx=3424578 Edi=3424570 Esi=33D0000 Ebp=303EBEC Esp=303EBA0 Eip=77C8E68F

ADDR: 77C47DB3 CODE: 7435 jz 0x77c47dea
Eax=3424570 Ebx=0 Ecx=33D0000 Edx=2 Edi=33D0000 Esi=33D0000 Ebp=303EB90 Esp=303EA68 Eip=77C47DB3

ADDR: 77C47DFA CODE: 7415 jz 0x77c47e11
Eax=0 Ebx=0 Ecx=33D0000 Edx=2 Edi=33D0000 Esi=3 Ebp=303EB90 Esp=303EA68 Eip=77C47DFA

ADDR: 77C47E19 CODE: 7439 jz 0x77c47e54
Eax=7FFE0380 Ebx=0 Ecx=33D0000 Edx=2 Edi=33D0000 Esi=3 Ebp=303EB90 Esp=303EA68 Eip=77C47E19

ADDR: 77C47E7C CODE: 731f jae 0x77c47e9d
Eax=33D025C Ebx=3424570 Ecx=33D0258 Edx=2E98000 Edi=33D0000 Esi=3 Ebp=303EB90 Esp=303EA68 Eip=77C47E7C

ADDR: 77C47F2F CODE: 741c jz 0x77c47f4d
Eax=7F38 Ebx=3424570 Ecx=33D0258 Edx=2E98000 Edi=33D0000 Esi=3 Ebp=303EB90 Esp=303EA68 Eip=77C47F2F

ADDR: 77C47F41 CODE: 740a jz 0x77c47f4d
Eax=76FB8E69 Ebx=3424570 Ecx=33D0258 Edx=2E98000 Edi=33D0000 Esi=3 Ebp=303EB90 Esp=303EA68 Eip=77C47F41

ADDR: 77C47F5B CODE: 7304 jae 0x77c47f61
Eax=33D0270 Ebx=3424570 Ecx=68 Edx=2E98000 Edi=33D0000 Esi=80 Ebp=303EB90 Esp=303EA68 Eip=77C47F5B

ADDR: 77C47F6C CODE: 731d jae 0x77c47f8b
Eax=33D0270 Ebx=3424570 Ecx=68 Edx=68 Edi=33D0000 Esi=80 Ebp=303EB90 Esp=303EA68 Eip=77C47F6C

ADDR: 77C47F79 CODE: 7402 jz 0x77c47f7d
Eax=33D0270 Ebx=3424570 Ecx=68 Edx=68 Edi=33D0000 Esi=80 Ebp=303EB90 Esp=303EA68 Eip=77C47F79

ADDR: 77C47FC4 CODE: 7404 jz 0x77c47fca
Eax=33D0401 Ebx=3424570 Ecx=68 Edx=68 Edi=33D0000 Esi=3424572 Ebp=303EB90 Esp=303EA68 Eip=77C47FC4

ADDR: 77C47FCE CODE: 0f84db0e0000 jz 0x77c48eaf
Eax=33D0401 Ebx=3424570 Ecx=68 Edx=68 Edi=33D0000 Esi=3424572 Ebp=303EB90 Esp=303EA68 Eip=77C47FCE

ADDR: 77C47FDE CODE: 7335 jae 0x77c48015
Eax=68 Ebx=3424570 Ecx=68 Edx=68 Edi=33D0000 Esi=3424572 Ebp=303EB90 Esp=303EA68 Eip=77C47FDE

ADDR: 77C4800F CODE: 7604 jbe 0x77c48015
Eax=61 Ebx=3424570 Ecx=33D2760 Edx=0 Edi=33D0000 Esi=3424572 Ebp=303EB90 Esp=303EA68 Eip=77C4800F

ADDR: 77C48098 CODE: 0f8402030000 jz 0x77c483a0
Eax=143C Ebx=3424570 Ecx=228 Edx=68 Edi=33D0000 Esi=3424348 Ebp=303EB90 Esp=303EA68 Eip=77C48098

ADDR: 77C483AA CODE: 7447 jz 0x77c483f3
Eax=FB Ebx=3424570 Ecx=100000 Edx=68 Edi=33D0000 Esi=34248B0 Ebp=303EB90 Esp=303EA68 Eip=77C483AA

ADDR: 77C483D2 CODE: 741c jz 0x77c483f0
Eax=E20004 Ebx=3424570 Ecx=E2E2 Edx=E2 Edi=33D0000 Esi=34248B0 Ebp=303EB90 Esp=303EA68 Eip=77C483D2

ADDR: 77C4840F CODE: 7426 jz 0x77c48437
Eax=FA Ebx=3424570 Ecx=100000 Edx=68 Edi=33D0000 Esi=34248B0 Ebp=303EB90 Esp=303EA68 Eip=77C4840F

ADDR: 77C4842B CODE: 740a jz 0x77c48437
Eax=E20004 Ebx=3424570 Ecx=E2E2 Edx=E2 Edi=33D0000 Esi=34248B0 Ebp=303EB90 Esp=303EA68 Eip=77C4842B

ADDR: 77C4843B CODE: 0f8463010000 jz 0x77c485a4
Eax=E20004 Ebx=3424570 Ecx=E2E2 Edx=E2 Edi=33D0000 Esi=34248B0 Ebp=303EB90 Esp=303EA68 Eip=77C4843B

ADDR: 77C485DB CODE: 0f840c010000 jz 0x77c486ed
Eax=4E6 Ebx=3424570 Ecx=33D0270 Edx=34248B8 Edi=33D0000 Esi=34248B0 Ebp=303EB90 Esp=303EA68 Eip=77C485DB

ADDR: 77C485EF CODE: 7308 jae 0x77c485f9
Eax=4E6 Ebx=3424570 Ecx=33D0270 Edx=34248B8 Edi=33D0000 Esi=80 Ebp=303EB90 Esp=303EA68 Eip=77C485EF

ADDR: 77C485EF CODE: 7308 jae 0x77c485f9
Eax=4E6 Ebx=3424570 Ecx=33D36A0 Edx=34248B8 Edi=33D0000 Esi=800 Ebp=303EB90 Esp=303EA68 Eip=77C485EF

ADDR: 77C48674 CODE: 0f83d7000000 jae 0x77c48751
Eax=7FF Ebx=3424570 Ecx=33D36A0 Edx=466 Edi=33D0000 Esi=33D00C0 Ebp=303EB90 Esp=303EA68 Eip=77C48674

ADDR: 77C4867D CODE: 0f849f000000 jz 0x77c48722
Eax=7FF Ebx=3424570 Ecx=33D36A0 Edx=466 Edi=33D0000 Esi=33D00C0 Ebp=303EB90 Esp=303EA68 Eip=77C4867D

ADDR: 77C486FC CODE: 7474 jz 0x77c48772
Eax=33D00C0 Ebx=3424570 Ecx=3421B28 Edx=FFFFFFBF Edi=33D0000 Esi=34248B0 Ebp=303EB90 Esp=303EA68 Eip=77C486FC

ADDR: 77C48778 CODE: 0f84ba000000 jz 0x77c48838
Eax=33D00C0 Ebx=3424570 Ecx=3421B00 Edx=FFFFFFBF Edi=33D0000 Esi=34248B0 Ebp=303EB90 Esp=303EA68 Eip=77C48778

ADDR: 77C48866 CODE: 7234 jb 0x77c4889c
Eax=1137 Ebx=3424570 Ecx=54E Edx=54E Edi=33D0000 Esi=34248B0 Ebp=303EB90 Esp=303EA68 Eip=77C48866

ADDR: 77C488A4 CODE: 7629 jbe 0x77c488cf
Eax=5ED Ebx=3424570 Ecx=54E Edx=54E Edi=33D0000 Esi=34248B0 Ebp=303EB90 Esp=303EA68 Eip=77C488A4

ADDR: 77C488D5 CODE: 0f8750050000 ja 0x77c48e2b
Eax=5ED Ebx=3424570 Ecx=54E Edx=54E Edi=33D0000 Esi=34248B0 Ebp=303EB90 Esp=303EA68 Eip=77C488D5

ADDR: 77C488DF CODE: 0f844d040000 jz 0x77c48d32
Eax=5ED Ebx=3424570 Ecx=54E Edx=54E Edi=33D0000 Esi=34248B0 Ebp=303EB90 Esp=303EA68 Eip=77C488DF

ADDR: 77C48904 CODE: 0f8489020000 jz 0x77c48b93
Eax=54E Ebx=3424570 Ecx=54E Edx=33D00C0 Edi=33D0000 Esi=33D0270 Ebp=303EB90 Esp=303EA68 Eip=77C48904

ADDR: 77C48915 CODE: 720d jb 0x77c48924
Eax=54E Ebx=3424570 Ecx=80 Edx=33D00C0 Edi=33D0000 Esi=33D0270 Ebp=303EB90 Esp=303EA68 Eip=77C48915

ADDR: 77C48915 CODE: 720d jb 0x77c48924
Eax=54E Ebx=3424570 Ecx=800 Edx=33D00C0 Edi=33D0000 Esi=33D36A0 Ebp=303EB90 Esp=303EA68 Eip=77C48915

ADDR: 77C48963 CODE: 7438 jz 0x77c4899d
Eax=3421B20 Ebx=69FB8EA3 Ecx=800 Edx=33D00C0 Edi=33D0000 Esi=33D36A0 Ebp=303EB90 Esp=303EA68 Eip=77C48963

ADDR: 77C48983 CODE: 7418 jz 0x77c4899d
Eax=1F Ebx=1F00001F Ecx=1F1F Edx=33D00C0 Edi=33D0000 Esi=33D36A0 Ebp=303EB90 Esp=303EA68 Eip=77C48983

ADDR: 77C489AD CODE: 7e07 jle 0x77c489b6
Eax=1F Ebx=1F00001F Ecx=52F Edx=33D00C0 Edi=33D0000 Esi=33D36A0 Ebp=303EB90 Esp=303EA68 Eip=77C489AD

ADDR: 77C48B6C CODE: 740b jz 0x77c48b79
Eax=1F Ebx=3424570 Ecx=33D00C0 Edx=33D00C0 Edi=33D0000 Esi=33D36A0 Ebp=303EB90 Esp=303EA68 Eip=77C48B6C

ADDR: 77C48B9A CODE: 7439 jz 0x77c48bd5
Eax=1F Ebx=3424570 Ecx=33D00C0 Edx=33D00C0 Edi=33D0000 Esi=54E Ebp=303EB90 Esp=303EA68 Eip=77C48B9A

ADDR: 77C48C11 CODE: 0f84f2000000 jz 0x77c48d09
Eax=54E Ebx=3424570 Ecx=33D0270 Edx=3421B28 Edi=33D0000 Esi=33D00C0 Ebp=303EB90 Esp=303EA68 Eip=77C48C11

ADDR: 77C48C25 CODE: 7306 jae 0x77c48c2d
Eax=80 Ebx=3424570 Ecx=33D0270 Edx=3421B28 Edi=33D0000 Esi=54E Ebp=303EB90 Esp=303EA68 Eip=77C48C25

ADDR: 77C48C25 CODE: 7306 jae 0x77c48c2d
Eax=800 Ebx=3424570 Ecx=33D36A0 Edx=33D36A0 Edi=33D0000 Esi=54E Ebp=303EB90 Esp=303EA68 Eip=77C48C25

ADDR: 77C48C78 CODE: 745f jz 0x77c48cd9
Eax=0 Ebx=3424570 Ecx=33D36A0 Edx=4CE Edi=33D0000 Esi=54E Ebp=303EB90 Esp=303EA68 Eip=77C48C78

ADDR: 77C48D0D CODE: 0f8422010000 jz 0x77c48e35
Eax=33D36C4 Ebx=3424570 Ecx=E Edx=4000 Edi=33D0000 Esi=26 Ebp=303EB90 Esp=303EA68 Eip=77C48D0D

ADDR: 77C48E3A CODE: 7469 jz 0x77c48ea5
Eax=76FB8EBC Ebx=3424570 Ecx=E Edx=4000 Edi=33D0000 Esi=26 Ebp=303EB90 Esp=303EA68 Eip=77C48E3A

ADDR: 77C490B5 CODE: 7416 jz 0x77c490cd
Eax=76FB8EBC Ebx=3424570 Ecx=E Edx=4000 Edi=33D0000 Esi=0 Ebp=303EB90 Esp=303EA64 Eip=77C490B5

ADDR: 77C490D1 CODE: 0f84ba000000 jz 0x77c49191
Eax=76FB8EBC Ebx=3424570 Ecx=E Edx=4000 Edi=33D0000 Esi=0 Ebp=303EB90 Esp=303EA64 Eip=77C490D1

ADDR: 77C490F6 CODE: 762c jbe 0x77c49124
Eax=76FB8EBC Ebx=3424570 Ecx=E Edx=1 Edi=33D0000 Esi=0 Ebp=303EB90 Esp=303EA64 Eip=77C490F6

ADDR: 77C49116 CODE: 7606 jbe 0x77c4911e
Eax=2F68 Ebx=3424570 Ecx=56098 Edx=1 Edi=33D0000 Esi=0 Ebp=303EB90 Esp=303EA64 Eip=77C49116

ADDR: 77C49134 CODE: 7250 jb 0x77c49186
Eax=2F68 Ebx=3424570 Ecx=56098 Edx=1 Edi=33D0000 Esi=0 Ebp=303EB90 Esp=303EA64 Eip=77C49134

ADDR: 77C47B53 CODE: 746e jz 0x77c47bc3
Eax=FFFFFFFE Ebx=33D0258 Ecx=FFFFFFFF Edx=1 Edi=33D025C Esi=FFFFFFFE Ebp=303EA58 Esp=303EA44 Eip=77C47B53

ADDR: 77C8EB89 CODE: 7436 jz 0x77c8ebc1
Eax=1 Ebx=0 Ecx=EA68AF5 Edx=1 Edi=3424570 Esi=33D0000 Ebp=303EBEC Esp=303EBA0 Eip=77C8EB89

ADDR: 77C8EB90 CODE: 7405 jz 0x77c8eb97
Eax=0 Ebx=0 Ecx=EA68AF5 Edx=1 Edi=3424570 Esi=33D0000 Ebp=303EBEC Esp=303EBA0 Eip=77C8EB90

ADDR: 77C8EB9C CODE: 7402 jz 0x77c8eba0
Eax=0 Ebx=0 Ecx=EA68AF5 Edx=1 Edi=3424570 Esi=33D0000 Ebp=303EBEC Esp=303EBA0 Eip=77C8EB9C

ADDR: 77C8EBA9 CODE: 7413 jz 0x77c8ebbe
Eax=0 Ebx=0 Ecx=33D0000 Edx=33D0000 Edi=3424570 Esi=33D0000 Ebp=303EBEC Esp=303EBA0 Eip=77C8EBA9

ADDR: C83C26 CODE: 7d3c jge 0xc83c64
Eax=1 Ebx=0 Ecx=33D0000 Edx=33D0000 Edi=3424578 Esi=34248AD Ebp=303F918 Esp=303EC20 Eip=C83C26

ADDR: C83C92 CODE: 0f84b8020000 jz 0xc83f50
Eax=2E95000 Ebx=0 Ecx=C96DB0 Edx=33D0000 Edi=0 Esi=34248AD Ebp=303F918 Esp=303EC20 Eip=C83C92

ADDR: 77C98DEB CODE: 730a jae 0x77c98df7
Eax=EC61130 Ebx=0 Ecx=76308980 Edx=55555555 Edi=0 Esi=76308980 Ebp=303F918 Esp=303EC1C Eip=77C98DEB

ADDR: 77C47C5F CODE: 743d jz 0x77c47c9e
Eax=33D0000 Ebx=0 Ecx=303ED04 Edx=0 Edi=3424738 Esi=303ED04 Ebp=303EC04 Esp=303EBF8 Eip=77C47C5F

ADDR: 77C47C66 CODE: 0f8460b70500 jz 0x77ca33cc
Eax=33D0000 Ebx=0 Ecx=303ED04 Edx=0 Edi=3424738 Esi=33D0000 Ebp=303EC04 Esp=303EBF8 Eip=77C47C66

ADDR: 77C47C77 CODE: 0f8465b70500 jz 0x77ca33e2
Eax=33D0000 Ebx=0 Ecx=33D0000 Edx=3424738 Edi=3424738 Esi=33D0000 Ebp=303EC04 Esp=303EBF8 Eip=77C47C77

ADDR: 77C8E4E4 CODE: 7409 jz 0x77c8e4ef
Eax=0 Ebx=0 Ecx=33D0000 Edx=3424738 Edi=0 Esi=33D0000 Ebp=303EBE4 Esp=303EB98 Eip=77C8E4E4

ADDR: 77C8E68F CODE: 0f8ddb040000 jge 0x77c8eb70
Eax=0 Ebx=0 Ecx=33D0000 Edx=3424738 Edi=3424730 Esi=33D0000 Ebp=303EBE4 Esp=303EB98 Eip=77C8E68F

ADDR: 77C8E6C2 CODE: 0f8498040000 jz 0x77c8eb60
Eax=3424578 Ebx=0 Ecx=34049C8 Edx=3424738 Edi=3424730 Esi=33D0000 Ebp=303EBE4 Esp=303EB98 Eip=77C8E6C2

ADDR: 77C8E706 CODE: 7417 jz 0x77c8e71f
Eax=3424730 Ebx=0 Ecx=3160000 Edx=11 Edi=3424730 Esi=3424710 Ebp=303EBE4 Esp=303EB98 Eip=77C8E706

ADDR: 77C8E726 CODE: 7410 jz 0x77c8e738
Eax=0 Ebx=0 Ecx=3160000 Edx=11 Edi=3424730 Esi=3424710 Ebp=303EBE4 Esp=303EB98 Eip=77C8E726

ADDR: 77C8E73F CODE: 741f jz 0x77c8e760
Eax=7FFE0380 Ebx=0 Ecx=3160000 Edx=11 Edi=3424730 Esi=3424710 Ebp=303EBE4 Esp=303EB98 Eip=77C8E73F

ADDR: 77C8E7AC CODE: 7412 jz 0x77c8e7c0
Eax=110013 Ebx=0 Ecx=80110013 Edx=1 Edi=3424730 Esi=110013 Ebp=303EBE4 Esp=303EB98 Eip=77C8E7AC

ADDR: 77C8E7EF CODE: 743b jz 0x77c8e82c
Eax=3424594 Ebx=0 Ecx=11 Edx=1 Edi=34049C8 Esi=110013 Ebp=303EBE4 Esp=303EB98 Eip=77C8E7EF

ADDR: 77C8E88B CODE: 0f84df000000 jz 0x77c8e970
Eax=3160CA4 Ebx=0 Ecx=5 Edx=1 Edi=34049C8 Esi=34049C8 Ebp=303EBE4 Esp=303EB98 Eip=77C8E88B

ADDR: 77C49741 CODE: 7475 jz 0x77c497b8
Eax=13 Ebx=0 Ecx=3160CA0 Edx=34049C8 Edi=34049C8 Esi=3160CA0 Ebp=303EBE4 Esp=303EB8C Eip=77C49741

ADDR: 77C4974D CODE: 7449 jz 0x77c49798
Eax=13 Ebx=0 Ecx=3160CA0 Edx=1 Edi=34049C8 Esi=3160CA0 Ebp=303EBE4 Esp=303EB8C Eip=77C4974D

ADDR: 77C8E8C2 CODE: 0f84a5000000 jz 0x77c8e96d
Eax=7FFE0301 Ebx=0 Ecx=3160C00 Edx=1 Edi=34049C8 Esi=34049C8 Ebp=303EBE4 Esp=303EB98 Eip=77C8E8C2

ADDR: 77C8E8CD CODE: 0f849a000000 jz 0x77c8e96d
Eax=7FFE0301 Ebx=0 Ecx=3160C00 Edx=1 Edi=34049C8 Esi=34049C8 Ebp=303EBE4 Esp=303EB98 Eip=77C8E8CD

ADDR: 77C8E920 CODE: 744b jz 0x77c8e96d
Eax=0 Ebx=0 Ecx=34049C8 Edx=3160CA8 Edi=34049C8 Esi=34049C8 Ebp=303EBE4 Esp=303EB98 Eip=77C8E920

ADDR: 77C8E984 CODE: 7445 jz 0x77c8e9cb
Eax=3160CA0 Ebx=0 Ecx=34049C8 Edx=1 Edi=34049C8 Esi=3160000 Ebp=303EBE4 Esp=303EB98 Eip=77C8E984

ADDR: 77C5051E CODE: 7420 jz 0x77c50540
Eax=33D0000 Ebx=3424578 Ecx=0 Edx=3424578 Edi=3160078 Esi=3160000 Ebp=303EB8C Esp=303EB68 Eip=77C5051E

ADDR: 77C5054D CODE: 0f8653010000 jbe 0x77c506a6
Eax=0 Ebx=3424578 Ecx=0 Edx=0 Edi=3160078 Esi=3160000 Ebp=303EB8C Esp=303EB68 Eip=77C5054D

ADDR: 77C506B5 CODE: 7602 jbe 0x77c506b9
Eax=78000 Ebx=3424578 Ecx=9 Edx=200 Edi=3160078 Esi=3160000 Ebp=303EB8C Esp=303EB68 Eip=77C506B5

ADDR: 77C506D7 CODE: 7415 jz 0x77c506ee
Eax=0 Ebx=3424578 Ecx=0 Edx=200 Edi=3160078 Esi=3160000 Ebp=303EB8C Esp=303EB68 Eip=77C506D7

ADDR: 77C506F6 CODE: 742c jz 0x77c50724
Eax=7FFE0380 Ebx=3424578 Ecx=0 Edx=200 Edi=3160078 Esi=3160000 Ebp=303EB8C Esp=303EB68 Eip=77C506F6

ADDR: 77C4EA1E CODE: 0f83d9010000 jae 0x77c4ebfd
Eax=1E Ebx=3424578 Ecx=0 Edx=200 Edi=77D27BF8 Esi=77D27BF8 Ebp=303EB5C Esp=303EB00 Eip=77C4EA1E

ADDR: 77C8EB90 CODE: 7405 jz 0x77c8eb97
Eax=0 Ebx=0 Ecx=2 Edx=34049E4 Edi=34049C8 Esi=33D0000 Ebp=303EBE4 Esp=303EB98 Eip=77C8EB90

ADDR: 77C8EB9C CODE: 7402 jz 0x77c8eba0
Eax=0 Ebx=0 Ecx=2 Edx=34049E4 Edi=34049C8 Esi=33D0000 Ebp=303EBE4 Esp=303EB98 Eip=77C8EB9C

ADDR: 77C8EBA9 CODE: 7413 jz 0x77c8ebbe
Eax=0 Ebx=0 Ecx=33D0000 Edx=33D0000 Edi=34049C8 Esi=33D0000 Ebp=303EBE4 Esp=303EB98 Eip=77C8EBA9

ADDR: C90C6E CODE: 7414 jz 0xc90c84
Eax=1 Ebx=0 Ecx=303ED00 Edx=33D0000 Edi=0 Esi=303ED00 Ebp=303F918 Esp=303EC18 Eip=C90C6E

ADDR: 77C47C5F CODE: 743d jz 0x77c47c9e
Eax=33D0000 Ebx=0 Ecx=303ED00 Edx=33D0000 Edi=3421C78 Esi=303ED00 Ebp=303EC04 Esp=303EBF8 Eip=77C47C5F

ADDR: 77C47C66 CODE: 0f8460b70500 jz 0x77ca33cc
Eax=33D0000 Ebx=0 Ecx=303ED00 Edx=33D0000 Edi=3421C78 Esi=33D0000 Ebp=303EC04 Esp=303EBF8 Eip=77C47C66

ADDR: 77C47C77 CODE: 0f8465b70500 jz 0x77ca33e2
Eax=33D0000 Ebx=0 Ecx=33D0000 Edx=3421C78 Edi=3421C78 Esi=33D0000 Ebp=303EC04 Esp=303EBF8 Eip=77C47C77

ADDR: 77C8E4E4 CODE: 7409 jz 0x77c8e4ef
Eax=0 Ebx=0 Ecx=33D0000 Edx=3421C78 Edi=0 Esi=33D0000 Ebp=303EBE4 Esp=303EB98 Eip=77C8E4E4

ADDR: 77C8E68F CODE: 0f8ddb040000 jge 0x77c8eb70
Eax=0 Ebx=0 Ecx=33D0000 Edx=3421C78 Edi=3421C70 Esi=33D0000 Ebp=303EBE4 Esp=303EB98 Eip=77C8E68F

ADDR: 77C8E6C2 CODE: 0f8498040000 jz 0x77c8eb60
Eax=3421C20 Ebx=0 Ecx=34049A0 Edx=3421C78 Edi=3421C70 Esi=33D0000 Ebp=303EBE4 Esp=303EB98 Eip=77C8E6C2

ADDR: 77C8E706 CODE: 7417 jz 0x77c8e71f
Eax=3421C70 Ebx=0 Ecx=3160000 Edx=2 Edi=3421C70 Esi=3421C50 Ebp=303EBE4 Esp=303EB98 Eip=77C8E706

ADDR: 77C8E726 CODE: 7410 jz 0x77c8e738
Eax=0 Ebx=0 Ecx=3160000 Edx=2 Edi=3421C70 Esi=3421C50 Ebp=303EBE4 Esp=303EB98 Eip=77C8E726

ADDR: 77C8E73F CODE: 741f jz 0x77c8e760
Eax=7FFE0380 Ebx=0 Ecx=3160000 Edx=2 Edi=3421C70 Esi=3421C50 Ebp=303EBE4 Esp=303EB98 Eip=77C8E73F

ADDR: 77C8E7AC CODE: 7412 jz 0x77c8e7c0
Eax=20000 Ebx=0 Ecx=80020000 Edx=1 Edi=3421C70 Esi=20000 Ebp=303EBE4 Esp=303EB98 Eip=77C8E7AC

ADDR: 77C8E7EF CODE: 743b jz 0x77c8e82c
Eax=3421C3C Ebx=0 Ecx=2 Edx=1 Edi=34049A0 Esi=20000 Ebp=303EBE4 Esp=303EB98 Eip=77C8E7EF

ADDR: 77C49741 CODE: 7475 jz 0x77c497b8
Eax=1 Ebx=0 Ecx=3160CA0 Edx=34049A0 Edi=34049A0 Esi=3160CA0 Ebp=303EBE4 Esp=303EB8C Eip=77C49741

ADDR: 77C4974D CODE: 7449 jz 0x77c49798
Eax=1 Ebx=0 Ecx=3160CA0 Edx=1 Edi=34049A0 Esi=3160CA0 Ebp=303EBE4 Esp=303EB8C Eip=77C4974D

ADDR: 77C8EA99 CODE: 0f8478fcffff jz 0x77c8e717
Eax=7FFE0301 Ebx=0 Ecx=3160C00 Edx=1 Edi=34049A0 Esi=3160CA0 Ebp=303EBE4 Esp=303EB98 Eip=77C8EA99

ADDR: 77C8EAA6 CODE: 0f846bfcffff jz 0x77c8e717
Eax=7FFE0301 Ebx=0 Ecx=3160C00 Edx=1 Edi=34049A0 Esi=34049BC Ebp=303EBE4 Esp=303EB98 Eip=77C8EAA6

ADDR: 77C8EB0F CODE: 7426 jz 0x77c8eb37
Eax=34049C8 Ebx=0 Ecx=34049A0 Edx=34049C8 Edi=34049A0 Esi=0 Ebp=303EBE4 Esp=303EB98 Eip=77C8EB0F

ADDR: 77C4EA1E CODE: 0f83d9010000 jae 0x77c4ebfd
Eax=1A Ebx=34049E8 Ecx=31607E8 Edx=34049E8 Edi=77D27BE8 Esi=34049E4 Ebp=303EB74 Esp=303EB20 Eip=77C4EA1E

ADDR: 77C8EB90 CODE: 7405 jz 0x77c8eb97
Eax=0 Ebx=0 Ecx=1 Edx=34049E8 Edi=FFFFFFFD Esi=33D0000 Ebp=303EBE4 Esp=303EB98 Eip=77C8EB90

ADDR: 77C8EB9C CODE: 7402 jz 0x77c8eba0
Eax=0 Ebx=0 Ecx=1 Edx=34049E8 Edi=FFFFFFFD Esi=33D0000 Ebp=303EBE4 Esp=303EB98 Eip=77C8EB9C

ADDR: 77C8EBA9 CODE: 7413 jz 0x77c8ebbe
Eax=0 Ebx=0 Ecx=33D0000 Edx=33D0000 Edi=FFFFFFFD Esi=33D0000 Ebp=303EBE4 Esp=303EB98 Eip=77C8EBA9

ADDR: C83F70 CODE: 7906 jns 0xc83f78
Eax=1 Ebx=0 Ecx=33D0000 Edx=33D0000 Edi=0 Esi=1 Ebp=303F918 Esp=303EC20 Eip=C83F70

ADDR: 77C44CFF CODE: 0f8426e60500 jz 0x77ca332b
Eax=140008 Ebx=40 Ecx=33D0000 Edx=33D0000 Edi=0 Esi=33D0000 Ebp=303EBBC Esp=303EBB0 Eip=77C44CFF

ADDR: 77C44D11 CODE: 0f842be60500 jz 0x77ca3342
Eax=140008 Ebx=40 Ecx=33D0000 Edx=4 Edi=0 Esi=33D0000 Ebp=303EBBC Esp=303EBB0 Eip=77C44D11

ADDR: 77C44E6C CODE: 760c jbe 0x77c44e7a
Eax=0 Ebx=33D0000 Ecx=140008 Edx=4 Edi=4 Esi=33D0000 Ebp=303EBA0 Esp=303EB28 Eip=77C44E6C

ADDR: 77C44E9D CODE: 742b jz 0x77c44eca
Eax=0 Ebx=33D0000 Ecx=0 Edx=0 Edi=4 Esi=33D0000 Ebp=303EBA0 Esp=303EB28 Eip=77C44E9D

ADDR: 77C44ED5 CODE: 7445 jz 0x77c44f1c
Eax=0 Ebx=33D0000 Ecx=140008 Edx=0 Edi=4 Esi=0 Ebp=303EBA0 Esp=303EB28 Eip=77C44ED5

ADDR: 77C44F4B CODE: 0f87f5090000 ja 0x77c45946
Eax=4 Ebx=33D0000 Ecx=140008 Edx=2 Edi=4 Esi=10 Ebp=303EBA0 Esp=303EB28 Eip=77C44F4B

ADDR: 77C44F6F CODE: 0f84ce090000 jz 0x77c45943
Eax=4 Ebx=33D0000 Ecx=2 Edx=FC Edi=4 Esi=10 Ebp=303EBA0 Esp=303EB28 Eip=77C44F6F

ADDR: 77C44FAE CODE: 744c jz 0x77c44ffc
Eax=33D2600 Ebx=31601C0 Ecx=0 Edx=3160000 Edi=4 Esi=10 Ebp=303EBA0 Esp=303EB28 Eip=77C44FAE

ADDR: 77C45057 CODE: 0f84bb010000 jz 0x77c45218
Eax=33D5D70 Ebx=31601C0 Ecx=3160A98 Edx=3160000 Edi=4 Esi=10 Ebp=303EBA0 Esp=303EB28 Eip=77C45057

ADDR: 77C45077 CODE: 797c jns 0x77c450f5
Eax=1B Ebx=33D5D80 Ecx=31607D0 Edx=3160000 Edi=3160000 Esi=10 Ebp=303EBA0 Esp=303EB28 Eip=77C45077

ADDR: 77C45118 CODE: 0f84c7000000 jz 0x77c451e5
Eax=1B Ebx=33D5D80 Ecx=31607D0 Edx=0 Edi=64 Esi=1B0020 Ebp=303EBA0 Esp=303EB28 Eip=77C45118

ADDR: 77C4512E CODE: 740a jz 0x77c4513a
Eax=1B0020 Ebx=33D5D80 Ecx=801B0020 Edx=0 Edi=64 Esi=1B0020 Ebp=303EBA0 Esp=303EB28 Eip=77C4512E

ADDR: 77C4513D CODE: 0f84a2000000 jz 0x77c451e5
Eax=1B0020 Ebx=33D5D80 Ecx=801B0020 Edx=0 Edi=64 Esi=1B0020 Ebp=303EBA0 Esp=303EB28 Eip=77C4513D

ADDR: 77C4514E CODE: 0f848f000000 jz 0x77c451e3
Eax=3409F58 Ebx=33D5D80 Ecx=33D5D70 Edx=0 Edi=64 Esi=1B0020 Ebp=303EBA0 Esp=303EB28 Eip=77C4514E

ADDR: 77C45162 CODE: 747f jz 0x77c451e3
Eax=3160A98 Ebx=33D5D80 Ecx=33D5D70 Edx=0 Edi=64 Esi=1B0020 Ebp=303EBA0 Esp=303EB28 Eip=77C45162

ADDR: 77C65F14 CODE: 741a jz 0x77c65f30
Eax=E0 Ebx=33D5D80 Ecx=A5 Edx=E0A5 Edi=A5 Esi=2E98000 Ebp=303EB20 Esp=303EB14 Eip=77C65F14

ADDR: 77C9545A CODE: 730d jae 0x77c95469
Eax=3409F6C Ebx=33D5D80 Ecx=3409F74 Edx=1B Edi=FFFFFFFF Esi=3D Ebp=303EB18 Esp=303EB08 Eip=77C9545A

ADDR: 77C954A7 CODE: 7313 jae 0x77c954bc
Eax=3409F78 Ebx=EFFFFFDD Ecx=20 Edx=3409F74 Edi=FFFFFFFF Esi=F Ebp=303EB18 Esp=303EB08 Eip=77C954A7

ADDR: 77C451C3 CODE: 7422 jz 0x77c451e7
Eax=340A118 Ebx=33D5D80 Ecx=100028 Edx=3409F58 Edi=1C Esi=340A140 Ebp=303EBA0 Esp=303EB28 Eip=77C451C3

ADDR: 77C451EB CODE: 7420 jz 0x77c4520d
Eax=340A118 Ebx=33D5D80 Ecx=100028 Edx=3409F58 Edi=1C Esi=340A140 Ebp=303EBA0 Esp=303EB28 Eip=77C451EB

ADDR: 77C45CAD CODE: 7412 jz 0x77c45cc1
Eax=340A118 Ebx=33D5D80 Ecx=100028 Edx=3409F58 Edi=340A148 Esi=340A140 Ebp=303EBA0 Esp=303EB28 Eip=77C45CAD

ADDR: 77C7B3CA CODE: 744f jz 0x77c7b41b
Eax=8 Ebx=33D5D80 Ecx=340A148 Edx=8 Edi=340A148 Esi=340A140 Ebp=303EBA0 Esp=303EB18 Eip=77C7B3CA

ADDR: 77C7B3D8 CODE: 7231 jb 0x77c7b40b
Eax=0 Ebx=33D5D80 Ecx=340A148 Edx=8 Edi=340A148 Esi=340A140 Ebp=303EBA0 Esp=303EB14 Eip=77C7B3D8

ADDR: 77C7B3DF CODE: 740c jz 0x77c7b3ed
Eax=0 Ebx=33D5D80 Ecx=0 Edx=8 Edi=340A148 Esi=340A140 Ebp=303EBA0 Esp=303EB14 Eip=77C7B3DF

ADDR: 77C7B403 CODE: 7406 jz 0x77c7b40b
Eax=0 Ebx=33D5D80 Ecx=2 Edx=0 Edi=340A148 Esi=340A140 Ebp=303EBA0 Esp=303EB14 Eip=77C7B403

ADDR: 77C7B409 CODE: 740a jz 0x77c7b415
Eax=0 Ebx=33D5D80 Ecx=0 Edx=0 Edi=340A150 Esi=340A140 Ebp=303EBA0 Esp=303EB14 Eip=77C7B409

ADDR: 77C45CD2 CODE: 7308 jae 0x77c45cdc
Eax=2 Ebx=33D5D80 Ecx=4 Edx=C Edi=340A148 Esi=340A140 Ebp=303EBA0 Esp=303EB28 Eip=77C45CD2

ADDR: 77C45D1D CODE: 0f8474000000 jz 0x77c45d97
Eax=2 Ebx=33D0000 Ecx=4 Edx=0 Edi=340A148 Esi=340A140 Ebp=303EBA0 Esp=303EB28 Eip=77C45D1D

ADDR: 77C45DA5 CODE: 7415 jz 0x77c45dbc
Eax=0 Ebx=33D0000 Ecx=140008 Edx=0 Edi=340A148 Esi=340A140 Ebp=303EBA0 Esp=303EB28 Eip=77C45DA5

ADDR: 77C45DC4 CODE: 0f8492000000 jz 0x77c45e5c
Eax=7FFE0380 Ebx=33D0000 Ecx=140008 Edx=0 Edi=340A148 Esi=340A140 Ebp=303EBA0 Esp=303EB28 Eip=77C45DC4

ADDR: 77C45E63 CODE: 743b jz 0x77c45ea0
Eax=0 Ebx=33D0000 Ecx=140008 Edx=0 Edi=340A148 Esi=340A140 Ebp=303EBA0 Esp=303EB28 Eip=77C45E63

ADDR: 7790D434 CODE: 0f8438b00600 jz 0x77978472
Eax=340A148 Ebx=40 Ecx=140008 Edx=0 Edi=0 Esi=340A148 Ebp=303EC10 Esp=303EBD0 Eip=7790D434

ADDR: C90C51 CODE: 740b jz 0xc90c5e
Eax=340A148 Ebx=0 Ecx=303ECF4 Edx=0 Edi=0 Esi=303ECF4 Ebp=303F918 Esp=303EC18 Eip=C90C51

ADDR: 77C44CFF CODE: 0f8426e60500 jz 0x77ca332b
Eax=33D0000 Ebx=0 Ecx=303ECF4 Edx=0 Edi=303EC60 Esi=33D0000 Ebp=303EC0C Esp=303EC00 Eip=77C44CFF

ADDR: 77C44D11 CODE: 0f842be60500 jz 0x77ca3342
Eax=33D0000 Ebx=0 Ecx=33D0000 Edx=A0 Edi=303EC60 Esi=33D0000 Ebp=303EC0C Esp=303EC00 Eip=77C44D11

ADDR: 77C44E6C CODE: 760c jbe 0x77c44e7a
Eax=0 Ebx=33D0000 Ecx=8 Edx=A0 Edi=A0 Esi=33D0000 Ebp=303EBF0 Esp=303EB78 Eip=77C44E6C

ADDR: 77C44E9D CODE: 742b jz 0x77c44eca
Eax=0 Ebx=33D0000 Ecx=0 Edx=0 Edi=A0 Esi=33D0000 Ebp=303EBF0 Esp=303EB78 Eip=77C44E9D

ADDR: 77C44ED5 CODE: 7445 jz 0x77c44f1c
Eax=0 Ebx=33D0000 Ecx=8 Edx=0 Edi=A0 Esi=0 Ebp=303EBF0 Esp=303EB78 Eip=77C44ED5

ADDR: 77C44F4B CODE: 0f87f5090000 ja 0x77c45946
Eax=A0 Ebx=33D0000 Ecx=8 Edx=15 Edi=A0 Esi=A8 Ebp=303EBF0 Esp=303EB78 Eip=77C44F4B

ADDR: 77C44F6F CODE: 0f84ce090000 jz 0x77c45943
Eax=20 Ebx=33D0000 Ecx=5 Edx=8 Edi=A0 Esi=A8 Ebp=303EBF0 Esp=303EB78 Eip=77C44F6F

ADDR: 77C4594F CODE: 7211 jb 0x77c45962
Eax=33D0270 Ebx=33D0000 Ecx=5 Edx=15 Edi=A0 Esi=A8 Ebp=303EBF0 Esp=303EB78 Eip=77C4594F

ADDR: 77C45967 CODE: 0f838c030000 jae 0x77c45cf9
Eax=33D0270 Ebx=33D0000 Ecx=15 Edx=15 Edi=A0 Esi=A8 Ebp=303EBF0 Esp=303EB78 Eip=77C45967

ADDR: 77C4597C CODE: 7402 jz 0x77c45980
Eax=33D0270 Ebx=33D0000 Ecx=15 Edx=15 Edi=A0 Esi=A8 Ebp=303EBF0 Esp=303EB78 Eip=77C4597C

ADDR: 77C45F44 CODE: 7329 jae 0x77c45f6f
Eax=303EB50 Ebx=A Ecx=33D0000 Edx=A Edi=33D0000 Esi=15 Ebp=303EB60 Esp=303E9E0 Eip=77C45F44

ADDR: 77C45F53 CODE: 730c jae 0x77c45f61
Eax=303EB50 Ebx=A Ecx=33D0001 Edx=15 Edi=33D0000 Esi=15 Ebp=303EB60 Esp=303E9E0 Eip=77C45F53

ADDR: 77C46022 CODE: 7415 jz 0x77c46039
Eax=303EBC0 Ebx=0 Ecx=33D0001 Edx=15 Edi=33D0000 Esi=15 Ebp=303EB60 Esp=303E9E0 Eip=77C46022

ADDR: 77C63F37 CODE: 7316 jae 0x77c63f4f
Eax=33D0258 Ebx=0 Ecx=33D025C Edx=2E98000 Edi=33D0000 Esi=15 Ebp=303E9D4 Esp=303E9D4 Eip=77C63F37

ADDR: 77C460CB CODE: 7407 jz 0x77c460d4
Eax=1 Ebx=0 Ecx=7F38 Edx=2E98000 Edi=33D0000 Esi=15 Ebp=303EB60 Esp=303E9E0 Eip=77C460CB

ADDR: 77C460DA CODE: 0f8739170000 ja 0x77c47819
Eax=1 Ebx=0 Ecx=7F38 Edx=15 Edi=33D0000 Esi=15 Ebp=303EB60 Esp=303E9E0 Eip=77C460DA

ADDR: 77C460F4 CODE: 723a jb 0x77c46130
Eax=A0 Ebx=0 Ecx=7F38 Edx=15 Edi=33D0000 Esi=15 Ebp=303EB60 Esp=303E9E0 Eip=77C460F4

ADDR: 77C46136 CODE: 0f87d5000000 ja 0x77c46211
Eax=A0 Ebx=0 Ecx=7F38 Edx=15 Edi=33D0000 Esi=15 Ebp=303EB60 Esp=303E9E0 Eip=77C46136

ADDR: 77C46188 CODE: 7716 ja 0x77c461a0
Eax=33D2606 Ebx=5 Ecx=146 Edx=8 Edi=33D0000 Esi=33D26BA Ebp=303EB60 Esp=303E9E0 Eip=77C46188

ADDR: 77C46192 CODE: 770c ja 0x77c461a0
Eax=FF00 Ebx=5 Ecx=146 Edx=8 Edi=33D0000 Esi=33D26BA Ebp=303EB60 Esp=303E9E0 Eip=77C46192

ADDR: 77C46216 CODE: 0f844f020000 jz 0x77c4646b
Eax=FF00 Ebx=5 Ecx=146 Edx=15 Edi=33D0000 Esi=33D02F8 Ebp=303EB60 Esp=303E9E0 Eip=77C46216

ADDR: 77C46220 CODE: 0f8445020000 jz 0x77c4646b
Eax=FF00 Ebx=5 Ecx=146 Edx=15 Edi=33D0000 Esi=0 Ebp=303EB60 Esp=303E9E0 Eip=77C46220

ADDR: 77C46485 CODE: 7304 jae 0x77c4648b
Eax=33D00C0 Ebx=5 Ecx=80 Edx=15 Edi=33D0000 Esi=33D0270 Ebp=303EB60 Esp=303E9E0 Eip=77C46485

ADDR: 77C464D3 CODE: 7438 jz 0x77c4650d
Eax=3424778 Ebx=7EFB8BB1 Ecx=80 Edx=33D00C0 Edi=33D0000 Esi=33D0270 Ebp=303EB60 Esp=303E9E0 Eip=77C464D3

ADDR: 77C464F3 CODE: 7418 jz 0x77c4650d
Eax=8 Ebx=800050D Ecx=808 Edx=33D00C0 Edi=33D0000 Esi=33D0270 Ebp=303EB60 Esp=303E9E0 Eip=77C464F3

ADDR: 77C4651D CODE: 7e07 jle 0x77c46526
Eax=50D Ebx=800050D Ecx=FFFFFB08 Edx=33D00C0 Edi=33D0000 Esi=33D0270 Ebp=303EB60 Esp=303E9E0 Eip=77C4651D

ADDR: 77C4653A CODE: 7438 jz 0x77c46574
Eax=34128C8 Ebx=74FB8EBE Ecx=FFFFFB08 Edx=33D00C0 Edi=33D0000 Esi=33D0270 Ebp=303EB60 Esp=303E9E0 Eip=77C4653A

ADDR: 77C4655A CODE: 7418 jz 0x77c46574
Eax=2 Ebx=2000002 Ecx=202 Edx=33D00C0 Edi=33D0000 Esi=33D0270 Ebp=303EB60 Esp=303E9E0 Eip=77C4655A

ADDR: 77C46584 CODE: 7f07 jg 0x77c4658d
Eax=2 Ebx=2000002 Ecx=13 Edx=33D00C0 Edi=33D0000 Esi=33D0270 Ebp=303EB60 Esp=303E9E0 Eip=77C46584

ADDR: 77C46679 CODE: 7422 jz 0x77c4669d
Eax=33D0294 Ebx=80000000 Ecx=3 Edx=0 Edi=33D0000 Esi=33D0270 Ebp=303EB60 Esp=303E9E0 Eip=77C46679

ADDR: 77C466A7 CODE: 740c jz 0x77c466b5
Eax=0 Ebx=80000000 Ecx=3 Edx=0 Edi=33D0000 Esi=33D0270 Ebp=303EB60 Esp=303E9E0 Eip=77C466A7

ADDR: 77C466D1 CODE: 7402 jz 0x77c466d5
Eax=1F Ebx=80 Ecx=3 Edx=1F Edi=33D0000 Esi=33D0270 Ebp=303EB60 Esp=303E9E0 Eip=77C466D1

ADDR: 77C466E0 CODE: 0f841c110000 jz 0x77c47802
Eax=3421B28 Ebx=80 Ecx=3 Edx=1F Edi=33D0000 Esi=33D0270 Ebp=303EB60 Esp=303E9E0 Eip=77C466E0

ADDR: 77C466F2 CODE: 0f844d020000 jz 0x77c46945
Eax=3421B28 Ebx=80 Ecx=3 Edx=1F Edi=33D0000 Esi=33D0270 Ebp=303EB60 Esp=303E9E0 Eip=77C466F2

ADDR: 77C46702 CODE: 741f jz 0x77c46723
Eax=3421B28 Ebx=3421B20 Ecx=3 Edx=1F Edi=33D0000 Esi=33D0270 Ebp=303EB60 Esp=303E9E0 Eip=77C46702

ADDR: 77C46714 CODE: 740a jz 0x77c46720
Eax=76FB8E1F Ebx=3421B20 Ecx=3 Edx=1F Edi=33D0000 Esi=33D0270 Ebp=303EB60 Esp=303E9E0 Eip=77C46714

ADDR: 77C46729 CODE: 0f8200020000 jb 0x77c4692f
Eax=3421B28 Ebx=3421B20 Ecx=3 Edx=1F Edi=33D0000 Esi=1F Ebp=303EB60 Esp=303E9E0 Eip=77C46729

ADDR: 77C46761 CODE: 0f841c010000 jz 0x77c46883
Eax=3421B28 Ebx=3421B20 Ecx=33D0270 Edx=3421B28 Edi=33D0000 Esi=1F Ebp=303EB60 Esp=303E9E0 Eip=77C46761

ADDR: 77C46778 CODE: 730b jae 0x77c46785
Eax=1F Ebx=3421B20 Ecx=33D0270 Edx=3421B28 Edi=33D0000 Esi=80 Ebp=303EB60 Esp=303E9E0 Eip=77C46778

ADDR: 77C4680D CODE: 0f83db000000 jae 0x77c468ee
Eax=80 Ebx=3421B20 Ecx=33D0270 Edx=1F Edi=33D0000 Esi=3424780 Ebp=303EB60 Esp=303E9E0 Eip=77C4680D

ADDR: 77C46816 CODE: 0f84a3000000 jz 0x77c468bf
Eax=80 Ebx=3421B20 Ecx=33D0270 Edx=1F Edi=33D0000 Esi=3424780 Ebp=303EB60 Esp=303E9E0 Eip=77C46816

ADDR: 77C46829 CODE: 743c jz 0x77c46867
Eax=80 Ebx=7EFB8BB1 Ecx=33D0270 Edx=1F Edi=33D0000 Esi=3424780 Ebp=303EB60 Esp=303E9E0 Eip=77C46829

ADDR: 77C46849 CODE: 7419 jz 0x77c46864
Eax=8 Ebx=800050D Ecx=808 Edx=1F Edi=33D0000 Esi=3424780 Ebp=303EB60 Esp=303E9E0 Eip=77C46849

ADDR: 77C46895 CODE: 7475 jz 0x77c4690c
Eax=3424780 Ebx=3421B20 Ecx=3421A60 Edx=7FFFFFFF Edi=33D0000 Esi=0 Ebp=303EB60 Esp=303E9E0 Eip=77C46895

ADDR: 77C46ACC CODE: 7418 jz 0x77c46ae6
Eax=3424780 Ebx=3421B20 Ecx=3421A00 Edx=7FFFFFFF Edi=33D0000 Esi=1 Ebp=303EB60 Esp=303E9E0 Eip=77C46ACC

ADDR: 77C46B12 CODE: 7305 jae 0x77c46b19
Eax=8 Ebx=3421B20 Ecx=15 Edx=A Edi=33D0000 Esi=1 Ebp=303EB60 Esp=303E9E0 Eip=77C46B12

ADDR: 77C46B27 CODE: 741e jz 0x77c46b47
Eax=8 Ebx=3421B20 Ecx=15 Edx=A Edi=33D0000 Esi=1 Ebp=303EB60 Esp=303E9E0 Eip=77C46B27

ADDR: 77C46CA1 CODE: 741a jz 0x77c46cbd
Eax=0 Ebx=3421B20 Ecx=15 Edx=A Edi=33D0000 Esi=1 Ebp=303EB60 Esp=303E9E0 Eip=77C46CA1

ADDR: 77C46D47 CODE: 0f845d050000 jz 0x77c472aa
Eax=F3 Ebx=3421BC8 Ecx=100000 Edx=A Edi=33D0000 Esi=3421C18 Ebp=303EB60 Esp=303E9E0 Eip=77C46D47

ADDR: 77C46D81 CODE: 0f8496020000 jz 0x77c4701d
Eax=33D00C0 Ebx=3421BC8 Ecx=100000 Edx=A Edi=33D0000 Esi=33D0270 Ebp=303EB60 Esp=303E9E0 Eip=77C46D81

ADDR: 77C46D8C CODE: 7304 jae 0x77c46d92
Eax=33D00C0 Ebx=3421BC8 Ecx=80 Edx=A Edi=33D0000 Esi=33D0270 Ebp=303EB60 Esp=303E9E0 Eip=77C46D8C

ADDR: 77C46DD5 CODE: 743b jz 0x77c46e12
Eax=3424778 Ebx=3421BC8 Ecx=3424780 Edx=7EFB8BB1 Edi=33D0000 Esi=33D0270 Ebp=303EB60 Esp=303E9E0 Eip=77C46DD5

ADDR: 77C46DF8 CODE: 7418 jz 0x77c46e12
Eax=8 Ebx=3421BC8 Ecx=808 Edx=800050D Edi=33D0000 Esi=33D0270 Ebp=303EB60 Esp=303E9E0 Eip=77C46DF8

ADDR: 77C46E22 CODE: 7e08 jle 0x77c46e2c
Eax=50D Ebx=3421BC8 Ecx=FFFFFAFD Edx=800050D Edi=33D0000 Esi=33D0270 Ebp=303EB60 Esp=303E9E0 Eip=77C46E22

ADDR: 77C46E43 CODE: 743b jz 0x77c46e80
Eax=34128C8 Ebx=3421BC8 Ecx=FFFFFAFD Edx=74FB8EBE Edi=33D0000 Esi=33D0270 Ebp=303EB60 Esp=303E9E0 Eip=77C46E43

ADDR: 77C46E66 CODE: 7418 jz 0x77c46e80
Eax=2 Ebx=3421BC8 Ecx=202 Edx=2000002 Edi=33D0000 Esi=33D0270 Ebp=303EB60 Esp=303E9E0 Eip=77C46E66

ADDR: 77C46E90 CODE: 7f0a jg 0x77c46e9c
Eax=2 Ebx=3421BC8 Ecx=8 Edx=2000002 Edi=33D0000 Esi=33D0270 Ebp=303EB60 Esp=303E9E0 Eip=77C46E90

ADDR: 77C46F92 CODE: 7422 jz 0x77c46fb6
Eax=3 Ebx=3421BC8 Ecx=2000 Edx=0 Edi=33D0000 Esi=33D0294 Ebp=303EB60 Esp=303E9E0 Eip=77C46F92

ADDR: 77C46F99 CODE: 7409 jz 0x77c46fa4
Eax=0 Ebx=3421BC8 Ecx=2000 Edx=0 Edi=33D0000 Esi=33D0294 Ebp=303EB60 Esp=303E9E0 Eip=77C46F99

ADDR: 77C46FED CODE: 7402 jz 0x77c46ff1
Eax=D Ebx=3421BC8 Ecx=20 Edx=D Edi=33D0000 Esi=33D0270 Ebp=303EB60 Esp=303E9E0 Eip=77C46FED

ADDR: 77C46FF9 CODE: 740b jz 0x77c47006
Eax=33D02A4 Ebx=3421BC8 Ecx=3421A60 Edx=D Edi=33D0000 Esi=33D0270 Ebp=303EB60 Esp=303E9E0 Eip=77C46FF9

ADDR: 77C47024 CODE: 7435 jz 0x77c4705b
Eax=33D00C0 Ebx=3421BC8 Ecx=3421A60 Edx=D Edi=33D0000 Esi=A Ebp=303EB60 Esp=303E9E0 Eip=77C47024

ADDR: 77C4702A CODE: 7413 jz 0x77c4703f
Eax=33D00C0 Ebx=3421BC8 Ecx=3421A60 Edx=D Edi=33D0000 Esi=A Ebp=303EB60 Esp=303E9E0 Eip=77C4702A

ADDR: 77C47035 CODE: 740c jz 0x77c47043
Eax=33D00C0 Ebx=3421BC8 Ecx=3421A60 Edx=7BFB8EB1 Edi=33D0000 Esi=A Ebp=303EB60 Esp=303E9E0 Eip=77C47035

ADDR: 77C4704F CODE: 760a jbe 0x77c4705b
Eax=D Ebx=3421BC8 Ecx=3421A60 Edx=D00000D Edi=33D0000 Esi=A Ebp=303EB60 Esp=303E9E0 Eip=77C4704F

ADDR: 77C47094 CODE: 0f84fc000000 jz 0x77c47196
Eax=A Ebx=3421BC8 Ecx=33D0270 Edx=33D8D58 Edi=33D0000 Esi=3421A60 Ebp=303EB60 Esp=303E9E0 Eip=77C47094

ADDR: 77C470A5 CODE: 730a jae 0x77c470b1
Eax=A Ebx=3421BC8 Ecx=33D0270 Edx=33D8D58 Edi=33D0000 Esi=80 Ebp=303EB60 Esp=303E9E0 Eip=77C470A5

ADDR: 77C470FF CODE: 7464 jz 0x77c47165
Eax=0 Ebx=3421BC8 Ecx=33D0270 Edx=A Edi=33D0000 Esi=A Ebp=303EB60 Esp=303E9E0 Eip=77C470FF

ADDR: 77C4719A CODE: 0f8497040000 jz 0x77c47637
Eax=33D0294 Ebx=3421BC8 Ecx=A Edx=400 Edi=33D0000 Esi=0 Ebp=303EB60 Esp=303E9E0 Eip=77C4719A

ADDR: 77C46B7F CODE: 0f841c0b0000 jz 0x77c476a1
Eax=8 Ebx=3421B28 Ecx=A8 Edx=3421B27 Edi=33D0000 Esi=A8 Ebp=303EB60 Esp=303E9E0 Eip=77C46B7F

ADDR: 77C46B89 CODE: 7413 jz 0x77c46b9e
Eax=8 Ebx=3421B28 Ecx=A8 Edx=3421B27 Edi=33D0000 Esi=A8 Ebp=303EB60 Esp=303E9E0 Eip=77C46B89

ADDR: 77C46BA2 CODE: 0f84b7000000 jz 0x77c46c5f
Eax=76FB8EBC Ebx=3421B28 Ecx=3421B20 Edx=3421B27 Edi=33D0000 Esi=A8 Ebp=303EB60 Esp=303E9E0 Eip=77C46BA2

ADDR: 77C46BC7 CODE: 762c jbe 0x77c46bf5
Eax=76FB8EBC Ebx=3421B28 Ecx=3421B20 Edx=1 Edi=33D0000 Esi=A8 Ebp=303EB60 Esp=303E9E0 Eip=77C46BC7

ADDR: 77C46C05 CODE: 7249 jb 0x77c46c50
Eax=76FB8EBC Ebx=3421B28 Ecx=3421B20 Edx=1 Edi=33D0000 Esi=A8 Ebp=303EB60 Esp=303E9E0 Eip=77C46C05

ADDR: 77C47B53 CODE: 746e jz 0x77c47bc3
Eax=FFFFFFFE Ebx=33D0258 Ecx=FFFFFFFF Edx=1 Edi=33D025C Esi=FFFFFFFE Ebp=303E9D4 Esp=303E9C0 Eip=77C47B53

ADDR: 77C46C63 CODE: 0f84150e0000 jz 0x77c47a7e
Eax=0 Ebx=3421B28 Ecx=FFFFFFFF Edx=1 Edi=33D0000 Esi=A8 Ebp=303EB60 Esp=303E9E0 Eip=77C46C63

ADDR: 77C7B3CA CODE: 744f jz 0x77c7b41b
Eax=A0 Ebx=3421B28 Ecx=3421B28 Edx=A0 Edi=33D0000 Esi=A8 Ebp=303EB60 Esp=303E9D0 Eip=77C7B3CA

ADDR: 77C7B3D8 CODE: 7231 jb 0x77c7b40b
Eax=0 Ebx=3421B28 Ecx=3421B28 Edx=A0 Edi=3421B28 Esi=A8 Ebp=303EB60 Esp=303E9CC Eip=77C7B3D8

ADDR: 77C7B3DF CODE: 740c jz 0x77c7b3ed
Eax=0 Ebx=3421B28 Ecx=0 Edx=A0 Edi=3421B28 Esi=A8 Ebp=303EB60 Esp=303E9CC Eip=77C7B3DF

ADDR: 77C7B403 CODE: 7406 jz 0x77c7b40b
Eax=0 Ebx=3421B28 Ecx=28 Edx=0 Edi=3421B28 Esi=A8 Ebp=303EB60 Esp=303E9CC Eip=77C7B403

ADDR: 77C7B409 CODE: 740a jz 0x77c7b415
Eax=0 Ebx=3421B28 Ecx=0 Edx=0 Edi=3421BC8 Esi=A8 Ebp=303EB60 Esp=303E9CC Eip=77C7B409

ADDR: 77C47AAD CODE: 741e jz 0x77c47acd
Eax=3421B28 Ebx=3421B28 Ecx=0 Edx=0 Edi=33D0000 Esi=A8 Ebp=303EB60 Esp=303E9DC Eip=77C47AAD

ADDR: 77C47A91 CODE: 743b jz 0x77c47ace
Eax=0 Ebx=3421B28 Ecx=0 Edx=0 Edi=33D0000 Esi=A8 Ebp=303EB60 Esp=303E9E0 Eip=77C47A91

ADDR: 77C47AD6 CODE: 741f jz 0x77c47af7
Eax=7FFE0388 Ebx=3421B28 Ecx=0 Edx=0 Edi=33D0000 Esi=A8 Ebp=303EB60 Esp=303E9E0 Eip=77C47AD6

ADDR: 77C45D13 CODE: 7445 jz 0x77c45d5a
Eax=3421B28 Ebx=33D0000 Ecx=EA68A05 Edx=0 Edi=3421B28 Esi=A8 Ebp=303EBF0 Esp=303EB78 Eip=77C45D13

ADDR: 77C45D1D CODE: 0f8474000000 jz 0x77c45d97
Eax=3421B28 Ebx=33D0000 Ecx=A0 Edx=0 Edi=3421B28 Esi=A8 Ebp=303EBF0 Esp=303EB78 Eip=77C45D1D

ADDR: 77C45DA5 CODE: 7415 jz 0x77c45dbc
Eax=0 Ebx=33D0000 Ecx=8 Edx=0 Edi=3421B28 Esi=A8 Ebp=303EBF0 Esp=303EB78 Eip=77C45DA5

ADDR: 77C45DC4 CODE: 0f8492000000 jz 0x77c45e5c
Eax=7FFE0380 Ebx=33D0000 Ecx=8 Edx=0 Edi=3421B28 Esi=A8 Ebp=303EBF0 Esp=303EB78 Eip=77C45DC4

ADDR: 77C45E63 CODE: 743b jz 0x77c45ea0
Eax=0 Ebx=33D0000 Ecx=8 Edx=0 Edi=3421B28 Esi=A8 Ebp=303EBF0 Esp=303EB78 Eip=77C45E63

ADDR: 77C44CFF CODE: 0f8426e60500 jz 0x77ca332b
Eax=33D0000 Ebx=0 Ecx=0 Edx=0 Edi=3421BC8 Esi=33D0000 Ebp=303EC0C Esp=303EC00 Eip=77C44CFF

ADDR: 77C44D11 CODE: 0f842be60500 jz 0x77ca3342
Eax=33D0000 Ebx=0 Ecx=33D0000 Edx=8 Edi=3421BC8 Esi=33D0000 Ebp=303EC0C Esp=303EC00 Eip=77C44D11

ADDR: 77C44E6C CODE: 760c jbe 0x77c44e7a
Eax=0 Ebx=33D0000 Ecx=8 Edx=8 Edi=8 Esi=33D0000 Ebp=303EBF0 Esp=303EB78 Eip=77C44E6C

ADDR: 77C44E9D CODE: 742b jz 0x77c44eca
Eax=0 Ebx=33D0000 Ecx=0 Edx=0 Edi=8 Esi=33D0000 Ebp=303EBF0 Esp=303EB78 Eip=77C44E9D

ADDR: 77C44ED5 CODE: 7445 jz 0x77c44f1c
Eax=0 Ebx=33D0000 Ecx=8 Edx=0 Edi=8 Esi=0 Ebp=303EBF0 Esp=303EB78 Eip=77C44ED5

ADDR: 77C44F4B CODE: 0f87f5090000 ja 0x77c45946
Eax=8 Ebx=33D0000 Ecx=8 Edx=2 Edi=8 Esi=10 Ebp=303EBF0 Esp=303EB78 Eip=77C44F4B

ADDR: 77C44F6F CODE: 0f84ce090000 jz 0x77c45943
Eax=4 Ebx=33D0000 Ecx=2 Edx=FC Edi=8 Esi=10 Ebp=303EBF0 Esp=303EB78 Eip=77C44F6F

ADDR: 77C44FAE CODE: 744c jz 0x77c44ffc
Eax=33D2600 Ebx=31601C0 Ecx=0 Edx=3160000 Edi=8 Esi=10 Ebp=303EBF0 Esp=303EB78 Eip=77C44FAE

ADDR: 77C45057 CODE: 0f84bb010000 jz 0x77c45218
Eax=33D5D70 Ebx=31601C0 Ecx=3160A98 Edx=3160000 Edi=8 Esi=10 Ebp=303EBF0 Esp=303EB78 Eip=77C45057

ADDR: 77C45077 CODE: 797c jns 0x77c450f5
Eax=1C Ebx=33D5D80 Ecx=31607D0 Edx=3160000 Edi=3160000 Esi=10 Ebp=303EBF0 Esp=303EB78 Eip=77C45077

ADDR: 77C45118 CODE: 0f84c7000000 jz 0x77c451e5
Eax=1C Ebx=33D5D80 Ecx=31607D0 Edx=0 Edi=64 Esi=1C001F Ebp=303EBF0 Esp=303EB78 Eip=77C45118

ADDR: 77C4512E CODE: 740a jz 0x77c4513a
Eax=1C001F Ebx=33D5D80 Ecx=801C001F Edx=0 Edi=64 Esi=1C001F Ebp=303EBF0 Esp=303EB78 Eip=77C4512E

ADDR: 77C4513D CODE: 0f84a2000000 jz 0x77c451e5
Eax=1C001F Ebx=33D5D80 Ecx=801C001F Edx=0 Edi=64 Esi=1C001F Ebp=303EBF0 Esp=303EB78 Eip=77C4513D

ADDR: 77C4514E CODE: 0f848f000000 jz 0x77c451e3
Eax=3409F58 Ebx=33D5D80 Ecx=33D5D70 Edx=0 Edi=64 Esi=1C001F Ebp=303EBF0 Esp=303EB78 Eip=77C4514E

ADDR: 77C45162 CODE: 747f jz 0x77c451e3
Eax=3160A98 Ebx=33D5D80 Ecx=33D5D70 Edx=0 Edi=64 Esi=1C001F Ebp=303EBF0 Esp=303EB78 Eip=77C45162

ADDR: 77C65F14 CODE: 741a jz 0x77c65f30
Eax=E0 Ebx=33D5D80 Ecx=A6 Edx=E0A6 Edi=A6 Esi=2E98000 Ebp=303EB70 Esp=303EB64 Eip=77C65F14

ADDR: 77C9545A CODE: 730d jae 0x77c95469
Eax=3409F6C Ebx=33D5D80 Ecx=3409F74 Edx=1C Edi=FFFFFFFF Esi=3D Ebp=303EB68 Esp=303EB58 Eip=77C9545A

ADDR: 77C954A7 CODE: 7313 jae 0x77c954bc
Eax=3409F78 Ebx=FFFFFFDD Ecx=20 Edx=3409F74 Edi=FFFFFFFF Esi=14 Ebp=303EB68 Esp=303EB58 Eip=77C954A7

ADDR: 77C451C3 CODE: 7422 jz 0x77c451e7
Eax=3409F68 Ebx=33D5D80 Ecx=100028 Edx=3409F58 Edi=1 Esi=3409F90 Ebp=303EBF0 Esp=303EB78 Eip=77C451C3

ADDR: 77C451EB CODE: 7420 jz 0x77c4520d
Eax=3409F68 Ebx=33D5D80 Ecx=100028 Edx=3409F58 Edi=1 Esi=3409F90 Ebp=303EBF0 Esp=303EB78 Eip=77C451EB

ADDR: 77C45CAD CODE: 7412 jz 0x77c45cc1
Eax=3409F68 Ebx=33D5D80 Ecx=100028 Edx=3409F58 Edi=3409F98 Esi=3409F90 Ebp=303EBF0 Esp=303EB78 Eip=77C45CAD

ADDR: 77C7B3CA CODE: 744f jz 0x77c7b41b
Eax=8 Ebx=33D5D80 Ecx=3409F98 Edx=8 Edi=3409F98 Esi=3409F90 Ebp=303EBF0 Esp=303EB68 Eip=77C7B3CA

ADDR: 77C7B3D8 CODE: 7231 jb 0x77c7b40b
Eax=0 Ebx=33D5D80 Ecx=3409F98 Edx=8 Edi=3409F98 Esi=3409F90 Ebp=303EBF0 Esp=303EB64 Eip=77C7B3D8

ADDR: 77C7B3DF CODE: 740c jz 0x77c7b3ed
Eax=0 Ebx=33D5D80 Ecx=0 Edx=8 Edi=3409F98 Esi=3409F90 Ebp=303EBF0 Esp=303EB64 Eip=77C7B3DF

ADDR: 77C7B403 CODE: 7406 jz 0x77c7b40b
Eax=0 Ebx=33D5D80 Ecx=2 Edx=0 Edi=3409F98 Esi=3409F90 Ebp=303EBF0 Esp=303EB64 Eip=77C7B403

ADDR: 77C7B409 CODE: 740a jz 0x77c7b415
Eax=0 Ebx=33D5D80 Ecx=0 Edx=0 Edi=3409FA0 Esi=3409F90 Ebp=303EBF0 Esp=303EB64 Eip=77C7B409

ADDR: 77C45CD2 CODE: 7308 jae 0x77c45cdc
Eax=2 Ebx=33D5D80 Ecx=8 Edx=8 Edi=3409F98 Esi=3409F90 Ebp=303EBF0 Esp=303EB78 Eip=77C45CD2

ADDR: 77C45D1D CODE: 0f8474000000 jz 0x77c45d97
Eax=2 Ebx=33D0000 Ecx=8 Edx=0 Edi=3409F98 Esi=3409F90 Ebp=303EBF0 Esp=303EB78 Eip=77C45D1D

ADDR: 77C45DA5 CODE: 7415 jz 0x77c45dbc
Eax=0 Ebx=33D0000 Ecx=8 Edx=0 Edi=3409F98 Esi=3409F90 Ebp=303EBF0 Esp=303EB78 Eip=77C45DA5

ADDR: 77C45DC4 CODE: 0f8492000000 jz 0x77c45e5c
Eax=7FFE0380 Ebx=33D0000 Ecx=8 Edx=0 Edi=3409F98 Esi=3409F90 Ebp=303EBF0 Esp=303EB78 Eip=77C45DC4

ADDR: 77C45E63 CODE: 743b jz 0x77c45ea0
Eax=0 Ebx=33D0000 Ecx=8 Edx=0 Edi=3409F98 Esi=3409F90 Ebp=303EBF0 Esp=303EB78 Eip=77C45E63

ADDR: C840DC CODE: 74c7 jz 0xc840a5
Eax=3409F98 Ebx=0 Ecx=8 Edx=3409F98 Edi=3421BC8 Esi=C95828 Ebp=303F918 Esp=303EC20 Eip=C840DC

ADDR: C90CC2 CODE: 7408 jz 0xc90ccc
Eax=C72AB8 Ebx=0 Ecx=7FFFFFFF Edx=7FFFFFFF Edi=0 Esi=C95828 Ebp=303EC14 Esp=303EC08 Eip=C90CC2

ADDR: C90CC2 CODE: 7408 jz 0xc90ccc
Eax=C72ABA Ebx=0 Ecx=7FFFFFFE Edx=7FFFFFFF Edi=0 Esi=C95828 Ebp=303EC14 Esp=303EC08 Eip=C90CC2

ADDR: C90CC2 CODE: 7408 jz 0xc90ccc
Eax=C72ABC Ebx=0 Ecx=7FFFFFFD Edx=7FFFFFFF Edi=0 Esi=C95828 Ebp=303EC14 Esp=303EC08 Eip=C90CC2

ADDR: C90CC2 CODE: 7408 jz 0xc90ccc
Eax=C72ABE Ebx=0 Ecx=7FFFFFFC Edx=7FFFFFFF Edi=0 Esi=C95828 Ebp=303EC14 Esp=303EC08 Eip=C90CC2

ADDR: C90CC2 CODE: 7408 jz 0xc90ccc
Eax=C72AC0 Ebx=0 Ecx=7FFFFFFB Edx=7FFFFFFF Edi=0 Esi=C95828 Ebp=303EC14 Esp=303EC08 Eip=C90CC2

ADDR: C90CC2 CODE: 7408 jz 0xc90ccc
Eax=C72AC2 Ebx=0 Ecx=7FFFFFFA Edx=7FFFFFFF Edi=0 Esi=C95828 Ebp=303EC14 Esp=303EC08 Eip=C90CC2

ADDR: C90CC2 CODE: 7408 jz 0xc90ccc
Eax=C72AC4 Ebx=0 Ecx=7FFFFFF9 Edx=7FFFFFFF Edi=0 Esi=C95828 Ebp=303EC14 Esp=303EC08 Eip=C90CC2

ADDR: C90CC2 CODE: 7408 jz 0xc90ccc
Eax=C72AC6 Ebx=0 Ecx=7FFFFFF8 Edx=7FFFFFFF Edi=0 Esi=C95828 Ebp=303EC14 Esp=303EC08 Eip=C90CC2

ADDR: C90CC2 CODE: 7408 jz 0xc90ccc
Eax=C72AC8 Ebx=0 Ecx=7FFFFFF7 Edx=7FFFFFFF Edi=0 Esi=C95828 Ebp=303EC14 Esp=303EC08 Eip=C90CC2

ADDR: C90CC2 CODE: 7408 jz 0xc90ccc
Eax=C72ACA Ebx=0 Ecx=7FFFFFF6 Edx=7FFFFFFF Edi=0 Esi=C95828 Ebp=303EC14 Esp=303EC08 Eip=C90CC2

ADDR: C90CC2 CODE: 7408 jz 0xc90ccc
Eax=C72ACC Ebx=0 Ecx=7FFFFFF5 Edx=7FFFFFFF Edi=0 Esi=C95828 Ebp=303EC14 Esp=303EC08 Eip=C90CC2

ADDR: C90CC2 CODE: 7408 jz 0xc90ccc
Eax=C72ACE Ebx=0 Ecx=7FFFFFF4 Edx=7FFFFFFF Edi=0 Esi=C95828 Ebp=303EC14 Esp=303EC08 Eip=C90CC2

ADDR: C90CC2 CODE: 7408 jz 0xc90ccc
Eax=C72AD0 Ebx=0 Ecx=7FFFFFF3 Edx=7FFFFFFF Edi=0 Esi=C95828 Ebp=303EC14 Esp=303EC08 Eip=C90CC2

ADDR: C90CC2 CODE: 7408 jz 0xc90ccc
Eax=C72AD2 Ebx=0 Ecx=7FFFFFF2 Edx=7FFFFFFF Edi=0 Esi=C95828 Ebp=303EC14 Esp=303EC08 Eip=C90CC2

ADDR: C90CC2 CODE: 7408 jz 0xc90ccc
Eax=C72AD4 Ebx=0 Ecx=7FFFFFF1 Edx=7FFFFFFF Edi=0 Esi=C95828 Ebp=303EC14 Esp=303EC08 Eip=C90CC2

ADDR: C90CC2 CODE: 7408 jz 0xc90ccc
Eax=C72AD6 Ebx=0 Ecx=7FFFFFF0 Edx=7FFFFFFF Edi=0 Esi=C95828 Ebp=303EC14 Esp=303EC08 Eip=C90CC2

ADDR: C90CC2 CODE: 7408 jz 0xc90ccc
Eax=C72AD8 Ebx=0 Ecx=7FFFFFEF Edx=7FFFFFFF Edi=0 Esi=C95828 Ebp=303EC14 Esp=303EC08 Eip=C90CC2

ADDR: C90CC2 CODE: 7408 jz 0xc90ccc
Eax=C72ADA Ebx=0 Ecx=7FFFFFEE Edx=7FFFFFFF Edi=0 Esi=C95828 Ebp=303EC14 Esp=303EC08 Eip=C90CC2

ADDR: C90CC2 CODE: 7408 jz 0xc90ccc
Eax=C72ADC Ebx=0 Ecx=7FFFFFED Edx=7FFFFFFF Edi=0 Esi=C95828 Ebp=303EC14 Esp=303EC08 Eip=C90CC2

ADDR: C90CC2 CODE: 7408 jz 0xc90ccc
Eax=C72ADE Ebx=0 Ecx=7FFFFFEC Edx=7FFFFFFF Edi=0 Esi=C95828 Ebp=303EC14 Esp=303EC08 Eip=C90CC2

ADDR: C90CC2 CODE: 7408 jz 0xc90ccc
Eax=C72AE0 Ebx=0 Ecx=7FFFFFEB Edx=7FFFFFFF Edi=0 Esi=C95828 Ebp=303EC14 Esp=303EC08 Eip=C90CC2

ADDR: C90CC2 CODE: 7408 jz 0xc90ccc
Eax=C72AE2 Ebx=0 Ecx=7FFFFFEA Edx=7FFFFFFF Edi=0 Esi=C95828 Ebp=303EC14 Esp=303EC08 Eip=C90CC2

ADDR: C90CC2 CODE: 7408 jz 0xc90ccc
Eax=C72AE4 Ebx=0 Ecx=7FFFFFE9 Edx=7FFFFFFF Edi=0 Esi=C95828 Ebp=303EC14 Esp=303EC08 Eip=C90CC2

ADDR: C90CC2 CODE: 7408 jz 0xc90ccc
Eax=C72AE6 Ebx=0 Ecx=7FFFFFE8 Edx=7FFFFFFF Edi=0 Esi=C95828 Ebp=303EC14 Esp=303EC08 Eip=C90CC2

ADDR: C90CC2 CODE: 7408 jz 0xc90ccc
Eax=C72AE8 Ebx=0 Ecx=7FFFFFE7 Edx=7FFFFFFF Edi=0 Esi=C95828 Ebp=303EC14 Esp=303EC08 Eip=C90CC2

ADDR: C90CC2 CODE: 7408 jz 0xc90ccc
Eax=C72AEA Ebx=0 Ecx=7FFFFFE6 Edx=7FFFFFFF Edi=0 Esi=C95828 Ebp=303EC14 Esp=303EC08 Eip=C90CC2

ADDR: C90CC2 CODE: 7408 jz 0xc90ccc
Eax=C72AEC Ebx=0 Ecx=7FFFFFE5 Edx=7FFFFFFF Edi=0 Esi=C95828 Ebp=303EC14 Esp=303EC08 Eip=C90CC2

ADDR: C90CC2 CODE: 7408 jz 0xc90ccc
Eax=C72AEE Ebx=0 Ecx=7FFFFFE4 Edx=7FFFFFFF Edi=0 Esi=C95828 Ebp=303EC14 Esp=303EC08 Eip=C90CC2

ADDR: C90CC2 CODE: 7408 jz 0xc90ccc
Eax=C72AF0 Ebx=0 Ecx=7FFFFFE3 Edx=7FFFFFFF Edi=0 Esi=C95828 Ebp=303EC14 Esp=303EC08 Eip=C90CC2

ADDR: C90CC2 CODE: 7408 jz 0xc90ccc
Eax=C72AF2 Ebx=0 Ecx=7FFFFFE2 Edx=7FFFFFFF Edi=0 Esi=C95828 Ebp=303EC14 Esp=303EC08 Eip=C90CC2

ADDR: C90CC2 CODE: 7408 jz 0xc90ccc
Eax=C72AF4 Ebx=0 Ecx=7FFFFFE1 Edx=7FFFFFFF Edi=0 Esi=C95828 Ebp=303EC14 Esp=303EC08 Eip=C90CC2

ADDR: C90CC2 CODE: 7408 jz 0xc90ccc
Eax=C72AF6 Ebx=0 Ecx=7FFFFFE0 Edx=7FFFFFFF Edi=0 Esi=C95828 Ebp=303EC14 Esp=303EC08 Eip=C90CC2

ADDR: C90CE1 CODE: 740c jz 0xc90cef
Eax=0 Ebx=0 Ecx=7FFFFFE0 Edx=7FFFFFFF Edi=0 Esi=303ECEC Ebp=303EC14 Esp=303EC08 Eip=C90CE1

ADDR: C90CE5 CODE: 7406 jz 0xc90ced
Eax=0 Ebx=0 Ecx=7FFFFFE0 Edx=7FFFFFFF Edi=0 Esi=303ECEC Ebp=303EC14 Esp=303EC08 Eip=C90CE5

ADDR: C8411A CODE: 7910 jns 0xc8412c
Eax=0 Ebx=0 Ecx=7FFFFFE0 Edx=1F Edi=3421BC8 Esi=C95828 Ebp=303F918 Esp=303EC20 Eip=C8411A

ADDR: C84143 CODE: 0f82e9240000 jb 0xc86632
Eax=20 Ebx=0 Ecx=44 Edx=1F Edi=3421BC8 Esi=C95828 Ebp=303F918 Esp=303EC20 Eip=C84143

ADDR: C8415B CODE: 7302 jae 0xc8415f
Eax=108 Ebx=0 Ecx=108 Edx=C4 Edi=FFFFFFFF Esi=C95828 Ebp=303F918 Esp=303EC20 Eip=C8415B

ADDR: C84175 CODE: 0f82ce250000 jb 0xc86749
Eax=108 Ebx=0 Ecx=108 Edx=C4 Edi=FFFFFFFF Esi=10000000 Ebp=303F918 Esp=303EC20 Eip=C84175

ADDR: C84182 CODE: 7302 jae 0xc84186
Eax=108 Ebx=0 Ecx=110 Edx=110 Edi=FFFFFFFF Esi=10000000 Ebp=303F918 Esp=303EC20 Eip=C84182

ADDR: C8419C CODE: 0f82a7250000 jb 0xc86749
Eax=108 Ebx=0 Ecx=110 Edx=110 Edi=FFFFFFFF Esi=10000000 Ebp=303F918 Esp=303EC20 Eip=C8419C

ADDR: C841A9 CODE: 7302 jae 0xc841ad
Eax=118 Ebx=0 Ecx=110 Edx=118 Edi=FFFFFFFF Esi=10000000 Ebp=303F918 Esp=303EC20 Eip=C841A9

ADDR: C841C4 CODE: 0f827f250000 jb 0xc86749
Eax=118 Ebx=0 Ecx=110 Edx=118 Edi=C0000095 Esi=10000000 Ebp=303F918 Esp=303EC20 Eip=C841C4

ADDR: 77C44CFF CODE: 0f8426e60500 jz 0x77ca332b
Eax=33D0000 Ebx=0 Ecx=110 Edx=118 Edi=C0000095 Esi=33D0000 Ebp=303EC0C Esp=303EC00 Eip=77C44CFF

ADDR: 77C44D11 CODE: 0f842be60500 jz 0x77ca3342
Eax=33D0000 Ebx=0 Ecx=33D0000 Edx=118 Edi=C0000095 Esi=33D0000 Ebp=303EC0C Esp=303EC00 Eip=77C44D11

ADDR: 77C44E6C CODE: 760c jbe 0x77c44e7a
Eax=0 Ebx=33D0000 Ecx=8 Edx=118 Edi=118 Esi=33D0000 Ebp=303EBF0 Esp=303EB78 Eip=77C44E6C

ADDR: 77C44E9D CODE: 742b jz 0x77c44eca
Eax=0 Ebx=33D0000 Ecx=0 Edx=0 Edi=118 Esi=33D0000 Ebp=303EBF0 Esp=303EB78 Eip=77C44E9D

ADDR: 77C44ED5 CODE: 7445 jz 0x77c44f1c
Eax=0 Ebx=33D0000 Ecx=8 Edx=0 Edi=118 Esi=0 Ebp=303EBF0 Esp=303EB78 Eip=77C44ED5

ADDR: 77C44F4B CODE: 0f87f5090000 ja 0x77c45946
Eax=118 Ebx=33D0000 Ecx=8 Edx=24 Edi=118 Esi=120 Ebp=303EBF0 Esp=303EB78 Eip=77C44F4B

ADDR: 77C44F6F CODE: 0f84ce090000 jz 0x77c45943
Eax=10 Ebx=33D0000 Ecx=4 Edx=0 Edi=118 Esi=120 Ebp=303EBF0 Esp=303EB78 Eip=77C44F6F

ADDR: 77C4594F CODE: 7211 jb 0x77c45962
Eax=33D0270 Ebx=33D0000 Ecx=4 Edx=24 Edi=118 Esi=120 Ebp=303EBF0 Esp=303EB78 Eip=77C4594F

ADDR: 77C45967 CODE: 0f838c030000 jae 0x77c45cf9
Eax=33D0270 Ebx=33D0000 Ecx=24 Edx=24 Edi=118 Esi=120 Ebp=303EBF0 Esp=303EB78 Eip=77C45967

ADDR: 77C4597C CODE: 7402 jz 0x77c45980
Eax=33D0270 Ebx=33D0000 Ecx=24 Edx=24 Edi=118 Esi=120 Ebp=303EBF0 Esp=303EB78 Eip=77C4597C

ADDR: 77C45F44 CODE: 7329 jae 0x77c45f6f
Eax=303EB50 Ebx=A Ecx=33D0000 Edx=A Edi=33D0000 Esi=24 Ebp=303EB60 Esp=303E9E0 Eip=77C45F44

ADDR: 77C45F53 CODE: 730c jae 0x77c45f61
Eax=303EB50 Ebx=A Ecx=33D0001 Edx=24 Edi=33D0000 Esi=24 Ebp=303EB60 Esp=303E9E0 Eip=77C45F53

ADDR: 77C46022 CODE: 7415 jz 0x77c46039
Eax=303EBC0 Ebx=0 Ecx=33D0001 Edx=24 Edi=33D0000 Esi=24 Ebp=303EB60 Esp=303E9E0 Eip=77C46022

ADDR: 77C63F37 CODE: 7316 jae 0x77c63f4f
Eax=33D0258 Ebx=0 Ecx=33D025C Edx=2E98000 Edi=33D0000 Esi=24 Ebp=303E9D4 Esp=303E9D4 Eip=77C63F37

ADDR: 77C460CB CODE: 7407 jz 0x77c460d4
Eax=1 Ebx=0 Ecx=7F38 Edx=2E98000 Edi=33D0000 Esi=24 Ebp=303EB60 Esp=303E9E0 Eip=77C460CB

ADDR: 77C460DA CODE: 0f8739170000 ja 0x77c47819
Eax=1 Ebx=0 Ecx=7F38 Edx=24 Edi=33D0000 Esi=24 Ebp=303EB60 Esp=303E9E0 Eip=77C460DA

ADDR: 77C460F4 CODE: 723a jb 0x77c46130
Eax=118 Ebx=0 Ecx=7F38 Edx=24 Edi=33D0000 Esi=24 Ebp=303EB60 Esp=303E9E0 Eip=77C460F4

ADDR: 77C46136 CODE: 0f87d5000000 ja 0x77c46211
Eax=118 Ebx=0 Ecx=7F38 Edx=24 Edi=33D0000 Esi=24 Ebp=303EB60 Esp=303E9E0 Eip=77C46136

ADDR: 77C46188 CODE: 7716 ja 0x77c461a0
Eax=33D2602 Ebx=4 Ecx=102 Edx=0 Edi=33D0000 Esi=33D26D8 Ebp=303EB60 Esp=303E9E0 Eip=77C46188

ADDR: 77C46192 CODE: 770c ja 0x77c461a0
Eax=FF00 Ebx=4 Ecx=102 Edx=0 Edi=33D0000 Esi=33D26D8 Ebp=303EB60 Esp=303E9E0 Eip=77C46192

ADDR: 77C46216 CODE: 0f844f020000 jz 0x77c4646b
Eax=FF00 Ebx=4 Ecx=102 Edx=24 Edi=33D0000 Esi=33D0334 Ebp=303EB60 Esp=303E9E0 Eip=77C46216

ADDR: 77C46220 CODE: 0f8445020000 jz 0x77c4646b
Eax=FF00 Ebx=4 Ecx=102 Edx=24 Edi=33D0000 Esi=0 Ebp=303EB60 Esp=303E9E0 Eip=77C46220

ADDR: 77C46485 CODE: 7304 jae 0x77c4648b
Eax=33D00C0 Ebx=4 Ecx=80 Edx=24 Edi=33D0000 Esi=33D0270 Ebp=303EB60 Esp=303E9E0 Eip=77C46485

ADDR: 77C464D3 CODE: 7438 jz 0x77c4650d
Eax=3424778 Ebx=7EFB8BB1 Ecx=80 Edx=33D00C0 Edi=33D0000 Esi=33D0270 Ebp=303EB60 Esp=303E9E0 Eip=77C464D3

ADDR: 77C464F3 CODE: 7418 jz 0x77c4650d
Eax=8 Ebx=800050D Ecx=808 Edx=33D00C0 Edi=33D0000 Esi=33D0270 Ebp=303EB60 Esp=303E9E0 Eip=77C464F3

ADDR: 77C4651D CODE: 7e07 jle 0x77c46526
Eax=50D Ebx=800050D Ecx=FFFFFB17 Edx=33D00C0 Edi=33D0000 Esi=33D0270 Ebp=303EB60 Esp=303E9E0 Eip=77C4651D

ADDR: 77C4653A CODE: 7438 jz 0x77c46574
Eax=34128C8 Ebx=74FB8EBE Ecx=FFFFFB17 Edx=33D00C0 Edi=33D0000 Esi=33D0270 Ebp=303EB60 Esp=303E9E0 Eip=77C4653A

ADDR: 77C4655A CODE: 7418 jz 0x77c46574
Eax=2 Ebx=2000002 Ecx=202 Edx=33D00C0 Edi=33D0000 Esi=33D0270 Ebp=303EB60 Esp=303E9E0 Eip=77C4655A

ADDR: 77C46584 CODE: 7f07 jg 0x77c4658d
Eax=2 Ebx=2000002 Ecx=22 Edx=33D00C0 Edi=33D0000 Esi=33D0270 Ebp=303EB60 Esp=303E9E0 Eip=77C46584

ADDR: 77C46664 CODE: 7708 ja 0x77c4666e
Eax=33D0298 Ebx=0 Ecx=3 Edx=1 Edi=33D0000 Esi=33D0270 Ebp=303EB60 Esp=303E9E0 Eip=77C46664

ADDR: 77C46664 CODE: 7708 ja 0x77c4666e
Eax=33D029C Ebx=0 Ecx=3 Edx=2 Edi=33D0000 Esi=33D0270 Ebp=303EB60 Esp=303E9E0 Eip=77C46664

ADDR: 77C46664 CODE: 7708 ja 0x77c4666e
Eax=33D02A0 Ebx=0 Ecx=3 Edx=3 Edi=33D0000 Esi=33D0270 Ebp=303EB60 Esp=303E9E0 Eip=77C46664

ADDR: 77C46664 CODE: 7708 ja 0x77c4666e
Eax=33D02A4 Ebx=0 Ecx=3 Edx=4 Edi=33D0000 Esi=33D0270 Ebp=303EB60 Esp=303E9E0 Eip=77C46664

ADDR: 77C46670 CODE: 0f848c110000 jz 0x77c47802
Eax=33D02A4 Ebx=0 Ecx=3 Edx=4 Edi=33D0000 Esi=33D0270 Ebp=303EB60 Esp=303E9E0 Eip=77C46670

ADDR: 77C464D3 CODE: 7438 jz 0x77c4650d
Eax=3424778 Ebx=7EFB8BB1 Ecx=3 Edx=33D00C0 Edi=33D0000 Esi=33D36A0 Ebp=303EB60 Esp=303E9E0 Eip=77C464D3

ADDR: 77C464F3 CODE: 7418 jz 0x77c4650d
Eax=8 Ebx=800050D Ecx=808 Edx=33D00C0 Edi=33D0000 Esi=33D36A0 Ebp=303EB60 Esp=303E9E0 Eip=77C464F3

ADDR: 77C4651D CODE: 7e07 jle 0x77c46526
Eax=50D Ebx=800050D Ecx=FFFFFB17 Edx=33D00C0 Edi=33D0000 Esi=33D36A0 Ebp=303EB60 Esp=303E9E0 Eip=77C4651D

ADDR: 77C4653A CODE: 7438 jz 0x77c46574
Eax=34128C8 Ebx=74FB8EBE Ecx=FFFFFB17 Edx=33D00C0 Edi=33D0000 Esi=33D36A0 Ebp=303EB60 Esp=303E9E0 Eip=77C4653A

ADDR: 77C4655A CODE: 7418 jz 0x77c46574
Eax=2 Ebx=2000002 Ecx=202 Edx=33D00C0 Edi=33D0000 Esi=33D36A0 Ebp=303EB60 Esp=303E9E0 Eip=77C4655A

ADDR: 77C46584 CODE: 7f07 jg 0x77c4658d
Eax=2 Ebx=2000002 Ecx=22 Edx=33D00C0 Edi=33D0000 Esi=33D36A0 Ebp=303EB60 Esp=303E9E0 Eip=77C46584

ADDR: 77C46664 CODE: 7708 ja 0x77c4666e
Eax=33D36C4 Ebx=0 Ecx=3B Edx=0 Edi=33D0000 Esi=33D36A0 Ebp=303EB60 Esp=303E9E0 Eip=77C46664

ADDR: 77C46664 CODE: 7708 ja 0x77c4666e
Eax=33D36C8 Ebx=0 Ecx=3B Edx=1 Edi=33D0000 Esi=33D36A0 Ebp=303EB60 Esp=303E9E0 Eip=77C46664

ADDR: 77C46664 CODE: 7708 ja 0x77c4666e
Eax=33D36CC Ebx=0 Ecx=3B Edx=2 Edi=33D0000 Esi=33D36A0 Ebp=303EB60 Esp=303E9E0 Eip=77C46664

ADDR: 77C46664 CODE: 7708 ja 0x77c4666e
Eax=33D36D0 Ebx=0 Ecx=3B Edx=3 Edi=33D0000 Esi=33D36A0 Ebp=303EB60 Esp=303E9E0 Eip=77C46664

ADDR: 77C46664 CODE: 7708 ja 0x77c4666e
Eax=33D36D4 Ebx=0 Ecx=3B Edx=4 Edi=33D0000 Esi=33D36A0 Ebp=303EB60 Esp=303E9E0 Eip=77C46664

ADDR: 77C46664 CODE: 7708 ja 0x77c4666e
Eax=33D36D8 Ebx=0 Ecx=3B Edx=5 Edi=33D0000 Esi=33D36A0 Ebp=303EB60 Esp=303E9E0 Eip=77C46664

ADDR: 77C46664 CODE: 7708 ja 0x77c4666e
Eax=33D36DC Ebx=0 Ecx=3B Edx=6 Edi=33D0000 Esi=33D36A0 Ebp=303EB60 Esp=303E9E0 Eip=77C46664

ADDR: 77C46664 CODE: 7708 ja 0x77c4666e
Eax=33D36E0 Ebx=0 Ecx=3B Edx=7 Edi=33D0000 Esi=33D36A0 Ebp=303EB60 Esp=303E9E0 Eip=77C46664

ADDR: 77C46664 CODE: 7708 ja 0x77c4666e
Eax=33D36E4 Ebx=0 Ecx=3B Edx=8 Edi=33D0000 Esi=33D36A0 Ebp=303EB60 Esp=303E9E0 Eip=77C46664

ADDR: 77C46664 CODE: 7708 ja 0x77c4666e
Eax=33D36E8 Ebx=0 Ecx=3B Edx=9 Edi=33D0000 Esi=33D36A0 Ebp=303EB60 Esp=303E9E0 Eip=77C46664

ADDR: 77C46664 CODE: 7708 ja 0x77c4666e
Eax=33D36EC Ebx=0 Ecx=3B Edx=A Edi=33D0000 Esi=33D36A0 Ebp=303EB60 Esp=303E9E0 Eip=77C46664

ADDR: 77C46664 CODE: 7708 ja 0x77c4666e
Eax=33D36F0 Ebx=0 Ecx=3B Edx=B Edi=33D0000 Esi=33D36A0 Ebp=303EB60 Esp=303E9E0 Eip=77C46664

ADDR: 77C46664 CODE: 7708 ja 0x77c4666e
Eax=33D36F4 Ebx=0 Ecx=3B Edx=C Edi=33D0000 Esi=33D36A0 Ebp=303EB60 Esp=303E9E0 Eip=77C46664

ADDR: 77C46664 CODE: 7708 ja 0x77c4666e
Eax=33D36F8 Ebx=0 Ecx=3B Edx=D Edi=33D0000 Esi=33D36A0 Ebp=303EB60 Esp=303E9E0 Eip=77C46664

ADDR: 77C46664 CODE: 7708 ja 0x77c4666e
Eax=33D36FC Ebx=0 Ecx=3B Edx=E Edi=33D0000 Esi=33D36A0 Ebp=303EB60 Esp=303E9E0 Eip=77C46664

ADDR: 77C46664 CODE: 7708 ja 0x77c4666e
Eax=33D3700 Ebx=0 Ecx=3B Edx=F Edi=33D0000 Esi=33D36A0 Ebp=303EB60 Esp=303E9E0 Eip=77C46664

ADDR: 77C46664 CODE: 7708 ja 0x77c4666e
Eax=33D3704 Ebx=0 Ecx=3B Edx=10 Edi=33D0000 Esi=33D36A0 Ebp=303EB60 Esp=303E9E0 Eip=77C46664

ADDR: 77C46664 CODE: 7708 ja 0x77c4666e
Eax=33D3708 Ebx=0 Ecx=3B Edx=11 Edi=33D0000 Esi=33D36A0 Ebp=303EB60 Esp=303E9E0 Eip=77C46664

ADDR: 77C46664 CODE: 7708 ja 0x77c4666e
Eax=33D370C Ebx=0 Ecx=3B Edx=12 Edi=33D0000 Esi=33D36A0 Ebp=303EB60 Esp=303E9E0 Eip=77C46664

ADDR: 77C46664 CODE: 7708 ja 0x77c4666e
Eax=33D3710 Ebx=0 Ecx=3B Edx=13 Edi=33D0000 Esi=33D36A0 Ebp=303EB60 Esp=303E9E0 Eip=77C46664

ADDR: 77C46664 CODE: 7708 ja 0x77c4666e
Eax=33D3714 Ebx=0 Ecx=3B Edx=14 Edi=33D0000 Esi=33D36A0 Ebp=303EB60 Esp=303E9E0 Eip=77C46664

ADDR: 77C46664 CODE: 7708 ja 0x77c4666e
Eax=33D3718 Ebx=0 Ecx=3B Edx=15 Edi=33D0000 Esi=33D36A0 Ebp=303EB60 Esp=303E9E0 Eip=77C46664

ADDR: 77C46664 CODE: 7708 ja 0x77c4666e
Eax=33D371C Ebx=0 Ecx=3B Edx=16 Edi=33D0000 Esi=33D36A0 Ebp=303EB60 Esp=303E9E0 Eip=77C46664

ADDR: 77C46664 CODE: 7708 ja 0x77c4666e
Eax=33D3720 Ebx=0 Ecx=3B Edx=17 Edi=33D0000 Esi=33D36A0 Ebp=303EB60 Esp=303E9E0 Eip=77C46664

ADDR: 77C46664 CODE: 7708 ja 0x77c4666e
Eax=33D3724 Ebx=0 Ecx=3B Edx=18 Edi=33D0000 Esi=33D36A0 Ebp=303EB60 Esp=303E9E0 Eip=77C46664

ADDR: 77C46664 CODE: 7708 ja 0x77c4666e
Eax=33D3728 Ebx=0 Ecx=3B Edx=19 Edi=33D0000 Esi=33D36A0 Ebp=303EB60 Esp=303E9E0 Eip=77C46664

ADDR: 77C46664 CODE: 7708 ja 0x77c4666e
Eax=33D372C Ebx=0 Ecx=3B Edx=1A Edi=33D0000 Esi=33D36A0 Ebp=303EB60 Esp=303E9E0 Eip=77C46664

ADDR: 77C46664 CODE: 7708 ja 0x77c4666e
Eax=33D3730 Ebx=0 Ecx=3B Edx=1B Edi=33D0000 Esi=33D36A0 Ebp=303EB60 Esp=303E9E0 Eip=77C46664

ADDR: 77C46664 CODE: 7708 ja 0x77c4666e
Eax=33D3734 Ebx=0 Ecx=3B Edx=1C Edi=33D0000 Esi=33D36A0 Ebp=303EB60 Esp=303E9E0 Eip=77C46664

ADDR: 77C46664 CODE: 7708 ja 0x77c4666e
Eax=33D3738 Ebx=0 Ecx=3B Edx=1D Edi=33D0000 Esi=33D36A0 Ebp=303EB60 Esp=303E9E0 Eip=77C46664

ADDR: 77C46664 CODE: 7708 ja 0x77c4666e
Eax=33D373C Ebx=0 Ecx=3B Edx=1E Edi=33D0000 Esi=33D36A0 Ebp=303EB60 Esp=303E9E0 Eip=77C46664

ADDR: 77C46664 CODE: 7708 ja 0x77c4666e
Eax=33D3740 Ebx=0 Ecx=3B Edx=1F Edi=33D0000 Esi=33D36A0 Ebp=303EB60 Esp=303E9E0 Eip=77C46664

ADDR: 77C46664 CODE: 7708 ja 0x77c4666e
Eax=33D3744 Ebx=0 Ecx=3B Edx=20 Edi=33D0000 Esi=33D36A0 Ebp=303EB60 Esp=303E9E0 Eip=77C46664

ADDR: 77C46664 CODE: 7708 ja 0x77c4666e
Eax=33D3748 Ebx=0 Ecx=3B Edx=21 Edi=33D0000 Esi=33D36A0 Ebp=303EB60 Esp=303E9E0 Eip=77C46664

ADDR: 77C46664 CODE: 7708 ja 0x77c4666e
Eax=33D374C Ebx=0 Ecx=3B Edx=22 Edi=33D0000 Esi=33D36A0 Ebp=303EB60 Esp=303E9E0 Eip=77C46664

ADDR: 77C46664 CODE: 7708 ja 0x77c4666e
Eax=33D3750 Ebx=0 Ecx=3B Edx=23 Edi=33D0000 Esi=33D36A0 Ebp=303EB60 Esp=303E9E0 Eip=77C46664

ADDR: 77C46679 CODE: 7422 jz 0x77c4669d
Eax=33D3754 Ebx=2000 Ecx=3B Edx=24 Edi=33D0000 Esi=33D36A0 Ebp=303EB60 Esp=303E9E0 Eip=77C46679

ADDR: 77C46680 CODE: 7409 jz 0x77c4668b
Eax=0 Ebx=2000 Ecx=3B Edx=24 Edi=33D0000 Esi=33D36A0 Ebp=303EB60 Esp=303E9E0 Eip=77C46680

ADDR: 77C466D1 CODE: 7402 jz 0x77c466d5
Eax=D Ebx=20 Ecx=3B Edx=48D Edi=33D0000 Esi=33D36A0 Ebp=303EB60 Esp=303E9E0 Eip=77C466D1

ADDR: 77C466E0 CODE: 0f841c110000 jz 0x77c47802
Eax=3424780 Ebx=20 Ecx=3B Edx=48D Edi=33D0000 Esi=33D36A0 Ebp=303EB60 Esp=303E9E0 Eip=77C466E0

ADDR: 77C466F2 CODE: 0f844d020000 jz 0x77c46945
Eax=3424780 Ebx=20 Ecx=3B Edx=48D Edi=33D0000 Esi=33D36A0 Ebp=303EB60 Esp=303E9E0 Eip=77C466F2

ADDR: 77C46702 CODE: 741f jz 0x77c46723
Eax=3424780 Ebx=3424778 Ecx=3B Edx=48D Edi=33D0000 Esi=33D36A0 Ebp=303EB60 Esp=303E9E0 Eip=77C46702

ADDR: 77C46714 CODE: 740a jz 0x77c46720
Eax=76FB8E08 Ebx=3424778 Ecx=3B Edx=48D Edi=33D0000 Esi=33D36A0 Ebp=303EB60 Esp=303E9E0 Eip=77C46714

ADDR: 77C46729 CODE: 0f8200020000 jb 0x77c4692f
Eax=3424780 Ebx=3424778 Ecx=3B Edx=48D Edi=33D0000 Esi=50D Ebp=303EB60 Esp=303E9E0 Eip=77C46729

ADDR: 77C46761 CODE: 0f841c010000 jz 0x77c46883
Eax=3424780 Ebx=3424778 Ecx=33D0270 Edx=3424780 Edi=33D0000 Esi=50D Ebp=303EB60 Esp=303E9E0 Eip=77C46761

ADDR: 77C46778 CODE: 730b jae 0x77c46785
Eax=50D Ebx=3424778 Ecx=33D0270 Edx=3424780 Edi=33D0000 Esi=80 Ebp=303EB60 Esp=303E9E0 Eip=77C46778

ADDR: 77C46778 CODE: 730b jae 0x77c46785
Eax=50D Ebx=3424778 Ecx=33D36A0 Edx=33D36A0 Edi=33D0000 Esi=800 Ebp=303EB60 Esp=303E9E0 Eip=77C46778

ADDR: 77C4680D CODE: 0f83db000000 jae 0x77c468ee
Eax=7FF Ebx=3424778 Ecx=33D36A0 Edx=48D Edi=33D0000 Esi=33D00C0 Ebp=303EB60 Esp=303E9E0 Eip=77C4680D

ADDR: 77C46816 CODE: 0f84a3000000 jz 0x77c468bf
Eax=7FF Ebx=3424778 Ecx=33D36A0 Edx=48D Edi=33D0000 Esi=33D00C0 Ebp=303EB60 Esp=303E9E0 Eip=77C46816

ADDR: 77C46895 CODE: 7475 jz 0x77c4690c
Eax=33D00C0 Ebx=3424778 Ecx=3421A60 Edx=FFFFDFFF Edi=33D0000 Esi=24 Ebp=303EB60 Esp=303E9E0 Eip=77C46895

ADDR: 77C46ACC CODE: 7418 jz 0x77c46ae6
Eax=33D00C0 Ebx=3424778 Ecx=3421A00 Edx=FFFFDFFF Edi=33D0000 Esi=1 Ebp=303EB60 Esp=303E9E0 Eip=77C46ACC

ADDR: 77C46B12 CODE: 7305 jae 0x77c46b19
Eax=8 Ebx=3424778 Ecx=24 Edx=4E9 Edi=33D0000 Esi=1 Ebp=303EB60 Esp=303E9E0 Eip=77C46B12

ADDR: 77C46B27 CODE: 741e jz 0x77c46b47
Eax=8 Ebx=3424778 Ecx=24 Edx=4E9 Edi=33D0000 Esi=1 Ebp=303EB60 Esp=303E9E0 Eip=77C46B27

ADDR: 77C46CA1 CODE: 741a jz 0x77c46cbd
Eax=0 Ebx=3424778 Ecx=24 Edx=4E9 Edi=33D0000 Esi=1 Ebp=303EB60 Esp=303E9E0 Eip=77C46CA1

ADDR: 77C46D47 CODE: 0f845d050000 jz 0x77c472aa
Eax=FB Ebx=3424898 Ecx=100000 Edx=4E9 Edi=33D0000 Esi=3426FE0 Ebp=303EB60 Esp=303E9E0 Eip=77C46D47

ADDR: 77C46D81 CODE: 0f8496020000 jz 0x77c4701d
Eax=33D00C0 Ebx=3424898 Ecx=100000 Edx=4E9 Edi=33D0000 Esi=33D0270 Ebp=303EB60 Esp=303E9E0 Eip=77C46D81

ADDR: 77C46D8C CODE: 7304 jae 0x77c46d92
Eax=33D00C0 Ebx=3424898 Ecx=80 Edx=4E9 Edi=33D0000 Esi=33D0270 Ebp=303EB60 Esp=303E9E0 Eip=77C46D8C

ADDR: 77C46D8C CODE: 7304 jae 0x77c46d92
Eax=33D36A0 Ebx=3424898 Ecx=800 Edx=4E9 Edi=33D0000 Esi=33D36A0 Ebp=303EB60 Esp=303E9E0 Eip=77C46D8C

ADDR: 77C46DD5 CODE: 743b jz 0x77c46e12
Eax=3421A58 Ebx=3424898 Ecx=3421A60 Edx=7BFB8EB1 Edi=33D0000 Esi=33D36A0 Ebp=303EB60 Esp=303E9E0 Eip=77C46DD5

ADDR: 77C46DF8 CODE: 7418 jz 0x77c46e12
Eax=D Ebx=3424898 Ecx=D0D Edx=D00000D Edi=33D0000 Esi=33D36A0 Ebp=303EB60 Esp=303E9E0 Eip=77C46DF8

ADDR: 77C46E22 CODE: 7e08 jle 0x77c46e2c
Eax=D Ebx=3424898 Ecx=4DC Edx=D00000D Edi=33D0000 Esi=33D36A0 Ebp=303EB60 Esp=303E9E0 Eip=77C46E22

ADDR: 77C46FF9 CODE: 740b jz 0x77c47006
Eax=D Ebx=3424898 Ecx=33D00C0 Edx=D00000D Edi=33D0000 Esi=33D36A0 Ebp=303EB60 Esp=303E9E0 Eip=77C46FF9

ADDR: 77C47024 CODE: 7435 jz 0x77c4705b
Eax=33D00C0 Ebx=3424898 Ecx=33D00C0 Edx=D00000D Edi=33D0000 Esi=4E9 Ebp=303EB60 Esp=303E9E0 Eip=77C47024

ADDR: 77C47094 CODE: 0f84fc000000 jz 0x77c47196
Eax=4E9 Ebx=3424898 Ecx=33D0270 Edx=3421A60 Edi=33D0000 Esi=33D00C0 Ebp=303EB60 Esp=303E9E0 Eip=77C47094

ADDR: 77C470A5 CODE: 730a jae 0x77c470b1
Eax=4E9 Ebx=3424898 Ecx=33D0270 Edx=3421A60 Edi=33D0000 Esi=80 Ebp=303EB60 Esp=303E9E0 Eip=77C470A5

ADDR: 77C470A5 CODE: 730a jae 0x77c470b1
Eax=4E9 Ebx=3424898 Ecx=33D36A0 Edx=33D36A0 Edi=33D0000 Esi=800 Ebp=303EB60 Esp=303E9E0 Eip=77C470A5

ADDR: 77C470FF CODE: 7464 jz 0x77c47165
Eax=0 Ebx=3424898 Ecx=33D36A0 Edx=4E9 Edi=33D0000 Esi=469 Ebp=303EB60 Esp=303E9E0 Eip=77C470FF

ADDR: 77C4719A CODE: 0f8497040000 jz 0x77c47637
Eax=33D36C4 Ebx=3424898 Ecx=9 Edx=200 Edi=33D0000 Esi=23 Ebp=303EB60 Esp=303E9E0 Eip=77C4719A

ADDR: 77C46B7F CODE: 0f841c0b0000 jz 0x77c476a1
Eax=8 Ebx=3424780 Ecx=120 Edx=342477F Edi=33D0000 Esi=120 Ebp=303EB60 Esp=303E9E0 Eip=77C46B7F

ADDR: 77C46B89 CODE: 7413 jz 0x77c46b9e
Eax=8 Ebx=3424780 Ecx=120 Edx=342477F Edi=33D0000 Esi=120 Ebp=303EB60 Esp=303E9E0 Eip=77C46B89

ADDR: 77C46BA2 CODE: 0f84b7000000 jz 0x77c46c5f
Eax=76FB8EBC Ebx=3424780 Ecx=3424778 Edx=342477F Edi=33D0000 Esi=120 Ebp=303EB60 Esp=303E9E0 Eip=77C46BA2

ADDR: 77C46BC7 CODE: 762c jbe 0x77c46bf5
Eax=76FB8EBC Ebx=3424780 Ecx=3424778 Edx=1 Edi=33D0000 Esi=120 Ebp=303EB60 Esp=303E9E0 Eip=77C46BC7

ADDR: 77C46BE7 CODE: 7606 jbe 0x77c46bef
Eax=2B98 Ebx=3424780 Ecx=56468 Edx=1 Edi=33D0000 Esi=120 Ebp=303EB60 Esp=303E9E0 Eip=77C46BE7

ADDR: 77C46C05 CODE: 7249 jb 0x77c46c50
Eax=2B98 Ebx=3424780 Ecx=56468 Edx=1 Edi=33D0000 Esi=120 Ebp=303EB60 Esp=303E9E0 Eip=77C46C05

ADDR: 77C47B53 CODE: 746e jz 0x77c47bc3
Eax=FFFFFFFE Ebx=33D0258 Ecx=FFFFFFFF Edx=1 Edi=33D025C Esi=FFFFFFFE Ebp=303E9D4 Esp=303E9C0 Eip=77C47B53

ADDR: 77C46C63 CODE: 0f84150e0000 jz 0x77c47a7e
Eax=0 Ebx=3424780 Ecx=FFFFFFFF Edx=1 Edi=33D0000 Esi=120 Ebp=303EB60 Esp=303E9E0 Eip=77C46C63

ADDR: 77C7B3CA CODE: 744f jz 0x77c7b41b
Eax=118 Ebx=3424780 Ecx=3424780 Edx=118 Edi=33D0000 Esi=120 Ebp=303EB60 Esp=303E9D0 Eip=77C7B3CA

ADDR: 77C7B3D8 CODE: 7231 jb 0x77c7b40b
Eax=0 Ebx=3424780 Ecx=3424780 Edx=118 Edi=3424780 Esi=120 Ebp=303EB60 Esp=303E9CC Eip=77C7B3D8

ADDR: 77C7B3DF CODE: 740c jz 0x77c7b3ed
Eax=0 Ebx=3424780 Ecx=0 Edx=118 Edi=3424780 Esi=120 Ebp=303EB60 Esp=303E9CC Eip=77C7B3DF

ADDR: 77C7B403 CODE: 7406 jz 0x77c7b40b
Eax=0 Ebx=3424780 Ecx=46 Edx=0 Edi=3424780 Esi=120 Ebp=303EB60 Esp=303E9CC Eip=77C7B403

ADDR: 77C7B409 CODE: 740a jz 0x77c7b415
Eax=0 Ebx=3424780 Ecx=0 Edx=0 Edi=3424898 Esi=120 Ebp=303EB60 Esp=303E9CC Eip=77C7B409

ADDR: 77C47AAD CODE: 741e jz 0x77c47acd
Eax=3424780 Ebx=3424780 Ecx=0 Edx=0 Edi=33D0000 Esi=120 Ebp=303EB60 Esp=303E9DC Eip=77C47AAD

ADDR: 77C47A91 CODE: 743b jz 0x77c47ace
Eax=0 Ebx=3424780 Ecx=0 Edx=0 Edi=33D0000 Esi=120 Ebp=303EB60 Esp=303E9E0 Eip=77C47A91

ADDR: 77C47AD6 CODE: 741f jz 0x77c47af7
Eax=7FFE0388 Ebx=3424780 Ecx=0 Edx=0 Edi=33D0000 Esi=120 Ebp=303EB60 Esp=303E9E0 Eip=77C47AD6

ADDR: 77C45D13 CODE: 7445 jz 0x77c45d5a
Eax=3424780 Ebx=33D0000 Ecx=EA68A05 Edx=0 Edi=3424780 Esi=120 Ebp=303EBF0 Esp=303EB78 Eip=77C45D13

ADDR: 77C45D1D CODE: 0f8474000000 jz 0x77c45d97
Eax=3424780 Ebx=33D0000 Ecx=118 Edx=0 Edi=3424780 Esi=120 Ebp=303EBF0 Esp=303EB78 Eip=77C45D1D

ADDR: 77C45DA5 CODE: 7415 jz 0x77c45dbc
Eax=0 Ebx=33D0000 Ecx=8 Edx=0 Edi=3424780 Esi=120 Ebp=303EBF0 Esp=303EB78 Eip=77C45DA5

ADDR: 77C45DC4 CODE: 0f8492000000 jz 0x77c45e5c
Eax=7FFE0380 Ebx=33D0000 Ecx=8 Edx=0 Edi=3424780 Esi=120 Ebp=303EBF0 Esp=303EB78 Eip=77C45DC4

ADDR: 77C45E63 CODE: 743b jz 0x77c45ea0
Eax=0 Ebx=33D0000 Ecx=8 Edx=0 Edi=3424780 Esi=120 Ebp=303EBF0 Esp=303EB78 Eip=77C45E63

ADDR: C841E4 CODE: 0f84bbfeffff jz 0xc840a5
Eax=3424780 Ebx=0 Ecx=8 Edx=3424780 Edi=C0000095 Esi=10000000 Ebp=303F918 Esp=303EC20 Eip=C841E4

ADDR: C841FB CODE: 724f jb 0xc8424c
Eax=3424780 Ebx=0 Ecx=8 Edx=3424780 Edi=C0000095 Esi=3424784 Ebp=303F918 Esp=303EC20 Eip=C841FB

ADDR: C8420A CODE: 760a jbe 0xc84216
Eax=3424788 Ebx=0 Ecx=3424898 Edx=3424780 Edi=C0000095 Esi=3424784 Ebp=303F918 Esp=303EC20 Eip=C8420A

ADDR: C8425D CODE: 7417 jz 0xc84276
Eax=3424788 Ebx=0 Ecx=1 Edx=3424780 Edi=C0000095 Esi=0 Ebp=303F918 Esp=303EC20 Eip=C8425D

ADDR: C84267 CODE: 72e3 jb 0xc8424c
Eax=8 Ebx=0 Ecx=1 Edx=3424780 Edi=C0000095 Esi=0 Ebp=303F918 Esp=303EC20 Eip=C84267

ADDR: C8426D CODE: 72dd jb 0xc8424c
Eax=3424788 Ebx=0 Ecx=1 Edx=3424780 Edi=C0000095 Esi=0 Ebp=303F918 Esp=303EC20 Eip=C8426D

ADDR: C84274 CODE: 72e9 jb 0xc8425f
Eax=3424788 Ebx=0 Ecx=1 Edx=3424788 Edi=C0000095 Esi=1 Ebp=303F918 Esp=303EC20 Eip=C84274

ADDR: C8427B CODE: 0f82b1230000 jb 0xc86632
Eax=3424788 Ebx=0 Ecx=1 Edx=3424788 Edi=342478C Esi=1 Ebp=303F918 Esp=303EC20 Eip=C8427B

ADDR: C84295 CODE: 0f8771ffffff ja 0xc8420c
Eax=342482C Ebx=0 Ecx=3424898 Edx=3424788 Edi=342478C Esi=1 Ebp=303F918 Esp=303EC20 Eip=C84295

ADDR: C842E5 CODE: 741f jz 0xc84306
Eax=342482C Ebx=0 Ecx=2 Edx=3424780 Edi=0 Esi=118 Ebp=303F918 Esp=303EC20 Eip=C842E5

ADDR: C842EF CODE: 0f823d230000 jb 0xc86632
Eax=8 Ebx=0 Ecx=2 Edx=3424780 Edi=0 Esi=118 Ebp=303F918 Esp=303EC20 Eip=C842EF

ADDR: C842F9 CODE: 0f8233230000 jb 0xc86632
Eax=3424788 Ebx=0 Ecx=2 Edx=3424780 Edi=0 Esi=118 Ebp=303F918 Esp=303EC20 Eip=C842F9

ADDR: C84304 CODE: 72e1 jb 0xc842e7
Eax=3424788 Ebx=0 Ecx=2 Edx=3424788 Edi=1 Esi=118 Ebp=303F918 Esp=303EC20 Eip=C84304

ADDR: C842EF CODE: 0f823d230000 jb 0xc86632
Eax=A4 Ebx=0 Ecx=2 Edx=3424788 Edi=1 Esi=118 Ebp=303F918 Esp=303EC20 Eip=C842EF

ADDR: C842F9 CODE: 0f8233230000 jb 0xc86632
Eax=342482C Ebx=0 Ecx=2 Edx=3424788 Edi=1 Esi=118 Ebp=303F918 Esp=303EC20 Eip=C842F9

ADDR: C84304 CODE: 72e1 jb 0xc842e7
Eax=342482C Ebx=0 Ecx=2 Edx=342482C Edi=2 Esi=118 Ebp=303F918 Esp=303EC20 Eip=C84304

ADDR: C8430B CODE: 0f8221230000 jb 0xc86632
Eax=342482C Ebx=0 Ecx=2 Edx=342482C Edi=3424830 Esi=118 Ebp=303F918 Esp=303EC20 Eip=C8430B

ADDR: C8431E CODE: 0f87e8feffff ja 0xc8420c
Eax=3424838 Ebx=0 Ecx=3424898 Edx=342482C Edi=3424830 Esi=118 Ebp=303F918 Esp=303EC20 Eip=C8431E

ADDR: C8437A CODE: 741f jz 0xc8439b
Eax=AB69605E Ebx=0 Ecx=3 Edx=3424780 Edi=3424830 Esi=0 Ebp=303F918 Esp=303EC20 Eip=C8437A

ADDR: C84384 CODE: 0f82a8220000 jb 0xc86632
Eax=8 Ebx=0 Ecx=3 Edx=3424780 Edi=3424830 Esi=0 Ebp=303F918 Esp=303EC20 Eip=C84384

ADDR: C8438E CODE: 0f829e220000 jb 0xc86632
Eax=3424788 Ebx=0 Ecx=3 Edx=3424780 Edi=3424830 Esi=0 Ebp=303F918 Esp=303EC20 Eip=C8438E

ADDR: C84399 CODE: 72e1 jb 0xc8437c
Eax=3424788 Ebx=0 Ecx=3 Edx=3424788 Edi=3424830 Esi=1 Ebp=303F918 Esp=303EC20 Eip=C84399

ADDR: C84384 CODE: 0f82a8220000 jb 0xc86632
Eax=A4 Ebx=0 Ecx=3 Edx=3424788 Edi=3424830 Esi=1 Ebp=303F918 Esp=303EC20 Eip=C84384

ADDR: C8438E CODE: 0f829e220000 jb 0xc86632
Eax=342482C Ebx=0 Ecx=3 Edx=3424788 Edi=3424830 Esi=1 Ebp=303F918 Esp=303EC20 Eip=C8438E

ADDR: C84399 CODE: 72e1 jb 0xc8437c
Eax=342482C Ebx=0 Ecx=3 Edx=342482C Edi=3424830 Esi=2 Ebp=303F918 Esp=303EC20 Eip=C84399

ADDR: C84384 CODE: 0f82a8220000 jb 0xc86632
Eax=C Ebx=0 Ecx=3 Edx=342482C Edi=3424830 Esi=2 Ebp=303F918 Esp=303EC20 Eip=C84384

ADDR: C8438E CODE: 0f829e220000 jb 0xc86632
Eax=3424838 Ebx=0 Ecx=3 Edx=342482C Edi=3424830 Esi=2 Ebp=303F918 Esp=303EC20 Eip=C8438E

ADDR: C84399 CODE: 72e1 jb 0xc8437c
Eax=3424838 Ebx=0 Ecx=3 Edx=3424838 Edi=3424830 Esi=3 Ebp=303F918 Esp=303EC20 Eip=C84399

ADDR: C843A0 CODE: 0f828c220000 jb 0xc86632
Eax=3424838 Ebx=0 Ecx=3 Edx=3424838 Edi=3424830 Esi=342483C Ebp=303F918 Esp=303EC20 Eip=C843A0

ADDR: C843B7 CODE: 0f874ffeffff ja 0xc8420c
Eax=3424844 Ebx=0 Ecx=3424898 Edx=3424838 Edi=3424830 Esi=342483C Ebp=303F918 Esp=303EC20 Eip=C843B7

ADDR: C90CC2 CODE: 7408 jz 0xc90ccc
Eax=C72AB8 Ebx=0 Ecx=7FFFFFFF Edx=7FFFFFFF Edi=0 Esi=342483C Ebp=303EC14 Esp=303EC08 Eip=C90CC2

ADDR: C90CC2 CODE: 7408 jz 0xc90ccc
Eax=C72ABA Ebx=0 Ecx=7FFFFFFE Edx=7FFFFFFF Edi=0 Esi=342483C Ebp=303EC14 Esp=303EC08 Eip=C90CC2

ADDR: C90CC2 CODE: 7408 jz 0xc90ccc
Eax=C72ABC Ebx=0 Ecx=7FFFFFFD Edx=7FFFFFFF Edi=0 Esi=342483C Ebp=303EC14 Esp=303EC08 Eip=C90CC2

ADDR: C90CC2 CODE: 7408 jz 0xc90ccc
Eax=C72ABE Ebx=0 Ecx=7FFFFFFC Edx=7FFFFFFF Edi=0 Esi=342483C Ebp=303EC14 Esp=303EC08 Eip=C90CC2

ADDR: C90CC2 CODE: 7408 jz 0xc90ccc
Eax=C72AC0 Ebx=0 Ecx=7FFFFFFB Edx=7FFFFFFF Edi=0 Esi=342483C Ebp=303EC14 Esp=303EC08 Eip=C90CC2

ADDR: C90CC2 CODE: 7408 jz 0xc90ccc
Eax=C72AC2 Ebx=0 Ecx=7FFFFFFA Edx=7FFFFFFF Edi=0 Esi=342483C Ebp=303EC14 Esp=303EC08 Eip=C90CC2

ADDR: C90CC2 CODE: 7408 jz 0xc90ccc
Eax=C72AC4 Ebx=0 Ecx=7FFFFFF9 Edx=7FFFFFFF Edi=0 Esi=342483C Ebp=303EC14 Esp=303EC08 Eip=C90CC2

ADDR: C90CC2 CODE: 7408 jz 0xc90ccc
Eax=C72AC6 Ebx=0 Ecx=7FFFFFF8 Edx=7FFFFFFF Edi=0 Esi=342483C Ebp=303EC14 Esp=303EC08 Eip=C90CC2

ADDR: C90CC2 CODE: 7408 jz 0xc90ccc
Eax=C72AC8 Ebx=0 Ecx=7FFFFFF7 Edx=7FFFFFFF Edi=0 Esi=342483C Ebp=303EC14 Esp=303EC08 Eip=C90CC2

ADDR: C90CC2 CODE: 7408 jz 0xc90ccc
Eax=C72ACA Ebx=0 Ecx=7FFFFFF6 Edx=7FFFFFFF Edi=0 Esi=342483C Ebp=303EC14 Esp=303EC08 Eip=C90CC2

ADDR: C90CC2 CODE: 7408 jz 0xc90ccc
Eax=C72ACC Ebx=0 Ecx=7FFFFFF5 Edx=7FFFFFFF Edi=0 Esi=342483C Ebp=303EC14 Esp=303EC08 Eip=C90CC2

ADDR: C90CC2 CODE: 7408 jz 0xc90ccc
Eax=C72ACE Ebx=0 Ecx=7FFFFFF4 Edx=7FFFFFFF Edi=0 Esi=342483C Ebp=303EC14 Esp=303EC08 Eip=C90CC2

ADDR: C90CC2 CODE: 7408 jz 0xc90ccc
Eax=C72AD0 Ebx=0 Ecx=7FFFFFF3 Edx=7FFFFFFF Edi=0 Esi=342483C Ebp=303EC14 Esp=303EC08 Eip=C90CC2

ADDR: C90CC2 CODE: 7408 jz 0xc90ccc
Eax=C72AD2 Ebx=0 Ecx=7FFFFFF2 Edx=7FFFFFFF Edi=0 Esi=342483C Ebp=303EC14 Esp=303EC08 Eip=C90CC2

ADDR: C90CC2 CODE: 7408 jz 0xc90ccc
Eax=C72AD4 Ebx=0 Ecx=7FFFFFF1 Edx=7FFFFFFF Edi=0 Esi=342483C Ebp=303EC14 Esp=303EC08 Eip=C90CC2

ADDR: C90CC2 CODE: 7408 jz 0xc90ccc
Eax=C72AD6 Ebx=0 Ecx=7FFFFFF0 Edx=7FFFFFFF Edi=0 Esi=342483C Ebp=303EC14 Esp=303EC08 Eip=C90CC2

ADDR: C90CC2 CODE: 7408 jz 0xc90ccc
Eax=C72AD8 Ebx=0 Ecx=7FFFFFEF Edx=7FFFFFFF Edi=0 Esi=342483C Ebp=303EC14 Esp=303EC08 Eip=C90CC2

ADDR: C90CC2 CODE: 7408 jz 0xc90ccc
Eax=C72ADA Ebx=0 Ecx=7FFFFFEE Edx=7FFFFFFF Edi=0 Esi=342483C Ebp=303EC14 Esp=303EC08 Eip=C90CC2

ADDR: C90CC2 CODE: 7408 jz 0xc90ccc
Eax=C72ADC Ebx=0 Ecx=7FFFFFED Edx=7FFFFFFF Edi=0 Esi=342483C Ebp=303EC14 Esp=303EC08 Eip=C90CC2

ADDR: C90CC2 CODE: 7408 jz 0xc90ccc
Eax=C72ADE Ebx=0 Ecx=7FFFFFEC Edx=7FFFFFFF Edi=0 Esi=342483C Ebp=303EC14 Esp=303EC08 Eip=C90CC2

ADDR: C90CC2 CODE: 7408 jz 0xc90ccc
Eax=C72AE0 Ebx=0 Ecx=7FFFFFEB Edx=7FFFFFFF Edi=0 Esi=342483C Ebp=303EC14 Esp=303EC08 Eip=C90CC2

ADDR: C90CC2 CODE: 7408 jz 0xc90ccc
Eax=C72AE2 Ebx=0 Ecx=7FFFFFEA Edx=7FFFFFFF Edi=0 Esi=342483C Ebp=303EC14 Esp=303EC08 Eip=C90CC2

ADDR: C90CC2 CODE: 7408 jz 0xc90ccc
Eax=C72AE4 Ebx=0 Ecx=7FFFFFE9 Edx=7FFFFFFF Edi=0 Esi=342483C Ebp=303EC14 Esp=303EC08 Eip=C90CC2

ADDR: C90CC2 CODE: 7408 jz 0xc90ccc
Eax=C72AE6 Ebx=0 Ecx=7FFFFFE8 Edx=7FFFFFFF Edi=0 Esi=342483C Ebp=303EC14 Esp=303EC08 Eip=C90CC2

ADDR: C90CC2 CODE: 7408 jz 0xc90ccc
Eax=C72AE8 Ebx=0 Ecx=7FFFFFE7 Edx=7FFFFFFF Edi=0 Esi=342483C Ebp=303EC14 Esp=303EC08 Eip=C90CC2

ADDR: C90CC2 CODE: 7408 jz 0xc90ccc
Eax=C72AEA Ebx=0 Ecx=7FFFFFE6 Edx=7FFFFFFF Edi=0 Esi=342483C Ebp=303EC14 Esp=303EC08 Eip=C90CC2

ADDR: C90CC2 CODE: 7408 jz 0xc90ccc
Eax=C72AEC Ebx=0 Ecx=7FFFFFE5 Edx=7FFFFFFF Edi=0 Esi=342483C Ebp=303EC14 Esp=303EC08 Eip=C90CC2

ADDR: C90CC2 CODE: 7408 jz 0xc90ccc
Eax=C72AEE Ebx=0 Ecx=7FFFFFE4 Edx=7FFFFFFF Edi=0 Esi=342483C Ebp=303EC14 Esp=303EC08 Eip=C90CC2

ADDR: C90CC2 CODE: 7408 jz 0xc90ccc
Eax=C72AF0 Ebx=0 Ecx=7FFFFFE3 Edx=7FFFFFFF Edi=0 Esi=342483C Ebp=303EC14 Esp=303EC08 Eip=C90CC2

ADDR: C90CC2 CODE: 7408 jz 0xc90ccc
Eax=C72AF2 Ebx=0 Ecx=7FFFFFE2 Edx=7FFFFFFF Edi=0 Esi=342483C Ebp=303EC14 Esp=303EC08 Eip=C90CC2

ADDR: C90CC2 CODE: 7408 jz 0xc90ccc
Eax=C72AF4 Ebx=0 Ecx=7FFFFFE1 Edx=7FFFFFFF Edi=0 Esi=342483C Ebp=303EC14 Esp=303EC08 Eip=C90CC2

ADDR: C90CC2 CODE: 7408 jz 0xc90ccc
Eax=C72AF6 Ebx=0 Ecx=7FFFFFE0 Edx=7FFFFFFF Edi=0 Esi=342483C Ebp=303EC14 Esp=303EC08 Eip=C90CC2

ADDR: C90CE1 CODE: 740c jz 0xc90cef
Eax=0 Ebx=0 Ecx=7FFFFFE0 Edx=7FFFFFFF Edi=0 Esi=303EC98 Ebp=303EC14 Esp=303EC08 Eip=C90CE1

ADDR: C90CE5 CODE: 7406 jz 0xc90ced
Eax=0 Ebx=0 Ecx=7FFFFFE0 Edx=7FFFFFFF Edi=0 Esi=303EC98 Ebp=303EC14 Esp=303EC08 Eip=C90CE5

ADDR: C843F2 CODE: 790b jns 0xc843ff
Eax=0 Ebx=0 Ecx=7FFFFFE0 Edx=1F Edi=3424830 Esi=342483C Ebp=303F918 Esp=303EC20 Eip=C843F2

ADDR: C8440A CODE: 0f821b220000 jb 0xc8662b
Eax=1F Ebx=0 Ecx=20 Edx=1F Edi=3424830 Esi=342483C Ebp=303F918 Esp=303EC20 Eip=C8440A

ADDR: C84421 CODE: 0f84f1000000 jz 0xc84518
Eax=40 Ebx=0 Ecx=20 Edx=1F Edi=3424830 Esi=342483C Ebp=303F918 Esp=303EC20 Eip=C84421

ADDR: C84491 CODE: 7423 jz 0xc844b6
Eax=40 Ebx=0 Ecx=3424780 Edx=0 Edi=4 Esi=342483C Ebp=303F918 Esp=303EC20 Eip=C84491

ADDR: C8449B CODE: 72ca jb 0xc84467
Eax=8 Ebx=0 Ecx=3424780 Edx=0 Edi=4 Esi=342483C Ebp=303F918 Esp=303EC20 Eip=C8449B

ADDR: C844A1 CODE: 72c4 jb 0xc84467
Eax=3424788 Ebx=0 Ecx=3424780 Edx=0 Edi=4 Esi=342483C Ebp=303F918 Esp=303EC20 Eip=C844A1

ADDR: C844AE CODE: 72e3 jb 0xc84493
Eax=3424788 Ebx=0 Ecx=3424788 Edx=1 Edi=4 Esi=342483C Ebp=303F918 Esp=303EC20 Eip=C844AE

ADDR: C8449B CODE: 72ca jb 0xc84467
Eax=A4 Ebx=0 Ecx=3424788 Edx=1 Edi=4 Esi=342483C Ebp=303F918 Esp=303EC20 Eip=C8449B

ADDR: C844A1 CODE: 72c4 jb 0xc84467
Eax=342482C Ebx=0 Ecx=3424788 Edx=1 Edi=4 Esi=342483C Ebp=303F918 Esp=303EC20 Eip=C844A1

ADDR: C844AE CODE: 72e3 jb 0xc84493
Eax=342482C Ebx=0 Ecx=342482C Edx=2 Edi=4 Esi=342483C Ebp=303F918 Esp=303EC20 Eip=C844AE

ADDR: C8449B CODE: 72ca jb 0xc84467
Eax=C Ebx=0 Ecx=342482C Edx=2 Edi=4 Esi=342483C Ebp=303F918 Esp=303EC20 Eip=C8449B

ADDR: C844A1 CODE: 72c4 jb 0xc84467
Eax=3424838 Ebx=0 Ecx=342482C Edx=2 Edi=4 Esi=342483C Ebp=303F918 Esp=303EC20 Eip=C844A1

ADDR: C844AE CODE: 72e3 jb 0xc84493
Eax=3424838 Ebx=0 Ecx=3424838 Edx=3 Edi=4 Esi=342483C Ebp=303F918 Esp=303EC20 Eip=C844AE

ADDR: C8449B CODE: 72ca jb 0xc84467
Eax=C Ebx=0 Ecx=3424838 Edx=3 Edi=4 Esi=342483C Ebp=303F918 Esp=303EC20 Eip=C8449B

ADDR: C844A1 CODE: 72c4 jb 0xc84467
Eax=3424844 Ebx=0 Ecx=3424838 Edx=3 Edi=4 Esi=342483C Ebp=303F918 Esp=303EC20 Eip=C844A1

ADDR: C844AE CODE: 72e3 jb 0xc84493
Eax=3424844 Ebx=0 Ecx=3424844 Edx=4 Edi=4 Esi=342483C Ebp=303F918 Esp=303EC20 Eip=C844AE

ADDR: C844C1 CODE: 72a4 jb 0xc84467
Eax=40 Ebx=0 Ecx=3424844 Edx=3424848 Edi=4 Esi=342483C Ebp=303F918 Esp=303EC20 Eip=C844C1

ADDR: C844DE CODE: 7607 jbe 0xc844e7
Eax=3424898 Ebx=0 Ecx=3424844 Edx=3424888 Edi=4 Esi=0 Ebp=303F918 Esp=303EC20 Eip=C844DE

ADDR: 77B16586 CODE: 7608 jbe 0x77b16590
Eax=C72AF8 Ebx=0 Ecx=40 Edx=40 Edi=3424848 Esi=C72AB8 Ebp=303F918 Esp=303EC08 Eip=77B16586

ADDR: 77B1658A CODE: 0f8294020000 jb 0x77b16824
Eax=C72AF8 Ebx=0 Ecx=40 Edx=40 Edi=3424848 Esi=C72AB8 Ebp=303F918 Esp=303EC08 Eip=77B1658A

ADDR: 77B16593 CODE: 0f82d2040000 jb 0x77b16a6b
Eax=C72AF8 Ebx=0 Ecx=40 Edx=40 Edi=3424848 Esi=C72AB8 Ebp=303F918 Esp=303EC08 Eip=77B16593

ADDR: 77B1659F CODE: 7313 jae 0x77b165b4
Eax=C72AF8 Ebx=0 Ecx=40 Edx=40 Edi=3424848 Esi=C72AB8 Ebp=303F918 Esp=303EC08 Eip=77B1659F

ADDR: 77B165A9 CODE: 0f828e040000 jb 0x77b16a3d
Eax=C72AF8 Ebx=0 Ecx=40 Edx=40 Edi=3424848 Esi=C72AB8 Ebp=303F918 Esp=303EC08 Eip=77B165A9

ADDR: 77B16A3F CODE: 745f jz 0x77b16aa0
Eax=C72AF8 Ebx=0 Ecx=40 Edx=40 Edi=3424848 Esi=C72AB8 Ebp=303F918 Esp=303EC08 Eip=77B16A3F

ADDR: 77B16A48 CODE: 7421 jz 0x77b16a6b
Eax=C72AF8 Ebx=0 Ecx=40 Edx=2 Edi=3424848 Esi=C72AB8 Ebp=303F918 Esp=303EC08 Eip=77B16A48

ADDR: 77B16A6E CODE: 7430 jz 0x77b16aa0
Eax=C72AF8 Ebx=0 Ecx=0 Edx=0 Edi=3424888 Esi=C72AF8 Ebp=303F918 Esp=303EC08 Eip=77B16A6E

ADDR: C8452B CODE: 0f880c210000 js 0xc8663d
Eax=3424848 Ebx=0 Ecx=0 Edx=0 Edi=5 Esi=0 Ebp=303F918 Esp=303EC20 Eip=C8452B

ADDR: C84558 CODE: 741f jz 0xc84579
Eax=3424848 Ebx=0 Ecx=0 Edx=3424780 Edi=5 Esi=0 Ebp=303F918 Esp=303EC20 Eip=C84558

ADDR: C84562 CODE: 0f82ca200000 jb 0xc86632
Eax=8 Ebx=0 Ecx=0 Edx=3424780 Edi=5 Esi=0 Ebp=303F918 Esp=303EC20 Eip=C84562

ADDR: C8456C CODE: 0f82c0200000 jb 0xc86632
Eax=3424788 Ebx=0 Ecx=0 Edx=3424780 Edi=5 Esi=0 Ebp=303F918 Esp=303EC20 Eip=C8456C

ADDR: C84577 CODE: 72e1 jb 0xc8455a
Eax=3424788 Ebx=0 Ecx=1 Edx=3424788 Edi=5 Esi=0 Ebp=303F918 Esp=303EC20 Eip=C84577

ADDR: C84562 CODE: 0f82ca200000 jb 0xc86632
Eax=A4 Ebx=0 Ecx=1 Edx=3424788 Edi=5 Esi=0 Ebp=303F918 Esp=303EC20 Eip=C84562

ADDR: C8456C CODE: 0f82c0200000 jb 0xc86632
Eax=342482C Ebx=0 Ecx=1 Edx=3424788 Edi=5 Esi=0 Ebp=303F918 Esp=303EC20 Eip=C8456C

ADDR: C84577 CODE: 72e1 jb 0xc8455a
Eax=342482C Ebx=0 Ecx=2 Edx=342482C Edi=5 Esi=0 Ebp=303F918 Esp=303EC20 Eip=C84577

ADDR: C84562 CODE: 0f82ca200000 jb 0xc86632
Eax=C Ebx=0 Ecx=2 Edx=342482C Edi=5 Esi=0 Ebp=303F918 Esp=303EC20 Eip=C84562

ADDR: C8456C CODE: 0f82c0200000 jb 0xc86632
Eax=3424838 Ebx=0 Ecx=2 Edx=342482C Edi=5 Esi=0 Ebp=303F918 Esp=303EC20 Eip=C8456C

ADDR: C84577 CODE: 72e1 jb 0xc8455a
Eax=3424838 Ebx=0 Ecx=3 Edx=3424838 Edi=5 Esi=0 Ebp=303F918 Esp=303EC20 Eip=C84577

ADDR: C84562 CODE: 0f82ca200000 jb 0xc86632
Eax=C Ebx=0 Ecx=3 Edx=3424838 Edi=5 Esi=0 Ebp=303F918 Esp=303EC20 Eip=C84562

ADDR: C8456C CODE: 0f82c0200000 jb 0xc86632
Eax=3424844 Ebx=0 Ecx=3 Edx=3424838 Edi=5 Esi=0 Ebp=303F918 Esp=303EC20 Eip=C8456C

ADDR: C84577 CODE: 72e1 jb 0xc8455a
Eax=3424844 Ebx=0 Ecx=4 Edx=3424844 Edi=5 Esi=0 Ebp=303F918 Esp=303EC20 Eip=C84577

ADDR: C84562 CODE: 0f82ca200000 jb 0xc86632
Eax=44 Ebx=0 Ecx=4 Edx=3424844 Edi=5 Esi=0 Ebp=303F918 Esp=303EC20 Eip=C84562

ADDR: C8456C CODE: 0f82c0200000 jb 0xc86632
Eax=3424888 Ebx=0 Ecx=4 Edx=3424844 Edi=5 Esi=0 Ebp=303F918 Esp=303EC20 Eip=C8456C

ADDR: C84577 CODE: 72e1 jb 0xc8455a
Eax=3424888 Ebx=0 Ecx=5 Edx=3424888 Edi=5 Esi=0 Ebp=303F918 Esp=303EC20 Eip=C84577

ADDR: C8457E CODE: 0f82ae200000 jb 0xc86632
Eax=3424888 Ebx=0 Ecx=5 Edx=3424888 Edi=5 Esi=342488C Ebp=303F918 Esp=303EC20 Eip=C8457E

ADDR: C84595 CODE: 0f8771fcffff ja 0xc8420c
Eax=3424890 Ebx=0 Ecx=3424898 Edx=3424888 Edi=5 Esi=342488C Ebp=303F918 Esp=303EC20 Eip=C84595

ADDR: C845E9 CODE: 741f jz 0xc8460a
Eax=1 Ebx=0 Ecx=0 Edx=3424780 Edi=6 Esi=342488C Ebp=303F918 Esp=303EC20 Eip=C845E9

ADDR: C845F3 CODE: 0f8239200000 jb 0xc86632
Eax=8 Ebx=0 Ecx=0 Edx=3424780 Edi=6 Esi=342488C Ebp=303F918 Esp=303EC20 Eip=C845F3

ADDR: C845FD CODE: 0f822f200000 jb 0xc86632
Eax=3424788 Ebx=0 Ecx=0 Edx=3424780 Edi=6 Esi=342488C Ebp=303F918 Esp=303EC20 Eip=C845FD

ADDR: C84608 CODE: 72e1 jb 0xc845eb
Eax=3424788 Ebx=0 Ecx=1 Edx=3424788 Edi=6 Esi=342488C Ebp=303F918 Esp=303EC20 Eip=C84608

ADDR: C845F3 CODE: 0f8239200000 jb 0xc86632
Eax=A4 Ebx=0 Ecx=1 Edx=3424788 Edi=6 Esi=342488C Ebp=303F918 Esp=303EC20 Eip=C845F3

ADDR: C845FD CODE: 0f822f200000 jb 0xc86632
Eax=342482C Ebx=0 Ecx=1 Edx=3424788 Edi=6 Esi=342488C Ebp=303F918 Esp=303EC20 Eip=C845FD

ADDR: C84608 CODE: 72e1 jb 0xc845eb
Eax=342482C Ebx=0 Ecx=2 Edx=342482C Edi=6 Esi=342488C Ebp=303F918 Esp=303EC20 Eip=C84608

ADDR: C845F3 CODE: 0f8239200000 jb 0xc86632
Eax=C Ebx=0 Ecx=2 Edx=342482C Edi=6 Esi=342488C Ebp=303F918 Esp=303EC20 Eip=C845F3

ADDR: C845FD CODE: 0f822f200000 jb 0xc86632
Eax=3424838 Ebx=0 Ecx=2 Edx=342482C Edi=6 Esi=342488C Ebp=303F918 Esp=303EC20 Eip=C845FD

ADDR: C84608 CODE: 72e1 jb 0xc845eb
Eax=3424838 Ebx=0 Ecx=3 Edx=3424838 Edi=6 Esi=342488C Ebp=303F918 Esp=303EC20 Eip=C84608

ADDR: C845F3 CODE: 0f8239200000 jb 0xc86632
Eax=C Ebx=0 Ecx=3 Edx=3424838 Edi=6 Esi=342488C Ebp=303F918 Esp=303EC20 Eip=C845F3

ADDR: C845FD CODE: 0f822f200000 jb 0xc86632
Eax=3424844 Ebx=0 Ecx=3 Edx=3424838 Edi=6 Esi=342488C Ebp=303F918 Esp=303EC20 Eip=C845FD

ADDR: C84608 CODE: 72e1 jb 0xc845eb
Eax=3424844 Ebx=0 Ecx=4 Edx=3424844 Edi=6 Esi=342488C Ebp=303F918 Esp=303EC20 Eip=C84608

ADDR: C845F3 CODE: 0f8239200000 jb 0xc86632
Eax=44 Ebx=0 Ecx=4 Edx=3424844 Edi=6 Esi=342488C Ebp=303F918 Esp=303EC20 Eip=C845F3

ADDR: C845FD CODE: 0f822f200000 jb 0xc86632
Eax=3424888 Ebx=0 Ecx=4 Edx=3424844 Edi=6 Esi=342488C Ebp=303F918 Esp=303EC20 Eip=C845FD

ADDR: C84608 CODE: 72e1 jb 0xc845eb
Eax=3424888 Ebx=0 Ecx=5 Edx=3424888 Edi=6 Esi=342488C Ebp=303F918 Esp=303EC20 Eip=C84608

ADDR: C845F3 CODE: 0f8239200000 jb 0xc86632
Eax=8 Ebx=0 Ecx=5 Edx=3424888 Edi=6 Esi=342488C Ebp=303F918 Esp=303EC20 Eip=C845F3

ADDR: C845FD CODE: 0f822f200000 jb 0xc86632
Eax=3424890 Ebx=0 Ecx=5 Edx=3424888 Edi=6 Esi=342488C Ebp=303F918 Esp=303EC20 Eip=C845FD

ADDR: C84608 CODE: 72e1 jb 0xc845eb
Eax=3424890 Ebx=0 Ecx=6 Edx=3424890 Edi=6 Esi=342488C Ebp=303F918 Esp=303EC20 Eip=C84608

ADDR: C8460F CODE: 0f821d200000 jb 0xc86632
Eax=3424890 Ebx=0 Ecx=6 Edx=3424890 Edi=6 Esi=3424894 Ebp=303F918 Esp=303EC20 Eip=C8460F

ADDR: C84626 CODE: 0f87e0fbffff ja 0xc8420c
Eax=3424898 Ebx=0 Ecx=3424898 Edx=3424890 Edi=6 Esi=3424894 Ebp=303F918 Esp=303EC20 Eip=C84626

ADDR: C84673 CODE: 7210 jb 0xc84685
Eax=9E0DA4C3 Ebx=0 Ecx=3424898 Edx=3238 Edi=0 Esi=120 Ebp=303F918 Esp=303EC20 Eip=C84673

ADDR: C84683 CODE: 730a jae 0xc8468f
Eax=120 Ebx=0 Ecx=3424898 Edx=3238 Edi=0 Esi=120 Ebp=303F918 Esp=303EC20 Eip=C84683

ADDR: 77C44CFF CODE: 0f8426e60500 jz 0x77ca332b
Eax=33D0000 Ebx=0 Ecx=3424898 Edx=3238 Edi=0 Esi=33D0000 Ebp=303EC0C Esp=303EC00 Eip=77C44CFF

ADDR: 77C44D11 CODE: 0f842be60500 jz 0x77ca3342
Eax=33D0000 Ebx=0 Ecx=33D0000 Edx=120 Edi=0 Esi=33D0000 Ebp=303EC0C Esp=303EC00 Eip=77C44D11

ADDR: 77C44E6C CODE: 760c jbe 0x77c44e7a
Eax=0 Ebx=33D0000 Ecx=8 Edx=120 Edi=120 Esi=33D0000 Ebp=303EBF0 Esp=303EB78 Eip=77C44E6C

ADDR: 77C44E9D CODE: 742b jz 0x77c44eca
Eax=0 Ebx=33D0000 Ecx=0 Edx=0 Edi=120 Esi=33D0000 Ebp=303EBF0 Esp=303EB78 Eip=77C44E9D

ADDR: 77C44ED5 CODE: 7445 jz 0x77c44f1c
Eax=0 Ebx=33D0000 Ecx=8 Edx=0 Edi=120 Esi=0 Ebp=303EBF0 Esp=303EB78 Eip=77C44ED5

ADDR: 77C44F4B CODE: 0f87f5090000 ja 0x77c45946
Eax=120 Ebx=33D0000 Ecx=8 Edx=25 Edi=120 Esi=128 Ebp=303EBF0 Esp=303EB78 Eip=77C44F4B

ADDR: 77C44F6F CODE: 0f84ce090000 jz 0x77c45943
Eax=20 Ebx=33D0000 Ecx=5 Edx=0 Edi=120 Esi=128 Ebp=303EBF0 Esp=303EB78 Eip=77C44F6F

ADDR: 77C4594F CODE: 7211 jb 0x77c45962
Eax=33D0270 Ebx=33D0000 Ecx=5 Edx=25 Edi=120 Esi=128 Ebp=303EBF0 Esp=303EB78 Eip=77C4594F

ADDR: 77C45967 CODE: 0f838c030000 jae 0x77c45cf9
Eax=33D0270 Ebx=33D0000 Ecx=25 Edx=25 Edi=120 Esi=128 Ebp=303EBF0 Esp=303EB78 Eip=77C45967

ADDR: 77C4597C CODE: 7402 jz 0x77c45980
Eax=33D0270 Ebx=33D0000 Ecx=25 Edx=25 Edi=120 Esi=128 Ebp=303EBF0 Esp=303EB78 Eip=77C4597C

ADDR: 77C45F44 CODE: 7329 jae 0x77c45f6f
Eax=303EB50 Ebx=A Ecx=33D0000 Edx=A Edi=33D0000 Esi=25 Ebp=303EB60 Esp=303E9E0 Eip=77C45F44

ADDR: 77C45F53 CODE: 730c jae 0x77c45f61
Eax=303EB50 Ebx=A Ecx=33D0001 Edx=25 Edi=33D0000 Esi=25 Ebp=303EB60 Esp=303E9E0 Eip=77C45F53

ADDR: 77C46022 CODE: 7415 jz 0x77c46039
Eax=303EBC0 Ebx=0 Ecx=33D0001 Edx=25 Edi=33D0000 Esi=25 Ebp=303EB60 Esp=303E9E0 Eip=77C46022

ADDR: 77C63F37 CODE: 7316 jae 0x77c63f4f
Eax=33D0258 Ebx=0 Ecx=33D025C Edx=2E98000 Edi=33D0000 Esi=25 Ebp=303E9D4 Esp=303E9D4 Eip=77C63F37

ADDR: 77C460CB CODE: 7407 jz 0x77c460d4
Eax=1 Ebx=0 Ecx=7F38 Edx=2E98000 Edi=33D0000 Esi=25 Ebp=303EB60 Esp=303E9E0 Eip=77C460CB

ADDR: 77C460DA CODE: 0f8739170000 ja 0x77c47819
Eax=1 Ebx=0 Ecx=7F38 Edx=25 Edi=33D0000 Esi=25 Ebp=303EB60 Esp=303E9E0 Eip=77C460DA

ADDR: 77C460F4 CODE: 723a jb 0x77c46130
Eax=120 Ebx=0 Ecx=7F38 Edx=25 Edi=33D0000 Esi=25 Ebp=303EB60 Esp=303E9E0 Eip=77C460F4

ADDR: 77C46136 CODE: 0f87d5000000 ja 0x77c46211
Eax=120 Ebx=0 Ecx=7F38 Edx=25 Edi=33D0000 Esi=25 Ebp=303EB60 Esp=303E9E0 Eip=77C46136

ADDR: 77C46188 CODE: 7716 ja 0x77c461a0
Eax=33D2606 Ebx=5 Ecx=E6 Edx=0 Edi=33D0000 Esi=33D26DA Ebp=303EB60 Esp=303E9E0 Eip=77C46188

ADDR: 77C46192 CODE: 770c ja 0x77c461a0
Eax=FF00 Ebx=5 Ecx=E6 Edx=0 Edi=33D0000 Esi=33D26DA Ebp=303EB60 Esp=303E9E0 Eip=77C46192

ADDR: 77C46216 CODE: 0f844f020000 jz 0x77c4646b
Eax=FF00 Ebx=5 Ecx=E6 Edx=25 Edi=33D0000 Esi=33D0338 Ebp=303EB60 Esp=303E9E0 Eip=77C46216

ADDR: 77C46220 CODE: 0f8445020000 jz 0x77c4646b
Eax=FF00 Ebx=5 Ecx=E6 Edx=25 Edi=33D0000 Esi=0 Ebp=303EB60 Esp=303E9E0 Eip=77C46220

ADDR: 77C46485 CODE: 7304 jae 0x77c4648b
Eax=33D00C0 Ebx=5 Ecx=80 Edx=25 Edi=33D0000 Esi=33D0270 Ebp=303EB60 Esp=303E9E0 Eip=77C46485

ADDR: 77C464D3 CODE: 7438 jz 0x77c4650d
Eax=3424898 Ebx=9BFB8A55 Ecx=80 Edx=33D00C0 Edi=33D0000 Esi=33D0270 Ebp=303EB60 Esp=303E9E0 Eip=77C464D3

ADDR: 77C464F3 CODE: 7418 jz 0x77c4650d
Eax=ED Ebx=ED0004E9 Ecx=EDED Edx=33D00C0 Edi=33D0000 Esi=33D0270 Ebp=303EB60 Esp=303E9E0 Eip=77C464F3

ADDR: 77C4651D CODE: 7e07 jle 0x77c46526
Eax=4E9 Ebx=ED0004E9 Ecx=FFFFFB3C Edx=33D00C0 Edi=33D0000 Esi=33D0270 Ebp=303EB60 Esp=303E9E0 Eip=77C4651D

ADDR: 77C4653A CODE: 7438 jz 0x77c46574
Eax=34128C8 Ebx=74FB8EBE Ecx=FFFFFB3C Edx=33D00C0 Edi=33D0000 Esi=33D0270 Ebp=303EB60 Esp=303E9E0 Eip=77C4653A

ADDR: 77C4655A CODE: 7418 jz 0x77c46574
Eax=2 Ebx=2000002 Ecx=202 Edx=33D00C0 Edi=33D0000 Esi=33D0270 Ebp=303EB60 Esp=303E9E0 Eip=77C4655A

ADDR: 77C46584 CODE: 7f07 jg 0x77c4658d
Eax=2 Ebx=2000002 Ecx=23 Edx=33D00C0 Edi=33D0000 Esi=33D0270 Ebp=303EB60 Esp=303E9E0 Eip=77C46584

ADDR: 77C46664 CODE: 7708 ja 0x77c4666e
Eax=33D0298 Ebx=0 Ecx=3 Edx=1 Edi=33D0000 Esi=33D0270 Ebp=303EB60 Esp=303E9E0 Eip=77C46664

ADDR: 77C46664 CODE: 7708 ja 0x77c4666e
Eax=33D029C Ebx=0 Ecx=3 Edx=2 Edi=33D0000 Esi=33D0270 Ebp=303EB60 Esp=303E9E0 Eip=77C46664

ADDR: 77C46664 CODE: 7708 ja 0x77c4666e
Eax=33D02A0 Ebx=0 Ecx=3 Edx=3 Edi=33D0000 Esi=33D0270 Ebp=303EB60 Esp=303E9E0 Eip=77C46664

ADDR: 77C46664 CODE: 7708 ja 0x77c4666e
Eax=33D02A4 Ebx=0 Ecx=3 Edx=4 Edi=33D0000 Esi=33D0270 Ebp=303EB60 Esp=303E9E0 Eip=77C46664

ADDR: 77C46670 CODE: 0f848c110000 jz 0x77c47802
Eax=33D02A4 Ebx=0 Ecx=3 Edx=4 Edi=33D0000 Esi=33D0270 Ebp=303EB60 Esp=303E9E0 Eip=77C46670

ADDR: 77C464D3 CODE: 7438 jz 0x77c4650d
Eax=3424898 Ebx=9BFB8A55 Ecx=3 Edx=33D00C0 Edi=33D0000 Esi=33D36A0 Ebp=303EB60 Esp=303E9E0 Eip=77C464D3

ADDR: 77C464F3 CODE: 7418 jz 0x77c4650d
Eax=ED Ebx=ED0004E9 Ecx=EDED Edx=33D00C0 Edi=33D0000 Esi=33D36A0 Ebp=303EB60 Esp=303E9E0 Eip=77C464F3

ADDR: 77C4651D CODE: 7e07 jle 0x77c46526
Eax=4E9 Ebx=ED0004E9 Ecx=FFFFFB3C Edx=33D00C0 Edi=33D0000 Esi=33D36A0 Ebp=303EB60 Esp=303E9E0 Eip=77C4651D

ADDR: 77C4653A CODE: 7438 jz 0x77c46574
Eax=34128C8 Ebx=74FB8EBE Ecx=FFFFFB3C Edx=33D00C0 Edi=33D0000 Esi=33D36A0 Ebp=303EB60 Esp=303E9E0 Eip=77C4653A

ADDR: 77C4655A CODE: 7418 jz 0x77c46574
Eax=2 Ebx=2000002 Ecx=202 Edx=33D00C0 Edi=33D0000 Esi=33D36A0 Ebp=303EB60 Esp=303E9E0 Eip=77C4655A

ADDR: 77C46584 CODE: 7f07 jg 0x77c4658d
Eax=2 Ebx=2000002 Ecx=23 Edx=33D00C0 Edi=33D0000 Esi=33D36A0 Ebp=303EB60 Esp=303E9E0 Eip=77C46584

ADDR: 77C46664 CODE: 7708 ja 0x77c4666e
Eax=33D36C4 Ebx=0 Ecx=3B Edx=0 Edi=33D0000 Esi=33D36A0 Ebp=303EB60 Esp=303E9E0 Eip=77C46664

ADDR: 77C46664 CODE: 7708 ja 0x77c4666e
Eax=33D36C8 Ebx=0 Ecx=3B Edx=1 Edi=33D0000 Esi=33D36A0 Ebp=303EB60 Esp=303E9E0 Eip=77C46664

ADDR: 77C46664 CODE: 7708 ja 0x77c4666e
Eax=33D36CC Ebx=0 Ecx=3B Edx=2 Edi=33D0000 Esi=33D36A0 Ebp=303EB60 Esp=303E9E0 Eip=77C46664

ADDR: 77C46664 CODE: 7708 ja 0x77c4666e
Eax=33D36D0 Ebx=0 Ecx=3B Edx=3 Edi=33D0000 Esi=33D36A0 Ebp=303EB60 Esp=303E9E0 Eip=77C46664

ADDR: 77C46664 CODE: 7708 ja 0x77c4666e
Eax=33D36D4 Ebx=0 Ecx=3B Edx=4 Edi=33D0000 Esi=33D36A0 Ebp=303EB60 Esp=303E9E0 Eip=77C46664

ADDR: 77C46664 CODE: 7708 ja 0x77c4666e
Eax=33D36D8 Ebx=0 Ecx=3B Edx=5 Edi=33D0000 Esi=33D36A0 Ebp=303EB60 Esp=303E9E0 Eip=77C46664

ADDR: 77C46664 CODE: 7708 ja 0x77c4666e
Eax=33D36DC Ebx=0 Ecx=3B Edx=6 Edi=33D0000 Esi=33D36A0 Ebp=303EB60 Esp=303E9E0 Eip=77C46664

ADDR: 77C46664 CODE: 7708 ja 0x77c4666e
Eax=33D36E0 Ebx=0 Ecx=3B Edx=7 Edi=33D0000 Esi=33D36A0 Ebp=303EB60 Esp=303E9E0 Eip=77C46664

ADDR: 77C46664 CODE: 7708 ja 0x77c4666e
Eax=33D36E4 Ebx=0 Ecx=3B Edx=8 Edi=33D0000 Esi=33D36A0 Ebp=303EB60 Esp=303E9E0 Eip=77C46664

ADDR: 77C46664 CODE: 7708 ja 0x77c4666e
Eax=33D36E8 Ebx=0 Ecx=3B Edx=9 Edi=33D0000 Esi=33D36A0 Ebp=303EB60 Esp=303E9E0 Eip=77C46664

ADDR: 77C46664 CODE: 7708 ja 0x77c4666e
Eax=33D36EC Ebx=0 Ecx=3B Edx=A Edi=33D0000 Esi=33D36A0 Ebp=303EB60 Esp=303E9E0 Eip=77C46664

ADDR: 77C46664 CODE: 7708 ja 0x77c4666e
Eax=33D36F0 Ebx=0 Ecx=3B Edx=B Edi=33D0000 Esi=33D36A0 Ebp=303EB60 Esp=303E9E0 Eip=77C46664

ADDR: 77C46664 CODE: 7708 ja 0x77c4666e
Eax=33D36F4 Ebx=0 Ecx=3B Edx=C Edi=33D0000 Esi=33D36A0 Ebp=303EB60 Esp=303E9E0 Eip=77C46664

ADDR: 77C46664 CODE: 7708 ja 0x77c4666e
Eax=33D36F8 Ebx=0 Ecx=3B Edx=D Edi=33D0000 Esi=33D36A0 Ebp=303EB60 Esp=303E9E0 Eip=77C46664

ADDR: 77C46664 CODE: 7708 ja 0x77c4666e
Eax=33D36FC Ebx=0 Ecx=3B Edx=E Edi=33D0000 Esi=33D36A0 Ebp=303EB60 Esp=303E9E0 Eip=77C46664

ADDR: 77C46664 CODE: 7708 ja 0x77c4666e
Eax=33D3700 Ebx=0 Ecx=3B Edx=F Edi=33D0000 Esi=33D36A0 Ebp=303EB60 Esp=303E9E0 Eip=77C46664

ADDR: 77C46664 CODE: 7708 ja 0x77c4666e
Eax=33D3704 Ebx=0 Ecx=3B Edx=10 Edi=33D0000 Esi=33D36A0 Ebp=303EB60 Esp=303E9E0 Eip=77C46664

ADDR: 77C46664 CODE: 7708 ja 0x77c4666e
Eax=33D3708 Ebx=0 Ecx=3B Edx=11 Edi=33D0000 Esi=33D36A0 Ebp=303EB60 Esp=303E9E0 Eip=77C46664

ADDR: 77C46664 CODE: 7708 ja 0x77c4666e
Eax=33D370C Ebx=0 Ecx=3B Edx=12 Edi=33D0000 Esi=33D36A0 Ebp=303EB60 Esp=303E9E0 Eip=77C46664

ADDR: 77C46664 CODE: 7708 ja 0x77c4666e
Eax=33D3710 Ebx=0 Ecx=3B Edx=13 Edi=33D0000 Esi=33D36A0 Ebp=303EB60 Esp=303E9E0 Eip=77C46664

ADDR: 77C46664 CODE: 7708 ja 0x77c4666e
Eax=33D3714 Ebx=0 Ecx=3B Edx=14 Edi=33D0000 Esi=33D36A0 Ebp=303EB60 Esp=303E9E0 Eip=77C46664

ADDR: 77C46664 CODE: 7708 ja 0x77c4666e
Eax=33D3718 Ebx=0 Ecx=3B Edx=15 Edi=33D0000 Esi=33D36A0 Ebp=303EB60 Esp=303E9E0 Eip=77C46664

ADDR: 77C46664 CODE: 7708 ja 0x77c4666e
Eax=33D371C Ebx=0 Ecx=3B Edx=16 Edi=33D0000 Esi=33D36A0 Ebp=303EB60 Esp=303E9E0 Eip=77C46664

ADDR: 77C46664 CODE: 7708 ja 0x77c4666e
Eax=33D3720 Ebx=0 Ecx=3B Edx=17 Edi=33D0000 Esi=33D36A0 Ebp=303EB60 Esp=303E9E0 Eip=77C46664

ADDR: 77C46664 CODE: 7708 ja 0x77c4666e
Eax=33D3724 Ebx=0 Ecx=3B Edx=18 Edi=33D0000 Esi=33D36A0 Ebp=303EB60 Esp=303E9E0 Eip=77C46664

ADDR: 77C46664 CODE: 7708 ja 0x77c4666e
Eax=33D3728 Ebx=0 Ecx=3B Edx=19 Edi=33D0000 Esi=33D36A0 Ebp=303EB60 Esp=303E9E0 Eip=77C46664

ADDR: 77C46664 CODE: 7708 ja 0x77c4666e
Eax=33D372C Ebx=0 Ecx=3B Edx=1A Edi=33D0000 Esi=33D36A0 Ebp=303EB60 Esp=303E9E0 Eip=77C46664

ADDR: 77C46664 CODE: 7708 ja 0x77c4666e
Eax=33D3730 Ebx=0 Ecx=3B Edx=1B Edi=33D0000 Esi=33D36A0 Ebp=303EB60 Esp=303E9E0 Eip=77C46664

ADDR: 77C46664 CODE: 7708 ja 0x77c4666e
Eax=33D3734 Ebx=0 Ecx=3B Edx=1C Edi=33D0000 Esi=33D36A0 Ebp=303EB60 Esp=303E9E0 Eip=77C46664

ADDR: 77C46664 CODE: 7708 ja 0x77c4666e
Eax=33D3738 Ebx=0 Ecx=3B Edx=1D Edi=33D0000 Esi=33D36A0 Ebp=303EB60 Esp=303E9E0 Eip=77C46664

ADDR: 77C46664 CODE: 7708 ja 0x77c4666e
Eax=33D373C Ebx=0 Ecx=3B Edx=1E Edi=33D0000 Esi=33D36A0 Ebp=303EB60 Esp=303E9E0 Eip=77C46664

ADDR: 77C46664 CODE: 7708 ja 0x77c4666e
Eax=33D3740 Ebx=0 Ecx=3B Edx=1F Edi=33D0000 Esi=33D36A0 Ebp=303EB60 Esp=303E9E0 Eip=77C46664

ADDR: 77C46664 CODE: 7708 ja 0x77c4666e
Eax=33D3744 Ebx=0 Ecx=3B Edx=20 Edi=33D0000 Esi=33D36A0 Ebp=303EB60 Esp=303E9E0 Eip=77C46664

ADDR: 77C46664 CODE: 7708 ja 0x77c4666e
Eax=33D3748 Ebx=0 Ecx=3B Edx=21 Edi=33D0000 Esi=33D36A0 Ebp=303EB60 Esp=303E9E0 Eip=77C46664

ADDR: 77C46664 CODE: 7708 ja 0x77c4666e
Eax=33D374C Ebx=0 Ecx=3B Edx=22 Edi=33D0000 Esi=33D36A0 Ebp=303EB60 Esp=303E9E0 Eip=77C46664

ADDR: 77C46679 CODE: 7422 jz 0x77c4669d
Eax=33D3750 Ebx=200 Ecx=3B Edx=23 Edi=33D0000 Esi=33D36A0 Ebp=303EB60 Esp=303E9E0 Eip=77C46679

ADDR: 77C46680 CODE: 7409 jz 0x77c4668b
Eax=0 Ebx=200 Ecx=3B Edx=23 Edi=33D0000 Esi=33D36A0 Ebp=303EB60 Esp=303E9E0 Eip=77C46680

ADDR: 77C466D1 CODE: 7402 jz 0x77c466d5
Eax=9 Ebx=2 Ecx=3B Edx=469 Edi=33D0000 Esi=33D36A0 Ebp=303EB60 Esp=303E9E0 Eip=77C466D1

ADDR: 77C466E0 CODE: 0f841c110000 jz 0x77c47802
Eax=34248A0 Ebx=2 Ecx=3B Edx=469 Edi=33D0000 Esi=33D36A0 Ebp=303EB60 Esp=303E9E0 Eip=77C466E0

ADDR: 77C466F2 CODE: 0f844d020000 jz 0x77c46945
Eax=34248A0 Ebx=2 Ecx=3B Edx=469 Edi=33D0000 Esi=33D36A0 Ebp=303EB60 Esp=303E9E0 Eip=77C466F2

ADDR: 77C46702 CODE: 741f jz 0x77c46723
Eax=34248A0 Ebx=3424898 Ecx=3B Edx=469 Edi=33D0000 Esi=33D36A0 Ebp=303EB60 Esp=303E9E0 Eip=77C46702

ADDR: 77C46714 CODE: 740a jz 0x77c46720
Eax=76FB8EED Ebx=3424898 Ecx=3B Edx=469 Edi=33D0000 Esi=33D36A0 Ebp=303EB60 Esp=303E9E0 Eip=77C46714

ADDR: 77C46729 CODE: 0f8200020000 jb 0x77c4692f
Eax=34248A0 Ebx=3424898 Ecx=3B Edx=469 Edi=33D0000 Esi=4E9 Ebp=303EB60 Esp=303E9E0 Eip=77C46729

ADDR: 77C46761 CODE: 0f841c010000 jz 0x77c46883
Eax=34248A0 Ebx=3424898 Ecx=33D0270 Edx=34248A0 Edi=33D0000 Esi=4E9 Ebp=303EB60 Esp=303E9E0 Eip=77C46761

ADDR: 77C46778 CODE: 730b jae 0x77c46785
Eax=4E9 Ebx=3424898 Ecx=33D0270 Edx=34248A0 Edi=33D0000 Esi=80 Ebp=303EB60 Esp=303E9E0 Eip=77C46778

ADDR: 77C46778 CODE: 730b jae 0x77c46785
Eax=4E9 Ebx=3424898 Ecx=33D36A0 Edx=33D36A0 Edi=33D0000 Esi=800 Ebp=303EB60 Esp=303E9E0 Eip=77C46778

ADDR: 77C4680D CODE: 0f83db000000 jae 0x77c468ee
Eax=7FF Ebx=3424898 Ecx=33D36A0 Edx=469 Edi=33D0000 Esi=33D00C0 Ebp=303EB60 Esp=303E9E0 Eip=77C4680D

ADDR: 77C46816 CODE: 0f84a3000000 jz 0x77c468bf
Eax=7FF Ebx=3424898 Ecx=33D36A0 Edx=469 Edi=33D0000 Esi=33D00C0 Ebp=303EB60 Esp=303E9E0 Eip=77C46816

ADDR: 77C46895 CODE: 7475 jz 0x77c4690c
Eax=33D00C0 Ebx=3424898 Ecx=3421A60 Edx=FFFFFDFF Edi=33D0000 Esi=23 Ebp=303EB60 Esp=303E9E0 Eip=77C46895

ADDR: 77C46ACC CODE: 7418 jz 0x77c46ae6
Eax=33D00C0 Ebx=3424898 Ecx=3421A00 Edx=FFFFFDFF Edi=33D0000 Esi=1 Ebp=303EB60 Esp=303E9E0 Eip=77C46ACC

ADDR: 77C46B12 CODE: 7305 jae 0x77c46b19
Eax=8 Ebx=3424898 Ecx=25 Edx=4C4 Edi=33D0000 Esi=1 Ebp=303EB60 Esp=303E9E0 Eip=77C46B12

ADDR: 77C46B27 CODE: 741e jz 0x77c46b47
Eax=8 Ebx=3424898 Ecx=25 Edx=4C4 Edi=33D0000 Esi=1 Ebp=303EB60 Esp=303E9E0 Eip=77C46B27

ADDR: 77C46CA1 CODE: 741a jz 0x77c46cbd
Eax=0 Ebx=3424898 Ecx=25 Edx=4C4 Edi=33D0000 Esi=1 Ebp=303EB60 Esp=303E9E0 Eip=77C46CA1

ADDR: 77C46D47 CODE: 0f845d050000 jz 0x77c472aa
Eax=FB Ebx=34249C0 Ecx=100000 Edx=4C4 Edi=33D0000 Esi=3426FE0 Ebp=303EB60 Esp=303E9E0 Eip=77C46D47

ADDR: 77C46D81 CODE: 0f8496020000 jz 0x77c4701d
Eax=33D00C0 Ebx=34249C0 Ecx=100000 Edx=4C4 Edi=33D0000 Esi=33D0270 Ebp=303EB60 Esp=303E9E0 Eip=77C46D81

ADDR: 77C46D8C CODE: 7304 jae 0x77c46d92
Eax=33D00C0 Ebx=34249C0 Ecx=80 Edx=4C4 Edi=33D0000 Esi=33D0270 Ebp=303EB60 Esp=303E9E0 Eip=77C46D8C

ADDR: 77C46D8C CODE: 7304 jae 0x77c46d92
Eax=33D36A0 Ebx=34249C0 Ecx=800 Edx=4C4 Edi=33D0000 Esi=33D36A0 Ebp=303EB60 Esp=303E9E0 Eip=77C46D8C

ADDR: 77C46DD5 CODE: 743b jz 0x77c46e12
Eax=3421A58 Ebx=34249C0 Ecx=3421A60 Edx=7BFB8EB1 Edi=33D0000 Esi=33D36A0 Ebp=303EB60 Esp=303E9E0 Eip=77C46DD5

ADDR: 77C46DF8 CODE: 7418 jz 0x77c46e12
Eax=D Ebx=34249C0 Ecx=D0D Edx=D00000D Edi=33D0000 Esi=33D36A0 Ebp=303EB60 Esp=303E9E0 Eip=77C46DF8

ADDR: 77C46E22 CODE: 7e08 jle 0x77c46e2c
Eax=D Ebx=34249C0 Ecx=4B7 Edx=D00000D Edi=33D0000 Esi=33D36A0 Ebp=303EB60 Esp=303E9E0 Eip=77C46E22

ADDR: 77C46FF9 CODE: 740b jz 0x77c47006
Eax=D Ebx=34249C0 Ecx=33D00C0 Edx=D00000D Edi=33D0000 Esi=33D36A0 Ebp=303EB60 Esp=303E9E0 Eip=77C46FF9

ADDR: 77C47024 CODE: 7435 jz 0x77c4705b
Eax=33D00C0 Ebx=34249C0 Ecx=33D00C0 Edx=D00000D Edi=33D0000 Esi=4C4 Ebp=303EB60 Esp=303E9E0 Eip=77C47024

ADDR: 77C47094 CODE: 0f84fc000000 jz 0x77c47196
Eax=4C4 Ebx=34249C0 Ecx=33D0270 Edx=3421A60 Edi=33D0000 Esi=33D00C0 Ebp=303EB60 Esp=303E9E0 Eip=77C47094

ADDR: 77C470A5 CODE: 730a jae 0x77c470b1
Eax=4C4 Ebx=34249C0 Ecx=33D0270 Edx=3421A60 Edi=33D0000 Esi=80 Ebp=303EB60 Esp=303E9E0 Eip=77C470A5

ADDR: 77C470A5 CODE: 730a jae 0x77c470b1
Eax=4C4 Ebx=34249C0 Ecx=33D36A0 Edx=33D36A0 Edi=33D0000 Esi=800 Ebp=303EB60 Esp=303E9E0 Eip=77C470A5

ADDR: 77C470FF CODE: 7464 jz 0x77c47165
Eax=0 Ebx=34249C0 Ecx=33D36A0 Edx=4C4 Edi=33D0000 Esi=444 Ebp=303EB60 Esp=303E9E0 Eip=77C470FF

ADDR: 77C4719A CODE: 0f8497040000 jz 0x77c47637
Eax=33D36C4 Ebx=34249C0 Ecx=4 Edx=10 Edi=33D0000 Esi=22 Ebp=303EB60 Esp=303E9E0 Eip=77C4719A

ADDR: 77C46B7F CODE: 0f841c0b0000 jz 0x77c476a1
Eax=8 Ebx=34248A0 Ecx=128 Edx=342489F Edi=33D0000 Esi=128 Ebp=303EB60 Esp=303E9E0 Eip=77C46B7F

ADDR: 77C46B89 CODE: 7413 jz 0x77c46b9e
Eax=8 Ebx=34248A0 Ecx=128 Edx=342489F Edi=33D0000 Esi=128 Ebp=303EB60 Esp=303E9E0 Eip=77C46B89

ADDR: 77C46BA2 CODE: 0f84b7000000 jz 0x77c46c5f
Eax=76FB8EBC Ebx=34248A0 Ecx=3424898 Edx=342489F Edi=33D0000 Esi=128 Ebp=303EB60 Esp=303E9E0 Eip=77C46BA2

ADDR: 77C46BC7 CODE: 762c jbe 0x77c46bf5
Eax=76FB8EBC Ebx=34248A0 Ecx=3424898 Edx=1 Edi=33D0000 Esi=128 Ebp=303EB60 Esp=303E9E0 Eip=77C46BC7

ADDR: 77C46C05 CODE: 7249 jb 0x77c46c50
Eax=76FB8EBC Ebx=34248A0 Ecx=3424898 Edx=1 Edi=33D0000 Esi=128 Ebp=303EB60 Esp=303E9E0 Eip=77C46C05

ADDR: 77C47B53 CODE: 746e jz 0x77c47bc3
Eax=FFFFFFFE Ebx=33D0258 Ecx=FFFFFFFF Edx=1 Edi=33D025C Esi=FFFFFFFE Ebp=303E9D4 Esp=303E9C0 Eip=77C47B53

ADDR: 77C46C63 CODE: 0f84150e0000 jz 0x77c47a7e
Eax=0 Ebx=34248A0 Ecx=FFFFFFFF Edx=1 Edi=33D0000 Esi=128 Ebp=303EB60 Esp=303E9E0 Eip=77C46C63

ADDR: 77C7B3CA CODE: 744f jz 0x77c7b41b
Eax=120 Ebx=34248A0 Ecx=34248A0 Edx=120 Edi=33D0000 Esi=128 Ebp=303EB60 Esp=303E9D0 Eip=77C7B3CA

ADDR: 77C7B3D8 CODE: 7231 jb 0x77c7b40b
Eax=0 Ebx=34248A0 Ecx=34248A0 Edx=120 Edi=34248A0 Esi=128 Ebp=303EB60 Esp=303E9CC Eip=77C7B3D8

ADDR: 77C7B3DF CODE: 740c jz 0x77c7b3ed
Eax=0 Ebx=34248A0 Ecx=0 Edx=120 Edi=34248A0 Esi=128 Ebp=303EB60 Esp=303E9CC Eip=77C7B3DF

ADDR: 77C7B403 CODE: 7406 jz 0x77c7b40b
Eax=0 Ebx=34248A0 Ecx=48 Edx=0 Edi=34248A0 Esi=128 Ebp=303EB60 Esp=303E9CC Eip=77C7B403

ADDR: 77C7B409 CODE: 740a jz 0x77c7b415
Eax=0 Ebx=34248A0 Ecx=0 Edx=0 Edi=34249C0 Esi=128 Ebp=303EB60 Esp=303E9CC Eip=77C7B409

ADDR: 77C47AAD CODE: 741e jz 0x77c47acd
Eax=34248A0 Ebx=34248A0 Ecx=0 Edx=0 Edi=33D0000 Esi=128 Ebp=303EB60 Esp=303E9DC Eip=77C47AAD

ADDR: 77C47A91 CODE: 743b jz 0x77c47ace
Eax=0 Ebx=34248A0 Ecx=0 Edx=0 Edi=33D0000 Esi=128 Ebp=303EB60 Esp=303E9E0 Eip=77C47A91

ADDR: 77C47AD6 CODE: 741f jz 0x77c47af7
Eax=7FFE0388 Ebx=34248A0 Ecx=0 Edx=0 Edi=33D0000 Esi=128 Ebp=303EB60 Esp=303E9E0 Eip=77C47AD6

ADDR: 77C45D13 CODE: 7445 jz 0x77c45d5a
Eax=34248A0 Ebx=33D0000 Ecx=EA68A05 Edx=0 Edi=34248A0 Esi=128 Ebp=303EBF0 Esp=303EB78 Eip=77C45D13

ADDR: 77C45D1D CODE: 0f8474000000 jz 0x77c45d97
Eax=34248A0 Ebx=33D0000 Ecx=120 Edx=0 Edi=34248A0 Esi=128 Ebp=303EBF0 Esp=303EB78 Eip=77C45D1D

ADDR: 77C45DA5 CODE: 7415 jz 0x77c45dbc
Eax=0 Ebx=33D0000 Ecx=8 Edx=0 Edi=34248A0 Esi=128 Ebp=303EBF0 Esp=303EB78 Eip=77C45DA5

ADDR: 77C45DC4 CODE: 0f8492000000 jz 0x77c45e5c
Eax=7FFE0380 Ebx=33D0000 Ecx=8 Edx=0 Edi=34248A0 Esi=128 Ebp=303EBF0 Esp=303EB78 Eip=77C45DC4

ADDR: 77C45E63 CODE: 743b jz 0x77c45ea0
Eax=0 Ebx=33D0000 Ecx=8 Edx=0 Edi=34248A0 Esi=128 Ebp=303EBF0 Esp=303EB78 Eip=77C45E63

ADDR: C846C2 CODE: 0f8239010000 jb 0xc84801
Eax=7 Ebx=0 Ecx=34248A4 Edx=0 Edi=0 Esi=34248A0 Ebp=303F918 Esp=303EC20 Eip=C846C2

ADDR: C846D5 CODE: 0f8226010000 jb 0xc84801
Eax=118 Ebx=0 Ecx=34248A4 Edx=34248A8 Edi=0 Esi=34248A0 Ebp=303F918 Esp=303EC20 Eip=C846D5

ADDR: 77B16586 CODE: 7608 jbe 0x77b16590
Eax=3424898 Ebx=0 Ecx=118 Edx=118 Edi=34248A8 Esi=3424780 Ebp=303F918 Esp=303EC08 Eip=77B16586

ADDR: 77B1658A CODE: 0f8294020000 jb 0x77b16824
Eax=3424898 Ebx=0 Ecx=118 Edx=118 Edi=34248A8 Esi=3424780 Ebp=303F918 Esp=303EC08 Eip=77B1658A

ADDR: 77B16593 CODE: 0f82d2040000 jb 0x77b16a6b
Eax=3424898 Ebx=0 Ecx=118 Edx=118 Edi=34248A8 Esi=3424780 Ebp=303F918 Esp=303EC08 Eip=77B16593

ADDR: 77B1659F CODE: 7313 jae 0x77b165b4
Eax=3424898 Ebx=0 Ecx=118 Edx=118 Edi=34248A8 Esi=3424780 Ebp=303F918 Esp=303EC08 Eip=77B1659F

ADDR: 77B165BC CODE: 7309 jae 0x77b165c7
Eax=3424898 Ebx=0 Ecx=118 Edx=118 Edi=34248A8 Esi=3424780 Ebp=303F918 Esp=303EC08 Eip=77B165BC

ADDR: C84712 CODE: 0f84701c0000 jz 0xc86388
Eax=34248A8 Ebx=0 Ecx=120 Edx=118 Edi=0 Esi=34248A0 Ebp=303F918 Esp=303EC20 Eip=C84712

ADDR: 77C44CFF CODE: 0f8426e60500 jz 0x77ca332b
Eax=33D0000 Ebx=0 Ecx=120 Edx=118 Edi=0 Esi=33D0000 Ebp=303EC0C Esp=303EC00 Eip=77C44CFF

ADDR: 77C44D11 CODE: 0f842be60500 jz 0x77ca3342
Eax=33D0000 Ebx=0 Ecx=33D0000 Edx=128 Edi=0 Esi=33D0000 Ebp=303EC0C Esp=303EC00 Eip=77C44D11

ADDR: 77C44E6C CODE: 760c jbe 0x77c44e7a
Eax=0 Ebx=33D0000 Ecx=0 Edx=128 Edi=128 Esi=33D0000 Ebp=303EBF0 Esp=303EB78 Eip=77C44E6C

ADDR: 77C44E9D CODE: 742b jz 0x77c44eca
Eax=0 Ebx=33D0000 Ecx=0 Edx=0 Edi=128 Esi=33D0000 Ebp=303EBF0 Esp=303EB78 Eip=77C44E9D

ADDR: 77C44ED5 CODE: 7445 jz 0x77c44f1c
Eax=0 Ebx=33D0000 Ecx=0 Edx=0 Edi=128 Esi=0 Ebp=303EBF0 Esp=303EB78 Eip=77C44ED5

ADDR: 77C44F4B CODE: 0f87f5090000 ja 0x77c45946
Eax=128 Ebx=33D0000 Ecx=0 Edx=26 Edi=128 Esi=130 Ebp=303EBF0 Esp=303EB78 Eip=77C44F4B

ADDR: 77C44F6F CODE: 0f84ce090000 jz 0x77c45943
Eax=40 Ebx=33D0000 Ecx=6 Edx=0 Edi=128 Esi=130 Ebp=303EBF0 Esp=303EB78 Eip=77C44F6F

ADDR: 77C4594F CODE: 7211 jb 0x77c45962
Eax=33D0270 Ebx=33D0000 Ecx=6 Edx=26 Edi=128 Esi=130 Ebp=303EBF0 Esp=303EB78 Eip=77C4594F

ADDR: 77C45967 CODE: 0f838c030000 jae 0x77c45cf9
Eax=33D0270 Ebx=33D0000 Ecx=26 Edx=26 Edi=128 Esi=130 Ebp=303EBF0 Esp=303EB78 Eip=77C45967

ADDR: 77C4597C CODE: 7402 jz 0x77c45980
Eax=33D0270 Ebx=33D0000 Ecx=26 Edx=26 Edi=128 Esi=130 Ebp=303EBF0 Esp=303EB78 Eip=77C4597C

ADDR: 77C45F44 CODE: 7329 jae 0x77c45f6f
Eax=303EB50 Ebx=2 Ecx=33D0000 Edx=2 Edi=33D0000 Esi=26 Ebp=303EB60 Esp=303E9E0 Eip=77C45F44

ADDR: 77C45F53 CODE: 730c jae 0x77c45f61
Eax=303EB50 Ebx=2 Ecx=33D0001 Edx=26 Edi=33D0000 Esi=26 Ebp=303EB60 Esp=303E9E0 Eip=77C45F53

ADDR: 77C46022 CODE: 7415 jz 0x77c46039
Eax=303EBC0 Ebx=0 Ecx=33D0001 Edx=26 Edi=33D0000 Esi=26 Ebp=303EB60 Esp=303E9E0 Eip=77C46022

ADDR: 77C63F37 CODE: 7316 jae 0x77c63f4f
Eax=33D0258 Ebx=0 Ecx=33D025C Edx=2E98000 Edi=33D0000 Esi=26 Ebp=303E9D4 Esp=303E9D4 Eip=77C63F37

ADDR: 77C460CB CODE: 7407 jz 0x77c460d4
Eax=1 Ebx=0 Ecx=7F38 Edx=2E98000 Edi=33D0000 Esi=26 Ebp=303EB60 Esp=303E9E0 Eip=77C460CB

ADDR: 77C460DA CODE: 0f8739170000 ja 0x77c47819
Eax=1 Ebx=0 Ecx=7F38 Edx=26 Edi=33D0000 Esi=26 Ebp=303EB60 Esp=303E9E0 Eip=77C460DA

ADDR: 77C460F4 CODE: 723a jb 0x77c46130
Eax=128 Ebx=0 Ecx=7F38 Edx=26 Edi=33D0000 Esi=26 Ebp=303EB60 Esp=303E9E0 Eip=77C460F4

ADDR: 77C46136 CODE: 0f87d5000000 ja 0x77c46211
Eax=128 Ebx=0 Ecx=7F38 Edx=26 Edi=33D0000 Esi=26 Ebp=303EB60 Esp=303E9E0 Eip=77C46136

ADDR: 77C46188 CODE: 7716 ja 0x77c461a0
Eax=33D2605 Ebx=6 Ecx=A5 Edx=0 Edi=33D0000 Esi=33D26DC Ebp=303EB60 Esp=303E9E0 Eip=77C46188

ADDR: 77C46192 CODE: 770c ja 0x77c461a0
Eax=FF00 Ebx=6 Ecx=A5 Edx=0 Edi=33D0000 Esi=33D26DC Ebp=303EB60 Esp=303E9E0 Eip=77C46192

ADDR: 77C46216 CODE: 0f844f020000 jz 0x77c4646b
Eax=FF00 Ebx=6 Ecx=A5 Edx=26 Edi=33D0000 Esi=33D033C Ebp=303EB60 Esp=303E9E0 Eip=77C46216

ADDR: 77C46220 CODE: 0f8445020000 jz 0x77c4646b
Eax=FF00 Ebx=6 Ecx=A5 Edx=26 Edi=33D0000 Esi=0 Ebp=303EB60 Esp=303E9E0 Eip=77C46220

ADDR: 77C46485 CODE: 7304 jae 0x77c4648b
Eax=33D00C0 Ebx=6 Ecx=80 Edx=26 Edi=33D0000 Esi=33D0270 Ebp=303EB60 Esp=303E9E0 Eip=77C46485

ADDR: 77C464D3 CODE: 7438 jz 0x77c4650d
Eax=34249C0 Ebx=B6FB8A78 Ecx=80 Edx=33D00C0 Edi=33D0000 Esi=33D0270 Ebp=303EB60 Esp=303E9E0 Eip=77C464D3

ADDR: 77C464F3 CODE: 7418 jz 0x77c4650d
Eax=C0 Ebx=C00004C4 Ecx=C0C0 Edx=33D00C0 Edi=33D0000 Esi=33D0270 Ebp=303EB60 Esp=303E9E0 Eip=77C464F3

ADDR: 77C4651D CODE: 7e07 jle 0x77c46526
Eax=4C4 Ebx=C00004C4 Ecx=FFFFFB62 Edx=33D00C0 Edi=33D0000 Esi=33D0270 Ebp=303EB60 Esp=303E9E0 Eip=77C4651D

ADDR: 77C4653A CODE: 7438 jz 0x77c46574
Eax=34128C8 Ebx=74FB8EBE Ecx=FFFFFB62 Edx=33D00C0 Edi=33D0000 Esi=33D0270 Ebp=303EB60 Esp=303E9E0 Eip=77C4653A

ADDR: 77C4655A CODE: 7418 jz 0x77c46574
Eax=2 Ebx=2000002 Ecx=202 Edx=33D00C0 Edi=33D0000 Esi=33D0270 Ebp=303EB60 Esp=303E9E0 Eip=77C4655A

ADDR: 77C46584 CODE: 7f07 jg 0x77c4658d
Eax=2 Ebx=2000002 Ecx=24 Edx=33D00C0 Edi=33D0000 Esi=33D0270 Ebp=303EB60 Esp=303E9E0 Eip=77C46584

ADDR: 77C46664 CODE: 7708 ja 0x77c4666e
Eax=33D0298 Ebx=0 Ecx=3 Edx=1 Edi=33D0000 Esi=33D0270 Ebp=303EB60 Esp=303E9E0 Eip=77C46664

ADDR: 77C46664 CODE: 7708 ja 0x77c4666e
Eax=33D029C Ebx=0 Ecx=3 Edx=2 Edi=33D0000 Esi=33D0270 Ebp=303EB60 Esp=303E9E0 Eip=77C46664

ADDR: 77C46664 CODE: 7708 ja 0x77c4666e
Eax=33D02A0 Ebx=0 Ecx=3 Edx=3 Edi=33D0000 Esi=33D0270 Ebp=303EB60 Esp=303E9E0 Eip=77C46664

ADDR: 77C46664 CODE: 7708 ja 0x77c4666e
Eax=33D02A4 Ebx=0 Ecx=3 Edx=4 Edi=33D0000 Esi=33D0270 Ebp=303EB60 Esp=303E9E0 Eip=77C46664

ADDR: 77C46670 CODE: 0f848c110000 jz 0x77c47802
Eax=33D02A4 Ebx=0 Ecx=3 Edx=4 Edi=33D0000 Esi=33D0270 Ebp=303EB60 Esp=303E9E0 Eip=77C46670

ADDR: 77C464D3 CODE: 7438 jz 0x77c4650d
Eax=34249C0 Ebx=B6FB8A78 Ecx=3 Edx=33D00C0 Edi=33D0000 Esi=33D36A0 Ebp=303EB60 Esp=303E9E0 Eip=77C464D3

ADDR: 77C464F3 CODE: 7418 jz 0x77c4650d
Eax=C0 Ebx=C00004C4 Ecx=C0C0 Edx=33D00C0 Edi=33D0000 Esi=33D36A0 Ebp=303EB60 Esp=303E9E0 Eip=77C464F3

ADDR: 77C4651D CODE: 7e07 jle 0x77c46526
Eax=4C4 Ebx=C00004C4 Ecx=FFFFFB62 Edx=33D00C0 Edi=33D0000 Esi=33D36A0 Ebp=303EB60 Esp=303E9E0 Eip=77C4651D

ADDR: 77C4653A CODE: 7438 jz 0x77c46574
Eax=34128C8 Ebx=74FB8EBE Ecx=FFFFFB62 Edx=33D00C0 Edi=33D0000 Esi=33D36A0 Ebp=303EB60 Esp=303E9E0 Eip=77C4653A

ADDR: 77C4655A CODE: 7418 jz 0x77c46574
Eax=2 Ebx=2000002 Ecx=202 Edx=33D00C0 Edi=33D0000 Esi=33D36A0 Ebp=303EB60 Esp=303E9E0 Eip=77C4655A

ADDR: 77C46584 CODE: 7f07 jg 0x77c4658d
Eax=2 Ebx=2000002 Ecx=24 Edx=33D00C0 Edi=33D0000 Esi=33D36A0 Ebp=303EB60 Esp=303E9E0 Eip=77C46584

ADDR: 77C46664 CODE: 7708 ja 0x77c4666e
Eax=33D36C4 Ebx=0 Ecx=3B Edx=0 Edi=33D0000 Esi=33D36A0 Ebp=303EB60 Esp=303E9E0 Eip=77C46664

ADDR: 77C46664 CODE: 7708 ja 0x77c4666e
Eax=33D36C8 Ebx=0 Ecx=3B Edx=1 Edi=33D0000 Esi=33D36A0 Ebp=303EB60 Esp=303E9E0 Eip=77C46664

ADDR: 77C46664 CODE: 7708 ja 0x77c4666e
Eax=33D36CC Ebx=0 Ecx=3B Edx=2 Edi=33D0000 Esi=33D36A0 Ebp=303EB60 Esp=303E9E0 Eip=77C46664

ADDR: 77C46664 CODE: 7708 ja 0x77c4666e
Eax=33D36D0 Ebx=0 Ecx=3B Edx=3 Edi=33D0000 Esi=33D36A0 Ebp=303EB60 Esp=303E9E0 Eip=77C46664

ADDR: 77C46664 CODE: 7708 ja 0x77c4666e
Eax=33D36D4 Ebx=0 Ecx=3B Edx=4 Edi=33D0000 Esi=33D36A0 Ebp=303EB60 Esp=303E9E0 Eip=77C46664

ADDR: 77C46664 CODE: 7708 ja 0x77c4666e
Eax=33D36D8 Ebx=0 Ecx=3B Edx=5 Edi=33D0000 Esi=33D36A0 Ebp=303EB60 Esp=303E9E0 Eip=77C46664

ADDR: 77C46664 CODE: 7708 ja 0x77c4666e
Eax=33D36DC Ebx=0 Ecx=3B Edx=6 Edi=33D0000 Esi=33D36A0 Ebp=303EB60 Esp=303E9E0 Eip=77C46664

ADDR: 77C46664 CODE: 7708 ja 0x77c4666e
Eax=33D36E0 Ebx=0 Ecx=3B Edx=7 Edi=33D0000 Esi=33D36A0 Ebp=303EB60 Esp=303E9E0 Eip=77C46664

ADDR: 77C46664 CODE: 7708 ja 0x77c4666e
Eax=33D36E4 Ebx=0 Ecx=3B Edx=8 Edi=33D0000 Esi=33D36A0 Ebp=303EB60 Esp=303E9E0 Eip=77C46664

ADDR: 77C46664 CODE: 7708 ja 0x77c4666e
Eax=33D36E8 Ebx=0 Ecx=3B Edx=9 Edi=33D0000 Esi=33D36A0 Ebp=303EB60 Esp=303E9E0 Eip=77C46664

ADDR: 77C46664 CODE: 7708 ja 0x77c4666e
Eax=33D36EC Ebx=0 Ecx=3B Edx=A Edi=33D0000 Esi=33D36A0 Ebp=303EB60 Esp=303E9E0 Eip=77C46664

ADDR: 77C46664 CODE: 7708 ja 0x77c4666e
Eax=33D36F0 Ebx=0 Ecx=3B Edx=B Edi=33D0000 Esi=33D36A0 Ebp=303EB60 Esp=303E9E0 Eip=77C46664

ADDR: 77C46664 CODE: 7708 ja 0x77c4666e
Eax=33D36F4 Ebx=0 Ecx=3B Edx=C Edi=33D0000 Esi=33D36A0 Ebp=303EB60 Esp=303E9E0 Eip=77C46664

ADDR: 77C46664 CODE: 7708 ja 0x77c4666e
Eax=33D36F8 Ebx=0 Ecx=3B Edx=D Edi=33D0000 Esi=33D36A0 Ebp=303EB60 Esp=303E9E0 Eip=77C46664

ADDR: 77C46664 CODE: 7708 ja 0x77c4666e
Eax=33D36FC Ebx=0 Ecx=3B Edx=E Edi=33D0000 Esi=33D36A0 Ebp=303EB60 Esp=303E9E0 Eip=77C46664

ADDR: 77C46664 CODE: 7708 ja 0x77c4666e
Eax=33D3700 Ebx=0 Ecx=3B Edx=F Edi=33D0000 Esi=33D36A0 Ebp=303EB60 Esp=303E9E0 Eip=77C46664

ADDR: 77C46664 CODE: 7708 ja 0x77c4666e
Eax=33D3704 Ebx=0 Ecx=3B Edx=10 Edi=33D0000 Esi=33D36A0 Ebp=303EB60 Esp=303E9E0 Eip=77C46664

ADDR: 77C46664 CODE: 7708 ja 0x77c4666e
Eax=33D3708 Ebx=0 Ecx=3B Edx=11 Edi=33D0000 Esi=33D36A0 Ebp=303EB60 Esp=303E9E0 Eip=77C46664

ADDR: 77C46664 CODE: 7708 ja 0x77c4666e
Eax=33D370C Ebx=0 Ecx=3B Edx=12 Edi=33D0000 Esi=33D36A0 Ebp=303EB60 Esp=303E9E0 Eip=77C46664

ADDR: 77C46664 CODE: 7708 ja 0x77c4666e
Eax=33D3710 Ebx=0 Ecx=3B Edx=13 Edi=33D0000 Esi=33D36A0 Ebp=303EB60 Esp=303E9E0 Eip=77C46664

ADDR: 77C46664 CODE: 7708 ja 0x77c4666e
Eax=33D3714 Ebx=0 Ecx=3B Edx=14 Edi=33D0000 Esi=33D36A0 Ebp=303EB60 Esp=303E9E0 Eip=77C46664

ADDR: 77C46664 CODE: 7708 ja 0x77c4666e
Eax=33D3718 Ebx=0 Ecx=3B Edx=15 Edi=33D0000 Esi=33D36A0 Ebp=303EB60 Esp=303E9E0 Eip=77C46664

ADDR: 77C46664 CODE: 7708 ja 0x77c4666e
Eax=33D371C Ebx=0 Ecx=3B Edx=16 Edi=33D0000 Esi=33D36A0 Ebp=303EB60 Esp=303E9E0 Eip=77C46664

ADDR: 77C46664 CODE: 7708 ja 0x77c4666e
Eax=33D3720 Ebx=0 Ecx=3B Edx=17 Edi=33D0000 Esi=33D36A0 Ebp=303EB60 Esp=303E9E0 Eip=77C46664

ADDR: 77C46664 CODE: 7708 ja 0x77c4666e
Eax=33D3724 Ebx=0 Ecx=3B Edx=18 Edi=33D0000 Esi=33D36A0 Ebp=303EB60 Esp=303E9E0 Eip=77C46664

ADDR: 77C46664 CODE: 7708 ja 0x77c4666e
Eax=33D3728 Ebx=0 Ecx=3B Edx=19 Edi=33D0000 Esi=33D36A0 Ebp=303EB60 Esp=303E9E0 Eip=77C46664

ADDR: 77C46664 CODE: 7708 ja 0x77c4666e
Eax=33D372C Ebx=0 Ecx=3B Edx=1A Edi=33D0000 Esi=33D36A0 Ebp=303EB60 Esp=303E9E0 Eip=77C46664

ADDR: 77C46664 CODE: 7708 ja 0x77c4666e
Eax=33D3730 Ebx=0 Ecx=3B Edx=1B Edi=33D0000 Esi=33D36A0 Ebp=303EB60 Esp=303E9E0 Eip=77C46664

ADDR: 77C46664 CODE: 7708 ja 0x77c4666e
Eax=33D3734 Ebx=0 Ecx=3B Edx=1C Edi=33D0000 Esi=33D36A0 Ebp=303EB60 Esp=303E9E0 Eip=77C46664

ADDR: 77C46664 CODE: 7708 ja 0x77c4666e
Eax=33D3738 Ebx=0 Ecx=3B Edx=1D Edi=33D0000 Esi=33D36A0 Ebp=303EB60 Esp=303E9E0 Eip=77C46664

ADDR: 77C46664 CODE: 7708 ja 0x77c4666e
Eax=33D373C Ebx=0 Ecx=3B Edx=1E Edi=33D0000 Esi=33D36A0 Ebp=303EB60 Esp=303E9E0 Eip=77C46664

ADDR: 77C46664 CODE: 7708 ja 0x77c4666e
Eax=33D3740 Ebx=0 Ecx=3B Edx=1F Edi=33D0000 Esi=33D36A0 Ebp=303EB60 Esp=303E9E0 Eip=77C46664

ADDR: 77C46664 CODE: 7708 ja 0x77c4666e
Eax=33D3744 Ebx=0 Ecx=3B Edx=20 Edi=33D0000 Esi=33D36A0 Ebp=303EB60 Esp=303E9E0 Eip=77C46664

ADDR: 77C46664 CODE: 7708 ja 0x77c4666e
Eax=33D3748 Ebx=0 Ecx=3B Edx=21 Edi=33D0000 Esi=33D36A0 Ebp=303EB60 Esp=303E9E0 Eip=77C46664

ADDR: 77C46679 CODE: 7422 jz 0x77c4669d
Eax=33D374C Ebx=10 Ecx=3B Edx=22 Edi=33D0000 Esi=33D36A0 Ebp=303EB60 Esp=303E9E0 Eip=77C46679

ADDR: 77C46680 CODE: 7409 jz 0x77c4668b
Eax=10 Ebx=10 Ecx=3B Edx=22 Edi=33D0000 Esi=33D36A0 Ebp=303EB60 Esp=303E9E0 Eip=77C46680

ADDR: 77C466D1 CODE: 7402 jz 0x77c466d5
Eax=4 Ebx=10 Ecx=3B Edx=444 Edi=33D0000 Esi=33D36A0 Ebp=303EB60 Esp=303E9E0 Eip=77C466D1

ADDR: 77C466E0 CODE: 0f841c110000 jz 0x77c47802
Eax=34249C8 Ebx=10 Ecx=3B Edx=444 Edi=33D0000 Esi=33D36A0 Ebp=303EB60 Esp=303E9E0 Eip=77C466E0

ADDR: 77C466F2 CODE: 0f844d020000 jz 0x77c46945
Eax=34249C8 Ebx=10 Ecx=3B Edx=444 Edi=33D0000 Esi=33D36A0 Ebp=303EB60 Esp=303E9E0 Eip=77C466F2

ADDR: 77C46702 CODE: 741f jz 0x77c46723
Eax=34249C8 Ebx=34249C0 Ecx=3B Edx=444 Edi=33D0000 Esi=33D36A0 Ebp=303EB60 Esp=303E9E0 Eip=77C46702

ADDR: 77C46714 CODE: 740a jz 0x77c46720
Eax=76FB8EC0 Ebx=34249C0 Ecx=3B Edx=444 Edi=33D0000 Esi=33D36A0 Ebp=303EB60 Esp=303E9E0 Eip=77C46714

ADDR: 77C46729 CODE: 0f8200020000 jb 0x77c4692f
Eax=34249C8 Ebx=34249C0 Ecx=3B Edx=444 Edi=33D0000 Esi=4C4 Ebp=303EB60 Esp=303E9E0 Eip=77C46729

ADDR: 77C46761 CODE: 0f841c010000 jz 0x77c46883
Eax=34249C8 Ebx=34249C0 Ecx=33D0270 Edx=34249C8 Edi=33D0000 Esi=4C4 Ebp=303EB60 Esp=303E9E0 Eip=77C46761

ADDR: 77C46778 CODE: 730b jae 0x77c46785
Eax=4C4 Ebx=34249C0 Ecx=33D0270 Edx=34249C8 Edi=33D0000 Esi=80 Ebp=303EB60 Esp=303E9E0 Eip=77C46778

ADDR: 77C46778 CODE: 730b jae 0x77c46785
Eax=4C4 Ebx=34249C0 Ecx=33D36A0 Edx=33D36A0 Edi=33D0000 Esi=800 Ebp=303EB60 Esp=303E9E0 Eip=77C46778

ADDR: 77C4680D CODE: 0f83db000000 jae 0x77c468ee
Eax=7FF Ebx=34249C0 Ecx=33D36A0 Edx=444 Edi=33D0000 Esi=33D00C0 Ebp=303EB60 Esp=303E9E0 Eip=77C4680D

ADDR: 77C46816 CODE: 0f84a3000000 jz 0x77c468bf
Eax=7FF Ebx=34249C0 Ecx=33D36A0 Edx=444 Edi=33D0000 Esi=33D00C0 Ebp=303EB60 Esp=303E9E0 Eip=77C46816

ADDR: 77C46895 CODE: 7475 jz 0x77c4690c
Eax=33D00C0 Ebx=34249C0 Ecx=3421A60 Edx=FFFFFFEF Edi=33D0000 Esi=22 Ebp=303EB60 Esp=303E9E0 Eip=77C46895

ADDR: 77C46ACC CODE: 7418 jz 0x77c46ae6
Eax=33D00C0 Ebx=34249C0 Ecx=3421A00 Edx=FFFFFFEF Edi=33D0000 Esi=1 Ebp=303EB60 Esp=303E9E0 Eip=77C46ACC

ADDR: 77C46B12 CODE: 7305 jae 0x77c46b19
Eax=8 Ebx=34249C0 Ecx=26 Edx=49E Edi=33D0000 Esi=1 Ebp=303EB60 Esp=303E9E0 Eip=77C46B12

ADDR: 77C46B27 CODE: 741e jz 0x77c46b47
Eax=8 Ebx=34249C0 Ecx=26 Edx=49E Edi=33D0000 Esi=1 Ebp=303EB60 Esp=303E9E0 Eip=77C46B27

ADDR: 77C46CA1 CODE: 741a jz 0x77c46cbd
Eax=0 Ebx=34249C0 Ecx=26 Edx=49E Edi=33D0000 Esi=1 Ebp=303EB60 Esp=303E9E0 Eip=77C46CA1

ADDR: 77C46D47 CODE: 0f845d050000 jz 0x77c472aa
Eax=FB Ebx=3424AF0 Ecx=100000 Edx=49E Edi=33D0000 Esi=3426FE0 Ebp=303EB60 Esp=303E9E0 Eip=77C46D47

ADDR: 77C46D81 CODE: 0f8496020000 jz 0x77c4701d
Eax=33D00C0 Ebx=3424AF0 Ecx=100000 Edx=49E Edi=33D0000 Esi=33D0270 Ebp=303EB60 Esp=303E9E0 Eip=77C46D81

ADDR: 77C46D8C CODE: 7304 jae 0x77c46d92
Eax=33D00C0 Ebx=3424AF0 Ecx=80 Edx=49E Edi=33D0000 Esi=33D0270 Ebp=303EB60 Esp=303E9E0 Eip=77C46D8C

ADDR: 77C46D8C CODE: 7304 jae 0x77c46d92
Eax=33D36A0 Ebx=3424AF0 Ecx=800 Edx=49E Edi=33D0000 Esi=33D36A0 Ebp=303EB60 Esp=303E9E0 Eip=77C46D8C

ADDR: 77C46DD5 CODE: 743b jz 0x77c46e12
Eax=3421A58 Ebx=3424AF0 Ecx=3421A60 Edx=7BFB8EB1 Edi=33D0000 Esi=33D36A0 Ebp=303EB60 Esp=303E9E0 Eip=77C46DD5

ADDR: 77C46DF8 CODE: 7418 jz 0x77c46e12
Eax=D Ebx=3424AF0 Ecx=D0D Edx=D00000D Edi=33D0000 Esi=33D36A0 Ebp=303EB60 Esp=303E9E0 Eip=77C46DF8

ADDR: 77C46E22 CODE: 7e08 jle 0x77c46e2c
Eax=D Ebx=3424AF0 Ecx=491 Edx=D00000D Edi=33D0000 Esi=33D36A0 Ebp=303EB60 Esp=303E9E0 Eip=77C46E22

ADDR: 77C46FF9 CODE: 740b jz 0x77c47006
Eax=D Ebx=3424AF0 Ecx=33D00C0 Edx=D00000D Edi=33D0000 Esi=33D36A0 Ebp=303EB60 Esp=303E9E0 Eip=77C46FF9

ADDR: 77C47024 CODE: 7435 jz 0x77c4705b
Eax=33D00C0 Ebx=3424AF0 Ecx=33D00C0 Edx=D00000D Edi=33D0000 Esi=49E Ebp=303EB60 Esp=303E9E0 Eip=77C47024

ADDR: 77C47094 CODE: 0f84fc000000 jz 0x77c47196
Eax=49E Ebx=3424AF0 Ecx=33D0270 Edx=3421A60 Edi=33D0000 Esi=33D00C0 Ebp=303EB60 Esp=303E9E0 Eip=77C47094

ADDR: 77C470A5 CODE: 730a jae 0x77c470b1
Eax=49E Ebx=3424AF0 Ecx=33D0270 Edx=3421A60 Edi=33D0000 Esi=80 Ebp=303EB60 Esp=303E9E0 Eip=77C470A5

ADDR: 77C470A5 CODE: 730a jae 0x77c470b1
Eax=49E Ebx=3424AF0 Ecx=33D36A0 Edx=33D36A0 Edi=33D0000 Esi=800 Ebp=303EB60 Esp=303E9E0 Eip=77C470A5

ADDR: 77C470FF CODE: 7464 jz 0x77c47165
Eax=0 Ebx=3424AF0 Ecx=33D36A0 Edx=49E Edi=33D0000 Esi=41E Ebp=303EB60 Esp=303E9E0 Eip=77C470FF

ADDR: 77C4719A CODE: 0f8497040000 jz 0x77c47637
Eax=33D36C4 Ebx=3424AF0 Ecx=1E Edx=40000000 Edi=33D0000 Esi=20 Ebp=303EB60 Esp=303E9E0 Eip=77C4719A

ADDR: 77C46B7F CODE: 0f841c0b0000 jz 0x77c476a1
Eax=8 Ebx=34249C8 Ecx=130 Edx=34249C7 Edi=33D0000 Esi=130 Ebp=303EB60 Esp=303E9E0 Eip=77C46B7F

ADDR: 77C46B89 CODE: 7413 jz 0x77c46b9e
Eax=8 Ebx=34249C8 Ecx=130 Edx=34249C7 Edi=33D0000 Esi=130 Ebp=303EB60 Esp=303E9E0 Eip=77C46B89

ADDR: 77C46BA2 CODE: 0f84b7000000 jz 0x77c46c5f
Eax=76FB8EBC Ebx=34249C8 Ecx=34249C0 Edx=34249C7 Edi=33D0000 Esi=130 Ebp=303EB60 Esp=303E9E0 Eip=77C46BA2

ADDR: 77C46BC7 CODE: 762c jbe 0x77c46bf5
Eax=76FB8EBC Ebx=34249C8 Ecx=34249C0 Edx=1 Edi=33D0000 Esi=130 Ebp=303EB60 Esp=303E9E0 Eip=77C46BC7

ADDR: 77C46BE7 CODE: 7606 jbe 0x77c46bef
Eax=2940 Ebx=34249C8 Ecx=566C0 Edx=1 Edi=33D0000 Esi=130 Ebp=303EB60 Esp=303E9E0 Eip=77C46BE7

ADDR: 77C46C05 CODE: 7249 jb 0x77c46c50
Eax=2940 Ebx=34249C8 Ecx=566C0 Edx=1 Edi=33D0000 Esi=130 Ebp=303EB60 Esp=303E9E0 Eip=77C46C05

ADDR: 77C47B53 CODE: 746e jz 0x77c47bc3
Eax=FFFFFFFE Ebx=33D0258 Ecx=FFFFFFFF Edx=1 Edi=33D025C Esi=FFFFFFFE Ebp=303E9D4 Esp=303E9C0 Eip=77C47B53

ADDR: 77C46C63 CODE: 0f84150e0000 jz 0x77c47a7e
Eax=0 Ebx=34249C8 Ecx=FFFFFFFF Edx=1 Edi=33D0000 Esi=130 Ebp=303EB60 Esp=303E9E0 Eip=77C46C63

ADDR: 77C47AAD CODE: 741e jz 0x77c47acd
Eax=0 Ebx=34249C8 Ecx=FFFFFFFF Edx=1 Edi=33D0000 Esi=130 Ebp=303EB60 Esp=303E9DC Eip=77C47AAD

ADDR: 77C47A91 CODE: 743b jz 0x77c47ace
Eax=0 Ebx=34249C8 Ecx=FFFFFFFF Edx=1 Edi=33D0000 Esi=130 Ebp=303EB60 Esp=303E9E0 Eip=77C47A91

ADDR: 77C47AD6 CODE: 741f jz 0x77c47af7
Eax=7FFE0388 Ebx=34249C8 Ecx=FFFFFFFF Edx=1 Edi=33D0000 Esi=130 Ebp=303EB60 Esp=303E9E0 Eip=77C47AD6

ADDR: 77C45D13 CODE: 7445 jz 0x77c45d5a
Eax=34249C8 Ebx=33D0000 Ecx=EA68A05 Edx=1 Edi=34249C8 Esi=130 Ebp=303EBF0 Esp=303EB78 Eip=77C45D13

ADDR: 77C45D1D CODE: 0f8474000000 jz 0x77c45d97
Eax=34249C8 Ebx=33D0000 Ecx=128 Edx=0 Edi=34249C8 Esi=130 Ebp=303EBF0 Esp=303EB78 Eip=77C45D1D

ADDR: 77C45DA5 CODE: 7415 jz 0x77c45dbc
Eax=0 Ebx=33D0000 Ecx=0 Edx=0 Edi=34249C8 Esi=130 Ebp=303EBF0 Esp=303EB78 Eip=77C45DA5

ADDR: 77C45DC4 CODE: 0f8492000000 jz 0x77c45e5c
Eax=7FFE0380 Ebx=33D0000 Ecx=0 Edx=0 Edi=34249C8 Esi=130 Ebp=303EBF0 Esp=303EB78 Eip=77C45DC4

ADDR: 77C45E63 CODE: 743b jz 0x77c45ea0
Eax=0 Ebx=33D0000 Ecx=0 Edx=0 Edi=34249C8 Esi=130 Ebp=303EBF0 Esp=303EB78 Eip=77C45E63

ADDR: C84738 CODE: 0f844a1c0000 jz 0xc86388
Eax=34249C8 Ebx=0 Ecx=0 Edx=0 Edi=0 Esi=34248A0 Ebp=303F918 Esp=303EC20 Eip=C84738

ADDR: C8474A CODE: 7408 jz 0xc84754
Eax=0 Ebx=0 Ecx=120 Edx=0 Edi=0 Esi=34248A0 Ebp=303F918 Esp=303EC20 Eip=C8474A

ADDR: C84752 CODE: 72f8 jb 0xc8474c
Eax=1 Ebx=0 Ecx=120 Edx=7 Edi=0 Esi=34248A0 Ebp=303F918 Esp=303EC20 Eip=C84752

ADDR: C84752 CODE: 72f8 jb 0xc8474c
Eax=2 Ebx=0 Ecx=120 Edx=7 Edi=0 Esi=34248A0 Ebp=303F918 Esp=303EC20 Eip=C84752

ADDR: C84752 CODE: 72f8 jb 0xc8474c
Eax=3 Ebx=0 Ecx=120 Edx=7 Edi=0 Esi=34248A0 Ebp=303F918 Esp=303EC20 Eip=C84752

ADDR: C84752 CODE: 72f8 jb 0xc8474c
Eax=4 Ebx=0 Ecx=120 Edx=7 Edi=0 Esi=34248A0 Ebp=303F918 Esp=303EC20 Eip=C84752

ADDR: C84752 CODE: 72f8 jb 0xc8474c
Eax=5 Ebx=0 Ecx=120 Edx=1F Edi=0 Esi=34248A0 Ebp=303F918 Esp=303EC20 Eip=C84752

ADDR: C84752 CODE: 72f8 jb 0xc8474c
Eax=6 Ebx=0 Ecx=120 Edx=1E Edi=0 Esi=34248A0 Ebp=303F918 Esp=303EC20 Eip=C84752

ADDR: C84752 CODE: 72f8 jb 0xc8474c
Eax=7 Ebx=0 Ecx=120 Edx=1E Edi=0 Esi=34248A0 Ebp=303F918 Esp=303EC20 Eip=C84752

ADDR: C84752 CODE: 72f8 jb 0xc8474c
Eax=8 Ebx=0 Ecx=120 Edx=1E Edi=0 Esi=34248A0 Ebp=303F918 Esp=303EC20 Eip=C84752

ADDR: C84752 CODE: 72f8 jb 0xc8474c
Eax=9 Ebx=0 Ecx=120 Edx=1A Edi=0 Esi=34248A0 Ebp=303F918 Esp=303EC20 Eip=C84752

ADDR: C84752 CODE: 72f8 jb 0xc8474c
Eax=A Ebx=0 Ecx=120 Edx=1A Edi=0 Esi=34248A0 Ebp=303F918 Esp=303EC20 Eip=C84752

ADDR: C84752 CODE: 72f8 jb 0xc8474c
Eax=B Ebx=0 Ecx=120 Edx=1A Edi=0 Esi=34248A0 Ebp=303F918 Esp=303EC20 Eip=C84752

ADDR: C84752 CODE: 72f8 jb 0xc8474c
Eax=C Ebx=0 Ecx=120 Edx=1A Edi=0 Esi=34248A0 Ebp=303F918 Esp=303EC20 Eip=C84752

ADDR: C84752 CODE: 72f8 jb 0xc8474c
Eax=D Ebx=0 Ecx=120 Edx=1A Edi=0 Esi=34248A0 Ebp=303F918 Esp=303EC20 Eip=C84752

ADDR: C84752 CODE: 72f8 jb 0xc8474c
Eax=E Ebx=0 Ecx=120 Edx=1A Edi=0 Esi=34248A0 Ebp=303F918 Esp=303EC20 Eip=C84752

ADDR: C84752 CODE: 72f8 jb 0xc8474c
Eax=F Ebx=0 Ecx=120 Edx=1A Edi=0 Esi=34248A0 Ebp=303F918 Esp=303EC20 Eip=C84752

ADDR: C84752 CODE: 72f8 jb 0xc8474c
Eax=10 Ebx=0 Ecx=120 Edx=1A Edi=0 Esi=34248A0 Ebp=303F918 Esp=303EC20 Eip=C84752

ADDR: C84752 CODE: 72f8 jb 0xc8474c
Eax=11 Ebx=0 Ecx=120 Edx=BA Edi=0 Esi=34248A0 Ebp=303F918 Esp=303EC20 Eip=C84752

ADDR: C84752 CODE: 72f8 jb 0xc8474c
Eax=12 Ebx=0 Ecx=120 Edx=BA Edi=0 Esi=34248A0 Ebp=303F918 Esp=303EC20 Eip=C84752

ADDR: C84752 CODE: 72f8 jb 0xc8474c
Eax=13 Ebx=0 Ecx=120 Edx=BA Edi=0 Esi=34248A0 Ebp=303F918 Esp=303EC20 Eip=C84752

ADDR: C84752 CODE: 72f8 jb 0xc8474c
Eax=14 Ebx=0 Ecx=120 Edx=BA Edi=0 Esi=34248A0 Ebp=303F918 Esp=303EC20 Eip=C84752

ADDR: C84752 CODE: 72f8 jb 0xc8474c
Eax=15 Ebx=0 Ecx=120 Edx=2F Edi=0 Esi=34248A0 Ebp=303F918 Esp=303EC20 Eip=C84752

ADDR: C84752 CODE: 72f8 jb 0xc8474c
Eax=16 Ebx=0 Ecx=120 Edx=B8 Edi=0 Esi=34248A0 Ebp=303F918 Esp=303EC20 Eip=C84752

ADDR: C84752 CODE: 72f8 jb 0xc8474c
Eax=17 Ebx=0 Ecx=120 Edx=21 Edi=0 Esi=34248A0 Ebp=303F918 Esp=303EC20 Eip=C84752

ADDR: C84752 CODE: 72f8 jb 0xc8474c
Eax=18 Ebx=0 Ecx=120 Edx=E5 Edi=0 Esi=34248A0 Ebp=303F918 Esp=303EC20 Eip=C84752

ADDR: C84752 CODE: 72f8 jb 0xc8474c
Eax=19 Ebx=0 Ecx=120 Edx=CA Edi=0 Esi=34248A0 Ebp=303F918 Esp=303EC20 Eip=C84752

ADDR: C84752 CODE: 72f8 jb 0xc8474c
Eax=1A Ebx=0 Ecx=120 Edx=43 Edi=0 Esi=34248A0 Ebp=303F918 Esp=303EC20 Eip=C84752

ADDR: C84752 CODE: 72f8 jb 0xc8474c
Eax=1B Ebx=0 Ecx=120 Edx=85 Edi=0 Esi=34248A0 Ebp=303F918 Esp=303EC20 Eip=C84752

ADDR: C84752 CODE: 72f8 jb 0xc8474c
Eax=1C Ebx=0 Ecx=120 Edx=D2 Edi=0 Esi=34248A0 Ebp=303F918 Esp=303EC20 Eip=C84752

ADDR: C84752 CODE: 72f8 jb 0xc8474c
Eax=1D Ebx=0 Ecx=120 Edx=F6 Edi=0 Esi=34248A0 Ebp=303F918 Esp=303EC20 Eip=C84752

ADDR: C84752 CODE: 72f8 jb 0xc8474c
Eax=1E Ebx=0 Ecx=120 Edx=B8 Edi=0 Esi=34248A0 Ebp=303F918 Esp=303EC20 Eip=C84752

ADDR: C84752 CODE: 72f8 jb 0xc8474c
Eax=1F Ebx=0 Ecx=120 Edx=31 Edi=0 Esi=34248A0 Ebp=303F918 Esp=303EC20 Eip=C84752

ADDR: C84752 CODE: 72f8 jb 0xc8474c
Eax=20 Ebx=0 Ecx=120 Edx=5F Edi=0 Esi=34248A0 Ebp=303F918 Esp=303EC20 Eip=C84752

ADDR: C84752 CODE: 72f8 jb 0xc8474c
Eax=21 Ebx=0 Ecx=120 Edx=7 Edi=0 Esi=34248A0 Ebp=303F918 Esp=303EC20 Eip=C84752

ADDR: C84752 CODE: 72f8 jb 0xc8474c
Eax=22 Ebx=0 Ecx=120 Edx=9F Edi=0 Esi=34248A0 Ebp=303F918 Esp=303EC20 Eip=C84752

ADDR: C84752 CODE: 72f8 jb 0xc8474c
Eax=23 Ebx=0 Ecx=120 Edx=12 Edi=0 Esi=34248A0 Ebp=303F918 Esp=303EC20 Eip=C84752

ADDR: C84752 CODE: 72f8 jb 0xc8474c
Eax=24 Ebx=0 Ecx=120 Edx=3D Edi=0 Esi=34248A0 Ebp=303F918 Esp=303EC20 Eip=C84752

ADDR: C84752 CODE: 72f8 jb 0xc8474c
Eax=25 Ebx=0 Ecx=120 Edx=1F Edi=0 Esi=34248A0 Ebp=303F918 Esp=303EC20 Eip=C84752

ADDR: C84752 CODE: 72f8 jb 0xc8474c
Eax=26 Ebx=0 Ecx=120 Edx=C6 Edi=0 Esi=34248A0 Ebp=303F918 Esp=303EC20 Eip=C84752

ADDR: C84752 CODE: 72f8 jb 0xc8474c
Eax=27 Ebx=0 Ecx=120 Edx=18 Edi=0 Esi=34248A0 Ebp=303F918 Esp=303EC20 Eip=C84752

ADDR: C84752 CODE: 72f8 jb 0xc8474c
Eax=28 Ebx=0 Ecx=120 Edx=A7 Edi=0 Esi=34248A0 Ebp=303F918 Esp=303EC20 Eip=C84752

ADDR: C84752 CODE: 72f8 jb 0xc8474c
Eax=29 Ebx=0 Ecx=120 Edx=B6 Edi=0 Esi=34248A0 Ebp=303F918 Esp=303EC20 Eip=C84752

ADDR: C84752 CODE: 72f8 jb 0xc8474c
Eax=2A Ebx=0 Ecx=120 Edx=DF Edi=0 Esi=34248A0 Ebp=303F918 Esp=303EC20 Eip=C84752

ADDR: C84752 CODE: 72f8 jb 0xc8474c
Eax=2B Ebx=0 Ecx=120 Edx=89 Edi=0 Esi=34248A0 Ebp=303F918 Esp=303EC20 Eip=C84752

ADDR: C84752 CODE: 72f8 jb 0xc8474c
Eax=2C Ebx=0 Ecx=120 Edx=55 Edi=0 Esi=34248A0 Ebp=303F918 Esp=303EC20 Eip=C84752

ADDR: C84752 CODE: 72f8 jb 0xc8474c
Eax=2D Ebx=0 Ecx=120 Edx=6C Edi=0 Esi=34248A0 Ebp=303F918 Esp=303EC20 Eip=C84752

ADDR: C84752 CODE: 72f8 jb 0xc8474c
Eax=2E Ebx=0 Ecx=120 Edx=9D Edi=0 Esi=34248A0 Ebp=303F918 Esp=303EC20 Eip=C84752

ADDR: C84752 CODE: 72f8 jb 0xc8474c
Eax=2F Ebx=0 Ecx=120 Edx=7B Edi=0 Esi=34248A0 Ebp=303F918 Esp=303EC20 Eip=C84752

ADDR: C84752 CODE: 72f8 jb 0xc8474c
Eax=30 Ebx=0 Ecx=120 Edx=3F Edi=0 Esi=34248A0 Ebp=303F918 Esp=303EC20 Eip=C84752

ADDR: C84752 CODE: 72f8 jb 0xc8474c
Eax=31 Ebx=0 Ecx=120 Edx=84 Edi=0 Esi=34248A0 Ebp=303F918 Esp=303EC20 Eip=C84752

ADDR: C84752 CODE: 72f8 jb 0xc8474c
Eax=32 Ebx=0 Ecx=120 Edx=AA Edi=0 Esi=34248A0 Ebp=303F918 Esp=303EC20 Eip=C84752

ADDR: C84752 CODE: 72f8 jb 0xc8474c
Eax=33 Ebx=0 Ecx=120 Edx=19 Edi=0 Esi=34248A0 Ebp=303F918 Esp=303EC20 Eip=C84752

ADDR: C84752 CODE: 72f8 jb 0xc8474c
Eax=34 Ebx=0 Ecx=120 Edx=55 Edi=0 Esi=34248A0 Ebp=303F918 Esp=303EC20 Eip=C84752

ADDR: C84752 CODE: 72f8 jb 0xc8474c
Eax=35 Ebx=0 Ecx=120 Edx=FC Edi=0 Esi=34248A0 Ebp=303F918 Esp=303EC20 Eip=C84752

ADDR: C84752 CODE: 72f8 jb 0xc8474c
Eax=36 Ebx=0 Ecx=120 Edx=F4 Edi=0 Esi=34248A0 Ebp=303F918 Esp=303EC20 Eip=C84752

ADDR: C84752 CODE: 72f8 jb 0xc8474c
Eax=37 Ebx=0 Ecx=120 Edx=AD Edi=0 Esi=34248A0 Ebp=303F918 Esp=303EC20 Eip=C84752

ADDR: C84752 CODE: 72f8 jb 0xc8474c
Eax=38 Ebx=0 Ecx=120 Edx=8E Edi=0 Esi=34248A0 Ebp=303F918 Esp=303EC20 Eip=C84752

ADDR: C84752 CODE: 72f8 jb 0xc8474c
Eax=39 Ebx=0 Ecx=120 Edx=14 Edi=0 Esi=34248A0 Ebp=303F918 Esp=303EC20 Eip=C84752

ADDR: C84752 CODE: 72f8 jb 0xc8474c
Eax=3A Ebx=0 Ecx=120 Edx=76 Edi=0 Esi=34248A0 Ebp=303F918 Esp=303EC20 Eip=C84752

ADDR: C84752 CODE: 72f8 jb 0xc8474c
Eax=3B Ebx=0 Ecx=120 Edx=20 Edi=0 Esi=34248A0 Ebp=303F918 Esp=303EC20 Eip=C84752

ADDR: C84752 CODE: 72f8 jb 0xc8474c
Eax=3C Ebx=0 Ecx=120 Edx=4E Edi=0 Esi=34248A0 Ebp=303F918 Esp=303EC20 Eip=C84752

ADDR: C84752 CODE: 72f8 jb 0xc8474c
Eax=3D Ebx=0 Ecx=120 Edx=35 Edi=0 Esi=34248A0 Ebp=303F918 Esp=303EC20 Eip=C84752

ADDR: C84752 CODE: 72f8 jb 0xc8474c
Eax=3E Ebx=0 Ecx=120 Edx=EF Edi=0 Esi=34248A0 Ebp=303F918 Esp=303EC20 Eip=C84752

ADDR: C84752 CODE: 72f8 jb 0xc8474c
Eax=3F Ebx=0 Ecx=120 Edx=3C Edi=0 Esi=34248A0 Ebp=303F918 Esp=303EC20 Eip=C84752

ADDR: C84752 CODE: 72f8 jb 0xc8474c
Eax=40 Ebx=0 Ecx=120 Edx=CD Edi=0 Esi=34248A0 Ebp=303F918 Esp=303EC20 Eip=C84752

ADDR: C84752 CODE: 72f8 jb 0xc8474c
Eax=41 Ebx=0 Ecx=120 Edx=D3 Edi=0 Esi=34248A0 Ebp=303F918 Esp=303EC20 Eip=C84752

ADDR: C84752 CODE: 72f8 jb 0xc8474c
Eax=42 Ebx=0 Ecx=120 Edx=F1 Edi=0 Esi=34248A0 Ebp=303F918 Esp=303EC20 Eip=C84752

ADDR: C84752 CODE: 72f8 jb 0xc8474c
Eax=43 Ebx=0 Ecx=120 Edx=B3 Edi=0 Esi=34248A0 Ebp=303F918 Esp=303EC20 Eip=C84752

ADDR: C84752 CODE: 72f8 jb 0xc8474c
Eax=44 Ebx=0 Ecx=120 Edx=E0 Edi=0 Esi=34248A0 Ebp=303F918 Esp=303EC20 Eip=C84752

ADDR: C84752 CODE: 72f8 jb 0xc8474c
Eax=45 Ebx=0 Ecx=120 Edx=E0 Edi=0 Esi=34248A0 Ebp=303F918 Esp=303EC20 Eip=C84752

ADDR: C84752 CODE: 72f8 jb 0xc8474c
Eax=46 Ebx=0 Ecx=120 Edx=E0 Edi=0 Esi=34248A0 Ebp=303F918 Esp=303EC20 Eip=C84752

ADDR: C84752 CODE: 72f8 jb 0xc8474c
Eax=47 Ebx=0 Ecx=120 Edx=E0 Edi=0 Esi=34248A0 Ebp=303F918 Esp=303EC20 Eip=C84752

ADDR: C84752 CODE: 72f8 jb 0xc8474c
Eax=48 Ebx=0 Ecx=120 Edx=E0 Edi=0 Esi=34248A0 Ebp=303F918 Esp=303EC20 Eip=C84752

ADDR: C84752 CODE: 72f8 jb 0xc8474c
Eax=49 Ebx=0 Ecx=120 Edx=E0 Edi=0 Esi=34248A0 Ebp=303F918 Esp=303EC20 Eip=C84752

ADDR: C84752 CODE: 72f8 jb 0xc8474c
Eax=4A Ebx=0 Ecx=120 Edx=E0 Edi=0 Esi=34248A0 Ebp=303F918 Esp=303EC20 Eip=C84752

ADDR: C84752 CODE: 72f8 jb 0xc8474c
Eax=4B Ebx=0 Ecx=120 Edx=E0 Edi=0 Esi=34248A0 Ebp=303F918 Esp=303EC20 Eip=C84752

ADDR: C84752 CODE: 72f8 jb 0xc8474c
Eax=4C Ebx=0 Ecx=120 Edx=E0 Edi=0 Esi=34248A0 Ebp=303F918 Esp=303EC20 Eip=C84752

ADDR: C84752 CODE: 72f8 jb 0xc8474c
Eax=4D Ebx=0 Ecx=120 Edx=E0 Edi=0 Esi=34248A0 Ebp=303F918 Esp=303EC20 Eip=C84752

ADDR: C84752 CODE: 72f8 jb 0xc8474c
Eax=4E Ebx=0 Ecx=120 Edx=E0 Edi=0 Esi=34248A0 Ebp=303F918 Esp=303EC20 Eip=C84752

ADDR: C84752 CODE: 72f8 jb 0xc8474c
Eax=4F Ebx=0 Ecx=120 Edx=E0 Edi=0 Esi=34248A0 Ebp=303F918 Esp=303EC20 Eip=C84752

ADDR: C84752 CODE: 72f8 jb 0xc8474c
Eax=50 Ebx=0 Ecx=120 Edx=E0 Edi=0 Esi=34248A0 Ebp=303F918 Esp=303EC20 Eip=C84752

ADDR: C84752 CODE: 72f8 jb 0xc8474c
Eax=51 Ebx=0 Ecx=120 Edx=E0 Edi=0 Esi=34248A0 Ebp=303F918 Esp=303EC20 Eip=C84752

ADDR: C84752 CODE: 72f8 jb 0xc8474c
Eax=52 Ebx=0 Ecx=120 Edx=E0 Edi=0 Esi=34248A0 Ebp=303F918 Esp=303EC20 Eip=C84752

ADDR: C84752 CODE: 72f8 jb 0xc8474c
Eax=53 Ebx=0 Ecx=120 Edx=E0 Edi=0 Esi=34248A0 Ebp=303F918 Esp=303EC20 Eip=C84752

ADDR: C84752 CODE: 72f8 jb 0xc8474c
Eax=54 Ebx=0 Ecx=120 Edx=E0 Edi=0 Esi=34248A0 Ebp=303F918 Esp=303EC20 Eip=C84752

ADDR: C84752 CODE: 72f8 jb 0xc8474c
Eax=55 Ebx=0 Ecx=120 Edx=E0 Edi=0 Esi=34248A0 Ebp=303F918 Esp=303EC20 Eip=C84752

ADDR: C84752 CODE: 72f8 jb 0xc8474c
Eax=56 Ebx=0 Ecx=120 Edx=E0 Edi=0 Esi=34248A0 Ebp=303F918 Esp=303EC20 Eip=C84752

ADDR: C84752 CODE: 72f8 jb 0xc8474c
Eax=57 Ebx=0 Ecx=120 Edx=E0 Edi=0 Esi=34248A0 Ebp=303F918 Esp=303EC20 Eip=C84752

ADDR: C84752 CODE: 72f8 jb 0xc8474c
Eax=58 Ebx=0 Ecx=120 Edx=E0 Edi=0 Esi=34248A0 Ebp=303F918 Esp=303EC20 Eip=C84752

ADDR: C84752 CODE: 72f8 jb 0xc8474c
Eax=59 Ebx=0 Ecx=120 Edx=E0 Edi=0 Esi=34248A0 Ebp=303F918 Esp=303EC20 Eip=C84752

ADDR: C84752 CODE: 72f8 jb 0xc8474c
Eax=5A Ebx=0 Ecx=120 Edx=E0 Edi=0 Esi=34248A0 Ebp=303F918 Esp=303EC20 Eip=C84752

ADDR: C84752 CODE: 72f8 jb 0xc8474c
Eax=5B Ebx=0 Ecx=120 Edx=E0 Edi=0 Esi=34248A0 Ebp=303F918 Esp=303EC20 Eip=C84752

ADDR: C84752 CODE: 72f8 jb 0xc8474c
Eax=5C Ebx=0 Ecx=120 Edx=E0 Edi=0 Esi=34248A0 Ebp=303F918 Esp=303EC20 Eip=C84752

ADDR: C84752 CODE: 72f8 jb 0xc8474c
Eax=5D Ebx=0 Ecx=120 Edx=E0 Edi=0 Esi=34248A0 Ebp=303F918 Esp=303EC20 Eip=C84752

ADDR: C84752 CODE: 72f8 jb 0xc8474c
Eax=5E Ebx=0 Ecx=120 Edx=E0 Edi=0 Esi=34248A0 Ebp=303F918 Esp=303EC20 Eip=C84752

ADDR: C84752 CODE: 72f8 jb 0xc8474c
Eax=5F Ebx=0 Ecx=120 Edx=E0 Edi=0 Esi=34248A0 Ebp=303F918 Esp=303EC20 Eip=C84752

ADDR: C84752 CODE: 72f8 jb 0xc8474c
Eax=60 Ebx=0 Ecx=120 Edx=E0 Edi=0 Esi=34248A0 Ebp=303F918 Esp=303EC20 Eip=C84752

ADDR: C84752 CODE: 72f8 jb 0xc8474c
Eax=61 Ebx=0 Ecx=120 Edx=E0 Edi=0 Esi=34248A0 Ebp=303F918 Esp=303EC20 Eip=C84752

ADDR: C84752 CODE: 72f8 jb 0xc8474c
Eax=62 Ebx=0 Ecx=120 Edx=E0 Edi=0 Esi=34248A0 Ebp=303F918 Esp=303EC20 Eip=C84752

ADDR: C84752 CODE: 72f8 jb 0xc8474c
Eax=63 Ebx=0 Ecx=120 Edx=E0 Edi=0 Esi=34248A0 Ebp=303F918 Esp=303EC20 Eip=C84752

ADDR: C84752 CODE: 72f8 jb 0xc8474c
Eax=64 Ebx=0 Ecx=120 Edx=E0 Edi=0 Esi=34248A0 Ebp=303F918 Esp=303EC20 Eip=C84752

ADDR: C84752 CODE: 72f8 jb 0xc8474c
Eax=65 Ebx=0 Ecx=120 Edx=E0 Edi=0 Esi=34248A0 Ebp=303F918 Esp=303EC20 Eip=C84752

ADDR: C84752 CODE: 72f8 jb 0xc8474c
Eax=66 Ebx=0 Ecx=120 Edx=E0 Edi=0 Esi=34248A0 Ebp=303F918 Esp=303EC20 Eip=C84752

ADDR: C84752 CODE: 72f8 jb 0xc8474c
Eax=67 Ebx=0 Ecx=120 Edx=E0 Edi=0 Esi=34248A0 Ebp=303F918 Esp=303EC20 Eip=C84752

ADDR: C84752 CODE: 72f8 jb 0xc8474c
Eax=68 Ebx=0 Ecx=120 Edx=E0 Edi=0 Esi=34248A0 Ebp=303F918 Esp=303EC20 Eip=C84752

ADDR: C84752 CODE: 72f8 jb 0xc8474c
Eax=69 Ebx=0 Ecx=120 Edx=E0 Edi=0 Esi=34248A0 Ebp=303F918 Esp=303EC20 Eip=C84752

ADDR: C84752 CODE: 72f8 jb 0xc8474c
Eax=6A Ebx=0 Ecx=120 Edx=E0 Edi=0 Esi=34248A0 Ebp=303F918 Esp=303EC20 Eip=C84752

ADDR: C84752 CODE: 72f8 jb 0xc8474c
Eax=6B Ebx=0 Ecx=120 Edx=E0 Edi=0 Esi=34248A0 Ebp=303F918 Esp=303EC20 Eip=C84752

ADDR: C84752 CODE: 72f8 jb 0xc8474c
Eax=6C Ebx=0 Ecx=120 Edx=E0 Edi=0 Esi=34248A0 Ebp=303F918 Esp=303EC20 Eip=C84752

ADDR: C84752 CODE: 72f8 jb 0xc8474c
Eax=6D Ebx=0 Ecx=120 Edx=E0 Edi=0 Esi=34248A0 Ebp=303F918 Esp=303EC20 Eip=C84752

ADDR: C84752 CODE: 72f8 jb 0xc8474c
Eax=6E Ebx=0 Ecx=120 Edx=E0 Edi=0 Esi=34248A0 Ebp=303F918 Esp=303EC20 Eip=C84752

ADDR: C84752 CODE: 72f8 jb 0xc8474c
Eax=6F Ebx=0 Ecx=120 Edx=E0 Edi=0 Esi=34248A0 Ebp=303F918 Esp=303EC20 Eip=C84752

ADDR: C84752 CODE: 72f8 jb 0xc8474c
Eax=70 Ebx=0 Ecx=120 Edx=E0 Edi=0 Esi=34248A0 Ebp=303F918 Esp=303EC20 Eip=C84752

ADDR: C84752 CODE: 72f8 jb 0xc8474c
Eax=71 Ebx=0 Ecx=120 Edx=E0 Edi=0 Esi=34248A0 Ebp=303F918 Esp=303EC20 Eip=C84752

ADDR: C84752 CODE: 72f8 jb 0xc8474c
Eax=72 Ebx=0 Ecx=120 Edx=E0 Edi=0 Esi=34248A0 Ebp=303F918 Esp=303EC20 Eip=C84752

ADDR: C84752 CODE: 72f8 jb 0xc8474c
Eax=73 Ebx=0 Ecx=120 Edx=E0 Edi=0 Esi=34248A0 Ebp=303F918 Esp=303EC20 Eip=C84752

ADDR: C84752 CODE: 72f8 jb 0xc8474c
Eax=74 Ebx=0 Ecx=120 Edx=E0 Edi=0 Esi=34248A0 Ebp=303F918 Esp=303EC20 Eip=C84752

ADDR: C84752 CODE: 72f8 jb 0xc8474c
Eax=75 Ebx=0 Ecx=120 Edx=E0 Edi=0 Esi=34248A0 Ebp=303F918 Esp=303EC20 Eip=C84752

ADDR: C84752 CODE: 72f8 jb 0xc8474c
Eax=76 Ebx=0 Ecx=120 Edx=E0 Edi=0 Esi=34248A0 Ebp=303F918 Esp=303EC20 Eip=C84752

ADDR: C84752 CODE: 72f8 jb 0xc8474c
Eax=77 Ebx=0 Ecx=120 Edx=E0 Edi=0 Esi=34248A0 Ebp=303F918 Esp=303EC20 Eip=C84752

ADDR: C84752 CODE: 72f8 jb 0xc8474c
Eax=78 Ebx=0 Ecx=120 Edx=E0 Edi=0 Esi=34248A0 Ebp=303F918 Esp=303EC20 Eip=C84752

ADDR: C84752 CODE: 72f8 jb 0xc8474c
Eax=79 Ebx=0 Ecx=120 Edx=E0 Edi=0 Esi=34248A0 Ebp=303F918 Esp=303EC20 Eip=C84752

ADDR: C84752 CODE: 72f8 jb 0xc8474c
Eax=7A Ebx=0 Ecx=120 Edx=E0 Edi=0 Esi=34248A0 Ebp=303F918 Esp=303EC20 Eip=C84752

ADDR: C84752 CODE: 72f8 jb 0xc8474c
Eax=7B Ebx=0 Ecx=120 Edx=E0 Edi=0 Esi=34248A0 Ebp=303F918 Esp=303EC20 Eip=C84752

ADDR: C84752 CODE: 72f8 jb 0xc8474c
Eax=7C Ebx=0 Ecx=120 Edx=E0 Edi=0 Esi=34248A0 Ebp=303F918 Esp=303EC20 Eip=C84752

ADDR: C84752 CODE: 72f8 jb 0xc8474c
Eax=7D Ebx=0 Ecx=120 Edx=E0 Edi=0 Esi=34248A0 Ebp=303F918 Esp=303EC20 Eip=C84752

ADDR: C84752 CODE: 72f8 jb 0xc8474c
Eax=7E Ebx=0 Ecx=120 Edx=E0 Edi=0 Esi=34248A0 Ebp=303F918 Esp=303EC20 Eip=C84752

ADDR: C84752 CODE: 72f8 jb 0xc8474c
Eax=7F Ebx=0 Ecx=120 Edx=E0 Edi=0 Esi=34248A0 Ebp=303F918 Esp=303EC20 Eip=C84752

ADDR: C84752 CODE: 72f8 jb 0xc8474c
Eax=80 Ebx=0 Ecx=120 Edx=E0 Edi=0 Esi=34248A0 Ebp=303F918 Esp=303EC20 Eip=C84752

ADDR: C84752 CODE: 72f8 jb 0xc8474c
Eax=81 Ebx=0 Ecx=120 Edx=E0 Edi=0 Esi=34248A0 Ebp=303F918 Esp=303EC20 Eip=C84752

ADDR: C84752 CODE: 72f8 jb 0xc8474c
Eax=82 Ebx=0 Ecx=120 Edx=E0 Edi=0 Esi=34248A0 Ebp=303F918 Esp=303EC20 Eip=C84752

ADDR: C84752 CODE: 72f8 jb 0xc8474c
Eax=83 Ebx=0 Ecx=120 Edx=E0 Edi=0 Esi=34248A0 Ebp=303F918 Esp=303EC20 Eip=C84752

ADDR: C84752 CODE: 72f8 jb 0xc8474c
Eax=84 Ebx=0 Ecx=120 Edx=E0 Edi=0 Esi=34248A0 Ebp=303F918 Esp=303EC20 Eip=C84752

ADDR: C84752 CODE: 72f8 jb 0xc8474c
Eax=85 Ebx=0 Ecx=120 Edx=E0 Edi=0 Esi=34248A0 Ebp=303F918 Esp=303EC20 Eip=C84752

ADDR: C84752 CODE: 72f8 jb 0xc8474c
Eax=86 Ebx=0 Ecx=120 Edx=E0 Edi=0 Esi=34248A0 Ebp=303F918 Esp=303EC20 Eip=C84752

ADDR: C84752 CODE: 72f8 jb 0xc8474c
Eax=87 Ebx=0 Ecx=120 Edx=E0 Edi=0 Esi=34248A0 Ebp=303F918 Esp=303EC20 Eip=C84752

ADDR: C84752 CODE: 72f8 jb 0xc8474c
Eax=88 Ebx=0 Ecx=120 Edx=E0 Edi=0 Esi=34248A0 Ebp=303F918 Esp=303EC20 Eip=C84752

ADDR: C84752 CODE: 72f8 jb 0xc8474c
Eax=89 Ebx=0 Ecx=120 Edx=E0 Edi=0 Esi=34248A0 Ebp=303F918 Esp=303EC20 Eip=C84752

ADDR: C84752 CODE: 72f8 jb 0xc8474c
Eax=8A Ebx=0 Ecx=120 Edx=E0 Edi=0 Esi=34248A0 Ebp=303F918 Esp=303EC20 Eip=C84752

ADDR: C84752 CODE: 72f8 jb 0xc8474c
Eax=8B Ebx=0 Ecx=120 Edx=E0 Edi=0 Esi=34248A0 Ebp=303F918 Esp=303EC20 Eip=C84752

ADDR: C84752 CODE: 72f8 jb 0xc8474c
Eax=8C Ebx=0 Ecx=120 Edx=E0 Edi=0 Esi=34248A0 Ebp=303F918 Esp=303EC20 Eip=C84752

ADDR: C84752 CODE: 72f8 jb 0xc8474c
Eax=8D Ebx=0 Ecx=120 Edx=E0 Edi=0 Esi=34248A0 Ebp=303F918 Esp=303EC20 Eip=C84752

ADDR: C84752 CODE: 72f8 jb 0xc8474c
Eax=8E Ebx=0 Ecx=120 Edx=E0 Edi=0 Esi=34248A0 Ebp=303F918 Esp=303EC20 Eip=C84752

ADDR: C84752 CODE: 72f8 jb 0xc8474c
Eax=8F Ebx=0 Ecx=120 Edx=E0 Edi=0 Esi=34248A0 Ebp=303F918 Esp=303EC20 Eip=C84752

ADDR: C84752 CODE: 72f8 jb 0xc8474c
Eax=90 Ebx=0 Ecx=120 Edx=E0 Edi=0 Esi=34248A0 Ebp=303F918 Esp=303EC20 Eip=C84752

ADDR: C84752 CODE: 72f8 jb 0xc8474c
Eax=91 Ebx=0 Ecx=120 Edx=E0 Edi=0 Esi=34248A0 Ebp=303F918 Esp=303EC20 Eip=C84752

ADDR: C84752 CODE: 72f8 jb 0xc8474c
Eax=92 Ebx=0 Ecx=120 Edx=E0 Edi=0 Esi=34248A0 Ebp=303F918 Esp=303EC20 Eip=C84752

ADDR: C84752 CODE: 72f8 jb 0xc8474c
Eax=93 Ebx=0 Ecx=120 Edx=E0 Edi=0 Esi=34248A0 Ebp=303F918 Esp=303EC20 Eip=C84752

ADDR: C84752 CODE: 72f8 jb 0xc8474c
Eax=94 Ebx=0 Ecx=120 Edx=E0 Edi=0 Esi=34248A0 Ebp=303F918 Esp=303EC20 Eip=C84752

ADDR: C84752 CODE: 72f8 jb 0xc8474c
Eax=95 Ebx=0 Ecx=120 Edx=F4 Edi=0 Esi=34248A0 Ebp=303F918 Esp=303EC20 Eip=C84752

ADDR: C84752 CODE: 72f8 jb 0xc8474c
Eax=96 Ebx=0 Ecx=120 Edx=F6 Edi=0 Esi=34248A0 Ebp=303F918 Esp=303EC20 Eip=C84752

ADDR: C84752 CODE: 72f8 jb 0xc8474c
Eax=97 Ebx=0 Ecx=120 Edx=F9 Edi=0 Esi=34248A0 Ebp=303F918 Esp=303EC20 Eip=C84752

ADDR: C84752 CODE: 72f8 jb 0xc8474c
Eax=98 Ebx=0 Ecx=120 Edx=F5 Edi=0 Esi=34248A0 Ebp=303F918 Esp=303EC20 Eip=C84752

ADDR: C84752 CODE: 72f8 jb 0xc8474c
Eax=99 Ebx=0 Ecx=120 Edx=E3 Edi=0 Esi=34248A0 Ebp=303F918 Esp=303EC20 Eip=C84752

ADDR: C84752 CODE: 72f8 jb 0xc8474c
Eax=9A Ebx=0 Ecx=120 Edx=FA Edi=0 Esi=34248A0 Ebp=303F918 Esp=303EC20 Eip=C84752

ADDR: C84752 CODE: 72f8 jb 0xc8474c
Eax=9B Ebx=0 Ecx=120 Edx=E6 Edi=0 Esi=34248A0 Ebp=303F918 Esp=303EC20 Eip=C84752

ADDR: C84752 CODE: 72f8 jb 0xc8474c
Eax=9C Ebx=0 Ecx=120 Edx=EF Edi=0 Esi=34248A0 Ebp=303F918 Esp=303EC20 Eip=C84752

ADDR: C84752 CODE: 72f8 jb 0xc8474c
Eax=9D Ebx=0 Ecx=120 Edx=EC Edi=0 Esi=34248A0 Ebp=303F918 Esp=303EC20 Eip=C84752

ADDR: C84752 CODE: 72f8 jb 0xc8474c
Eax=9E Ebx=0 Ecx=120 Edx=F9 Edi=0 Esi=34248A0 Ebp=303F918 Esp=303EC20 Eip=C84752

ADDR: C84752 CODE: 72f8 jb 0xc8474c
Eax=9F Ebx=0 Ecx=120 Edx=FF Edi=0 Esi=34248A0 Ebp=303F918 Esp=303EC20 Eip=C84752

ADDR: C84752 CODE: 72f8 jb 0xc8474c
Eax=A0 Ebx=0 Ecx=120 Edx=E2 Edi=0 Esi=34248A0 Ebp=303F918 Esp=303EC20 Eip=C84752

ADDR: C84752 CODE: 72f8 jb 0xc8474c
Eax=A1 Ebx=0 Ecx=120 Edx=FD Edi=0 Esi=34248A0 Ebp=303F918 Esp=303EC20 Eip=C84752

ADDR: C84752 CODE: 72f8 jb 0xc8474c
Eax=A2 Ebx=0 Ecx=120 Edx=E2 Edi=0 Esi=34248A0 Ebp=303F918 Esp=303EC20 Eip=C84752

ADDR: C84752 CODE: 72f8 jb 0xc8474c
Eax=A3 Ebx=0 Ecx=120 Edx=FD Edi=0 Esi=34248A0 Ebp=303F918 Esp=303EC20 Eip=C84752

ADDR: C84752 CODE: 72f8 jb 0xc8474c
Eax=A4 Ebx=0 Ecx=120 Edx=E2 Edi=0 Esi=34248A0 Ebp=303F918 Esp=303EC20 Eip=C84752

ADDR: C84752 CODE: 72f8 jb 0xc8474c
Eax=A5 Ebx=0 Ecx=120 Edx=FD Edi=0 Esi=34248A0 Ebp=303F918 Esp=303EC20 Eip=C84752

ADDR: C84752 CODE: 72f8 jb 0xc8474c
Eax=A6 Ebx=0 Ecx=120 Edx=E2 Edi=0 Esi=34248A0 Ebp=303F918 Esp=303EC20 Eip=C84752

ADDR: C84752 CODE: 72f8 jb 0xc8474c
Eax=A7 Ebx=0 Ecx=120 Edx=FD Edi=0 Esi=34248A0 Ebp=303F918 Esp=303EC20 Eip=C84752

ADDR: C84752 CODE: 72f8 jb 0xc8474c
Eax=A8 Ebx=0 Ecx=120 Edx=E2 Edi=0 Esi=34248A0 Ebp=303F918 Esp=303EC20 Eip=C84752

ADDR: C84752 CODE: 72f8 jb 0xc8474c
Eax=A9 Ebx=0 Ecx=120 Edx=FD Edi=0 Esi=34248A0 Ebp=303F918 Esp=303EC20 Eip=C84752

ADDR: C84752 CODE: 72f8 jb 0xc8474c
Eax=AA Ebx=0 Ecx=120 Edx=E2 Edi=0 Esi=34248A0 Ebp=303F918 Esp=303EC20 Eip=C84752

ADDR: C84752 CODE: 72f8 jb 0xc8474c
Eax=AB Ebx=0 Ecx=120 Edx=FD Edi=0 Esi=34248A0 Ebp=303F918 Esp=303EC20 Eip=C84752

ADDR: C84752 CODE: 72f8 jb 0xc8474c
Eax=AC Ebx=0 Ecx=120 Edx=E2 Edi=0 Esi=34248A0 Ebp=303F918 Esp=303EC20 Eip=C84752

ADDR: C84752 CODE: 72f8 jb 0xc8474c
Eax=AD Ebx=0 Ecx=120 Edx=FD Edi=0 Esi=34248A0 Ebp=303F918 Esp=303EC20 Eip=C84752

ADDR: C84752 CODE: 72f8 jb 0xc8474c
Eax=AE Ebx=0 Ecx=120 Edx=E2 Edi=0 Esi=34248A0 Ebp=303F918 Esp=303EC20 Eip=C84752

ADDR: C84752 CODE: 72f8 jb 0xc8474c
Eax=AF Ebx=0 Ecx=120 Edx=FD Edi=0 Esi=34248A0 Ebp=303F918 Esp=303EC20 Eip=C84752

ADDR: C84752 CODE: 72f8 jb 0xc8474c
Eax=B0 Ebx=0 Ecx=120 Edx=E2 Edi=0 Esi=34248A0 Ebp=303F918 Esp=303EC20 Eip=C84752

ADDR: C84752 CODE: 72f8 jb 0xc8474c
Eax=B1 Ebx=0 Ecx=120 Edx=FD Edi=0 Esi=34248A0 Ebp=303F918 Esp=303EC20 Eip=C84752

ADDR: C84752 CODE: 72f8 jb 0xc8474c
Eax=B2 Ebx=0 Ecx=120 Edx=E2 Edi=0 Esi=34248A0 Ebp=303F918 Esp=303EC20 Eip=C84752

ADDR: C84752 CODE: 72f8 jb 0xc8474c
Eax=B3 Ebx=0 Ecx=120 Edx=FD Edi=0 Esi=34248A0 Ebp=303F918 Esp=303EC20 Eip=C84752

ADDR: C84752 CODE: 72f8 jb 0xc8474c
Eax=B4 Ebx=0 Ecx=120 Edx=E2 Edi=0 Esi=34248A0 Ebp=303F918 Esp=303EC20 Eip=C84752

ADDR: C84752 CODE: 72f8 jb 0xc8474c
Eax=B5 Ebx=0 Ecx=120 Edx=EA Edi=0 Esi=34248A0 Ebp=303F918 Esp=303EC20 Eip=C84752

ADDR: C84752 CODE: 72f8 jb 0xc8474c
Eax=B6 Ebx=0 Ecx=120 Edx=EA Edi=0 Esi=34248A0 Ebp=303F918 Esp=303EC20 Eip=C84752

ADDR: C84752 CODE: 72f8 jb 0xc8474c
Eax=B7 Ebx=0 Ecx=120 Edx=EA Edi=0 Esi=34248A0 Ebp=303F918 Esp=303EC20 Eip=C84752

ADDR: C84752 CODE: 72f8 jb 0xc8474c
Eax=B8 Ebx=0 Ecx=120 Edx=EA Edi=0 Esi=34248A0 Ebp=303F918 Esp=303EC20 Eip=C84752

ADDR: C84752 CODE: 72f8 jb 0xc8474c
Eax=B9 Ebx=0 Ecx=120 Edx=B4 Edi=0 Esi=34248A0 Ebp=303F918 Esp=303EC20 Eip=C84752

ADDR: C84752 CODE: 72f8 jb 0xc8474c
Eax=BA Ebx=0 Ecx=120 Edx=D4 Edi=0 Esi=34248A0 Ebp=303F918 Esp=303EC20 Eip=C84752

ADDR: C84752 CODE: 72f8 jb 0xc8474c
Eax=BB Ebx=0 Ecx=120 Edx=BD Edi=0 Esi=34248A0 Ebp=303F918 Esp=303EC20 Eip=C84752

ADDR: C84752 CODE: 72f8 jb 0xc8474c
Eax=BC Ebx=0 Ecx=120 Edx=16 Edi=0 Esi=34248A0 Ebp=303F918 Esp=303EC20 Eip=C84752

ADDR: C84752 CODE: 72f8 jb 0xc8474c
Eax=BD Ebx=0 Ecx=120 Edx=69 Edi=0 Esi=34248A0 Ebp=303F918 Esp=303EC20 Eip=C84752

ADDR: C84752 CODE: 72f8 jb 0xc8474c
Eax=BE Ebx=0 Ecx=120 Edx=7A Edi=0 Esi=34248A0 Ebp=303F918 Esp=303EC20 Eip=C84752

ADDR: C84752 CODE: 72f8 jb 0xc8474c
Eax=BF Ebx=0 Ecx=120 Edx=8B Edi=0 Esi=34248A0 Ebp=303F918 Esp=303EC20 Eip=C84752

ADDR: C84752 CODE: 72f8 jb 0xc8474c
Eax=C0 Ebx=0 Ecx=120 Edx=8C Edi=0 Esi=34248A0 Ebp=303F918 Esp=303EC20 Eip=C84752

ADDR: C84752 CODE: 72f8 jb 0xc8474c
Eax=C1 Ebx=0 Ecx=120 Edx=84 Edi=0 Esi=34248A0 Ebp=303F918 Esp=303EC20 Eip=C84752

ADDR: C84752 CODE: 72f8 jb 0xc8474c
Eax=C2 Ebx=0 Ecx=120 Edx=84 Edi=0 Esi=34248A0 Ebp=303F918 Esp=303EC20 Eip=C84752

ADDR: C84752 CODE: 72f8 jb 0xc8474c
Eax=C3 Ebx=0 Ecx=120 Edx=84 Edi=0 Esi=34248A0 Ebp=303F918 Esp=303EC20 Eip=C84752

ADDR: C84752 CODE: 72f8 jb 0xc8474c
Eax=C4 Ebx=0 Ecx=120 Edx=84 Edi=0 Esi=34248A0 Ebp=303F918 Esp=303EC20 Eip=C84752

ADDR: C84752 CODE: 72f8 jb 0xc8474c
Eax=C5 Ebx=0 Ecx=120 Edx=1D Edi=0 Esi=34248A0 Ebp=303F918 Esp=303EC20 Eip=C84752

ADDR: C84752 CODE: 72f8 jb 0xc8474c
Eax=C6 Ebx=0 Ecx=120 Edx=65 Edi=0 Esi=34248A0 Ebp=303F918 Esp=303EC20 Eip=C84752

ADDR: C84752 CODE: 72f8 jb 0xc8474c
Eax=C7 Ebx=0 Ecx=120 Edx=C5 Edi=0 Esi=34248A0 Ebp=303F918 Esp=303EC20 Eip=C84752

ADDR: C84752 CODE: 72f8 jb 0xc8474c
Eax=C8 Ebx=0 Ecx=120 Edx=6E Edi=0 Esi=34248A0 Ebp=303F918 Esp=303EC20 Eip=C84752

ADDR: C84752 CODE: 72f8 jb 0xc8474c
Eax=C9 Ebx=0 Ecx=120 Edx=58 Edi=0 Esi=34248A0 Ebp=303F918 Esp=303EC20 Eip=C84752

ADDR: C84752 CODE: 72f8 jb 0xc8474c
Eax=CA Ebx=0 Ecx=120 Edx=6A Edi=0 Esi=34248A0 Ebp=303F918 Esp=303EC20 Eip=C84752

ADDR: C84752 CODE: 72f8 jb 0xc8474c
Eax=CB Ebx=0 Ecx=120 Edx=6A Edi=0 Esi=34248A0 Ebp=303F918 Esp=303EC20 Eip=C84752

ADDR: C84752 CODE: 72f8 jb 0xc8474c
Eax=CC Ebx=0 Ecx=120 Edx=6A Edi=0 Esi=34248A0 Ebp=303F918 Esp=303EC20 Eip=C84752

ADDR: C84752 CODE: 72f8 jb 0xc8474c
Eax=CD Ebx=0 Ecx=120 Edx=2A Edi=0 Esi=34248A0 Ebp=303F918 Esp=303EC20 Eip=C84752

ADDR: C84752 CODE: 72f8 jb 0xc8474c
Eax=CE Ebx=0 Ecx=120 Edx=2A Edi=0 Esi=34248A0 Ebp=303F918 Esp=303EC20 Eip=C84752

ADDR: C84752 CODE: 72f8 jb 0xc8474c
Eax=CF Ebx=0 Ecx=120 Edx=2A Edi=0 Esi=34248A0 Ebp=303F918 Esp=303EC20 Eip=C84752

ADDR: C84752 CODE: 72f8 jb 0xc8474c
Eax=D0 Ebx=0 Ecx=120 Edx=2A Edi=0 Esi=34248A0 Ebp=303F918 Esp=303EC20 Eip=C84752

ADDR: C84752 CODE: 72f8 jb 0xc8474c
Eax=D1 Ebx=0 Ecx=120 Edx=79 Edi=0 Esi=34248A0 Ebp=303F918 Esp=303EC20 Eip=C84752

ADDR: C84752 CODE: 72f8 jb 0xc8474c
Eax=D2 Ebx=0 Ecx=120 Edx=79 Edi=0 Esi=34248A0 Ebp=303F918 Esp=303EC20 Eip=C84752

ADDR: C84752 CODE: 72f8 jb 0xc8474c
Eax=D3 Ebx=0 Ecx=120 Edx=1C Edi=0 Esi=34248A0 Ebp=303F918 Esp=303EC20 Eip=C84752

ADDR: C84752 CODE: 72f8 jb 0xc8474c
Eax=D4 Ebx=0 Ecx=120 Edx=1C Edi=0 Esi=34248A0 Ebp=303F918 Esp=303EC20 Eip=C84752

ADDR: C84752 CODE: 72f8 jb 0xc8474c
Eax=D5 Ebx=0 Ecx=120 Edx=7F Edi=0 Esi=34248A0 Ebp=303F918 Esp=303EC20 Eip=C84752

ADDR: C84752 CODE: 72f8 jb 0xc8474c
Eax=D6 Ebx=0 Ecx=120 Edx=7F Edi=0 Esi=34248A0 Ebp=303F918 Esp=303EC20 Eip=C84752

ADDR: C84752 CODE: 72f8 jb 0xc8474c
Eax=D7 Ebx=0 Ecx=120 Edx=A Edi=0 Esi=34248A0 Ebp=303F918 Esp=303EC20 Eip=C84752

ADDR: C84752 CODE: 72f8 jb 0xc8474c
Eax=D8 Ebx=0 Ecx=120 Edx=A Edi=0 Esi=34248A0 Ebp=303F918 Esp=303EC20 Eip=C84752

ADDR: C84752 CODE: 72f8 jb 0xc8474c
Eax=D9 Ebx=0 Ecx=120 Edx=78 Edi=0 Esi=34248A0 Ebp=303F918 Esp=303EC20 Eip=C84752

ADDR: C84752 CODE: 72f8 jb 0xc8474c
Eax=DA Ebx=0 Ecx=120 Edx=78 Edi=0 Esi=34248A0 Ebp=303F918 Esp=303EC20 Eip=C84752

ADDR: C84752 CODE: 72f8 jb 0xc8474c
Eax=DB Ebx=0 Ecx=120 Edx=11 Edi=0 Esi=34248A0 Ebp=303F918 Esp=303EC20 Eip=C84752

ADDR: C84752 CODE: 72f8 jb 0xc8474c
Eax=DC Ebx=0 Ecx=120 Edx=11 Edi=0 Esi=34248A0 Ebp=303F918 Esp=303EC20 Eip=C84752

ADDR: C84752 CODE: 72f8 jb 0xc8474c
Eax=DD Ebx=0 Ecx=120 Edx=65 Edi=0 Esi=34248A0 Ebp=303F918 Esp=303EC20 Eip=C84752

ADDR: C84752 CODE: 72f8 jb 0xc8474c
Eax=DE Ebx=0 Ecx=120 Edx=65 Edi=0 Esi=34248A0 Ebp=303F918 Esp=303EC20 Eip=C84752

ADDR: C84752 CODE: 72f8 jb 0xc8474c
Eax=DF Ebx=0 Ecx=120 Edx=1C Edi=0 Esi=34248A0 Ebp=303F918 Esp=303EC20 Eip=C84752

ADDR: C84752 CODE: 72f8 jb 0xc8474c
Eax=E0 Ebx=0 Ecx=120 Edx=1C Edi=0 Esi=34248A0 Ebp=303F918 Esp=303EC20 Eip=C84752

ADDR: C84752 CODE: 72f8 jb 0xc8474c
Eax=E1 Ebx=0 Ecx=120 Edx=31 Edi=0 Esi=34248A0 Ebp=303F918 Esp=303EC20 Eip=C84752

ADDR: C84752 CODE: 72f8 jb 0xc8474c
Eax=E2 Ebx=0 Ecx=120 Edx=31 Edi=0 Esi=34248A0 Ebp=303F918 Esp=303EC20 Eip=C84752

ADDR: C84752 CODE: 72f8 jb 0xc8474c
Eax=E3 Ebx=0 Ecx=120 Edx=62 Edi=0 Esi=34248A0 Ebp=303F918 Esp=303EC20 Eip=C84752

ADDR: C84752 CODE: 72f8 jb 0xc8474c
Eax=E4 Ebx=0 Ecx=120 Edx=62 Edi=0 Esi=34248A0 Ebp=303F918 Esp=303EC20 Eip=C84752

ADDR: C84752 CODE: 72f8 jb 0xc8474c
Eax=E5 Ebx=0 Ecx=120 Edx=32 Edi=0 Esi=34248A0 Ebp=303F918 Esp=303EC20 Eip=C84752

ADDR: C84752 CODE: 72f8 jb 0xc8474c
Eax=E6 Ebx=0 Ecx=120 Edx=32 Edi=0 Esi=34248A0 Ebp=303F918 Esp=303EC20 Eip=C84752

ADDR: C84752 CODE: 72f8 jb 0xc8474c
Eax=E7 Ebx=0 Ecx=120 Edx=62 Edi=0 Esi=34248A0 Ebp=303F918 Esp=303EC20 Eip=C84752

ADDR: C84752 CODE: 72f8 jb 0xc8474c
Eax=E8 Ebx=0 Ecx=120 Edx=62 Edi=0 Esi=34248A0 Ebp=303F918 Esp=303EC20 Eip=C84752

ADDR: C84752 CODE: 72f8 jb 0xc8474c
Eax=E9 Ebx=0 Ecx=120 Edx=4F Edi=0 Esi=34248A0 Ebp=303F918 Esp=303EC20 Eip=C84752

ADDR: C84752 CODE: 72f8 jb 0xc8474c
Eax=EA Ebx=0 Ecx=120 Edx=4F Edi=0 Esi=34248A0 Ebp=303F918 Esp=303EC20 Eip=C84752

ADDR: C84752 CODE: 72f8 jb 0xc8474c
Eax=EB Ebx=0 Ecx=120 Edx=8 Edi=0 Esi=34248A0 Ebp=303F918 Esp=303EC20 Eip=C84752

ADDR: C84752 CODE: 72f8 jb 0xc8474c
Eax=EC Ebx=0 Ecx=120 Edx=8 Edi=0 Esi=34248A0 Ebp=303F918 Esp=303EC20 Eip=C84752

ADDR: C84752 CODE: 72f8 jb 0xc8474c
Eax=ED Ebx=0 Ecx=120 Edx=6D Edi=0 Esi=34248A0 Ebp=303F918 Esp=303EC20 Eip=C84752

ADDR: C84752 CODE: 72f8 jb 0xc8474c
Eax=EE Ebx=0 Ecx=120 Edx=6D Edi=0 Esi=34248A0 Ebp=303F918 Esp=303EC20 Eip=C84752

ADDR: C84752 CODE: 72f8 jb 0xc8474c
Eax=EF Ebx=0 Ecx=120 Edx=3 Edi=0 Esi=34248A0 Ebp=303F918 Esp=303EC20 Eip=C84752

ADDR: C84752 CODE: 72f8 jb 0xc8474c
Eax=F0 Ebx=0 Ecx=120 Edx=3 Edi=0 Esi=34248A0 Ebp=303F918 Esp=303EC20 Eip=C84752

ADDR: C84752 CODE: 72f8 jb 0xc8474c
Eax=F1 Ebx=0 Ecx=120 Edx=76 Edi=0 Esi=34248A0 Ebp=303F918 Esp=303EC20 Eip=C84752

ADDR: C84752 CODE: 72f8 jb 0xc8474c
Eax=F2 Ebx=0 Ecx=120 Edx=76 Edi=0 Esi=34248A0 Ebp=303F918 Esp=303EC20 Eip=C84752

ADDR: C84752 CODE: 72f8 jb 0xc8474c
Eax=F3 Ebx=0 Ecx=120 Edx=1F Edi=0 Esi=34248A0 Ebp=303F918 Esp=303EC20 Eip=C84752

ADDR: C84752 CODE: 72f8 jb 0xc8474c
Eax=F4 Ebx=0 Ecx=120 Edx=1F Edi=0 Esi=34248A0 Ebp=303F918 Esp=303EC20 Eip=C84752

ADDR: C84752 CODE: 72f8 jb 0xc8474c
Eax=F5 Ebx=0 Ecx=120 Edx=71 Edi=0 Esi=34248A0 Ebp=303F918 Esp=303EC20 Eip=C84752

ADDR: C84752 CODE: 72f8 jb 0xc8474c
Eax=F6 Ebx=0 Ecx=120 Edx=71 Edi=0 Esi=34248A0 Ebp=303F918 Esp=303EC20 Eip=C84752

ADDR: C84752 CODE: 72f8 jb 0xc8474c
Eax=F7 Ebx=0 Ecx=120 Edx=14 Edi=0 Esi=34248A0 Ebp=303F918 Esp=303EC20 Eip=C84752

ADDR: C84752 CODE: 72f8 jb 0xc8474c
Eax=F8 Ebx=0 Ecx=120 Edx=14 Edi=0 Esi=34248A0 Ebp=303F918 Esp=303EC20 Eip=C84752

ADDR: C84752 CODE: 72f8 jb 0xc8474c
Eax=F9 Ebx=0 Ecx=120 Edx=58 Edi=0 Esi=34248A0 Ebp=303F918 Esp=303EC20 Eip=C84752

ADDR: C84752 CODE: 72f8 jb 0xc8474c
Eax=FA Ebx=0 Ecx=120 Edx=58 Edi=0 Esi=34248A0 Ebp=303F918 Esp=303EC20 Eip=C84752

ADDR: C84752 CODE: 72f8 jb 0xc8474c
Eax=FB Ebx=0 Ecx=120 Edx=37 Edi=0 Esi=34248A0 Ebp=303F918 Esp=303EC20 Eip=C84752

ADDR: C84752 CODE: 72f8 jb 0xc8474c
Eax=FC Ebx=0 Ecx=120 Edx=37 Edi=0 Esi=34248A0 Ebp=303F918 Esp=303EC20 Eip=C84752

ADDR: C84752 CODE: 72f8 jb 0xc8474c
Eax=FD Ebx=0 Ecx=120 Edx=54 Edi=0 Esi=34248A0 Ebp=303F918 Esp=303EC20 Eip=C84752

ADDR: C84752 CODE: 72f8 jb 0xc8474c
Eax=FE Ebx=0 Ecx=120 Edx=54 Edi=0 Esi=34248A0 Ebp=303F918 Esp=303EC20 Eip=C84752

ADDR: C84752 CODE: 72f8 jb 0xc8474c
Eax=FF Ebx=0 Ecx=120 Edx=35 Edi=0 Esi=34248A0 Ebp=303F918 Esp=303EC20 Eip=C84752

ADDR: C84752 CODE: 72f8 jb 0xc8474c
Eax=100 Ebx=0 Ecx=120 Edx=35 Edi=0 Esi=34248A0 Ebp=303F918 Esp=303EC20 Eip=C84752

ADDR: C84752 CODE: 72f8 jb 0xc8474c
Eax=101 Ebx=0 Ecx=120 Edx=59 Edi=0 Esi=34248A0 Ebp=303F918 Esp=303EC20 Eip=C84752

ADDR: C84752 CODE: 72f8 jb 0xc8474c
Eax=102 Ebx=0 Ecx=120 Edx=59 Edi=0 Esi=34248A0 Ebp=303F918 Esp=303EC20 Eip=C84752

ADDR: C84752 CODE: 72f8 jb 0xc8474c
Eax=103 Ebx=0 Ecx=120 Edx=A Edi=0 Esi=34248A0 Ebp=303F918 Esp=303EC20 Eip=C84752

ADDR: C84752 CODE: 72f8 jb 0xc8474c
Eax=104 Ebx=0 Ecx=120 Edx=A Edi=0 Esi=34248A0 Ebp=303F918 Esp=303EC20 Eip=C84752

ADDR: C84752 CODE: 72f8 jb 0xc8474c
Eax=105 Ebx=0 Ecx=120 Edx=7E Edi=0 Esi=34248A0 Ebp=303F918 Esp=303EC20 Eip=C84752

ADDR: C84752 CODE: 72f8 jb 0xc8474c
Eax=106 Ebx=0 Ecx=120 Edx=7E Edi=0 Esi=34248A0 Ebp=303F918 Esp=303EC20 Eip=C84752

ADDR: C84752 CODE: 72f8 jb 0xc8474c
Eax=107 Ebx=0 Ecx=120 Edx=1F Edi=0 Esi=34248A0 Ebp=303F918 Esp=303EC20 Eip=C84752

ADDR: C84752 CODE: 72f8 jb 0xc8474c
Eax=108 Ebx=0 Ecx=120 Edx=1F Edi=0 Esi=34248A0 Ebp=303F918 Esp=303EC20 Eip=C84752

ADDR: C84752 CODE: 72f8 jb 0xc8474c
Eax=109 Ebx=0 Ecx=120 Edx=6B Edi=0 Esi=34248A0 Ebp=303F918 Esp=303EC20 Eip=C84752

ADDR: C84752 CODE: 72f8 jb 0xc8474c
Eax=10A Ebx=0 Ecx=120 Edx=6B Edi=0 Esi=34248A0 Ebp=303F918 Esp=303EC20 Eip=C84752

ADDR: C84752 CODE: 72f8 jb 0xc8474c
Eax=10B Ebx=0 Ecx=120 Edx=1E Edi=0 Esi=34248A0 Ebp=303F918 Esp=303EC20 Eip=C84752

ADDR: C84752 CODE: 72f8 jb 0xc8474c
Eax=10C Ebx=0 Ecx=120 Edx=1E Edi=0 Esi=34248A0 Ebp=303F918 Esp=303EC20 Eip=C84752

ADDR: C84752 CODE: 72f8 jb 0xc8474c
Eax=10D Ebx=0 Ecx=120 Edx=6D Edi=0 Esi=34248A0 Ebp=303F918 Esp=303EC20 Eip=C84752

ADDR: C84752 CODE: 72f8 jb 0xc8474c
Eax=10E Ebx=0 Ecx=120 Edx=6D Edi=0 Esi=34248A0 Ebp=303F918 Esp=303EC20 Eip=C84752

ADDR: C84752 CODE: 72f8 jb 0xc8474c
Eax=10F Ebx=0 Ecx=120 Edx=6D Edi=0 Esi=34248A0 Ebp=303F918 Esp=303EC20 Eip=C84752

ADDR: C84752 CODE: 72f8 jb 0xc8474c
Eax=110 Ebx=0 Ecx=120 Edx=6D Edi=0 Esi=34248A0 Ebp=303F918 Esp=303EC20 Eip=C84752

ADDR: C84752 CODE: 72f8 jb 0xc8474c
Eax=111 Ebx=0 Ecx=120 Edx=69 Edi=0 Esi=34248A0 Ebp=303F918 Esp=303EC20 Eip=C84752

ADDR: C84752 CODE: 72f8 jb 0xc8474c
Eax=112 Ebx=0 Ecx=120 Edx=69 Edi=0 Esi=34248A0 Ebp=303F918 Esp=303EC20 Eip=C84752

ADDR: C84752 CODE: 72f8 jb 0xc8474c
Eax=113 Ebx=0 Ecx=120 Edx=69 Edi=0 Esi=34248A0 Ebp=303F918 Esp=303EC20 Eip=C84752

ADDR: C84752 CODE: 72f8 jb 0xc8474c
Eax=114 Ebx=0 Ecx=120 Edx=69 Edi=0 Esi=34248A0 Ebp=303F918 Esp=303EC20 Eip=C84752

ADDR: C84752 CODE: 72f8 jb 0xc8474c
Eax=115 Ebx=0 Ecx=120 Edx=68 Edi=0 Esi=34248A0 Ebp=303F918 Esp=303EC20 Eip=C84752

ADDR: C84752 CODE: 72f8 jb 0xc8474c
Eax=116 Ebx=0 Ecx=120 Edx=68 Edi=0 Esi=34248A0 Ebp=303F918 Esp=303EC20 Eip=C84752

ADDR: C84752 CODE: 72f8 jb 0xc8474c
Eax=117 Ebx=0 Ecx=120 Edx=68 Edi=0 Esi=34248A0 Ebp=303F918 Esp=303EC20 Eip=C84752

ADDR: C84752 CODE: 72f8 jb 0xc8474c
Eax=118 Ebx=0 Ecx=120 Edx=68 Edi=0 Esi=34248A0 Ebp=303F918 Esp=303EC20 Eip=C84752

ADDR: C84752 CODE: 72f8 jb 0xc8474c
Eax=119 Ebx=0 Ecx=120 Edx=6C Edi=0 Esi=34248A0 Ebp=303F918 Esp=303EC20 Eip=C84752

ADDR: C84752 CODE: 72f8 jb 0xc8474c
Eax=11A Ebx=0 Ecx=120 Edx=6C Edi=0 Esi=34248A0 Ebp=303F918 Esp=303EC20 Eip=C84752

ADDR: C84752 CODE: 72f8 jb 0xc8474c
Eax=11B Ebx=0 Ecx=120 Edx=6C Edi=0 Esi=34248A0 Ebp=303F918 Esp=303EC20 Eip=C84752

ADDR: C84752 CODE: 72f8 jb 0xc8474c
Eax=11C Ebx=0 Ecx=120 Edx=6C Edi=0 Esi=34248A0 Ebp=303F918 Esp=303EC20 Eip=C84752

ADDR: C84752 CODE: 72f8 jb 0xc8474c
Eax=11D Ebx=0 Ecx=120 Edx=68 Edi=0 Esi=34248A0 Ebp=303F918 Esp=303EC20 Eip=C84752

ADDR: C84752 CODE: 72f8 jb 0xc8474c
Eax=11E Ebx=0 Ecx=120 Edx=68 Edi=0 Esi=34248A0 Ebp=303F918 Esp=303EC20 Eip=C84752

ADDR: C84752 CODE: 72f8 jb 0xc8474c
Eax=11F Ebx=0 Ecx=120 Edx=68 Edi=0 Esi=34248A0 Ebp=303F918 Esp=303EC20 Eip=C84752

ADDR: C84752 CODE: 72f8 jb 0xc8474c
Eax=120 Ebx=0 Ecx=120 Edx=68 Edi=0 Esi=34248A0 Ebp=303F918 Esp=303EC20 Eip=C84752

ADDR: C847A2 CODE: 0f84f3010000 jz 0xc8499b
Eax=0 Ebx=0 Ecx=120 Edx=68 Edi=0 Esi=34248A0 Ebp=303F918 Esp=303EC20 Eip=C847A2

ADDR: C849A8 CODE: 0f8443040000 jz 0xc84df1
Eax=24 Ebx=0 Ecx=120 Edx=68 Edi=0 Esi=34248A0 Ebp=303F918 Esp=303EC20 Eip=C849A8

ADDR: 77C44CFF CODE: 0f8426e60500 jz 0x77ca332b
Eax=33D0000 Ebx=0 Ecx=120 Edx=0 Edi=0 Esi=33D0000 Ebp=303EC0C Esp=303EC00 Eip=77C44CFF

ADDR: 77C44D11 CODE: 0f842be60500 jz 0x77ca3342
Eax=33D0000 Ebx=0 Ecx=33D0000 Edx=18 Edi=0 Esi=33D0000 Ebp=303EC0C Esp=303EC00 Eip=77C44D11

ADDR: 77C44E6C CODE: 760c jbe 0x77c44e7a
Eax=0 Ebx=33D0000 Ecx=8 Edx=18 Edi=18 Esi=33D0000 Ebp=303EBF0 Esp=303EB78 Eip=77C44E6C

ADDR: 77C44E9D CODE: 742b jz 0x77c44eca
Eax=0 Ebx=33D0000 Ecx=0 Edx=0 Edi=18 Esi=33D0000 Ebp=303EBF0 Esp=303EB78 Eip=77C44E9D

ADDR: 77C44ED5 CODE: 7445 jz 0x77c44f1c
Eax=0 Ebx=33D0000 Ecx=8 Edx=0 Edi=18 Esi=0 Ebp=303EBF0 Esp=303EB78 Eip=77C44ED5

ADDR: 77C44F4B CODE: 0f87f5090000 ja 0x77c45946
Eax=18 Ebx=33D0000 Ecx=8 Edx=4 Edi=18 Esi=20 Ebp=303EBF0 Esp=303EB78 Eip=77C44F4B

ADDR: 77C44F6F CODE: 0f84ce090000 jz 0x77c45943
Eax=10 Ebx=33D0000 Ecx=4 Edx=FC Edi=18 Esi=20 Ebp=303EBF0 Esp=303EB78 Eip=77C44F6F

ADDR: 77C44FAE CODE: 744c jz 0x77c44ffc
Eax=33D2600 Ebx=31601C8 Ecx=0 Edx=3160000 Edi=18 Esi=20 Ebp=303EBF0 Esp=303EB78 Eip=77C44FAE

ADDR: 77C45057 CODE: 0f84bb010000 jz 0x77c45218
Eax=340AB98 Ebx=31601C8 Ecx=3160890 Edx=3160000 Edi=18 Esi=20 Ebp=303EBF0 Esp=303EB78 Eip=77C45057

ADDR: 77C45077 CODE: 797c jns 0x77c450f5
Eax=14 Ebx=340ABA8 Ecx=31607D0 Edx=3160000 Edi=3160000 Esi=20 Ebp=303EBF0 Esp=303EB78 Eip=77C45077

ADDR: 77C45118 CODE: 0f84c7000000 jz 0x77c451e5
Eax=14 Ebx=340ABA8 Ecx=31607D0 Edx=0 Edi=64 Esi=140026 Ebp=303EBF0 Esp=303EB78 Eip=77C45118

ADDR: 77C4512E CODE: 740a jz 0x77c4513a
Eax=140026 Ebx=340ABA8 Ecx=80140026 Edx=0 Edi=64 Esi=140026 Ebp=303EBF0 Esp=303EB78 Eip=77C4512E

ADDR: 77C4513D CODE: 0f84a2000000 jz 0x77c451e5
Eax=140026 Ebx=340ABA8 Ecx=80140026 Edx=0 Edi=64 Esi=140026 Ebp=303EBF0 Esp=303EB78 Eip=77C4513D

ADDR: 77C4514E CODE: 0f848f000000 jz 0x77c451e3
Eax=3420F60 Ebx=340ABA8 Ecx=340AB98 Edx=0 Edi=64 Esi=140026 Ebp=303EBF0 Esp=303EB78 Eip=77C4514E

ADDR: 77C45162 CODE: 747f jz 0x77c451e3
Eax=3160890 Ebx=340ABA8 Ecx=340AB98 Edx=0 Edi=64 Esi=140026 Ebp=303EBF0 Esp=303EB78 Eip=77C45162

ADDR: 77C65F14 CODE: 741a jz 0x77c65f30
Eax=E0 Ebx=340ABA8 Ecx=A7 Edx=E0A7 Edi=A7 Esi=2E98000 Ebp=303EB70 Esp=303EB64 Eip=77C65F14

ADDR: 77C9545A CODE: 730d jae 0x77c95469
Eax=3420F74 Ebx=340ABA8 Ecx=3420F7C Edx=14 Edi=FFFFFFFF Esi=3E Ebp=303EB68 Esp=303EB58 Eip=77C9545A

ADDR: 77C954A7 CODE: 7313 jae 0x77c954bc
Eax=3420F80 Ebx=F4D8FFDF Ecx=20 Edx=3420F7C Edi=FFFFFFFF Esi=1E Ebp=303EB68 Esp=303EB58 Eip=77C954A7

ADDR: 77C451C3 CODE: 7422 jz 0x77c451e7
Eax=3421000 Ebx=340ABA8 Ecx=200028 Edx=3420F60 Edi=5 Esi=3421028 Ebp=303EBF0 Esp=303EB78 Eip=77C451C3

ADDR: 77C451EB CODE: 7420 jz 0x77c4520d
Eax=3421000 Ebx=340ABA8 Ecx=200028 Edx=3420F60 Edi=5 Esi=3421028 Ebp=303EBF0 Esp=303EB78 Eip=77C451EB

ADDR: 77C45CAD CODE: 7412 jz 0x77c45cc1
Eax=3421000 Ebx=340ABA8 Ecx=200028 Edx=3420F60 Edi=3421030 Esi=3421028 Ebp=303EBF0 Esp=303EB78 Eip=77C45CAD

ADDR: 77C7B3CA CODE: 744f jz 0x77c7b41b
Eax=18 Ebx=340ABA8 Ecx=3421030 Edx=18 Edi=3421030 Esi=3421028 Ebp=303EBF0 Esp=303EB68 Eip=77C7B3CA

ADDR: 77C7B3D8 CODE: 7231 jb 0x77c7b40b
Eax=0 Ebx=340ABA8 Ecx=3421030 Edx=18 Edi=3421030 Esi=3421028 Ebp=303EBF0 Esp=303EB64 Eip=77C7B3D8

ADDR: 77C7B3DF CODE: 740c jz 0x77c7b3ed
Eax=0 Ebx=340ABA8 Ecx=0 Edx=18 Edi=3421030 Esi=3421028 Ebp=303EBF0 Esp=303EB64 Eip=77C7B3DF

ADDR: 77C7B403 CODE: 7406 jz 0x77c7b40b
Eax=0 Ebx=340ABA8 Ecx=6 Edx=0 Edi=3421030 Esi=3421028 Ebp=303EBF0 Esp=303EB64 Eip=77C7B403

ADDR: 77C7B409 CODE: 740a jz 0x77c7b415
Eax=0 Ebx=340ABA8 Ecx=0 Edx=0 Edi=3421048 Esi=3421028 Ebp=303EBF0 Esp=303EB64 Eip=77C7B409

ADDR: 77C45CD2 CODE: 7308 jae 0x77c45cdc
Eax=4 Ebx=340ABA8 Ecx=18 Edx=8 Edi=3421030 Esi=3421028 Ebp=303EBF0 Esp=303EB78 Eip=77C45CD2

ADDR: 77C45D1D CODE: 0f8474000000 jz 0x77c45d97
Eax=4 Ebx=33D0000 Ecx=18 Edx=0 Edi=3421030 Esi=3421028 Ebp=303EBF0 Esp=303EB78 Eip=77C45D1D

ADDR: 77C45DA5 CODE: 7415 jz 0x77c45dbc
Eax=0 Ebx=33D0000 Ecx=8 Edx=0 Edi=3421030 Esi=3421028 Ebp=303EBF0 Esp=303EB78 Eip=77C45DA5

ADDR: 77C45DC4 CODE: 0f8492000000 jz 0x77c45e5c
Eax=7FFE0380 Ebx=33D0000 Ecx=8 Edx=0 Edi=3421030 Esi=3421028 Ebp=303EBF0 Esp=303EB78 Eip=77C45DC4

ADDR: 77C45E63 CODE: 743b jz 0x77c45ea0
Eax=0 Ebx=33D0000 Ecx=8 Edx=0 Edi=3421030 Esi=3421028 Ebp=303EBF0 Esp=303EB78 Eip=77C45E63

ADDR: 77C44CFF CODE: 0f8426e60500 jz 0x77ca332b
Eax=33D0000 Ebx=0 Ecx=8 Edx=0 Edi=128 Esi=33D0000 Ebp=303EC0C Esp=303EC00 Eip=77C44CFF

ADDR: 77C44D11 CODE: 0f842be60500 jz 0x77ca3342
Eax=33D0000 Ebx=0 Ecx=33D0000 Edx=128 Edi=128 Esi=33D0000 Ebp=303EC0C Esp=303EC00 Eip=77C44D11

ADDR: 77C44E6C CODE: 760c jbe 0x77c44e7a
Eax=0 Ebx=33D0000 Ecx=8 Edx=128 Edi=128 Esi=33D0000 Ebp=303EBF0 Esp=303EB78 Eip=77C44E6C

ADDR: 77C44E9D CODE: 742b jz 0x77c44eca
Eax=0 Ebx=33D0000 Ecx=0 Edx=0 Edi=128 Esi=33D0000 Ebp=303EBF0 Esp=303EB78 Eip=77C44E9D

ADDR: 77C44ED5 CODE: 7445 jz 0x77c44f1c
Eax=0 Ebx=33D0000 Ecx=8 Edx=0 Edi=128 Esi=0 Ebp=303EBF0 Esp=303EB78 Eip=77C44ED5

ADDR: 77C44F4B CODE: 0f87f5090000 ja 0x77c45946
Eax=128 Ebx=33D0000 Ecx=8 Edx=26 Edi=128 Esi=130 Ebp=303EBF0 Esp=303EB78 Eip=77C44F4B

ADDR: 77C44F6F CODE: 0f84ce090000 jz 0x77c45943
Eax=40 Ebx=33D0000 Ecx=6 Edx=0 Edi=128 Esi=130 Ebp=303EBF0 Esp=303EB78 Eip=77C44F6F

ADDR: 77C4594F CODE: 7211 jb 0x77c45962
Eax=33D0270 Ebx=33D0000 Ecx=6 Edx=26 Edi=128 Esi=130 Ebp=303EBF0 Esp=303EB78 Eip=77C4594F

ADDR: 77C45967 CODE: 0f838c030000 jae 0x77c45cf9
Eax=33D0270 Ebx=33D0000 Ecx=26 Edx=26 Edi=128 Esi=130 Ebp=303EBF0 Esp=303EB78 Eip=77C45967

ADDR: 77C4597C CODE: 7402 jz 0x77c45980
Eax=33D0270 Ebx=33D0000 Ecx=26 Edx=26 Edi=128 Esi=130 Ebp=303EBF0 Esp=303EB78 Eip=77C4597C

ADDR: 77C45F44 CODE: 7329 jae 0x77c45f6f
Eax=303EB50 Ebx=A Ecx=33D0000 Edx=A Edi=33D0000 Esi=26 Ebp=303EB60 Esp=303E9E0 Eip=77C45F44

ADDR: 77C45F53 CODE: 730c jae 0x77c45f61
Eax=303EB50 Ebx=A Ecx=33D0001 Edx=26 Edi=33D0000 Esi=26 Ebp=303EB60 Esp=303E9E0 Eip=77C45F53

ADDR: 77C46022 CODE: 7415 jz 0x77c46039
Eax=303EBC0 Ebx=0 Ecx=33D0001 Edx=26 Edi=33D0000 Esi=26 Ebp=303EB60 Esp=303E9E0 Eip=77C46022

ADDR: 77C63F37 CODE: 7316 jae 0x77c63f4f
Eax=33D0258 Ebx=0 Ecx=33D025C Edx=2E98000 Edi=33D0000 Esi=26 Ebp=303E9D4 Esp=303E9D4 Eip=77C63F37

ADDR: 77C460CB CODE: 7407 jz 0x77c460d4
Eax=1 Ebx=0 Ecx=7F38 Edx=2E98000 Edi=33D0000 Esi=26 Ebp=303EB60 Esp=303E9E0 Eip=77C460CB

ADDR: 77C460DA CODE: 0f8739170000 ja 0x77c47819
Eax=1 Ebx=0 Ecx=7F38 Edx=26 Edi=33D0000 Esi=26 Ebp=303EB60 Esp=303E9E0 Eip=77C460DA

ADDR: 77C460F4 CODE: 723a jb 0x77c46130
Eax=128 Ebx=0 Ecx=7F38 Edx=26 Edi=33D0000 Esi=26 Ebp=303EB60 Esp=303E9E0 Eip=77C460F4

ADDR: 77C46136 CODE: 0f87d5000000 ja 0x77c46211
Eax=128 Ebx=0 Ecx=7F38 Edx=26 Edi=33D0000 Esi=26 Ebp=303EB60 Esp=303E9E0 Eip=77C46136

ADDR: 77C46188 CODE: 7716 ja 0x77c461a0
Eax=33D2606 Ebx=6 Ecx=C6 Edx=0 Edi=33D0000 Esi=33D26DC Ebp=303EB60 Esp=303E9E0 Eip=77C46188

ADDR: 77C46192 CODE: 770c ja 0x77c461a0
Eax=FF00 Ebx=6 Ecx=C6 Edx=0 Edi=33D0000 Esi=33D26DC Ebp=303EB60 Esp=303E9E0 Eip=77C46192

ADDR: 77C46216 CODE: 0f844f020000 jz 0x77c4646b
Eax=FF00 Ebx=6 Ecx=C6 Edx=26 Edi=33D0000 Esi=33D033C Ebp=303EB60 Esp=303E9E0 Eip=77C46216

ADDR: 77C46220 CODE: 0f8445020000 jz 0x77c4646b
Eax=FF00 Ebx=6 Ecx=C6 Edx=26 Edi=33D0000 Esi=0 Ebp=303EB60 Esp=303E9E0 Eip=77C46220

ADDR: 77C46485 CODE: 7304 jae 0x77c4648b
Eax=33D00C0 Ebx=6 Ecx=80 Edx=26 Edi=33D0000 Esi=33D0270 Ebp=303EB60 Esp=303E9E0 Eip=77C46485

ADDR: 77C464D3 CODE: 7438 jz 0x77c4650d
Eax=3414058 Ebx=68FB88A4 Ecx=80 Edx=33D00C0 Edi=33D0000 Esi=33D0270 Ebp=303EB60 Esp=303E9E0 Eip=77C464D3

ADDR: 77C464F3 CODE: 7418 jz 0x77c4650d
Eax=1E Ebx=1E000618 Ecx=1E1E Edx=33D00C0 Edi=33D0000 Esi=33D0270 Ebp=303EB60 Esp=303E9E0 Eip=77C464F3

ADDR: 77C4651D CODE: 7e07 jle 0x77c46526
Eax=618 Ebx=1E000618 Ecx=FFFFFA0E Edx=33D00C0 Edi=33D0000 Esi=33D0270 Ebp=303EB60 Esp=303E9E0 Eip=77C4651D

ADDR: 77C4653A CODE: 7438 jz 0x77c46574
Eax=34128C8 Ebx=74FB8EBE Ecx=FFFFFA0E Edx=33D00C0 Edi=33D0000 Esi=33D0270 Ebp=303EB60 Esp=303E9E0 Eip=77C4653A

ADDR: 77C4655A CODE: 7418 jz 0x77c46574
Eax=2 Ebx=2000002 Ecx=202 Edx=33D00C0 Edi=33D0000 Esi=33D0270 Ebp=303EB60 Esp=303E9E0 Eip=77C4655A

ADDR: 77C46584 CODE: 7f07 jg 0x77c4658d
Eax=2 Ebx=2000002 Ecx=24 Edx=33D00C0 Edi=33D0000 Esi=33D0270 Ebp=303EB60 Esp=303E9E0 Eip=77C46584

ADDR: 77C46664 CODE: 7708 ja 0x77c4666e
Eax=33D0298 Ebx=0 Ecx=3 Edx=1 Edi=33D0000 Esi=33D0270 Ebp=303EB60 Esp=303E9E0 Eip=77C46664

ADDR: 77C46664 CODE: 7708 ja 0x77c4666e
Eax=33D029C Ebx=0 Ecx=3 Edx=2 Edi=33D0000 Esi=33D0270 Ebp=303EB60 Esp=303E9E0 Eip=77C46664

ADDR: 77C46664 CODE: 7708 ja 0x77c4666e
Eax=33D02A0 Ebx=0 Ecx=3 Edx=3 Edi=33D0000 Esi=33D0270 Ebp=303EB60 Esp=303E9E0 Eip=77C46664

ADDR: 77C46664 CODE: 7708 ja 0x77c4666e
Eax=33D02A4 Ebx=0 Ecx=3 Edx=4 Edi=33D0000 Esi=33D0270 Ebp=303EB60 Esp=303E9E0 Eip=77C46664

ADDR: 77C46670 CODE: 0f848c110000 jz 0x77c47802
Eax=33D02A4 Ebx=0 Ecx=3 Edx=4 Edi=33D0000 Esi=33D0270 Ebp=303EB60 Esp=303E9E0 Eip=77C46670

ADDR: 77C464D3 CODE: 7438 jz 0x77c4650d
Eax=3414058 Ebx=68FB88A4 Ecx=3 Edx=33D00C0 Edi=33D0000 Esi=33D36A0 Ebp=303EB60 Esp=303E9E0 Eip=77C464D3

ADDR: 77C464F3 CODE: 7418 jz 0x77c4650d
Eax=1E Ebx=1E000618 Ecx=1E1E Edx=33D00C0 Edi=33D0000 Esi=33D36A0 Ebp=303EB60 Esp=303E9E0 Eip=77C464F3

ADDR: 77C4651D CODE: 7e07 jle 0x77c46526
Eax=618 Ebx=1E000618 Ecx=FFFFFA0E Edx=33D00C0 Edi=33D0000 Esi=33D36A0 Ebp=303EB60 Esp=303E9E0 Eip=77C4651D

ADDR: 77C4653A CODE: 7438 jz 0x77c46574
Eax=34128C8 Ebx=74FB8EBE Ecx=FFFFFA0E Edx=33D00C0 Edi=33D0000 Esi=33D36A0 Ebp=303EB60 Esp=303E9E0 Eip=77C4653A

ADDR: 77C4655A CODE: 7418 jz 0x77c46574
Eax=2 Ebx=2000002 Ecx=202 Edx=33D00C0 Edi=33D0000 Esi=33D36A0 Ebp=303EB60 Esp=303E9E0 Eip=77C4655A

ADDR: 77C46584 CODE: 7f07 jg 0x77c4658d
Eax=2 Ebx=2000002 Ecx=24 Edx=33D00C0 Edi=33D0000 Esi=33D36A0 Ebp=303EB60 Esp=303E9E0 Eip=77C46584

ADDR: 77C46664 CODE: 7708 ja 0x77c4666e
Eax=33D36C4 Ebx=0 Ecx=3B Edx=0 Edi=33D0000 Esi=33D36A0 Ebp=303EB60 Esp=303E9E0 Eip=77C46664

ADDR: 77C46664 CODE: 7708 ja 0x77c4666e
Eax=33D36C8 Ebx=0 Ecx=3B Edx=1 Edi=33D0000 Esi=33D36A0 Ebp=303EB60 Esp=303E9E0 Eip=77C46664

ADDR: 77C46664 CODE: 7708 ja 0x77c4666e
Eax=33D36CC Ebx=0 Ecx=3B Edx=2 Edi=33D0000 Esi=33D36A0 Ebp=303EB60 Esp=303E9E0 Eip=77C46664

ADDR: 77C46664 CODE: 7708 ja 0x77c4666e
Eax=33D36D0 Ebx=0 Ecx=3B Edx=3 Edi=33D0000 Esi=33D36A0 Ebp=303EB60 Esp=303E9E0 Eip=77C46664

ADDR: 77C46664 CODE: 7708 ja 0x77c4666e
Eax=33D36D4 Ebx=0 Ecx=3B Edx=4 Edi=33D0000 Esi=33D36A0 Ebp=303EB60 Esp=303E9E0 Eip=77C46664

ADDR: 77C46664 CODE: 7708 ja 0x77c4666e
Eax=33D36D8 Ebx=0 Ecx=3B Edx=5 Edi=33D0000 Esi=33D36A0 Ebp=303EB60 Esp=303E9E0 Eip=77C46664

ADDR: 77C46664 CODE: 7708 ja 0x77c4666e
Eax=33D36DC Ebx=0 Ecx=3B Edx=6 Edi=33D0000 Esi=33D36A0 Ebp=303EB60 Esp=303E9E0 Eip=77C46664

ADDR: 77C46664 CODE: 7708 ja 0x77c4666e
Eax=33D36E0 Ebx=0 Ecx=3B Edx=7 Edi=33D0000 Esi=33D36A0 Ebp=303EB60 Esp=303E9E0 Eip=77C46664

ADDR: 77C46664 CODE: 7708 ja 0x77c4666e
Eax=33D36E4 Ebx=0 Ecx=3B Edx=8 Edi=33D0000 Esi=33D36A0 Ebp=303EB60 Esp=303E9E0 Eip=77C46664

ADDR: 77C46664 CODE: 7708 ja 0x77c4666e
Eax=33D36E8 Ebx=0 Ecx=3B Edx=9 Edi=33D0000 Esi=33D36A0 Ebp=303EB60 Esp=303E9E0 Eip=77C46664

ADDR: 77C46664 CODE: 7708 ja 0x77c4666e
Eax=33D36EC Ebx=0 Ecx=3B Edx=A Edi=33D0000 Esi=33D36A0 Ebp=303EB60 Esp=303E9E0 Eip=77C46664

ADDR: 77C46664 CODE: 7708 ja 0x77c4666e
Eax=33D36F0 Ebx=0 Ecx=3B Edx=B Edi=33D0000 Esi=33D36A0 Ebp=303EB60 Esp=303E9E0 Eip=77C46664

ADDR: 77C46679 CODE: 7422 jz 0x77c4669d
Eax=33D36F4 Ebx=100 Ecx=3B Edx=C Edi=33D0000 Esi=33D36A0 Ebp=303EB60 Esp=303E9E0 Eip=77C46679

ADDR: 77C46680 CODE: 7409 jz 0x77c4668b
Eax=0 Ebx=100 Ecx=3B Edx=C Edi=33D0000 Esi=33D36A0 Ebp=303EB60 Esp=303E9E0 Eip=77C46680

ADDR: 77C466D1 CODE: 7402 jz 0x77c466d5
Eax=8 Ebx=1 Ecx=3B Edx=188 Edi=33D0000 Esi=33D36A0 Ebp=303EB60 Esp=303E9E0 Eip=77C466D1

ADDR: 77C466E0 CODE: 0f841c110000 jz 0x77c47802
Eax=340B190 Ebx=1 Ecx=3B Edx=188 Edi=33D0000 Esi=33D36A0 Ebp=303EB60 Esp=303E9E0 Eip=77C466E0

ADDR: 77C466F2 CODE: 0f844d020000 jz 0x77c46945
Eax=340B190 Ebx=1 Ecx=3B Edx=188 Edi=33D0000 Esi=33D36A0 Ebp=303EB60 Esp=303E9E0 Eip=77C466F2

ADDR: 77C46702 CODE: 741f jz 0x77c46723
Eax=340B190 Ebx=340B188 Ecx=3B Edx=188 Edi=33D0000 Esi=33D36A0 Ebp=303EB60 Esp=303E9E0 Eip=77C46702

ADDR: 77C46714 CODE: 740a jz 0x77c46720
Eax=76FB8E0A Ebx=340B188 Ecx=3B Edx=188 Edi=33D0000 Esi=33D36A0 Ebp=303EB60 Esp=303E9E0 Eip=77C46714

ADDR: 77C46729 CODE: 0f8200020000 jb 0x77c4692f
Eax=340B190 Ebx=340B188 Ecx=3B Edx=188 Edi=33D0000 Esi=208 Ebp=303EB60 Esp=303E9E0 Eip=77C46729

ADDR: 77C46761 CODE: 0f841c010000 jz 0x77c46883
Eax=340B190 Ebx=340B188 Ecx=33D0270 Edx=340B190 Edi=33D0000 Esi=208 Ebp=303EB60 Esp=303E9E0 Eip=77C46761

ADDR: 77C46778 CODE: 730b jae 0x77c46785
Eax=208 Ebx=340B188 Ecx=33D0270 Edx=340B190 Edi=33D0000 Esi=80 Ebp=303EB60 Esp=303E9E0 Eip=77C46778

ADDR: 77C46778 CODE: 730b jae 0x77c46785
Eax=208 Ebx=340B188 Ecx=33D36A0 Edx=33D36A0 Edi=33D0000 Esi=800 Ebp=303EB60 Esp=303E9E0 Eip=77C46778

ADDR: 77C4680D CODE: 0f83db000000 jae 0x77c468ee
Eax=7FF Ebx=340B188 Ecx=33D36A0 Edx=188 Edi=33D0000 Esi=34172A0 Ebp=303EB60 Esp=303E9E0 Eip=77C4680D

ADDR: 77C46816 CODE: 0f84a3000000 jz 0x77c468bf
Eax=7FF Ebx=340B188 Ecx=33D36A0 Edx=188 Edi=33D0000 Esi=34172A0 Ebp=303EB60 Esp=303E9E0 Eip=77C46816

ADDR: 77C46829 CODE: 743c jz 0x77c46867
Eax=7FF Ebx=7CFB8CB4 Ecx=33D36A0 Edx=188 Edi=33D0000 Esi=34172A0 Ebp=303EB60 Esp=303E9E0 Eip=77C46829

ADDR: 77C46849 CODE: 7419 jz 0x77c46864
Eax=A Ebx=A000208 Ecx=A0A Edx=188 Edi=33D0000 Esi=34172A0 Ebp=303EB60 Esp=303E9E0 Eip=77C46849

ADDR: 77C46895 CODE: 7475 jz 0x77c4690c
Eax=34172A0 Ebx=340B188 Ecx=3421A60 Edx=188 Edi=33D0000 Esi=34172A0 Ebp=303EB60 Esp=303E9E0 Eip=77C46895

ADDR: 77C46ACC CODE: 7418 jz 0x77c46ae6
Eax=34172A0 Ebx=340B188 Ecx=3421A00 Edx=188 Edi=33D0000 Esi=1 Ebp=303EB60 Esp=303E9E0 Eip=77C46ACC

ADDR: 77C46B12 CODE: 7305 jae 0x77c46b19
Eax=8 Ebx=340B188 Ecx=26 Edx=1E2 Edi=33D0000 Esi=1 Ebp=303EB60 Esp=303E9E0 Eip=77C46B12

ADDR: 77C46B27 CODE: 741e jz 0x77c46b47
Eax=8 Ebx=340B188 Ecx=26 Edx=1E2 Edi=33D0000 Esi=1 Ebp=303EB60 Esp=303E9E0 Eip=77C46B27

ADDR: 77C46CA1 CODE: 741a jz 0x77c46cbd
Eax=0 Ebx=340B188 Ecx=26 Edx=1E2 Edi=33D0000 Esi=1 Ebp=303EB60 Esp=303E9E0 Eip=77C46CA1

ADDR: 77C46D47 CODE: 0f845d050000 jz 0x77c472aa
Eax=FB Ebx=340B2B8 Ecx=100000 Edx=1E2 Edi=33D0000 Esi=340C1C8 Ebp=303EB60 Esp=303E9E0 Eip=77C46D47

ADDR: 77C46D81 CODE: 0f8496020000 jz 0x77c4701d
Eax=33D00C0 Ebx=340B2B8 Ecx=100000 Edx=1E2 Edi=33D0000 Esi=33D0270 Ebp=303EB60 Esp=303E9E0 Eip=77C46D81

ADDR: 77C46D8C CODE: 7304 jae 0x77c46d92
Eax=33D00C0 Ebx=340B2B8 Ecx=80 Edx=1E2 Edi=33D0000 Esi=33D0270 Ebp=303EB60 Esp=303E9E0 Eip=77C46D8C

ADDR: 77C46D8C CODE: 7304 jae 0x77c46d92
Eax=33D36A0 Ebx=340B2B8 Ecx=800 Edx=1E2 Edi=33D0000 Esi=33D36A0 Ebp=303EB60 Esp=303E9E0 Eip=77C46D8C

ADDR: 77C46DD5 CODE: 743b jz 0x77c46e12
Eax=3414058 Ebx=340B2B8 Ecx=3414060 Edx=68FB88A4 Edi=33D0000 Esi=33D36A0 Ebp=303EB60 Esp=303E9E0 Eip=77C46DD5

ADDR: 77C46DF8 CODE: 7418 jz 0x77c46e12
Eax=1E Ebx=340B2B8 Ecx=1E1E Edx=1E000618 Edi=33D0000 Esi=33D36A0 Ebp=303EB60 Esp=303E9E0 Eip=77C46DF8

ADDR: 77C46E22 CODE: 7e08 jle 0x77c46e2c
Eax=618 Ebx=340B2B8 Ecx=FFFFFBCA Edx=1E000618 Edi=33D0000 Esi=33D36A0 Ebp=303EB60 Esp=303E9E0 Eip=77C46E22

ADDR: 77C46E43 CODE: 743b jz 0x77c46e80
Eax=34128C8 Ebx=340B2B8 Ecx=FFFFFBCA Edx=74FB8EBE Edi=33D0000 Esi=33D36A0 Ebp=303EB60 Esp=303E9E0 Eip=77C46E43

ADDR: 77C46E66 CODE: 7418 jz 0x77c46e80
Eax=2 Ebx=340B2B8 Ecx=202 Edx=2000002 Edi=33D0000 Esi=33D36A0 Ebp=303EB60 Esp=303E9E0 Eip=77C46E66

ADDR: 77C46E90 CODE: 7f0a jg 0x77c46e9c
Eax=2 Ebx=340B2B8 Ecx=1E0 Edx=2000002 Edi=33D0000 Esi=33D36A0 Ebp=303EB60 Esp=303E9E0 Eip=77C46E90

ADDR: 77C46F7D CODE: 7708 ja 0x77c46f87
Eax=3B Ebx=340B2B8 Ecx=0 Edx=B Edi=33D0000 Esi=33D36F0 Ebp=303EB60 Esp=303E9E0 Eip=77C46F7D

ADDR: 77C46F92 CODE: 7422 jz 0x77c46fb6
Eax=3B Ebx=340B2B8 Ecx=100 Edx=C Edi=33D0000 Esi=33D36F4 Ebp=303EB60 Esp=303E9E0 Eip=77C46F92

ADDR: 77C46F99 CODE: 7409 jz 0x77c46fa4
Eax=0 Ebx=340B2B8 Ecx=100 Edx=C Edi=33D0000 Esi=33D36F4 Ebp=303EB60 Esp=303E9E0 Eip=77C46F99

ADDR: 77C46FED CODE: 7402 jz 0x77c46ff1
Eax=8 Ebx=340B2B8 Ecx=1 Edx=188 Edi=33D0000 Esi=33D36A0 Ebp=303EB60 Esp=303E9E0 Eip=77C46FED

ADDR: 77C46FF9 CODE: 740b jz 0x77c47006
Eax=33D37B4 Ebx=340B2B8 Ecx=34172A0 Edx=188 Edi=33D0000 Esi=33D36A0 Ebp=303EB60 Esp=303E9E0 Eip=77C46FF9

ADDR: 77C47024 CODE: 7435 jz 0x77c4705b
Eax=33D00C0 Ebx=340B2B8 Ecx=34172A0 Edx=188 Edi=33D0000 Esi=1E2 Ebp=303EB60 Esp=303E9E0 Eip=77C47024

ADDR: 77C4702A CODE: 7413 jz 0x77c4703f
Eax=33D00C0 Ebx=340B2B8 Ecx=34172A0 Edx=188 Edi=33D0000 Esi=1E2 Ebp=303EB60 Esp=303E9E0 Eip=77C4702A

ADDR: 77C47035 CODE: 740c jz 0x77c47043
Eax=33D00C0 Ebx=340B2B8 Ecx=34172A0 Edx=7CFB8CB4 Edi=33D0000 Esi=1E2 Ebp=303EB60 Esp=303E9E0 Eip=77C47035

ADDR: 77C4704F CODE: 760a jbe 0x77c4705b
Eax=208 Ebx=340B2B8 Ecx=34172A0 Edx=A000208 Edi=33D0000 Esi=1E2 Ebp=303EB60 Esp=303E9E0 Eip=77C4704F

ADDR: 77C47094 CODE: 0f84fc000000 jz 0x77c47196
Eax=1E2 Ebx=340B2B8 Ecx=33D0270 Edx=3421A60 Edi=33D0000 Esi=34172A0 Ebp=303EB60 Esp=303E9E0 Eip=77C47094

ADDR: 77C470A5 CODE: 730a jae 0x77c470b1
Eax=1E2 Ebx=340B2B8 Ecx=33D0270 Edx=3421A60 Edi=33D0000 Esi=80 Ebp=303EB60 Esp=303E9E0 Eip=77C470A5

ADDR: 77C470A5 CODE: 730a jae 0x77c470b1
Eax=1E2 Ebx=340B2B8 Ecx=33D36A0 Edx=33D36A0 Edi=33D0000 Esi=800 Ebp=303EB60 Esp=303E9E0 Eip=77C470A5

ADDR: 77C470FF CODE: 7464 jz 0x77c47165
Eax=0 Ebx=340B2B8 Ecx=33D36A0 Edx=1E2 Edi=33D0000 Esi=162 Ebp=303EB60 Esp=303E9E0 Eip=77C470FF

ADDR: 77C4719A CODE: 0f8497040000 jz 0x77c47637
Eax=33D36C4 Ebx=340B2B8 Ecx=2 Edx=4 Edi=33D0000 Esi=B Ebp=303EB60 Esp=303E9E0 Eip=77C4719A

ADDR: 77C46B7F CODE: 0f841c0b0000 jz 0x77c476a1
Eax=8 Ebx=340B190 Ecx=130 Edx=340B18F Edi=33D0000 Esi=130 Ebp=303EB60 Esp=303E9E0 Eip=77C46B7F

ADDR: 77C46B89 CODE: 7413 jz 0x77c46b9e
Eax=8 Ebx=340B190 Ecx=130 Edx=340B18F Edi=33D0000 Esi=130 Ebp=303EB60 Esp=303E9E0 Eip=77C46B89

ADDR: 77C46BA2 CODE: 0f84b7000000 jz 0x77c46c5f
Eax=76FB8EBC Ebx=340B190 Ecx=340B188 Edx=340B18F Edi=33D0000 Esi=130 Ebp=303EB60 Esp=303E9E0 Eip=77C46BA2

ADDR: 77C46BC7 CODE: 762c jbe 0x77c46bf5
Eax=76FB8EBC Ebx=340B190 Ecx=340B188 Edx=1 Edi=33D0000 Esi=130 Ebp=303EB60 Esp=303E9E0 Eip=77C46BC7

ADDR: 77C46C05 CODE: 7249 jb 0x77c46c50
Eax=76FB8EBC Ebx=340B190 Ecx=340B188 Edx=1 Edi=33D0000 Esi=130 Ebp=303EB60 Esp=303E9E0 Eip=77C46C05

ADDR: 77C47B53 CODE: 746e jz 0x77c47bc3
Eax=FFFFFFFE Ebx=33D0258 Ecx=FFFFFFFF Edx=1 Edi=33D025C Esi=FFFFFFFE Ebp=303E9D4 Esp=303E9C0 Eip=77C47B53

ADDR: 77C46C63 CODE: 0f84150e0000 jz 0x77c47a7e
Eax=0 Ebx=340B190 Ecx=FFFFFFFF Edx=1 Edi=33D0000 Esi=130 Ebp=303EB60 Esp=303E9E0 Eip=77C46C63

ADDR: 77C7B3CA CODE: 744f jz 0x77c7b41b
Eax=128 Ebx=340B190 Ecx=340B190 Edx=128 Edi=33D0000 Esi=130 Ebp=303EB60 Esp=303E9D0 Eip=77C7B3CA

ADDR: 77C7B3D8 CODE: 7231 jb 0x77c7b40b
Eax=0 Ebx=340B190 Ecx=340B190 Edx=128 Edi=340B190 Esi=130 Ebp=303EB60 Esp=303E9CC Eip=77C7B3D8

ADDR: 77C7B3DF CODE: 740c jz 0x77c7b3ed
Eax=0 Ebx=340B190 Ecx=0 Edx=128 Edi=340B190 Esi=130 Ebp=303EB60 Esp=303E9CC Eip=77C7B3DF

ADDR: 77C7B403 CODE: 7406 jz 0x77c7b40b
Eax=0 Ebx=340B190 Ecx=4A Edx=0 Edi=340B190 Esi=130 Ebp=303EB60 Esp=303E9CC Eip=77C7B403

ADDR: 77C7B409 CODE: 740a jz 0x77c7b415
Eax=0 Ebx=340B190 Ecx=0 Edx=0 Edi=340B2B8 Esi=130 Ebp=303EB60 Esp=303E9CC Eip=77C7B409

ADDR: 77C47AAD CODE: 741e jz 0x77c47acd
Eax=340B190 Ebx=340B190 Ecx=0 Edx=0 Edi=33D0000 Esi=130 Ebp=303EB60 Esp=303E9DC Eip=77C47AAD

ADDR: 77C47A91 CODE: 743b jz 0x77c47ace
Eax=0 Ebx=340B190 Ecx=0 Edx=0 Edi=33D0000 Esi=130 Ebp=303EB60 Esp=303E9E0 Eip=77C47A91

ADDR: 77C47AD6 CODE: 741f jz 0x77c47af7
Eax=7FFE0388 Ebx=340B190 Ecx=0 Edx=0 Edi=33D0000 Esi=130 Ebp=303EB60 Esp=303E9E0 Eip=77C47AD6

ADDR: 77C45D13 CODE: 7445 jz 0x77c45d5a
Eax=340B190 Ebx=33D0000 Ecx=EA68A05 Edx=0 Edi=340B190 Esi=130 Ebp=303EBF0 Esp=303EB78 Eip=77C45D13

ADDR: 77C45D1D CODE: 0f8474000000 jz 0x77c45d97
Eax=340B190 Ebx=33D0000 Ecx=128 Edx=0 Edi=340B190 Esi=130 Ebp=303EBF0 Esp=303EB78 Eip=77C45D1D

ADDR: 77C45DA5 CODE: 7415 jz 0x77c45dbc
Eax=0 Ebx=33D0000 Ecx=8 Edx=0 Edi=340B190 Esi=130 Ebp=303EBF0 Esp=303EB78 Eip=77C45DA5

ADDR: 77C45DC4 CODE: 0f8492000000 jz 0x77c45e5c
Eax=7FFE0380 Ebx=33D0000 Ecx=8 Edx=0 Edi=340B190 Esi=130 Ebp=303EBF0 Esp=303EB78 Eip=77C45DC4

ADDR: 77C45E63 CODE: 743b jz 0x77c45ea0
Eax=0 Ebx=33D0000 Ecx=8 Edx=0 Edi=340B190 Esi=130 Ebp=303EBF0 Esp=303EB78 Eip=77C45E63

ADDR: 77B16586 CODE: 7608 jbe 0x77b16590
Eax=3424AF0 Ebx=0 Ecx=128 Edx=128 Edi=340B190 Esi=34249C8 Ebp=303F918 Esp=303EC08 Eip=77B16586

ADDR: 77B16593 CODE: 0f82d2040000 jb 0x77b16a6b
Eax=3424AF0 Ebx=0 Ecx=128 Edx=128 Edi=340B190 Esi=34249C8 Ebp=303F918 Esp=303EC08 Eip=77B16593

ADDR: 77B1659F CODE: 7313 jae 0x77b165b4
Eax=3424AF0 Ebx=0 Ecx=128 Edx=128 Edi=340B190 Esi=34249C8 Ebp=303F918 Esp=303EC08 Eip=77B1659F

ADDR: 77B165BC CODE: 7309 jae 0x77b165c7
Eax=3424AF0 Ebx=0 Ecx=128 Edx=128 Edi=340B190 Esi=34249C8 Ebp=303F918 Esp=303EC08 Eip=77B165BC

ADDR: 77C44CFF CODE: 0f8426e60500 jz 0x77ca332b
Eax=33D0000 Ebx=0 Ecx=0 Edx=128 Edi=128 Esi=33D0000 Ebp=303EC0C Esp=303EC00 Eip=77C44CFF

ADDR: 77C44D11 CODE: 0f842be60500 jz 0x77ca3342
Eax=33D0000 Ebx=0 Ecx=33D0000 Edx=A0 Edi=128 Esi=33D0000 Ebp=303EC0C Esp=303EC00 Eip=77C44D11

ADDR: 77C44E6C CODE: 760c jbe 0x77c44e7a
Eax=0 Ebx=33D0000 Ecx=8 Edx=A0 Edi=A0 Esi=33D0000 Ebp=303EBF0 Esp=303EB78 Eip=77C44E6C

ADDR: 77C44E9D CODE: 742b jz 0x77c44eca
Eax=0 Ebx=33D0000 Ecx=0 Edx=0 Edi=A0 Esi=33D0000 Ebp=303EBF0 Esp=303EB78 Eip=77C44E9D

ADDR: 77C44ED5 CODE: 7445 jz 0x77c44f1c
Eax=0 Ebx=33D0000 Ecx=8 Edx=0 Edi=A0 Esi=0 Ebp=303EBF0 Esp=303EB78 Eip=77C44ED5

ADDR: 77C44F4B CODE: 0f87f5090000 ja 0x77c45946
Eax=A0 Ebx=33D0000 Ecx=8 Edx=15 Edi=A0 Esi=A8 Ebp=303EBF0 Esp=303EB78 Eip=77C44F4B

ADDR: 77C44F6F CODE: 0f84ce090000 jz 0x77c45943
Eax=20 Ebx=33D0000 Ecx=5 Edx=8 Edi=A0 Esi=A8 Ebp=303EBF0 Esp=303EB78 Eip=77C44F6F

ADDR: 77C4594F CODE: 7211 jb 0x77c45962
Eax=33D0270 Ebx=33D0000 Ecx=5 Edx=15 Edi=A0 Esi=A8 Ebp=303EBF0 Esp=303EB78 Eip=77C4594F

ADDR: 77C45967 CODE: 0f838c030000 jae 0x77c45cf9
Eax=33D0270 Ebx=33D0000 Ecx=15 Edx=15 Edi=A0 Esi=A8 Ebp=303EBF0 Esp=303EB78 Eip=77C45967

ADDR: 77C4597C CODE: 7402 jz 0x77c45980
Eax=33D0270 Ebx=33D0000 Ecx=15 Edx=15 Edi=A0 Esi=A8 Ebp=303EBF0 Esp=303EB78 Eip=77C4597C

ADDR: 77C45F44 CODE: 7329 jae 0x77c45f6f
Eax=303EB50 Ebx=A Ecx=33D0000 Edx=A Edi=33D0000 Esi=15 Ebp=303EB60 Esp=303E9E0 Eip=77C45F44

ADDR: 77C45F53 CODE: 730c jae 0x77c45f61
Eax=303EB50 Ebx=A Ecx=33D0001 Edx=15 Edi=33D0000 Esi=15 Ebp=303EB60 Esp=303E9E0 Eip=77C45F53

ADDR: 77C46022 CODE: 7415 jz 0x77c46039
Eax=303EBC0 Ebx=0 Ecx=33D0001 Edx=15 Edi=33D0000 Esi=15 Ebp=303EB60 Esp=303E9E0 Eip=77C46022

ADDR: 77C63F37 CODE: 7316 jae 0x77c63f4f
Eax=33D0258 Ebx=0 Ecx=33D025C Edx=2E98000 Edi=33D0000 Esi=15 Ebp=303E9D4 Esp=303E9D4 Eip=77C63F37

ADDR: 77C460CB CODE: 7407 jz 0x77c460d4
Eax=1 Ebx=0 Ecx=7F38 Edx=2E98000 Edi=33D0000 Esi=15 Ebp=303EB60 Esp=303E9E0 Eip=77C460CB

ADDR: 77C460DA CODE: 0f8739170000 ja 0x77c47819
Eax=1 Ebx=0 Ecx=7F38 Edx=15 Edi=33D0000 Esi=15 Ebp=303EB60 Esp=303E9E0 Eip=77C460DA

ADDR: 77C460F4 CODE: 723a jb 0x77c46130
Eax=A0 Ebx=0 Ecx=7F38 Edx=15 Edi=33D0000 Esi=15 Ebp=303EB60 Esp=303E9E0 Eip=77C460F4

ADDR: 77C46136 CODE: 0f87d5000000 ja 0x77c46211
Eax=A0 Ebx=0 Ecx=7F38 Edx=15 Edi=33D0000 Esi=15 Ebp=303EB60 Esp=303E9E0 Eip=77C46136

ADDR: 77C46188 CODE: 7716 ja 0x77c461a0
Eax=33D2607 Ebx=5 Ecx=167 Edx=8 Edi=33D0000 Esi=33D26BA Ebp=303EB60 Esp=303E9E0 Eip=77C46188

ADDR: 77C46192 CODE: 770c ja 0x77c461a0
Eax=FF00 Ebx=5 Ecx=167 Edx=8 Edi=33D0000 Esi=33D26BA Ebp=303EB60 Esp=303E9E0 Eip=77C46192

ADDR: 77C46216 CODE: 0f844f020000 jz 0x77c4646b
Eax=FF00 Ebx=5 Ecx=167 Edx=15 Edi=33D0000 Esi=33D02F8 Ebp=303EB60 Esp=303E9E0 Eip=77C46216

ADDR: 77C46220 CODE: 0f8445020000 jz 0x77c4646b
Eax=FF00 Ebx=5 Ecx=167 Edx=15 Edi=33D0000 Esi=0 Ebp=303EB60 Esp=303E9E0 Eip=77C46220

ADDR: 77C46485 CODE: 7304 jae 0x77c4648b
Eax=33D00C0 Ebx=5 Ecx=80 Edx=15 Edi=33D0000 Esi=33D0270 Ebp=303EB60 Esp=303E9E0 Eip=77C46485

ADDR: 77C464D3 CODE: 7438 jz 0x77c4650d
Eax=3414058 Ebx=68FB88A4 Ecx=80 Edx=33D00C0 Edi=33D0000 Esi=33D0270 Ebp=303EB60 Esp=303E9E0 Eip=77C464D3

ADDR: 77C464F3 CODE: 7418 jz 0x77c4650d
Eax=1E Ebx=1E000618 Ecx=1E1E Edx=33D00C0 Edi=33D0000 Esi=33D0270 Ebp=303EB60 Esp=303E9E0 Eip=77C464F3

ADDR: 77C4651D CODE: 7e07 jle 0x77c46526
Eax=618 Ebx=1E000618 Ecx=FFFFF9FD Edx=33D00C0 Edi=33D0000 Esi=33D0270 Ebp=303EB60 Esp=303E9E0 Eip=77C4651D

ADDR: 77C4653A CODE: 7438 jz 0x77c46574
Eax=34128C8 Ebx=74FB8EBE Ecx=FFFFF9FD Edx=33D00C0 Edi=33D0000 Esi=33D0270 Ebp=303EB60 Esp=303E9E0 Eip=77C4653A

ADDR: 77C4655A CODE: 7418 jz 0x77c46574
Eax=2 Ebx=2000002 Ecx=202 Edx=33D00C0 Edi=33D0000 Esi=33D0270 Ebp=303EB60 Esp=303E9E0 Eip=77C4655A

ADDR: 77C46584 CODE: 7f07 jg 0x77c4658d
Eax=2 Ebx=2000002 Ecx=13 Edx=33D00C0 Edi=33D0000 Esi=33D0270 Ebp=303EB60 Esp=303E9E0 Eip=77C46584

ADDR: 77C46664 CODE: 7708 ja 0x77c4666e
Eax=33D0294 Ebx=0 Ecx=3 Edx=0 Edi=33D0000 Esi=33D0270 Ebp=303EB60 Esp=303E9E0 Eip=77C46664

ADDR: 77C46664 CODE: 7708 ja 0x77c4666e
Eax=33D0298 Ebx=0 Ecx=3 Edx=1 Edi=33D0000 Esi=33D0270 Ebp=303EB60 Esp=303E9E0 Eip=77C46664

ADDR: 77C46664 CODE: 7708 ja 0x77c4666e
Eax=33D029C Ebx=0 Ecx=3 Edx=2 Edi=33D0000 Esi=33D0270 Ebp=303EB60 Esp=303E9E0 Eip=77C46664

ADDR: 77C46664 CODE: 7708 ja 0x77c4666e
Eax=33D02A0 Ebx=0 Ecx=3 Edx=3 Edi=33D0000 Esi=33D0270 Ebp=303EB60 Esp=303E9E0 Eip=77C46664

ADDR: 77C46664 CODE: 7708 ja 0x77c4666e
Eax=33D02A4 Ebx=0 Ecx=3 Edx=4 Edi=33D0000 Esi=33D0270 Ebp=303EB60 Esp=303E9E0 Eip=77C46664

ADDR: 77C46670 CODE: 0f848c110000 jz 0x77c47802
Eax=33D02A4 Ebx=0 Ecx=3 Edx=4 Edi=33D0000 Esi=33D0270 Ebp=303EB60 Esp=303E9E0 Eip=77C46670

ADDR: 77C464D3 CODE: 7438 jz 0x77c4650d
Eax=3414058 Ebx=68FB88A4 Ecx=3 Edx=33D00C0 Edi=33D0000 Esi=33D36A0 Ebp=303EB60 Esp=303E9E0 Eip=77C464D3

ADDR: 77C464F3 CODE: 7418 jz 0x77c4650d
Eax=1E Ebx=1E000618 Ecx=1E1E Edx=33D00C0 Edi=33D0000 Esi=33D36A0 Ebp=303EB60 Esp=303E9E0 Eip=77C464F3

ADDR: 77C4651D CODE: 7e07 jle 0x77c46526
Eax=618 Ebx=1E000618 Ecx=FFFFF9FD Edx=33D00C0 Edi=33D0000 Esi=33D36A0 Ebp=303EB60 Esp=303E9E0 Eip=77C4651D

ADDR: 77C4653A CODE: 7438 jz 0x77c46574
Eax=34128C8 Ebx=74FB8EBE Ecx=FFFFF9FD Edx=33D00C0 Edi=33D0000 Esi=33D36A0 Ebp=303EB60 Esp=303E9E0 Eip=77C4653A

ADDR: 77C4655A CODE: 7418 jz 0x77c46574
Eax=2 Ebx=2000002 Ecx=202 Edx=33D00C0 Edi=33D0000 Esi=33D36A0 Ebp=303EB60 Esp=303E9E0 Eip=77C4655A

ADDR: 77C46584 CODE: 7f07 jg 0x77c4658d
Eax=2 Ebx=2000002 Ecx=13 Edx=33D00C0 Edi=33D0000 Esi=33D36A0 Ebp=303EB60 Esp=303E9E0 Eip=77C46584

ADDR: 77C46664 CODE: 7708 ja 0x77c4666e
Eax=33D36C4 Ebx=0 Ecx=3B Edx=0 Edi=33D0000 Esi=33D36A0 Ebp=303EB60 Esp=303E9E0 Eip=77C46664

ADDR: 77C46664 CODE: 7708 ja 0x77c4666e
Eax=33D36C8 Ebx=0 Ecx=3B Edx=1 Edi=33D0000 Esi=33D36A0 Ebp=303EB60 Esp=303E9E0 Eip=77C46664

ADDR: 77C46664 CODE: 7708 ja 0x77c4666e
Eax=33D36CC Ebx=0 Ecx=3B Edx=2 Edi=33D0000 Esi=33D36A0 Ebp=303EB60 Esp=303E9E0 Eip=77C46664

ADDR: 77C46664 CODE: 7708 ja 0x77c4666e
Eax=33D36D0 Ebx=0 Ecx=3B Edx=3 Edi=33D0000 Esi=33D36A0 Ebp=303EB60 Esp=303E9E0 Eip=77C46664

ADDR: 77C46664 CODE: 7708 ja 0x77c4666e
Eax=33D36D4 Ebx=0 Ecx=3B Edx=4 Edi=33D0000 Esi=33D36A0 Ebp=303EB60 Esp=303E9E0 Eip=77C46664

ADDR: 77C46664 CODE: 7708 ja 0x77c4666e
Eax=33D36D8 Ebx=0 Ecx=3B Edx=5 Edi=33D0000 Esi=33D36A0 Ebp=303EB60 Esp=303E9E0 Eip=77C46664

ADDR: 77C46664 CODE: 7708 ja 0x77c4666e
Eax=33D36DC Ebx=0 Ecx=3B Edx=6 Edi=33D0000 Esi=33D36A0 Ebp=303EB60 Esp=303E9E0 Eip=77C46664

ADDR: 77C46664 CODE: 7708 ja 0x77c4666e
Eax=33D36E0 Ebx=0 Ecx=3B Edx=7 Edi=33D0000 Esi=33D36A0 Ebp=303EB60 Esp=303E9E0 Eip=77C46664

ADDR: 77C46664 CODE: 7708 ja 0x77c4666e
Eax=33D36E4 Ebx=0 Ecx=3B Edx=8 Edi=33D0000 Esi=33D36A0 Ebp=303EB60 Esp=303E9E0 Eip=77C46664

ADDR: 77C46664 CODE: 7708 ja 0x77c4666e
Eax=33D36E8 Ebx=0 Ecx=3B Edx=9 Edi=33D0000 Esi=33D36A0 Ebp=303EB60 Esp=303E9E0 Eip=77C46664

ADDR: 77C46664 CODE: 7708 ja 0x77c4666e
Eax=33D36EC Ebx=0 Ecx=3B Edx=A Edi=33D0000 Esi=33D36A0 Ebp=303EB60 Esp=303E9E0 Eip=77C46664

ADDR: 77C46679 CODE: 7422 jz 0x77c4669d
Eax=33D36F0 Ebx=4 Ecx=3B Edx=B Edi=33D0000 Esi=33D36A0 Ebp=303EB60 Esp=303E9E0 Eip=77C46679

ADDR: 77C46680 CODE: 7409 jz 0x77c4668b
Eax=4 Ebx=4 Ecx=3B Edx=B Edi=33D0000 Esi=33D36A0 Ebp=303EB60 Esp=303E9E0 Eip=77C46680

ADDR: 77C466D1 CODE: 7402 jz 0x77c466d5
Eax=2 Ebx=4 Ecx=3B Edx=162 Edi=33D0000 Esi=33D36A0 Ebp=303EB60 Esp=303E9E0 Eip=77C466D1

ADDR: 77C466E0 CODE: 0f841c110000 jz 0x77c47802
Eax=340B2C0 Ebx=4 Ecx=3B Edx=162 Edi=33D0000 Esi=33D36A0 Ebp=303EB60 Esp=303E9E0 Eip=77C466E0

ADDR: 77C466F2 CODE: 0f844d020000 jz 0x77c46945
Eax=340B2C0 Ebx=4 Ecx=3B Edx=162 Edi=33D0000 Esi=33D36A0 Ebp=303EB60 Esp=303E9E0 Eip=77C466F2

ADDR: 77C46702 CODE: 741f jz 0x77c46723
Eax=340B2C0 Ebx=340B2B8 Ecx=3B Edx=162 Edi=33D0000 Esi=33D36A0 Ebp=303EB60 Esp=303E9E0 Eip=77C46702

ADDR: 77C46714 CODE: 740a jz 0x77c46720
Eax=76FB8EE3 Ebx=340B2B8 Ecx=3B Edx=162 Edi=33D0000 Esi=33D36A0 Ebp=303EB60 Esp=303E9E0 Eip=77C46714

ADDR: 77C46729 CODE: 0f8200020000 jb 0x77c4692f
Eax=340B2C0 Ebx=340B2B8 Ecx=3B Edx=162 Edi=33D0000 Esi=1E2 Ebp=303EB60 Esp=303E9E0 Eip=77C46729

ADDR: 77C46761 CODE: 0f841c010000 jz 0x77c46883
Eax=340B2C0 Ebx=340B2B8 Ecx=33D0270 Edx=340B2C0 Edi=33D0000 Esi=1E2 Ebp=303EB60 Esp=303E9E0 Eip=77C46761

ADDR: 77C46778 CODE: 730b jae 0x77c46785
Eax=1E2 Ebx=340B2B8 Ecx=33D0270 Edx=340B2C0 Edi=33D0000 Esi=80 Ebp=303EB60 Esp=303E9E0 Eip=77C46778

ADDR: 77C46778 CODE: 730b jae 0x77c46785
Eax=1E2 Ebx=340B2B8 Ecx=33D36A0 Edx=33D36A0 Edi=33D0000 Esi=800 Ebp=303EB60 Esp=303E9E0 Eip=77C46778

ADDR: 77C4680D CODE: 0f83db000000 jae 0x77c468ee
Eax=7FF Ebx=340B2B8 Ecx=33D36A0 Edx=162 Edi=33D0000 Esi=34172A0 Ebp=303EB60 Esp=303E9E0 Eip=77C4680D

ADDR: 77C46816 CODE: 0f84a3000000 jz 0x77c468bf
Eax=7FF Ebx=340B2B8 Ecx=33D36A0 Edx=162 Edi=33D0000 Esi=34172A0 Ebp=303EB60 Esp=303E9E0 Eip=77C46816

ADDR: 77C46829 CODE: 743c jz 0x77c46867
Eax=7FF Ebx=7CFB8CB4 Ecx=33D36A0 Edx=162 Edi=33D0000 Esi=34172A0 Ebp=303EB60 Esp=303E9E0 Eip=77C46829

ADDR: 77C46849 CODE: 7419 jz 0x77c46864
Eax=A Ebx=A000208 Ecx=A0A Edx=162 Edi=33D0000 Esi=34172A0 Ebp=303EB60 Esp=303E9E0 Eip=77C46849

ADDR: 77C46895 CODE: 7475 jz 0x77c4690c
Eax=34172A0 Ebx=340B2B8 Ecx=3421A60 Edx=FFFFFFFB Edi=33D0000 Esi=B Ebp=303EB60 Esp=303E9E0 Eip=77C46895

ADDR: 77C46ACC CODE: 7418 jz 0x77c46ae6
Eax=34172A0 Ebx=340B2B8 Ecx=3421A00 Edx=FFFFFFFB Edi=33D0000 Esi=1 Ebp=303EB60 Esp=303E9E0 Eip=77C46ACC

ADDR: 77C46B12 CODE: 7305 jae 0x77c46b19
Eax=8 Ebx=340B2B8 Ecx=15 Edx=1CD Edi=33D0000 Esi=1 Ebp=303EB60 Esp=303E9E0 Eip=77C46B12

ADDR: 77C46B27 CODE: 741e jz 0x77c46b47
Eax=8 Ebx=340B2B8 Ecx=15 Edx=1CD Edi=33D0000 Esi=1 Ebp=303EB60 Esp=303E9E0 Eip=77C46B27

ADDR: 77C46CA1 CODE: 741a jz 0x77c46cbd
Eax=0 Ebx=340B2B8 Ecx=15 Edx=1CD Edi=33D0000 Esi=1 Ebp=303EB60 Esp=303E9E0 Eip=77C46CA1

ADDR: 77C46D47 CODE: 0f845d050000 jz 0x77c472aa
Eax=FB Ebx=340B360 Ecx=100000 Edx=1CD Edi=33D0000 Esi=340C1C8 Ebp=303EB60 Esp=303E9E0 Eip=77C46D47

ADDR: 77C46D81 CODE: 0f8496020000 jz 0x77c4701d
Eax=33D00C0 Ebx=340B360 Ecx=100000 Edx=1CD Edi=33D0000 Esi=33D0270 Ebp=303EB60 Esp=303E9E0 Eip=77C46D81

ADDR: 77C46D8C CODE: 7304 jae 0x77c46d92
Eax=33D00C0 Ebx=340B360 Ecx=80 Edx=1CD Edi=33D0000 Esi=33D0270 Ebp=303EB60 Esp=303E9E0 Eip=77C46D8C

ADDR: 77C46D8C CODE: 7304 jae 0x77c46d92
Eax=33D36A0 Ebx=340B360 Ecx=800 Edx=1CD Edi=33D0000 Esi=33D36A0 Ebp=303EB60 Esp=303E9E0 Eip=77C46D8C

ADDR: 77C46DD5 CODE: 743b jz 0x77c46e12
Eax=3414058 Ebx=340B360 Ecx=3414060 Edx=68FB88A4 Edi=33D0000 Esi=33D36A0 Ebp=303EB60 Esp=303E9E0 Eip=77C46DD5

ADDR: 77C46DF8 CODE: 7418 jz 0x77c46e12
Eax=1E Ebx=340B360 Ecx=1E1E Edx=1E000618 Edi=33D0000 Esi=33D36A0 Ebp=303EB60 Esp=303E9E0 Eip=77C46DF8

ADDR: 77C46E22 CODE: 7e08 jle 0x77c46e2c
Eax=618 Ebx=340B360 Ecx=FFFFFBB5 Edx=1E000618 Edi=33D0000 Esi=33D36A0 Ebp=303EB60 Esp=303E9E0 Eip=77C46E22

ADDR: 77C46E43 CODE: 743b jz 0x77c46e80
Eax=34128C8 Ebx=340B360 Ecx=FFFFFBB5 Edx=74FB8EBE Edi=33D0000 Esi=33D36A0 Ebp=303EB60 Esp=303E9E0 Eip=77C46E43

ADDR: 77C46E66 CODE: 7418 jz 0x77c46e80
Eax=2 Ebx=340B360 Ecx=202 Edx=2000002 Edi=33D0000 Esi=33D36A0 Ebp=303EB60 Esp=303E9E0 Eip=77C46E66

ADDR: 77C46E90 CODE: 7f0a jg 0x77c46e9c
Eax=2 Ebx=340B360 Ecx=1CB Edx=2000002 Edi=33D0000 Esi=33D36A0 Ebp=303EB60 Esp=303E9E0 Eip=77C46E90

ADDR: 77C46F7D CODE: 7708 ja 0x77c46f87
Eax=3B Ebx=340B360 Ecx=0 Edx=A Edi=33D0000 Esi=33D36EC Ebp=303EB60 Esp=303E9E0 Eip=77C46F7D

ADDR: 77C46F7D CODE: 7708 ja 0x77c46f87
Eax=3B Ebx=340B360 Ecx=0 Edx=B Edi=33D0000 Esi=33D36F0 Ebp=303EB60 Esp=303E9E0 Eip=77C46F7D

ADDR: 77C46F92 CODE: 7422 jz 0x77c46fb6
Eax=3B Ebx=340B360 Ecx=100 Edx=C Edi=33D0000 Esi=33D36F4 Ebp=303EB60 Esp=303E9E0 Eip=77C46F92

ADDR: 77C46F99 CODE: 7409 jz 0x77c46fa4
Eax=0 Ebx=340B360 Ecx=100 Edx=C Edi=33D0000 Esi=33D36F4 Ebp=303EB60 Esp=303E9E0 Eip=77C46F99

ADDR: 77C46FED CODE: 7402 jz 0x77c46ff1
Eax=8 Ebx=340B360 Ecx=1 Edx=188 Edi=33D0000 Esi=33D36A0 Ebp=303EB60 Esp=303E9E0 Eip=77C46FED

ADDR: 77C46FF9 CODE: 740b jz 0x77c47006
Eax=33D37B4 Ebx=340B360 Ecx=34172A0 Edx=188 Edi=33D0000 Esi=33D36A0 Ebp=303EB60 Esp=303E9E0 Eip=77C46FF9

ADDR: 77C47024 CODE: 7435 jz 0x77c4705b
Eax=33D00C0 Ebx=340B360 Ecx=34172A0 Edx=188 Edi=33D0000 Esi=1CD Ebp=303EB60 Esp=303E9E0 Eip=77C47024

ADDR: 77C4702A CODE: 7413 jz 0x77c4703f
Eax=33D00C0 Ebx=340B360 Ecx=34172A0 Edx=188 Edi=33D0000 Esi=1CD Ebp=303EB60 Esp=303E9E0 Eip=77C4702A

ADDR: 77C47035 CODE: 740c jz 0x77c47043
Eax=33D00C0 Ebx=340B360 Ecx=34172A0 Edx=7CFB8CB4 Edi=33D0000 Esi=1CD Ebp=303EB60 Esp=303E9E0 Eip=77C47035

ADDR: 77C4704F CODE: 760a jbe 0x77c4705b
Eax=208 Ebx=340B360 Ecx=34172A0 Edx=A000208 Edi=33D0000 Esi=1CD Ebp=303EB60 Esp=303E9E0 Eip=77C4704F

ADDR: 77C47094 CODE: 0f84fc000000 jz 0x77c47196
Eax=1CD Ebx=340B360 Ecx=33D0270 Edx=3421A60 Edi=33D0000 Esi=34172A0 Ebp=303EB60 Esp=303E9E0 Eip=77C47094

ADDR: 77C470A5 CODE: 730a jae 0x77c470b1
Eax=1CD Ebx=340B360 Ecx=33D0270 Edx=3421A60 Edi=33D0000 Esi=80 Ebp=303EB60 Esp=303E9E0 Eip=77C470A5

ADDR: 77C470A5 CODE: 730a jae 0x77c470b1
Eax=1CD Ebx=340B360 Ecx=33D36A0 Edx=33D36A0 Edi=33D0000 Esi=800 Ebp=303EB60 Esp=303E9E0 Eip=77C470A5

ADDR: 77C470FF CODE: 7464 jz 0x77c47165
Eax=0 Ebx=340B360 Ecx=33D36A0 Edx=1CD Edi=33D0000 Esi=14D Ebp=303EB60 Esp=303E9E0 Eip=77C470FF

ADDR: 77C4719A CODE: 0f8497040000 jz 0x77c47637
Eax=33D36C4 Ebx=340B360 Ecx=D Edx=2000 Edi=33D0000 Esi=A Ebp=303EB60 Esp=303E9E0 Eip=77C4719A

ADDR: 77C46B7F CODE: 0f841c0b0000 jz 0x77c476a1
Eax=8 Ebx=340B2C0 Ecx=A8 Edx=340B2BF Edi=33D0000 Esi=A8 Ebp=303EB60 Esp=303E9E0 Eip=77C46B7F

ADDR: 77C46B89 CODE: 7413 jz 0x77c46b9e
Eax=8 Ebx=340B2C0 Ecx=A8 Edx=340B2BF Edi=33D0000 Esi=A8 Ebp=303EB60 Esp=303E9E0 Eip=77C46B89

ADDR: 77C46BA2 CODE: 0f84b7000000 jz 0x77c46c5f
Eax=76FB8EBC Ebx=340B2C0 Ecx=340B2B8 Edx=340B2BF Edi=33D0000 Esi=A8 Ebp=303EB60 Esp=303E9E0 Eip=77C46BA2

ADDR: 77C46BC7 CODE: 762c jbe 0x77c46bf5
Eax=76FB8EBC Ebx=340B2C0 Ecx=340B2B8 Edx=1 Edi=33D0000 Esi=A8 Ebp=303EB60 Esp=303E9E0 Eip=77C46BC7

ADDR: 77C46BE7 CODE: 7606 jbe 0x77c46bef
Eax=8B40 Ebx=340B2C0 Ecx=504C0 Edx=1 Edi=33D0000 Esi=A8 Ebp=303EB60 Esp=303E9E0 Eip=77C46BE7

ADDR: 77C46C05 CODE: 7249 jb 0x77c46c50
Eax=8B40 Ebx=340B2C0 Ecx=504C0 Edx=1 Edi=33D0000 Esi=A8 Ebp=303EB60 Esp=303E9E0 Eip=77C46C05

ADDR: 77C47B53 CODE: 746e jz 0x77c47bc3
Eax=FFFFFFFE Ebx=33D0258 Ecx=FFFFFFFF Edx=1 Edi=33D025C Esi=FFFFFFFE Ebp=303E9D4 Esp=303E9C0 Eip=77C47B53

ADDR: 77C46C63 CODE: 0f84150e0000 jz 0x77c47a7e
Eax=0 Ebx=340B2C0 Ecx=FFFFFFFF Edx=1 Edi=33D0000 Esi=A8 Ebp=303EB60 Esp=303E9E0 Eip=77C46C63

ADDR: 77C7B3CA CODE: 744f jz 0x77c7b41b
Eax=A0 Ebx=340B2C0 Ecx=340B2C0 Edx=A0 Edi=33D0000 Esi=A8 Ebp=303EB60 Esp=303E9D0 Eip=77C7B3CA

ADDR: 77C7B3D8 CODE: 7231 jb 0x77c7b40b
Eax=0 Ebx=340B2C0 Ecx=340B2C0 Edx=A0 Edi=340B2C0 Esi=A8 Ebp=303EB60 Esp=303E9CC Eip=77C7B3D8

ADDR: 77C7B3DF CODE: 740c jz 0x77c7b3ed
Eax=0 Ebx=340B2C0 Ecx=0 Edx=A0 Edi=340B2C0 Esi=A8 Ebp=303EB60 Esp=303E9CC Eip=77C7B3DF

ADDR: 77C7B403 CODE: 7406 jz 0x77c7b40b
Eax=0 Ebx=340B2C0 Ecx=28 Edx=0 Edi=340B2C0 Esi=A8 Ebp=303EB60 Esp=303E9CC Eip=77C7B403

ADDR: 77C7B409 CODE: 740a jz 0x77c7b415
Eax=0 Ebx=340B2C0 Ecx=0 Edx=0 Edi=340B360 Esi=A8 Ebp=303EB60 Esp=303E9CC Eip=77C7B409

ADDR: 77C47AAD CODE: 741e jz 0x77c47acd
Eax=340B2C0 Ebx=340B2C0 Ecx=0 Edx=0 Edi=33D0000 Esi=A8 Ebp=303EB60 Esp=303E9DC Eip=77C47AAD

ADDR: 77C47A91 CODE: 743b jz 0x77c47ace
Eax=0 Ebx=340B2C0 Ecx=0 Edx=0 Edi=33D0000 Esi=A8 Ebp=303EB60 Esp=303E9E0 Eip=77C47A91

ADDR: 77C47AD6 CODE: 741f jz 0x77c47af7
Eax=7FFE0388 Ebx=340B2C0 Ecx=0 Edx=0 Edi=33D0000 Esi=A8 Ebp=303EB60 Esp=303E9E0 Eip=77C47AD6

ADDR: 77C45D13 CODE: 7445 jz 0x77c45d5a
Eax=340B2C0 Ebx=33D0000 Ecx=EA68A05 Edx=0 Edi=340B2C0 Esi=A8 Ebp=303EBF0 Esp=303EB78 Eip=77C45D13

ADDR: 77C45D1D CODE: 0f8474000000 jz 0x77c45d97
Eax=340B2C0 Ebx=33D0000 Ecx=A0 Edx=0 Edi=340B2C0 Esi=A8 Ebp=303EBF0 Esp=303EB78 Eip=77C45D1D

ADDR: 77C45DA5 CODE: 7415 jz 0x77c45dbc
Eax=0 Ebx=33D0000 Ecx=8 Edx=0 Edi=340B2C0 Esi=A8 Ebp=303EBF0 Esp=303EB78 Eip=77C45DA5

ADDR: 77C45DC4 CODE: 0f8492000000 jz 0x77c45e5c
Eax=7FFE0380 Ebx=33D0000 Ecx=8 Edx=0 Edi=340B2C0 Esi=A8 Ebp=303EBF0 Esp=303EB78 Eip=77C45DC4

ADDR: 77C45E63 CODE: 743b jz 0x77c45ea0
Eax=0 Ebx=33D0000 Ecx=8 Edx=0 Edi=340B2C0 Esi=A8 Ebp=303EBF0 Esp=303EB78 Eip=77C45E63

ADDR: C84E88 CODE: 74c7 jz 0xc84e51
Eax=340B2C0 Ebx=0 Ecx=8 Edx=0 Edi=128 Esi=3421030 Ebp=303F918 Esp=303EC20 Eip=C84E88

ADDR: 77C44CFF CODE: 0f8426e60500 jz 0x77ca332b
Eax=33D0000 Ebx=0 Ecx=0 Edx=0 Edi=3421030 Esi=33D0000 Ebp=303EC0C Esp=303EC00 Eip=77C44CFF

ADDR: 77C44D11 CODE: 0f842be60500 jz 0x77ca3342
Eax=33D0000 Ebx=0 Ecx=33D0000 Edx=8 Edi=3421030 Esi=33D0000 Ebp=303EC0C Esp=303EC00 Eip=77C44D11

ADDR: 77C44E6C CODE: 760c jbe 0x77c44e7a
Eax=0 Ebx=33D0000 Ecx=8 Edx=8 Edi=8 Esi=33D0000 Ebp=303EBF0 Esp=303EB78 Eip=77C44E6C

ADDR: 77C44E9D CODE: 742b jz 0x77c44eca
Eax=0 Ebx=33D0000 Ecx=0 Edx=0 Edi=8 Esi=33D0000 Ebp=303EBF0 Esp=303EB78 Eip=77C44E9D

ADDR: 77C44ED5 CODE: 7445 jz 0x77c44f1c
Eax=0 Ebx=33D0000 Ecx=8 Edx=0 Edi=8 Esi=0 Ebp=303EBF0 Esp=303EB78 Eip=77C44ED5

ADDR: 77C44F4B CODE: 0f87f5090000 ja 0x77c45946
Eax=8 Ebx=33D0000 Ecx=8 Edx=2 Edi=8 Esi=10 Ebp=303EBF0 Esp=303EB78 Eip=77C44F4B

ADDR: 77C44F6F CODE: 0f84ce090000 jz 0x77c45943
Eax=4 Ebx=33D0000 Ecx=2 Edx=FC Edi=8 Esi=10 Ebp=303EBF0 Esp=303EB78 Eip=77C44F6F

ADDR: 77C44FAE CODE: 744c jz 0x77c44ffc
Eax=33D2600 Ebx=31601C0 Ecx=0 Edx=3160000 Edi=8 Esi=10 Ebp=303EBF0 Esp=303EB78 Eip=77C44FAE

ADDR: 77C45057 CODE: 0f84bb010000 jz 0x77c45218
Eax=33D5D70 Ebx=31601C0 Ecx=3160A98 Edx=3160000 Edi=8 Esi=10 Ebp=303EBF0 Esp=303EB78 Eip=77C45057

ADDR: 77C45077 CODE: 797c jns 0x77c450f5
Eax=0 Ebx=33D5D80 Ecx=31607D0 Edx=3160000 Edi=3160000 Esi=10 Ebp=303EBF0 Esp=303EB78 Eip=77C45077

ADDR: 77C45118 CODE: 0f84c7000000 jz 0x77c451e5
Eax=0 Ebx=33D5D80 Ecx=31607D0 Edx=0 Edi=64 Esi=1F Ebp=303EBF0 Esp=303EB78 Eip=77C45118

ADDR: 77C4512E CODE: 740a jz 0x77c4513a
Eax=1F Ebx=33D5D80 Ecx=8000001F Edx=0 Edi=64 Esi=1F Ebp=303EBF0 Esp=303EB78 Eip=77C4512E

ADDR: 77C4513D CODE: 0f84a2000000 jz 0x77c451e5
Eax=1F Ebx=33D5D80 Ecx=8000001F Edx=0 Edi=64 Esi=1F Ebp=303EBF0 Esp=303EB78 Eip=77C4513D

ADDR: 77C4514E CODE: 0f848f000000 jz 0x77c451e3
Eax=3409F58 Ebx=33D5D80 Ecx=33D5D70 Edx=0 Edi=64 Esi=1F Ebp=303EBF0 Esp=303EB78 Eip=77C4514E

ADDR: 77C45162 CODE: 747f jz 0x77c451e3
Eax=3160A98 Ebx=33D5D80 Ecx=33D5D70 Edx=0 Edi=64 Esi=1F Ebp=303EBF0 Esp=303EB78 Eip=77C45162

ADDR: 77C65F14 CODE: 741a jz 0x77c65f30
Eax=E0 Ebx=33D5D80 Ecx=A8 Edx=E0A8 Edi=A8 Esi=2E98000 Ebp=303EB70 Esp=303EB64 Eip=77C65F14

ADDR: 77C9545A CODE: 730d jae 0x77c95469
Eax=3409F6C Ebx=33D5D80 Ecx=3409F74 Edx=0 Edi=FFFFFFFF Esi=3D Ebp=303EB68 Esp=303EB58 Eip=77C9545A

ADDR: 77C954A7 CODE: 7313 jae 0x77c954bc
Eax=3409F78 Ebx=FFFFFFDE Ecx=20 Edx=3409F74 Edi=FFFFFFFF Esi=0 Ebp=303EB68 Esp=303EB58 Eip=77C954A7

ADDR: 77C451C3 CODE: 7422 jz 0x77c451e7
Eax=3409F58 Ebx=33D5D80 Ecx=100028 Edx=3409F58 Edi=0 Esi=3409F80 Ebp=303EBF0 Esp=303EB78 Eip=77C451C3

ADDR: 77C451EB CODE: 7420 jz 0x77c4520d
Eax=3409F58 Ebx=33D5D80 Ecx=100028 Edx=3409F58 Edi=0 Esi=3409F80 Ebp=303EBF0 Esp=303EB78 Eip=77C451EB

ADDR: 77C45CAD CODE: 7412 jz 0x77c45cc1
Eax=3409F58 Ebx=33D5D80 Ecx=100028 Edx=3409F58 Edi=3409F88 Esi=3409F80 Ebp=303EBF0 Esp=303EB78 Eip=77C45CAD

ADDR: 77C7B3CA CODE: 744f jz 0x77c7b41b
Eax=8 Ebx=33D5D80 Ecx=3409F88 Edx=8 Edi=3409F88 Esi=3409F80 Ebp=303EBF0 Esp=303EB68 Eip=77C7B3CA

ADDR: 77C7B3D8 CODE: 7231 jb 0x77c7b40b
Eax=0 Ebx=33D5D80 Ecx=3409F88 Edx=8 Edi=3409F88 Esi=3409F80 Ebp=303EBF0 Esp=303EB64 Eip=77C7B3D8

ADDR: 77C7B3DF CODE: 740c jz 0x77c7b3ed
Eax=0 Ebx=33D5D80 Ecx=0 Edx=8 Edi=3409F88 Esi=3409F80 Ebp=303EBF0 Esp=303EB64 Eip=77C7B3DF

ADDR: 77C7B403 CODE: 7406 jz 0x77c7b40b
Eax=0 Ebx=33D5D80 Ecx=2 Edx=0 Edi=3409F88 Esi=3409F80 Ebp=303EBF0 Esp=303EB64 Eip=77C7B403

ADDR: 77C7B409 CODE: 740a jz 0x77c7b415
Eax=0 Ebx=33D5D80 Ecx=0 Edx=0 Edi=3409F90 Esi=3409F80 Ebp=303EBF0 Esp=303EB64 Eip=77C7B409

ADDR: 77C45CD2 CODE: 7308 jae 0x77c45cdc
Eax=2 Ebx=33D5D80 Ecx=8 Edx=8 Edi=3409F88 Esi=3409F80 Ebp=303EBF0 Esp=303EB78 Eip=77C45CD2

ADDR: 77C45D1D CODE: 0f8474000000 jz 0x77c45d97
Eax=2 Ebx=33D0000 Ecx=8 Edx=0 Edi=3409F88 Esi=3409F80 Ebp=303EBF0 Esp=303EB78 Eip=77C45D1D

ADDR: 77C45DA5 CODE: 7415 jz 0x77c45dbc
Eax=0 Ebx=33D0000 Ecx=8 Edx=0 Edi=3409F88 Esi=3409F80 Ebp=303EBF0 Esp=303EB78 Eip=77C45DA5

ADDR: 77C45DC4 CODE: 0f8492000000 jz 0x77c45e5c
Eax=7FFE0380 Ebx=33D0000 Ecx=8 Edx=0 Edi=3409F88 Esi=3409F80 Ebp=303EBF0 Esp=303EB78 Eip=77C45DC4

ADDR: 77C45E63 CODE: 743b jz 0x77c45ea0
Eax=0 Ebx=33D0000 Ecx=8 Edx=0 Edi=3409F88 Esi=3409F80 Ebp=303EBF0 Esp=303EB78 Eip=77C45E63

ADDR: 77C47C5F CODE: 743d jz 0x77c47c9e
Eax=33D0000 Ebx=0 Ecx=C81ECB17 Edx=3409F88 Edi=34249C8 Esi=0 Ebp=303EC0C Esp=303EC00 Eip=77C47C5F

ADDR: 77C47C66 CODE: 0f8460b70500 jz 0x77ca33cc
Eax=33D0000 Ebx=0 Ecx=C81ECB17 Edx=3409F88 Edi=34249C8 Esi=33D0000 Ebp=303EC0C Esp=303EC00 Eip=77C47C66

ADDR: 77C47C77 CODE: 0f8465b70500 jz 0x77ca33e2
Eax=33D0000 Ebx=0 Ecx=33D0000 Edx=34249C8 Edi=34249C8 Esi=33D0000 Ebp=303EC0C Esp=303EC00 Eip=77C47C77

ADDR: 77C8E4E4 CODE: 7409 jz 0x77c8e4ef
Eax=0 Ebx=0 Ecx=33D0000 Edx=34249C8 Edi=0 Esi=33D0000 Ebp=303EBEC Esp=303EBA0 Eip=77C8E4E4

ADDR: 77C8E68F CODE: 0f8ddb040000 jge 0x77c8eb70
Eax=0 Ebx=0 Ecx=33D0000 Edx=34249C8 Edi=34249C0 Esi=33D0000 Ebp=303EBEC Esp=303EBA0 Eip=77C8E68F

ADDR: 77C47DB3 CODE: 7435 jz 0x77c47dea
Eax=34249C0 Ebx=0 Ecx=33D0000 Edx=2 Edi=33D0000 Esi=33D0000 Ebp=303EB90 Esp=303EA68 Eip=77C47DB3

ADDR: 77C47DFA CODE: 7415 jz 0x77c47e11
Eax=0 Ebx=0 Ecx=33D0000 Edx=2 Edi=33D0000 Esi=3 Ebp=303EB90 Esp=303EA68 Eip=77C47DFA

ADDR: 77C47E19 CODE: 7439 jz 0x77c47e54
Eax=7FFE0380 Ebx=0 Ecx=33D0000 Edx=2 Edi=33D0000 Esi=3 Ebp=303EB90 Esp=303EA68 Eip=77C47E19

ADDR: 77C47E7C CODE: 731f jae 0x77c47e9d
Eax=33D025C Ebx=34249C0 Ecx=33D0258 Edx=2E98000 Edi=33D0000 Esi=3 Ebp=303EB90 Esp=303EA68 Eip=77C47E7C

ADDR: 77C47F2F CODE: 741c jz 0x77c47f4d
Eax=7F38 Ebx=34249C0 Ecx=33D0258 Edx=2E98000 Edi=33D0000 Esi=3 Ebp=303EB90 Esp=303EA68 Eip=77C47F2F

ADDR: 77C47F41 CODE: 740a jz 0x77c47f4d
Eax=76FB8E27 Ebx=34249C0 Ecx=33D0258 Edx=2E98000 Edi=33D0000 Esi=3 Ebp=303EB90 Esp=303EA68 Eip=77C47F41

ADDR: 77C47F5B CODE: 7304 jae 0x77c47f61
Eax=33D0270 Ebx=34249C0 Ecx=26 Edx=2E98000 Edi=33D0000 Esi=80 Ebp=303EB90 Esp=303EA68 Eip=77C47F5B

ADDR: 77C47F6C CODE: 731d jae 0x77c47f8b
Eax=33D0270 Ebx=34249C0 Ecx=26 Edx=26 Edi=33D0000 Esi=80 Ebp=303EB90 Esp=303EA68 Eip=77C47F6C

ADDR: 77C47F79 CODE: 7402 jz 0x77c47f7d
Eax=33D0270 Ebx=34249C0 Ecx=26 Edx=26 Edi=33D0000 Esi=80 Ebp=303EB90 Esp=303EA68 Eip=77C47F79

ADDR: 77C47FC4 CODE: 7404 jz 0x77c47fca
Eax=33D0301 Ebx=34249C0 Ecx=26 Edx=26 Edi=33D0000 Esi=34249C2 Ebp=303EB90 Esp=303EA68 Eip=77C47FC4

ADDR: 77C47FCE CODE: 0f84db0e0000 jz 0x77c48eaf
Eax=33D0301 Ebx=34249C0 Ecx=26 Edx=26 Edi=33D0000 Esi=34249C2 Ebp=303EB90 Esp=303EA68 Eip=77C47FCE

ADDR: 77C47FDE CODE: 7335 jae 0x77c48015
Eax=26 Ebx=34249C0 Ecx=26 Edx=26 Edi=33D0000 Esi=34249C2 Ebp=303EB90 Esp=303EA68 Eip=77C47FDE

ADDR: 77C4800F CODE: 7604 jbe 0x77c48015
Eax=C6 Ebx=34249C0 Ecx=33D26DC Edx=0 Edi=33D0000 Esi=34249C2 Ebp=303EB90 Esp=303EA68 Eip=77C4800F

ADDR: 77C48098 CODE: 0f8402030000 jz 0x77c483a0
Eax=145C Ebx=34249C0 Ecx=128 Edx=26 Edi=33D0000 Esi=3424898 Ebp=303EB90 Esp=303EA68 Eip=77C48098

ADDR: 77C483AA CODE: 7447 jz 0x77c483f3
Eax=FB Ebx=34249C0 Ecx=100000 Edx=26 Edi=33D0000 Esi=3424AF0 Ebp=303EB90 Esp=303EA68 Eip=77C483AA

ADDR: 77C483D2 CODE: 741c jz 0x77c483f0
Eax=9A0004 Ebx=34249C0 Ecx=9A9A Edx=9A Edi=33D0000 Esi=3424AF0 Ebp=303EB90 Esp=303EA68 Eip=77C483D2

ADDR: 77C4840F CODE: 7426 jz 0x77c48437
Eax=FA Ebx=34249C0 Ecx=100000 Edx=26 Edi=33D0000 Esi=3424AF0 Ebp=303EB90 Esp=303EA68 Eip=77C4840F

ADDR: 77C4842B CODE: 740a jz 0x77c48437
Eax=9A0004 Ebx=34249C0 Ecx=9A9A Edx=9A Edi=33D0000 Esi=3424AF0 Ebp=303EB90 Esp=303EA68 Eip=77C4842B

ADDR: 77C4843B CODE: 0f8463010000 jz 0x77c485a4
Eax=9A0004 Ebx=34249C0 Ecx=9A9A Edx=9A Edi=33D0000 Esi=3424AF0 Ebp=303EB90 Esp=303EA68 Eip=77C4843B

ADDR: 77C485DB CODE: 0f840c010000 jz 0x77c486ed
Eax=49E Ebx=34249C0 Ecx=33D0270 Edx=3424AF8 Edi=33D0000 Esi=3424AF0 Ebp=303EB90 Esp=303EA68 Eip=77C485DB

ADDR: 77C485EF CODE: 7308 jae 0x77c485f9
Eax=49E Ebx=34249C0 Ecx=33D0270 Edx=3424AF8 Edi=33D0000 Esi=80 Ebp=303EB90 Esp=303EA68 Eip=77C485EF

ADDR: 77C485EF CODE: 7308 jae 0x77c485f9
Eax=49E Ebx=34249C0 Ecx=33D36A0 Edx=3424AF8 Edi=33D0000 Esi=800 Ebp=303EB90 Esp=303EA68 Eip=77C485EF

ADDR: 77C48674 CODE: 0f83d7000000 jae 0x77c48751
Eax=7FF Ebx=34249C0 Ecx=33D36A0 Edx=41E Edi=33D0000 Esi=3414060 Ebp=303EB90 Esp=303EA68 Eip=77C48674

ADDR: 77C4867D CODE: 0f849f000000 jz 0x77c48722
Eax=7FF Ebx=34249C0 Ecx=33D36A0 Edx=41E Edi=33D0000 Esi=3414060 Ebp=303EB90 Esp=303EA68 Eip=77C4867D

ADDR: 77C48690 CODE: 743f jz 0x77c486d1
Eax=7FF Ebx=34249C0 Ecx=33D36A0 Edx=68FB88A4 Edi=33D0000 Esi=3414060 Ebp=303EB90 Esp=303EA68 Eip=77C48690

ADDR: 77C486B3 CODE: 7419 jz 0x77c486ce
Eax=1E Ebx=34249C0 Ecx=1E1E Edx=1E000618 Edi=33D0000 Esi=3414060 Ebp=303EB90 Esp=303EA68 Eip=77C486B3

ADDR: 77C486FC CODE: 7474 jz 0x77c48772
Eax=3414060 Ebx=34249C0 Ecx=340D978 Edx=BFFFFFFF Edi=33D0000 Esi=3424AF0 Ebp=303EB90 Esp=303EA68 Eip=77C486FC

ADDR: 77C48778 CODE: 0f84ba000000 jz 0x77c48838
Eax=3414060 Ebx=34249C0 Ecx=340D900 Edx=BFFFFFFF Edi=33D0000 Esi=3424AF0 Ebp=303EB90 Esp=303EA68 Eip=77C48778

ADDR: 77C48866 CODE: 7234 jb 0x77c4889c
Eax=10BD Ebx=34249C0 Ecx=4C4 Edx=4C4 Edi=33D0000 Esi=3424AF0 Ebp=303EB90 Esp=303EA68 Eip=77C48866

ADDR: 77C488A4 CODE: 7629 jbe 0x77c488cf
Eax=118E Ebx=34249C0 Ecx=4C4 Edx=4C4 Edi=33D0000 Esi=3424AF0 Ebp=303EB90 Esp=303EA68 Eip=77C488A4

ADDR: 77C488D5 CODE: 0f8750050000 ja 0x77c48e2b
Eax=118E Ebx=34249C0 Ecx=4C4 Edx=4C4 Edi=33D0000 Esi=3424AF0 Ebp=303EB90 Esp=303EA68 Eip=77C488D5

ADDR: 77C488DF CODE: 0f844d040000 jz 0x77c48d32
Eax=118E Ebx=34249C0 Ecx=4C4 Edx=4C4 Edi=33D0000 Esi=3424AF0 Ebp=303EB90 Esp=303EA68 Eip=77C488DF

ADDR: 77C48904 CODE: 0f8489020000 jz 0x77c48b93
Eax=4C4 Ebx=34249C0 Ecx=4C4 Edx=33D00C0 Edi=33D0000 Esi=33D0270 Ebp=303EB90 Esp=303EA68 Eip=77C48904

ADDR: 77C48915 CODE: 720d jb 0x77c48924
Eax=4C4 Ebx=34249C0 Ecx=80 Edx=33D00C0 Edi=33D0000 Esi=33D0270 Ebp=303EB90 Esp=303EA68 Eip=77C48915

ADDR: 77C48915 CODE: 720d jb 0x77c48924
Eax=4C4 Ebx=34249C0 Ecx=800 Edx=33D00C0 Edi=33D0000 Esi=33D36A0 Ebp=303EB90 Esp=303EA68 Eip=77C48915

ADDR: 77C48963 CODE: 7438 jz 0x77c4899d
Eax=3414058 Ebx=68FB88A4 Ecx=800 Edx=33D00C0 Edi=33D0000 Esi=33D36A0 Ebp=303EB90 Esp=303EA68 Eip=77C48963

ADDR: 77C48983 CODE: 7418 jz 0x77c4899d
Eax=1E Ebx=1E000618 Ecx=1E1E Edx=33D00C0 Edi=33D0000 Esi=33D36A0 Ebp=303EB90 Esp=303EA68 Eip=77C48983

ADDR: 77C489AD CODE: 7e07 jle 0x77c489b6
Eax=618 Ebx=1E000618 Ecx=FFFFFEAC Edx=33D00C0 Edi=33D0000 Esi=33D36A0 Ebp=303EB90 Esp=303EA68 Eip=77C489AD

ADDR: 77C489CA CODE: 7438 jz 0x77c48a04
Eax=34128C8 Ebx=74FB8EBE Ecx=FFFFFEAC Edx=33D00C0 Edi=33D0000 Esi=33D36A0 Ebp=303EB90 Esp=303EA68 Eip=77C489CA

ADDR: 77C489EA CODE: 7418 jz 0x77c48a04
Eax=2 Ebx=2000002 Ecx=202 Edx=33D00C0 Edi=33D0000 Esi=33D36A0 Ebp=303EB90 Esp=303EA68 Eip=77C489EA

ADDR: 77C48A14 CODE: 7f07 jg 0x77c48a1d
Eax=2 Ebx=2000002 Ecx=4C2 Edx=33D00C0 Edi=33D0000 Esi=33D36A0 Ebp=303EB90 Esp=303EA68 Eip=77C48A14

ADDR: 77C48AF4 CODE: 7708 ja 0x77c48afe
Eax=33D374C Ebx=0 Ecx=3B Edx=22 Edi=33D0000 Esi=33D36A0 Ebp=303EB90 Esp=303EA68 Eip=77C48AF4

ADDR: 77C48AF4 CODE: 7708 ja 0x77c48afe
Eax=33D3750 Ebx=0 Ecx=3B Edx=23 Edi=33D0000 Esi=33D36A0 Ebp=303EB90 Esp=303EA68 Eip=77C48AF4

ADDR: 77C48AF4 CODE: 7708 ja 0x77c48afe
Eax=33D3754 Ebx=0 Ecx=3B Edx=24 Edi=33D0000 Esi=33D36A0 Ebp=303EB90 Esp=303EA68 Eip=77C48AF4

ADDR: 77C48AF4 CODE: 7708 ja 0x77c48afe
Eax=33D3758 Ebx=0 Ecx=3B Edx=25 Edi=33D0000 Esi=33D36A0 Ebp=303EB90 Esp=303EA68 Eip=77C48AF4

ADDR: 77C48AF4 CODE: 7708 ja 0x77c48afe
Eax=33D375C Ebx=0 Ecx=3B Edx=26 Edi=33D0000 Esi=33D36A0 Ebp=303EB90 Esp=303EA68 Eip=77C48AF4

ADDR: 77C48AF4 CODE: 7708 ja 0x77c48afe
Eax=33D3760 Ebx=0 Ecx=3B Edx=27 Edi=33D0000 Esi=33D36A0 Ebp=303EB90 Esp=303EA68 Eip=77C48AF4

ADDR: 77C48AF4 CODE: 7708 ja 0x77c48afe
Eax=33D3764 Ebx=0 Ecx=3B Edx=28 Edi=33D0000 Esi=33D36A0 Ebp=303EB90 Esp=303EA68 Eip=77C48AF4

ADDR: 77C48AF4 CODE: 7708 ja 0x77c48afe
Eax=33D3768 Ebx=0 Ecx=3B Edx=29 Edi=33D0000 Esi=33D36A0 Ebp=303EB90 Esp=303EA68 Eip=77C48AF4

ADDR: 77C48AF4 CODE: 7708 ja 0x77c48afe
Eax=33D376C Ebx=0 Ecx=3B Edx=2A Edi=33D0000 Esi=33D36A0 Ebp=303EB90 Esp=303EA68 Eip=77C48AF4

ADDR: 77C48AF4 CODE: 7708 ja 0x77c48afe
Eax=33D3770 Ebx=0 Ecx=3B Edx=2B Edi=33D0000 Esi=33D36A0 Ebp=303EB90 Esp=303EA68 Eip=77C48AF4

ADDR: 77C48B05 CODE: 7422 jz 0x77c48b29
Eax=33D3774 Ebx=1000000 Ecx=3B Edx=2C Edi=33D0000 Esi=33D36A0 Ebp=303EB90 Esp=303EA68 Eip=77C48B05

ADDR: 77C48B33 CODE: 740c jz 0x77c48b41
Eax=0 Ebx=1000000 Ecx=3B Edx=2C Edi=33D0000 Esi=33D36A0 Ebp=303EB90 Esp=303EA68 Eip=77C48B33

ADDR: 77C48B5D CODE: 7402 jz 0x77c48b61
Eax=18 Ebx=1 Ecx=3B Edx=598 Edi=33D0000 Esi=33D36A0 Ebp=303EB90 Esp=303EA68 Eip=77C48B5D

ADDR: 77C48B6C CODE: 740b jz 0x77c48b79
Eax=33D37B4 Ebx=34249C0 Ecx=3414060 Edx=598 Edi=33D0000 Esi=33D36A0 Ebp=303EB90 Esp=303EA68 Eip=77C48B6C

ADDR: 77C48B9A CODE: 7439 jz 0x77c48bd5
Eax=33D37B4 Ebx=34249C0 Ecx=3414060 Edx=33D00C0 Edi=33D0000 Esi=4C4 Ebp=303EB90 Esp=303EA68 Eip=77C48B9A

ADDR: 77C48BA0 CODE: 741a jz 0x77c48bbc
Eax=33D37B4 Ebx=34249C0 Ecx=3414060 Edx=33D00C0 Edi=33D0000 Esi=4C4 Ebp=303EB90 Esp=303EA68 Eip=77C48BA0

ADDR: 77C48BAB CODE: 7406 jz 0x77c48bb3
Eax=33D37B4 Ebx=34249C0 Ecx=3414060 Edx=68FB88A4 Edi=33D0000 Esi=4C4 Ebp=303EB90 Esp=303EA68 Eip=77C48BAB

ADDR: 77C48BC9 CODE: 760a jbe 0x77c48bd5
Eax=618 Ebx=34249C0 Ecx=3414060 Edx=1E000618 Edi=33D0000 Esi=4C4 Ebp=303EB90 Esp=303EA68 Eip=77C48BC9

ADDR: 77C48C11 CODE: 0f84f2000000 jz 0x77c48d09
Eax=4C4 Ebx=34249C0 Ecx=33D0270 Edx=340D978 Edi=33D0000 Esi=3414060 Ebp=303EB90 Esp=303EA68 Eip=77C48C11

ADDR: 77C48C25 CODE: 7306 jae 0x77c48c2d
Eax=80 Ebx=34249C0 Ecx=33D0270 Edx=340D978 Edi=33D0000 Esi=4C4 Ebp=303EB90 Esp=303EA68 Eip=77C48C25

ADDR: 77C48C25 CODE: 7306 jae 0x77c48c2d
Eax=800 Ebx=34249C0 Ecx=33D36A0 Edx=33D36A0 Edi=33D0000 Esi=4C4 Ebp=303EB90 Esp=303EA68 Eip=77C48C25

ADDR: 77C48C78 CODE: 745f jz 0x77c48cd9
Eax=0 Ebx=34249C0 Ecx=33D36A0 Edx=444 Edi=33D0000 Esi=4C4 Ebp=303EB90 Esp=303EA68 Eip=77C48C78

ADDR: 77C48D0D CODE: 0f8422010000 jz 0x77c48e35
Eax=33D36C4 Ebx=34249C0 Ecx=4 Edx=10 Edi=33D0000 Esi=22 Ebp=303EB90 Esp=303EA68 Eip=77C48D0D

ADDR: 77C48E3A CODE: 7469 jz 0x77c48ea5
Eax=76FB8EBC Ebx=34249C0 Ecx=4 Edx=10 Edi=33D0000 Esi=22 Ebp=303EB90 Esp=303EA68 Eip=77C48E3A

ADDR: 77C490B5 CODE: 7416 jz 0x77c490cd
Eax=76FB8EBC Ebx=34249C0 Ecx=4 Edx=10 Edi=33D0000 Esi=0 Ebp=303EB90 Esp=303EA64 Eip=77C490B5

ADDR: 77C490D1 CODE: 0f84ba000000 jz 0x77c49191
Eax=76FB8EBC Ebx=34249C0 Ecx=4 Edx=10 Edi=33D0000 Esi=0 Ebp=303EB90 Esp=303EA64 Eip=77C490D1

ADDR: 77C490F6 CODE: 762c jbe 0x77c49124
Eax=76FB8EBC Ebx=34249C0 Ecx=4 Edx=1 Edi=33D0000 Esi=0 Ebp=303EB90 Esp=303EA64 Eip=77C490F6

ADDR: 77C49134 CODE: 7250 jb 0x77c49186
Eax=76FB8EBC Ebx=34249C0 Ecx=4 Edx=1 Edi=33D0000 Esi=0 Ebp=303EB90 Esp=303EA64 Eip=77C49134

ADDR: 77C47B53 CODE: 746e jz 0x77c47bc3
Eax=FFFFFFFE Ebx=33D0258 Ecx=FFFFFFFF Edx=1 Edi=33D025C Esi=FFFFFFFE Ebp=303EA58 Esp=303EA44 Eip=77C47B53

ADDR: 77C8EB89 CODE: 7436 jz 0x77c8ebc1
Eax=1 Ebx=0 Ecx=EA68AF5 Edx=1 Edi=34249C0 Esi=33D0000 Ebp=303EBEC Esp=303EBA0 Eip=77C8EB89

ADDR: 77C8EB90 CODE: 7405 jz 0x77c8eb97
Eax=0 Ebx=0 Ecx=EA68AF5 Edx=1 Edi=34249C0 Esi=33D0000 Ebp=303EBEC Esp=303EBA0 Eip=77C8EB90

ADDR: 77C8EB9C CODE: 7402 jz 0x77c8eba0
Eax=0 Ebx=0 Ecx=EA68AF5 Edx=1 Edi=34249C0 Esi=33D0000 Ebp=303EBEC Esp=303EBA0 Eip=77C8EB9C

ADDR: 77C8EBA9 CODE: 7413 jz 0x77c8ebbe
Eax=0 Ebx=0 Ecx=33D0000 Edx=33D0000 Edi=34249C0 Esi=33D0000 Ebp=303EBEC Esp=303EBA0 Eip=77C8EBA9

ADDR: C84F6F CODE: 746c jz 0xc84fdd
Eax=0 Ebx=0 Ecx=33D0000 Edx=33D0000 Edi=3421030 Esi=0 Ebp=303F918 Esp=303EC20 Eip=C84F6F

ADDR: C84FE9 CODE: 7c70 jl 0xc8505b
Eax=0 Ebx=0 Ecx=33D0000 Edx=33D0000 Edi=3421030 Esi=10000000 Ebp=303F918 Esp=303EC20 Eip=C84FE9

ADDR: C84FF9 CODE: 0f827f130000 jb 0xc8637e
Eax=12C Ebx=0 Ecx=A0 Edx=33D0000 Edi=3421030 Esi=8 Ebp=303F918 Esp=303EC20 Eip=C84FF9

ADDR: C85004 CODE: 0f8274130000 jb 0xc8637e
Eax=12C Ebx=0 Ecx=A0 Edx=130 Edi=3421030 Esi=8 Ebp=303F918 Esp=303EC20 Eip=C85004

ADDR: C8500E CODE: 0f826a130000 jb 0xc8637e
Eax=12C Ebx=0 Ecx=1D0 Edx=130 Edi=3421030 Esi=8 Ebp=303F918 Esp=303EC20 Eip=C8500E

ADDR: C85019 CODE: 0f825f130000 jb 0xc8637e
Eax=1D4 Ebx=0 Ecx=1D0 Edx=130 Edi=3421030 Esi=8 Ebp=303F918 Esp=303EC20 Eip=C85019

ADDR: C8502A CODE: 0f824e130000 jb 0xc8637e
Eax=1D4 Ebx=0 Ecx=1DC Edx=130 Edi=3421030 Esi=8 Ebp=303F918 Esp=303EC20 Eip=C8502A

ADDR: 77C44CFF CODE: 0f8426e60500 jz 0x77ca332b
Eax=33D0000 Ebx=0 Ecx=1DC Edx=130 Edi=3421030 Esi=33D0000 Ebp=303EC0C Esp=303EC00 Eip=77C44CFF

ADDR: 77C44D11 CODE: 0f842be60500 jz 0x77ca3342
Eax=33D0000 Ebx=0 Ecx=33D0000 Edx=1DC Edi=3421030 Esi=33D0000 Ebp=303EC0C Esp=303EC00 Eip=77C44D11

ADDR: 77C44E6C CODE: 760c jbe 0x77c44e7a
Eax=0 Ebx=33D0000 Ecx=8 Edx=1DC Edi=1DC Esi=33D0000 Ebp=303EBF0 Esp=303EB78 Eip=77C44E6C

ADDR: 77C44E9D CODE: 742b jz 0x77c44eca
Eax=0 Ebx=33D0000 Ecx=0 Edx=0 Edi=1DC Esi=33D0000 Ebp=303EBF0 Esp=303EB78 Eip=77C44E9D

ADDR: 77C44ED5 CODE: 7445 jz 0x77c44f1c
Eax=0 Ebx=33D0000 Ecx=8 Edx=0 Edi=1DC Esi=0 Ebp=303EBF0 Esp=303EB78 Eip=77C44ED5

ADDR: 77C44F4B CODE: 0f87f5090000 ja 0x77c45946
Eax=1DC Ebx=33D0000 Ecx=8 Edx=3D Edi=1DC Esi=1E8 Ebp=303EBF0 Esp=303EB78 Eip=77C44F4B

ADDR: 77C44F6F CODE: 0f84ce090000 jz 0x77c45943
Eax=20 Ebx=33D0000 Ecx=5 Edx=0 Edi=1DC Esi=1E8 Ebp=303EBF0 Esp=303EB78 Eip=77C44F6F

ADDR: 77C4594F CODE: 7211 jb 0x77c45962
Eax=33D0270 Ebx=33D0000 Ecx=5 Edx=3D Edi=1DC Esi=1E8 Ebp=303EBF0 Esp=303EB78 Eip=77C4594F

ADDR: 77C45967 CODE: 0f838c030000 jae 0x77c45cf9
Eax=33D0270 Ebx=33D0000 Ecx=3D Edx=3D Edi=1DC Esi=1E8 Ebp=303EBF0 Esp=303EB78 Eip=77C45967

ADDR: 77C4597C CODE: 7402 jz 0x77c45980
Eax=33D0270 Ebx=33D0000 Ecx=3D Edx=3D Edi=1DC Esi=1E8 Ebp=303EBF0 Esp=303EB78 Eip=77C4597C

ADDR: 77C45F44 CODE: 7329 jae 0x77c45f6f
Eax=303EB50 Ebx=A Ecx=33D0000 Edx=A Edi=33D0000 Esi=3D Ebp=303EB60 Esp=303E9E0 Eip=77C45F44

ADDR: 77C45F53 CODE: 730c jae 0x77c45f61
Eax=303EB50 Ebx=A Ecx=33D0001 Edx=3D Edi=33D0000 Esi=3D Ebp=303EB60 Esp=303E9E0 Eip=77C45F53

ADDR: 77C46022 CODE: 7415 jz 0x77c46039
Eax=303EBC0 Ebx=0 Ecx=33D0001 Edx=3D Edi=33D0000 Esi=3D Ebp=303EB60 Esp=303E9E0 Eip=77C46022

ADDR: 77C63F37 CODE: 7316 jae 0x77c63f4f
Eax=33D0258 Ebx=0 Ecx=33D025C Edx=2E98000 Edi=33D0000 Esi=3D Ebp=303E9D4 Esp=303E9D4 Eip=77C63F37

ADDR: 77C460CB CODE: 7407 jz 0x77c460d4
Eax=1 Ebx=0 Ecx=7F38 Edx=2E98000 Edi=33D0000 Esi=3D Ebp=303EB60 Esp=303E9E0 Eip=77C460CB

ADDR: 77C460DA CODE: 0f8739170000 ja 0x77c47819
Eax=1 Ebx=0 Ecx=7F38 Edx=3D Edi=33D0000 Esi=3D Ebp=303EB60 Esp=303E9E0 Eip=77C460DA

ADDR: 77C460F4 CODE: 723a jb 0x77c46130
Eax=1DC Ebx=0 Ecx=7F38 Edx=3D Edi=33D0000 Esi=3D Ebp=303EB60 Esp=303E9E0 Eip=77C460F4

ADDR: 77C46136 CODE: 0f87d5000000 ja 0x77c46211
Eax=1DC Ebx=0 Ecx=7F38 Edx=3D Edi=33D0000 Esi=3D Ebp=303EB60 Esp=303E9E0 Eip=77C46136

ADDR: 77C46188 CODE: 7716 ja 0x77c461a0
Eax=33D2601 Ebx=5 Ecx=81 Edx=0 Edi=33D0000 Esi=33D270A Ebp=303EB60 Esp=303E9E0 Eip=77C46188

ADDR: 77C46192 CODE: 770c ja 0x77c461a0
Eax=FF00 Ebx=5 Ecx=81 Edx=0 Edi=33D0000 Esi=33D270A Ebp=303EB60 Esp=303E9E0 Eip=77C46192

ADDR: 77C46216 CODE: 0f844f020000 jz 0x77c4646b
Eax=FF00 Ebx=5 Ecx=81 Edx=3D Edi=33D0000 Esi=33D0398 Ebp=303EB60 Esp=303E9E0 Eip=77C46216

ADDR: 77C46220 CODE: 0f8445020000 jz 0x77c4646b
Eax=FF00 Ebx=5 Ecx=81 Edx=3D Edi=33D0000 Esi=0 Ebp=303EB60 Esp=303E9E0 Eip=77C46220

ADDR: 77C46485 CODE: 7304 jae 0x77c4648b
Eax=33D00C0 Ebx=5 Ecx=80 Edx=3D Edi=33D0000 Esi=33D0270 Ebp=303EB60 Esp=303E9E0 Eip=77C46485

ADDR: 77C464D3 CODE: 7438 jz 0x77c4650d
Eax=3414058 Ebx=68FB88A4 Ecx=80 Edx=33D00C0 Edi=33D0000 Esi=33D0270 Ebp=303EB60 Esp=303E9E0 Eip=77C464D3

ADDR: 77C464F3 CODE: 7418 jz 0x77c4650d
Eax=1E Ebx=1E000618 Ecx=1E1E Edx=33D00C0 Edi=33D0000 Esi=33D0270 Ebp=303EB60 Esp=303E9E0 Eip=77C464F3

ADDR: 77C4651D CODE: 7e07 jle 0x77c46526
Eax=618 Ebx=1E000618 Ecx=FFFFFA25 Edx=33D00C0 Edi=33D0000 Esi=33D0270 Ebp=303EB60 Esp=303E9E0 Eip=77C4651D

ADDR: 77C4653A CODE: 7438 jz 0x77c46574
Eax=34128C8 Ebx=74FB8EBE Ecx=FFFFFA25 Edx=33D00C0 Edi=33D0000 Esi=33D0270 Ebp=303EB60 Esp=303E9E0 Eip=77C4653A

ADDR: 77C4655A CODE: 7418 jz 0x77c46574
Eax=2 Ebx=2000002 Ecx=202 Edx=33D00C0 Edi=33D0000 Esi=33D0270 Ebp=303EB60 Esp=303E9E0 Eip=77C4655A

ADDR: 77C46584 CODE: 7f07 jg 0x77c4658d
Eax=2 Ebx=2000002 Ecx=3B Edx=33D00C0 Edi=33D0000 Esi=33D0270 Ebp=303EB60 Esp=303E9E0 Eip=77C46584

ADDR: 77C46664 CODE: 7708 ja 0x77c4666e
Eax=33D0298 Ebx=0 Ecx=3 Edx=1 Edi=33D0000 Esi=33D0270 Ebp=303EB60 Esp=303E9E0 Eip=77C46664

ADDR: 77C46664 CODE: 7708 ja 0x77c4666e
Eax=33D029C Ebx=0 Ecx=3 Edx=2 Edi=33D0000 Esi=33D0270 Ebp=303EB60 Esp=303E9E0 Eip=77C46664

ADDR: 77C46664 CODE: 7708 ja 0x77c4666e
Eax=33D02A0 Ebx=0 Ecx=3 Edx=3 Edi=33D0000 Esi=33D0270 Ebp=303EB60 Esp=303E9E0 Eip=77C46664

ADDR: 77C46664 CODE: 7708 ja 0x77c4666e
Eax=33D02A4 Ebx=0 Ecx=3 Edx=4 Edi=33D0000 Esi=33D0270 Ebp=303EB60 Esp=303E9E0 Eip=77C46664

ADDR: 77C46670 CODE: 0f848c110000 jz 0x77c47802
Eax=33D02A4 Ebx=0 Ecx=3 Edx=4 Edi=33D0000 Esi=33D0270 Ebp=303EB60 Esp=303E9E0 Eip=77C46670

ADDR: 77C464D3 CODE: 7438 jz 0x77c4650d
Eax=3414058 Ebx=68FB88A4 Ecx=3 Edx=33D00C0 Edi=33D0000 Esi=33D36A0 Ebp=303EB60 Esp=303E9E0 Eip=77C464D3

ADDR: 77C464F3 CODE: 7418 jz 0x77c4650d
Eax=1E Ebx=1E000618 Ecx=1E1E Edx=33D00C0 Edi=33D0000 Esi=33D36A0 Ebp=303EB60 Esp=303E9E0 Eip=77C464F3

ADDR: 77C4651D CODE: 7e07 jle 0x77c46526
Eax=618 Ebx=1E000618 Ecx=FFFFFA25 Edx=33D00C0 Edi=33D0000 Esi=33D36A0 Ebp=303EB60 Esp=303E9E0 Eip=77C4651D

ADDR: 77C4653A CODE: 7438 jz 0x77c46574
Eax=34128C8 Ebx=74FB8EBE Ecx=FFFFFA25 Edx=33D00C0 Edi=33D0000 Esi=33D36A0 Ebp=303EB60 Esp=303E9E0 Eip=77C4653A

ADDR: 77C4655A CODE: 7418 jz 0x77c46574
Eax=2 Ebx=2000002 Ecx=202 Edx=33D00C0 Edi=33D0000 Esi=33D36A0 Ebp=303EB60 Esp=303E9E0 Eip=77C4655A

ADDR: 77C46584 CODE: 7f07 jg 0x77c4658d
Eax=2 Ebx=2000002 Ecx=3B Edx=33D00C0 Edi=33D0000 Esi=33D36A0 Ebp=303EB60 Esp=303E9E0 Eip=77C46584

ADDR: 77C46664 CODE: 7708 ja 0x77c4666e
Eax=33D36C4 Ebx=0 Ecx=3B Edx=0 Edi=33D0000 Esi=33D36A0 Ebp=303EB60 Esp=303E9E0 Eip=77C46664

ADDR: 77C46664 CODE: 7708 ja 0x77c4666e
Eax=33D36C8 Ebx=0 Ecx=3B Edx=1 Edi=33D0000 Esi=33D36A0 Ebp=303EB60 Esp=303E9E0 Eip=77C46664

ADDR: 77C46664 CODE: 7708 ja 0x77c4666e
Eax=33D36CC Ebx=0 Ecx=3B Edx=2 Edi=33D0000 Esi=33D36A0 Ebp=303EB60 Esp=303E9E0 Eip=77C46664

ADDR: 77C46664 CODE: 7708 ja 0x77c4666e
Eax=33D36D0 Ebx=0 Ecx=3B Edx=3 Edi=33D0000 Esi=33D36A0 Ebp=303EB60 Esp=303E9E0 Eip=77C46664

ADDR: 77C46664 CODE: 7708 ja 0x77c4666e
Eax=33D36D4 Ebx=0 Ecx=3B Edx=4 Edi=33D0000 Esi=33D36A0 Ebp=303EB60 Esp=303E9E0 Eip=77C46664

ADDR: 77C46664 CODE: 7708 ja 0x77c4666e
Eax=33D36D8 Ebx=0 Ecx=3B Edx=5 Edi=33D0000 Esi=33D36A0 Ebp=303EB60 Esp=303E9E0 Eip=77C46664

ADDR: 77C46664 CODE: 7708 ja 0x77c4666e
Eax=33D36DC Ebx=0 Ecx=3B Edx=6 Edi=33D0000 Esi=33D36A0 Ebp=303EB60 Esp=303E9E0 Eip=77C46664

ADDR: 77C46664 CODE: 7708 ja 0x77c4666e
Eax=33D36E0 Ebx=0 Ecx=3B Edx=7 Edi=33D0000 Esi=33D36A0 Ebp=303EB60 Esp=303E9E0 Eip=77C46664

ADDR: 77C46664 CODE: 7708 ja 0x77c4666e
Eax=33D36E4 Ebx=0 Ecx=3B Edx=8 Edi=33D0000 Esi=33D36A0 Ebp=303EB60 Esp=303E9E0 Eip=77C46664

ADDR: 77C46664 CODE: 7708 ja 0x77c4666e
Eax=33D36E8 Ebx=0 Ecx=3B Edx=9 Edi=33D0000 Esi=33D36A0 Ebp=303EB60 Esp=303E9E0 Eip=77C46664

ADDR: 77C46679 CODE: 7422 jz 0x77c4669d
Eax=33D36EC Ebx=2000 Ecx=3B Edx=A Edi=33D0000 Esi=33D36A0 Ebp=303EB60 Esp=303E9E0 Eip=77C46679

ADDR: 77C46680 CODE: 7409 jz 0x77c4668b
Eax=0 Ebx=2000 Ecx=3B Edx=A Edi=33D0000 Esi=33D36A0 Ebp=303EB60 Esp=303E9E0 Eip=77C46680

ADDR: 77C466D1 CODE: 7402 jz 0x77c466d5
Eax=D Ebx=20 Ecx=3B Edx=14D Edi=33D0000 Esi=33D36A0 Ebp=303EB60 Esp=303E9E0 Eip=77C466D1

ADDR: 77C466E0 CODE: 0f841c110000 jz 0x77c47802
Eax=340B368 Ebx=20 Ecx=3B Edx=14D Edi=33D0000 Esi=33D36A0 Ebp=303EB60 Esp=303E9E0 Eip=77C466E0

ADDR: 77C466F2 CODE: 0f844d020000 jz 0x77c46945
Eax=340B368 Ebx=20 Ecx=3B Edx=14D Edi=33D0000 Esi=33D36A0 Ebp=303EB60 Esp=303E9E0 Eip=77C466F2

ADDR: 77C46702 CODE: 741f jz 0x77c46723
Eax=340B368 Ebx=340B360 Ecx=3B Edx=14D Edi=33D0000 Esi=33D36A0 Ebp=303EB60 Esp=303E9E0 Eip=77C46702

ADDR: 77C46714 CODE: 740a jz 0x77c46720
Eax=76FB8ECC Ebx=340B360 Ecx=3B Edx=14D Edi=33D0000 Esi=33D36A0 Ebp=303EB60 Esp=303E9E0 Eip=77C46714

ADDR: 77C46729 CODE: 0f8200020000 jb 0x77c4692f
Eax=340B368 Ebx=340B360 Ecx=3B Edx=14D Edi=33D0000 Esi=1CD Ebp=303EB60 Esp=303E9E0 Eip=77C46729

ADDR: 77C46761 CODE: 0f841c010000 jz 0x77c46883
Eax=340B368 Ebx=340B360 Ecx=33D0270 Edx=340B368 Edi=33D0000 Esi=1CD Ebp=303EB60 Esp=303E9E0 Eip=77C46761

ADDR: 77C46778 CODE: 730b jae 0x77c46785
Eax=1CD Ebx=340B360 Ecx=33D0270 Edx=340B368 Edi=33D0000 Esi=80 Ebp=303EB60 Esp=303E9E0 Eip=77C46778

ADDR: 77C46778 CODE: 730b jae 0x77c46785
Eax=1CD Ebx=340B360 Ecx=33D36A0 Edx=33D36A0 Edi=33D0000 Esi=800 Ebp=303EB60 Esp=303E9E0 Eip=77C46778

ADDR: 77C4680D CODE: 0f83db000000 jae 0x77c468ee
Eax=7FF Ebx=340B360 Ecx=33D36A0 Edx=14D Edi=33D0000 Esi=34172A0 Ebp=303EB60 Esp=303E9E0 Eip=77C4680D

ADDR: 77C46816 CODE: 0f84a3000000 jz 0x77c468bf
Eax=7FF Ebx=340B360 Ecx=33D36A0 Edx=14D Edi=33D0000 Esi=34172A0 Ebp=303EB60 Esp=303E9E0 Eip=77C46816

ADDR: 77C46829 CODE: 743c jz 0x77c46867
Eax=7FF Ebx=7CFB8CB4 Ecx=33D36A0 Edx=14D Edi=33D0000 Esi=34172A0 Ebp=303EB60 Esp=303E9E0 Eip=77C46829

ADDR: 77C46849 CODE: 7419 jz 0x77c46864
Eax=A Ebx=A000208 Ecx=A0A Edx=14D Edi=33D0000 Esi=34172A0 Ebp=303EB60 Esp=303E9E0 Eip=77C46849

ADDR: 77C46895 CODE: 7475 jz 0x77c4690c
Eax=34172A0 Ebx=340B360 Ecx=3421A60 Edx=FFFFDFFF Edi=33D0000 Esi=A Ebp=303EB60 Esp=303E9E0 Eip=77C46895

ADDR: 77C46ACC CODE: 7418 jz 0x77c46ae6
Eax=34172A0 Ebx=340B360 Ecx=3421A00 Edx=FFFFDFFF Edi=33D0000 Esi=1 Ebp=303EB60 Esp=303E9E0 Eip=77C46ACC

ADDR: 77C46B12 CODE: 7305 jae 0x77c46b19
Eax=C Ebx=340B360 Ecx=3D Edx=190 Edi=33D0000 Esi=1 Ebp=303EB60 Esp=303E9E0 Eip=77C46B12

ADDR: 77C46B27 CODE: 741e jz 0x77c46b47
Eax=C Ebx=340B360 Ecx=3D Edx=190 Edi=33D0000 Esi=1 Ebp=303EB60 Esp=303E9E0 Eip=77C46B27

ADDR: 77C46CA1 CODE: 741a jz 0x77c46cbd
Eax=0 Ebx=340B360 Ecx=3D Edx=190 Edi=33D0000 Esi=1 Ebp=303EB60 Esp=303E9E0 Eip=77C46CA1

ADDR: 77C46D47 CODE: 0f845d050000 jz 0x77c472aa
Eax=FB Ebx=340B548 Ecx=100000 Edx=190 Edi=33D0000 Esi=340C1C8 Ebp=303EB60 Esp=303E9E0 Eip=77C46D47

ADDR: 77C46D81 CODE: 0f8496020000 jz 0x77c4701d
Eax=33D00C0 Ebx=340B548 Ecx=100000 Edx=190 Edi=33D0000 Esi=33D0270 Ebp=303EB60 Esp=303E9E0 Eip=77C46D81

ADDR: 77C46D8C CODE: 7304 jae 0x77c46d92
Eax=33D00C0 Ebx=340B548 Ecx=80 Edx=190 Edi=33D0000 Esi=33D0270 Ebp=303EB60 Esp=303E9E0 Eip=77C46D8C

ADDR: 77C46D8C CODE: 7304 jae 0x77c46d92
Eax=33D36A0 Ebx=340B548 Ecx=800 Edx=190 Edi=33D0000 Esi=33D36A0 Ebp=303EB60 Esp=303E9E0 Eip=77C46D8C

ADDR: 77C46DD5 CODE: 743b jz 0x77c46e12
Eax=3414058 Ebx=340B548 Ecx=3414060 Edx=68FB88A4 Edi=33D0000 Esi=33D36A0 Ebp=303EB60 Esp=303E9E0 Eip=77C46DD5

ADDR: 77C46DF8 CODE: 7418 jz 0x77c46e12
Eax=1E Ebx=340B548 Ecx=1E1E Edx=1E000618 Edi=33D0000 Esi=33D36A0 Ebp=303EB60 Esp=303E9E0 Eip=77C46DF8

ADDR: 77C46E22 CODE: 7e08 jle 0x77c46e2c
Eax=618 Ebx=340B548 Ecx=FFFFFB78 Edx=1E000618 Edi=33D0000 Esi=33D36A0 Ebp=303EB60 Esp=303E9E0 Eip=77C46E22

ADDR: 77C46E43 CODE: 743b jz 0x77c46e80
Eax=34128C8 Ebx=340B548 Ecx=FFFFFB78 Edx=74FB8EBE Edi=33D0000 Esi=33D36A0 Ebp=303EB60 Esp=303E9E0 Eip=77C46E43

ADDR: 77C46E66 CODE: 7418 jz 0x77c46e80
Eax=2 Ebx=340B548 Ecx=202 Edx=2000002 Edi=33D0000 Esi=33D36A0 Ebp=303EB60 Esp=303E9E0 Eip=77C46E66

ADDR: 77C46E90 CODE: 7f0a jg 0x77c46e9c
Eax=2 Ebx=340B548 Ecx=18E Edx=2000002 Edi=33D0000 Esi=33D36A0 Ebp=303EB60 Esp=303E9E0 Eip=77C46E90

ADDR: 77C46F7D CODE: 7708 ja 0x77c46f87
Eax=3B Ebx=340B548 Ecx=0 Edx=8 Edi=33D0000 Esi=33D36E4 Ebp=303EB60 Esp=303E9E0 Eip=77C46F7D

ADDR: 77C46F7D CODE: 7708 ja 0x77c46f87
Eax=3B Ebx=340B548 Ecx=0 Edx=9 Edi=33D0000 Esi=33D36E8 Ebp=303EB60 Esp=303E9E0 Eip=77C46F7D

ADDR: 77C46F7D CODE: 7708 ja 0x77c46f87
Eax=3B Ebx=340B548 Ecx=0 Edx=A Edi=33D0000 Esi=33D36EC Ebp=303EB60 Esp=303E9E0 Eip=77C46F7D

ADDR: 77C46F7D CODE: 7708 ja 0x77c46f87
Eax=3B Ebx=340B548 Ecx=0 Edx=B Edi=33D0000 Esi=33D36F0 Ebp=303EB60 Esp=303E9E0 Eip=77C46F7D

ADDR: 77C46F92 CODE: 7422 jz 0x77c46fb6
Eax=3B Ebx=340B548 Ecx=100 Edx=C Edi=33D0000 Esi=33D36F4 Ebp=303EB60 Esp=303E9E0 Eip=77C46F92

ADDR: 77C46F99 CODE: 7409 jz 0x77c46fa4
Eax=0 Ebx=340B548 Ecx=100 Edx=C Edi=33D0000 Esi=33D36F4 Ebp=303EB60 Esp=303E9E0 Eip=77C46F99

ADDR: 77C46FED CODE: 7402 jz 0x77c46ff1
Eax=8 Ebx=340B548 Ecx=1 Edx=188 Edi=33D0000 Esi=33D36A0 Ebp=303EB60 Esp=303E9E0 Eip=77C46FED

ADDR: 77C46FF9 CODE: 740b jz 0x77c47006
Eax=33D37B4 Ebx=340B548 Ecx=34172A0 Edx=188 Edi=33D0000 Esi=33D36A0 Ebp=303EB60 Esp=303E9E0 Eip=77C46FF9

ADDR: 77C47024 CODE: 7435 jz 0x77c4705b
Eax=33D00C0 Ebx=340B548 Ecx=34172A0 Edx=188 Edi=33D0000 Esi=190 Ebp=303EB60 Esp=303E9E0 Eip=77C47024

ADDR: 77C4702A CODE: 7413 jz 0x77c4703f
Eax=33D00C0 Ebx=340B548 Ecx=34172A0 Edx=188 Edi=33D0000 Esi=190 Ebp=303EB60 Esp=303E9E0 Eip=77C4702A

ADDR: 77C47035 CODE: 740c jz 0x77c47043
Eax=33D00C0 Ebx=340B548 Ecx=34172A0 Edx=7CFB8CB4 Edi=33D0000 Esi=190 Ebp=303EB60 Esp=303E9E0 Eip=77C47035

ADDR: 77C4704F CODE: 760a jbe 0x77c4705b
Eax=208 Ebx=340B548 Ecx=34172A0 Edx=A000208 Edi=33D0000 Esi=190 Ebp=303EB60 Esp=303E9E0 Eip=77C4704F

ADDR: 77C47094 CODE: 0f84fc000000 jz 0x77c47196
Eax=190 Ebx=340B548 Ecx=33D0270 Edx=3421A60 Edi=33D0000 Esi=34172A0 Ebp=303EB60 Esp=303E9E0 Eip=77C47094

ADDR: 77C470A5 CODE: 730a jae 0x77c470b1
Eax=190 Ebx=340B548 Ecx=33D0270 Edx=3421A60 Edi=33D0000 Esi=80 Ebp=303EB60 Esp=303E9E0 Eip=77C470A5

ADDR: 77C470A5 CODE: 730a jae 0x77c470b1
Eax=190 Ebx=340B548 Ecx=33D36A0 Edx=33D36A0 Edi=33D0000 Esi=800 Ebp=303EB60 Esp=303E9E0 Eip=77C470A5

ADDR: 77C470FF CODE: 7464 jz 0x77c47165
Eax=0 Ebx=340B548 Ecx=33D36A0 Edx=190 Edi=33D0000 Esi=110 Ebp=303EB60 Esp=303E9E0 Eip=77C470FF

ADDR: 77C4719A CODE: 0f8497040000 jz 0x77c47637
Eax=33D36C4 Ebx=340B548 Ecx=10 Edx=10000 Edi=33D0000 Esi=8 Ebp=303EB60 Esp=303E9E0 Eip=77C4719A

ADDR: 77C46B7F CODE: 0f841c0b0000 jz 0x77c476a1
Eax=C Ebx=340B368 Ecx=1E8 Edx=340B367 Edi=33D0000 Esi=1E8 Ebp=303EB60 Esp=303E9E0 Eip=77C46B7F

ADDR: 77C46B89 CODE: 7413 jz 0x77c46b9e
Eax=C Ebx=340B368 Ecx=1E8 Edx=340B367 Edi=33D0000 Esi=1E8 Ebp=303EB60 Esp=303E9E0 Eip=77C46B89

ADDR: 77C46BA2 CODE: 0f84b7000000 jz 0x77c46c5f
Eax=76FB8EBC Ebx=340B368 Ecx=340B360 Edx=340B367 Edi=33D0000 Esi=1E8 Ebp=303EB60 Esp=303E9E0 Eip=77C46BA2

ADDR: 77C46BC7 CODE: 762c jbe 0x77c46bf5
Eax=76FB8EBC Ebx=340B368 Ecx=340B360 Edx=1 Edi=33D0000 Esi=1E8 Ebp=303EB60 Esp=303E9E0 Eip=77C46BC7

ADDR: 77C46BE7 CODE: 7606 jbe 0x77c46bef
Eax=8A88 Ebx=340B368 Ecx=50578 Edx=1 Edi=33D0000 Esi=1E8 Ebp=303EB60 Esp=303E9E0 Eip=77C46BE7

ADDR: 77C46C05 CODE: 7249 jb 0x77c46c50
Eax=8A88 Ebx=340B368 Ecx=50578 Edx=1 Edi=33D0000 Esi=1E8 Ebp=303EB60 Esp=303E9E0 Eip=77C46C05

ADDR: 77C47B53 CODE: 746e jz 0x77c47bc3
Eax=FFFFFFFE Ebx=33D0258 Ecx=FFFFFFFF Edx=1 Edi=33D025C Esi=FFFFFFFE Ebp=303E9D4 Esp=303E9C0 Eip=77C47B53

ADDR: 77C46C63 CODE: 0f84150e0000 jz 0x77c47a7e
Eax=0 Ebx=340B368 Ecx=FFFFFFFF Edx=1 Edi=33D0000 Esi=1E8 Ebp=303EB60 Esp=303E9E0 Eip=77C46C63

ADDR: 77C7B3CA CODE: 744f jz 0x77c7b41b
Eax=1E0 Ebx=340B368 Ecx=340B368 Edx=1E0 Edi=33D0000 Esi=1E8 Ebp=303EB60 Esp=303E9D0 Eip=77C7B3CA

ADDR: 77C7B3D8 CODE: 7231 jb 0x77c7b40b
Eax=0 Ebx=340B368 Ecx=340B368 Edx=1E0 Edi=340B368 Esi=1E8 Ebp=303EB60 Esp=303E9CC Eip=77C7B3D8

ADDR: 77C7B3DF CODE: 740c jz 0x77c7b3ed
Eax=0 Ebx=340B368 Ecx=0 Edx=1E0 Edi=340B368 Esi=1E8 Ebp=303EB60 Esp=303E9CC Eip=77C7B3DF

ADDR: 77C7B403 CODE: 7406 jz 0x77c7b40b
Eax=0 Ebx=340B368 Ecx=78 Edx=0 Edi=340B368 Esi=1E8 Ebp=303EB60 Esp=303E9CC Eip=77C7B403

ADDR: 77C7B409 CODE: 740a jz 0x77c7b415
Eax=0 Ebx=340B368 Ecx=0 Edx=0 Edi=340B548 Esi=1E8 Ebp=303EB60 Esp=303E9CC Eip=77C7B409

ADDR: 77C47AAD CODE: 741e jz 0x77c47acd
Eax=340B368 Ebx=340B368 Ecx=0 Edx=0 Edi=33D0000 Esi=1E8 Ebp=303EB60 Esp=303E9DC Eip=77C47AAD

ADDR: 77C47A91 CODE: 743b jz 0x77c47ace
Eax=0 Ebx=340B368 Ecx=0 Edx=0 Edi=33D0000 Esi=1E8 Ebp=303EB60 Esp=303E9E0 Eip=77C47A91

ADDR: 77C47AD6 CODE: 741f jz 0x77c47af7
Eax=7FFE0388 Ebx=340B368 Ecx=0 Edx=0 Edi=33D0000 Esi=1E8 Ebp=303EB60 Esp=303E9E0 Eip=77C47AD6

ADDR: 77C45D13 CODE: 7445 jz 0x77c45d5a
Eax=340B368 Ebx=33D0000 Ecx=EA68A05 Edx=0 Edi=340B368 Esi=1E8 Ebp=303EBF0 Esp=303EB78 Eip=77C45D13

ADDR: 77C45D1D CODE: 0f8474000000 jz 0x77c45d97
Eax=340B368 Ebx=33D0000 Ecx=1DC Edx=0 Edi=340B368 Esi=1E8 Ebp=303EBF0 Esp=303EB78 Eip=77C45D1D

ADDR: 77C45DA5 CODE: 7415 jz 0x77c45dbc
Eax=0 Ebx=33D0000 Ecx=8 Edx=0 Edi=340B368 Esi=1E8 Ebp=303EBF0 Esp=303EB78 Eip=77C45DA5

ADDR: 77C45DC4 CODE: 0f8492000000 jz 0x77c45e5c
Eax=7FFE0380 Ebx=33D0000 Ecx=8 Edx=0 Edi=340B368 Esi=1E8 Ebp=303EBF0 Esp=303EB78 Eip=77C45DC4

ADDR: 77C45E63 CODE: 743b jz 0x77c45ea0
Eax=0 Ebx=33D0000 Ecx=8 Edx=0 Edi=340B368 Esi=1E8 Ebp=303EBF0 Esp=303EB78 Eip=77C45E63

ADDR: C851CB CODE: 0f8292000000 jb 0xc85263
Eax=340B36C Ebx=0 Ecx=8 Edx=0 Edi=3421030 Esi=340B368 Ebp=303F918 Esp=303EC20 Eip=C851CB

ADDR: 77B16586 CODE: 7608 jbe 0x77b16590
Eax=340B2B8 Ebx=0 Ecx=128 Edx=128 Edi=340B36C Esi=340B190 Ebp=303F918 Esp=303EC08 Eip=77B16586

ADDR: 77B1658A CODE: 0f8294020000 jb 0x77b16824
Eax=340B2B8 Ebx=0 Ecx=128 Edx=128 Edi=340B36C Esi=340B190 Ebp=303F918 Esp=303EC08 Eip=77B1658A

ADDR: 77B16593 CODE: 0f82d2040000 jb 0x77b16a6b
Eax=340B2B8 Ebx=0 Ecx=128 Edx=128 Edi=340B36C Esi=340B190 Ebp=303F918 Esp=303EC08 Eip=77B16593

ADDR: 77B1659F CODE: 7313 jae 0x77b165b4
Eax=340B2B8 Ebx=0 Ecx=128 Edx=128 Edi=340B36C Esi=340B190 Ebp=303F918 Esp=303EC08 Eip=77B1659F

ADDR: 77B165BC CODE: 7309 jae 0x77b165c7
Eax=340B2B8 Ebx=0 Ecx=128 Edx=128 Edi=340B36C Esi=340B190 Ebp=303F918 Esp=303EC08 Eip=77B165BC

ADDR: C851E8 CODE: 7279 jb 0xc85263
Eax=340B36C Ebx=0 Ecx=340B36C Edx=340B494 Edi=3421030 Esi=340B368 Ebp=303F918 Esp=303EC20 Eip=C851E8

ADDR: C851FA CODE: 7267 jb 0xc85263
Eax=340B498 Ebx=0 Ecx=340B36C Edx=340B494 Edi=3421030 Esi=340B368 Ebp=303F918 Esp=303EC20 Eip=C851FA

ADDR: 77B16586 CODE: 7608 jbe 0x77b16590
Eax=340B360 Ebx=0 Ecx=A0 Edx=A0 Edi=340B498 Esi=340B2C0 Ebp=303F918 Esp=303EC08 Eip=77B16586

ADDR: 77B1658A CODE: 0f8294020000 jb 0x77b16824
Eax=340B360 Ebx=0 Ecx=A0 Edx=A0 Edi=340B498 Esi=340B2C0 Ebp=303F918 Esp=303EC08 Eip=77B1658A

ADDR: 77B16593 CODE: 0f82d2040000 jb 0x77b16a6b
Eax=340B360 Ebx=0 Ecx=A0 Edx=A0 Edi=340B498 Esi=340B2C0 Ebp=303F918 Esp=303EC08 Eip=77B16593

ADDR: 77B1659F CODE: 7313 jae 0x77b165b4
Eax=340B360 Ebx=0 Ecx=A0 Edx=A0 Edi=340B498 Esi=340B2C0 Ebp=303F918 Esp=303EC08 Eip=77B1659F

ADDR: 77B165BC CODE: 7309 jae 0x77b165c7
Eax=340B360 Ebx=0 Ecx=A0 Edx=A0 Edi=340B498 Esi=340B2C0 Ebp=303F918 Esp=303EC08 Eip=77B165BC

ADDR: C8521E CODE: 7243 jb 0xc85263
Eax=340B498 Ebx=0 Ecx=340B538 Edx=340B498 Edi=3421030 Esi=340B368 Ebp=303F918 Esp=303EC20 Eip=C8521E

ADDR: C8522A CODE: 7237 jb 0xc85263
Eax=340B53C Ebx=0 Ecx=340B538 Edx=340B498 Edi=3421030 Esi=340B368 Ebp=303F918 Esp=303EC20 Eip=C8522A

ADDR: 77B16586 CODE: 7608 jbe 0x77b16590
Eax=3409F90 Ebx=0 Ecx=8 Edx=8 Edi=340B53C Esi=3409F88 Ebp=303F918 Esp=303EC08 Eip=77B16586

ADDR: 77B1658A CODE: 0f8294020000 jb 0x77b16824
Eax=3409F90 Ebx=0 Ecx=8 Edx=8 Edi=340B53C Esi=3409F88 Ebp=303F918 Esp=303EC08 Eip=77B1658A

ADDR: 77B16593 CODE: 0f82d2040000 jb 0x77b16a6b
Eax=3409F90 Ebx=0 Ecx=8 Edx=8 Edi=340B53C Esi=3409F88 Ebp=303F918 Esp=303EC08 Eip=77B16593

ADDR: 77B16A6E CODE: 7430 jz 0x77b16aa0
Eax=3409F90 Ebx=0 Ecx=8 Edx=8 Edi=340B53C Esi=3409F88 Ebp=303F918 Esp=303EC08 Eip=77B16A6E

ADDR: 77B16A75 CODE: 740f jz 0x77b16a86
Eax=8 Ebx=0 Ecx=2 Edx=8 Edi=340B53C Esi=3409F88 Ebp=303F918 Esp=303EC08 Eip=77B16A75

ADDR: 77B16A8B CODE: 7413 jz 0x77b16aa0
Eax=8 Ebx=0 Ecx=0 Edx=C81ECB17 Edi=340B544 Esi=3409F90 Ebp=303F918 Esp=303EC08 Eip=77B16A8B

ADDR: C8524B CODE: 7216 jb 0xc85263
Eax=340B544 Ebx=0 Ecx=340B53C Edx=C81ECB17 Edi=3421030 Esi=340B368 Ebp=303F918 Esp=303EC20 Eip=C8524B

ADDR: C852AC CODE: 76eb jbe 0xc85299
Eax=1 Ebx=0 Ecx=340B368 Edx=C81ECB17 Edi=3421030 Esi=340B368 Ebp=303F918 Esp=303EC20 Eip=C852AC

ADDR: C852C3 CODE: 0f82ab100000 jb 0xc86374
Eax=3424784 Ebx=0 Ecx=340B368 Edx=3424780 Edi=3421030 Esi=0 Ebp=303F918 Esp=303EC20 Eip=C852C3

ADDR: C852D3 CODE: 0f829b100000 jb 0xc86374
Eax=3424784 Ebx=0 Ecx=340B368 Edx=3424788 Edi=3421030 Esi=0 Ebp=303F918 Esp=303EC20 Eip=C852D3

ADDR: C852DF CODE: 72d5 jb 0xc852b6
Eax=1 Ebx=0 Ecx=340B368 Edx=3424788 Edi=3421030 Esi=1 Ebp=303F918 Esp=303EC20 Eip=C852DF

ADDR: C852EE CODE: 0f8280100000 jb 0xc86374
Eax=342478C Ebx=0 Ecx=340B368 Edx=3424788 Edi=3421030 Esi=1 Ebp=303F918 Esp=303EC20 Eip=C852EE

ADDR: C852FB CODE: 769c jbe 0xc85299
Eax=342478C Ebx=0 Ecx=340B368 Edx=3424788 Edi=3421030 Esi=1 Ebp=303F918 Esp=303EC20 Eip=C852FB

ADDR: C8532E CODE: 0f8240100000 jb 0xc86374
Eax=3424784 Ebx=0 Ecx=340B368 Edx=3424780 Edi=3421030 Esi=34248A0 Ebp=303F918 Esp=303EC20 Eip=C8532E

ADDR: C8533E CODE: 0f8230100000 jb 0xc86374
Eax=3424784 Ebx=0 Ecx=340B368 Edx=3424788 Edi=3421030 Esi=34248A0 Ebp=303F918 Esp=303EC20 Eip=C8533E

ADDR: C85354 CODE: 72b9 jb 0xc8530f
Eax=1 Ebx=0 Ecx=340B368 Edx=3424788 Edi=3421030 Esi=34248A0 Ebp=303F918 Esp=303EC20 Eip=C85354

ADDR: C8532E CODE: 0f8240100000 jb 0xc86374
Eax=342478C Ebx=0 Ecx=340B368 Edx=3424788 Edi=3421030 Esi=34248A0 Ebp=303F918 Esp=303EC20 Eip=C8532E

ADDR: C8533E CODE: 0f8230100000 jb 0xc86374
Eax=342478C Ebx=0 Ecx=340B368 Edx=342482C Edi=3421030 Esi=34248A0 Ebp=303F918 Esp=303EC20 Eip=C8533E

ADDR: C85354 CODE: 72b9 jb 0xc8530f
Eax=2 Ebx=0 Ecx=340B368 Edx=342482C Edi=3421030 Esi=34248A0 Ebp=303F918 Esp=303EC20 Eip=C85354

ADDR: C8535D CODE: 0f8211100000 jb 0xc86374
Eax=3424830 Ebx=0 Ecx=340B368 Edx=342482C Edi=3421030 Esi=8 Ebp=303F918 Esp=303EC20 Eip=C8535D

ADDR: C8536F CODE: 0f82ff0f0000 jb 0xc86374
Eax=F0 Ebx=0 Ecx=340B368 Edx=342482C Edi=3421030 Esi=8 Ebp=303F918 Esp=303EC20 Eip=C8536F

ADDR: C8537A CODE: 0f82f40f0000 jb 0xc86374
Eax=F0 Ebx=0 Ecx=F4 Edx=342482C Edi=3421030 Esi=8 Ebp=303F918 Esp=303EC20 Eip=C8537A

ADDR: C8538A CODE: 0f82e40f0000 jb 0xc86374
Eax=F0 Ebx=0 Ecx=F4 Edx=342482C Edi=3421030 Esi=FC Ebp=303F918 Esp=303EC20 Eip=C8538A

ADDR: C85396 CODE: 760a jbe 0xc853a2
Eax=F0 Ebx=0 Ecx=F4 Edx=342482C Edi=3421030 Esi=FC Ebp=303F918 Esp=303EC20 Eip=C85396

ADDR: 77C44CFF CODE: 0f8426e60500 jz 0x77ca332b
Eax=33D0000 Ebx=0 Ecx=F4 Edx=342482C Edi=3421030 Esi=33D0000 Ebp=303EC0C Esp=303EC00 Eip=77C44CFF

ADDR: 77C44D11 CODE: 0f842be60500 jz 0x77ca3342
Eax=33D0000 Ebx=0 Ecx=33D0000 Edx=FC Edi=3421030 Esi=33D0000 Ebp=303EC0C Esp=303EC00 Eip=77C44D11

ADDR: 77C44E6C CODE: 760c jbe 0x77c44e7a
Eax=0 Ebx=33D0000 Ecx=8 Edx=FC Edi=FC Esi=33D0000 Ebp=303EBF0 Esp=303EB78 Eip=77C44E6C

ADDR: 77C44E9D CODE: 742b jz 0x77c44eca
Eax=0 Ebx=33D0000 Ecx=0 Edx=0 Edi=FC Esi=33D0000 Ebp=303EBF0 Esp=303EB78 Eip=77C44E9D

ADDR: 77C44ED5 CODE: 7445 jz 0x77c44f1c
Eax=0 Ebx=33D0000 Ecx=8 Edx=0 Edi=FC Esi=0 Ebp=303EBF0 Esp=303EB78 Eip=77C44ED5

ADDR: 77C44F4B CODE: 0f87f5090000 ja 0x77c45946
Eax=FC Ebx=33D0000 Ecx=8 Edx=21 Edi=FC Esi=108 Ebp=303EBF0 Esp=303EB78 Eip=77C44F4B

ADDR: 77C44F6F CODE: 0f84ce090000 jz 0x77c45943
Eax=2 Ebx=33D0000 Ecx=1 Edx=0 Edi=FC Esi=108 Ebp=303EBF0 Esp=303EB78 Eip=77C44F6F

ADDR: 77C4594F CODE: 7211 jb 0x77c45962
Eax=33D0270 Ebx=33D0000 Ecx=1 Edx=21 Edi=FC Esi=108 Ebp=303EBF0 Esp=303EB78 Eip=77C4594F

ADDR: 77C45967 CODE: 0f838c030000 jae 0x77c45cf9
Eax=33D0270 Ebx=33D0000 Ecx=21 Edx=21 Edi=FC Esi=108 Ebp=303EBF0 Esp=303EB78 Eip=77C45967

ADDR: 77C4597C CODE: 7402 jz 0x77c45980
Eax=33D0270 Ebx=33D0000 Ecx=21 Edx=21 Edi=FC Esi=108 Ebp=303EBF0 Esp=303EB78 Eip=77C4597C

ADDR: 77C45F44 CODE: 7329 jae 0x77c45f6f
Eax=303EB50 Ebx=A Ecx=33D0000 Edx=A Edi=33D0000 Esi=21 Ebp=303EB60 Esp=303E9E0 Eip=77C45F44

ADDR: 77C45F53 CODE: 730c jae 0x77c45f61
Eax=303EB50 Ebx=A Ecx=33D0001 Edx=21 Edi=33D0000 Esi=21 Ebp=303EB60 Esp=303E9E0 Eip=77C45F53

ADDR: 77C46022 CODE: 7415 jz 0x77c46039
Eax=303EBC0 Ebx=0 Ecx=33D0001 Edx=21 Edi=33D0000 Esi=21 Ebp=303EB60 Esp=303E9E0 Eip=77C46022

ADDR: 77C63F37 CODE: 7316 jae 0x77c63f4f
Eax=33D0258 Ebx=0 Ecx=33D025C Edx=2E98000 Edi=33D0000 Esi=21 Ebp=303E9D4 Esp=303E9D4 Eip=77C63F37

ADDR: 77C460CB CODE: 7407 jz 0x77c460d4
Eax=1 Ebx=0 Ecx=7F38 Edx=2E98000 Edi=33D0000 Esi=21 Ebp=303EB60 Esp=303E9E0 Eip=77C460CB

ADDR: 77C460DA CODE: 0f8739170000 ja 0x77c47819
Eax=1 Ebx=0 Ecx=7F38 Edx=21 Edi=33D0000 Esi=21 Ebp=303EB60 Esp=303E9E0 Eip=77C460DA

ADDR: 77C460F4 CODE: 723a jb 0x77c46130
Eax=FC Ebx=0 Ecx=7F38 Edx=21 Edi=33D0000 Esi=21 Ebp=303EB60 Esp=303E9E0 Eip=77C460F4

ADDR: 77C46136 CODE: 0f87d5000000 ja 0x77c46211
Eax=FC Ebx=0 Ecx=7F38 Edx=21 Edi=33D0000 Esi=21 Ebp=303EB60 Esp=303E9E0 Eip=77C46136

ADDR: 77C46188 CODE: 7716 ja 0x77c461a0
Eax=33D2603 Ebx=1 Ecx=103 Edx=0 Edi=33D0000 Esi=33D26D2 Ebp=303EB60 Esp=303E9E0 Eip=77C46188

ADDR: 77C46192 CODE: 770c ja 0x77c461a0
Eax=FF00 Ebx=1 Ecx=103 Edx=0 Edi=33D0000 Esi=33D26D2 Ebp=303EB60 Esp=303E9E0 Eip=77C46192

ADDR: 77C46216 CODE: 0f844f020000 jz 0x77c4646b
Eax=FF00 Ebx=1 Ecx=103 Edx=21 Edi=33D0000 Esi=33D0328 Ebp=303EB60 Esp=303E9E0 Eip=77C46216

ADDR: 77C46220 CODE: 0f8445020000 jz 0x77c4646b
Eax=FF00 Ebx=1 Ecx=103 Edx=21 Edi=33D0000 Esi=0 Ebp=303EB60 Esp=303E9E0 Eip=77C46220

ADDR: 77C46485 CODE: 7304 jae 0x77c4648b
Eax=33D00C0 Ebx=1 Ecx=80 Edx=21 Edi=33D0000 Esi=33D0270 Ebp=303EB60 Esp=303E9E0 Eip=77C46485

ADDR: 77C464D3 CODE: 7438 jz 0x77c4650d
Eax=3414058 Ebx=68FB88A4 Ecx=80 Edx=33D00C0 Edi=33D0000 Esi=33D0270 Ebp=303EB60 Esp=303E9E0 Eip=77C464D3

ADDR: 77C464F3 CODE: 7418 jz 0x77c4650d
Eax=1E Ebx=1E000618 Ecx=1E1E Edx=33D00C0 Edi=33D0000 Esi=33D0270 Ebp=303EB60 Esp=303E9E0 Eip=77C464F3

ADDR: 77C4651D CODE: 7e07 jle 0x77c46526
Eax=618 Ebx=1E000618 Ecx=FFFFFA09 Edx=33D00C0 Edi=33D0000 Esi=33D0270 Ebp=303EB60 Esp=303E9E0 Eip=77C4651D

ADDR: 77C4653A CODE: 7438 jz 0x77c46574
Eax=34128C8 Ebx=74FB8EBE Ecx=FFFFFA09 Edx=33D00C0 Edi=33D0000 Esi=33D0270 Ebp=303EB60 Esp=303E9E0 Eip=77C4653A

ADDR: 77C4655A CODE: 7418 jz 0x77c46574
Eax=2 Ebx=2000002 Ecx=202 Edx=33D00C0 Edi=33D0000 Esi=33D0270 Ebp=303EB60 Esp=303E9E0 Eip=77C4655A

ADDR: 77C46584 CODE: 7f07 jg 0x77c4658d
Eax=2 Ebx=2000002 Ecx=1F Edx=33D00C0 Edi=33D0000 Esi=33D0270 Ebp=303EB60 Esp=303E9E0 Eip=77C46584

ADDR: 77C46664 CODE: 7708 ja 0x77c4666e
Eax=33D0298 Ebx=0 Ecx=3 Edx=1 Edi=33D0000 Esi=33D0270 Ebp=303EB60 Esp=303E9E0 Eip=77C46664

ADDR: 77C46664 CODE: 7708 ja 0x77c4666e
Eax=33D029C Ebx=0 Ecx=3 Edx=2 Edi=33D0000 Esi=33D0270 Ebp=303EB60 Esp=303E9E0 Eip=77C46664

ADDR: 77C46664 CODE: 7708 ja 0x77c4666e
Eax=33D02A0 Ebx=0 Ecx=3 Edx=3 Edi=33D0000 Esi=33D0270 Ebp=303EB60 Esp=303E9E0 Eip=77C46664

ADDR: 77C46664 CODE: 7708 ja 0x77c4666e
Eax=33D02A4 Ebx=0 Ecx=3 Edx=4 Edi=33D0000 Esi=33D0270 Ebp=303EB60 Esp=303E9E0 Eip=77C46664

ADDR: 77C46670 CODE: 0f848c110000 jz 0x77c47802
Eax=33D02A4 Ebx=0 Ecx=3 Edx=4 Edi=33D0000 Esi=33D0270 Ebp=303EB60 Esp=303E9E0 Eip=77C46670

ADDR: 77C464D3 CODE: 7438 jz 0x77c4650d
Eax=3414058 Ebx=68FB88A4 Ecx=3 Edx=33D00C0 Edi=33D0000 Esi=33D36A0 Ebp=303EB60 Esp=303E9E0 Eip=77C464D3

ADDR: 77C464F3 CODE: 7418 jz 0x77c4650d
Eax=1E Ebx=1E000618 Ecx=1E1E Edx=33D00C0 Edi=33D0000 Esi=33D36A0 Ebp=303EB60 Esp=303E9E0 Eip=77C464F3

ADDR: 77C4651D CODE: 7e07 jle 0x77c46526
Eax=618 Ebx=1E000618 Ecx=FFFFFA09 Edx=33D00C0 Edi=33D0000 Esi=33D36A0 Ebp=303EB60 Esp=303E9E0 Eip=77C4651D

ADDR: 77C4653A CODE: 7438 jz 0x77c46574
Eax=34128C8 Ebx=74FB8EBE Ecx=FFFFFA09 Edx=33D00C0 Edi=33D0000 Esi=33D36A0 Ebp=303EB60 Esp=303E9E0 Eip=77C4653A

ADDR: 77C4655A CODE: 7418 jz 0x77c46574
Eax=2 Ebx=2000002 Ecx=202 Edx=33D00C0 Edi=33D0000 Esi=33D36A0 Ebp=303EB60 Esp=303E9E0 Eip=77C4655A

ADDR: 77C46584 CODE: 7f07 jg 0x77c4658d
Eax=2 Ebx=2000002 Ecx=1F Edx=33D00C0 Edi=33D0000 Esi=33D36A0 Ebp=303EB60 Esp=303E9E0 Eip=77C46584

ADDR: 77C46664 CODE: 7708 ja 0x77c4666e
Eax=33D36C4 Ebx=0 Ecx=3B Edx=0 Edi=33D0000 Esi=33D36A0 Ebp=303EB60 Esp=303E9E0 Eip=77C46664

ADDR: 77C46664 CODE: 7708 ja 0x77c4666e
Eax=33D36C8 Ebx=0 Ecx=3B Edx=1 Edi=33D0000 Esi=33D36A0 Ebp=303EB60 Esp=303E9E0 Eip=77C46664

ADDR: 77C46664 CODE: 7708 ja 0x77c4666e
Eax=33D36CC Ebx=0 Ecx=3B Edx=2 Edi=33D0000 Esi=33D36A0 Ebp=303EB60 Esp=303E9E0 Eip=77C46664

ADDR: 77C46664 CODE: 7708 ja 0x77c4666e
Eax=33D36D0 Ebx=0 Ecx=3B Edx=3 Edi=33D0000 Esi=33D36A0 Ebp=303EB60 Esp=303E9E0 Eip=77C46664

ADDR: 77C46664 CODE: 7708 ja 0x77c4666e
Eax=33D36D4 Ebx=0 Ecx=3B Edx=4 Edi=33D0000 Esi=33D36A0 Ebp=303EB60 Esp=303E9E0 Eip=77C46664

ADDR: 77C46664 CODE: 7708 ja 0x77c4666e
Eax=33D36D8 Ebx=0 Ecx=3B Edx=5 Edi=33D0000 Esi=33D36A0 Ebp=303EB60 Esp=303E9E0 Eip=77C46664

ADDR: 77C46664 CODE: 7708 ja 0x77c4666e
Eax=33D36DC Ebx=0 Ecx=3B Edx=6 Edi=33D0000 Esi=33D36A0 Ebp=303EB60 Esp=303E9E0 Eip=77C46664

ADDR: 77C46664 CODE: 7708 ja 0x77c4666e
Eax=33D36E0 Ebx=0 Ecx=3B Edx=7 Edi=33D0000 Esi=33D36A0 Ebp=303EB60 Esp=303E9E0 Eip=77C46664

ADDR: 77C46679 CODE: 7422 jz 0x77c4669d
Eax=33D36E4 Ebx=10000 Ecx=3B Edx=8 Edi=33D0000 Esi=33D36A0 Ebp=303EB60 Esp=303E9E0 Eip=77C46679

ADDR: 77C466A7 CODE: 740c jz 0x77c466b5
Eax=1 Ebx=10000 Ecx=3B Edx=8 Edi=33D0000 Esi=33D36A0 Ebp=303EB60 Esp=303E9E0 Eip=77C466A7

ADDR: 77C466D1 CODE: 7402 jz 0x77c466d5
Eax=10 Ebx=10000 Ecx=3B Edx=110 Edi=33D0000 Esi=33D36A0 Ebp=303EB60 Esp=303E9E0 Eip=77C466D1

ADDR: 77C466E0 CODE: 0f841c110000 jz 0x77c47802
Eax=340B550 Ebx=10000 Ecx=3B Edx=110 Edi=33D0000 Esi=33D36A0 Ebp=303EB60 Esp=303E9E0 Eip=77C466E0

ADDR: 77C466F2 CODE: 0f844d020000 jz 0x77c46945
Eax=340B550 Ebx=10000 Ecx=3B Edx=110 Edi=33D0000 Esi=33D36A0 Ebp=303EB60 Esp=303E9E0 Eip=77C466F2

ADDR: 77C46702 CODE: 741f jz 0x77c46723
Eax=340B550 Ebx=340B548 Ecx=3B Edx=110 Edi=33D0000 Esi=33D36A0 Ebp=303EB60 Esp=303E9E0 Eip=77C46702

ADDR: 77C46714 CODE: 740a jz 0x77c46720
Eax=76FB8E91 Ebx=340B548 Ecx=3B Edx=110 Edi=33D0000 Esi=33D36A0 Ebp=303EB60 Esp=303E9E0 Eip=77C46714

ADDR: 77C46729 CODE: 0f8200020000 jb 0x77c4692f
Eax=340B550 Ebx=340B548 Ecx=3B Edx=110 Edi=33D0000 Esi=190 Ebp=303EB60 Esp=303E9E0 Eip=77C46729

ADDR: 77C46761 CODE: 0f841c010000 jz 0x77c46883
Eax=340B550 Ebx=340B548 Ecx=33D0270 Edx=340B550 Edi=33D0000 Esi=190 Ebp=303EB60 Esp=303E9E0 Eip=77C46761

ADDR: 77C46778 CODE: 730b jae 0x77c46785
Eax=190 Ebx=340B548 Ecx=33D0270 Edx=340B550 Edi=33D0000 Esi=80 Ebp=303EB60 Esp=303E9E0 Eip=77C46778

ADDR: 77C46778 CODE: 730b jae 0x77c46785
Eax=190 Ebx=340B548 Ecx=33D36A0 Edx=33D36A0 Edi=33D0000 Esi=800 Ebp=303EB60 Esp=303E9E0 Eip=77C46778

ADDR: 77C4680D CODE: 0f83db000000 jae 0x77c468ee
Eax=7FF Ebx=340B548 Ecx=33D36A0 Edx=110 Edi=33D0000 Esi=34172A0 Ebp=303EB60 Esp=303E9E0 Eip=77C4680D

ADDR: 77C46816 CODE: 0f84a3000000 jz 0x77c468bf
Eax=7FF Ebx=340B548 Ecx=33D36A0 Edx=110 Edi=33D0000 Esi=34172A0 Ebp=303EB60 Esp=303E9E0 Eip=77C46816

ADDR: 77C46829 CODE: 743c jz 0x77c46867
Eax=7FF Ebx=7CFB8CB4 Ecx=33D36A0 Edx=110 Edi=33D0000 Esi=34172A0 Ebp=303EB60 Esp=303E9E0 Eip=77C46829

ADDR: 77C46849 CODE: 7419 jz 0x77c46864
Eax=A Ebx=A000208 Ecx=A0A Edx=110 Edi=33D0000 Esi=34172A0 Ebp=303EB60 Esp=303E9E0 Eip=77C46849

ADDR: 77C46895 CODE: 7475 jz 0x77c4690c
Eax=34172A0 Ebx=340B548 Ecx=3421A60 Edx=FFFEFFFF Edi=33D0000 Esi=8 Ebp=303EB60 Esp=303E9E0 Eip=77C46895

ADDR: 77C46ACC CODE: 7418 jz 0x77c46ae6
Eax=34172A0 Ebx=340B548 Ecx=3421A00 Edx=FFFEFFFF Edi=33D0000 Esi=1 Ebp=303EB60 Esp=303E9E0 Eip=77C46ACC

ADDR: 77C46B12 CODE: 7305 jae 0x77c46b19
Eax=C Ebx=340B548 Ecx=21 Edx=16F Edi=33D0000 Esi=1 Ebp=303EB60 Esp=303E9E0 Eip=77C46B12

ADDR: 77C46B27 CODE: 741e jz 0x77c46b47
Eax=C Ebx=340B548 Ecx=21 Edx=16F Edi=33D0000 Esi=1 Ebp=303EB60 Esp=303E9E0 Eip=77C46B27

ADDR: 77C46CA1 CODE: 741a jz 0x77c46cbd
Eax=0 Ebx=340B548 Ecx=21 Edx=16F Edi=33D0000 Esi=1 Ebp=303EB60 Esp=303E9E0 Eip=77C46CA1

ADDR: 77C46D47 CODE: 0f845d050000 jz 0x77c472aa
Eax=FB Ebx=340B650 Ecx=100000 Edx=16F Edi=33D0000 Esi=340C1C8 Ebp=303EB60 Esp=303E9E0 Eip=77C46D47

ADDR: 77C46D81 CODE: 0f8496020000 jz 0x77c4701d
Eax=33D00C0 Ebx=340B650 Ecx=100000 Edx=16F Edi=33D0000 Esi=33D0270 Ebp=303EB60 Esp=303E9E0 Eip=77C46D81

ADDR: 77C46D8C CODE: 7304 jae 0x77c46d92
Eax=33D00C0 Ebx=340B650 Ecx=80 Edx=16F Edi=33D0000 Esi=33D0270 Ebp=303EB60 Esp=303E9E0 Eip=77C46D8C

ADDR: 77C46D8C CODE: 7304 jae 0x77c46d92
Eax=33D36A0 Ebx=340B650 Ecx=800 Edx=16F Edi=33D0000 Esi=33D36A0 Ebp=303EB60 Esp=303E9E0 Eip=77C46D8C

ADDR: 77C46DD5 CODE: 743b jz 0x77c46e12
Eax=3414058 Ebx=340B650 Ecx=3414060 Edx=68FB88A4 Edi=33D0000 Esi=33D36A0 Ebp=303EB60 Esp=303E9E0 Eip=77C46DD5

ADDR: 77C46DF8 CODE: 7418 jz 0x77c46e12
Eax=1E Ebx=340B650 Ecx=1E1E Edx=1E000618 Edi=33D0000 Esi=33D36A0 Ebp=303EB60 Esp=303E9E0 Eip=77C46DF8

ADDR: 77C46E22 CODE: 7e08 jle 0x77c46e2c
Eax=618 Ebx=340B650 Ecx=FFFFFB57 Edx=1E000618 Edi=33D0000 Esi=33D36A0 Ebp=303EB60 Esp=303E9E0 Eip=77C46E22

ADDR: 77C46E43 CODE: 743b jz 0x77c46e80
Eax=34128C8 Ebx=340B650 Ecx=FFFFFB57 Edx=74FB8EBE Edi=33D0000 Esi=33D36A0 Ebp=303EB60 Esp=303E9E0 Eip=77C46E43

ADDR: 77C46E66 CODE: 7418 jz 0x77c46e80
Eax=2 Ebx=340B650 Ecx=202 Edx=2000002 Edi=33D0000 Esi=33D36A0 Ebp=303EB60 Esp=303E9E0 Eip=77C46E66

ADDR: 77C46E90 CODE: 7f0a jg 0x77c46e9c
Eax=2 Ebx=340B650 Ecx=16D Edx=2000002 Edi=33D0000 Esi=33D36A0 Ebp=303EB60 Esp=303E9E0 Eip=77C46E90

ADDR: 77C46F7D CODE: 7708 ja 0x77c46f87
Eax=3B Ebx=340B650 Ecx=0 Edx=7 Edi=33D0000 Esi=33D36E0 Ebp=303EB60 Esp=303E9E0 Eip=77C46F7D

ADDR: 77C46F7D CODE: 7708 ja 0x77c46f87
Eax=3B Ebx=340B650 Ecx=0 Edx=8 Edi=33D0000 Esi=33D36E4 Ebp=303EB60 Esp=303E9E0 Eip=77C46F7D

ADDR: 77C46F7D CODE: 7708 ja 0x77c46f87
Eax=3B Ebx=340B650 Ecx=0 Edx=9 Edi=33D0000 Esi=33D36E8 Ebp=303EB60 Esp=303E9E0 Eip=77C46F7D

ADDR: 77C46F7D CODE: 7708 ja 0x77c46f87
Eax=3B Ebx=340B650 Ecx=0 Edx=A Edi=33D0000 Esi=33D36EC Ebp=303EB60 Esp=303E9E0 Eip=77C46F7D

ADDR: 77C46F7D CODE: 7708 ja 0x77c46f87
Eax=3B Ebx=340B650 Ecx=0 Edx=B Edi=33D0000 Esi=33D36F0 Ebp=303EB60 Esp=303E9E0 Eip=77C46F7D

ADDR: 77C46F92 CODE: 7422 jz 0x77c46fb6
Eax=3B Ebx=340B650 Ecx=100 Edx=C Edi=33D0000 Esi=33D36F4 Ebp=303EB60 Esp=303E9E0 Eip=77C46F92

ADDR: 77C46F99 CODE: 7409 jz 0x77c46fa4
Eax=0 Ebx=340B650 Ecx=100 Edx=C Edi=33D0000 Esi=33D36F4 Ebp=303EB60 Esp=303E9E0 Eip=77C46F99

ADDR: 77C46FED CODE: 7402 jz 0x77c46ff1
Eax=8 Ebx=340B650 Ecx=1 Edx=188 Edi=33D0000 Esi=33D36A0 Ebp=303EB60 Esp=303E9E0 Eip=77C46FED

ADDR: 77C46FF9 CODE: 740b jz 0x77c47006
Eax=33D37B4 Ebx=340B650 Ecx=34172A0 Edx=188 Edi=33D0000 Esi=33D36A0 Ebp=303EB60 Esp=303E9E0 Eip=77C46FF9

ADDR: 77C47024 CODE: 7435 jz 0x77c4705b
Eax=33D00C0 Ebx=340B650 Ecx=34172A0 Edx=188 Edi=33D0000 Esi=16F Ebp=303EB60 Esp=303E9E0 Eip=77C47024

ADDR: 77C4702A CODE: 7413 jz 0x77c4703f
Eax=33D00C0 Ebx=340B650 Ecx=34172A0 Edx=188 Edi=33D0000 Esi=16F Ebp=303EB60 Esp=303E9E0 Eip=77C4702A

ADDR: 77C47035 CODE: 740c jz 0x77c47043
Eax=33D00C0 Ebx=340B650 Ecx=34172A0 Edx=7CFB8CB4 Edi=33D0000 Esi=16F Ebp=303EB60 Esp=303E9E0 Eip=77C47035

ADDR: 77C4704F CODE: 760a jbe 0x77c4705b
Eax=208 Ebx=340B650 Ecx=34172A0 Edx=A000208 Edi=33D0000 Esi=16F Ebp=303EB60 Esp=303E9E0 Eip=77C4704F

ADDR: 77C47094 CODE: 0f84fc000000 jz 0x77c47196
Eax=16F Ebx=340B650 Ecx=33D0270 Edx=3421A60 Edi=33D0000 Esi=34172A0 Ebp=303EB60 Esp=303E9E0 Eip=77C47094

ADDR: 77C470A5 CODE: 730a jae 0x77c470b1
Eax=16F Ebx=340B650 Ecx=33D0270 Edx=3421A60 Edi=33D0000 Esi=80 Ebp=303EB60 Esp=303E9E0 Eip=77C470A5

ADDR: 77C470A5 CODE: 730a jae 0x77c470b1
Eax=16F Ebx=340B650 Ecx=33D36A0 Edx=33D36A0 Edi=33D0000 Esi=800 Ebp=303EB60 Esp=303E9E0 Eip=77C470A5

ADDR: 77C470FF CODE: 7464 jz 0x77c47165
Eax=0 Ebx=340B650 Ecx=33D36A0 Edx=16F Edi=33D0000 Esi=EF Ebp=303EB60 Esp=303E9E0 Eip=77C470FF

ADDR: 77C4719A CODE: 0f8497040000 jz 0x77c47637
Eax=33D36C4 Ebx=340B650 Ecx=F Edx=8000 Edi=33D0000 Esi=7 Ebp=303EB60 Esp=303E9E0 Eip=77C4719A

ADDR: 77C46B7F CODE: 0f841c0b0000 jz 0x77c476a1
Eax=C Ebx=340B550 Ecx=108 Edx=340B54F Edi=33D0000 Esi=108 Ebp=303EB60 Esp=303E9E0 Eip=77C46B7F

ADDR: 77C46B89 CODE: 7413 jz 0x77c46b9e
Eax=C Ebx=340B550 Ecx=108 Edx=340B54F Edi=33D0000 Esi=108 Ebp=303EB60 Esp=303E9E0 Eip=77C46B89

ADDR: 77C46BA2 CODE: 0f84b7000000 jz 0x77c46c5f
Eax=76FB8EBC Ebx=340B550 Ecx=340B548 Edx=340B54F Edi=33D0000 Esi=108 Ebp=303EB60 Esp=303E9E0 Eip=77C46BA2

ADDR: 77C46BC7 CODE: 762c jbe 0x77c46bf5
Eax=76FB8EBC Ebx=340B550 Ecx=340B548 Edx=1 Edi=33D0000 Esi=108 Ebp=303EB60 Esp=303E9E0 Eip=77C46BC7

ADDR: 77C46C05 CODE: 7249 jb 0x77c46c50
Eax=76FB8EBC Ebx=340B550 Ecx=340B548 Edx=1 Edi=33D0000 Esi=108 Ebp=303EB60 Esp=303E9E0 Eip=77C46C05

ADDR: 77C47B53 CODE: 746e jz 0x77c47bc3
Eax=FFFFFFFE Ebx=33D0258 Ecx=FFFFFFFF Edx=1 Edi=33D025C Esi=FFFFFFFE Ebp=303E9D4 Esp=303E9C0 Eip=77C47B53

ADDR: 77C46C63 CODE: 0f84150e0000 jz 0x77c47a7e
Eax=0 Ebx=340B550 Ecx=FFFFFFFF Edx=1 Edi=33D0000 Esi=108 Ebp=303EB60 Esp=303E9E0 Eip=77C46C63

ADDR: 77C7B3CA CODE: 744f jz 0x77c7b41b
Eax=100 Ebx=340B550 Ecx=340B550 Edx=100 Edi=33D0000 Esi=108 Ebp=303EB60 Esp=303E9D0 Eip=77C7B3CA

ADDR: 77C7B3D8 CODE: 7231 jb 0x77c7b40b
Eax=0 Ebx=340B550 Ecx=340B550 Edx=100 Edi=340B550 Esi=108 Ebp=303EB60 Esp=303E9CC Eip=77C7B3D8

ADDR: 77C7B3DF CODE: 740c jz 0x77c7b3ed
Eax=0 Ebx=340B550 Ecx=0 Edx=100 Edi=340B550 Esi=108 Ebp=303EB60 Esp=303E9CC Eip=77C7B3DF

ADDR: 77C7B403 CODE: 7406 jz 0x77c7b40b
Eax=0 Ebx=340B550 Ecx=40 Edx=0 Edi=340B550 Esi=108 Ebp=303EB60 Esp=303E9CC Eip=77C7B403

ADDR: 77C7B409 CODE: 740a jz 0x77c7b415
Eax=0 Ebx=340B550 Ecx=0 Edx=0 Edi=340B650 Esi=108 Ebp=303EB60 Esp=303E9CC Eip=77C7B409

ADDR: 77C47AAD CODE: 741e jz 0x77c47acd
Eax=340B550 Ebx=340B550 Ecx=0 Edx=0 Edi=33D0000 Esi=108 Ebp=303EB60 Esp=303E9DC Eip=77C47AAD

ADDR: 77C47A91 CODE: 743b jz 0x77c47ace
Eax=0 Ebx=340B550 Ecx=0 Edx=0 Edi=33D0000 Esi=108 Ebp=303EB60 Esp=303E9E0 Eip=77C47A91

ADDR: 77C47AD6 CODE: 741f jz 0x77c47af7
Eax=7FFE0388 Ebx=340B550 Ecx=0 Edx=0 Edi=33D0000 Esi=108 Ebp=303EB60 Esp=303E9E0 Eip=77C47AD6

ADDR: 77C45D13 CODE: 7445 jz 0x77c45d5a
Eax=340B550 Ebx=33D0000 Ecx=EA68A05 Edx=0 Edi=340B550 Esi=108 Ebp=303EBF0 Esp=303EB78 Eip=77C45D13

ADDR: 77C45D1D CODE: 0f8474000000 jz 0x77c45d97
Eax=340B550 Ebx=33D0000 Ecx=FC Edx=0 Edi=340B550 Esi=108 Ebp=303EBF0 Esp=303EB78 Eip=77C45D1D

ADDR: 77C45DA5 CODE: 7415 jz 0x77c45dbc
Eax=0 Ebx=33D0000 Ecx=8 Edx=0 Edi=340B550 Esi=108 Ebp=303EBF0 Esp=303EB78 Eip=77C45DA5

ADDR: 77C45DC4 CODE: 0f8492000000 jz 0x77c45e5c
Eax=7FFE0380 Ebx=33D0000 Ecx=8 Edx=0 Edi=340B550 Esi=108 Ebp=303EBF0 Esp=303EB78 Eip=77C45DC4

ADDR: 77C45E63 CODE: 743b jz 0x77c45ea0
Eax=0 Ebx=33D0000 Ecx=8 Edx=0 Edi=340B550 Esi=108 Ebp=303EBF0 Esp=303EB78 Eip=77C45E63

ADDR: 778FFCEF CODE: 7403 jz 0x778ffcf4
Eax=1 Ebx=0 Ecx=1 Edx=C71B14 Edi=3421030 Esi=303EC9C Ebp=303EBFC Esp=303EBF8 Eip=778FFCEF

ADDR: 778FFD03 CODE: 7418 jz 0x778ffd1d
Eax=1 Ebx=0 Ecx=1 Edx=C71B14 Edi=3421030 Esi=303EC9C Ebp=303EBFC Esp=303EBF8 Eip=778FFD03

ADDR: 778FFD07 CODE: 7423 jz 0x778ffd2c
Eax=1 Ebx=0 Ecx=1 Edx=C71B14 Edi=3421030 Esi=303EC9C Ebp=303EBFC Esp=303EBF8 Eip=778FFD07

ADDR: 778FFD0B CODE: 7426 jz 0x778ffd33
Eax=1 Ebx=0 Ecx=1 Edx=C71B14 Edi=3421030 Esi=303EC9C Ebp=303EBFC Esp=303EBF8 Eip=778FFD0B

ADDR: 778FFD0F CODE: 0f841d730700 jz 0x77977032
Eax=1 Ebx=0 Ecx=1 Edx=C71B14 Edi=3421030 Esi=303EC9C Ebp=303EBFC Esp=303EBF8 Eip=778FFD0F

ADDR: 778FFC2A CODE: 741c jz 0x778ffc48
Eax=1 Ebx=0 Ecx=1 Edx=C71B14 Edi=3421030 Esi=0 Ebp=303EC0C Esp=303EC08 Eip=778FFC2A

ADDR: 778FFC62 CODE: 7447 jz 0x778ffcab
Eax=0 Ebx=1 Ecx=1 Edx=C71B14 Edi=3421030 Esi=0 Ebp=303EBFC Esp=303EBE8 Eip=778FFC62

ADDR: 77C77314 CODE: 7422 jz 0x77c77338
Eax=303EBF0 Ebx=1 Ecx=1 Edx=303EBF0 Edi=C71B14 Esi=0 Ebp=303EBFC Esp=303EBD8 Eip=77C77314

ADDR: 77C77328 CODE: 7605 jbe 0x77c7732f
Eax=0 Ebx=1 Ecx=14 Edx=303EBF0 Edi=C71B28 Esi=0 Ebp=303EBFC Esp=303EBD8 Eip=77C77328

ADDR: 77C8A71E CODE: 7410 jz 0x77c8a730
Eax=0 Ebx=303EBF0 Ecx=12 Edx=303EBF0 Edi=3 Esi=77C01710 Ebp=303EB20 Esp=303EB14 Eip=77C8A71E

ADDR: 77C8A738 CODE: 7443 jz 0x77c8a77d
Eax=7FFE0384 Ebx=303EBF0 Ecx=12 Edx=303EBF0 Edi=3 Esi=77C01710 Ebp=303EB20 Esp=303EB14 Eip=77C8A738

ADDR: 77C8A78A CODE: 7419 jz 0x77c8a7a5
Eax=9 Ebx=303EBF0 Ecx=0 Edx=303EBF0 Edi=3 Esi=77C01710 Ebp=303EB20 Esp=303EB14 Eip=77C8A78A

ADDR: 77C8A7A8 CODE: 7401 jz 0x77c8a7ab
Eax=9 Ebx=303EBF0 Ecx=0 Edx=303EBF0 Edi=3 Esi=77C01710 Ebp=303EB20 Esp=303EB14 Eip=77C8A7A8

ADDR: 77C7B3CA CODE: 744f jz 0x77c7b41b
Eax=303EB58 Ebx=303EBF0 Ecx=303EB58 Edx=50 Edi=C71B14 Esi=303EBF8 Ebp=303EBB4 Esp=303EB18 Eip=77C7B3CA

ADDR: 77C7B3D8 CODE: 7231 jb 0x77c7b40b
Eax=0 Ebx=303EBF0 Ecx=303EB58 Edx=50 Edi=303EB58 Esi=303EBF8 Ebp=303EBB4 Esp=303EB14 Eip=77C7B3D8

ADDR: 77C7B3DF CODE: 740c jz 0x77c7b3ed
Eax=0 Ebx=303EBF0 Ecx=0 Edx=50 Edi=303EB58 Esi=303EBF8 Ebp=303EBB4 Esp=303EB14 Eip=77C7B3DF

ADDR: 77C7B403 CODE: 7406 jz 0x77c7b40b
Eax=0 Ebx=303EBF0 Ecx=14 Edx=0 Edi=303EB58 Esi=303EBF8 Ebp=303EBB4 Esp=303EB14 Eip=77C7B403

ADDR: 77C7B409 CODE: 740a jz 0x77c7b415
Eax=0 Ebx=303EBF0 Ecx=0 Edx=0 Edi=303EBA8 Esi=303EBF8 Ebp=303EBB4 Esp=303EB14 Eip=77C7B409

ADDR: 77C3FEB5 CODE: 7432 jz 0x77c3fee9
Eax=303EB58 Ebx=0 Ecx=0 Edx=0 Edi=C71B14 Esi=303EBF8 Ebp=303EBB4 Esp=303EB40 Eip=77C3FEB5

ADDR: 77C3FEFD CODE: 7407 jz 0x77c3ff06
Eax=303EB58 Ebx=1 Ecx=0 Edx=0 Edi=C71B14 Esi=303EBF8 Ebp=303EBB4 Esp=303EB40 Eip=77C3FEFD

ADDR: 77C3FF0D CODE: 74f0 jz 0x77c3feff
Eax=1 Ebx=1 Ecx=0 Edx=0 Edi=C71B14 Esi=303EBF8 Ebp=303EBB4 Esp=303EB40 Eip=77C3FF0D

ADDR: 77C44618 CODE: 7902 jns 0x77c4461c
Eax=2E98000 Ebx=303EB58 Ecx=FFFFE000 Edx=0 Edi=303EB4C Esi=303EBF0 Ebp=303E9F0 Esp=303E9C0 Eip=77C44618

ADDR: 77C44638 CODE: 7902 jns 0x77c4463c
Eax=2E98000 Ebx=303EB58 Ecx=FFFFE000 Edx=0 Edi=303EB4C Esi=303EBF0 Ebp=303E9F0 Esp=303E9C0 Eip=77C44638

ADDR: 77C44618 CODE: 7902 jns 0x77c4461c
Eax=2E98000 Ebx=303EBF0 Ecx=FFFFE000 Edx=0 Edi=303EA20 Esi=303EBF0 Ebp=303E778 Esp=303E748 Eip=77C44618

ADDR: 77C44638 CODE: 7902 jns 0x77c4463c
Eax=2E98000 Ebx=303EBF0 Ecx=FFFFE000 Edx=0 Edi=303EA20 Esi=303EBF0 Ebp=303E778 Esp=303E748 Eip=77C44638

ADDR: 77C44020 CODE: 7415 jz 0x77c44037
Eax=0 Ebx=303EBF0 Ecx=2E95000 Edx=0 Edi=303EA20 Esi=0 Ebp=303E9F0 Esp=303E788 Eip=77C44020

ADDR: 77C4403E CODE: 7445 jz 0x77c44085
Eax=7FFE0384 Ebx=303EBF0 Ecx=2E95000 Edx=0 Edi=303EA20 Esi=0 Ebp=303E9F0 Esp=303E788 Eip=77C4403E

ADDR: 77C4409F CODE: 0f8280010000 jb 0x77c44225
Eax=7FFE0384 Ebx=303EBF0 Ecx=2E95000 Edx=12 Edi=303EA20 Esi=0 Ebp=303E9F0 Esp=303E788 Eip=77C4409F

ADDR: 77C44230 CODE: 7415 jz 0x77c44247
Eax=0 Ebx=303EBF0 Ecx=54004E Edx=12 Edi=303EA20 Esi=0 Ebp=303E9F0 Esp=303E788 Eip=77C44230

ADDR: 77C4424F CODE: 7445 jz 0x77c44296
Eax=7FFE0384 Ebx=303EBF0 Ecx=54004E Edx=12 Edi=303EA20 Esi=0 Ebp=303E9F0 Esp=303E788 Eip=77C4424F

ADDR: 77C442A1 CODE: 7469 jz 0x77c4430c
Eax=303EBF0 Ebx=303EBF0 Ecx=54004E Edx=12 Edi=303EA20 Esi=0 Ebp=303E9F0 Esp=303E788 Eip=77C442A1

ADDR: 77C40EA0 CODE: 7407 jz 0x77c40ea9
Eax=0 Ebx=0 Ecx=0 Edx=303EBF0 Edi=303E79C Esi=0 Ebp=303E75C Esp=303E610 Eip=77C40EA0

ADDR: 77C40EE3 CODE: 0f84d4020000 jz 0x77c411bd
Eax=0 Ebx=0 Ecx=0 Edx=303EBF0 Edi=303E79C Esi=0 Ebp=303E75C Esp=303E610 Eip=77C40EE3

ADDR: 77C40F5E CODE: 0f8403170600 jz 0x77ca2667
Eax=0 Ebx=0 Ecx=0 Edx=303EBF0 Edi=303E79C Esi=0 Ebp=303E75C Esp=303E610 Eip=77C40F5E

ADDR: 77C40F66 CODE: 0f8494020000 jz 0x77c41200
Eax=0 Ebx=0 Ecx=0 Edx=303EBF0 Edi=303E79C Esi=0 Ebp=303E75C Esp=303E610 Eip=77C40F66

ADDR: 77C40F8A CODE: 742a jz 0x77c40fb6
Eax=77C0128C Ebx=0 Ecx=C71B14 Edx=303EBF0 Edi=303E79C Esi=0 Ebp=303E75C Esp=303E610 Eip=77C40F8A

ADDR: 77C40F90 CODE: 7424 jz 0x77c40fb6
Eax=77C0128C Ebx=0 Ecx=C71B14 Edx=303EBF0 Edi=303E79C Esi=0 Ebp=303E75C Esp=303E610 Eip=77C40F90

ADDR: 77C4209A CODE: 7405 jz 0x77c420a1
Eax=303E624 Ebx=0 Ecx=C71B14 Edx=303EBF0 Edi=303E79C Esi=0 Ebp=303E5F8 Esp=303E594 Eip=77C4209A

ADDR: 77C420B0 CODE: 0f84ad030000 jz 0x77c42463
Eax=303E624 Ebx=0 Ecx=0 Edx=303EBF0 Edi=303E79C Esi=0 Ebp=303E5F8 Esp=303E594 Eip=77C420B0

ADDR: 77C420C2 CODE: 742a jz 0x77c420ee
Eax=303E624 Ebx=0 Ecx=0 Edx=303EBF0 Edi=303E61C Esi=FFFE Ebp=303E5F8 Esp=303E58C Eip=77C420C2

ADDR: 77C420D7 CODE: 7746 ja 0x77c4211f
Eax=14 Ebx=0 Ecx=12 Edx=303EBF0 Edi=303E61C Esi=FFFE Ebp=303E5F8 Esp=303E58C Eip=77C420D7

ADDR: 77C420DC CODE: 7741 ja 0x77c4211f
Eax=14 Ebx=0 Ecx=12 Edx=303EBF0 Edi=303E61C Esi=FFFE Ebp=303E5F8 Esp=303E58C Eip=77C420DC

ADDR: 77C420F3 CODE: 7441 jz 0x77c42136
Eax=14 Ebx=0 Ecx=12 Edx=77C01294 Edi=303E61C Esi=FFFE Ebp=303E5F8 Esp=303E58C Eip=77C420F3

ADDR: 77C42108 CODE: 7715 ja 0x77c4211f
Eax=4 Ebx=0 Ecx=2 Edx=77C01294 Edi=303E61C Esi=FFFE Ebp=303E5F8 Esp=303E58C Eip=77C42108

ADDR: 77C4210D CODE: 7710 ja 0x77c4211f
Eax=4 Ebx=0 Ecx=2 Edx=77C01294 Edi=303E61C Esi=FFFE Ebp=303E5F8 Esp=303E58C Eip=77C4210D

ADDR: 77C4216A CODE: 740f jz 0x77c4217b
Eax=1 Ebx=9 Ecx=77C0A680 Edx=77C01294 Edi=C71B14 Esi=1 Ebp=303E5F8 Esp=303E588 Eip=77C4216A

ADDR: 77C4218C CODE: 0f84b1010000 jz 0x77c42343
Eax=FFFFFFFE Ebx=9 Ecx=77C0A680 Edx=77C01294 Edi=C71B24 Esi=1 Ebp=303E5F8 Esp=303E588 Eip=77C4218C

ADDR: 77C42356 CODE: 0f8421ffffff jz 0x77c4227d
Eax=2E Ebx=9 Ecx=0 Edx=77C01294 Edi=C71B24 Esi=1 Ebp=303E5F8 Esp=303E588 Eip=77C42356

ADDR: 77C42361 CODE: 741d jz 0x77c42380
Eax=2E Ebx=9 Ecx=FFFFFFFE Edx=77C01294 Edi=C71B24 Esi=1 Ebp=303E5F8 Esp=303E588 Eip=77C42361

ADDR: 77C42383 CODE: 0f8491feffff jz 0x77c4221a
Eax=2E Ebx=9 Ecx=FFFFFFFE Edx=77C01294 Edi=C71B24 Esi=1 Ebp=303E5F8 Esp=303E588 Eip=77C42383

ADDR: 77C42383 CODE: 0f8491feffff jz 0x77c4221a
Eax=2E Ebx=10008 Ecx=FFFFFFFE Edx=77C01294 Edi=C71B22 Esi=1 Ebp=303E5F8 Esp=303E588 Eip=77C42383

ADDR: 77C42383 CODE: 0f8491feffff jz 0x77c4221a
Eax=2E Ebx=20007 Ecx=FFFFFFFE Edx=77C01294 Edi=C71B20 Esi=1 Ebp=303E5F8 Esp=303E588 Eip=77C42383

ADDR: 77C42383 CODE: 0f8491feffff jz 0x77c4221a
Eax=2E Ebx=30006 Ecx=FFFFFFFE Edx=77C01294 Edi=C71B1E Esi=1 Ebp=303E5F8 Esp=303E588 Eip=77C42383

ADDR: 77C42225 CODE: 0f8415020000 jz 0x77c42440
Eax=2E Ebx=6000A Ecx=FFFFFFFE Edx=77C01294 Edi=C71B1E Esi=1 Ebp=303E5F8 Esp=303E588 Eip=77C42225

ADDR: 77C40FAC CODE: 0f8868020000 js 0x77c4121a
Eax=0 Ebx=0 Ecx=DA56165 Edx=77C01294 Edi=303E79C Esi=0 Ebp=303E75C Esp=303E610 Eip=77C40FAC

ADDR: 77C40FD7 CODE: 7215 jb 0x77c40fee
Eax=12 Ebx=0 Ecx=C71B14 Edx=77C01294 Edi=303E79C Esi=0 Ebp=303E75C Esp=303E610 Eip=77C40FD7

ADDR: 77C40FDF CODE: 0f84a8160600 jz 0x77ca268d
Eax=12 Ebx=0 Ecx=C71B14 Edx=6E Edi=303E79C Esi=0 Ebp=303E75C Esp=303E610 Eip=77C40FDF

ADDR: 77C40FE8 CODE: 0f849f160600 jz 0x77ca268d
Eax=12 Ebx=0 Ecx=C71B14 Edx=6E Edi=303E79C Esi=0 Ebp=303E75C Esp=303E610 Eip=77C40FE8

ADDR: 77C40FF2 CODE: 0f82be010000 jb 0x77c411b6
Eax=12 Ebx=0 Ecx=C71B14 Edx=6E Edi=303E79C Esi=0 Ebp=303E75C Esp=303E610 Eip=77C40FF2

ADDR: 77C40FFC CODE: 0f84b4010000 jz 0x77c411b6
Eax=12 Ebx=0 Ecx=C71B14 Edx=6E Edi=303E79C Esi=0 Ebp=303E75C Esp=303E610 Eip=77C40FFC

ADDR: 77C410A1 CODE: 785e js 0x77c41101
Eax=0 Ebx=0 Ecx=C71B14 Edx=6E Edi=303E79C Esi=0 Ebp=303E75C Esp=303E610 Eip=77C410A1

ADDR: 77C410A7 CODE: 7422 jz 0x77c410cb
Eax=0 Ebx=0 Ecx=C71B14 Edx=6E Edi=303E79C Esi=0 Ebp=303E75C Esp=303E610 Eip=77C410A7

ADDR: 77C410B3 CODE: 7416 jz 0x77c410cb
Eax=2E95000 Ebx=0 Ecx=C71B14 Edx=6E Edi=303E79C Esi=0 Ebp=303E75C Esp=303E610 Eip=77C410B3

ADDR: 77C410D8 CODE: 0f842f010000 jz 0x77c4120d
Eax=33D5DC8 Ebx=0 Ecx=C71B14 Edx=6E Edi=303E79C Esi=0 Ebp=303E75C Esp=303E610 Eip=77C410D8

ADDR: 77C7B3CA CODE: 744f jz 0x77c7b41b
Eax=303E56C Ebx=303E684 Ecx=303E56C Edx=3C Edi=303E79C Esi=303E61C Ebp=303E5FC Esp=303E548 Eip=77C7B3CA

ADDR: 77C7B3D8 CODE: 7231 jb 0x77c7b40b
Eax=0 Ebx=303E684 Ecx=303E56C Edx=3C Edi=303E56C Esi=303E61C Ebp=303E5FC Esp=303E544 Eip=77C7B3D8

ADDR: 77C7B3DF CODE: 740c jz 0x77c7b3ed
Eax=0 Ebx=303E684 Ecx=0 Edx=3C Edi=303E56C Esi=303E61C Ebp=303E5FC Esp=303E544 Eip=77C7B3DF

ADDR: 77C7B403 CODE: 7406 jz 0x77c7b40b
Eax=0 Ebx=303E684 Ecx=F Edx=0 Edi=303E56C Esi=303E61C Ebp=303E5FC Esp=303E544 Eip=77C7B403

ADDR: 77C7B409 CODE: 740a jz 0x77c7b415
Eax=0 Ebx=303E684 Ecx=0 Edx=0 Edi=303E5A8 Esi=303E61C Ebp=303E5FC Esp=303E544 Eip=77C7B409

ADDR: 77C416FF CODE: 0f840c030000 jz 0x77c41a11
Eax=2E95000 Ebx=303E684 Ecx=2E98000 Edx=0 Edi=0 Esi=303E61C Ebp=303E53C Esp=303E4F0 Eip=77C416FF

ADDR: 77C41721 CODE: 0f8422140600 jz 0x77ca2b49
Eax=2E95000 Ebx=303E684 Ecx=2E98000 Edx=0 Edi=0 Esi=303E61C Ebp=303E53C Esp=303E4F0 Eip=77C41721

ADDR: 77C4173C CODE: 0f84d1030000 jz 0x77c41b13
Eax=303E568 Ebx=303E684 Ecx=2E98000 Edx=3 Edi=0 Esi=303E61C Ebp=303E53C Esp=303E4F0 Eip=77C4173C

ADDR: 77C41744 CODE: 0f84ff130600 jz 0x77ca2b49
Eax=303E568 Ebx=303E684 Ecx=2E98000 Edx=3 Edi=0 Esi=303E61C Ebp=303E53C Esp=303E4F0 Eip=77C41744

ADDR: 77C4174D CODE: 0f82f6130600 jb 0x77ca2b49
Eax=303E568 Ebx=303E684 Ecx=2E98000 Edx=3 Edi=0 Esi=303E61C Ebp=303E53C Esp=303E4F0 Eip=77C4174D

ADDR: 77C41756 CODE: 7412 jz 0x77c4176a
Eax=303E568 Ebx=303E684 Ecx=2E98000 Edx=3 Edi=0 Esi=303E61C Ebp=303E53C Esp=303E4F0 Eip=77C41756

ADDR: 77C41761 CODE: 0f87c7130600 ja 0x77ca2b2e
Eax=303E594 Ebx=303E684 Ecx=303E5A8 Edx=3 Edi=0 Esi=303E61C Ebp=303E53C Esp=303E4F0 Eip=77C41761

ADDR: 77C417D3 CODE: 7406 jz 0x77c417db
Eax=2E98184 Ebx=0 Ecx=2E95000 Edx=2E98000 Edi=0 Esi=303E61C Ebp=303E53C Esp=303E4F0 Eip=77C417D3

ADDR: 77C417E9 CODE: 0f8437010000 jz 0x77c41926
Eax=2E98184 Ebx=0 Ecx=2E95000 Edx=2E98000 Edi=3050000 Esi=0 Ebp=303E53C Esp=303E4F0 Eip=77C417E9

ADDR: 77C41B6B CODE: 0f8241120600 jb 0x77ca2db2
Eax=303E508 Ebx=20F0 Ecx=3050000 Edx=0 Edi=0 Esi=3050000 Ebp=303E4DC Esp=303E4A0 Eip=77C41B6B

ADDR: 77C41B75 CODE: 0f8237120600 jb 0x77ca2db2
Eax=303E508 Ebx=20F0 Ecx=3050000 Edx=0 Edi=0 Esi=3050000 Ebp=303E4DC Esp=303E4A0 Eip=77C41B75

ADDR: 77C41B88 CODE: 0f84d9000000 jz 0x77c41c67
Eax=94 Ebx=20F0 Ecx=3050000 Edx=0 Edi=0 Esi=3050000 Ebp=303E4DC Esp=303E4A0 Eip=77C41B88

ADDR: 77C41B93 CODE: 0f84ce000000 jz 0x77c41c67
Eax=94 Ebx=20F0 Ecx=3050094 Edx=0 Edi=0 Esi=3050000 Ebp=303E4DC Esp=303E4A0 Eip=77C41B93

ADDR: 77C41B9E CODE: 0f84c3000000 jz 0x77c41c67
Eax=94 Ebx=20F0 Ecx=3050094 Edx=0 Edi=9 Esi=3050000 Ebp=303E4DC Esp=303E4A0 Eip=77C41B9E

ADDR: 77C41BB5 CODE: 720f jb 0x77c41bc6
Eax=90 Ebx=20F0 Ecx=3050094 Edx=0 Edi=9 Esi=3050000 Ebp=303E4DC Esp=303E4A0 Eip=77C41BB5

ADDR: 77C41BB7 CODE: 0f87da110600 ja 0x77ca2d97
Eax=90 Ebx=20F0 Ecx=3050094 Edx=0 Edi=9 Esi=3050000 Ebp=303E4DC Esp=303E4A0 Eip=77C41BB7

ADDR: 77C41BC0 CODE: 0f87d1110600 ja 0x77ca2d97
Eax=90 Ebx=20F0 Ecx=3050094 Edx=0 Edi=9 Esi=3050000 Ebp=303E4DC Esp=303E4A0 Eip=77C41BC0

ADDR: 77C41BD4 CODE: 0f82c0110600 jb 0x77ca2d9a
Eax=90 Ebx=20F0 Ecx=3050094 Edx=A4 Edi=9 Esi=3050000 Ebp=303E4DC Esp=303E4A0 Eip=77C41BD4

ADDR: 77C41BDC CODE: 0f83b8110600 jae 0x77ca2d9a
Eax=90 Ebx=20F0 Ecx=3050094 Edx=A4 Edi=9 Esi=3050000 Ebp=303E4DC Esp=303E4A0 Eip=77C41BDC

ADDR: 77C41BE5 CODE: 0f87af110600 ja 0x77ca2d9a
Eax=90 Ebx=20F0 Ecx=3050094 Edx=A4 Edi=9 Esi=3050000 Ebp=303E4DC Esp=303E4A0 Eip=77C41BE5

ADDR: 77C41BF3 CODE: 0f847a110600 jz 0x77ca2d73
Eax=90 Ebx=20F0 Ecx=2 Edx=30500A4 Edi=9 Esi=3050000 Ebp=303E4DC Esp=303E4A0 Eip=77C41BF3

ADDR: 77C41C00 CODE: 7265 jb 0x77c41c67
Eax=2 Ebx=1 Ecx=2 Edx=30500A4 Edi=9 Esi=3050000 Ebp=303E4DC Esp=303E4A0 Eip=77C41C00

ADDR: 77C7A5A6 CODE: 7479 jz 0x77c7a621
Eax=10 Ebx=30500A4 Ecx=2 Edx=30500A4 Edi=9 Esi=3050124 Ebp=303E484 Esp=303E46C Eip=77C7A5A6

ADDR: 77C7A5AC CODE: 7473 jz 0x77c7a621
Eax=10 Ebx=30500A4 Ecx=2 Edx=30500A4 Edi=9 Esi=3050124 Ebp=303E484 Esp=303E46C Eip=77C7A5AC

ADDR: 77C98DEB CODE: 730a jae 0x77c98df7
Eax=EF8BAAA Ebx=30500A4 Ecx=77C5D550 Edx=10400 Edi=9 Esi=3050124 Ebp=303E484 Esp=303E468 Eip=77C98DEB

ADDR: 77C7A601 CODE: 76b5 jbe 0x77c7a5b8
Eax=EF8BAAA Ebx=30500A4 Ecx=77C5D550 Edx=10400 Edi=9 Esi=3050124 Ebp=303E484 Esp=303E46C Eip=77C7A601

ADDR: 77C7A5BF CODE: 7449 jz 0x77c7a60a
Eax=4 Ebx=30500A4 Ecx=77C5D550 Edx=10400 Edi=9 Esi=3050124 Ebp=303E484 Esp=303E46C Eip=77C7A5BF

ADDR: 77C5D561 CODE: 7605 jbe 0x77c5d568
Eax=5 Ebx=30500A4 Ecx=2 Edx=10400 Edi=3 Esi=3050124 Ebp=303E45C Esp=303E45C Eip=77C5D561

ADDR: 77C7A5E4 CODE: 741f jz 0x77c7a605
Eax=FFFFFFFF Ebx=30500A4 Ecx=30500E4 Edx=10400 Edi=3 Esi=3050124 Ebp=303E484 Esp=303E46C Eip=77C7A5E4

ADDR: 77C7A5E6 CODE: 790e jns 0x77c7a5f6
Eax=FFFFFFFF Ebx=30500A4 Ecx=30500E4 Edx=10400 Edi=3 Esi=3050124 Ebp=303E484 Esp=303E46C Eip=77C7A5E6

ADDR: 77C7A5F2 CODE: 740b jz 0x77c7a5ff
Eax=FFFFFFFF Ebx=30500A4 Ecx=30500E4 Edx=10400 Edi=3 Esi=30500D4 Ebp=303E484 Esp=303E46C Eip=77C7A5F2

ADDR: 77C7A601 CODE: 76b5 jbe 0x77c7a5b8
Eax=FFFFFFFF Ebx=30500A4 Ecx=30500E4 Edx=10400 Edi=4 Esi=30500D4 Ebp=303E484 Esp=303E46C Eip=77C7A601

ADDR: 77C7A5BF CODE: 7449 jz 0x77c7a60a
Eax=2 Ebx=30500A4 Ecx=30500E4 Edx=10400 Edi=4 Esi=30500D4 Ebp=303E484 Esp=303E46C Eip=77C7A5BF

ADDR: 77C5D561 CODE: 7605 jbe 0x77c5d568
Eax=2 Ebx=30500A4 Ecx=2 Edx=10400 Edi=1 Esi=30500D4 Ebp=303E45C Esp=303E45C Eip=77C5D561

ADDR: 77C7A5E4 CODE: 741f jz 0x77c7a605
Eax=0 Ebx=30500A4 Ecx=30500B4 Edx=10400 Edi=1 Esi=30500D4 Ebp=303E484 Esp=303E46C Eip=77C7A5E4

ADDR: 77C41C25 CODE: 7440 jz 0x77c41c67
Eax=30500B4 Ebx=1 Ecx=30500B4 Edx=10400 Edi=9 Esi=3050000 Ebp=303E4DC Esp=303E4A0 Eip=77C41C25

ADDR: 77C41C2C CODE: 7439 jz 0x77c41c67
Eax=30500B4 Ebx=1 Ecx=AE0 Edx=10400 Edi=9 Esi=3050000 Ebp=303E4DC Esp=303E4A0 Eip=77C41C2C

ADDR: 77C41C39 CODE: 7244 jb 0x77c41c7f
Eax=30500B4 Ebx=C4 Ecx=AE0 Edx=20F0 Edi=BA4 Esi=3050000 Ebp=303E4DC Esp=303E4A0 Eip=77C41C39

ADDR: 77C41C3D CODE: 7340 jae 0x77c41c7f
Eax=30500B4 Ebx=C4 Ecx=AE0 Edx=20F0 Edi=BA4 Esi=3050000 Ebp=303E4DC Esp=303E4A0 Eip=77C41C3D

ADDR: 77C41C41 CODE: 773c ja 0x77c41c7f
Eax=30500B4 Ebx=C4 Ecx=AE0 Edx=20F0 Edi=BA4 Esi=3050000 Ebp=303E4DC Esp=303E4A0 Eip=77C41C41

ADDR: 77C41848 CODE: 0f88fd000000 js 0x77c4194b
Eax=0 Ebx=2 Ecx=DA56165 Edx=303E50C Edi=3050000 Esi=0 Ebp=303E53C Esp=303E4F0 Eip=77C41848

ADDR: 77C41879 CODE: 0f82bc130600 jb 0x77ca2c3b
Eax=1 Ebx=C4 Ecx=1 Edx=303E50C Edi=3050000 Esi=0 Ebp=303E53C Esp=303E4F0 Eip=77C41879

ADDR: 77C41CED CODE: 7464 jz 0x77c41d53
Eax=303E501 Ebx=303E518 Ecx=3050AE0 Edx=303E514 Edi=3050AE0 Esi=303E5B8 Ebp=303E4D0 Esp=303E470 Eip=77C41CED

ADDR: 77C41D6D CODE: 0f848a000000 jz 0x77c41dfd
Eax=303E501 Ebx=303E518 Ecx=1 Edx=303E514 Edi=3050AE0 Esi=303E5B8 Ebp=303E4D0 Esp=303E470 Eip=77C41D6D

ADDR: 77C41D80 CODE: 0f842a010000 jz 0x77c41eb0
Eax=303E501 Ebx=0 Ecx=3150004 Edx=303E514 Edi=3050AE0 Esi=303E5B8 Ebp=303E4D0 Esp=303E470 Eip=77C41D80

ADDR: 77C41D88 CODE: 0f8422010000 jz 0x77c41eb0
Eax=303E501 Ebx=0 Ecx=3150004 Edx=303E514 Edi=3050AE0 Esi=303E5B8 Ebp=303E4D0 Esp=303E470 Eip=77C41D88

ADDR: 77C41D9C CODE: 0f870b010000 ja 0x77c41ead
Eax=303E501 Ebx=0 Ecx=C71B14 Edx=303E514 Edi=3050AE0 Esi=9 Ebp=303E4D0 Esp=303E470 Eip=77C41D9C

ADDR: 77C41DA4 CODE: 744d jz 0x77c41df3
Eax=303E501 Ebx=0 Ecx=C71B14 Edx=303E514 Edi=3050AE0 Esi=9 Ebp=303E4D0 Esp=303E470 Eip=77C41DA4

ADDR: 77C41DA8 CODE: 7436 jz 0x77c41de0
Eax=303E501 Ebx=0 Ecx=C71B14 Edx=303E514 Edi=3050AE0 Esi=9 Ebp=303E4D0 Esp=303E470 Eip=77C41DA8

ADDR: 77C88F7B CODE: 7243 jb 0x77c88fc0
Eax=303E501 Ebx=0 Ecx=3150004 Edx=6E Edi=C71B16 Esi=3150004 Ebp=303E4D0 Esp=303E468 Eip=77C88F7B

ADDR: 77C88F81 CODE: 7705 ja 0x77c88f88
Eax=303E501 Ebx=0 Ecx=3150004 Edx=6E Edi=C71B16 Esi=3150004 Ebp=303E4D0 Esp=303E468 Eip=77C88F81

ADDR: 77C88F7B CODE: 7243 jb 0x77c88fc0
Eax=4E Ebx=4E Ecx=3150004 Edx=74 Edi=C71B18 Esi=3150004 Ebp=303E4D0 Esp=303E468 Eip=77C88F7B

ADDR: 77C88F81 CODE: 7705 ja 0x77c88f88
Eax=4E Ebx=4E Ecx=3150004 Edx=74 Edi=C71B18 Esi=3150004 Ebp=303E4D0 Esp=303E468 Eip=77C88F81

ADDR: 77C88F7B CODE: 7243 jb 0x77c88fc0
Eax=54 Ebx=4E1386 Ecx=3150004 Edx=64 Edi=C71B1A Esi=3150004 Ebp=303E4D0 Esp=303E468 Eip=77C88F7B

ADDR: 77C88F81 CODE: 7705 ja 0x77c88f88
Eax=54 Ebx=4E1386 Ecx=3150004 Edx=64 Edi=C71B1A Esi=3150004 Ebp=303E4D0 Esp=303E468 Eip=77C88F81

ADDR: 77C88F7B CODE: 7243 jb 0x77c88fc0
Eax=44 Ebx=26BCCE3E Ecx=3150004 Edx=6C Edi=C71B1C Esi=3150004 Ebp=303E4D0 Esp=303E468 Eip=77C88F7B

ADDR: 77C88F81 CODE: 7705 ja 0x77c88f88
Eax=44 Ebx=26BCCE3E Ecx=3150004 Edx=6C Edi=C71B1C Esi=3150004 Ebp=303E4D0 Esp=303E468 Eip=77C88F81

ADDR: 77C88F7B CODE: 7243 jb 0x77c88fc0
Eax=4C Ebx=56B4C18E Ecx=3150004 Edx=6C Edi=C71B1E Esi=3150004 Ebp=303E4D0 Esp=303E468 Eip=77C88F7B

ADDR: 77C88F81 CODE: 7705 ja 0x77c88f88
Eax=4C Ebx=56B4C18E Ecx=3150004 Edx=6C Edi=C71B1E Esi=3150004 Ebp=303E4D0 Esp=303E468 Eip=77C88F81

ADDR: 77C88F7B CODE: 7243 jb 0x77c88fc0
Eax=4C Ebx=1809A23E Ecx=3150004 Edx=2E Edi=C71B20 Esi=3150004 Ebp=303E4D0 Esp=303E468 Eip=77C88F7B

ADDR: 77C88F7B CODE: 7243 jb 0x77c88fc0
Eax=2E Ebx=8C9CED70 Ecx=3150004 Edx=64 Edi=C71B22 Esi=3150004 Ebp=303E4D0 Esp=303E468 Eip=77C88F7B

ADDR: 77C88F81 CODE: 7705 ja 0x77c88f88
Eax=2E Ebx=8C9CED70 Ecx=3150004 Edx=64 Edi=C71B22 Esi=3150004 Ebp=303E4D0 Esp=303E468 Eip=77C88F81

ADDR: 77C88F7B CODE: 7243 jb 0x77c88fc0
Eax=44 Ebx=880E6ED4 Ecx=3150004 Edx=6C Edi=C71B24 Esi=3150004 Ebp=303E4D0 Esp=303E468 Eip=77C88F7B

ADDR: 77C88F81 CODE: 7705 ja 0x77c88f88
Eax=44 Ebx=880E6ED4 Ecx=3150004 Edx=6C Edi=C71B24 Esi=3150004 Ebp=303E4D0 Esp=303E468 Eip=77C88F81

ADDR: 77C88F7B CODE: 7243 jb 0x77c88fc0
Eax=4C Ebx=EA614678 Ecx=3150004 Edx=6C Edi=C71B26 Esi=3150004 Ebp=303E4D0 Esp=303E468 Eip=77C88F7B

ADDR: 77C88F81 CODE: 7705 ja 0x77c88f88
Eax=4C Ebx=EA614678 Ecx=3150004 Edx=6C Edi=C71B26 Esi=3150004 Ebp=303E4D0 Esp=303E468 Eip=77C88F81

ADDR: 77C41E0F CODE: 0f8431010000 jz 0x77c41f46
Eax=1 Ebx=F46857D4 Ecx=0 Edx=303E514 Edi=3050AE0 Esi=0 Ebp=303E4D0 Esp=303E470 Eip=77C41E0F

ADDR: 77C41F4F CODE: 0f84aafdffff jz 0x77c41cff
Eax=1 Ebx=F46857D4 Ecx=1 Edx=303E514 Edi=3050AE0 Esi=0 Ebp=303E4D0 Esp=303E470 Eip=77C41F4F

ADDR: 77C7A5A6 CODE: 7479 jz 0x77c7a621
Eax=18 Ebx=3050B0C Ecx=2 Edx=303E514 Edi=2 Esi=3050B24 Ebp=303E454 Esp=303E43C Eip=77C7A5A6

ADDR: 77C7A5AC CODE: 7473 jz 0x77c7a621
Eax=18 Ebx=3050B0C Ecx=2 Edx=303E514 Edi=2 Esi=3050B24 Ebp=303E454 Esp=303E43C Eip=77C7A5AC

ADDR: 77C98DEB CODE: 730a jae 0x77c98df7
Eax=EF8BAAA Ebx=3050B0C Ecx=77C5D550 Edx=10400 Edi=2 Esi=3050B24 Ebp=303E454 Esp=303E438 Eip=77C98DEB

ADDR: 77C7A601 CODE: 76b5 jbe 0x77c7a5b8
Eax=EF8BAAA Ebx=3050B0C Ecx=77C5D550 Edx=10400 Edi=2 Esi=3050B24 Ebp=303E454 Esp=303E43C Eip=77C7A601

ADDR: 77C7A5BF CODE: 7449 jz 0x77c7a60a
Eax=1 Ebx=3050B0C Ecx=77C5D550 Edx=10400 Edi=2 Esi=3050B24 Ebp=303E454 Esp=303E43C Eip=77C7A5BF

ADDR: 77C5D561 CODE: 7605 jbe 0x77c5d568
Eax=BBF34EA2 Ebx=3050B0C Ecx=F46857D4 Edx=10400 Edi=0 Esi=3050B24 Ebp=303E42C Esp=303E42C Eip=77C5D561

ADDR: 77C7A5E4 CODE: 741f jz 0x77c7a605
Eax=1 Ebx=3050B0C Ecx=3050B0C Edx=10400 Edi=0 Esi=3050B24 Ebp=303E454 Esp=303E43C Eip=77C7A5E4

ADDR: 77C7A5E6 CODE: 790e jns 0x77c7a5f6
Eax=1 Ebx=3050B0C Ecx=3050B0C Edx=10400 Edi=0 Esi=3050B24 Ebp=303E454 Esp=303E43C Eip=77C7A5E6

ADDR: 77C7A601 CODE: 76b5 jbe 0x77c7a5b8
Eax=1 Ebx=3050B24 Ecx=3050B0C Edx=10400 Edi=1 Esi=3050B24 Ebp=303E454 Esp=303E43C Eip=77C7A601

ADDR: 77C7A5BF CODE: 7449 jz 0x77c7a60a
Eax=0 Ebx=3050B24 Ecx=3050B0C Edx=10400 Edi=1 Esi=3050B24 Ebp=303E454 Esp=303E43C Eip=77C7A5BF

ADDR: 77C7A60C CODE: 7422 jz 0x77c7a630
Eax=0 Ebx=3050B24 Ecx=3050B0C Edx=10400 Edi=1 Esi=3050B24 Ebp=303E454 Esp=303E43C Eip=77C7A60C

ADDR: 77C5D561 CODE: 7605 jbe 0x77c5d568
Eax=F1C4BC4F Ebx=3050B24 Ecx=F46857D4 Edx=10400 Edi=1 Esi=3050B24 Ebp=303E42C Esp=303E42C Eip=77C5D561

ADDR: 77C41F87 CODE: 0f84c6fdffff jz 0x77c41d53
Eax=0 Ebx=3050B0C Ecx=3050B24 Edx=10400 Edi=3050AE0 Esi=0 Ebp=303E4D0 Esp=303E470 Eip=77C41F87

ADDR: 77C418BC CODE: 0f8961010000 jns 0x77c41a23
Eax=C0150008 Ebx=C4 Ecx=DA56165 Edx=10400 Edi=303E568 Esi=0 Ebp=303E53C Esp=303E4F0 Eip=77C418BC

ADDR: 77C418F3 CODE: 7679 jbe 0x77c4196e
Eax=2E95000 Ebx=2 Ecx=0 Edx=2E98000 Edi=303E568 Esi=0 Ebp=303E53C Esp=303E4F0 Eip=77C418F3

ADDR: 77C41973 CODE: 0f8424120600 jz 0x77ca2b9d
Eax=2 Ebx=2 Ecx=0 Edx=2E98000 Edi=303E568 Esi=0 Ebp=303E53C Esp=303E4F0 Eip=77C41973

ADDR: 77C4197C CODE: 0f84fe000000 jz 0x77c41a80
Eax=1 Ebx=2 Ecx=0 Edx=2E98000 Edi=303E568 Esi=0 Ebp=303E53C Esp=303E4F0 Eip=77C4197C

ADDR: 77C419A3 CODE: 0f844cffffff jz 0x77c418f5
Eax=2E95000 Ebx=2 Ecx=3040000 Edx=2E98000 Edi=303E568 Esi=0 Ebp=303E53C Esp=303E4F0 Eip=77C419A3

ADDR: 77C41B6B CODE: 0f8241120600 jb 0x77ca2db2
Eax=303E508 Ebx=32E8 Ecx=3040000 Edx=0 Edi=0 Esi=3040000 Ebp=303E4DC Esp=303E4A0 Eip=77C41B6B

ADDR: 77C41B75 CODE: 0f8237120600 jb 0x77ca2db2
Eax=303E508 Ebx=32E8 Ecx=3040000 Edx=0 Edi=0 Esi=3040000 Ebp=303E4DC Esp=303E4A0 Eip=77C41B75

ADDR: 77C41B88 CODE: 0f84d9000000 jz 0x77c41c67
Eax=DC Ebx=32E8 Ecx=3040000 Edx=0 Edi=0 Esi=3040000 Ebp=303E4DC Esp=303E4A0 Eip=77C41B88

ADDR: 77C41B93 CODE: 0f84ce000000 jz 0x77c41c67
Eax=DC Ebx=32E8 Ecx=30400DC Edx=0 Edi=0 Esi=3040000 Ebp=303E4DC Esp=303E4A0 Eip=77C41B93

ADDR: 77C41B9E CODE: 0f84c3000000 jz 0x77c41c67
Eax=DC Ebx=32E8 Ecx=30400DC Edx=0 Edi=9 Esi=3040000 Ebp=303E4DC Esp=303E4A0 Eip=77C41B9E

ADDR: 77C41BB5 CODE: 720f jb 0x77c41bc6
Eax=90 Ebx=32E8 Ecx=30400DC Edx=0 Edi=9 Esi=3040000 Ebp=303E4DC Esp=303E4A0 Eip=77C41BB5

ADDR: 77C41BB7 CODE: 0f87da110600 ja 0x77ca2d97
Eax=90 Ebx=32E8 Ecx=30400DC Edx=0 Edi=9 Esi=3040000 Ebp=303E4DC Esp=303E4A0 Eip=77C41BB7

ADDR: 77C41BC0 CODE: 0f87d1110600 ja 0x77ca2d97
Eax=90 Ebx=32E8 Ecx=30400DC Edx=0 Edi=9 Esi=3040000 Ebp=303E4DC Esp=303E4A0 Eip=77C41BC0

ADDR: 77C41BD4 CODE: 0f82c0110600 jb 0x77ca2d9a
Eax=90 Ebx=32E8 Ecx=30400DC Edx=EC Edi=9 Esi=3040000 Ebp=303E4DC Esp=303E4A0 Eip=77C41BD4

ADDR: 77C41BDC CODE: 0f83b8110600 jae 0x77ca2d9a
Eax=90 Ebx=32E8 Ecx=30400DC Edx=EC Edi=9 Esi=3040000 Ebp=303E4DC Esp=303E4A0 Eip=77C41BDC

ADDR: 77C41BE5 CODE: 0f87af110600 ja 0x77ca2d9a
Eax=90 Ebx=32E8 Ecx=30400DC Edx=EC Edi=9 Esi=3040000 Ebp=303E4DC Esp=303E4A0 Eip=77C41BE5

ADDR: 77C41BF3 CODE: 0f847a110600 jz 0x77ca2d73
Eax=90 Ebx=32E8 Ecx=2 Edx=30400EC Edi=9 Esi=3040000 Ebp=303E4DC Esp=303E4A0 Eip=77C41BF3

ADDR: 77C41C00 CODE: 7265 jb 0x77c41c67
Eax=2 Ebx=1 Ecx=2 Edx=30400EC Edi=9 Esi=3040000 Ebp=303E4DC Esp=303E4A0 Eip=77C41C00

ADDR: 77C7A5A6 CODE: 7479 jz 0x77c7a621
Eax=10 Ebx=30400EC Ecx=2 Edx=30400EC Edi=9 Esi=304016C Ebp=303E484 Esp=303E46C Eip=77C7A5A6

ADDR: 77C7A5AC CODE: 7473 jz 0x77c7a621
Eax=10 Ebx=30400EC Ecx=2 Edx=30400EC Edi=9 Esi=304016C Ebp=303E484 Esp=303E46C Eip=77C7A5AC

ADDR: 77C98DEB CODE: 730a jae 0x77c98df7
Eax=EF8BAAA Ebx=30400EC Ecx=77C5D550 Edx=10400 Edi=9 Esi=304016C Ebp=303E484 Esp=303E468 Eip=77C98DEB

ADDR: 77C7A601 CODE: 76b5 jbe 0x77c7a5b8
Eax=EF8BAAA Ebx=30400EC Ecx=77C5D550 Edx=10400 Edi=9 Esi=304016C Ebp=303E484 Esp=303E46C Eip=77C7A601

ADDR: 77C7A5BF CODE: 7449 jz 0x77c7a60a
Eax=4 Ebx=30400EC Ecx=77C5D550 Edx=10400 Edi=9 Esi=304016C Ebp=303E484 Esp=303E46C Eip=77C7A5BF

ADDR: 77C5D561 CODE: 7605 jbe 0x77c5d568
Eax=5 Ebx=30400EC Ecx=2 Edx=10400 Edi=3 Esi=304016C Ebp=303E45C Esp=303E45C Eip=77C5D561

ADDR: 77C7A5E4 CODE: 741f jz 0x77c7a605
Eax=FFFFFFFF Ebx=30400EC Ecx=304012C Edx=10400 Edi=3 Esi=304016C Ebp=303E484 Esp=303E46C Eip=77C7A5E4

ADDR: 77C7A5E6 CODE: 790e jns 0x77c7a5f6
Eax=FFFFFFFF Ebx=30400EC Ecx=304012C Edx=10400 Edi=3 Esi=304016C Ebp=303E484 Esp=303E46C Eip=77C7A5E6

ADDR: 77C7A5F2 CODE: 740b jz 0x77c7a5ff
Eax=FFFFFFFF Ebx=30400EC Ecx=304012C Edx=10400 Edi=3 Esi=304011C Ebp=303E484 Esp=303E46C Eip=77C7A5F2

ADDR: 77C7A601 CODE: 76b5 jbe 0x77c7a5b8
Eax=FFFFFFFF Ebx=30400EC Ecx=304012C Edx=10400 Edi=4 Esi=304011C Ebp=303E484 Esp=303E46C Eip=77C7A601

ADDR: 77C7A5BF CODE: 7449 jz 0x77c7a60a
Eax=2 Ebx=30400EC Ecx=304012C Edx=10400 Edi=4 Esi=304011C Ebp=303E484 Esp=303E46C Eip=77C7A5BF

ADDR: 77C5D561 CODE: 7605 jbe 0x77c5d568
Eax=2 Ebx=30400EC Ecx=2 Edx=10400 Edi=1 Esi=304011C Ebp=303E45C Esp=303E45C Eip=77C5D561

ADDR: 77C7A5E4 CODE: 741f jz 0x77c7a605
Eax=0 Ebx=30400EC Ecx=30400FC Edx=10400 Edi=1 Esi=304011C Ebp=303E484 Esp=303E46C Eip=77C7A5E4

ADDR: 77C41C25 CODE: 7440 jz 0x77c41c67
Eax=30400FC Ebx=1 Ecx=30400FC Edx=10400 Edi=9 Esi=3040000 Ebp=303E4DC Esp=303E4A0 Eip=77C41C25

ADDR: 77C41C2C CODE: 7439 jz 0x77c41c67
Eax=30400FC Ebx=1 Ecx=1724 Edx=10400 Edi=9 Esi=3040000 Ebp=303E4DC Esp=303E4A0 Eip=77C41C2C

ADDR: 77C41C39 CODE: 7244 jb 0x77c41c7f
Eax=30400FC Ebx=7A0 Ecx=1724 Edx=32E8 Edi=1EC4 Esi=3040000 Ebp=303E4DC Esp=303E4A0 Eip=77C41C39

ADDR: 77C41C3D CODE: 7340 jae 0x77c41c7f
Eax=30400FC Ebx=7A0 Ecx=1724 Edx=32E8 Edi=1EC4 Esi=3040000 Ebp=303E4DC Esp=303E4A0 Eip=77C41C3D

ADDR: 77C41C41 CODE: 773c ja 0x77c41c7f
Eax=30400FC Ebx=7A0 Ecx=1724 Edx=32E8 Edi=1EC4 Esi=3040000 Ebp=303E4DC Esp=303E4A0 Eip=77C41C41

ADDR: 77C419C9 CODE: 0f88db000000 js 0x77c41aaa
Eax=0 Ebx=3 Ecx=DA56165 Edx=303E50C Edi=303E568 Esi=0 Ebp=303E53C Esp=303E4F0 Eip=77C419C9

ADDR: 77C41A06 CODE: 0f8384feffff jae 0x77c41890
Eax=0 Ebx=7A0 Ecx=0 Edx=FFFFFFFC Edi=303E568 Esi=0 Ebp=303E53C Esp=303E4F0 Eip=77C41A06

ADDR: 77C41CED CODE: 7464 jz 0x77c41d53
Eax=303E501 Ebx=303E518 Ecx=3041724 Edx=303E514 Edi=3041724 Esi=303E5B8 Ebp=303E4D0 Esp=303E470 Eip=77C41CED

ADDR: 77C41D6D CODE: 0f848a000000 jz 0x77c41dfd
Eax=303E501 Ebx=303E518 Ecx=1 Edx=303E514 Edi=3041724 Esi=303E5B8 Ebp=303E4D0 Esp=303E470 Eip=77C41D6D

ADDR: 77C41E0F CODE: 0f8431010000 jz 0x77c41f46
Eax=303E501 Ebx=303E518 Ecx=FFFFF9FF Edx=303E514 Edi=3041724 Esi=6F8 Ebp=303E4D0 Esp=303E470 Eip=77C41E0F

ADDR: 77C41E3F CODE: 0f860effffff jbe 0x77c41d53
Eax=3041E7C Ebx=303E518 Ecx=0 Edx=3041E24 Edi=3041724 Esi=6F8 Ebp=303E4D0 Esp=303E470 Eip=77C41E3F

ADDR: 77C41E54 CODE: 0f87c1000000 ja 0x77c41f1b
Eax=8C Ebx=3041E7C Ecx=0 Edx=7A0 Edi=3041724 Esi=6F8 Ebp=303E4D0 Esp=303E470 Eip=77C41E54

ADDR: 77C41EA6 CODE: 72a8 jb 0x77c41e50
Eax=3041E24 Ebx=3041E80 Ecx=1 Edx=7A0 Edi=3041724 Esi=30417B0 Ebp=303E4D0 Esp=303E470 Eip=77C41EA6

ADDR: 77C418BC CODE: 0f8961010000 jns 0x77c41a23
Eax=C0150008 Ebx=7A0 Ecx=DA56165 Edx=7A0 Edi=303E568 Esi=0 Ebp=303E53C Esp=303E4F0 Eip=77C418BC

ADDR: 77C418F3 CODE: 7679 jbe 0x77c4196e
Eax=2E95000 Ebx=3 Ecx=0 Edx=2E98000 Edi=303E568 Esi=0 Ebp=303E53C Esp=303E4F0 Eip=77C418F3

ADDR: 77C418F8 CODE: 0f8773120600 ja 0x77ca2b71
Eax=2E95000 Ebx=3 Ecx=0 Edx=2E98000 Edi=303E568 Esi=0 Ebp=303E53C Esp=303E4F0 Eip=77C418F8

ADDR: 77C413D9 CODE: 795e jns 0x77c41439
Eax=C0150008 Ebx=303E684 Ecx=0 Edx=2E98000 Edi=0 Esi=C0150008 Ebp=303E5FC Esp=303E558 Eip=77C413D9

ADDR: 77C413E1 CODE: 0f8439140600 jz 0x77ca2820
Eax=C0150008 Ebx=303E684 Ecx=0 Edx=2E98000 Edi=0 Esi=C0150008 Ebp=303E5FC Esp=303E558 Eip=77C413E1

ADDR: 77C413EF CODE: 7411 jz 0x77c41402
Eax=303E5F0 Ebx=303E684 Ecx=303E5F0 Edx=2E98000 Edi=0 Esi=C0150008 Ebp=303E5FC Esp=303E558 Eip=77C413EF

ADDR: 77C41407 CODE: 7405 jz 0x77c4140e
Eax=2 Ebx=303E684 Ecx=303E5F0 Edx=2E98000 Edi=0 Esi=C0150008 Ebp=303E5FC Esp=303E558 Eip=77C41407

ADDR: 77C410FB CODE: 0f8997010000 jns 0x77c41298
Eax=C0150008 Ebx=0 Ecx=DA56165 Edx=2E98000 Edi=303E79C Esi=C0150008 Ebp=303E75C Esp=303E610 Eip=77C410FB

ADDR: 77C41109 CODE: 7425 jz 0x77c41130
Eax=C0150008 Ebx=0 Ecx=DA56165 Edx=2E98000 Edi=303E79C Esi=C0150008 Ebp=303E75C Esp=303E610 Eip=77C41109

ADDR: 77C41111 CODE: 740d jz 0x77c41120
Eax=303E69C Ebx=0 Ecx=DA56165 Edx=2E98000 Edi=303E79C Esi=C0150008 Ebp=303E75C Esp=303E610 Eip=77C41111

ADDR: 77C41129 CODE: 7405 jz 0x77c41130
Eax=303E69C Ebx=0 Ecx=DA56165 Edx=2E98000 Edi=303E79C Esi=C0150008 Ebp=303E75C Esp=303E610 Eip=77C41129

ADDR: 77C7B3CA CODE: 744f jz 0x77c7b41b
Eax=303E684 Ebx=0 Ecx=303E684 Edx=2C Edi=303E79C Esi=C0150008 Ebp=303E75C Esp=303E600 Eip=77C7B3CA

ADDR: 77C7B3D8 CODE: 7231 jb 0x77c7b40b
Eax=0 Ebx=0 Ecx=303E684 Edx=2C Edi=303E684 Esi=C0150008 Ebp=303E75C Esp=303E5FC Eip=77C7B3D8

ADDR: 77C7B3DF CODE: 740c jz 0x77c7b3ed
Eax=0 Ebx=0 Ecx=0 Edx=2C Edi=303E684 Esi=C0150008 Ebp=303E75C Esp=303E5FC Eip=77C7B3DF

ADDR: 77C7B403 CODE: 7406 jz 0x77c7b40b
Eax=0 Ebx=0 Ecx=B Edx=0 Edi=303E684 Esi=C0150008 Ebp=303E75C Esp=303E5FC Eip=77C7B403

ADDR: 77C7B409 CODE: 740a jz 0x77c7b415
Eax=0 Ebx=0 Ecx=0 Edx=0 Edi=303E6B0 Esi=C0150008 Ebp=303E75C Esp=303E5FC Eip=77C7B409

ADDR: 77C41153 CODE: 741a jz 0x77c4116f
Eax=303E6B0 Ebx=0 Ecx=0 Edx=0 Edi=303E79C Esi=C0150008 Ebp=303E75C Esp=303E610 Eip=77C41153

ADDR: 77C41179 CODE: 7405 jz 0x77c41180
Eax=303E6B0 Ebx=0 Ecx=0 Edx=0 Edi=303E79C Esi=C0150008 Ebp=303E75C Esp=303E610 Eip=77C41179

ADDR: 77C41197 CODE: 0f8460160600 jz 0x77ca27fd
Eax=20 Ebx=0 Ecx=0 Edx=0 Edi=303E79C Esi=C0150008 Ebp=303E75C Esp=303E610 Eip=77C41197

ADDR: 77C442D2 CODE: 7827 js 0x77c442fb
Eax=C0150008 Ebx=303EBF0 Ecx=DA56165 Edx=0 Edi=303EA20 Esi=0 Ebp=303E9F0 Esp=303E788 Eip=77C442D2

ADDR: 77C44308 CODE: 7402 jz 0x77c4430c
Eax=C0150008 Ebx=303EBF0 Ecx=DA56165 Edx=0 Edi=303EA20 Esi=0 Ebp=303E9F0 Esp=303E788 Eip=77C44308

ADDR: 77C4430E CODE: 0f88eb010000 js 0x77c444ff
Eax=C0150008 Ebx=303EBF0 Ecx=DA56165 Edx=0 Edi=303EA20 Esi=0 Ebp=303E9F0 Esp=303E788 Eip=77C4430E

ADDR: 77C44324 CODE: 7457 jz 0x77c4437d
Eax=C0150008 Ebx=303EBF0 Ecx=DA56100 Edx=0 Edi=303EA20 Esi=0 Ebp=303E9F0 Esp=303E788 Eip=77C44324

ADDR: 77C4438A CODE: 7220 jb 0x77c443ac
Eax=C71B24 Ebx=303EBF0 Ecx=DA56100 Edx=C71B14 Edi=303EA20 Esi=0 Ebp=303E9F0 Esp=303E788 Eip=77C4438A

ADDR: 77C44396 CODE: 0f84b3010000 jz 0x77c4454f
Eax=C71B24 Ebx=303EBF0 Ecx=6C Edx=C71B14 Edi=303EA20 Esi=0 Ebp=303E9F0 Esp=303E788 Eip=77C44396

ADDR: 77C4439F CODE: 0f84aa010000 jz 0x77c4454f
Eax=C71B24 Ebx=303EBF0 Ecx=6C Edx=C71B14 Edi=303EA20 Esi=0 Ebp=303E9F0 Esp=303E788 Eip=77C4439F

ADDR: 77C443AA CODE: 73e4 jae 0x77c44390
Eax=C71B22 Ebx=303EBF0 Ecx=6C Edx=C71B14 Edi=303EA20 Esi=0 Ebp=303E9F0 Esp=303E788 Eip=77C443AA

ADDR: 77C44396 CODE: 0f84b3010000 jz 0x77c4454f
Eax=C71B22 Ebx=303EBF0 Ecx=6C Edx=C71B14 Edi=303EA20 Esi=0 Ebp=303E9F0 Esp=303E788 Eip=77C44396

ADDR: 77C4439F CODE: 0f84aa010000 jz 0x77c4454f
Eax=C71B22 Ebx=303EBF0 Ecx=6C Edx=C71B14 Edi=303EA20 Esi=0 Ebp=303E9F0 Esp=303E788 Eip=77C4439F

ADDR: 77C443AA CODE: 73e4 jae 0x77c44390
Eax=C71B20 Ebx=303EBF0 Ecx=6C Edx=C71B14 Edi=303EA20 Esi=0 Ebp=303E9F0 Esp=303E788 Eip=77C443AA

ADDR: 77C44396 CODE: 0f84b3010000 jz 0x77c4454f
Eax=C71B20 Ebx=303EBF0 Ecx=64 Edx=C71B14 Edi=303EA20 Esi=0 Ebp=303E9F0 Esp=303E788 Eip=77C44396

ADDR: 77C4439F CODE: 0f84aa010000 jz 0x77c4454f
Eax=C71B20 Ebx=303EBF0 Ecx=64 Edx=C71B14 Edi=303EA20 Esi=0 Ebp=303E9F0 Esp=303E788 Eip=77C4439F

ADDR: 77C443AA CODE: 73e4 jae 0x77c44390
Eax=C71B1E Ebx=303EBF0 Ecx=64 Edx=C71B14 Edi=303EA20 Esi=0 Ebp=303E9F0 Esp=303E788 Eip=77C443AA

ADDR: 77C44396 CODE: 0f84b3010000 jz 0x77c4454f
Eax=C71B1E Ebx=303EBF0 Ecx=2E Edx=C71B14 Edi=303EA20 Esi=0 Ebp=303E9F0 Esp=303E788 Eip=77C44396

ADDR: 77C4439F CODE: 0f84aa010000 jz 0x77c4454f
Eax=C71B1E Ebx=303EBF0 Ecx=2E Edx=C71B14 Edi=303EA20 Esi=0 Ebp=303E9F0 Esp=303E788 Eip=77C4439F

ADDR: 77C443AA CODE: 73e4 jae 0x77c44390
Eax=C71B1C Ebx=303EBF0 Ecx=2E Edx=C71B14 Edi=303EA20 Esi=0 Ebp=303E9F0 Esp=303E788 Eip=77C443AA

ADDR: 77C44396 CODE: 0f84b3010000 jz 0x77c4454f
Eax=C71B1C Ebx=303EBF0 Ecx=6C Edx=C71B14 Edi=303EA20 Esi=0 Ebp=303E9F0 Esp=303E788 Eip=77C44396

ADDR: 77C4439F CODE: 0f84aa010000 jz 0x77c4454f
Eax=C71B1C Ebx=303EBF0 Ecx=6C Edx=C71B14 Edi=303EA20 Esi=0 Ebp=303E9F0 Esp=303E788 Eip=77C4439F

ADDR: 77C443AA CODE: 73e4 jae 0x77c44390
Eax=C71B1A Ebx=303EBF0 Ecx=6C Edx=C71B14 Edi=303EA20 Esi=0 Ebp=303E9F0 Esp=303E788 Eip=77C443AA

ADDR: 77C44396 CODE: 0f84b3010000 jz 0x77c4454f
Eax=C71B1A Ebx=303EBF0 Ecx=6C Edx=C71B14 Edi=303EA20 Esi=0 Ebp=303E9F0 Esp=303E788 Eip=77C44396

ADDR: 77C4439F CODE: 0f84aa010000 jz 0x77c4454f
Eax=C71B1A Ebx=303EBF0 Ecx=6C Edx=C71B14 Edi=303EA20 Esi=0 Ebp=303E9F0 Esp=303E788 Eip=77C4439F

ADDR: 77C443AA CODE: 73e4 jae 0x77c44390
Eax=C71B18 Ebx=303EBF0 Ecx=6C Edx=C71B14 Edi=303EA20 Esi=0 Ebp=303E9F0 Esp=303E788 Eip=77C443AA

ADDR: 77C44396 CODE: 0f84b3010000 jz 0x77c4454f
Eax=C71B18 Ebx=303EBF0 Ecx=64 Edx=C71B14 Edi=303EA20 Esi=0 Ebp=303E9F0 Esp=303E788 Eip=77C44396

ADDR: 77C4439F CODE: 0f84aa010000 jz 0x77c4454f
Eax=C71B18 Ebx=303EBF0 Ecx=64 Edx=C71B14 Edi=303EA20 Esi=0 Ebp=303E9F0 Esp=303E788 Eip=77C4439F

ADDR: 77C443AA CODE: 73e4 jae 0x77c44390
Eax=C71B16 Ebx=303EBF0 Ecx=64 Edx=C71B14 Edi=303EA20 Esi=0 Ebp=303E9F0 Esp=303E788 Eip=77C443AA

ADDR: 77C44396 CODE: 0f84b3010000 jz 0x77c4454f
Eax=C71B16 Ebx=303EBF0 Ecx=74 Edx=C71B14 Edi=303EA20 Esi=0 Ebp=303E9F0 Esp=303E788 Eip=77C44396

ADDR: 77C4439F CODE: 0f84aa010000 jz 0x77c4454f
Eax=C71B16 Ebx=303EBF0 Ecx=74 Edx=C71B14 Edi=303EA20 Esi=0 Ebp=303E9F0 Esp=303E788 Eip=77C4439F

ADDR: 77C443AA CODE: 73e4 jae 0x77c44390
Eax=C71B14 Ebx=303EBF0 Ecx=74 Edx=C71B14 Edi=303EA20 Esi=0 Ebp=303E9F0 Esp=303E788 Eip=77C443AA

ADDR: 77C44396 CODE: 0f84b3010000 jz 0x77c4454f
Eax=C71B14 Ebx=303EBF0 Ecx=6E Edx=C71B14 Edi=303EA20 Esi=0 Ebp=303E9F0 Esp=303E788 Eip=77C44396

ADDR: 77C4439F CODE: 0f84aa010000 jz 0x77c4454f
Eax=C71B14 Ebx=303EBF0 Ecx=6E Edx=C71B14 Edi=303EA20 Esi=0 Ebp=303E9F0 Esp=303E788 Eip=77C4439F

ADDR: 77C443AA CODE: 73e4 jae 0x77c44390
Eax=C71B12 Ebx=303EBF0 Ecx=6E Edx=C71B14 Edi=303EA20 Esi=0 Ebp=303E9F0 Esp=303E788 Eip=77C443AA

ADDR: 77C443BD CODE: 7446 jz 0x77c44405
Eax=12 Ebx=303EBF0 Ecx=303EA18 Edx=C71B14 Edi=303EA20 Esi=0 Ebp=303E9F0 Esp=303E788 Eip=77C443BD

ADDR: 77C40D4B CODE: 0f876e180600 ja 0x77ca25bf
Eax=100 Ebx=303EBF0 Ecx=303EA20 Edx=14 Edi=303EA20 Esi=303EA20 Ebp=303E9F0 Esp=303E780 Eip=77C40D4B

ADDR: 77C443D3 CODE: 782a js 0x77c443ff
Eax=0 Ebx=303EBF0 Ecx=303EA20 Edx=14 Edi=303EA20 Esi=0 Ebp=303E9F0 Esp=303E788 Eip=77C443D3

ADDR: 77C7AD36 CODE: 7608 jbe 0x77c7ad40
Eax=C71B26 Ebx=303EBF0 Ecx=12 Edx=12 Edi=303EA28 Esi=C71B14 Ebp=303E774 Esp=303E76C Eip=77C7AD36

ADDR: 77C7AD3A CODE: 0f827c010000 jb 0x77c7aebc
Eax=C71B26 Ebx=303EBF0 Ecx=12 Edx=12 Edi=303EA28 Esi=C71B14 Ebp=303E774 Esp=303E76C Eip=77C7AD3A

ADDR: 77C7AD51 CODE: 7229 jb 0x77c7ad7c
Eax=C71B26 Ebx=303EBF0 Ecx=4 Edx=2 Edi=303EA28 Esi=C71B14 Ebp=303E774 Esp=303E76C Eip=77C7AD51

ADDR: 77C44407 CODE: 0f88f2000000 js 0x77c444ff
Eax=303EA28 Ebx=303EBF0 Ecx=303EA18 Edx=0 Edi=303EA20 Esi=0 Ebp=303E9F0 Esp=303E788 Eip=77C44407

ADDR: 77C44413 CODE: 0f849b000000 jz 0x77c444b4
Eax=303EA28 Ebx=303EBF0 Ecx=303EA18 Edx=0 Edi=303EA20 Esi=0 Ebp=303E9F0 Esp=303E788 Eip=77C44413

ADDR: 77C444C7 CODE: 7224 jb 0x77c444ed
Eax=C71B24 Ebx=303EBF0 Ecx=303EA18 Edx=C71B14 Edi=303EA20 Esi=0 Ebp=303E9F0 Esp=303E788 Eip=77C444C7

ADDR: 77C444D6 CODE: 0f84af000000 jz 0x77c4458b
Eax=C71B24 Ebx=303EBF0 Ecx=6C Edx=C71B14 Edi=303EA20 Esi=0 Ebp=303E9F0 Esp=303E788 Eip=77C444D6

ADDR: 77C444DF CODE: 740c jz 0x77c444ed
Eax=C71B24 Ebx=303EBF0 Ecx=6C Edx=C71B14 Edi=303EA20 Esi=0 Ebp=303E9F0 Esp=303E788 Eip=77C444DF

ADDR: 77C444E4 CODE: 7407 jz 0x77c444ed
Eax=C71B24 Ebx=303EBF0 Ecx=6C Edx=C71B14 Edi=303EA20 Esi=0 Ebp=303E9F0 Esp=303E788 Eip=77C444E4

ADDR: 77C444EB CODE: 73e3 jae 0x77c444d0
Eax=C71B22 Ebx=303EBF0 Ecx=6C Edx=C71B14 Edi=303EA20 Esi=0 Ebp=303E9F0 Esp=303E788 Eip=77C444EB

ADDR: 77C444D6 CODE: 0f84af000000 jz 0x77c4458b
Eax=C71B22 Ebx=303EBF0 Ecx=6C Edx=C71B14 Edi=303EA20 Esi=0 Ebp=303E9F0 Esp=303E788 Eip=77C444D6

ADDR: 77C444DF CODE: 740c jz 0x77c444ed
Eax=C71B22 Ebx=303EBF0 Ecx=6C Edx=C71B14 Edi=303EA20 Esi=0 Ebp=303E9F0 Esp=303E788 Eip=77C444DF

ADDR: 77C444E4 CODE: 7407 jz 0x77c444ed
Eax=C71B22 Ebx=303EBF0 Ecx=6C Edx=C71B14 Edi=303EA20 Esi=0 Ebp=303E9F0 Esp=303E788 Eip=77C444E4

ADDR: 77C444EB CODE: 73e3 jae 0x77c444d0
Eax=C71B20 Ebx=303EBF0 Ecx=6C Edx=C71B14 Edi=303EA20 Esi=0 Ebp=303E9F0 Esp=303E788 Eip=77C444EB

ADDR: 77C444D6 CODE: 0f84af000000 jz 0x77c4458b
Eax=C71B20 Ebx=303EBF0 Ecx=64 Edx=C71B14 Edi=303EA20 Esi=0 Ebp=303E9F0 Esp=303E788 Eip=77C444D6

ADDR: 77C444DF CODE: 740c jz 0x77c444ed
Eax=C71B20 Ebx=303EBF0 Ecx=64 Edx=C71B14 Edi=303EA20 Esi=0 Ebp=303E9F0 Esp=303E788 Eip=77C444DF

ADDR: 77C444E4 CODE: 7407 jz 0x77c444ed
Eax=C71B20 Ebx=303EBF0 Ecx=64 Edx=C71B14 Edi=303EA20 Esi=0 Ebp=303E9F0 Esp=303E788 Eip=77C444E4

ADDR: 77C444EB CODE: 73e3 jae 0x77c444d0
Eax=C71B1E Ebx=303EBF0 Ecx=64 Edx=C71B14 Edi=303EA20 Esi=0 Ebp=303E9F0 Esp=303E788 Eip=77C444EB

ADDR: 77C444D6 CODE: 0f84af000000 jz 0x77c4458b
Eax=C71B1E Ebx=303EBF0 Ecx=2E Edx=C71B14 Edi=303EA20 Esi=0 Ebp=303E9F0 Esp=303E788 Eip=77C444D6

ADDR: 77C44598 CODE: 7216 jb 0x77c445b0
Eax=303EA38 Ebx=303EBF0 Ecx=303EA28 Edx=C71B14 Edi=303EA20 Esi=0 Ebp=303E9F0 Esp=303E788 Eip=77C44598

ADDR: 77C44526 CODE: 7412 jz 0x77c4453a
Eax=303EA38 Ebx=303EBF0 Ecx=0 Edx=FFFE Edi=303EA20 Esi=0 Ebp=303E9F0 Esp=303E788 Eip=77C44526

ADDR: 77C44618 CODE: 7902 jns 0x77c4461c
Eax=2E98000 Ebx=303EBF0 Ecx=FFFFE000 Edx=0 Edi=303EA20 Esi=0 Ebp=303E778 Esp=303E748 Eip=77C44618

ADDR: 77C44638 CODE: 7902 jns 0x77c4463c
Eax=2E98000 Ebx=303EBF0 Ecx=FFFFE000 Edx=0 Edi=303EA20 Esi=0 Ebp=303E778 Esp=303E748 Eip=77C44638

ADDR: 77C40A1E CODE: 782e js 0x77c40a4e
Eax=0 Ebx=303EB58 Ecx=DA56165 Edx=0 Edi=303EB4C Esi=0 Ebp=303EB34 Esp=303EA00 Eip=77C40A1E

ADDR: 77C3FFF7 CODE: 7411 jz 0x77c4000a
Eax=303EA14 Ebx=20 Ecx=303EA20 Edx=303EB58 Edi=303EB4C Esi=303EA20 Ebp=303E9EC Esp=303E8B0 Eip=77C3FFF7

ADDR: 77C44ACC CODE: 7429 jz 0x77c44af7
Eax=303EA20 Ebx=0 Ecx=303EA20 Edx=0 Edi=303EA28 Esi=9 Ebp=303E89C Esp=303E878 Eip=77C44ACC

ADDR: 77C88F7B CODE: 7243 jb 0x77c88fc0
Eax=303EA20 Ebx=0 Ecx=3150004 Edx=6E Edi=303EA2A Esi=3150004 Ebp=303E89C Esp=303E870 Eip=77C88F7B

ADDR: 77C88F81 CODE: 7705 ja 0x77c88f88
Eax=303EA20 Ebx=0 Ecx=3150004 Edx=6E Edi=303EA2A Esi=3150004 Ebp=303E89C Esp=303E870 Eip=77C88F81

ADDR: 77C88F7B CODE: 7243 jb 0x77c88fc0
Eax=0 Ebx=4E Ecx=3150004 Edx=74 Edi=303EA2C Esi=3150004 Ebp=303E89C Esp=303E870 Eip=77C88F7B

ADDR: 77C88F81 CODE: 7705 ja 0x77c88f88
Eax=0 Ebx=4E Ecx=3150004 Edx=74 Edi=303EA2C Esi=3150004 Ebp=303E89C Esp=303E870 Eip=77C88F81

ADDR: 77C88F7B CODE: 7243 jb 0x77c88fc0
Eax=4E1332 Ebx=4E1386 Ecx=3150004 Edx=64 Edi=303EA2E Esi=3150004 Ebp=303E89C Esp=303E870 Eip=77C88F7B

ADDR: 77C88F81 CODE: 7705 ja 0x77c88f88
Eax=4E1332 Ebx=4E1386 Ecx=3150004 Edx=64 Edi=303EA2E Esi=3150004 Ebp=303E89C Esp=303E870 Eip=77C88F81

ADDR: 77C88F7B CODE: 7243 jb 0x77c88fc0
Eax=26BCCDFA Ebx=26BCCE3E Ecx=3150004 Edx=6C Edi=303EA30 Esi=3150004 Ebp=303E89C Esp=303E870 Eip=77C88F7B

ADDR: 77C88F81 CODE: 7705 ja 0x77c88f88
Eax=26BCCDFA Ebx=26BCCE3E Ecx=3150004 Edx=6C Edi=303EA30 Esi=3150004 Ebp=303E89C Esp=303E870 Eip=77C88F81

ADDR: 77C88F7B CODE: 7243 jb 0x77c88fc0
Eax=56B4C142 Ebx=56B4C18E Ecx=3150004 Edx=6C Edi=303EA32 Esi=3150004 Ebp=303E89C Esp=303E870 Eip=77C88F7B

ADDR: 77C88F81 CODE: 7705 ja 0x77c88f88
Eax=56B4C142 Ebx=56B4C18E Ecx=3150004 Edx=6C Edi=303EA32 Esi=3150004 Ebp=303E89C Esp=303E870 Eip=77C88F81

ADDR: 77C88F7B CODE: 7243 jb 0x77c88fc0
Eax=1809A1F2 Ebx=1809A23E Ecx=3150004 Edx=2E Edi=303EA34 Esi=3150004 Ebp=303E89C Esp=303E870 Eip=77C88F7B

ADDR: 77C88F7B CODE: 7243 jb 0x77c88fc0
Eax=8C9CED42 Ebx=8C9CED70 Ecx=3150004 Edx=64 Edi=303EA36 Esi=3150004 Ebp=303E89C Esp=303E870 Eip=77C88F7B

ADDR: 77C88F81 CODE: 7705 ja 0x77c88f88
Eax=8C9CED42 Ebx=8C9CED70 Ecx=3150004 Edx=64 Edi=303EA36 Esi=3150004 Ebp=303E89C Esp=303E870 Eip=77C88F81

ADDR: 77C88F7B CODE: 7243 jb 0x77c88fc0
Eax=880E6E90 Ebx=880E6ED4 Ecx=3150004 Edx=6C Edi=303EA38 Esi=3150004 Ebp=303E89C Esp=303E870 Eip=77C88F7B

ADDR: 77C88F81 CODE: 7705 ja 0x77c88f88
Eax=880E6E90 Ebx=880E6ED4 Ecx=3150004 Edx=6C Edi=303EA38 Esi=3150004 Ebp=303E89C Esp=303E870 Eip=77C88F81

ADDR: 77C88F7B CODE: 7243 jb 0x77c88fc0
Eax=EA61462C Ebx=EA614678 Ecx=3150004 Edx=6C Edi=303EA3A Esi=3150004 Ebp=303E89C Esp=303E870 Eip=77C88F7B

ADDR: 77C88F81 CODE: 7705 ja 0x77c88f88
Eax=EA61462C Ebx=EA614678 Ecx=3150004 Edx=6C Edi=303EA3A Esi=3150004 Ebp=303E89C Esp=303E870 Eip=77C88F81

ADDR: 77C4EA1E CODE: 0f83d9010000 jae 0x77c4ebfd
Eax=303EA20 Ebx=F46857D4 Ecx=F46857D4 Edx=6C Edi=77D291DC Esi=0 Ebp=303E86C Esp=303E810 Eip=77C4EA1E

ADDR: 77C44B29 CODE: 0f849a000000 jz 0x77c44bc9
Eax=77D28840 Ebx=F46857D4 Ecx=F4685700 Edx=6C Edi=33D24AC Esi=0 Ebp=303E89C Esp=303E878 Eip=77C44B29

ADDR: 77C44B3C CODE: 7406 jz 0x77c44b44
Eax=77D28840 Ebx=F46857D4 Ecx=F4685700 Edx=6C Edi=33D24AC Esi=33D2470 Ebp=303E89C Esp=303E878 Eip=77C44B3C

ADDR: 77C44B4A CODE: 7418 jz 0x77c44b64
Eax=77D28840 Ebx=F46857D4 Ecx=0 Edx=6C Edi=33D24AC Esi=33D2470 Ebp=303E89C Esp=303E878 Eip=77C44B4A

ADDR: 77C44861 CODE: 7360 jae 0x77c448c3
Eax=12 Ebx=303EA3A Ecx=33D249C Edx=12 Edi=33D24AC Esi=303EA28 Ebp=303E864 Esp=303E854 Eip=77C44861

ADDR: 77C4486C CODE: 7445 jz 0x77c448b3
Eax=12 Ebx=303EA3A Ecx=74BCC1B8 Edx=12 Edi=33D24AC Esi=303EA28 Ebp=303E864 Esp=303E854 Eip=77C4486C

ADDR: 77C4487B CODE: 7424 jz 0x77c448a1
Eax=6E Ebx=303EA3A Ecx=74BCC1B8 Edx=6E Edi=33D24AC Esi=303EA28 Ebp=303E864 Esp=303E854 Eip=77C4487B

ADDR: 77C448A6 CODE: 72c9 jb 0x77c44871
Eax=6E Ebx=303EA3A Ecx=74BCC1B8 Edx=6E Edi=33D24AC Esi=303EA2A Ebp=303E864 Esp=303E854 Eip=77C448A6

ADDR: 77C4487B CODE: 7424 jz 0x77c448a1
Eax=74 Ebx=303EA3A Ecx=74BCC1B8 Edx=74 Edi=33D24AC Esi=303EA2A Ebp=303E864 Esp=303E854 Eip=77C4487B

ADDR: 77C448A6 CODE: 72c9 jb 0x77c44871
Eax=74 Ebx=303EA3A Ecx=74BCC1B8 Edx=74 Edi=33D24AC Esi=303EA2C Ebp=303E864 Esp=303E854 Eip=77C448A6

ADDR: 77C4487B CODE: 7424 jz 0x77c448a1
Eax=64 Ebx=303EA3A Ecx=74BCC1B8 Edx=64 Edi=33D24AC Esi=303EA2C Ebp=303E864 Esp=303E854 Eip=77C4487B

ADDR: 77C448A6 CODE: 72c9 jb 0x77c44871
Eax=64 Ebx=303EA3A Ecx=74BCC1B8 Edx=64 Edi=33D24AC Esi=303EA2E Ebp=303E864 Esp=303E854 Eip=77C448A6

ADDR: 77C4487B CODE: 7424 jz 0x77c448a1
Eax=6C Ebx=303EA3A Ecx=74BCC1B8 Edx=6C Edi=33D24AC Esi=303EA2E Ebp=303E864 Esp=303E854 Eip=77C4487B

ADDR: 77C448A6 CODE: 72c9 jb 0x77c44871
Eax=6C Ebx=303EA3A Ecx=74BCC1B8 Edx=6C Edi=33D24AC Esi=303EA30 Ebp=303E864 Esp=303E854 Eip=77C448A6

ADDR: 77C4487B CODE: 7424 jz 0x77c448a1
Eax=6C Ebx=303EA3A Ecx=74BCC1B8 Edx=6C Edi=33D24AC Esi=303EA30 Ebp=303E864 Esp=303E854 Eip=77C4487B

ADDR: 77C448A6 CODE: 72c9 jb 0x77c44871
Eax=6C Ebx=303EA3A Ecx=74BCC1B8 Edx=6C Edi=33D24AC Esi=303EA32 Ebp=303E864 Esp=303E854 Eip=77C448A6

ADDR: 77C4487B CODE: 7424 jz 0x77c448a1
Eax=2E Ebx=303EA3A Ecx=74BCC1B8 Edx=2E Edi=33D24AC Esi=303EA32 Ebp=303E864 Esp=303E854 Eip=77C4487B

ADDR: 77C448A6 CODE: 72c9 jb 0x77c44871
Eax=2E Ebx=303EA3A Ecx=74BCC1B8 Edx=2E Edi=33D24AC Esi=303EA34 Ebp=303E864 Esp=303E854 Eip=77C448A6

ADDR: 77C4487B CODE: 7424 jz 0x77c448a1
Eax=64 Ebx=303EA3A Ecx=74BCC1B8 Edx=64 Edi=33D24AC Esi=303EA34 Ebp=303E864 Esp=303E854 Eip=77C4487B

ADDR: 77C448A6 CODE: 72c9 jb 0x77c44871
Eax=64 Ebx=303EA3A Ecx=74BCC1B8 Edx=64 Edi=33D24AC Esi=303EA36 Ebp=303E864 Esp=303E854 Eip=77C448A6

ADDR: 77C4487B CODE: 7424 jz 0x77c448a1
Eax=6C Ebx=303EA3A Ecx=74BCC1B8 Edx=6C Edi=33D24AC Esi=303EA36 Ebp=303E864 Esp=303E854 Eip=77C4487B

ADDR: 77C448A6 CODE: 72c9 jb 0x77c44871
Eax=6C Ebx=303EA3A Ecx=74BCC1B8 Edx=6C Edi=33D24AC Esi=303EA38 Ebp=303E864 Esp=303E854 Eip=77C448A6

ADDR: 77C4487B CODE: 7424 jz 0x77c448a1
Eax=6C Ebx=303EA3A Ecx=74BCC1B8 Edx=6C Edi=33D24AC Esi=303EA38 Ebp=303E864 Esp=303E854 Eip=77C4487B

ADDR: 77C448A6 CODE: 72c9 jb 0x77c44871
Eax=6C Ebx=303EA3A Ecx=74BCC1B8 Edx=6C Edi=33D24AC Esi=303EA3A Ebp=303E864 Esp=303E854 Eip=77C448A6

ADDR: 77C44BB1 CODE: 740f jz 0x77c44bc2
Eax=33D2530 Ebx=F46857D4 Ecx=74BCC101 Edx=6C Edi=33D24AC Esi=33D2470 Ebp=303E89C Esp=303E878 Eip=77C44BB1

ADDR: 77C44B91 CODE: 7436 jz 0x77c44bc9
Eax=303EB4C Ebx=F46857D4 Ecx=74BCC101 Edx=6C Edi=33D24AC Esi=33D2470 Ebp=303E89C Esp=303E878 Eip=77C44B91

ADDR: 77C44B9A CODE: 7432 jz 0x77c44bce
Eax=303EB4C Ebx=F46857D4 Ecx=303EA14 Edx=6C Edi=33D24AC Esi=0 Ebp=303E89C Esp=303E878 Eip=77C44B9A

ADDR: 77C44BE7 CODE: 7474 jz 0x77c44c5d
Eax=0 Ebx=F46857D4 Ecx=1 Edx=6C Edi=0 Esi=0 Ebp=303E89C Esp=303E878 Eip=77C44BE7

ADDR: 77C44C5F CODE: 7415 jz 0x77c44c76
Eax=0 Ebx=F46857D4 Ecx=1 Edx=6C Edi=0 Esi=0 Ebp=303E89C Esp=303E878 Eip=77C44C5F

ADDR: 77C44C7E CODE: 7453 jz 0x77c44cd3
Eax=7FFE0384 Ebx=F46857D4 Ecx=1 Edx=6C Edi=0 Esi=0 Ebp=303E89C Esp=303E878 Eip=77C44C7E

ADDR: 77C8A71E CODE: 7410 jz 0x77c8a730
Eax=0 Ebx=20 Ecx=1 Edx=6C Edi=4 Esi=77C0171C Ebp=303E890 Esp=303E884 Eip=77C8A71E

ADDR: 77C8A738 CODE: 7443 jz 0x77c8a77d
Eax=7FFE0384 Ebx=20 Ecx=1 Edx=6C Edi=4 Esi=77C0171C Ebp=303E890 Esp=303E884 Eip=77C8A738

ADDR: 77C8A78A CODE: 7419 jz 0x77c8a7a5
Eax=9 Ebx=20 Ecx=0 Edx=6C Edi=4 Esi=77C0171C Ebp=303E890 Esp=303E884 Eip=77C8A78A

ADDR: 77C8A7A8 CODE: 7401 jz 0x77c8a7ab
Eax=9 Ebx=20 Ecx=0 Edx=6C Edi=4 Esi=77C0171C Ebp=303E890 Esp=303E884 Eip=77C8A7A8

ADDR: 77C40A3F CODE: 780d js 0x77c40a4e
Eax=0 Ebx=303EB58 Ecx=DA56165 Edx=6C Edi=303EB4C Esi=0 Ebp=303EB34 Esp=303EA00 Eip=77C40A3F

ADDR: 77C40A48 CODE: 0f8c6e1a0600 jl 0x77ca24bc
Eax=0 Ebx=303EB58 Ecx=DA56165 Edx=6C Edi=303EB4C Esi=0 Ebp=303EB34 Esp=303EA00 Eip=77C40A48

ADDR: 77C40A85 CODE: 7412 jz 0x77c40a99
Eax=0 Ebx=303EB58 Ecx=DA56165 Edx=6C Edi=303EB4C Esi=0 Ebp=303EB34 Esp=303EA00 Eip=77C40A85

ADDR: 77C44618 CODE: 7902 jns 0x77c4461c
Eax=2E98000 Ebx=303EB58 Ecx=FFFFE000 Edx=0 Edi=303EB4C Esi=0 Ebp=303E9F0 Esp=303E9C0 Eip=77C44618

ADDR: 77C44638 CODE: 7902 jns 0x77c4463c
Eax=2E98000 Ebx=303EB58 Ecx=FFFFE000 Edx=0 Edi=303EB4C Esi=0 Ebp=303E9F0 Esp=303E9C0 Eip=77C44638

ADDR: 77C3FF35 CODE: 7837 js 0x77c3ff6e
Eax=0 Ebx=1 Ecx=DA56165 Edx=0 Edi=0 Esi=0 Ebp=303EBB4 Esp=303EB40 Eip=77C3FF35

ADDR: 77C3FF3D CODE: 7409 jz 0x77c3ff48
Eax=0 Ebx=1 Ecx=DA56165 Edx=0 Edi=33D2470 Esi=0 Ebp=303EBB4 Esp=303EB40 Eip=77C3FF3D

ADDR: 77C3FF60 CODE: 7405 jz 0x77c3ff67
Eax=0 Ebx=1 Ecx=303EBF8 Edx=0 Edi=33D2470 Esi=0 Ebp=303EBB4 Esp=303EB40 Eip=77C3FF60

ADDR: 77C44785 CODE: 7408 jz 0x77c4478f
Eax=33D2530 Ebx=1 Ecx=33D2470 Edx=0 Edi=33D2470 Esi=33D2470 Ebp=303EBB4 Esp=303EB30 Eip=77C44785

ADDR: 77C3FF73 CODE: 7409 jz 0x77c3ff7e
Eax=33D2530 Ebx=1 Ecx=33D2470 Edx=0 Edi=33D2470 Esi=0 Ebp=303EBB4 Esp=303EB40 Eip=77C3FF73

ADDR: 77C8A71E CODE: 7410 jz 0x77c8a730
Eax=0 Ebx=1 Ecx=33D2470 Edx=0 Edi=4 Esi=77C0171C Ebp=303EB20 Esp=303EB14 Eip=77C8A71E

ADDR: 77C8A738 CODE: 7443 jz 0x77c8a77d
Eax=7FFE0384 Ebx=1 Ecx=33D2470 Edx=0 Edi=4 Esi=77C0171C Ebp=303EB20 Esp=303EB14 Eip=77C8A738

ADDR: 77C8A78A CODE: 7419 jz 0x77c8a7a5
Eax=9 Ebx=1 Ecx=0 Edx=0 Edi=4 Esi=77C0171C Ebp=303EB20 Esp=303EB14 Eip=77C8A78A

ADDR: 77C8A7A8 CODE: 7401 jz 0x77c8a7ab
Eax=9 Ebx=1 Ecx=0 Edx=0 Edi=4 Esi=77C0171C Ebp=303EB20 Esp=303EB14 Eip=77C8A7A8

ADDR: 778FFCCC CODE: 7805 js 0x778ffcd3
Eax=0 Ebx=1 Ecx=DA56165 Edx=0 Edi=3421030 Esi=0 Ebp=303EBFC Esp=303EBE8 Eip=778FFCCC

ADDR: 77C3A015 CODE: 0f84af000000 jz 0x77c3a0ca
Eax=303EBD0 Ebx=303EBD4 Ecx=77C00000 Edx=303EBD4 Edi=77C00000 Esi=0 Ebp=303EBBC Esp=303EBB0 Eip=77C3A015

ADDR: 77C3A02E CODE: 0f8496000000 jz 0x77c3a0ca
Eax=303EBD0 Ebx=303EBD4 Ecx=303EBD0 Edx=303EBD4 Edi=77C00000 Esi=33D2470 Ebp=303EBBC Esp=303EBB0 Eip=77C3A02E

ADDR: 77C39CF5 CODE: 7819 js 0x77c39d10
Eax=0 Ebx=1 Ecx=303EBD0 Edx=303EBD4 Edi=3421030 Esi=0 Ebp=303EBD8 Esp=303EBC8 Eip=77C39CF5

ADDR: 77C4EA1E CODE: 0f83d9010000 jae 0x77c4ebfd
Eax=0 Ebx=77D291DC Ecx=33D2470 Edx=303EBD4 Edi=77D291DC Esi=33D2470 Ebp=303EBAC Esp=303EB50 Eip=77C4EA1E

ADDR: 77C39449 CODE: 7408 jz 0x77c39453
Eax=0 Ebx=77D291DC Ecx=33D2530 Edx=303EBD4 Edi=0 Esi=33D2470 Ebp=303EBD8 Esp=303EBB8 Eip=77C39449

ADDR: 77C44785 CODE: 7408 jz 0x77c4478f
Eax=33D2530 Ebx=1 Ecx=33D2470 Edx=303EBD4 Edi=33D2470 Esi=33D2470 Ebp=303EBD8 Esp=303EBB8 Eip=77C44785

ADDR: 778FFC90 CODE: 7841 js 0x778ffcd3
Eax=0 Ebx=1 Ecx=33D2470 Edx=303EBD4 Edi=3421030 Esi=0 Ebp=303EBFC Esp=303EBE8 Eip=778FFC90

ADDR: 778FFC9A CODE: 7402 jz 0x778ffc9e
Eax=77C00000 Ebx=1 Ecx=303EC9C Edx=303EBD4 Edi=3421030 Esi=0 Ebp=303EBFC Esp=303EBE8 Eip=778FFC9A

ADDR: 778FECC2 CODE: 766a jbe 0x778fed2e
Eax=1 Ebx=0 Ecx=303EC9C Edx=303EBD4 Edi=FFFF Esi=FC Ebp=303EBFC Esp=303EBE8 Eip=778FECC2

ADDR: 77C77294 CODE: 741e jz 0x77c772b4
Eax=303EBF0 Ebx=0 Ecx=303EC9C Edx=303EBF0 Edi=C74EE8 Esi=FC Ebp=303EBFC Esp=303EBD8 Eip=77C77294

ADDR: 77C772A5 CODE: 7605 jbe 0x77c772ac
Eax=0 Ebx=0 Ecx=19 Edx=303EBF0 Edi=C74F01 Esi=FC Ebp=303EBFC Esp=303EBD8 Eip=77C772A5

ADDR: 778FECD6 CODE: 0f8487000000 jz 0x778fed63
Eax=0 Ebx=77C00000 Ecx=18 Edx=303EBF0 Edi=FFFF Esi=FC Ebp=303EBFC Esp=303EBE8 Eip=778FECD6

ADDR: 77C4FA1B CODE: 7418 jz 0x77c4fa35
Eax=C854C7 Ebx=77C00000 Ecx=303EBF0 Edx=303EBF0 Edi=FFFF Esi=303EBF0 Ebp=303EBC8 Esp=303EAE8 Eip=77C4FA1B

ADDR: 77C4FA41 CODE: 0f8490000000 jz 0x77c4fad7
Eax=C854C7 Ebx=77C00000 Ecx=303EBF0 Edx=303EBF0 Edi=FFFF Esi=303EBF0 Ebp=303EBC8 Esp=303EAE8 Eip=77C4FA41

ADDR: 77C4FA53 CODE: 720f jb 0x77c4fa64
Eax=19 Ebx=18 Ecx=303EBF0 Edx=303EBF0 Edi=19 Esi=303EBF0 Ebp=303EBC8 Esp=303EAE8 Eip=77C4FA53

ADDR: 77C4FA62 CODE: 747b jz 0x77c4fadf
Eax=C74EE8 Ebx=18 Ecx=303EBF0 Edx=303EBF0 Edi=19 Esi=303EBF0 Ebp=303EBC8 Esp=303EAE8 Eip=77C4FA62

ADDR: 77C4FAFD CODE: 0f8401030000 jz 0x77c4fe04
Eax=C74EE8 Ebx=77C00000 Ecx=1000 Edx=303EBF0 Edi=0 Esi=340B54F Ebp=303EBC8 Esp=303EAE8 Eip=77C4FAFD

ADDR: 77C4FC16 CODE: 0f84e8010000 jz 0x77c4fe04
Eax=33D2530 Ebx=77C00000 Ecx=1000 Edx=33D2470 Edi=0 Esi=9 Ebp=303EBC8 Esp=303EAE8 Eip=77C4FC16

ADDR: 77C4FC31 CODE: 7d26 jge 0x77c4fc59
Eax=2E98000 Ebx=77C00000 Ecx=1000 Edx=33D2470 Edi=0 Esi=9 Ebp=303EBC8 Esp=303EAE8 Eip=77C4FC31

ADDR: 77C4EA1E CODE: 0f83d9010000 jae 0x77c4ebfd
Eax=2E98000 Ebx=303EB10 Ecx=C854C7 Edx=303EB10 Edi=77D291DC Esi=9 Ebp=303EAC4 Esp=303EA70 Eip=77C4EA1E

ADDR: 77CB62D3 CODE: 740e jz 0x77cb62e3
Eax=33D25D0 Ebx=303EB10 Ecx=C854C7 Edx=303EB10 Edi=C854C7 Esi=33D9700 Ebp=303EADC Esp=303EAD0 Eip=77CB62D3

ADDR: 77CB62EE CODE: 7304 jae 0x77cb62f4
Eax=33D25D0 Ebx=303EB10 Ecx=0 Edx=303EB10 Edi=C854C7 Esi=33D9700 Ebp=303EADC Esp=303EAD0 Eip=77CB62EE

ADDR: 77CB6303 CODE: 7408 jz 0x77cb630d
Eax=33DBB50 Ebx=303EB10 Ecx=0 Edx=303EB10 Edi=C854C7 Esi=33D9700 Ebp=303EADC Esp=303EAD0 Eip=77CB6303

ADDR: 77CB62EE CODE: 7304 jae 0x77cb62f4
Eax=33DBB50 Ebx=303EB10 Ecx=0 Edx=303EB10 Edi=C854C7 Esi=33DBB50 Ebp=303EADC Esp=303EAD0 Eip=77CB62EE

ADDR: 77CB6303 CODE: 7408 jz 0x77cb630d
Eax=33DB598 Ebx=303EB10 Ecx=0 Edx=303EB10 Edi=C854C7 Esi=33DBB50 Ebp=303EADC Esp=303EAD0 Eip=77CB6303

ADDR: 77CB62EE CODE: 7304 jae 0x77cb62f4
Eax=33DB598 Ebx=303EB10 Ecx=0 Edx=303EB10 Edi=C854C7 Esi=33DB598 Ebp=303EADC Esp=303EAD0 Eip=77CB62EE

ADDR: 77CB6303 CODE: 7408 jz 0x77cb630d
Eax=33DBE50 Ebx=303EB10 Ecx=0 Edx=303EB10 Edi=C854C7 Esi=33DB598 Ebp=303EADC Esp=303EAD0 Eip=77CB6303

ADDR: 77CB62EE CODE: 7304 jae 0x77cb62f4
Eax=33DBE50 Ebx=303EB10 Ecx=0 Edx=303EB10 Edi=C854C7 Esi=33DBE50 Ebp=303EADC Esp=303EAD0 Eip=77CB62EE

ADDR: 77CB6303 CODE: 7408 jz 0x77cb630d
Eax=33D25D0 Ebx=303EB10 Ecx=0 Edx=303EB10 Edi=C854C7 Esi=33DBE50 Ebp=303EADC Esp=303EAD0 Eip=77CB6303

ADDR: 77CB62EE CODE: 7304 jae 0x77cb62f4
Eax=33D25D0 Ebx=303EB10 Ecx=0 Edx=303EB10 Edi=C854C7 Esi=33D25D0 Ebp=303EADC Esp=303EAD0 Eip=77CB62EE

ADDR: 77CB62FC CODE: 7217 jb 0x77cb6315
Eax=CBD000 Ebx=303EB10 Ecx=0 Edx=303EB10 Edi=C854C7 Esi=33D25D0 Ebp=303EADC Esp=303EAD0 Eip=77CB62FC

ADDR: 77CB6317 CODE: 742c jz 0x77cb6345
Eax=CBD000 Ebx=303EB10 Ecx=0 Edx=303EB10 Edi=C854C7 Esi=33D25D0 Ebp=303EADC Esp=303EAD0 Eip=77CB6317

ADDR: 77CB6323 CODE: 740f jz 0x77cb6334
Eax=33D2628 Ebx=303EB10 Ecx=33D2568 Edx=303EB10 Edi=C854C7 Esi=33D25D0 Ebp=303EADC Esp=303EAD0 Eip=77CB6323

ADDR: 77CB633B CODE: 7408 jz 0x77cb6345
Eax=33D2628 Ebx=303EB10 Ecx=33D2568 Edx=0 Edi=C854C7 Esi=33D25D0 Ebp=303EADC Esp=303EAD0 Eip=77CB633B

ADDR: 77C7B3CA CODE: 744f jz 0x77c7b41b
Eax=303EA78 Ebx=1 Ecx=303EA78 Edx=50 Edi=33D04B0 Esi=303EA78 Ebp=303EA3C Esp=303EA20 Eip=77C7B3CA

ADDR: 77C7B3D8 CODE: 7231 jb 0x77c7b40b
Eax=0 Ebx=1 Ecx=303EA78 Edx=50 Edi=303EA78 Esi=303EA78 Ebp=303EA3C Esp=303EA1C Eip=77C7B3D8

ADDR: 77C7B3DF CODE: 740c jz 0x77c7b3ed
Eax=0 Ebx=1 Ecx=0 Edx=50 Edi=303EA78 Esi=303EA78 Ebp=303EA3C Esp=303EA1C Eip=77C7B3DF

ADDR: 77C7B403 CODE: 7406 jz 0x77c7b40b
Eax=0 Ebx=1 Ecx=14 Edx=0 Edi=303EA78 Esi=303EA78 Ebp=303EA3C Esp=303EA1C Eip=77C7B403

ADDR: 77C7B409 CODE: 740a jz 0x77c7b415
Eax=0 Ebx=1 Ecx=0 Edx=0 Edi=303EAC8 Esi=303EA78 Ebp=303EA3C Esp=303EA1C Eip=77C7B409

ADDR: 77C31961 CODE: 743d jz 0x77c319a0
Eax=303EA78 Ebx=303EB18 Ecx=33D2568 Edx=0 Edi=33D2470 Esi=C74EE8 Ebp=303EAD0 Esp=303EA44 Eip=77C31961

ADDR: 77C3196A CODE: 7434 jz 0x77c319a0
Eax=0 Ebx=303EB18 Ecx=33D2568 Edx=0 Edi=33D2470 Esi=C74EE8 Ebp=303EAD0 Esp=303EA44 Eip=77C3196A

ADDR: 77C8A043 CODE: 741e jz 0x77c8a063
Eax=0 Ebx=303EB18 Ecx=33D2500 Edx=0 Edi=33D2470 Esi=C74EE8 Ebp=303EAD0 Esp=303EA48 Eip=77C8A043

ADDR: 77C4D2E2 CODE: 740c jz 0x77c4d2f0
Eax=303EA04 Ebx=77C00000 Ecx=77C00000 Edx=C74E01 Edi=33D2470 Esi=303EA04 Ebp=303E9F0 Esp=303E9E0 Eip=77C4D2E2

ADDR: 77C4DA4F CODE: 0f84636a0500 jz 0x77ca44b8
Eax=303E9B4 Ebx=77C00000 Ecx=0 Edx=303E9E8 Edi=33D2470 Esi=303EA04 Ebp=303E9C4 Esp=303E990 Eip=77C4DA4F

ADDR: 77C4DA6B CODE: 0f84476a0500 jz 0x77ca44b8
Eax=77C00000 Ebx=1 Ecx=0 Edx=303E9E8 Edi=33D2470 Esi=303EA04 Ebp=303E9C4 Esp=303E990 Eip=77C4DA6B

ADDR: 77C4DA74 CODE: 0f843e6a0500 jz 0x77ca44b8
Eax=77C00000 Ebx=1 Ecx=0 Edx=303E9E8 Edi=33D2470 Esi=303EA04 Ebp=303E9C4 Esp=303E990 Eip=77C4DA74

ADDR: 77C4DA80 CODE: 746b jz 0x77c4daed
Eax=77C00000 Ebx=1 Ecx=0 Edx=303E9E8 Edi=0 Esi=303EA04 Ebp=303E9C4 Esp=303E990 Eip=77C4DA80

ADDR: 77C4DAA5 CODE: 0f83b9690500 jae 0x77ca4464
Eax=77C00000 Ebx=0 Ecx=E0 Edx=5A4D Edi=0 Esi=0 Ebp=303E9C4 Esp=303E990 Eip=77C4DAA5

ADDR: 77C4DAB2 CODE: 0f82bc690500 jb 0x77ca4474
Eax=77C00000 Ebx=0 Ecx=77C000E0 Edx=5A4D Edi=0 Esi=0 Ebp=303E9C4 Esp=303E990 Eip=77C4DAB2

ADDR: 77C4DAD5 CODE: 7802 js 0x77c4dad9
Eax=0 Ebx=0 Ecx=77C000E0 Edx=303E9E8 Edi=0 Esi=0 Ebp=303E9C4 Esp=303E990 Eip=77C4DAD5

ADDR: 77C4D305 CODE: 743b jz 0x77c4d342
Eax=0 Ebx=77C00000 Ecx=EA688A1 Edx=77C000E0 Edi=33D2470 Esi=303EA04 Ebp=303E9F0 Esp=303E9E0 Eip=77C4D305

ADDR: 77C4D321 CODE: 7353 jae 0x77c4d376
Eax=10B Ebx=77C00000 Ecx=0 Edx=77C000E0 Edi=33D2470 Esi=303EA04 Ebp=303E9F0 Esp=303E9DC Eip=77C4D321

ADDR: 77C4D329 CODE: 741f jz 0x77c4d34a
Eax=10B Ebx=77C00000 Ecx=0 Edx=77C000E0 Edi=110360 Esi=303EA04 Ebp=303E9F0 Esp=303E9DC Eip=77C4D329

ADDR: 77C4D338 CODE: 741e jz 0x77c4d358
Eax=303EA30 Ebx=77C00000 Ecx=132E0 Edx=77C000E0 Edi=110360 Esi=303EA04 Ebp=303E9F0 Esp=303E9DC Eip=77C4D338

ADDR: 77C4D2AD CODE: 7807 js 0x77c4d2b6
Eax=0 Ebx=C74EE8 Ecx=132E0 Edx=77C000E0 Edi=33D2470 Esi=77C00000 Ebp=303EA08 Esp=303EA04 Eip=77C4D2AD

ADDR: 77C241B4 CODE: 7443 jz 0x77c241f9
Eax=77D10360 Ebx=C74EE8 Ecx=132E0 Edx=77C000E0 Edi=77D10360 Esi=77C00000 Ebp=303EA38 Esp=303EA20 Eip=77C241B4

ADDR: 77C241B8 CODE: 744d jz 0x77c24207
Eax=77D10360 Ebx=C74EE8 Ecx=132E0 Edx=77C000E0 Edi=77D10360 Esi=77C00000 Ebp=303EA38 Esp=303EA20 Eip=77C241B8

ADDR: 77C8A71E CODE: 7410 jz 0x77c8a730
Eax=0 Ebx=C74EE8 Ecx=132E0 Edx=77C000E0 Edi=2 Esi=77C01704 Ebp=303EA00 Esp=303E9F4 Eip=77C8A71E

ADDR: 77C8A738 CODE: 7443 jz 0x77c8a77d
Eax=7FFE0384 Ebx=C74EE8 Ecx=132E0 Edx=77C000E0 Edi=2 Esi=77C01704 Ebp=303EA00 Esp=303E9F4 Eip=77C8A738

ADDR: 77C8A78A CODE: 7419 jz 0x77c8a7a5
Eax=5 Ebx=C74EE8 Ecx=0 Edx=77C000E0 Edi=2 Esi=77C01704 Ebp=303EA00 Esp=303E9F4 Eip=77C8A78A

ADDR: 77C8A7A8 CODE: 7401 jz 0x77c8a7ab
Eax=5 Ebx=C74EE8 Ecx=0 Edx=77C000E0 Edi=2 Esi=77C01704 Ebp=303EA00 Esp=303E9F4 Eip=77C8A7A8

ADDR: 77C242BA CODE: 720b jb 0x77c242c7
Eax=9A5 Ebx=0 Ecx=C74EE8 Edx=C74EE8 Edi=9A4 Esi=FFFFFFFF Ebp=303EA08 Esp=303E9F8 Eip=77C242BA

ADDR: 77C242CC CODE: 7859 js 0x77c24327
Eax=9A4 Ebx=0 Ecx=77C00000 Edx=C74EE8 Edi=9A4 Esi=4D2 Ebp=303EA08 Esp=303E9F8 Eip=77C242CC

ADDR: 77C24307 CODE: 744c jz 0x77c24355
Eax=FFFFFFFF Ebx=0 Ecx=C74EE8 Edx=C74E4E Edi=9A4 Esi=4D2 Ebp=303EA08 Esp=303E9F8 Eip=77C24307

ADDR: 77C24309 CODE: 7905 jns 0x77c24310
Eax=FFFFFFFF Ebx=0 Ecx=C74EE8 Edx=C74E4E Edi=9A4 Esi=4D2 Ebp=303EA08 Esp=303E9F8 Eip=77C24309

ADDR: 77C24325 CODE: 7da9 jge 0x77c242d0
Eax=4D1 Ebx=0 Ecx=77C00000 Edx=C74EE8 Edi=4D1 Esi=268 Ebp=303EA08 Esp=303E9F8 Eip=77C24325

ADDR: 77C242E8 CODE: 7412 jz 0x77c242fc
Eax=77D1991C Ebx=0 Ecx=C74EE8 Edx=C74E4E Edi=4D1 Esi=268 Ebp=303EA08 Esp=303E9F8 Eip=77C242E8

ADDR: 77C24307 CODE: 744c jz 0x77c24355
Eax=FFFFFFFF Ebx=0 Ecx=C74EEA Edx=C74E51 Edi=4D1 Esi=268 Ebp=303EA08 Esp=303E9F8 Eip=77C24307

ADDR: 77C24309 CODE: 7905 jns 0x77c24310
Eax=FFFFFFFF Ebx=0 Ecx=C74EEA Edx=C74E51 Edi=4D1 Esi=268 Ebp=303EA08 Esp=303E9F8 Eip=77C24309

ADDR: 77C24325 CODE: 7da9 jge 0x77c242d0
Eax=267 Ebx=0 Ecx=77C00000 Edx=C74EE8 Edi=267 Esi=133 Ebp=303EA08 Esp=303E9F8 Eip=77C24325

ADDR: 77C242E8 CODE: 7412 jz 0x77c242fc
Eax=77D17FE2 Ebx=0 Ecx=C74EE8 Edx=C74E4E Edi=267 Esi=133 Ebp=303EA08 Esp=303E9F8 Eip=77C242E8

ADDR: 77C24307 CODE: 744c jz 0x77c24355
Eax=1 Ebx=0 Ecx=C74EEA Edx=C74E51 Edi=267 Esi=133 Ebp=303EA08 Esp=303E9F8 Eip=77C24307

ADDR: 77C24309 CODE: 7905 jns 0x77c24310
Eax=1 Ebx=0 Ecx=C74EEA Edx=C74E51 Edi=267 Esi=133 Ebp=303EA08 Esp=303E9F8 Eip=77C24309

ADDR: 77C24325 CODE: 7da9 jge 0x77c242d0
Eax=39B Ebx=134 Ecx=77C00000 Edx=C74EE8 Edi=267 Esi=1CD Ebp=303EA08 Esp=303E9F8 Eip=77C24325

ADDR: 77C242E8 CODE: 7412 jz 0x77c242fc
Eax=77D18BA9 Ebx=134 Ecx=C74EE8 Edx=C74E4E Edi=267 Esi=1CD Ebp=303EA08 Esp=303E9F8 Eip=77C242E8

ADDR: 77C24307 CODE: 744c jz 0x77c24355
Eax=1 Ebx=134 Ecx=C74EEA Edx=C74E51 Edi=267 Esi=1CD Ebp=303EA08 Esp=303E9F8 Eip=77C24307

ADDR: 77C24309 CODE: 7905 jns 0x77c24310
Eax=1 Ebx=134 Ecx=C74EEA Edx=C74E51 Edi=267 Esi=1CD Ebp=303EA08 Esp=303E9F8 Eip=77C24309

ADDR: 77C24325 CODE: 7da9 jge 0x77c242d0
Eax=435 Ebx=1CE Ecx=77C00000 Edx=C74EE8 Edi=267 Esi=21A Ebp=303EA08 Esp=303E9F8 Eip=77C24325

ADDR: 77C242E8 CODE: 7412 jz 0x77c242fc
Eax=77D19275 Ebx=1CE Ecx=C74EE8 Edx=C74E4E Edi=267 Esi=21A Ebp=303EA08 Esp=303E9F8 Eip=77C242E8

ADDR: 77C24307 CODE: 744c jz 0x77c24355
Eax=FFFFFFFF Ebx=1CE Ecx=C74EEA Edx=C74E51 Edi=267 Esi=21A Ebp=303EA08 Esp=303E9F8 Eip=77C24307

ADDR: 77C24309 CODE: 7905 jns 0x77c24310
Eax=FFFFFFFF Ebx=1CE Ecx=C74EEA Edx=C74E51 Edi=267 Esi=21A Ebp=303EA08 Esp=303E9F8 Eip=77C24309

ADDR: 77C24325 CODE: 7da9 jge 0x77c242d0
Eax=3E7 Ebx=1CE Ecx=77C00000 Edx=C74EE8 Edi=219 Esi=1F3 Ebp=303EA08 Esp=303E9F8 Eip=77C24325

ADDR: 77C242E8 CODE: 7412 jz 0x77c242fc
Eax=77D18F33 Ebx=1CE Ecx=C74EE8 Edx=C74E4E Edi=219 Esi=1F3 Ebp=303EA08 Esp=303E9F8 Eip=77C242E8

ADDR: 77C242E8 CODE: 7412 jz 0x77c242fc
Eax=77D18F35 Ebx=1CE Ecx=C74EEA Edx=C74E51 Edi=219 Esi=1F3 Ebp=303EA08 Esp=303E9F8 Eip=77C242E8

ADDR: 77C242E8 CODE: 7412 jz 0x77c242fc
Eax=77D18F37 Ebx=1CE Ecx=C74EEC Edx=C74E65 Edi=219 Esi=1F3 Ebp=303EA08 Esp=303E9F8 Eip=77C242E8

ADDR: 77C242E8 CODE: 7412 jz 0x77c242fc
Eax=77D18F39 Ebx=1CE Ecx=C74EEE Edx=C74E79 Edi=219 Esi=1F3 Ebp=303EA08 Esp=303E9F8 Eip=77C242E8

ADDR: 77C24307 CODE: 744c jz 0x77c24355
Eax=1 Ebx=1CE Ecx=C74EEE Edx=C74E53 Edi=219 Esi=1F3 Ebp=303EA08 Esp=303E9F8 Eip=77C24307

ADDR: 77C24309 CODE: 7905 jns 0x77c24310
Eax=1 Ebx=1CE Ecx=C74EEE Edx=C74E53 Edi=219 Esi=1F3 Ebp=303EA08 Esp=303E9F8 Eip=77C24309

ADDR: 77C24325 CODE: 7da9 jge 0x77c242d0
Eax=40D Ebx=1F4 Ecx=77C00000 Edx=C74EE8 Edi=219 Esi=206 Ebp=303EA08 Esp=303E9F8 Eip=77C24325

ADDR: 77C242E8 CODE: 7412 jz 0x77c242fc
Eax=77D190EE Ebx=1F4 Ecx=C74EE8 Edx=C74E4E Edi=219 Esi=206 Ebp=303EA08 Esp=303E9F8 Eip=77C242E8

ADDR: 77C242E8 CODE: 7412 jz 0x77c242fc
Eax=77D190F0 Ebx=1F4 Ecx=C74EEA Edx=C74E51 Edi=219 Esi=206 Ebp=303EA08 Esp=303E9F8 Eip=77C242E8

ADDR: 77C242E8 CODE: 7412 jz 0x77c242fc
Eax=77D190F2 Ebx=1F4 Ecx=C74EEC Edx=C74E65 Edi=219 Esi=206 Ebp=303EA08 Esp=303E9F8 Eip=77C242E8

ADDR: 77C242E8 CODE: 7412 jz 0x77c242fc
Eax=77D190F4 Ebx=1F4 Ecx=C74EEE Edx=C74E79 Edi=219 Esi=206 Ebp=303EA08 Esp=303E9F8 Eip=77C242E8

ADDR: 77C242E8 CODE: 7412 jz 0x77c242fc
Eax=77D190F6 Ebx=1F4 Ecx=C74EF0 Edx=C74E79 Edi=219 Esi=206 Ebp=303EA08 Esp=303E9F8 Eip=77C242E8

ADDR: 77C242E8 CODE: 7412 jz 0x77c242fc
Eax=77D190F8 Ebx=1F4 Ecx=C74EF2 Edx=C74E74 Edi=219 Esi=206 Ebp=303EA08 Esp=303E9F8 Eip=77C242E8

ADDR: 77C242E8 CODE: 7412 jz 0x77c242fc
Eax=77D190FA Ebx=1F4 Ecx=C74EF4 Edx=C74E6D Edi=219 Esi=206 Ebp=303EA08 Esp=303E9F8 Eip=77C242E8

ADDR: 77C24307 CODE: 744c jz 0x77c24355
Eax=FFFFFFFF Ebx=1F4 Ecx=C74EF4 Edx=C74E49 Edi=219 Esi=206 Ebp=303EA08 Esp=303E9F8 Eip=77C24307

ADDR: 77C24309 CODE: 7905 jns 0x77c24310
Eax=FFFFFFFF Ebx=1F4 Ecx=C74EF4 Edx=C74E49 Edi=219 Esi=206 Ebp=303EA08 Esp=303E9F8 Eip=77C24309

ADDR: 77C24325 CODE: 7da9 jge 0x77c242d0
Eax=3F9 Ebx=1F4 Ecx=77C00000 Edx=C74EE8 Edi=205 Esi=1FC Ebp=303EA08 Esp=303E9F8 Eip=77C24325

ADDR: 77C242E8 CODE: 7412 jz 0x77c242fc
Eax=77D18FF7 Ebx=1F4 Ecx=C74EE8 Edx=C74E4E Edi=205 Esi=1FC Ebp=303EA08 Esp=303E9F8 Eip=77C242E8

ADDR: 77C242E8 CODE: 7412 jz 0x77c242fc
Eax=77D18FF9 Ebx=1F4 Ecx=C74EEA Edx=C74E51 Edi=205 Esi=1FC Ebp=303EA08 Esp=303E9F8 Eip=77C242E8

ADDR: 77C242E8 CODE: 7412 jz 0x77c242fc
Eax=77D18FFB Ebx=1F4 Ecx=C74EEC Edx=C74E65 Edi=205 Esi=1FC Ebp=303EA08 Esp=303E9F8 Eip=77C242E8

ADDR: 77C242E8 CODE: 7412 jz 0x77c242fc
Eax=77D18FFD Ebx=1F4 Ecx=C74EEE Edx=C74E79 Edi=205 Esi=1FC Ebp=303EA08 Esp=303E9F8 Eip=77C242E8

ADDR: 77C24307 CODE: 744c jz 0x77c24355
Eax=1 Ebx=1F4 Ecx=C74EF0 Edx=C74E79 Edi=205 Esi=1FC Ebp=303EA08 Esp=303E9F8 Eip=77C24307

ADDR: 77C24309 CODE: 7905 jns 0x77c24310
Eax=1 Ebx=1F4 Ecx=C74EF0 Edx=C74E79 Edi=205 Esi=1FC Ebp=303EA08 Esp=303E9F8 Eip=77C24309

ADDR: 77C24325 CODE: 7da9 jge 0x77c242d0
Eax=402 Ebx=1FD Ecx=77C00000 Edx=C74EE8 Edi=205 Esi=201 Ebp=303EA08 Esp=303E9F8 Eip=77C24325

ADDR: 77C242E8 CODE: 7412 jz 0x77c242fc
Eax=77D19062 Ebx=1FD Ecx=C74EE8 Edx=C74E4E Edi=205 Esi=201 Ebp=303EA08 Esp=303E9F8 Eip=77C242E8

ADDR: 77C242E8 CODE: 7412 jz 0x77c242fc
Eax=77D19064 Ebx=1FD Ecx=C74EEA Edx=C74E51 Edi=205 Esi=201 Ebp=303EA08 Esp=303E9F8 Eip=77C242E8

ADDR: 77C242E8 CODE: 7412 jz 0x77c242fc
Eax=77D19066 Ebx=1FD Ecx=C74EEC Edx=C74E65 Edi=205 Esi=201 Ebp=303EA08 Esp=303E9F8 Eip=77C242E8

ADDR: 77C242E8 CODE: 7412 jz 0x77c242fc
Eax=77D19068 Ebx=1FD Ecx=C74EEE Edx=C74E79 Edi=205 Esi=201 Ebp=303EA08 Esp=303E9F8 Eip=77C242E8

ADDR: 77C242E8 CODE: 7412 jz 0x77c242fc
Eax=77D1906A Ebx=1FD Ecx=C74EF0 Edx=C74E79 Edi=205 Esi=201 Ebp=303EA08 Esp=303E9F8 Eip=77C242E8

ADDR: 77C24307 CODE: 744c jz 0x77c24355
Eax=1 Ebx=1FD Ecx=C74EF0 Edx=C74E73 Edi=205 Esi=201 Ebp=303EA08 Esp=303E9F8 Eip=77C24307

ADDR: 77C24309 CODE: 7905 jns 0x77c24310
Eax=1 Ebx=1FD Ecx=C74EF0 Edx=C74E73 Edi=205 Esi=201 Ebp=303EA08 Esp=303E9F8 Eip=77C24309

ADDR: 77C24325 CODE: 7da9 jge 0x77c242d0
Eax=407 Ebx=202 Ecx=77C00000 Edx=C74EE8 Edi=205 Esi=203 Ebp=303EA08 Esp=303E9F8 Eip=77C24325

ADDR: 77C242E8 CODE: 7412 jz 0x77c242fc
Eax=77D1909A Ebx=202 Ecx=C74EE8 Edx=C74E4E Edi=205 Esi=203 Ebp=303EA08 Esp=303E9F8 Eip=77C242E8

ADDR: 77C242E8 CODE: 7412 jz 0x77c242fc
Eax=77D1909C Ebx=202 Ecx=C74EEA Edx=C74E51 Edi=205 Esi=203 Ebp=303EA08 Esp=303E9F8 Eip=77C242E8

ADDR: 77C242E8 CODE: 7412 jz 0x77c242fc
Eax=77D1909E Ebx=202 Ecx=C74EEC Edx=C74E65 Edi=205 Esi=203 Ebp=303EA08 Esp=303E9F8 Eip=77C242E8

ADDR: 77C242E8 CODE: 7412 jz 0x77c242fc
Eax=77D190A0 Ebx=202 Ecx=C74EEE Edx=C74E79 Edi=205 Esi=203 Ebp=303EA08 Esp=303E9F8 Eip=77C242E8

ADDR: 77C242E8 CODE: 7412 jz 0x77c242fc
Eax=77D190A2 Ebx=202 Ecx=C74EF0 Edx=C74E79 Edi=205 Esi=203 Ebp=303EA08 Esp=303E9F8 Eip=77C242E8

ADDR: 77C242E8 CODE: 7412 jz 0x77c242fc
Eax=77D190A4 Ebx=202 Ecx=C74EF2 Edx=C74E74 Edi=205 Esi=203 Ebp=303EA08 Esp=303E9F8 Eip=77C242E8

ADDR: 77C242E8 CODE: 7412 jz 0x77c242fc
Eax=77D190A6 Ebx=202 Ecx=C74EF4 Edx=C74E6D Edi=205 Esi=203 Ebp=303EA08 Esp=303E9F8 Eip=77C242E8

ADDR: 77C24307 CODE: 744c jz 0x77c24355
Eax=1 Ebx=202 Ecx=C74EF4 Edx=C74E49 Edi=205 Esi=203 Ebp=303EA08 Esp=303E9F8 Eip=77C24307

ADDR: 77C24309 CODE: 7905 jns 0x77c24310
Eax=1 Ebx=202 Ecx=C74EF4 Edx=C74E49 Edi=205 Esi=203 Ebp=303EA08 Esp=303E9F8 Eip=77C24309

ADDR: 77C24325 CODE: 7da9 jge 0x77c242d0
Eax=409 Ebx=204 Ecx=77C00000 Edx=C74EE8 Edi=205 Esi=204 Ebp=303EA08 Esp=303E9F8 Eip=77C24325

ADDR: 77C242E8 CODE: 7412 jz 0x77c242fc
Eax=77D190BA Ebx=204 Ecx=C74EE8 Edx=C74E4E Edi=205 Esi=204 Ebp=303EA08 Esp=303E9F8 Eip=77C242E8

ADDR: 77C242E8 CODE: 7412 jz 0x77c242fc
Eax=77D190BC Ebx=204 Ecx=C74EEA Edx=C74E51 Edi=205 Esi=204 Ebp=303EA08 Esp=303E9F8 Eip=77C242E8

ADDR: 77C242E8 CODE: 7412 jz 0x77c242fc
Eax=77D190BE Ebx=204 Ecx=C74EEC Edx=C74E65 Edi=205 Esi=204 Ebp=303EA08 Esp=303E9F8 Eip=77C242E8

ADDR: 77C242E8 CODE: 7412 jz 0x77c242fc
Eax=77D190C0 Ebx=204 Ecx=C74EEE Edx=C74E79 Edi=205 Esi=204 Ebp=303EA08 Esp=303E9F8 Eip=77C242E8

ADDR: 77C242E8 CODE: 7412 jz 0x77c242fc
Eax=77D190C2 Ebx=204 Ecx=C74EF0 Edx=C74E79 Edi=205 Esi=204 Ebp=303EA08 Esp=303E9F8 Eip=77C242E8

ADDR: 77C242E8 CODE: 7412 jz 0x77c242fc
Eax=77D190C4 Ebx=204 Ecx=C74EF2 Edx=C74E74 Edi=205 Esi=204 Ebp=303EA08 Esp=303E9F8 Eip=77C242E8

ADDR: 77C242E8 CODE: 7412 jz 0x77c242fc
Eax=77D190C6 Ebx=204 Ecx=C74EF4 Edx=C74E6D Edi=205 Esi=204 Ebp=303EA08 Esp=303E9F8 Eip=77C242E8

ADDR: 77C242E8 CODE: 7412 jz 0x77c242fc
Eax=77D190C8 Ebx=204 Ecx=C74EF6 Edx=C74E6E Edi=205 Esi=204 Ebp=303EA08 Esp=303E9F8 Eip=77C242E8

ADDR: 77C242E8 CODE: 7412 jz 0x77c242fc
Eax=77D190CA Ebx=204 Ecx=C74EF8 Edx=C74E6F Edi=205 Esi=204 Ebp=303EA08 Esp=303E9F8 Eip=77C242E8

ADDR: 77C242E8 CODE: 7412 jz 0x77c242fc
Eax=77D190CC Ebx=204 Ecx=C74EFA Edx=C74E6D Edi=205 Esi=204 Ebp=303EA08 Esp=303E9F8 Eip=77C242E8

ADDR: 77C242E8 CODE: 7412 jz 0x77c242fc
Eax=77D190CE Ebx=204 Ecx=C74EFC Edx=C74E74 Edi=205 Esi=204 Ebp=303EA08 Esp=303E9F8 Eip=77C242E8

ADDR: 77C242E8 CODE: 7412 jz 0x77c242fc
Eax=77D190D0 Ebx=204 Ecx=C74EFE Edx=C74E6F Edi=205 Esi=204 Ebp=303EA08 Esp=303E9F8 Eip=77C242E8

ADDR: 77C242E8 CODE: 7412 jz 0x77c242fc
Eax=77D190D2 Ebx=204 Ecx=C74F00 Edx=C74E00 Edi=205 Esi=204 Ebp=303EA08 Esp=303E9F8 Eip=77C242E8

ADDR: 77C24307 CODE: 744c jz 0x77c24355
Eax=0 Ebx=204 Ecx=C74F00 Edx=C74E00 Edi=205 Esi=204 Ebp=303EA08 Esp=303E9F8 Eip=77C24307

ADDR: 77C241F7 CODE: 7937 jns 0x77c24230
Eax=20B Ebx=C74EE8 Ecx=C74F00 Edx=C74E00 Edi=77D10360 Esi=20B Ebp=303EA38 Esp=303EA20 Eip=77C241F7

ADDR: 77C24233 CODE: 7215 jb 0x77c2424a
Eax=20B Ebx=C74EE8 Ecx=C74F00 Edx=C74E00 Edi=77D10360 Esi=20B Ebp=303EA38 Esp=303EA20 Eip=77C24233

ADDR: 77C2425F CODE: 7217 jb 0x77c24278
Eax=303EB18 Ebx=C74EE8 Ecx=77C74EE0 Edx=C74E00 Edi=77D10360 Esi=20B Ebp=303EA38 Esp=303EA20 Eip=77C2425F

ADDR: 77C8A107 CODE: 7417 jz 0x77c8a120
Eax=0 Ebx=303EB18 Ecx=77C74EE0 Edx=C74E00 Edi=33D2470 Esi=0 Ebp=303EAD0 Esp=303EA48 Eip=77C8A107

ADDR: 77C8A10B CODE: 7813 js 0x77c8a120
Eax=0 Ebx=303EB18 Ecx=77C74EE0 Edx=C74E00 Edi=33D2470 Esi=0 Ebp=303EAD0 Esp=303EA48 Eip=77C8A10B

ADDR: 77C8A111 CODE: 7405 jz 0x77c8a118
Eax=0 Ebx=303EB18 Ecx=77C74EE0 Edx=C74E00 Edi=33D2470 Esi=0 Ebp=303EAD0 Esp=303EA48 Eip=77C8A111

ADDR: 77C4AB9C CODE: 7314 jae 0x77c4abb2
Eax=1 Ebx=77C00000 Ecx=77C00000 Edx=C74E00 Edi=33D2470 Esi=0 Ebp=303EA40 Esp=303EA20 Eip=77C4AB9C

ADDR: 77C4ABBB CODE: 73e1 jae 0x77c4ab9e
Eax=77DAA000 Ebx=77C00000 Ecx=77C00000 Edx=C74E00 Edi=33D2470 Esi=0 Ebp=303EA40 Esp=303EA20 Eip=77C4ABBB

ADDR: 77C4ABAB CODE: 74e2 jz 0x77c4ab8f
Eax=77DAA000 Ebx=77C00000 Ecx=77C00000 Edx=C74E00 Edi=303EA40 Esi=77D2C370 Ebp=303EA40 Esp=303EA20 Eip=77C4ABAB

ADDR: 77C8A12B CODE: 7903 jns 0x77c8a130
Eax=77DAA000 Ebx=303EB18 Ecx=303EA78 Edx=C74E00 Edi=33D2470 Esi=0 Ebp=303EAD0 Esp=303EA48 Eip=77C8A12B

ADDR: 77C4FCB6 CODE: 7405 jz 0x77c4fcbd
Eax=0 Ebx=0 Ecx=33D2568 Edx=C74E00 Edi=33D2470 Esi=9 Ebp=303EBC8 Esp=303EAE8 Eip=77C4FCB6

ADDR: 77C44785 CODE: 7408 jz 0x77c4478f
Eax=33D2628 Ebx=0 Ecx=33D2568 Edx=C74E00 Edi=33D2470 Esi=33D2568 Ebp=303EBC8 Esp=303EAD8 Eip=77C44785

ADDR: 77C4FCBF CODE: 7854 js 0x77c4fd15
Eax=33D2628 Ebx=0 Ecx=33D2568 Edx=C74E00 Edi=33D2470 Esi=9 Ebp=303EBC8 Esp=303EAE8 Eip=77C4FCBF

ADDR: 77C4FD52 CODE: 7419 jz 0x77c4fd6d
Eax=33D2628 Ebx=0 Ecx=33D2568 Edx=C74E00 Edi=33D2470 Esi=C854C7 Ebp=303EBC8 Esp=303EAE8 Eip=77C4FD52

ADDR: 77C4FD74 CODE: 74ab jz 0x77c4fd21
Eax=33D2628 Ebx=0 Ecx=33D2568 Edx=C74E00 Edi=33D2470 Esi=C854C7 Ebp=303EBC8 Esp=303EAE8 Eip=77C4FD74

ADDR: 77C4FD27 CODE: 0f84a3000000 jz 0x77c4fdd0
Eax=33D2628 Ebx=0 Ecx=33D2568 Edx=C74E00 Edi=33D2470 Esi=C854C7 Ebp=303EBC8 Esp=303EAE8 Eip=77C4FD27

ADDR: 77C44785 CODE: 7408 jz 0x77c4478f
Eax=33D2530 Ebx=0 Ecx=33D2470 Edx=C74E00 Edi=33D2470 Esi=33D2470 Ebp=303EBC8 Esp=303EAD8 Eip=77C44785

ADDR: 77C4FE16 CODE: 7411 jz 0x77c4fe29
Eax=33D2530 Ebx=0 Ecx=33D2470 Edx=C74E00 Edi=33D2470 Esi=C74EE8 Ebp=303EBC8 Esp=303EAE8 Eip=77C4FE16

ADDR: 77C4FE2B CODE: 7868 js 0x77c4fe95
Eax=33D2530 Ebx=0 Ecx=33D2470 Edx=C74E00 Edi=33D2470 Esi=C74EE8 Ebp=303EBC8 Esp=303EAE8 Eip=77C4FE2B

ADDR: 77C4FE38 CODE: 745b jz 0x77c4fe95
Eax=D70000 Ebx=0 Ecx=33D2470 Edx=C74E00 Edi=33D2470 Esi=C74EE8 Ebp=303EBC8 Esp=303EAE8 Eip=77C4FE38

ADDR: 778FED03 CODE: 7853 js 0x778fed58
Eax=0 Ebx=77C00000 Ecx=DA56165 Edx=C74E00 Edi=FFFF Esi=FC Ebp=303EBFC Esp=303EBE8 Eip=778FED03

ADDR: 778FED07 CODE: 0f84c67b0700 jz 0x779768d3
Eax=0 Ebx=77C00000 Ecx=DA56165 Edx=C74E00 Edi=FFFF Esi=FC Ebp=303EBFC Esp=303EBE8 Eip=778FED07

ADDR: 778FED1F CODE: 0f84bc7b0700 jz 0x779768e1
Eax=77C00000 Ebx=77C00000 Ecx=DA56165 Edx=C74E00 Edi=FFFF Esi=FC Ebp=303EBFC Esp=303EBE8 Eip=778FED1F

ADDR: C854CB CODE: 7495 jz 0xc85462
Eax=77C74EE0 Ebx=0 Ecx=DA56165 Edx=C74E00 Edi=3421030 Esi=77C74EE0 Ebp=303F918 Esp=303EC20 Eip=C854CB

ADDR: 77C98DEB CODE: 730a jae 0x77c98df7
Eax=EF8E9DC Ebx=0 Ecx=77C74EE0 Edx=55555555 Edi=3421030 Esi=77C74EE0 Ebp=303F918 Esp=303EC0C Eip=77C98DEB

