ADDR: 943280 CODE: 7404 jz 0x943286
Eax=128592 Ebx=318E000 Ecx=E990946D Edx=140000 Edi=BB40E64E Esi=FFFF0000 Ebp=327FAA8 Esp=327FA90 Eip=943280

ADDR: 77A43FB9 CODE: 7306 jae 0x77a43fc1
Eax=327FA88 Ebx=318E000 Ecx=166F6B92 Edx=140000 Edi=942C90 Esi=942C90 Ebp=327FA14 Esp=327FA14 Eip=77A43FB9

ADDR: 77A24CFF CODE: 0f8426e60500 jz 0x77a8332b
Eax=7FFFFFF Ebx=0 Ecx=0 Edx=0 Edi=0 Esi=3550000 Ebp=327F908 Esp=327F900 Eip=77A24CFF

ADDR: 77A24D11 CODE: 0f842be60500 jz 0x77a83342
Eax=7FFFFFF Ebx=0 Ecx=3550000 Edx=80 Edi=0 Esi=3550000 Ebp=327F908 Esp=327F900 Eip=77A24D11

ADDR: 77A24E6C CODE: 760c jbe 0x77a24e7a
Eax=0 Ebx=3550000 Ecx=0 Edx=80 Edi=80 Esi=3550000 Ebp=327F8F0 Esp=327F878 Eip=77A24E6C

ADDR: 77A24E9D CODE: 742b jz 0x77a24eca
Eax=0 Ebx=3550000 Ecx=0 Edx=0 Edi=80 Esi=3550000 Ebp=327F8F0 Esp=327F878 Eip=77A24E9D

ADDR: 77A24ED5 CODE: 7445 jz 0x77a24f1c
Eax=0 Ebx=3550000 Ecx=0 Edx=0 Edi=80 Esi=0 Ebp=327F8F0 Esp=327F878 Eip=77A24ED5

ADDR: 77A24F4B CODE: 0f87f5090000 ja 0x77a25946
Eax=80 Ebx=3550000 Ecx=0 Edx=11 Edi=80 Esi=88 Ebp=327F8F0 Esp=327F878 Eip=77A24F4B

ADDR: 77A24F6F CODE: 0f84ce090000 jz 0x77a25943
Eax=2 Ebx=3550000 Ecx=1 Edx=0 Edi=80 Esi=88 Ebp=327F8F0 Esp=327F878 Eip=77A24F6F

ADDR: 77A2594F CODE: 7211 jb 0x77a25962
Eax=3550270 Ebx=3550000 Ecx=1 Edx=11 Edi=80 Esi=88 Ebp=327F8F0 Esp=327F878 Eip=77A2594F

ADDR: 77A25967 CODE: 0f838c030000 jae 0x77a25cf9
Eax=3550270 Ebx=3550000 Ecx=11 Edx=11 Edi=80 Esi=88 Ebp=327F8F0 Esp=327F878 Eip=77A25967

ADDR: 77A2597C CODE: 7402 jz 0x77a25980
Eax=3550270 Ebx=3550000 Ecx=11 Edx=11 Edi=80 Esi=88 Ebp=327F8F0 Esp=327F878 Eip=77A2597C

ADDR: 77A25F44 CODE: 7329 jae 0x77a25f6f
Eax=327F850 Ebx=2 Ecx=3550000 Edx=2 Edi=3550000 Esi=11 Ebp=327F860 Esp=327F6E0 Eip=77A25F44

ADDR: 77A25F53 CODE: 730c jae 0x77a25f61
Eax=327F850 Ebx=2 Ecx=3550001 Edx=11 Edi=3550000 Esi=11 Ebp=327F860 Esp=327F6E0 Eip=77A25F53

ADDR: 77A26022 CODE: 7415 jz 0x77a26039
Eax=327F8C0 Ebx=0 Ecx=3550001 Edx=11 Edi=3550000 Esi=11 Ebp=327F860 Esp=327F6E0 Eip=77A26022

ADDR: 77A43F37 CODE: 7316 jae 0x77a43f4f
Eax=3550258 Ebx=0 Ecx=355025C Edx=3191000 Edi=3550000 Esi=11 Ebp=327F6D4 Esp=327F6D4 Eip=77A43F37

ADDR: 77A260CB CODE: 7407 jz 0x77a260d4
Eax=1 Ebx=0 Ecx=4720 Edx=3191000 Edi=3550000 Esi=11 Ebp=327F860 Esp=327F6E0 Eip=77A260CB

ADDR: 77A260DA CODE: 0f8739170000 ja 0x77a27819
Eax=1 Ebx=0 Ecx=4720 Edx=11 Edi=3550000 Esi=11 Ebp=327F860 Esp=327F6E0 Eip=77A260DA

ADDR: 77A260F4 CODE: 723a jb 0x77a26130
Eax=80 Ebx=0 Ecx=4720 Edx=11 Edi=3550000 Esi=11 Ebp=327F860 Esp=327F6E0 Eip=77A260F4

ADDR: 77A26136 CODE: 0f87d5000000 ja 0x77a26211
Eax=80 Ebx=0 Ecx=4720 Edx=11 Edi=3550000 Esi=11 Ebp=327F860 Esp=327F6E0 Eip=77A26136

ADDR: 77A26188 CODE: 7716 ja 0x77a261a0
Eax=3552604 Ebx=1 Ecx=104 Edx=0 Edi=3550000 Esi=35526B2 Ebp=327F860 Esp=327F6E0 Eip=77A26188

ADDR: 77A26192 CODE: 770c ja 0x77a261a0
Eax=FF00 Ebx=1 Ecx=104 Edx=0 Edi=3550000 Esi=35526B2 Ebp=327F860 Esp=327F6E0 Eip=77A26192

ADDR: 77A26216 CODE: 0f844f020000 jz 0x77a2646b
Eax=FF00 Ebx=1 Ecx=104 Edx=11 Edi=3550000 Esi=35502E8 Ebp=327F860 Esp=327F6E0 Eip=77A26216

ADDR: 77A26220 CODE: 0f8445020000 jz 0x77a2646b
Eax=FF00 Ebx=1 Ecx=104 Edx=11 Edi=3550000 Esi=0 Ebp=327F860 Esp=327F6E0 Eip=77A26220

ADDR: 77A26485 CODE: 7304 jae 0x77a2648b
Eax=35500C0 Ebx=1 Ecx=80 Edx=11 Edi=3550000 Esi=3550270 Ebp=327F860 Esp=327F6E0 Eip=77A26485

ADDR: 77A264D3 CODE: 7438 jz 0x77a2650d
Eax=3564DC0 Ebx=8E9EFB25 Ecx=80 Edx=35500C0 Edi=3550000 Esi=3550270 Ebp=327F860 Esp=327F6E0 Eip=77A264D3

ADDR: 77A264F3 CODE: 7418 jz 0x77a2650d
Eax=46 Ebx=46000244 Ecx=4646 Edx=35500C0 Edi=3550000 Esi=3550270 Ebp=327F860 Esp=327F6E0 Eip=77A264F3

ADDR: 77A2651D CODE: 7e07 jle 0x77a26526
Eax=244 Ebx=46000244 Ecx=FFFFFDCD Edx=35500C0 Edi=3550000 Esi=3550270 Ebp=327F860 Esp=327F6E0 Eip=77A2651D

ADDR: 77A2653A CODE: 7438 jz 0x77a26574
Eax=35595A8 Ebx=CA9EF963 Ecx=FFFFFDCD Edx=35500C0 Edi=3550000 Esi=3550270 Ebp=327F860 Esp=327F6E0 Eip=77A2653A

ADDR: 77A2655A CODE: 7418 jz 0x77a26574
Eax=2 Ebx=2000002 Ecx=202 Edx=35500C0 Edi=3550000 Esi=3550270 Ebp=327F860 Esp=327F6E0 Eip=77A2655A

ADDR: 77A26584 CODE: 7f07 jg 0x77a2658d
Eax=2 Ebx=2000002 Ecx=F Edx=35500C0 Edi=3550000 Esi=3550270 Ebp=327F860 Esp=327F6E0 Eip=77A26584

ADDR: 77A26679 CODE: 7422 jz 0x77a2669d
Eax=3550294 Ebx=58C0000 Ecx=3 Edx=0 Edi=3550000 Esi=3550270 Ebp=327F860 Esp=327F6E0 Eip=77A26679

ADDR: 77A266A7 CODE: 740c jz 0x77a266b5
Eax=8C Ebx=58C0000 Ecx=3 Edx=0 Edi=3550000 Esi=3550270 Ebp=327F860 Esp=327F6E0 Eip=77A266A7

ADDR: 77A266D1 CODE: 7402 jz 0x77a266d5
Eax=12 Ebx=58C0000 Ecx=3 Edx=12 Edi=3550000 Esi=3550270 Ebp=327F860 Esp=327F6E0 Eip=77A266D1

ADDR: 77A266E0 CODE: 0f841c110000 jz 0x77a27802
Eax=35593E0 Ebx=58C0000 Ecx=3 Edx=12 Edi=3550000 Esi=3550270 Ebp=327F860 Esp=327F6E0 Eip=77A266E0

ADDR: 77A266F2 CODE: 0f844d020000 jz 0x77a26945
Eax=35593E0 Ebx=58C0000 Ecx=3 Edx=12 Edi=3550000 Esi=3550270 Ebp=327F860 Esp=327F6E0 Eip=77A266F2

ADDR: 77A26702 CODE: 741f jz 0x77a26723
Eax=35593E0 Ebx=35593D8 Ecx=3 Edx=12 Edi=3550000 Esi=3550270 Ebp=327F860 Esp=327F6E0 Eip=77A26702

ADDR: 77A26714 CODE: 740a jz 0x77a26720
Eax=C89EF912 Ebx=35593D8 Ecx=3 Edx=12 Edi=3550000 Esi=3550270 Ebp=327F860 Esp=327F6E0 Eip=77A26714

ADDR: 77A26729 CODE: 0f8200020000 jb 0x77a2692f
Eax=35593E0 Ebx=35593D8 Ecx=3 Edx=12 Edi=3550000 Esi=12 Ebp=327F860 Esp=327F6E0 Eip=77A26729

ADDR: 77A26761 CODE: 0f841c010000 jz 0x77a26883
Eax=35593E0 Ebx=35593D8 Ecx=3550270 Edx=35593E0 Edi=3550000 Esi=12 Ebp=327F860 Esp=327F6E0 Eip=77A26761

ADDR: 77A26778 CODE: 730b jae 0x77a26785
Eax=12 Ebx=35593D8 Ecx=3550270 Edx=35593E0 Edi=3550000 Esi=80 Ebp=327F860 Esp=327F6E0 Eip=77A26778

ADDR: 77A2680D CODE: 0f83db000000 jae 0x77a268ee
Eax=80 Ebx=35593D8 Ecx=3550270 Edx=12 Edi=3550000 Esi=355A030 Ebp=327F860 Esp=327F6E0 Eip=77A2680D

ADDR: 77A26816 CODE: 0f84a3000000 jz 0x77a268bf
Eax=80 Ebx=35593D8 Ecx=3550270 Edx=12 Edi=3550000 Esi=355A030 Ebp=327F860 Esp=327F6E0 Eip=77A26816

ADDR: 77A26829 CODE: 743c jz 0x77a26867
Eax=80 Ebx=DA9EF973 Ecx=3550270 Edx=12 Edi=3550000 Esi=355A030 Ebp=327F860 Esp=327F6E0 Eip=77A26829

ADDR: 77A26849 CODE: 7419 jz 0x77a26864
Eax=12 Ebx=12000012 Ecx=1212 Edx=12 Edi=3550000 Esi=355A030 Ebp=327F860 Esp=327F6E0 Eip=77A26849

ADDR: 77A26895 CODE: 7475 jz 0x77a2690c
Eax=355A030 Ebx=35593D8 Ecx=3559CD8 Edx=12 Edi=3550000 Esi=355A030 Ebp=327F860 Esp=327F6E0 Eip=77A26895

ADDR: 77A26ACC CODE: 7418 jz 0x77a26ae6
Eax=355A030 Ebx=35593D8 Ecx=3559C00 Edx=12 Edi=3550000 Esi=1 Ebp=327F860 Esp=327F6E0 Eip=77A26ACC

ADDR: 77A26B12 CODE: 7305 jae 0x77a26b19
Eax=8 Ebx=35593D8 Ecx=11 Edx=1 Edi=3550000 Esi=1 Ebp=327F860 Esp=327F6E0 Eip=77A26B12

ADDR: 77A26B27 CODE: 741e jz 0x77a26b47
Eax=8 Ebx=35593D8 Ecx=11 Edx=1 Edi=3550000 Esi=1 Ebp=327F860 Esp=327F6E0 Eip=77A26B27

ADDR: 77A26B3E CODE: 0f833b010000 jae 0x77a26c7f
Eax=10 Ebx=35593D8 Ecx=11 Edx=1 Edi=3550000 Esi=1 Ebp=327F860 Esp=327F6E0 Eip=77A26B3E

ADDR: 77A26B7F CODE: 0f841c0b0000 jz 0x77a276a1
Eax=10 Ebx=35593E0 Ecx=90 Edx=35593DF Edi=3550000 Esi=90 Ebp=327F860 Esp=327F6E0 Eip=77A26B7F

ADDR: 77A26B89 CODE: 7413 jz 0x77a26b9e
Eax=10 Ebx=35593E0 Ecx=90 Edx=35593DF Edi=3550000 Esi=90 Ebp=327F860 Esp=327F6E0 Eip=77A26B89

ADDR: 77A26BA2 CODE: 0f84b7000000 jz 0x77a26c5f
Eax=C89EF961 Ebx=35593E0 Ecx=35593D8 Edx=35593DF Edi=3550000 Esi=90 Ebp=327F860 Esp=327F6E0 Eip=77A26BA2

ADDR: 77A26BC7 CODE: 762c jbe 0x77a26bf5
Eax=C89EF961 Ebx=35593E0 Ecx=35593D8 Edx=1 Edi=3550000 Esi=90 Ebp=327F860 Esp=327F6E0 Eip=77A26BC7

ADDR: 77A26BE7 CODE: 7606 jbe 0x77a26bef
Eax=1F60 Ebx=35593E0 Ecx=150A0 Edx=1 Edi=3550000 Esi=90 Ebp=327F860 Esp=327F6E0 Eip=77A26BE7

ADDR: 77A26C05 CODE: 7249 jb 0x77a26c50
Eax=1F60 Ebx=35593E0 Ecx=150A0 Edx=1 Edi=3550000 Esi=90 Ebp=327F860 Esp=327F6E0 Eip=77A26C05

ADDR: 77A27B53 CODE: 746e jz 0x77a27bc3
Eax=FFFFFFFE Ebx=3550258 Ecx=FFFFFFFF Edx=1 Edi=355025C Esi=FFFFFFFE Ebp=327F6D4 Esp=327F6C0 Eip=77A27B53

ADDR: 77A26C63 CODE: 0f84150e0000 jz 0x77a27a7e
Eax=0 Ebx=35593E0 Ecx=FFFFFFFF Edx=1 Edi=3550000 Esi=90 Ebp=327F860 Esp=327F6E0 Eip=77A26C63

ADDR: 77A27AAD CODE: 741e jz 0x77a27acd
Eax=0 Ebx=35593E0 Ecx=FFFFFFFF Edx=1 Edi=3550000 Esi=90 Ebp=327F860 Esp=327F6DC Eip=77A27AAD

ADDR: 77A27A91 CODE: 743b jz 0x77a27ace
Eax=0 Ebx=35593E0 Ecx=FFFFFFFF Edx=1 Edi=3550000 Esi=90 Ebp=327F860 Esp=327F6E0 Eip=77A27A91

ADDR: 77A27AD6 CODE: 741f jz 0x77a27af7
Eax=7FFE0388 Ebx=35593E0 Ecx=FFFFFFFF Edx=1 Edi=3550000 Esi=90 Ebp=327F860 Esp=327F6E0 Eip=77A27AD6

ADDR: 77A25D13 CODE: 7445 jz 0x77a25d5a
Eax=35593E0 Ebx=3550000 Ecx=19BAE974 Edx=1 Edi=35593E0 Esi=88 Ebp=327F8F0 Esp=327F878 Eip=77A25D13

ADDR: 77A25D1D CODE: 0f8474000000 jz 0x77a25d97
Eax=35593E0 Ebx=3550000 Ecx=80 Edx=0 Edi=35593E0 Esi=88 Ebp=327F8F0 Esp=327F878 Eip=77A25D1D

ADDR: 77A25DA5 CODE: 7415 jz 0x77a25dbc
Eax=0 Ebx=3550000 Ecx=0 Edx=0 Edi=35593E0 Esi=88 Ebp=327F8F0 Esp=327F878 Eip=77A25DA5

ADDR: 77A25DC4 CODE: 0f8492000000 jz 0x77a25e5c
Eax=7FFE0380 Ebx=3550000 Ecx=0 Edx=0 Edi=35593E0 Esi=88 Ebp=327F8F0 Esp=327F878 Eip=77A25DC4

ADDR: 77A25E63 CODE: 743b jz 0x77a25ea0
Eax=0 Ebx=3550000 Ecx=0 Edx=0 Edi=35593E0 Esi=88 Ebp=327F8F0 Esp=327F878 Eip=77A25E63

ADDR: 778544BB CODE: 7416 jz 0x778544d3
Eax=35593E0 Ebx=0 Ecx=80 Edx=0 Edi=0 Esi=80 Ebp=327F960 Esp=327F94C Eip=778544BB

ADDR: 778544BF CODE: 7312 jae 0x778544d3
Eax=35593E0 Ebx=0 Ecx=80 Edx=0 Edi=0 Esi=80 Ebp=327F960 Esp=327F94C Eip=778544BF

ADDR: 77895361 CODE: 0f843c010000 jz 0x778954a3
Eax=0 Ebx=0 Ecx=80 Edx=0 Edi=35593E0 Esi=80 Ebp=327F960 Esp=327F93C Eip=77895361

ADDR: 77895370 CODE: 0f86df000000 jbe 0x77895455
Eax=0 Ebx=0 Ecx=80 Edx=0 Edi=35593E0 Esi=80 Ebp=327F960 Esp=327F93C Eip=77895370

ADDR: 7789537C CODE: 0f828b000000 jb 0x7789540d
Eax=0 Ebx=0 Ecx=80 Edx=0 Edi=35593E0 Esi=80 Ebp=327F960 Esp=327F93C Eip=7789537C

ADDR: 7789538A CODE: 7309 jae 0x77895395
Eax=0 Ebx=0 Ecx=80 Edx=0 Edi=35593E0 Esi=80 Ebp=327F960 Esp=327F93C Eip=7789538A

ADDR: 778596BA CODE: 7417 jz 0x778596d3
Eax=0 Ebx=0 Ecx=0 Edx=0 Edi=0 Esi=35593E0 Ebp=327F95C Esp=327F95C Eip=778596BA

ADDR: 77859897 CODE: 0f843b710500 jz 0x778b09d8
Eax=0 Ebx=0 Ecx=0 Edx=0 Edi=0 Esi=35593E0 Ebp=327F98C Esp=327F96C Eip=77859897

ADDR: 778598B9 CODE: 0f8416ffffff jz 0x778597d5
Eax=35593E0 Ebx=3559460 Ecx=35593E0 Edx=B76A77F Edi=0 Esi=35593E0 Ebp=327F98C Esp=327F96C Eip=778598B9

ADDR: 77A27B53 CODE: 746e jz 0x77a27bc3
Eax=FFFFFFFE Ebx=77935C18 Ecx=FFFFFFFF Edx=B76A77F Edi=77935C1C Esi=FFFFFFFE Ebp=327F984 Esp=327F970 Eip=77A27B53

ADDR: 778594A4 CODE: 7458 jz 0x778594fe
Eax=30EE8A47 Ebx=318E000 Ecx=1F Edx=B76A77F Edi=2 Esi=77305A70 Ebp=327F9EC Esp=327F9D4 Eip=778594A4

ADDR: 77A78DEB CODE: 730a jae 0x77a78df7
Eax=EE60B4E Ebx=318E000 Ecx=77305A70 Edx=404000 Edi=2 Esi=77305A70 Ebp=327F9EC Esp=327F9C8 Eip=77A78DEB

ADDR: 77A709B7 CODE: 747f jz 0x77a70a38
Eax=2 Ebx=3191FB4 Ecx=77305A70 Edx=3191FB4 Edi=2 Esi=77305A70 Ebp=327F9A0 Esp=327F994 Eip=77A709B7

ADDR: 77A709BE CODE: 7378 jae 0x77a70a38
Eax=2 Ebx=3191FB4 Ecx=77305A70 Edx=3191FB4 Edi=2 Esi=77305A70 Ebp=327F9A0 Esp=327F994 Eip=77A709BE

ADDR: 77305A83 CODE: 790d jns 0x77305a92
Eax=0 Ebx=318E000 Ecx=355A188 Edx=0 Edi=2 Esi=77305A70 Ebp=327F9C4 Esp=327F9C4 Eip=77305A83

ADDR: 778595B4 CODE: 7458 jz 0x7785960e
Eax=30EE8A47 Ebx=318E000 Ecx=1F Edx=1 Edi=2 Esi=77305A70 Ebp=327FA04 Esp=327F9EC Eip=778595B4

ADDR: 77A78DEB CODE: 730a jae 0x77a78df7
Eax=EE60B4E Ebx=318E000 Ecx=77305A70 Edx=404000 Edi=2 Esi=77305A70 Ebp=327FA04 Esp=327F9E0 Eip=77A78DEB

ADDR: 77A709B7 CODE: 747f jz 0x77a70a38
Eax=2 Ebx=3191FB4 Ecx=77305A70 Edx=3191FB4 Edi=2 Esi=77305A70 Ebp=327F9B8 Esp=327F9AC Eip=77A709B7

ADDR: 77A709BE CODE: 7378 jae 0x77a70a38
Eax=2 Ebx=3191FB4 Ecx=77305A70 Edx=3191FB4 Edi=2 Esi=77305A70 Ebp=327F9B8 Esp=327F9AC Eip=77A709BE

ADDR: 77305A83 CODE: 790d jns 0x77305a92
Eax=0 Ebx=318E000 Ecx=355A188 Edx=0 Edi=2 Esi=77305A70 Ebp=327F9DC Esp=327F9DC Eip=77305A83

ADDR: 77A78DEB CODE: 730a jae 0x77a78df7
Eax=EF0DAF6 Ebx=318E000 Ecx=7786D7B0 Edx=400040 Edi=1 Esi=7786D7B0 Ebp=327FA38 Esp=327FA04 Eip=77A78DEB

ADDR: 7786D7DF CODE: 0f84d3000000 jz 0x7786d8b8
Eax=EF0DAF6 Ebx=1 Ecx=1 Edx=400040 Edi=1 Esi=7786D7B0 Ebp=327FA00 Esp=327F9E4 Eip=7786D7DF

ADDR: 7786D7E8 CODE: 0f84ca000000 jz 0x7786d8b8
Eax=EF0DAF6 Ebx=1 Ecx=1 Edx=400040 Edi=1 Esi=7786D7B0 Ebp=327FA00 Esp=327F9E4 Eip=7786D7E8

ADDR: 7730B590 CODE: 776a ja 0x7730b5fc
Eax=7FFF Ebx=1 Ecx=1 Edx=400040 Edi=0 Esi=104 Ebp=327F9D0 Esp=327F9C4 Eip=7730B590

ADDR: 7730B594 CODE: 746a jz 0x7730b600
Eax=7FFF Ebx=1 Ecx=1 Edx=400040 Edi=0 Esi=104 Ebp=327F9D0 Esp=327F9C4 Eip=7730B594

ADDR: 77A19D6B CODE: 741e jz 0x77a19d8b
Eax=0 Ebx=0 Ecx=355258C Edx=400040 Edi=3552568 Esi=104 Ebp=327F9AC Esp=327F994 Eip=77A19D6B

ADDR: 77A19DDC CODE: 0f84216e0600 jz 0x77a80c03
Eax=355258C Ebx=0 Ecx=355258C Edx=400040 Edi=3552568 Esi=327F9C8 Ebp=327F984 Esp=327F97C Eip=77A19DDC

ADDR: 77A19DF8 CODE: 772b ja 0x77a19e25
Eax=3E Ebx=77935850 Ecx=206 Edx=3556290 Edi=327F9C8 Esi=3E Ebp=327F984 Esp=327F978 Eip=77A19DF8

ADDR: 77A5AD36 CODE: 7608 jbe 0x77a5ad40
Eax=35562CE Ebx=77935850 Ecx=3E Edx=3E Edi=77935850 Esi=3556290 Ebp=327F964 Esp=327F95C Eip=77A5AD36

ADDR: 77A5AD3A CODE: 0f827c010000 jb 0x77a5aebc
Eax=35562CE Ebx=77935850 Ecx=3E Edx=3E Edi=77935850 Esi=3556290 Ebp=327F964 Esp=327F95C Eip=77A5AD3A

ADDR: 77A5AD51 CODE: 7229 jb 0x77a5ad7c
Eax=35562CE Ebx=77935850 Ecx=F Edx=2 Edi=77935850 Esi=3556290 Ebp=327F964 Esp=327F95C Eip=77A5AD51

ADDR: 77A19E15 CODE: 7708 ja 0x77a19e1f
Eax=206 Ebx=77935850 Ecx=40 Edx=2 Edi=3552568 Esi=3E Ebp=327F984 Esp=327F97C Eip=77A19E15

ADDR: 77A19D81 CODE: 7737 ja 0x77a19dba
Eax=3E Ebx=0 Ecx=355258C Edx=2 Edi=3552568 Esi=327F9C8 Ebp=327F9AC Esp=327F994 Eip=77A19D81

ADDR: 7730B5C9 CODE: 7810 js 0x7730b5db
Eax=0 Ebx=0 Ecx=77935850 Edx=2 Edi=1F Esi=104 Ebp=327F9D0 Esp=327F9BC Eip=7730B5C9

ADDR: 77A3B707 CODE: 74e5 jz 0x77a3b6ee
Eax=0 Ebx=0 Ecx=0 Edx=0 Edi=1F Esi=104 Ebp=327F9B0 Esp=327F998 Eip=77A3B707

ADDR: 7786D8DC CODE: 7405 jz 0x7786d8e3
Eax=35562D0 Ebx=1 Ecx=1A9D1114 Edx=0 Edi=0 Esi=77935850 Ebp=327FA00 Esp=327F9E4 Eip=7786D8DC

ADDR: 7786DA91 CODE: 7408 jz 0x7786da9b
Eax=327F9FC Ebx=1 Ecx=0 Edx=327F9F8 Edi=0 Esi=35562D0 Ebp=327F9D0 Esp=327F9B0 Eip=7786DA91

ADDR: 7786DACF CODE: 7409 jz 0x7786dada
Eax=63 Ebx=1 Ecx=0 Edx=63 Edi=0 Esi=35562D2 Ebp=327F9D0 Esp=327F9B0 Eip=7786DACF

ADDR: 7786DAE3 CODE: 741f jz 0x7786db04
Eax=63 Ebx=1 Ecx=0 Edx=63 Edi=0 Esi=35562D4 Ebp=327F9D0 Esp=327F9B0 Eip=7786DAE3

ADDR: 7786DACF CODE: 7409 jz 0x7786dada
Eax=3A Ebx=1 Ecx=0 Edx=3A Edi=0 Esi=35562D4 Ebp=327F9D0 Esp=327F9B0 Eip=7786DACF

ADDR: 7786DAE3 CODE: 741f jz 0x7786db04
Eax=3A Ebx=1 Ecx=0 Edx=3A Edi=0 Esi=35562D6 Ebp=327F9D0 Esp=327F9B0 Eip=7786DAE3

ADDR: 7786DACF CODE: 7409 jz 0x7786dada
Eax=5C Ebx=1 Ecx=0 Edx=5C Edi=0 Esi=35562D6 Ebp=327F9D0 Esp=327F9B0 Eip=7786DACF

ADDR: 7786DAE3 CODE: 741f jz 0x7786db04
Eax=5C Ebx=1 Ecx=0 Edx=5C Edi=0 Esi=35562D8 Ebp=327F9D0 Esp=327F9B0 Eip=7786DAE3

ADDR: 7786DACF CODE: 7409 jz 0x7786dada
Eax=77 Ebx=1 Ecx=0 Edx=77 Edi=0 Esi=35562D8 Ebp=327F9D0 Esp=327F9B0 Eip=7786DACF

ADDR: 7786DAE3 CODE: 741f jz 0x7786db04
Eax=77 Ebx=1 Ecx=0 Edx=77 Edi=0 Esi=35562DA Ebp=327F9D0 Esp=327F9B0 Eip=7786DAE3

ADDR: 7786DACF CODE: 7409 jz 0x7786dada
Eax=69 Ebx=1 Ecx=0 Edx=69 Edi=0 Esi=35562DA Ebp=327F9D0 Esp=327F9B0 Eip=7786DACF

ADDR: 7786DAE3 CODE: 741f jz 0x7786db04
Eax=69 Ebx=1 Ecx=0 Edx=69 Edi=0 Esi=35562DC Ebp=327F9D0 Esp=327F9B0 Eip=7786DAE3

ADDR: 7786DACF CODE: 7409 jz 0x7786dada
Eax=6E Ebx=1 Ecx=0 Edx=6E Edi=0 Esi=35562DC Ebp=327F9D0 Esp=327F9B0 Eip=7786DACF

ADDR: 7786DAE3 CODE: 741f jz 0x7786db04
Eax=6E Ebx=1 Ecx=0 Edx=6E Edi=0 Esi=35562DE Ebp=327F9D0 Esp=327F9B0 Eip=7786DAE3

ADDR: 7786DACF CODE: 7409 jz 0x7786dada
Eax=64 Ebx=1 Ecx=0 Edx=64 Edi=0 Esi=35562DE Ebp=327F9D0 Esp=327F9B0 Eip=7786DACF

ADDR: 7786DAE3 CODE: 741f jz 0x7786db04
Eax=64 Ebx=1 Ecx=0 Edx=64 Edi=0 Esi=35562E0 Ebp=327F9D0 Esp=327F9B0 Eip=7786DAE3

ADDR: 7786DACF CODE: 7409 jz 0x7786dada
Eax=6F Ebx=1 Ecx=0 Edx=6F Edi=0 Esi=35562E0 Ebp=327F9D0 Esp=327F9B0 Eip=7786DACF

ADDR: 7786DAE3 CODE: 741f jz 0x7786db04
Eax=6F Ebx=1 Ecx=0 Edx=6F Edi=0 Esi=35562E2 Ebp=327F9D0 Esp=327F9B0 Eip=7786DAE3

ADDR: 7786DACF CODE: 7409 jz 0x7786dada
Eax=77 Ebx=1 Ecx=0 Edx=77 Edi=0 Esi=35562E2 Ebp=327F9D0 Esp=327F9B0 Eip=7786DACF

ADDR: 7786DAE3 CODE: 741f jz 0x7786db04
Eax=77 Ebx=1 Ecx=0 Edx=77 Edi=0 Esi=35562E4 Ebp=327F9D0 Esp=327F9B0 Eip=7786DAE3

ADDR: 7786DACF CODE: 7409 jz 0x7786dada
Eax=73 Ebx=1 Ecx=0 Edx=73 Edi=0 Esi=35562E4 Ebp=327F9D0 Esp=327F9B0 Eip=7786DACF

ADDR: 7786DAE3 CODE: 741f jz 0x7786db04
Eax=73 Ebx=1 Ecx=0 Edx=73 Edi=0 Esi=35562E6 Ebp=327F9D0 Esp=327F9B0 Eip=7786DAE3

ADDR: 7786DACF CODE: 7409 jz 0x7786dada
Eax=5C Ebx=1 Ecx=0 Edx=5C Edi=0 Esi=35562E6 Ebp=327F9D0 Esp=327F9B0 Eip=7786DACF

ADDR: 7786DAE3 CODE: 741f jz 0x7786db04
Eax=5C Ebx=1 Ecx=0 Edx=5C Edi=0 Esi=35562E8 Ebp=327F9D0 Esp=327F9B0 Eip=7786DAE3

ADDR: 7786DACF CODE: 7409 jz 0x7786dada
Eax=73 Ebx=1 Ecx=0 Edx=73 Edi=0 Esi=35562E8 Ebp=327F9D0 Esp=327F9B0 Eip=7786DACF

ADDR: 7786DAE3 CODE: 741f jz 0x7786db04
Eax=73 Ebx=1 Ecx=0 Edx=73 Edi=0 Esi=35562EA Ebp=327F9D0 Esp=327F9B0 Eip=7786DAE3

ADDR: 7786DACF CODE: 7409 jz 0x7786dada
Eax=79 Ebx=1 Ecx=0 Edx=79 Edi=0 Esi=35562EA Ebp=327F9D0 Esp=327F9B0 Eip=7786DACF

ADDR: 7786DAE3 CODE: 741f jz 0x7786db04
Eax=79 Ebx=1 Ecx=0 Edx=79 Edi=0 Esi=35562EC Ebp=327F9D0 Esp=327F9B0 Eip=7786DAE3

ADDR: 7786DACF CODE: 7409 jz 0x7786dada
Eax=73 Ebx=1 Ecx=0 Edx=73 Edi=0 Esi=35562EC Ebp=327F9D0 Esp=327F9B0 Eip=7786DACF

ADDR: 7786DAE3 CODE: 741f jz 0x7786db04
Eax=73 Ebx=1 Ecx=0 Edx=73 Edi=0 Esi=35562EE Ebp=327F9D0 Esp=327F9B0 Eip=7786DAE3

ADDR: 7786DACF CODE: 7409 jz 0x7786dada
Eax=77 Ebx=1 Ecx=0 Edx=77 Edi=0 Esi=35562EE Ebp=327F9D0 Esp=327F9B0 Eip=7786DACF

ADDR: 7786DAE3 CODE: 741f jz 0x7786db04
Eax=77 Ebx=1 Ecx=0 Edx=77 Edi=0 Esi=35562F0 Ebp=327F9D0 Esp=327F9B0 Eip=7786DAE3

ADDR: 7786DACF CODE: 7409 jz 0x7786dada
Eax=6F Ebx=1 Ecx=0 Edx=6F Edi=0 Esi=35562F0 Ebp=327F9D0 Esp=327F9B0 Eip=7786DACF

ADDR: 7786DAE3 CODE: 741f jz 0x7786db04
Eax=6F Ebx=1 Ecx=0 Edx=6F Edi=0 Esi=35562F2 Ebp=327F9D0 Esp=327F9B0 Eip=7786DAE3

ADDR: 7786DACF CODE: 7409 jz 0x7786dada
Eax=77 Ebx=1 Ecx=0 Edx=77 Edi=0 Esi=35562F2 Ebp=327F9D0 Esp=327F9B0 Eip=7786DACF

ADDR: 7786DAE3 CODE: 741f jz 0x7786db04
Eax=77 Ebx=1 Ecx=0 Edx=77 Edi=0 Esi=35562F4 Ebp=327F9D0 Esp=327F9B0 Eip=7786DAE3

ADDR: 7786DACF CODE: 7409 jz 0x7786dada
Eax=36 Ebx=1 Ecx=0 Edx=36 Edi=0 Esi=35562F4 Ebp=327F9D0 Esp=327F9B0 Eip=7786DACF

ADDR: 7786DAE3 CODE: 741f jz 0x7786db04
Eax=36 Ebx=1 Ecx=0 Edx=36 Edi=0 Esi=35562F6 Ebp=327F9D0 Esp=327F9B0 Eip=7786DAE3

ADDR: 7786DACF CODE: 7409 jz 0x7786dada
Eax=34 Ebx=1 Ecx=0 Edx=34 Edi=0 Esi=35562F6 Ebp=327F9D0 Esp=327F9B0 Eip=7786DACF

ADDR: 7786DAE3 CODE: 741f jz 0x7786db04
Eax=34 Ebx=1 Ecx=0 Edx=34 Edi=0 Esi=35562F8 Ebp=327F9D0 Esp=327F9B0 Eip=7786DAE3

ADDR: 7786DACF CODE: 7409 jz 0x7786dada
Eax=5C Ebx=1 Ecx=0 Edx=5C Edi=0 Esi=35562F8 Ebp=327F9D0 Esp=327F9B0 Eip=7786DACF

ADDR: 7786DAE3 CODE: 741f jz 0x7786db04
Eax=5C Ebx=1 Ecx=0 Edx=5C Edi=0 Esi=35562FA Ebp=327F9D0 Esp=327F9B0 Eip=7786DAE3

ADDR: 7786DACF CODE: 7409 jz 0x7786dada
Eax=6E Ebx=1 Ecx=0 Edx=6E Edi=0 Esi=35562FA Ebp=327F9D0 Esp=327F9B0 Eip=7786DACF

ADDR: 7786DAE3 CODE: 741f jz 0x7786db04
Eax=6E Ebx=1 Ecx=0 Edx=6E Edi=0 Esi=35562FC Ebp=327F9D0 Esp=327F9B0 Eip=7786DAE3

ADDR: 7786DACF CODE: 7409 jz 0x7786dada
Eax=6F Ebx=1 Ecx=0 Edx=6F Edi=0 Esi=35562FC Ebp=327F9D0 Esp=327F9B0 Eip=7786DACF

ADDR: 7786DAE3 CODE: 741f jz 0x7786db04
Eax=6F Ebx=1 Ecx=0 Edx=6F Edi=0 Esi=35562FE Ebp=327F9D0 Esp=327F9B0 Eip=7786DAE3

ADDR: 7786DACF CODE: 7409 jz 0x7786dada
Eax=74 Ebx=1 Ecx=0 Edx=74 Edi=0 Esi=35562FE Ebp=327F9D0 Esp=327F9B0 Eip=7786DACF

ADDR: 7786DAE3 CODE: 741f jz 0x7786db04
Eax=74 Ebx=1 Ecx=0 Edx=74 Edi=0 Esi=3556300 Ebp=327F9D0 Esp=327F9B0 Eip=7786DAE3

ADDR: 7786DACF CODE: 7409 jz 0x7786dada
Eax=65 Ebx=1 Ecx=0 Edx=65 Edi=0 Esi=3556300 Ebp=327F9D0 Esp=327F9B0 Eip=7786DACF

ADDR: 7786DAE3 CODE: 741f jz 0x7786db04
Eax=65 Ebx=1 Ecx=0 Edx=65 Edi=0 Esi=3556302 Ebp=327F9D0 Esp=327F9B0 Eip=7786DAE3

ADDR: 7786DACF CODE: 7409 jz 0x7786dada
Eax=70 Ebx=1 Ecx=0 Edx=70 Edi=0 Esi=3556302 Ebp=327F9D0 Esp=327F9B0 Eip=7786DACF

ADDR: 7786DAE3 CODE: 741f jz 0x7786db04
Eax=70 Ebx=1 Ecx=0 Edx=70 Edi=0 Esi=3556304 Ebp=327F9D0 Esp=327F9B0 Eip=7786DAE3

ADDR: 7786DACF CODE: 7409 jz 0x7786dada
Eax=61 Ebx=1 Ecx=0 Edx=61 Edi=0 Esi=3556304 Ebp=327F9D0 Esp=327F9B0 Eip=7786DACF

ADDR: 7786DAE3 CODE: 741f jz 0x7786db04
Eax=61 Ebx=1 Ecx=0 Edx=61 Edi=0 Esi=3556306 Ebp=327F9D0 Esp=327F9B0 Eip=7786DAE3

ADDR: 7786DACF CODE: 7409 jz 0x7786dada
Eax=64 Ebx=1 Ecx=0 Edx=64 Edi=0 Esi=3556306 Ebp=327F9D0 Esp=327F9B0 Eip=7786DACF

ADDR: 7786DAE3 CODE: 741f jz 0x7786db04
Eax=64 Ebx=1 Ecx=0 Edx=64 Edi=0 Esi=3556308 Ebp=327F9D0 Esp=327F9B0 Eip=7786DAE3

ADDR: 7786DACF CODE: 7409 jz 0x7786dada
Eax=2E Ebx=1 Ecx=0 Edx=2E Edi=0 Esi=3556308 Ebp=327F9D0 Esp=327F9B0 Eip=7786DACF

ADDR: 7786DAE3 CODE: 741f jz 0x7786db04
Eax=2E Ebx=1 Ecx=0 Edx=2E Edi=0 Esi=355630A Ebp=327F9D0 Esp=327F9B0 Eip=7786DAE3

ADDR: 7786DACF CODE: 7409 jz 0x7786dada
Eax=65 Ebx=1 Ecx=0 Edx=65 Edi=0 Esi=355630A Ebp=327F9D0 Esp=327F9B0 Eip=7786DACF

ADDR: 7786DAE3 CODE: 741f jz 0x7786db04
Eax=65 Ebx=1 Ecx=0 Edx=65 Edi=0 Esi=355630C Ebp=327F9D0 Esp=327F9B0 Eip=7786DAE3

ADDR: 7786DACF CODE: 7409 jz 0x7786dada
Eax=78 Ebx=1 Ecx=0 Edx=78 Edi=0 Esi=355630C Ebp=327F9D0 Esp=327F9B0 Eip=7786DACF

ADDR: 7786DAE3 CODE: 741f jz 0x7786db04
Eax=78 Ebx=1 Ecx=0 Edx=78 Edi=0 Esi=355630E Ebp=327F9D0 Esp=327F9B0 Eip=7786DAE3

ADDR: 7786DACF CODE: 7409 jz 0x7786dada
Eax=65 Ebx=1 Ecx=0 Edx=65 Edi=0 Esi=355630E Ebp=327F9D0 Esp=327F9B0 Eip=7786DACF

ADDR: 7786DAE3 CODE: 741f jz 0x7786db04
Eax=65 Ebx=1 Ecx=0 Edx=65 Edi=0 Esi=3556310 Ebp=327F9D0 Esp=327F9B0 Eip=7786DAE3

ADDR: 7786DAF0 CODE: 7406 jz 0x7786daf8
Eax=22 Ebx=0 Ecx=0 Edx=327F9F8 Edi=0 Esi=3556312 Ebp=327F9D0 Esp=327F9B0 Eip=7786DAF0

ADDR: 7786DACF CODE: 7409 jz 0x7786dada
Eax=0 Ebx=0 Ecx=0 Edx=0 Edi=0 Esi=3556312 Ebp=327F9D0 Esp=327F9B0 Eip=7786DACF

ADDR: 7786DAE3 CODE: 741f jz 0x7786db04
Eax=0 Ebx=0 Ecx=0 Edx=0 Edi=0 Esi=3556314 Ebp=327F9D0 Esp=327F9B0 Eip=7786DAE3

ADDR: 7786DB1A CODE: 7421 jz 0x7786db3d
Eax=0 Ebx=0 Ecx=0 Edx=0 Edi=0 Esi=3556312 Ebp=327F9D0 Esp=327F9B0 Eip=7786DB1A

ADDR: 7786DB40 CODE: 0f84df000000 jz 0x7786dc25
Eax=0 Ebx=0 Ecx=0 Edx=0 Edi=0 Esi=3556312 Ebp=327F9D0 Esp=327F9B0 Eip=7786DB40

ADDR: 7786DC27 CODE: 7403 jz 0x7786dc2c
Eax=0 Ebx=0 Ecx=0 Edx=0 Edi=0 Esi=3556312 Ebp=327F9D0 Esp=327F9B0 Eip=7786DC27

ADDR: 7786DC4A CODE: 7337 jae 0x7786dc83
Eax=327F9FC Ebx=1 Ecx=2 Edx=20 Edi=0 Esi=20 Ebp=327F9CC Esp=327F9C8 Eip=7786DC4A

ADDR: 7786DC56 CODE: 732b jae 0x7786dc83
Eax=7FFFFFFF Ebx=1 Ecx=2 Edx=1 Edi=0 Esi=20 Ebp=327F9CC Esp=327F9C8 Eip=7786DC56

ADDR: 7786DC65 CODE: 761c jbe 0x7786dc83
Eax=FFFFFFF7 Ebx=1 Ecx=8 Edx=1 Edi=0 Esi=40 Ebp=327F9CC Esp=327F9C8 Eip=7786DC65

ADDR: 778583CE CODE: 740d jz 0x778583dd
Eax=48 Ebx=1 Ecx=1 Edx=1 Edi=0 Esi=48 Ebp=327F9B8 Esp=327F9B4 Eip=778583CE

ADDR: 778583DB CODE: 7259 jb 0x77858436
Eax=38E38E3 Ebx=1 Ecx=1 Edx=8 Edi=0 Esi=48 Ebp=327F9B8 Esp=327F9B4 Eip=778583DB

ADDR: 77A24CFF CODE: 0f8426e60500 jz 0x77a8332b
Eax=38E38E3 Ebx=1 Ecx=1 Edx=8 Edi=0 Esi=3550000 Ebp=327F9A0 Esp=327F998 Eip=77A24CFF

ADDR: 77A24D11 CODE: 0f842be60500 jz 0x77a83342
Eax=38E38E3 Ebx=1 Ecx=3550000 Edx=48 Edi=0 Esi=3550000 Ebp=327F9A0 Esp=327F998 Eip=77A24D11

ADDR: 77A24E6C CODE: 760c jbe 0x77a24e7a
Eax=0 Ebx=3550000 Ecx=8 Edx=48 Edi=48 Esi=3550000 Ebp=327F988 Esp=327F910 Eip=77A24E6C

ADDR: 77A24E9D CODE: 742b jz 0x77a24eca
Eax=0 Ebx=3550000 Ecx=0 Edx=0 Edi=48 Esi=3550000 Ebp=327F988 Esp=327F910 Eip=77A24E9D

ADDR: 77A24ED5 CODE: 7445 jz 0x77a24f1c
Eax=0 Ebx=3550000 Ecx=8 Edx=0 Edi=48 Esi=0 Ebp=327F988 Esp=327F910 Eip=77A24ED5

ADDR: 77A24F4B CODE: 0f87f5090000 ja 0x77a25946
Eax=48 Ebx=3550000 Ecx=8 Edx=A Edi=48 Esi=50 Ebp=327F988 Esp=327F910 Eip=77A24F4B

ADDR: 77A24F6F CODE: 0f84ce090000 jz 0x77a25943
Eax=4 Ebx=3550000 Ecx=2 Edx=2 Edi=48 Esi=50 Ebp=327F988 Esp=327F910 Eip=77A24F6F

ADDR: 77A2594F CODE: 7211 jb 0x77a25962
Eax=3550270 Ebx=3550000 Ecx=2 Edx=A Edi=48 Esi=50 Ebp=327F988 Esp=327F910 Eip=77A2594F

ADDR: 77A25967 CODE: 0f838c030000 jae 0x77a25cf9
Eax=3550270 Ebx=3550000 Ecx=A Edx=A Edi=48 Esi=50 Ebp=327F988 Esp=327F910 Eip=77A25967

ADDR: 77A2597C CODE: 7402 jz 0x77a25980
Eax=3550270 Ebx=3550000 Ecx=A Edx=A Edi=48 Esi=50 Ebp=327F988 Esp=327F910 Eip=77A2597C

ADDR: 77A25F44 CODE: 7329 jae 0x77a25f6f
Eax=327F8E8 Ebx=A Ecx=3550000 Edx=A Edi=3550000 Esi=A Ebp=327F8F8 Esp=327F778 Eip=77A25F44

ADDR: 77A25F53 CODE: 730c jae 0x77a25f61
Eax=327F8E8 Ebx=A Ecx=3550001 Edx=A Edi=3550000 Esi=A Ebp=327F8F8 Esp=327F778 Eip=77A25F53

ADDR: 77A26022 CODE: 7415 jz 0x77a26039
Eax=327F958 Ebx=0 Ecx=3550001 Edx=A Edi=3550000 Esi=A Ebp=327F8F8 Esp=327F778 Eip=77A26022

ADDR: 77A43F37 CODE: 7316 jae 0x77a43f4f
Eax=3550258 Ebx=0 Ecx=355025C Edx=3191000 Edi=3550000 Esi=A Ebp=327F76C Esp=327F76C Eip=77A43F37

ADDR: 77A260CB CODE: 7407 jz 0x77a260d4
Eax=1 Ebx=0 Ecx=4720 Edx=3191000 Edi=3550000 Esi=A Ebp=327F8F8 Esp=327F778 Eip=77A260CB

ADDR: 77A260DA CODE: 0f8739170000 ja 0x77a27819
Eax=1 Ebx=0 Ecx=4720 Edx=A Edi=3550000 Esi=A Ebp=327F8F8 Esp=327F778 Eip=77A260DA

ADDR: 77A260F4 CODE: 723a jb 0x77a26130
Eax=48 Ebx=0 Ecx=4720 Edx=A Edi=3550000 Esi=A Ebp=327F8F8 Esp=327F778 Eip=77A260F4

ADDR: 77A26136 CODE: 0f87d5000000 ja 0x77a26211
Eax=48 Ebx=0 Ecx=4720 Edx=A Edi=3550000 Esi=A Ebp=327F8F8 Esp=327F778 Eip=77A26136

ADDR: 77A26188 CODE: 7716 ja 0x77a261a0
Eax=3552609 Ebx=2 Ecx=129 Edx=2 Edi=3550000 Esi=35526A4 Ebp=327F8F8 Esp=327F778 Eip=77A26188

ADDR: 77A26192 CODE: 770c ja 0x77a261a0
Eax=FF00 Ebx=2 Ecx=129 Edx=2 Edi=3550000 Esi=35526A4 Ebp=327F8F8 Esp=327F778 Eip=77A26192

ADDR: 77A26216 CODE: 0f844f020000 jz 0x77a2646b
Eax=FF00 Ebx=2 Ecx=129 Edx=A Edi=3550000 Esi=35502CC Ebp=327F8F8 Esp=327F778 Eip=77A26216

ADDR: 77A26220 CODE: 0f8445020000 jz 0x77a2646b
Eax=FF00 Ebx=2 Ecx=129 Edx=A Edi=3550000 Esi=0 Ebp=327F8F8 Esp=327F778 Eip=77A26220

ADDR: 77A26485 CODE: 7304 jae 0x77a2648b
Eax=35500C0 Ebx=2 Ecx=80 Edx=A Edi=3550000 Esi=3550270 Ebp=327F8F8 Esp=327F778 Eip=77A26485

ADDR: 77A264D3 CODE: 7438 jz 0x77a2650d
Eax=3564DC0 Ebx=8E9EFB25 Ecx=80 Edx=35500C0 Edi=3550000 Esi=3550270 Ebp=327F8F8 Esp=327F778 Eip=77A264D3

ADDR: 77A264F3 CODE: 7418 jz 0x77a2650d
Eax=46 Ebx=46000244 Ecx=4646 Edx=35500C0 Edi=3550000 Esi=3550270 Ebp=327F8F8 Esp=327F778 Eip=77A264F3

ADDR: 77A2651D CODE: 7e07 jle 0x77a26526
Eax=244 Ebx=46000244 Ecx=FFFFFDC6 Edx=35500C0 Edi=3550000 Esi=3550270 Ebp=327F8F8 Esp=327F778 Eip=77A2651D

ADDR: 77A2653A CODE: 7438 jz 0x77a26574
Eax=35595A8 Ebx=CA9EF963 Ecx=FFFFFDC6 Edx=35500C0 Edi=3550000 Esi=3550270 Ebp=327F8F8 Esp=327F778 Eip=77A2653A

ADDR: 77A2655A CODE: 7418 jz 0x77a26574
Eax=2 Ebx=2000002 Ecx=202 Edx=35500C0 Edi=3550000 Esi=3550270 Ebp=327F8F8 Esp=327F778 Eip=77A2655A

ADDR: 77A26584 CODE: 7f07 jg 0x77a2658d
Eax=2 Ebx=2000002 Ecx=8 Edx=35500C0 Edi=3550000 Esi=3550270 Ebp=327F8F8 Esp=327F778 Eip=77A26584

ADDR: 77A26679 CODE: 7422 jz 0x77a2669d
Eax=3550294 Ebx=58CA000 Ecx=3 Edx=0 Edi=3550000 Esi=3550270 Ebp=327F8F8 Esp=327F778 Eip=77A26679

ADDR: 77A26680 CODE: 7409 jz 0x77a2668b
Eax=0 Ebx=58CA000 Ecx=3 Edx=0 Edi=3550000 Esi=3550270 Ebp=327F8F8 Esp=327F778 Eip=77A26680

ADDR: 77A266D1 CODE: 7402 jz 0x77a266d5
Eax=D Ebx=58CA0 Ecx=3 Edx=D Edi=3550000 Esi=3550270 Ebp=327F8F8 Esp=327F778 Eip=77A266D1

ADDR: 77A266E0 CODE: 0f841c110000 jz 0x77a27802
Eax=355C938 Ebx=58CA0 Ecx=3 Edx=D Edi=3550000 Esi=3550270 Ebp=327F8F8 Esp=327F778 Eip=77A266E0

ADDR: 77A266F2 CODE: 0f844d020000 jz 0x77a26945
Eax=355C938 Ebx=58CA0 Ecx=3 Edx=D Edi=3550000 Esi=3550270 Ebp=327F8F8 Esp=327F778 Eip=77A266F2

ADDR: 77A26702 CODE: 741f jz 0x77a26723
Eax=355C938 Ebx=355C930 Ecx=3 Edx=D Edi=3550000 Esi=3550270 Ebp=327F8F8 Esp=327F778 Eip=77A26702

ADDR: 77A26714 CODE: 740a jz 0x77a26720
Eax=C89EF90D Ebx=355C930 Ecx=3 Edx=D Edi=3550000 Esi=3550270 Ebp=327F8F8 Esp=327F778 Eip=77A26714

ADDR: 77A26729 CODE: 0f8200020000 jb 0x77a2692f
Eax=355C938 Ebx=355C930 Ecx=3 Edx=D Edi=3550000 Esi=D Ebp=327F8F8 Esp=327F778 Eip=77A26729

ADDR: 77A26761 CODE: 0f841c010000 jz 0x77a26883
Eax=355C938 Ebx=355C930 Ecx=3550270 Edx=355C938 Edi=3550000 Esi=D Ebp=327F8F8 Esp=327F778 Eip=77A26761

ADDR: 77A26778 CODE: 730b jae 0x77a26785
Eax=D Ebx=355C930 Ecx=3550270 Edx=355C938 Edi=3550000 Esi=80 Ebp=327F8F8 Esp=327F778 Eip=77A26778

ADDR: 77A2680D CODE: 0f83db000000 jae 0x77a268ee
Eax=80 Ebx=355C930 Ecx=3550270 Edx=D Edi=3550000 Esi=3557E48 Ebp=327F8F8 Esp=327F778 Eip=77A2680D

ADDR: 77A26816 CODE: 0f84a3000000 jz 0x77a268bf
Eax=80 Ebx=355C930 Ecx=3550270 Edx=D Edi=3550000 Esi=3557E48 Ebp=327F8F8 Esp=327F778 Eip=77A26816

ADDR: 77A26829 CODE: 743c jz 0x77a26867
Eax=80 Ebx=C59EF96C Ecx=3550270 Edx=D Edi=3550000 Esi=3557E48 Ebp=327F8F8 Esp=327F778 Eip=77A26829

ADDR: 77A26849 CODE: 7419 jz 0x77a26864
Eax=D Ebx=D00000D Ecx=D0D Edx=D Edi=3550000 Esi=3557E48 Ebp=327F8F8 Esp=327F778 Eip=77A26849

ADDR: 77A26895 CODE: 7475 jz 0x77a2690c
Eax=3557E48 Ebx=355C930 Ecx=355AFE8 Edx=D Edi=3550000 Esi=3557E48 Ebp=327F8F8 Esp=327F778 Eip=77A26895

ADDR: 77A26ACC CODE: 7418 jz 0x77a26ae6
Eax=3557E48 Ebx=355C930 Ecx=355AF00 Edx=D Edi=3550000 Esi=1 Ebp=327F8F8 Esp=327F778 Eip=77A26ACC

ADDR: 77A26B12 CODE: 7305 jae 0x77a26b19
Eax=8 Ebx=355C930 Ecx=A Edx=3 Edi=3550000 Esi=1 Ebp=327F8F8 Esp=327F778 Eip=77A26B12

ADDR: 77A26B27 CODE: 741e jz 0x77a26b47
Eax=8 Ebx=355C930 Ecx=A Edx=3 Edi=3550000 Esi=1 Ebp=327F8F8 Esp=327F778 Eip=77A26B27

ADDR: 77A26CA1 CODE: 741a jz 0x77a26cbd
Eax=0 Ebx=355C930 Ecx=A Edx=3 Edi=3550000 Esi=1 Ebp=327F8F8 Esp=327F778 Eip=77A26CA1

ADDR: 77A26D47 CODE: 0f845d050000 jz 0x77a272aa
Eax=9F Ebx=355C980 Ecx=100000 Edx=3 Edi=3550000 Esi=355C998 Ebp=327F8F8 Esp=327F778 Eip=77A26D47

ADDR: 77A26D81 CODE: 0f8496020000 jz 0x77a2701d
Eax=35500C0 Ebx=355C980 Ecx=100000 Edx=3 Edi=3550000 Esi=3550270 Ebp=327F8F8 Esp=327F778 Eip=77A26D81

ADDR: 77A26D8C CODE: 7304 jae 0x77a26d92
Eax=35500C0 Ebx=355C980 Ecx=80 Edx=3 Edi=3550000 Esi=3550270 Ebp=327F8F8 Esp=327F778 Eip=77A26D8C

ADDR: 77A26DD5 CODE: 743b jz 0x77a26e12
Eax=3564DC0 Ebx=355C980 Ecx=3564DC8 Edx=8E9EFB25 Edi=3550000 Esi=3550270 Ebp=327F8F8 Esp=327F778 Eip=77A26DD5

ADDR: 77A26DF8 CODE: 7418 jz 0x77a26e12
Eax=46 Ebx=355C980 Ecx=4646 Edx=46000244 Edi=3550000 Esi=3550270 Ebp=327F8F8 Esp=327F778 Eip=77A26DF8

ADDR: 77A26E22 CODE: 7e08 jle 0x77a26e2c
Eax=244 Ebx=355C980 Ecx=FFFFFDBF Edx=46000244 Edi=3550000 Esi=3550270 Ebp=327F8F8 Esp=327F778 Eip=77A26E22

ADDR: 77A26E43 CODE: 743b jz 0x77a26e80
Eax=35595A8 Ebx=355C980 Ecx=FFFFFDBF Edx=CA9EF963 Edi=3550000 Esi=3550270 Ebp=327F8F8 Esp=327F778 Eip=77A26E43

ADDR: 77A26E66 CODE: 7418 jz 0x77a26e80
Eax=2 Ebx=355C980 Ecx=202 Edx=2000002 Edi=3550000 Esi=3550270 Ebp=327F8F8 Esp=327F778 Eip=77A26E66

ADDR: 77A26E90 CODE: 7f0a jg 0x77a26e9c
Eax=2 Ebx=355C980 Ecx=1 Edx=2000002 Edi=3550000 Esi=3550270 Ebp=327F8F8 Esp=327F778 Eip=77A26E90

ADDR: 77A26F92 CODE: 7422 jz 0x77a26fb6
Eax=3 Ebx=355C980 Ecx=58CA318 Edx=0 Edi=3550000 Esi=3550294 Ebp=327F8F8 Esp=327F778 Eip=77A26F92

ADDR: 77A26F99 CODE: 7409 jz 0x77a26fa4
Eax=18 Ebx=355C980 Ecx=58CA318 Edx=0 Edi=3550000 Esi=3550294 Ebp=327F8F8 Esp=327F778 Eip=77A26F99

ADDR: 77A26FED CODE: 7402 jz 0x77a26ff1
Eax=3 Ebx=355C980 Ecx=58CA318 Edx=3 Edi=3550000 Esi=3550270 Ebp=327F8F8 Esp=327F778 Eip=77A26FED

ADDR: 77A26FF9 CODE: 740b jz 0x77a27006
Eax=35502A4 Ebx=355C980 Ecx=355F8E0 Edx=3 Edi=3550000 Esi=3550270 Ebp=327F8F8 Esp=327F778 Eip=77A26FF9

ADDR: 77A27024 CODE: 7435 jz 0x77a2705b
Eax=35500C0 Ebx=355C980 Ecx=355F8E0 Edx=3 Edi=3550000 Esi=3 Ebp=327F8F8 Esp=327F778 Eip=77A27024

ADDR: 77A2702A CODE: 7413 jz 0x77a2703f
Eax=35500C0 Ebx=355C980 Ecx=355F8E0 Edx=3 Edi=3550000 Esi=3 Ebp=327F8F8 Esp=327F778 Eip=77A2702A

ADDR: 77A27035 CODE: 740c jz 0x77a27043
Eax=35500C0 Ebx=355C980 Ecx=355F8E0 Edx=CB9EF962 Edi=3550000 Esi=3 Ebp=327F8F8 Esp=327F778 Eip=77A27035

ADDR: 77A2704F CODE: 760a jbe 0x77a2705b
Eax=3 Ebx=355C980 Ecx=355F8E0 Edx=3000003 Edi=3550000 Esi=3 Ebp=327F8F8 Esp=327F778 Eip=77A2704F

ADDR: 77A27094 CODE: 0f84fc000000 jz 0x77a27196
Eax=3 Ebx=355C980 Ecx=3550270 Edx=355F980 Edi=3550000 Esi=355F8E0 Ebp=327F8F8 Esp=327F778 Eip=77A27094

ADDR: 77A270A5 CODE: 730a jae 0x77a270b1
Eax=3 Ebx=355C980 Ecx=3550270 Edx=355F980 Edi=3550000 Esi=80 Ebp=327F8F8 Esp=327F778 Eip=77A270A5

ADDR: 77A270FF CODE: 7464 jz 0x77a27165
Eax=355F8E0 Ebx=355C980 Ecx=3550270 Edx=3 Edi=3550000 Esi=3 Ebp=327F8F8 Esp=327F778 Eip=77A270FF

ADDR: 77A27113 CODE: 743e jz 0x77a27153
Eax=355F8D8 Ebx=355C980 Ecx=3550270 Edx=CB9EF962 Edi=3550000 Esi=3 Ebp=327F8F8 Esp=327F778 Eip=77A27113

ADDR: 77A27136 CODE: 7418 jz 0x77a27150
Eax=3 Ebx=355C980 Ecx=303 Edx=3000003 Edi=3550000 Esi=3 Ebp=327F8F8 Esp=327F778 Eip=77A27136

ADDR: 77A27163 CODE: 7f0f jg 0x77a27174
Eax=3 Ebx=355C980 Ecx=3550270 Edx=0 Edi=3550000 Esi=3 Ebp=327F8F8 Esp=327F778 Eip=77A27163

ADDR: 77A2719A CODE: 0f8497040000 jz 0x77a27637
Eax=35502A4 Ebx=355C980 Ecx=355C988 Edx=C Edi=3550000 Esi=3 Ebp=327F8F8 Esp=327F778 Eip=77A2719A

ADDR: 77A26B7F CODE: 0f841c0b0000 jz 0x77a276a1
Eax=8 Ebx=355C938 Ecx=50 Edx=355C937 Edi=3550000 Esi=50 Ebp=327F8F8 Esp=327F778 Eip=77A26B7F

ADDR: 77A26B89 CODE: 7413 jz 0x77a26b9e
Eax=8 Ebx=355C938 Ecx=50 Edx=355C937 Edi=3550000 Esi=50 Ebp=327F8F8 Esp=327F778 Eip=77A26B89

ADDR: 77A26BA2 CODE: 0f84b7000000 jz 0x77a26c5f
Eax=C89EF961 Ebx=355C938 Ecx=355C930 Edx=355C937 Edi=3550000 Esi=50 Ebp=327F8F8 Esp=327F778 Eip=77A26BA2

ADDR: 77A26BC7 CODE: 762c jbe 0x77a26bf5
Eax=C89EF961 Ebx=355C938 Ecx=355C930 Edx=1 Edi=3550000 Esi=50 Ebp=327F8F8 Esp=327F778 Eip=77A26BC7

ADDR: 77A26C05 CODE: 7249 jb 0x77a26c50
Eax=C89EF961 Ebx=355C938 Ecx=355C930 Edx=1 Edi=3550000 Esi=50 Ebp=327F8F8 Esp=327F778 Eip=77A26C05

ADDR: 77A27B53 CODE: 746e jz 0x77a27bc3
Eax=FFFFFFFE Ebx=3550258 Ecx=FFFFFFFF Edx=1 Edi=355025C Esi=FFFFFFFE Ebp=327F76C Esp=327F758 Eip=77A27B53

ADDR: 77A26C63 CODE: 0f84150e0000 jz 0x77a27a7e
Eax=0 Ebx=355C938 Ecx=FFFFFFFF Edx=1 Edi=3550000 Esi=50 Ebp=327F8F8 Esp=327F778 Eip=77A26C63

ADDR: 77A5B3CA CODE: 744f jz 0x77a5b41b
Eax=48 Ebx=355C938 Ecx=355C938 Edx=48 Edi=3550000 Esi=50 Ebp=327F8F8 Esp=327F768 Eip=77A5B3CA

ADDR: 77A5B3D8 CODE: 7231 jb 0x77a5b40b
Eax=0 Ebx=355C938 Ecx=355C938 Edx=48 Edi=355C938 Esi=50 Ebp=327F8F8 Esp=327F764 Eip=77A5B3D8

ADDR: 77A5B3DF CODE: 740c jz 0x77a5b3ed
Eax=0 Ebx=355C938 Ecx=0 Edx=48 Edi=355C938 Esi=50 Ebp=327F8F8 Esp=327F764 Eip=77A5B3DF

ADDR: 77A5B403 CODE: 7406 jz 0x77a5b40b
Eax=0 Ebx=355C938 Ecx=12 Edx=0 Edi=355C938 Esi=50 Ebp=327F8F8 Esp=327F764 Eip=77A5B403

ADDR: 77A5B409 CODE: 740a jz 0x77a5b415
Eax=0 Ebx=355C938 Ecx=0 Edx=0 Edi=355C980 Esi=50 Ebp=327F8F8 Esp=327F764 Eip=77A5B409

ADDR: 77A27AAD CODE: 741e jz 0x77a27acd
Eax=355C938 Ebx=355C938 Ecx=0 Edx=0 Edi=3550000 Esi=50 Ebp=327F8F8 Esp=327F774 Eip=77A27AAD

ADDR: 77A27A91 CODE: 743b jz 0x77a27ace
Eax=0 Ebx=355C938 Ecx=0 Edx=0 Edi=3550000 Esi=50 Ebp=327F8F8 Esp=327F778 Eip=77A27A91

ADDR: 77A27AD6 CODE: 741f jz 0x77a27af7
Eax=7FFE0388 Ebx=355C938 Ecx=0 Edx=0 Edi=3550000 Esi=50 Ebp=327F8F8 Esp=327F778 Eip=77A27AD6

ADDR: 77A25D13 CODE: 7445 jz 0x77a25d5a
Eax=355C938 Ebx=3550000 Ecx=19BAE9EC Edx=0 Edi=355C938 Esi=50 Ebp=327F988 Esp=327F910 Eip=77A25D13

ADDR: 77A25D1D CODE: 0f8474000000 jz 0x77a25d97
Eax=355C938 Ebx=3550000 Ecx=48 Edx=0 Edi=355C938 Esi=50 Ebp=327F988 Esp=327F910 Eip=77A25D1D

ADDR: 77A25DA5 CODE: 7415 jz 0x77a25dbc
Eax=0 Ebx=3550000 Ecx=8 Edx=0 Edi=355C938 Esi=50 Ebp=327F988 Esp=327F910 Eip=77A25DA5

ADDR: 77A25DC4 CODE: 0f8492000000 jz 0x77a25e5c
Eax=7FFE0380 Ebx=3550000 Ecx=8 Edx=0 Edi=355C938 Esi=50 Ebp=327F988 Esp=327F910 Eip=77A25DC4

ADDR: 77A25E63 CODE: 743b jz 0x77a25ea0
Eax=0 Ebx=3550000 Ecx=8 Edx=0 Edi=355C938 Esi=50 Ebp=327F988 Esp=327F910 Eip=77A25E63

ADDR: 778596BA CODE: 7417 jz 0x778596d3
Eax=0 Ebx=1 Ecx=8 Edx=0 Edi=0 Esi=355C938 Ebp=327F9B4 Esp=327F9B4 Eip=778596BA

ADDR: 7786DA91 CODE: 7408 jz 0x7786da9b
Eax=327F9FC Ebx=1 Ecx=355C940 Edx=327F9F8 Edi=355C938 Esi=35562D0 Ebp=327F9D0 Esp=327F9B0 Eip=7786DA91

ADDR: 7786DACF CODE: 7409 jz 0x7786dada
Eax=63 Ebx=1 Ecx=355C940 Edx=63 Edi=355C93C Esi=35562D2 Ebp=327F9D0 Esp=327F9B0 Eip=7786DACF

ADDR: 7786DAE3 CODE: 741f jz 0x7786db04
Eax=63 Ebx=1 Ecx=355C942 Edx=63 Edi=355C93C Esi=35562D4 Ebp=327F9D0 Esp=327F9B0 Eip=7786DAE3

ADDR: 7786DACF CODE: 7409 jz 0x7786dada
Eax=3A Ebx=1 Ecx=355C942 Edx=3A Edi=355C93C Esi=35562D4 Ebp=327F9D0 Esp=327F9B0 Eip=7786DACF

ADDR: 7786DAE3 CODE: 741f jz 0x7786db04
Eax=3A Ebx=1 Ecx=355C944 Edx=3A Edi=355C93C Esi=35562D6 Ebp=327F9D0 Esp=327F9B0 Eip=7786DAE3

ADDR: 7786DACF CODE: 7409 jz 0x7786dada
Eax=5C Ebx=1 Ecx=355C944 Edx=5C Edi=355C93C Esi=35562D6 Ebp=327F9D0 Esp=327F9B0 Eip=7786DACF

ADDR: 7786DAE3 CODE: 741f jz 0x7786db04
Eax=5C Ebx=1 Ecx=355C946 Edx=5C Edi=355C93C Esi=35562D8 Ebp=327F9D0 Esp=327F9B0 Eip=7786DAE3

ADDR: 7786DACF CODE: 7409 jz 0x7786dada
Eax=77 Ebx=1 Ecx=355C946 Edx=77 Edi=355C93C Esi=35562D8 Ebp=327F9D0 Esp=327F9B0 Eip=7786DACF

ADDR: 7786DAE3 CODE: 741f jz 0x7786db04
Eax=77 Ebx=1 Ecx=355C948 Edx=77 Edi=355C93C Esi=35562DA Ebp=327F9D0 Esp=327F9B0 Eip=7786DAE3

ADDR: 7786DACF CODE: 7409 jz 0x7786dada
Eax=69 Ebx=1 Ecx=355C948 Edx=69 Edi=355C93C Esi=35562DA Ebp=327F9D0 Esp=327F9B0 Eip=7786DACF

ADDR: 7786DAE3 CODE: 741f jz 0x7786db04
Eax=69 Ebx=1 Ecx=355C94A Edx=69 Edi=355C93C Esi=35562DC Ebp=327F9D0 Esp=327F9B0 Eip=7786DAE3

ADDR: 7786DACF CODE: 7409 jz 0x7786dada
Eax=6E Ebx=1 Ecx=355C94A Edx=6E Edi=355C93C Esi=35562DC Ebp=327F9D0 Esp=327F9B0 Eip=7786DACF

ADDR: 7786DAE3 CODE: 741f jz 0x7786db04
Eax=6E Ebx=1 Ecx=355C94C Edx=6E Edi=355C93C Esi=35562DE Ebp=327F9D0 Esp=327F9B0 Eip=7786DAE3

ADDR: 7786DACF CODE: 7409 jz 0x7786dada
Eax=64 Ebx=1 Ecx=355C94C Edx=64 Edi=355C93C Esi=35562DE Ebp=327F9D0 Esp=327F9B0 Eip=7786DACF

ADDR: 7786DAE3 CODE: 741f jz 0x7786db04
Eax=64 Ebx=1 Ecx=355C94E Edx=64 Edi=355C93C Esi=35562E0 Ebp=327F9D0 Esp=327F9B0 Eip=7786DAE3

ADDR: 7786DACF CODE: 7409 jz 0x7786dada
Eax=6F Ebx=1 Ecx=355C94E Edx=6F Edi=355C93C Esi=35562E0 Ebp=327F9D0 Esp=327F9B0 Eip=7786DACF

ADDR: 7786DAE3 CODE: 741f jz 0x7786db04
Eax=6F Ebx=1 Ecx=355C950 Edx=6F Edi=355C93C Esi=35562E2 Ebp=327F9D0 Esp=327F9B0 Eip=7786DAE3

ADDR: 7786DACF CODE: 7409 jz 0x7786dada
Eax=77 Ebx=1 Ecx=355C950 Edx=77 Edi=355C93C Esi=35562E2 Ebp=327F9D0 Esp=327F9B0 Eip=7786DACF

ADDR: 7786DAE3 CODE: 741f jz 0x7786db04
Eax=77 Ebx=1 Ecx=355C952 Edx=77 Edi=355C93C Esi=35562E4 Ebp=327F9D0 Esp=327F9B0 Eip=7786DAE3

ADDR: 7786DACF CODE: 7409 jz 0x7786dada
Eax=73 Ebx=1 Ecx=355C952 Edx=73 Edi=355C93C Esi=35562E4 Ebp=327F9D0 Esp=327F9B0 Eip=7786DACF

ADDR: 7786DAE3 CODE: 741f jz 0x7786db04
Eax=73 Ebx=1 Ecx=355C954 Edx=73 Edi=355C93C Esi=35562E6 Ebp=327F9D0 Esp=327F9B0 Eip=7786DAE3

ADDR: 7786DACF CODE: 7409 jz 0x7786dada
Eax=5C Ebx=1 Ecx=355C954 Edx=5C Edi=355C93C Esi=35562E6 Ebp=327F9D0 Esp=327F9B0 Eip=7786DACF

ADDR: 7786DAE3 CODE: 741f jz 0x7786db04
Eax=5C Ebx=1 Ecx=355C956 Edx=5C Edi=355C93C Esi=35562E8 Ebp=327F9D0 Esp=327F9B0 Eip=7786DAE3

ADDR: 7786DACF CODE: 7409 jz 0x7786dada
Eax=73 Ebx=1 Ecx=355C956 Edx=73 Edi=355C93C Esi=35562E8 Ebp=327F9D0 Esp=327F9B0 Eip=7786DACF

ADDR: 7786DAE3 CODE: 741f jz 0x7786db04
Eax=73 Ebx=1 Ecx=355C958 Edx=73 Edi=355C93C Esi=35562EA Ebp=327F9D0 Esp=327F9B0 Eip=7786DAE3

ADDR: 7786DACF CODE: 7409 jz 0x7786dada
Eax=79 Ebx=1 Ecx=355C958 Edx=79 Edi=355C93C Esi=35562EA Ebp=327F9D0 Esp=327F9B0 Eip=7786DACF

ADDR: 7786DAE3 CODE: 741f jz 0x7786db04
Eax=79 Ebx=1 Ecx=355C95A Edx=79 Edi=355C93C Esi=35562EC Ebp=327F9D0 Esp=327F9B0 Eip=7786DAE3

ADDR: 7786DACF CODE: 7409 jz 0x7786dada
Eax=73 Ebx=1 Ecx=355C95A Edx=73 Edi=355C93C Esi=35562EC Ebp=327F9D0 Esp=327F9B0 Eip=7786DACF

ADDR: 7786DAE3 CODE: 741f jz 0x7786db04
Eax=73 Ebx=1 Ecx=355C95C Edx=73 Edi=355C93C Esi=35562EE Ebp=327F9D0 Esp=327F9B0 Eip=7786DAE3

ADDR: 7786DACF CODE: 7409 jz 0x7786dada
Eax=77 Ebx=1 Ecx=355C95C Edx=77 Edi=355C93C Esi=35562EE Ebp=327F9D0 Esp=327F9B0 Eip=7786DACF

ADDR: 7786DAE3 CODE: 741f jz 0x7786db04
Eax=77 Ebx=1 Ecx=355C95E Edx=77 Edi=355C93C Esi=35562F0 Ebp=327F9D0 Esp=327F9B0 Eip=7786DAE3

ADDR: 7786DACF CODE: 7409 jz 0x7786dada
Eax=6F Ebx=1 Ecx=355C95E Edx=6F Edi=355C93C Esi=35562F0 Ebp=327F9D0 Esp=327F9B0 Eip=7786DACF

ADDR: 7786DAE3 CODE: 741f jz 0x7786db04
Eax=6F Ebx=1 Ecx=355C960 Edx=6F Edi=355C93C Esi=35562F2 Ebp=327F9D0 Esp=327F9B0 Eip=7786DAE3

ADDR: 7786DACF CODE: 7409 jz 0x7786dada
Eax=77 Ebx=1 Ecx=355C960 Edx=77 Edi=355C93C Esi=35562F2 Ebp=327F9D0 Esp=327F9B0 Eip=7786DACF

ADDR: 7786DAE3 CODE: 741f jz 0x7786db04
Eax=77 Ebx=1 Ecx=355C962 Edx=77 Edi=355C93C Esi=35562F4 Ebp=327F9D0 Esp=327F9B0 Eip=7786DAE3

ADDR: 7786DACF CODE: 7409 jz 0x7786dada
Eax=36 Ebx=1 Ecx=355C962 Edx=36 Edi=355C93C Esi=35562F4 Ebp=327F9D0 Esp=327F9B0 Eip=7786DACF

ADDR: 7786DAE3 CODE: 741f jz 0x7786db04
Eax=36 Ebx=1 Ecx=355C964 Edx=36 Edi=355C93C Esi=35562F6 Ebp=327F9D0 Esp=327F9B0 Eip=7786DAE3

ADDR: 7786DACF CODE: 7409 jz 0x7786dada
Eax=34 Ebx=1 Ecx=355C964 Edx=34 Edi=355C93C Esi=35562F6 Ebp=327F9D0 Esp=327F9B0 Eip=7786DACF

ADDR: 7786DAE3 CODE: 741f jz 0x7786db04
Eax=34 Ebx=1 Ecx=355C966 Edx=34 Edi=355C93C Esi=35562F8 Ebp=327F9D0 Esp=327F9B0 Eip=7786DAE3

ADDR: 7786DACF CODE: 7409 jz 0x7786dada
Eax=5C Ebx=1 Ecx=355C966 Edx=5C Edi=355C93C Esi=35562F8 Ebp=327F9D0 Esp=327F9B0 Eip=7786DACF

ADDR: 7786DAE3 CODE: 741f jz 0x7786db04
Eax=5C Ebx=1 Ecx=355C968 Edx=5C Edi=355C93C Esi=35562FA Ebp=327F9D0 Esp=327F9B0 Eip=7786DAE3

ADDR: 7786DACF CODE: 7409 jz 0x7786dada
Eax=6E Ebx=1 Ecx=355C968 Edx=6E Edi=355C93C Esi=35562FA Ebp=327F9D0 Esp=327F9B0 Eip=7786DACF

ADDR: 7786DAE3 CODE: 741f jz 0x7786db04
Eax=6E Ebx=1 Ecx=355C96A Edx=6E Edi=355C93C Esi=35562FC Ebp=327F9D0 Esp=327F9B0 Eip=7786DAE3

ADDR: 7786DACF CODE: 7409 jz 0x7786dada
Eax=6F Ebx=1 Ecx=355C96A Edx=6F Edi=355C93C Esi=35562FC Ebp=327F9D0 Esp=327F9B0 Eip=7786DACF

ADDR: 7786DAE3 CODE: 741f jz 0x7786db04
Eax=6F Ebx=1 Ecx=355C96C Edx=6F Edi=355C93C Esi=35562FE Ebp=327F9D0 Esp=327F9B0 Eip=7786DAE3

ADDR: 7786DACF CODE: 7409 jz 0x7786dada
Eax=74 Ebx=1 Ecx=355C96C Edx=74 Edi=355C93C Esi=35562FE Ebp=327F9D0 Esp=327F9B0 Eip=7786DACF

ADDR: 7786DAE3 CODE: 741f jz 0x7786db04
Eax=74 Ebx=1 Ecx=355C96E Edx=74 Edi=355C93C Esi=3556300 Ebp=327F9D0 Esp=327F9B0 Eip=7786DAE3

ADDR: 7786DACF CODE: 7409 jz 0x7786dada
Eax=65 Ebx=1 Ecx=355C96E Edx=65 Edi=355C93C Esi=3556300 Ebp=327F9D0 Esp=327F9B0 Eip=7786DACF

ADDR: 7786DAE3 CODE: 741f jz 0x7786db04
Eax=65 Ebx=1 Ecx=355C970 Edx=65 Edi=355C93C Esi=3556302 Ebp=327F9D0 Esp=327F9B0 Eip=7786DAE3

ADDR: 7786DACF CODE: 7409 jz 0x7786dada
Eax=70 Ebx=1 Ecx=355C970 Edx=70 Edi=355C93C Esi=3556302 Ebp=327F9D0 Esp=327F9B0 Eip=7786DACF

ADDR: 7786DAE3 CODE: 741f jz 0x7786db04
Eax=70 Ebx=1 Ecx=355C972 Edx=70 Edi=355C93C Esi=3556304 Ebp=327F9D0 Esp=327F9B0 Eip=7786DAE3

ADDR: 7786DACF CODE: 7409 jz 0x7786dada
Eax=61 Ebx=1 Ecx=355C972 Edx=61 Edi=355C93C Esi=3556304 Ebp=327F9D0 Esp=327F9B0 Eip=7786DACF

ADDR: 7786DAE3 CODE: 741f jz 0x7786db04
Eax=61 Ebx=1 Ecx=355C974 Edx=61 Edi=355C93C Esi=3556306 Ebp=327F9D0 Esp=327F9B0 Eip=7786DAE3

ADDR: 7786DACF CODE: 7409 jz 0x7786dada
Eax=64 Ebx=1 Ecx=355C974 Edx=64 Edi=355C93C Esi=3556306 Ebp=327F9D0 Esp=327F9B0 Eip=7786DACF

ADDR: 7786DAE3 CODE: 741f jz 0x7786db04
Eax=64 Ebx=1 Ecx=355C976 Edx=64 Edi=355C93C Esi=3556308 Ebp=327F9D0 Esp=327F9B0 Eip=7786DAE3

ADDR: 7786DACF CODE: 7409 jz 0x7786dada
Eax=2E Ebx=1 Ecx=355C976 Edx=2E Edi=355C93C Esi=3556308 Ebp=327F9D0 Esp=327F9B0 Eip=7786DACF

ADDR: 7786DAE3 CODE: 741f jz 0x7786db04
Eax=2E Ebx=1 Ecx=355C978 Edx=2E Edi=355C93C Esi=355630A Ebp=327F9D0 Esp=327F9B0 Eip=7786DAE3

ADDR: 7786DACF CODE: 7409 jz 0x7786dada
Eax=65 Ebx=1 Ecx=355C978 Edx=65 Edi=355C93C Esi=355630A Ebp=327F9D0 Esp=327F9B0 Eip=7786DACF

ADDR: 7786DAE3 CODE: 741f jz 0x7786db04
Eax=65 Ebx=1 Ecx=355C97A Edx=65 Edi=355C93C Esi=355630C Ebp=327F9D0 Esp=327F9B0 Eip=7786DAE3

ADDR: 7786DACF CODE: 7409 jz 0x7786dada
Eax=78 Ebx=1 Ecx=355C97A Edx=78 Edi=355C93C Esi=355630C Ebp=327F9D0 Esp=327F9B0 Eip=7786DACF

ADDR: 7786DAE3 CODE: 741f jz 0x7786db04
Eax=78 Ebx=1 Ecx=355C97C Edx=78 Edi=355C93C Esi=355630E Ebp=327F9D0 Esp=327F9B0 Eip=7786DAE3

ADDR: 7786DACF CODE: 7409 jz 0x7786dada
Eax=65 Ebx=1 Ecx=355C97C Edx=65 Edi=355C93C Esi=355630E Ebp=327F9D0 Esp=327F9B0 Eip=7786DACF

ADDR: 7786DAE3 CODE: 741f jz 0x7786db04
Eax=65 Ebx=1 Ecx=355C97E Edx=65 Edi=355C93C Esi=3556310 Ebp=327F9D0 Esp=327F9B0 Eip=7786DAE3

ADDR: 7786DAF0 CODE: 7406 jz 0x7786daf8
Eax=22 Ebx=0 Ecx=355C97E Edx=327F9F8 Edi=355C93C Esi=3556312 Ebp=327F9D0 Esp=327F9B0 Eip=7786DAF0

ADDR: 7786DACF CODE: 7409 jz 0x7786dada
Eax=0 Ebx=0 Ecx=355C97E Edx=0 Edi=355C93C Esi=3556312 Ebp=327F9D0 Esp=327F9B0 Eip=7786DACF

ADDR: 7786DAE3 CODE: 741f jz 0x7786db04
Eax=0 Ebx=0 Ecx=355C980 Edx=0 Edi=355C93C Esi=3556314 Ebp=327F9D0 Esp=327F9B0 Eip=7786DAE3

ADDR: 7786DB1A CODE: 7421 jz 0x7786db3d
Eax=0 Ebx=0 Ecx=355C980 Edx=0 Edi=355C93C Esi=3556312 Ebp=327F9D0 Esp=327F9B0 Eip=7786DB1A

ADDR: 7786DB40 CODE: 0f84df000000 jz 0x7786dc25
Eax=0 Ebx=0 Ecx=355C980 Edx=0 Edi=355C93C Esi=3556312 Ebp=327F9D0 Esp=327F9B0 Eip=7786DB40

ADDR: 7786DC27 CODE: 7403 jz 0x7786dc2c
Eax=0 Ebx=0 Ecx=355C980 Edx=0 Edi=355C93C Esi=3556312 Ebp=327F9D0 Esp=327F9B0 Eip=7786DC27

ADDR: 778596BA CODE: 7417 jz 0x778596d3
Eax=0 Ebx=1 Ecx=327F9F0 Edx=0 Edi=0 Esi=327F9F0 Ebp=327F9D0 Esp=327F9D0 Eip=778596BA

ADDR: 778594A4 CODE: 7458 jz 0x778594fe
Eax=30EE8A47 Ebx=318E000 Ecx=1F Edx=0 Edi=2 Esi=77305A70 Ebp=327FA00 Esp=327F9E8 Eip=778594A4

ADDR: 77A78DEB CODE: 730a jae 0x77a78df7
Eax=EE60B4E Ebx=318E000 Ecx=77305A70 Edx=404000 Edi=2 Esi=77305A70 Ebp=327FA00 Esp=327F9DC Eip=77A78DEB

ADDR: 77A709B7 CODE: 747f jz 0x77a70a38
Eax=2 Ebx=3191FB4 Ecx=77305A70 Edx=3191FB4 Edi=2 Esi=77305A70 Ebp=327F9B4 Esp=327F9A8 Eip=77A709B7

ADDR: 77A709BE CODE: 7378 jae 0x77a70a38
Eax=2 Ebx=3191FB4 Ecx=77305A70 Edx=3191FB4 Edi=2 Esi=77305A70 Ebp=327F9B4 Esp=327F9A8 Eip=77A709BE

ADDR: 77305A83 CODE: 790d jns 0x77305a92
Eax=0 Ebx=318E000 Ecx=355A188 Edx=0 Edi=2 Esi=77305A70 Ebp=327F9D8 Esp=327F9D8 Eip=77305A83

ADDR: 778595B4 CODE: 7458 jz 0x7785960e
Eax=30EE8A47 Ebx=318E000 Ecx=1F Edx=0 Edi=2 Esi=77305A70 Ebp=327F9EC Esp=327F9D4 Eip=778595B4

ADDR: 77A78DEB CODE: 730a jae 0x77a78df7
Eax=EE60B4E Ebx=318E000 Ecx=77305A70 Edx=404000 Edi=2 Esi=77305A70 Ebp=327F9EC Esp=327F9C8 Eip=77A78DEB

ADDR: 77A709B7 CODE: 747f jz 0x77a70a38
Eax=2 Ebx=3191FB4 Ecx=77305A70 Edx=3191FB4 Edi=2 Esi=77305A70 Ebp=327F9A0 Esp=327F994 Eip=77A709B7

ADDR: 77A709BE CODE: 7378 jae 0x77a70a38
Eax=2 Ebx=3191FB4 Ecx=77305A70 Edx=3191FB4 Edi=2 Esi=77305A70 Ebp=327F9A0 Esp=327F994 Eip=77A709BE

ADDR: 77305A83 CODE: 790d jns 0x77305a92
Eax=0 Ebx=318E000 Ecx=355A188 Edx=0 Edi=2 Esi=77305A70 Ebp=327F9C4 Esp=327F9C4 Eip=77305A83

ADDR: 77873DEF CODE: 0f84d5000000 jz 0x77873eca
Eax=10000 Ebx=318E000 Ecx=30000 Edx=0 Edi=921600 Esi=0 Ebp=327F9E0 Esp=327F9D0 Eip=77873DEF

ADDR: 77873ED0 CODE: 7409 jz 0x77873edb
Eax=10000 Ebx=318E000 Ecx=30000 Edx=0 Edi=921600 Esi=0 Ebp=327F9E0 Esp=327F9C8 Eip=77873ED0

ADDR: 778A6A8B CODE: 7403 jz 0x778a6a90
Eax=1027F Ebx=318E000 Ecx=10 Edx=0 Edi=921600 Esi=0 Ebp=327F9C0 Esp=327F9B0 Eip=778A6A8B

ADDR: 778A6A92 CODE: 7403 jz 0x778a6a97
Eax=1027F Ebx=318E000 Ecx=18 Edx=0 Edi=921600 Esi=0 Ebp=327F9C0 Esp=327F9B0 Eip=778A6A92

ADDR: 778A6A99 CODE: 7403 jz 0x778a6a9e
Eax=1027F Ebx=318E000 Ecx=1C Edx=0 Edi=921600 Esi=0 Ebp=327F9C0 Esp=327F9B0 Eip=778A6A99

ADDR: 778A6AA0 CODE: 7403 jz 0x778a6aa5
Eax=1027F Ebx=318E000 Ecx=1E Edx=0 Edi=921600 Esi=0 Ebp=327F9C0 Esp=327F9B0 Eip=778A6AA0

ADDR: 778A6AA7 CODE: 7406 jz 0x778a6aaf
Eax=1027F Ebx=318E000 Ecx=1F Edx=0 Edi=921600 Esi=0 Ebp=327F9C0 Esp=327F9B0 Eip=778A6AA7

ADDR: 778A6ACF CODE: 0f84a7ae0000 jz 0x778b197c
Eax=1027F Ebx=C00 Ecx=8001F Edx=0 Edi=200 Esi=200 Ebp=327F9C0 Esp=327F9A4 Eip=778A6ACF

ADDR: 778A6B0E CODE: 0f8c43010000 jl 0x778a6c57
Eax=10000 Ebx=C00 Ecx=9001F Edx=1000 Edi=30000 Esi=9001F Ebp=327F9C0 Esp=327F9A4 Eip=778A6B0E

ADDR: 778A6B2F CODE: 7403 jz 0x778a6b34
Eax=10 Ebx=C00 Ecx=1F80 Edx=1000 Edi=0 Esi=9001F Ebp=327F9C0 Esp=327F9A4 Eip=778A6B2F

ADDR: 778A6B3A CODE: 7403 jz 0x778a6b3f
Eax=18 Ebx=C00 Ecx=1F80 Edx=1000 Edi=0 Esi=9001F Ebp=327F9C0 Esp=327F9A4 Eip=778A6B3A

ADDR: 778A6B45 CODE: 7403 jz 0x778a6b4a
Eax=1C Ebx=C00 Ecx=1F80 Edx=1000 Edi=0 Esi=9001F Ebp=327F9C0 Esp=327F9A4 Eip=778A6B45

ADDR: 778A6B4C CODE: 7403 jz 0x778a6b51
Eax=1E Ebx=C00 Ecx=1F80 Edx=1000 Edi=0 Esi=9001F Ebp=327F9C0 Esp=327F9A4 Eip=778A6B4C

ADDR: 778A6B57 CODE: 7405 jz 0x778a6b5e
Eax=1F Ebx=C00 Ecx=1F80 Edx=1000 Edi=0 Esi=9001F Ebp=327F9C0 Esp=327F9A4 Eip=778A6B57

ADDR: 778A6B67 CODE: 0f8469ae0000 jz 0x778b19d6
Eax=8001F Ebx=6000 Ecx=1F80 Edx=0 Edi=0 Esi=9001F Ebp=327F9C0 Esp=327F9A4 Eip=778A6B67

ADDR: 778B19E1 CODE: 7424 jz 0x778b1a07
Eax=8001F Ebx=40 Ecx=FFFFFFC0 Edx=0 Edi=0 Esi=9001F Ebp=327F9C0 Esp=327F9A4 Eip=778B19E1

ADDR: 778B19E9 CODE: 7412 jz 0x778b19fd
Eax=8001F Ebx=40 Ecx=FFFF8000 Edx=0 Edi=0 Esi=9001F Ebp=327F9C0 Esp=327F9A4 Eip=778B19E9

ADDR: 778594A4 CODE: 7458 jz 0x778594fe
Eax=30EE8A47 Ebx=318E000 Ecx=1F Edx=0 Edi=2 Esi=77305A70 Ebp=327F9E8 Esp=327F9D0 Eip=778594A4

ADDR: 77A78DEB CODE: 730a jae 0x77a78df7
Eax=EE60B4E Ebx=318E000 Ecx=77305A70 Edx=404000 Edi=2 Esi=77305A70 Ebp=327F9E8 Esp=327F9C4 Eip=77A78DEB

ADDR: 77A709B7 CODE: 747f jz 0x77a70a38
Eax=2 Ebx=3191FB4 Ecx=77305A70 Edx=3191FB4 Edi=2 Esi=77305A70 Ebp=327F99C Esp=327F990 Eip=77A709B7

ADDR: 77A709BE CODE: 7378 jae 0x77a70a38
Eax=2 Ebx=3191FB4 Ecx=77305A70 Edx=3191FB4 Edi=2 Esi=77305A70 Ebp=327F99C Esp=327F990 Eip=77A709BE

ADDR: 77305A83 CODE: 790d jns 0x77305a92
Eax=0 Ebx=318E000 Ecx=355A188 Edx=0 Edi=2 Esi=77305A70 Ebp=327F9C0 Esp=327F9C0 Eip=77305A83

ADDR: 778595B4 CODE: 7458 jz 0x7785960e
Eax=30EE8A47 Ebx=318E000 Ecx=1F Edx=0 Edi=2 Esi=77305A70 Ebp=327F9FC Esp=327F9E4 Eip=778595B4

ADDR: 77A78DEB CODE: 730a jae 0x77a78df7
Eax=EE60B4E Ebx=318E000 Ecx=77305A70 Edx=404000 Edi=2 Esi=77305A70 Ebp=327F9FC Esp=327F9D8 Eip=77A78DEB

ADDR: 77A709B7 CODE: 747f jz 0x77a70a38
Eax=2 Ebx=3191FB4 Ecx=77305A70 Edx=3191FB4 Edi=2 Esi=77305A70 Ebp=327F9B0 Esp=327F9A4 Eip=77A709B7

ADDR: 77A709BE CODE: 7378 jae 0x77a70a38
Eax=2 Ebx=3191FB4 Ecx=77305A70 Edx=3191FB4 Edi=2 Esi=77305A70 Ebp=327F9B0 Esp=327F9A4 Eip=77A709BE

ADDR: 77305A83 CODE: 790d jns 0x77305a92
Eax=0 Ebx=318E000 Ecx=355A188 Edx=0 Edi=2 Esi=77305A70 Ebp=327F9D4 Esp=327F9D4 Eip=77305A83

ADDR: 77A78DEB CODE: 730a jae 0x77a78df7
Eax=EF0EB74 Ebx=318E000 Ecx=77875BA0 Edx=111001 Edi=77875BA0 Esi=0 Ebp=327FA3C Esp=327F9FC Eip=77A78DEB

ADDR: 778590DC CODE: 7454 jz 0x77859132
Eax=30E1272F Ebx=318E000 Ecx=1F Edx=111001 Edi=2 Esi=772F00A0 Ebp=327F9F8 Esp=327F9D8 Eip=778590DC

ADDR: 77A78DEB CODE: 730a jae 0x77a78df7
Eax=EE5E014 Ebx=318E000 Ecx=772F00A0 Edx=104000 Edi=2 Esi=772F00A0 Ebp=327F9F8 Esp=327F9D0 Eip=77A78DEB

ADDR: 77A6C686 CODE: 743c jz 0x77a6c6c4
Eax=2 Ebx=318E000 Ecx=355A180 Edx=104000 Edi=2 Esi=3191000 Ebp=327F9B4 Esp=327F9B4 Eip=77A6C686

ADDR: 77A6C68D CODE: 7335 jae 0x77a6c6c4
Eax=2 Ebx=318E000 Ecx=355A180 Edx=104000 Edi=2 Esi=3191000 Ebp=327F9B4 Esp=327F9B4 Eip=77A6C68D

ADDR: 77A6C6AC CODE: 740c jz 0x77a6c6ba
Eax=355CAA0 Ebx=318E000 Ecx=355A180 Edx=0 Edi=2 Esi=2 Ebp=327F9B4 Esp=327F9B0 Eip=77A6C6AC

ADDR: 77A6C6B4 CODE: 7404 jz 0x77a6c6ba
Eax=355CAAC Ebx=318E000 Ecx=355A180 Edx=0 Edi=2 Esi=2 Ebp=327F9B4 Esp=327F9B0 Eip=77A6C6B4

ADDR: 772F00BD CODE: 791c jns 0x772f00db
Eax=0 Ebx=318E000 Ecx=327F9C8 Edx=0 Edi=2 Esi=3191000 Ebp=327F9CC Esp=327F9C4 Eip=772F00BD

ADDR: 77875BCB CODE: 7427 jz 0x77875bf4
Eax=1 Ebx=318E000 Ecx=3 Edx=0 Edi=0 Esi=0 Ebp=327F9F8 Esp=327F9E4 Eip=77875BCB

ADDR: 778590DC CODE: 7454 jz 0x77859132
Eax=30E1272F Ebx=318E000 Ecx=1F Edx=0 Edi=3 Esi=772F00A0 Ebp=327F9F8 Esp=327F9D8 Eip=778590DC

ADDR: 77A78DEB CODE: 730a jae 0x77a78df7
Eax=EE5E014 Ebx=318E000 Ecx=772F00A0 Edx=104000 Edi=3 Esi=772F00A0 Ebp=327F9F8 Esp=327F9D0 Eip=77A78DEB

ADDR: 77A6C686 CODE: 743c jz 0x77a6c6c4
Eax=3 Ebx=318E000 Ecx=355A180 Edx=104000 Edi=3 Esi=3191000 Ebp=327F9B4 Esp=327F9B4 Eip=77A6C686

ADDR: 77A6C68D CODE: 7335 jae 0x77a6c6c4
Eax=3 Ebx=318E000 Ecx=355A180 Edx=104000 Edi=3 Esi=3191000 Ebp=327F9B4 Esp=327F9B4 Eip=77A6C68D

ADDR: 77A6C6AC CODE: 740c jz 0x77a6c6ba
Eax=355CAA0 Ebx=318E000 Ecx=355A180 Edx=0 Edi=3 Esi=3 Ebp=327F9B4 Esp=327F9B0 Eip=77A6C6AC

ADDR: 77A6C6B4 CODE: 7404 jz 0x77a6c6ba
Eax=355CAB0 Ebx=318E000 Ecx=355A180 Edx=0 Edi=3 Esi=3 Ebp=327F9B4 Esp=327F9B0 Eip=77A6C6B4

ADDR: 772F00BD CODE: 791c jns 0x772f00db
Eax=0 Ebx=318E000 Ecx=327F9C8 Edx=0 Edi=3 Esi=3191000 Ebp=327F9CC Esp=327F9C4 Eip=772F00BD

ADDR: 77875BD4 CODE: 7418 jz 0x77875bee
Eax=355CAF0 Ebx=318E000 Ecx=327F9C8 Edx=0 Edi=0 Esi=0 Ebp=327F9F8 Esp=327F9E4 Eip=77875BD4

ADDR: 77875BE6 CODE: 0f8494010000 jz 0x77875d80
Eax=3191000 Ebx=355CE54 Ecx=1A9D1114 Edx=0 Edi=0 Esi=0 Ebp=327F9F8 Esp=327F9E4 Eip=77875BE6

ADDR: 77875C7B CODE: 0f84f0000000 jz 0x77875d71
Eax=1 Ebx=355CE54 Ecx=1 Edx=0 Edi=0 Esi=0 Ebp=327F9F8 Esp=327F9E4 Eip=77875C7B

ADDR: 77875C83 CODE: 0f84ef000000 jz 0x77875d78
Eax=1 Ebx=355CE54 Ecx=1 Edx=0 Edi=0 Esi=0 Ebp=327F9F8 Esp=327F9E4 Eip=77875C83

ADDR: 778594A4 CODE: 7458 jz 0x778594fe
Eax=30EE8A47 Ebx=318E000 Ecx=1F Edx=0 Edi=2 Esi=77305A70 Ebp=327F9F8 Esp=327F9E0 Eip=778594A4

ADDR: 77A78DEB CODE: 730a jae 0x77a78df7
Eax=EE60B4E Ebx=318E000 Ecx=77305A70 Edx=404000 Edi=2 Esi=77305A70 Ebp=327F9F8 Esp=327F9D4 Eip=77A78DEB

ADDR: 77A709B7 CODE: 747f jz 0x77a70a38
Eax=2 Ebx=3191FB4 Ecx=77305A70 Edx=3191FB4 Edi=2 Esi=77305A70 Ebp=327F9AC Esp=327F9A0 Eip=77A709B7

ADDR: 77A709BE CODE: 7378 jae 0x77a70a38
Eax=2 Ebx=3191FB4 Ecx=77305A70 Edx=3191FB4 Edi=2 Esi=77305A70 Ebp=327F9AC Esp=327F9A0 Eip=77A709BE

ADDR: 77305A83 CODE: 790d jns 0x77305a92
Eax=0 Ebx=318E000 Ecx=355A188 Edx=0 Edi=2 Esi=77305A70 Ebp=327F9D0 Esp=327F9D0 Eip=77305A83

ADDR: 942ABB CODE: 7405 jz 0x942ac2
Eax=1 Ebx=318E000 Ecx=0 Edx=0 Edi=921600 Esi=942A40 Ebp=327FA54 Esp=327FA48 Eip=942ABB

ADDR: 778595B4 CODE: 7458 jz 0x7785960e
Eax=30EE8A47 Ebx=318E000 Ecx=1F Edx=0 Edi=2 Esi=77305A70 Ebp=327FA08 Esp=327F9F0 Eip=778595B4

ADDR: 77A78DEB CODE: 730a jae 0x77a78df7
Eax=EE60B4E Ebx=318E000 Ecx=77305A70 Edx=404000 Edi=2 Esi=77305A70 Ebp=327FA08 Esp=327F9E4 Eip=77A78DEB

ADDR: 77A709B7 CODE: 747f jz 0x77a70a38
Eax=2 Ebx=3191FB4 Ecx=77305A70 Edx=3191FB4 Edi=2 Esi=77305A70 Ebp=327F9BC Esp=327F9B0 Eip=77A709B7

ADDR: 77A709BE CODE: 7378 jae 0x77a70a38
Eax=2 Ebx=3191FB4 Ecx=77305A70 Edx=3191FB4 Edi=2 Esi=77305A70 Ebp=327F9BC Esp=327F9B0 Eip=77A709BE

ADDR: 77305A83 CODE: 790d jns 0x77305a92
Eax=0 Ebx=318E000 Ecx=355A188 Edx=0 Edi=2 Esi=77305A70 Ebp=327F9E0 Esp=327F9E0 Eip=77305A83

ADDR: 77A78DEB CODE: 730a jae 0x77a78df7
Eax=EF0DB92 Ebx=318E000 Ecx=7786DC90 Edx=40000 Edi=921600 Esi=7786DC90 Ebp=327FA40 Esp=327FA0C Eip=77A78DEB

ADDR: 778590DC CODE: 7454 jz 0x77859132
Eax=30E1272F Ebx=318E000 Ecx=1F Edx=40000 Edi=2 Esi=772F00A0 Ebp=327FA08 Esp=327F9E0 Eip=778590DC

ADDR: 77A78DEB CODE: 730a jae 0x77a78df7
Eax=EE5E014 Ebx=318E000 Ecx=772F00A0 Edx=104000 Edi=2 Esi=772F00A0 Ebp=327FA08 Esp=327F9D8 Eip=77A78DEB

ADDR: 77A6C686 CODE: 743c jz 0x77a6c6c4
Eax=2 Ebx=318E000 Ecx=355A180 Edx=104000 Edi=2 Esi=3191000 Ebp=327F9BC Esp=327F9BC Eip=77A6C686

ADDR: 77A6C68D CODE: 7335 jae 0x77a6c6c4
Eax=2 Ebx=318E000 Ecx=355A180 Edx=104000 Edi=2 Esi=3191000 Ebp=327F9BC Esp=327F9BC Eip=77A6C68D

ADDR: 77A6C6AC CODE: 740c jz 0x77a6c6ba
Eax=355CAA0 Ebx=318E000 Ecx=355A180 Edx=0 Edi=2 Esi=2 Ebp=327F9BC Esp=327F9B8 Eip=77A6C6AC

ADDR: 77A6C6B4 CODE: 7404 jz 0x77a6c6ba
Eax=355CAAC Ebx=318E000 Ecx=355A180 Edx=0 Edi=2 Esi=2 Ebp=327F9BC Esp=327F9B8 Eip=77A6C6B4

ADDR: 772F00BD CODE: 791c jns 0x772f00db
Eax=0 Ebx=318E000 Ecx=327F9D0 Edx=0 Edi=2 Esi=3191000 Ebp=327F9D4 Esp=327F9CC Eip=772F00BD

ADDR: 7786DCB4 CODE: 7404 jz 0x7786dcba
Eax=77935AD4 Ebx=318E000 Ecx=1A9D1114 Edx=0 Edi=921600 Esi=0 Ebp=327FA08 Esp=327F9F8 Eip=7786DCB4

ADDR: 77A2E69A CODE: 7315 jae 0x77a2e6b1
Eax=77B08764 Ebx=318E000 Ecx=77B08760 Edx=3191000 Edi=921600 Esi=3555DC8 Ebp=327F9C4 Esp=327F9C0 Eip=77A2E69A

ADDR: 77A24CFF CODE: 0f8426e60500 jz 0x77a8332b
Eax=318E000 Ebx=3550B70 Ecx=77B00000 Edx=35523BC Edi=921600 Esi=3550000 Ebp=327F9C0 Esp=327F9B8 Eip=77A24CFF

ADDR: 77A24D11 CODE: 0f842be60500 jz 0x77a83342
Eax=318E000 Ebx=3550B70 Ecx=3550000 Edx=186E Edi=921600 Esi=3550000 Ebp=327F9C0 Esp=327F9B8 Eip=77A24D11

ADDR: 77A24E6C CODE: 760c jbe 0x77a24e7a
Eax=0 Ebx=3550000 Ecx=180000 Edx=186E Edi=186E Esi=3550000 Ebp=327F9A8 Esp=327F930 Eip=77A24E6C

ADDR: 77A24E9D CODE: 742b jz 0x77a24eca
Eax=0 Ebx=3550000 Ecx=0 Edx=0 Edi=186E Esi=3550000 Ebp=327F9A8 Esp=327F930 Eip=77A24E9D

ADDR: 77A24ED5 CODE: 7445 jz 0x77a24f1c
Eax=0 Ebx=3550000 Ecx=180000 Edx=0 Edi=186E Esi=0 Ebp=327F9A8 Esp=327F930 Eip=77A24ED5

ADDR: 77A24F4B CODE: 0f87f5090000 ja 0x77a25946
Eax=186E Ebx=3550000 Ecx=180000 Edx=30F Edi=186E Esi=1878 Ebp=327F9A8 Esp=327F930 Eip=77A24F4B

ADDR: 77A24F6F CODE: 0f84ce090000 jz 0x77a25943
Eax=80 Ebx=3550000 Ecx=7 Edx=300 Edi=186E Esi=1878 Ebp=327F9A8 Esp=327F930 Eip=77A24F6F

ADDR: 77A2594F CODE: 7211 jb 0x77a25962
Eax=3550270 Ebx=3550000 Ecx=7 Edx=30F Edi=186E Esi=1878 Ebp=327F9A8 Esp=327F930 Eip=77A2594F

ADDR: 77A25955 CODE: 0f8495030000 jz 0x77a25cf0
Eax=3550270 Ebx=3550000 Ecx=35536A0 Edx=30F Edi=186E Esi=1878 Ebp=327F9A8 Esp=327F930 Eip=77A25955

ADDR: 77A25960 CODE: 73ef jae 0x77a25951
Eax=35536A0 Ebx=3550000 Ecx=35536A0 Edx=30F Edi=186E Esi=1878 Ebp=327F9A8 Esp=327F930 Eip=77A25960

ADDR: 77A25967 CODE: 0f838c030000 jae 0x77a25cf9
Eax=35536A0 Ebx=3550000 Ecx=30F Edx=30F Edi=186E Esi=1878 Ebp=327F9A8 Esp=327F930 Eip=77A25967

ADDR: 77A2597C CODE: 7402 jz 0x77a25980
Eax=35536A0 Ebx=3550000 Ecx=30F Edx=28F Edi=186E Esi=1878 Ebp=327F9A8 Esp=327F930 Eip=77A2597C

ADDR: 77A25F44 CODE: 7329 jae 0x77a25f6f
Eax=327F908 Ebx=180002 Ecx=3550000 Edx=180002 Edi=3550000 Esi=30F Ebp=327F918 Esp=327F798 Eip=77A25F44

ADDR: 77A25F53 CODE: 730c jae 0x77a25f61
Eax=327F908 Ebx=180002 Ecx=3550001 Edx=30F Edi=3550000 Esi=30F Ebp=327F918 Esp=327F798 Eip=77A25F53

ADDR: 77A26022 CODE: 7415 jz 0x77a26039
Eax=327F978 Ebx=0 Ecx=3550001 Edx=30F Edi=3550000 Esi=30F Ebp=327F918 Esp=327F798 Eip=77A26022

ADDR: 77A43F37 CODE: 7316 jae 0x77a43f4f
Eax=3550258 Ebx=0 Ecx=355025C Edx=3191000 Edi=3550000 Esi=30F Ebp=327F78C Esp=327F78C Eip=77A43F37

ADDR: 77A260CB CODE: 7407 jz 0x77a260d4
Eax=1 Ebx=0 Ecx=4720 Edx=3191000 Edi=3550000 Esi=30F Ebp=327F918 Esp=327F798 Eip=77A260CB

ADDR: 77A260DA CODE: 0f8739170000 ja 0x77a27819
Eax=1 Ebx=0 Ecx=4720 Edx=30F Edi=3550000 Esi=30F Ebp=327F918 Esp=327F798 Eip=77A260DA

ADDR: 77A260F4 CODE: 723a jb 0x77a26130
Eax=186E Ebx=0 Ecx=4720 Edx=30F Edi=3550000 Esi=30F Ebp=327F918 Esp=327F798 Eip=77A260F4

ADDR: 77A26136 CODE: 0f87d5000000 ja 0x77a26211
Eax=186E Ebx=0 Ecx=4720 Edx=30F Edi=3550000 Esi=30F Ebp=327F918 Esp=327F798 Eip=77A26136

ADDR: 77A26188 CODE: 7716 ja 0x77a261a0
Eax=3552601 Ebx=7 Ecx=61 Edx=300 Edi=3550000 Esi=3552CAE Ebp=327F918 Esp=327F798 Eip=77A26188

ADDR: 77A26192 CODE: 770c ja 0x77a261a0
Eax=FF00 Ebx=7 Ecx=61 Edx=300 Edi=3550000 Esi=3552CAE Ebp=327F918 Esp=327F798 Eip=77A26192

ADDR: 77A26216 CODE: 0f844f020000 jz 0x77a2646b
Eax=FF00 Ebx=7 Ecx=61 Edx=30F Edi=3550000 Esi=35541F0 Ebp=327F918 Esp=327F798 Eip=77A26216

ADDR: 77A26220 CODE: 0f8445020000 jz 0x77a2646b
Eax=FF00 Ebx=7 Ecx=61 Edx=30F Edi=3550000 Esi=0 Ebp=327F918 Esp=327F798 Eip=77A26220

ADDR: 77A26485 CODE: 7304 jae 0x77a2648b
Eax=35500C0 Ebx=7 Ecx=80 Edx=30F Edi=3550000 Esi=3550270 Ebp=327F918 Esp=327F798 Eip=77A26485

ADDR: 77A26485 CODE: 7304 jae 0x77a2648b
Eax=35536A0 Ebx=7 Ecx=800 Edx=30F Edi=3550000 Esi=35536A0 Ebp=327F918 Esp=327F798 Eip=77A26485

ADDR: 77A264D3 CODE: 7438 jz 0x77a2650d
Eax=3564DC0 Ebx=8E9EFB25 Ecx=800 Edx=35500C0 Edi=3550000 Esi=35536A0 Ebp=327F918 Esp=327F798 Eip=77A264D3

ADDR: 77A264F3 CODE: 7418 jz 0x77a2650d
Eax=46 Ebx=46000244 Ecx=4646 Edx=35500C0 Edi=3550000 Esi=35536A0 Ebp=327F918 Esp=327F798 Eip=77A264F3

ADDR: 77A2651D CODE: 7e07 jle 0x77a26526
Eax=244 Ebx=46000244 Ecx=CB Edx=35500C0 Edi=3550000 Esi=35536A0 Ebp=327F918 Esp=327F798 Eip=77A2651D

ADDR: 77A266E0 CODE: 0f841c110000 jz 0x77a27802
Eax=35500C0 Ebx=46000244 Ecx=CB Edx=35500C0 Edi=3550000 Esi=35536A0 Ebp=327F918 Esp=327F798 Eip=77A266E0

ADDR: 77A266F2 CODE: 0f844d020000 jz 0x77a26945
Eax=35500C0 Ebx=46000244 Ecx=CB Edx=35500C0 Edi=3550000 Esi=35536A0 Ebp=327F918 Esp=327F798 Eip=77A266F2

ADDR: 77A37EAD CODE: 0f8db7dd0400 jge 0x77a85c6a
Eax=2000 Ebx=0 Ecx=3550000 Edx=2000 Edi=3550000 Esi=2000 Ebp=327F760 Esp=327F728 Eip=77A37EAD

ADDR: 77A37ED6 CODE: 73f7 jae 0x77a37ecf
Eax=3565FE8 Ebx=0 Ecx=355008C Edx=0 Edi=3550000 Esi=2000 Ebp=327F760 Esp=327F728 Eip=77A37ED6

ADDR: 77A37A90 CODE: 0f845f020000 jz 0x77a37cf5
Eax=3565FE8 Ebx=0 Ecx=3550000 Edx=3565FE8 Edi=3550000 Esi=355008C Ebp=327F760 Esp=327F738 Eip=77A37A90

ADDR: 77A37AA0 CODE: 0f8dc5de0400 jge 0x77a8596b
Eax=3565FE8 Ebx=0 Ecx=3550000 Edx=3565FE8 Edi=3550000 Esi=327F784 Ebp=327F760 Esp=327F738 Eip=77A37AA0

ADDR: 77A37AE1 CODE: 0f8612020000 jbe 0x77a37cf9
Eax=4000 Ebx=3565FE0 Ecx=E7000 Edx=E9000 Edi=3550000 Esi=327F784 Ebp=327F760 Esp=327F738 Eip=77A37AE1

ADDR: 77A38CB1 CODE: 0f84d30a0400 jz 0x77a7978a
Eax=4000 Ebx=3565FE0 Ecx=3550000 Edx=4 Edi=3550000 Esi=4 Ebp=327F730 Esp=327F708 Eip=77A38CB1

ADDR: 77A37B24 CODE: 0f84bade0400 jz 0x77a859e4
Eax=1 Ebx=3565FE0 Ecx=2000 Edx=77B0910C Edi=3550000 Esi=327F784 Ebp=327F760 Esp=327F738 Eip=77A37B24

ADDR: 77A3A7B4 CODE: 0f8432bc0400 jz 0x77a863ec
Eax=1 Ebx=356CCC0 Ecx=19BAFD6C Edx=3191000 Edi=0 Esi=3550000 Ebp=327EC80 Esp=327EC70 Eip=77A3A7B4

ADDR: 77A3A7C1 CODE: 0f843bbc0400 jz 0x77a86402
Eax=1 Ebx=356CCC0 Ecx=19BAFD6C Edx=3191000 Edi=0 Esi=3550000 Ebp=327EC80 Esp=327EC70 Eip=77A3A7C1

ADDR: 77A3A7E6 CODE: 7445 jz 0x77a3a82d
Eax=1 Ebx=356CCC0 Ecx=19BAFD6C Edx=1 Edi=0 Esi=3550000 Ebp=327EC80 Esp=327EC70 Eip=77A3A7E6

ADDR: 77A3A7FF CODE: 0f8483bc0400 jz 0x77a86488
Eax=1 Ebx=356CCC0 Ecx=356CCB8 Edx=1 Edi=0 Esi=3550000 Ebp=327EC80 Esp=327EC70 Eip=77A3A7FF

ADDR: 77A3A80A CODE: 0f84a4bc0400 jz 0x77a864b4
Eax=C Ebx=356CCC0 Ecx=356CCB8 Edx=1 Edi=0 Esi=3550000 Ebp=327EC80 Esp=327EC70 Eip=77A3A80A

ADDR: 77A3A812 CODE: 783f js 0x77a3a853
Eax=C Ebx=356CCC0 Ecx=356CCB8 Edx=1 Edi=0 Esi=3550000 Ebp=327EC80 Esp=327EC70 Eip=77A3A812

ADDR: 77A3A818 CODE: 0f8490000000 jz 0x77a3a8ae
Eax=C Ebx=356CCC0 Ecx=356CCB8 Edx=1 Edi=0 Esi=3550000 Ebp=327EC80 Esp=327EC70 Eip=77A3A818

ADDR: 77A3A823 CODE: 7403 jz 0x77a3a828
Eax=B59FFB1F Ebx=356CCC0 Ecx=356CCB8 Edx=1 Edi=0 Esi=3550000 Ebp=327EC80 Esp=327EC70 Eip=77A3A823

ADDR: 77A3A879 CODE: 0f845abc0400 jz 0x77a864d9
Eax=27E Ebx=356CCC0 Ecx=356CCB8 Edx=C Edi=27E Esi=3550000 Ebp=327EC80 Esp=327EC70 Eip=77A3A879

ADDR: 77A3A88E CODE: 0f8464bc0400 jz 0x77a864f8
Eax=20C Ebx=356CCC0 Ecx=356CCB8 Edx=C Edi=27E Esi=3550000 Ebp=327EC80 Esp=327EC70 Eip=77A3A88E

ADDR: 76A77201 CODE: 7493 jz 0x76a77196
Eax=13E4 Ebx=356CCC0 Ecx=C Edx=13E4 Edi=0 Esi=1 Ebp=327ECCC Esp=327EC94 Eip=76A77201

ADDR: 77A29628 CODE: 7416 jz 0x77a29640
Eax=13E4 Ebx=356CCC0 Ecx=C Edx=13E4 Edi=0 Esi=3550000 Ebp=327EC84 Esp=327EC80 Eip=77A29628

ADDR: 77A29647 CODE: 747a jz 0x77a296c3
Eax=13E4 Ebx=356CCC0 Ecx=C Edx=13E4 Edi=0 Esi=3550000 Ebp=327EC84 Esp=327EC80 Eip=77A29647

ADDR: 77A27B53 CODE: 746e jz 0x77a27bc3
Eax=FFFFFFFE Ebx=3550258 Ecx=FFFFFFFF Edx=13E4 Edi=355025C Esi=FFFFFFFE Ebp=327EC74 Esp=327EC60 Eip=77A27B53

ADDR: 77A296EB CODE: 7415 jz 0x77a29702
Eax=0 Ebx=356CCC0 Ecx=FFFFFFFF Edx=13E4 Edi=0 Esi=3550000 Ebp=327EC84 Esp=327EC80 Eip=77A296EB

ADDR: 77A2970A CODE: 7416 jz 0x77a29722
Eax=7FFE0380 Ebx=356CCC0 Ecx=FFFFFFFF Edx=13E4 Edi=0 Esi=3550000 Ebp=327EC84 Esp=327EC80 Eip=77A2970A

ADDR: 76A771A9 CODE: 0f84d8700100 jz 0x76a8e287
Eax=7FFE0301 Ebx=356CCC0 Ecx=FFFFFFFF Edx=13E4 Edi=0 Esi=1 Ebp=327ECCC Esp=327EC94 Eip=76A771A9

ADDR: 93270A CODE: 7466 jz 0x932772
Eax=13E4 Ebx=356CCC0 Ecx=EDE32DA2 Edx=13E4 Edi=3556312 Esi=9F2 Ebp=327ECE8 Esp=327ECD8 Eip=93270A

ADDR: 77A78DEB CODE: 730a jae 0x77a78df7
Eax=EE5DB80 Ebx=356CCC0 Ecx=772EDC00 Edx=1 Edi=921398 Esi=772EDC00 Ebp=327ECC0 Esp=327ECA4 Eip=77A78DEB

ADDR: 772EDC1C CODE: 0f84be000000 jz 0x772edce0
Eax=EE5DB80 Ebx=356CCC0 Ecx=772EDC00 Edx=0 Edi=921398 Esi=C000000D Ebp=327ECA0 Esp=327EC8C Eip=772EDC1C

ADDR: 772EDC25 CODE: 0f84a4000000 jz 0x772edccf
Eax=EE5DB80 Ebx=356CCC0 Ecx=772EDC00 Edx=0 Edi=921398 Esi=C000000D Ebp=327ECA0 Esp=327EC8C Eip=772EDC25

ADDR: 77A44E5A CODE: 0f84894f0400 jz 0x77a89de9
Eax=0 Ebx=920000 Ecx=0 Edx=1 Edi=0 Esi=0 Ebp=327EC60 Esp=327EBF8 Eip=77A44E5A

ADDR: 77A44E63 CODE: 0f84804f0400 jz 0x77a89de9
Eax=0 Ebx=920000 Ecx=0 Edx=1 Edi=0 Esi=0 Ebp=327EC60 Esp=327EBF8 Eip=77A44E63

ADDR: 77A44E78 CODE: 7410 jz 0x77a44e8a
Eax=0 Ebx=920000 Ecx=0 Edx=1 Edi=0 Esi=0 Ebp=327EC60 Esp=327EBF8 Eip=77A44E78

ADDR: 77A44E90 CODE: 0f87344f0400 ja 0x77a89dca
Eax=0 Ebx=920000 Ecx=0 Edx=1 Edi=0 Esi=0 Ebp=327EC60 Esp=327EBF8 Eip=77A44E90

ADDR: 77A44EB5 CODE: 0f8491000000 jz 0x77a44f4c
Eax=1 Ebx=920000 Ecx=0 Edx=1 Edi=1 Esi=0 Ebp=327EC60 Esp=327EBF8 Eip=77A44EB5

ADDR: 77A2BD93 CODE: 7309 jae 0x77a2bd9e
Eax=327EC10 Ebx=1 Ecx=4 Edx=327EC34 Edi=327EC34 Esi=0 Ebp=327EBE4 Esp=327EB0C Eip=77A2BD93

ADDR: 77A2BDA1 CODE: 0f87ed0b0000 ja 0x77a2c994
Eax=327EC10 Ebx=1 Ecx=4 Edx=327EC34 Edi=327EC34 Esi=0 Ebp=327EBE4 Esp=327EB0C Eip=77A2BDA1

ADDR: 77A2BDAC CODE: 7409 jz 0x77a2bdb7
Eax=1 Ebx=1 Ecx=4 Edx=327EC34 Edi=327EC34 Esi=0 Ebp=327EBE4 Esp=327EB0C Eip=77A2BDAC

ADDR: 77A2BDBE CODE: 0f84d00b0000 jz 0x77a2c994
Eax=1 Ebx=1 Ecx=4 Edx=327EC34 Edi=327EC34 Esi=0 Ebp=327EBE4 Esp=327EB0C Eip=77A2BDBE

ADDR: 77A2BDE3 CODE: 7473 jz 0x77a2be58
Eax=FFFFFFFE Ebx=1 Ecx=3 Edx=327EC34 Edi=327EC34 Esi=0 Ebp=327EBE4 Esp=327EB0C Eip=77A2BDE3

ADDR: 77A2BDEB CODE: 776b ja 0x77a2be58
Eax=2 Ebx=1 Ecx=3 Edx=327EC34 Edi=327EC34 Esi=0 Ebp=327EBE4 Esp=327EB0C Eip=77A2BDEB

ADDR: 77A2BE03 CODE: 7426 jz 0x77a2be2b
Eax=6 Ebx=1 Ecx=3 Edx=327EC34 Edi=327EC34 Esi=0 Ebp=327EBE4 Esp=327EB0C Eip=77A2BE03

ADDR: 77A2BE08 CODE: 7421 jz 0x77a2be2b
Eax=6 Ebx=1 Ecx=3 Edx=327EC34 Edi=327EC34 Esi=0 Ebp=327EBE4 Esp=327EB0C Eip=77A2BE08

ADDR: 77A2BE0F CODE: 0f843e010000 jz 0x77a2bf53
Eax=6 Ebx=1 Ecx=3 Edx=327EC34 Edi=327EC34 Esi=0 Ebp=327EBE4 Esp=327EB0C Eip=77A2BE0F

ADDR: 77A2CB28 CODE: 0f840a020000 jz 0x77a2cd38
Eax=8 Ebx=0 Ecx=920000 Edx=0 Edi=0 Esi=0 Ebp=327EAFC Esp=327EABC Eip=77A2CB28

ADDR: 77A2CB3B CODE: 7409 jz 0x77a2cb46
Eax=8 Ebx=0 Ecx=920000 Edx=0 Edi=0 Esi=0 Ebp=327EAFC Esp=327EABC Eip=77A2CB3B

ADDR: 77A2DA4F CODE: 0f84636a0500 jz 0x77a844b8
Eax=327EA90 Ebx=0 Ecx=0 Edx=327EAD4 Edi=0 Esi=0 Ebp=327EAA0 Esp=327EA6C Eip=77A2DA4F

ADDR: 77A2DA6B CODE: 0f84476a0500 jz 0x77a844b8
Eax=920000 Ebx=1 Ecx=0 Edx=327EAD4 Edi=0 Esi=0 Ebp=327EAA0 Esp=327EA6C Eip=77A2DA6B

ADDR: 77A2DA74 CODE: 0f843e6a0500 jz 0x77a844b8
Eax=920000 Ebx=1 Ecx=0 Edx=327EAD4 Edi=0 Esi=0 Ebp=327EAA0 Esp=327EA6C Eip=77A2DA74

ADDR: 77A2DA80 CODE: 746b jz 0x77a2daed
Eax=920000 Ebx=1 Ecx=0 Edx=327EAD4 Edi=0 Esi=0 Ebp=327EAA0 Esp=327EA6C Eip=77A2DA80

ADDR: 77A2DAA5 CODE: 0f83b9690500 jae 0x77a84464
Eax=920000 Ebx=0 Ecx=100 Edx=5A4D Edi=0 Esi=0 Ebp=327EAA0 Esp=327EA6C Eip=77A2DAA5

ADDR: 77A2DAB2 CODE: 0f82bc690500 jb 0x77a84474
Eax=920000 Ebx=0 Ecx=920100 Edx=5A4D Edi=0 Esi=0 Ebp=327EAA0 Esp=327EA6C Eip=77A2DAB2

ADDR: 77A2DAD5 CODE: 7802 js 0x77a2dad9
Eax=0 Ebx=0 Ecx=920100 Edx=327EAD4 Edi=0 Esi=0 Ebp=327EAA0 Esp=327EA6C Eip=77A2DAD5

ADDR: 77A2CB5F CODE: 0f84d3010000 jz 0x77a2cd38
Eax=0 Ebx=0 Ecx=19BAFBB4 Edx=327EAD4 Edi=0 Esi=0 Ebp=327EAFC Esp=327EABC Eip=77A2CB5F

ADDR: 77A2CB6A CODE: 7402 jz 0x77a2cb6e
Eax=0 Ebx=0 Ecx=19BAFBB4 Edx=327EAD4 Edi=0 Esi=0 Ebp=327EAFC Esp=327EABC Eip=77A2CB6A

ADDR: 77A2DC4C CODE: 0f84d9010000 jz 0x77a2de2b
Eax=0 Ebx=0 Ecx=0 Edx=327EAD4 Edi=77B09440 Esi=0 Ebp=327EAB0 Esp=327EA60 Eip=77A2DC4C

ADDR: 77A2CB92 CODE: 782c js 0x77a2cbc0
Eax=0 Ebx=0 Ecx=3561BF8 Edx=0 Edi=0 Esi=0 Ebp=327EAFC Esp=327EABC Eip=77A2CB92

ADDR: 77A2CBB9 CODE: 7435 jz 0x77a2cbf0
Eax=51C92 Ebx=0 Ecx=0 Edx=0 Edi=0 Esi=0 Ebp=327EAFC Esp=327EABC Eip=77A2CBB9

ADDR: 77A2CBF5 CODE: 7431 jz 0x77a2cc28
Eax=8 Ebx=0 Ecx=0 Edx=0 Edi=0 Esi=0 Ebp=327EAFC Esp=327EABC Eip=77A2CBF5

ADDR: 77A2CBFF CODE: 745d jz 0x77a2cc5e
Eax=3561BF8 Ebx=0 Ecx=0 Edx=0 Edi=0 Esi=0 Ebp=327EAFC Esp=327EABC Eip=77A2CBFF

ADDR: 77A2CC0E CODE: 74b0 jz 0x77a2cbc0
Eax=3561BF8 Ebx=0 Ecx=0 Edx=0 Edi=969090 Esi=0 Ebp=327EAFC Esp=327EABC Eip=77A2CC0E

ADDR: 77A2CC12 CODE: 74ac jz 0x77a2cbc0
Eax=3561BF8 Ebx=0 Ecx=0 Edx=0 Edi=969090 Esi=0 Ebp=327EAFC Esp=327EABC Eip=77A2CC12

ADDR: 77A2CC1A CODE: 74a4 jz 0x77a2cbc0
Eax=3561BF8 Ebx=0 Ecx=0 Edx=0 Edi=969090 Esi=0 Ebp=327EAFC Esp=327EABC Eip=77A2CC1A

ADDR: 77A2CC82 CODE: 0f84af000000 jz 0x77a2cd37
Eax=11 Ebx=0 Ecx=0 Edx=11 Edi=969090 Esi=77B09440 Ebp=327EAFC Esp=327EAB8 Eip=77A2CC82

ADDR: 77A2CBCE CODE: 740a jz 0x77a2cbda
Eax=11 Ebx=0 Ecx=0 Edx=11 Edi=969090 Esi=77B09440 Ebp=327EAFC Esp=327EABC Eip=77A2CBCE

ADDR: 77A2BF7E CODE: 0f84d1000000 jz 0x77a2c055
Eax=969090 Ebx=1 Ecx=19BAFBE8 Edx=11 Edi=327EC34 Esi=969090 Ebp=327EBE4 Esp=327EB0C Eip=77A2BF7E

ADDR: 77A2DFE3 CODE: 0f8435650500 jz 0x77a8451e
Eax=327EAE4 Ebx=0 Ecx=19BAFBE8 Edx=11 Edi=327EC34 Esi=969090 Ebp=327EAF4 Esp=327EAA4 Eip=77A2DFE3

ADDR: 77A2DFEE CODE: 0f842a650500 jz 0x77a8451e
Eax=327EAE4 Ebx=0 Ecx=19BAFBE8 Edx=11 Edi=327EB80 Esi=969090 Ebp=327EAF4 Esp=327EAA4 Eip=77A2DFEE

ADDR: 77A2DFFF CODE: 0f8387000000 jae 0x77a2e08c
Eax=10000 Ebx=0 Ecx=19BAFBE8 Edx=11 Edi=327EB80 Esi=969090 Ebp=327EAF4 Esp=327EAA4 Eip=77A2DFFF

ADDR: 77A2E01C CODE: 780f js 0x77a2e02d
Eax=10000 Ebx=0 Ecx=3 Edx=969188 Edi=327EB80 Esi=969090 Ebp=327EAF4 Esp=327EAA4 Eip=77A2E01C

ADDR: 77A2E01C CODE: 780f js 0x77a2e02d
Eax=3 Ebx=0 Ecx=2 Edx=96918C Edi=327EB80 Esi=969090 Ebp=327EAF4 Esp=327EAA4 Eip=77A2E01C

ADDR: 77A2E01C CODE: 780f js 0x77a2e02d
Eax=FFFFFFF8 Ebx=0 Ecx=1 Edx=969190 Edi=327EB80 Esi=969090 Ebp=327EAF4 Esp=327EAA4 Eip=77A2E01C

ADDR: 77A2E01C CODE: 780f js 0x77a2e02d
Eax=FFFFFFF6 Ebx=0 Ecx=0 Edx=969194 Edi=327EB80 Esi=969090 Ebp=327EAF4 Esp=327EAA4 Eip=77A2E01C

ADDR: 77A2E01C CODE: 780f js 0x77a2e02d
Eax=FFFFFFEE Ebx=0 Ecx=FFFFFFFF Edx=969198 Edi=327EB80 Esi=969090 Ebp=327EAF4 Esp=327EAA4 Eip=77A2E01C

ADDR: 77A2E02F CODE: 7906 jns 0x77a2e037
Eax=FFFFFFEE Ebx=0 Ecx=FFFFFFFF Edx=969198 Edi=327EB80 Esi=969090 Ebp=327EAF4 Esp=327EAA4 Eip=77A2E02F

ADDR: 77A2E04E CODE: 780f js 0x77a2e05f
Eax=FFFFFFEE Ebx=0 Ecx=4 Edx=9691A8 Edi=327EB80 Esi=969090 Ebp=327EAF4 Esp=327EAA4 Eip=77A2E04E

ADDR: 77A2E04E CODE: 780f js 0x77a2e05f
Eax=2 Ebx=0 Ecx=3 Edx=9691AC Edi=327EB80 Esi=969090 Ebp=327EAF4 Esp=327EAA4 Eip=77A2E04E

ADDR: 77A2E04E CODE: 780f js 0x77a2e05f
Eax=1 Ebx=0 Ecx=2 Edx=9691B0 Edi=327EB80 Esi=969090 Ebp=327EAF4 Esp=327EAA4 Eip=77A2E04E

ADDR: 77A2E061 CODE: 7821 js 0x77a2e084
Eax=0 Ebx=0 Ecx=2 Edx=9691B4 Edi=327EB80 Esi=969090 Ebp=327EAF4 Esp=327EAA4 Eip=77A2E061

ADDR: 77A2C02B CODE: 7907 jns 0x77a2c034
Eax=0 Ebx=1 Ecx=19BAFBE0 Edx=9691B4 Edi=327EC34 Esi=969090 Ebp=327EBE4 Esp=327EB0C Eip=77A2C02B

ADDR: 77A2C03E CODE: 7408 jz 0x77a2c048
Eax=40000 Ebx=1 Ecx=19BAFBE0 Edx=9691B4 Edi=327EC34 Esi=969090 Ebp=327EBE4 Esp=327EB0C Eip=77A2C03E

ADDR: 77A2C04C CODE: 740f jz 0x77a2c05d
Eax=40000 Ebx=1 Ecx=19BAFBE0 Edx=9691B4 Edi=327EC34 Esi=969090 Ebp=327EBE4 Esp=327EB0C Eip=77A2C04C

ADDR: 77A2C068 CODE: 0f84eafdffff jz 0x77a2be58
Eax=240000 Ebx=240001 Ecx=19BAFBE0 Edx=9691B4 Edi=327EC34 Esi=969090 Ebp=327EBE4 Esp=327EB0C Eip=77A2C068

ADDR: 77A2C089 CODE: 7205 jb 0x77a2c090
Eax=6 Ebx=240001 Ecx=3 Edx=9691B4 Edi=327EC34 Esi=969090 Ebp=327EBE4 Esp=327EB0C Eip=77A2C089

ADDR: 77A2AEB8 CODE: 0f84defdffff jz 0x77a2ac9c
Eax=327EBB8 Ebx=240001 Ecx=4 Edx=0 Edi=0 Esi=0 Ebp=327EAF8 Esp=327EA20 Eip=77A2AEB8

ADDR: 77A2ACC7 CODE: 0f84a1010000 jz 0x77a2ae6e
Eax=0 Ebx=0 Ecx=240001 Edx=0 Edi=0 Esi=1 Ebp=327EAF8 Esp=327EA20 Eip=77A2ACC7

ADDR: 77A2AE75 CODE: 742f jz 0x77a2aea6
Eax=0 Ebx=0 Ecx=240001 Edx=0 Edi=0 Esi=1 Ebp=327EAF8 Esp=327EA20 Eip=77A2AE75

ADDR: 77A2ACC7 CODE: 0f84a1010000 jz 0x77a2ae6e
Eax=1 Ebx=0 Ecx=240001 Edx=0 Edi=EEEE Esi=2 Ebp=327EAF8 Esp=327EA20 Eip=77A2ACC7

ADDR: 77A2ACD0 CODE: 0f84c2010000 jz 0x77a2ae98
Eax=0 Ebx=0 Ecx=240001 Edx=0 Edi=EEEE Esi=2 Ebp=327EAF8 Esp=327EA20 Eip=77A2ACD0

ADDR: 77A2ACC7 CODE: 0f84a1010000 jz 0x77a2ae6e
Eax=2 Ebx=0 Ecx=240001 Edx=0 Edi=EEEE Esi=3 Ebp=327EAF8 Esp=327EA20 Eip=77A2ACC7

ADDR: 77A2ACD0 CODE: 0f84c2010000 jz 0x77a2ae98
Eax=1 Ebx=0 Ecx=240001 Edx=0 Edi=EEEE Esi=3 Ebp=327EAF8 Esp=327EA20 Eip=77A2ACD0

ADDR: 77A2AA2F CODE: 0f84ad000000 jz 0x77a2aae2
Eax=3191000 Ebx=0 Ecx=240001 Edx=0 Edi=EEEE Esi=3 Ebp=327EA18 Esp=327EA00 Eip=77A2AA2F

ADDR: 77A2AAA2 CODE: 7473 jz 0x77a2ab17
Eax=3560710 Ebx=0 Ecx=355F870 Edx=0 Edi=EEEE Esi=3 Ebp=327EA18 Esp=327EA00 Eip=77A2AAA2

ADDR: 77A2AACD CODE: 7448 jz 0x77a2ab17
Eax=0 Ebx=0 Ecx=355F870 Edx=0 Edi=EEEE Esi=3 Ebp=327EA18 Esp=327EA00 Eip=77A2AACD

ADDR: 77A2AB25 CODE: 7902 jns 0x77a2ab29
Eax=3191000 Ebx=0 Ecx=FFFFE000 Edx=0 Edi=EEEE Esi=3 Ebp=327EA18 Esp=327EA00 Eip=77A2AB25

ADDR: 77A2AB38 CODE: 7902 jns 0x77a2ab3c
Eax=318F000 Ebx=0 Ecx=3191000 Edx=FFFFE000 Edi=EEEE Esi=3 Ebp=327EA18 Esp=327EA00 Eip=77A2AB38

ADDR: 77A2AB5D CODE: 7902 jns 0x77a2ab61
Eax=3191000 Ebx=0 Ecx=FFFFE000 Edx=FFFFE000 Edi=EEEE Esi=3 Ebp=327EA18 Esp=327EA00 Eip=77A2AB5D

ADDR: 77A2AB69 CODE: 0f8473ffffff jz 0x77a2aae2
Eax=1 Ebx=0 Ecx=FFFFE000 Edx=FFFFE000 Edi=EEEE Esi=3 Ebp=327EA18 Esp=327EA00 Eip=77A2AB69

ADDR: 77A2ACEB CODE: 0f84e4020000 jz 0x77a2afd5
Eax=1 Ebx=0 Ecx=FFFFE000 Edx=FFFFE000 Edi=EEEE Esi=3 Ebp=327EAF8 Esp=327EA20 Eip=77A2ACEB

ADDR: 77A2AD07 CODE: 0f83c8020000 jae 0x77a2afd5
Eax=4 Ebx=0 Ecx=0 Edx=FFFFE000 Edi=EEEE Esi=3 Ebp=327EAF8 Esp=327EA20 Eip=77A2AD07

ADDR: 77A5B3CA CODE: 744f jz 0x77a5b41b
Eax=327E950 Ebx=0 Ecx=327E950 Edx=AA Edi=327EA30 Esi=327EA2F Ebp=327EA0C Esp=327E918 Eip=77A5B3CA

ADDR: 77A5B3D8 CODE: 7231 jb 0x77a5b40b
Eax=0 Ebx=0 Ecx=327E950 Edx=AA Edi=327E950 Esi=327EA2F Ebp=327EA0C Esp=327E914 Eip=77A5B3D8

ADDR: 77A5B3DF CODE: 740c jz 0x77a5b3ed
Eax=0 Ebx=0 Ecx=0 Edx=AA Edi=327E950 Esi=327EA2F Ebp=327EA0C Esp=327E914 Eip=77A5B3DF

ADDR: 77A5B403 CODE: 7406 jz 0x77a5b40b
Eax=0 Ebx=0 Ecx=2A Edx=2 Edi=327E950 Esi=327EA2F Ebp=327EA0C Esp=327E914 Eip=77A5B403

ADDR: 77A5B409 CODE: 740a jz 0x77a5b415
Eax=0 Ebx=0 Ecx=0 Edx=2 Edi=327E9F8 Esi=327EA2F Ebp=327EA0C Esp=327E914 Eip=77A5B409

ADDR: 77A2A943 CODE: 0f845e970500 jz 0x77a840a7
Eax=327E950 Ebx=0 Ecx=0 Edx=3560710 Edi=327EA30 Esi=327EA2F Ebp=327EA0C Esp=327E928 Eip=77A2A943

ADDR: 77A2A94B CODE: 0f8456970500 jz 0x77a840a7
Eax=327E950 Ebx=0 Ecx=0 Edx=3560710 Edi=327EA30 Esi=327EA2F Ebp=327EA0C Esp=327E928 Eip=77A2A94B

ADDR: 77A2A953 CODE: 0f844e970500 jz 0x77a840a7
Eax=327E950 Ebx=0 Ecx=0 Edx=3560710 Edi=327EA30 Esi=327EA2F Ebp=327EA0C Esp=327E928 Eip=77A2A953

ADDR: 77A2A961 CODE: 0f8340970500 jae 0x77a840a7
Eax=327E950 Ebx=0 Ecx=0 Edx=3560710 Edi=327EA30 Esi=327EA2F Ebp=327EA0C Esp=327E928 Eip=77A2A961

ADDR: 77A2A96C CODE: 0f843e960500 jz 0x77a83fb0
Eax=327E950 Ebx=0 Ecx=0 Edx=3560710 Edi=327EA30 Esi=355F870 Ebp=327EA0C Esp=327E928 Eip=77A2A96C

ADDR: 77A2A999 CODE: 7464 jz 0x77a2a9ff
Eax=1 Ebx=0 Ecx=3560748 Edx=3560710 Edi=327EA30 Esi=355F870 Ebp=327EA0C Esp=327E928 Eip=77A2A999

ADDR: 77A2A9BC CODE: 0f84c8960500 jz 0x77a8408a
Eax=419 Ebx=0 Ecx=1C Edx=3560710 Edi=327EA30 Esi=355F870 Ebp=327EA0C Esp=327E928 Eip=77A2A9BC

ADDR: 77A58923 CODE: 7315 jae 0x77a5893a
Eax=1 Ebx=0 Ecx=0 Edx=0 Edi=327EA30 Esi=355F870 Ebp=327EA0C Esp=327E924 Eip=77A58923

ADDR: 77A58928 CODE: 7306 jae 0x77a58930
Eax=1 Ebx=0 Ecx=0 Edx=0 Edi=327EA30 Esi=355F870 Ebp=327EA0C Esp=327E924 Eip=77A58928

ADDR: 77A2A9DC CODE: 742a jz 0x77a2aa08
Eax=1 Ebx=0 Ecx=3560710 Edx=0 Edi=327EA30 Esi=355F870 Ebp=327EA0C Esp=327E928 Eip=77A2A9DC

ADDR: 77A2AD32 CODE: 0f849d020000 jz 0x77a2afd5
Eax=0 Ebx=0 Ecx=1A9D1114 Edx=0 Edi=419 Esi=3 Ebp=327EAF8 Esp=327EA20 Eip=77A2AD32

ADDR: 77A2AD59 CODE: 0f8451ffffff jz 0x77a2acb0
Eax=EEEE Ebx=0 Ecx=240001 Edx=0 Edi=419 Esi=2 Ebp=327EAF8 Esp=327EA20 Eip=77A2AD59

ADDR: 77A2AD6C CODE: 0f83e1000000 jae 0x77a2ae53
Eax=0 Ebx=0 Ecx=240001 Edx=0 Edi=419 Esi=2 Ebp=327EAF8 Esp=327EA20 Eip=77A2AD6C

ADDR: 77A2B110 CODE: 0f843d0a0000 jz 0x77a2bb53
Eax=920000 Ebx=0 Ecx=0 Edx=1 Edi=327DF28 Esi=0 Ebp=327EA04 Esp=327DEF4 Eip=77A2B110

ADDR: 77A2B11F CODE: 0f842e0a0000 jz 0x77a2bb53
Eax=920000 Ebx=0 Ecx=419 Edx=1 Edi=327DF28 Esi=0 Ebp=327EA04 Esp=327DEF4 Eip=77A2B11F

ADDR: 77A2B12D CODE: 0f84200a0000 jz 0x77a2bb53
Eax=920000 Ebx=0 Ecx=419 Edx=1 Edi=327EA40 Esi=0 Ebp=327EA04 Esp=327DEF4 Eip=77A2B12D

ADDR: 77A2CB28 CODE: 0f840a020000 jz 0x77a2cd38
Eax=4 Ebx=0 Ecx=920000 Edx=419 Edi=0 Esi=0 Ebp=327DEE4 Esp=327DEA4 Eip=77A2CB28

ADDR: 77A2CB3B CODE: 7409 jz 0x77a2cb46
Eax=4 Ebx=0 Ecx=920000 Edx=419 Edi=0 Esi=0 Ebp=327DEE4 Esp=327DEA4 Eip=77A2CB3B

ADDR: 77A2CB40 CODE: 0f84f2010000 jz 0x77a2cd38
Eax=4 Ebx=0 Ecx=920000 Edx=419 Edi=0 Esi=0 Ebp=327DEE4 Esp=327DEA4 Eip=77A2CB40

ADDR: 77A2DA4F CODE: 0f84636a0500 jz 0x77a844b8
Eax=327DE78 Ebx=0 Ecx=0 Edx=327DEBC Edi=0 Esi=0 Ebp=327DE88 Esp=327DE54 Eip=77A2DA4F

ADDR: 77A2DA6B CODE: 0f84476a0500 jz 0x77a844b8
Eax=920000 Ebx=1 Ecx=0 Edx=327DEBC Edi=0 Esi=0 Ebp=327DE88 Esp=327DE54 Eip=77A2DA6B

ADDR: 77A2DA74 CODE: 0f843e6a0500 jz 0x77a844b8
Eax=920000 Ebx=1 Ecx=0 Edx=327DEBC Edi=0 Esi=0 Ebp=327DE88 Esp=327DE54 Eip=77A2DA74

ADDR: 77A2DA80 CODE: 746b jz 0x77a2daed
Eax=920000 Ebx=1 Ecx=0 Edx=327DEBC Edi=0 Esi=0 Ebp=327DE88 Esp=327DE54 Eip=77A2DA80

ADDR: 77A2DAA5 CODE: 0f83b9690500 jae 0x77a84464
Eax=920000 Ebx=0 Ecx=100 Edx=5A4D Edi=0 Esi=0 Ebp=327DE88 Esp=327DE54 Eip=77A2DAA5

ADDR: 77A2DAB2 CODE: 0f82bc690500 jb 0x77a84474
Eax=920000 Ebx=0 Ecx=920100 Edx=5A4D Edi=0 Esi=0 Ebp=327DE88 Esp=327DE54 Eip=77A2DAB2

ADDR: 77A2DAD5 CODE: 7802 js 0x77a2dad9
Eax=0 Ebx=0 Ecx=920100 Edx=327DEBC Edi=0 Esi=0 Ebp=327DE88 Esp=327DE54 Eip=77A2DAD5

ADDR: 77A2CB5F CODE: 0f84d3010000 jz 0x77a2cd38
Eax=0 Ebx=0 Ecx=19BACF9C Edx=327DEBC Edi=0 Esi=0 Ebp=327DEE4 Esp=327DEA4 Eip=77A2CB5F

ADDR: 77A2CB6A CODE: 7402 jz 0x77a2cb6e
Eax=0 Ebx=0 Ecx=19BACF9C Edx=327DEBC Edi=0 Esi=327DF98 Ebp=327DEE4 Esp=327DEA4 Eip=77A2CB6A

ADDR: 77A2DC4C CODE: 0f84d9010000 jz 0x77a2de2b
Eax=0 Ebx=0 Ecx=0 Edx=327DEBC Edi=77B09440 Esi=327DF98 Ebp=327DE98 Esp=327DE40 Eip=77A2DC4C

ADDR: 77A2CB92 CODE: 782c js 0x77a2cbc0
Eax=0 Ebx=0 Ecx=3561BF8 Edx=0 Edi=0 Esi=327DF98 Ebp=327DEE4 Esp=327DEA4 Eip=77A2CB92

ADDR: 77A2CBB9 CODE: 7435 jz 0x77a2cbf0
Eax=51C92 Ebx=0 Ecx=0 Edx=0 Edi=0 Esi=327DF98 Ebp=327DEE4 Esp=327DEA4 Eip=77A2CBB9

ADDR: 77A2CBF5 CODE: 7431 jz 0x77a2cc28
Eax=4 Ebx=0 Ecx=0 Edx=0 Edi=0 Esi=327DF98 Ebp=327DEE4 Esp=327DEA4 Eip=77A2CBF5

ADDR: 77A2CC2A CODE: 7432 jz 0x77a2cc5e
Eax=4 Ebx=0 Ecx=0 Edx=0 Edi=0 Esi=327DF98 Ebp=327DEE4 Esp=327DEA4 Eip=77A2CC2A

ADDR: 77A2CC33 CODE: 7429 jz 0x77a2cc5e
Eax=419 Ebx=0 Ecx=0 Edx=0 Edi=0 Esi=327DF98 Ebp=327DEE4 Esp=327DEA4 Eip=77A2CC33

ADDR: 77A2CC4D CODE: 0f846dffffff jz 0x77a2cbc0
Eax=3561BF8 Ebx=0 Ecx=0 Edx=0 Edi=4F40001 Esi=327DF98 Ebp=327DEE4 Esp=327DEA4 Eip=77A2CC4D

ADDR: 77A2CC82 CODE: 0f84af000000 jz 0x77a2cd37
Eax=11 Ebx=0 Ecx=0 Edx=11 Edi=4F40001 Esi=77B09440 Ebp=327DEE4 Esp=327DEA0 Eip=77A2CC82

ADDR: 77A2CBCE CODE: 740a jz 0x77a2cbda
Eax=11 Ebx=0 Ecx=0 Edx=11 Edi=4F40001 Esi=77B09440 Ebp=327DEE4 Esp=327DEA4 Eip=77A2CBCE

ADDR: 77A2B169 CODE: 7447 jz 0x77a2b1b2
Eax=4F40001 Ebx=0 Ecx=19BACFF0 Edx=11 Edi=327EA40 Esi=0 Ebp=327EA04 Esp=327DEF4 Eip=77A2B169

ADDR: 77A2B178 CODE: 7424 jz 0x77a2b19e
Eax=4F40001 Ebx=0 Ecx=327EA60 Edx=11 Edi=327EA40 Esi=0 Ebp=327EA04 Esp=327DEF4 Eip=77A2B178

ADDR: 77A2ADA2 CODE: 0f882a010000 js 0x77a2aed2
Eax=0 Ebx=0 Ecx=19BAFB10 Edx=11 Edi=419 Esi=2 Ebp=327EAF8 Esp=327EA20 Eip=77A2ADA2

ADDR: 77A2BD93 CODE: 7309 jae 0x77a2bd9e
Eax=327EC10 Ebx=2000030 Ecx=3 Edx=327EBB8 Edi=327EBB8 Esi=2 Ebp=327EA0C Esp=327E934 Eip=77A2BD93

ADDR: 77A2BDA1 CODE: 0f87ed0b0000 ja 0x77a2c994
Eax=327EC10 Ebx=2000030 Ecx=3 Edx=327EBB8 Edi=327EBB8 Esi=2 Ebp=327EA0C Esp=327E934 Eip=77A2BDA1

ADDR: 77A2BDAC CODE: 7409 jz 0x77a2bdb7
Eax=0 Ebx=2000030 Ecx=3 Edx=327EBB8 Edi=327EBB8 Esi=2 Ebp=327EA0C Esp=327E934 Eip=77A2BDAC

ADDR: 77A2BDE3 CODE: 7473 jz 0x77a2be58
Eax=FDFFFFCF Ebx=2000030 Ecx=3 Edx=327EBB8 Edi=327EBB8 Esi=2 Ebp=327EA0C Esp=327E934 Eip=77A2BDE3

ADDR: 77A2BE77 CODE: 7418 jz 0x77a2be91
Eax=FDFFFFCF Ebx=2000030 Ecx=1 Edx=4F40001 Edi=0 Esi=4F40001 Ebp=327EA0C Esp=327E934 Eip=77A2BE77

ADDR: 77A2DA4F CODE: 0f84636a0500 jz 0x77a844b8
Eax=327E908 Ebx=2000030 Ecx=0 Edx=327E9A0 Edi=0 Esi=4F40000 Ebp=327E918 Esp=327E8E4 Eip=77A2DA4F

ADDR: 77A2DA6B CODE: 0f84476a0500 jz 0x77a844b8
Eax=4F40000 Ebx=1 Ecx=0 Edx=327E9A0 Edi=0 Esi=4F40000 Ebp=327E918 Esp=327E8E4 Eip=77A2DA6B

ADDR: 77A2DA74 CODE: 0f843e6a0500 jz 0x77a844b8
Eax=4F40000 Ebx=1 Ecx=0 Edx=327E9A0 Edi=0 Esi=4F40000 Ebp=327E918 Esp=327E8E4 Eip=77A2DA74

ADDR: 77A2DA80 CODE: 746b jz 0x77a2daed
Eax=4F40000 Ebx=1 Ecx=0 Edx=327E9A0 Edi=0 Esi=4F40000 Ebp=327E918 Esp=327E8E4 Eip=77A2DA80

ADDR: 77A2DAA5 CODE: 0f83b9690500 jae 0x77a84464
Eax=4F40000 Ebx=0 Ecx=B0 Edx=5A4D Edi=0 Esi=0 Ebp=327E918 Esp=327E8E4 Eip=77A2DAA5

ADDR: 77A2DAB2 CODE: 0f82bc690500 jb 0x77a84474
Eax=4F40000 Ebx=0 Ecx=4F400B0 Edx=5A4D Edi=0 Esi=0 Ebp=327E918 Esp=327E8E4 Eip=77A2DAB2

ADDR: 77A2DAD5 CODE: 7802 js 0x77a2dad9
Eax=0 Ebx=0 Ecx=4F400B0 Edx=327E9A0 Edi=0 Esi=0 Ebp=327E918 Esp=327E8E4 Eip=77A2DAD5

ADDR: 77A2BEA8 CODE: 0f8477020000 jz 0x77a2c125
Eax=0 Ebx=2000030 Ecx=4F400B0 Edx=0 Edi=0 Esi=4F40000 Ebp=327EA0C Esp=327E934 Eip=77A2BEA8

ADDR: 77A2BEC4 CODE: 0f865f020000 jbe 0x77a2c129
Eax=10B Ebx=2000030 Ecx=4F400B0 Edx=10B Edi=0 Esi=4F40000 Ebp=327EA0C Esp=327E934 Eip=77A2BEC4

ADDR: 77A2BED2 CODE: 0f8451020000 jz 0x77a2c129
Eax=10B Ebx=2000030 Ecx=4F400B0 Edx=10B Edi=0 Esi=2000 Ebp=327EA0C Esp=327E934 Eip=77A2BED2

ADDR: 77A2BEF1 CODE: 0f82fd010000 jb 0x77a2c0f4
Eax=2D00 Ebx=2000030 Ecx=4F400B0 Edx=10B Edi=0 Esi=2000 Ebp=327EA0C Esp=327E934 Eip=77A2BEF1

ADDR: 77A2BF1A CODE: 0f83bb010000 jae 0x77a2c0db
Eax=E0 Ebx=2 Ecx=0 Edx=4F401A8 Edi=0 Esi=2000 Ebp=327EA0C Esp=327E934 Eip=77A2BF1A

ADDR: 77A2BF25 CODE: 0f82a7010000 jb 0x77a2c0d2
Eax=E0 Ebx=2 Ecx=0 Edx=4F401A8 Edi=1000 Esi=2000 Ebp=327EA0C Esp=327E934 Eip=77A2BF25

ADDR: 77A2BF32 CODE: 0f839a010000 jae 0x77a2c0d2
Eax=1200 Ebx=2 Ecx=0 Edx=4F401A8 Edi=1000 Esi=2000 Ebp=327EA0C Esp=327E934 Eip=77A2BF32

ADDR: 77A2BF1A CODE: 0f83bb010000 jae 0x77a2c0db
Eax=1200 Ebx=2 Ecx=1 Edx=4F401D0 Edi=1000 Esi=2000 Ebp=327EA0C Esp=327E934 Eip=77A2BF1A

ADDR: 77A2BF25 CODE: 0f82a7010000 jb 0x77a2c0d2
Eax=1200 Ebx=2 Ecx=1 Edx=4F401D0 Edi=2000 Esi=2000 Ebp=327EA0C Esp=327E934 Eip=77A2BF25

ADDR: 77A2BF32 CODE: 0f839a010000 jae 0x77a2c0d2
Eax=4E00 Ebx=2 Ecx=1 Edx=4F401D0 Edi=2000 Esi=2000 Ebp=327EA0C Esp=327E934 Eip=77A2BF32

ADDR: 77A2BF3A CODE: 0f849b010000 jz 0x77a2c0db
Eax=4E00 Ebx=2 Ecx=1 Edx=4F401D0 Edi=2000 Esi=2000 Ebp=327EA0C Esp=327E934 Eip=77A2BF3A

ADDR: 77A2C0EE CODE: 7439 jz 0x77a2c129
Eax=327EBB8 Ebx=2000030 Ecx=1 Edx=4F401D0 Edi=4F40400 Esi=2000 Ebp=327EA0C Esp=327E934 Eip=77A2C0EE

ADDR: 77A2C127 CODE: 7905 jns 0x77a2c12e
Eax=327EBB8 Ebx=2000030 Ecx=1 Edx=0 Edi=4F40400 Esi=2000 Ebp=327EA0C Esp=327E934 Eip=77A2C127

ADDR: 77A325CE CODE: 741a jz 0x77a325ea
Eax=0 Ebx=2000030 Ecx=36 Edx=0 Edi=4F40400 Esi=2000 Ebp=327E91C Esp=327E8B0 Eip=77A325CE

ADDR: 77A325F4 CODE: 742d jz 0x77a32623
Eax=7FFE0385 Ebx=7FFE0385 Ecx=36 Edx=0 Edi=4F40400 Esi=2000 Ebp=327E91C Esp=327E8B0 Eip=77A325F4

ADDR: 77A3262D CODE: 0f849b010000 jz 0x77a327ce
Eax=4F40001 Ebx=7FFE0385 Ecx=36 Edx=0 Edi=4F40400 Esi=7FFE0384 Ebp=327E91C Esp=327E8B0 Eip=77A3262D

ADDR: 77A32638 CODE: 0f8490010000 jz 0x77a327ce
Eax=4F40001 Ebx=7FFE0385 Ecx=327E96C Edx=0 Edi=4F40400 Esi=7FFE0384 Ebp=327E91C Esp=327E8B0 Eip=77A32638

ADDR: 77A3264A CODE: 7407 jz 0x77a32653
Eax=4F40001 Ebx=7FFE0385 Ecx=327E96C Edx=0 Edi=4F40400 Esi=7FFE0384 Ebp=327E91C Esp=327E8B0 Eip=77A3264A

ADDR: 77A32664 CODE: 7408 jz 0x77a3266e
Eax=4F40001 Ebx=7FFE0385 Ecx=327E96C Edx=0 Edi=0 Esi=7FFE0384 Ebp=327E91C Esp=327E8B0 Eip=77A32664

ADDR: 77A2DA4F CODE: 0f84636a0500 jz 0x77a844b8
Eax=327E884 Ebx=7FFE0385 Ecx=0 Edx=327E8F0 Edi=0 Esi=7FFE0384 Ebp=327E894 Esp=327E860 Eip=77A2DA4F

ADDR: 77A2DA6B CODE: 0f84476a0500 jz 0x77a844b8
Eax=4F40000 Ebx=1 Ecx=0 Edx=327E8F0 Edi=0 Esi=7FFE0384 Ebp=327E894 Esp=327E860 Eip=77A2DA6B

ADDR: 77A2DA74 CODE: 0f843e6a0500 jz 0x77a844b8
Eax=4F40000 Ebx=1 Ecx=0 Edx=327E8F0 Edi=0 Esi=7FFE0384 Ebp=327E894 Esp=327E860 Eip=77A2DA74

ADDR: 77A2DA80 CODE: 746b jz 0x77a2daed
Eax=4F40000 Ebx=1 Ecx=0 Edx=327E8F0 Edi=0 Esi=7FFE0384 Ebp=327E894 Esp=327E860 Eip=77A2DA80

ADDR: 77A2DAA5 CODE: 0f83b9690500 jae 0x77a84464
Eax=4F40000 Ebx=0 Ecx=B0 Edx=5A4D Edi=0 Esi=0 Ebp=327E894 Esp=327E860 Eip=77A2DAA5

ADDR: 77A2DAB2 CODE: 0f82bc690500 jb 0x77a84474
Eax=4F40000 Ebx=0 Ecx=4F400B0 Edx=5A4D Edi=0 Esi=0 Ebp=327E894 Esp=327E860 Eip=77A2DAB2

ADDR: 77A2DAD5 CODE: 7802 js 0x77a2dad9
Eax=0 Ebx=0 Ecx=4F400B0 Edx=327E8F0 Edi=0 Esi=0 Ebp=327E894 Esp=327E860 Eip=77A2DAD5

ADDR: 77A32686 CODE: 7844 js 0x77a326cc
Eax=0 Ebx=7FFE0385 Ecx=0 Edx=327E8F0 Edi=0 Esi=7FFE0384 Ebp=327E91C Esp=327E8B0 Eip=77A32686

ADDR: 77A3269E CODE: 740d jz 0x77a326ad
Eax=4F400B0 Ebx=7FFE0385 Ecx=0 Edx=10B Edi=0 Esi=7FFE0384 Ebp=327E91C Esp=327E8B0 Eip=77A3269E

ADDR: 77A326CA CODE: 792a jns 0x77a326f6
Eax=5000 Ebx=7FFE0385 Ecx=0 Edx=10B Edi=0 Esi=7FFE0384 Ebp=327E91C Esp=327E8B0 Eip=77A326CA

ADDR: 77A3272A CODE: 7407 jz 0x77a32733
Eax=318E000 Ebx=7FFE0385 Ecx=0 Edx=4F40001 Edi=0 Esi=7FFE0384 Ebp=327E91C Esp=327E8B0 Eip=77A3272A

ADDR: 77A3A7B4 CODE: 0f8432bc0400 jz 0x77a863ec
Eax=3FFFFFF Ebx=356E280 Ecx=356E280 Edx=20 Edi=0 Esi=3550000 Ebp=327E2FC Esp=327E2E8 Eip=77A3A7B4

ADDR: 77A3A7C1 CODE: 0f843bbc0400 jz 0x77a86402
Eax=3FFFFFF Ebx=356E280 Ecx=356E280 Edx=20 Edi=0 Esi=3550000 Ebp=327E2FC Esp=327E2E8 Eip=77A3A7C1

ADDR: 77A3A7E6 CODE: 7445 jz 0x77a3a82d
Eax=3FFFFFF Ebx=356E280 Ecx=356E280 Edx=0 Edi=0 Esi=3550000 Ebp=327E2FC Esp=327E2E8 Eip=77A3A7E6

ADDR: 77A3A7FF CODE: 0f8483bc0400 jz 0x77a86488
Eax=3FFFFFF Ebx=356E280 Ecx=356E278 Edx=0 Edi=0 Esi=3550000 Ebp=327E2FC Esp=327E2E8 Eip=77A3A7FF

ADDR: 77A3A80A CODE: 0f84a4bc0400 jz 0x77a864b4
Eax=3FFFF08 Ebx=356E280 Ecx=356E278 Edx=0 Edi=0 Esi=3550000 Ebp=327E2FC Esp=327E2E8 Eip=77A3A80A

ADDR: 77A3A812 CODE: 783f js 0x77a3a853
Eax=3FFFF08 Ebx=356E280 Ecx=356E278 Edx=0 Edi=0 Esi=3550000 Ebp=327E2FC Esp=327E2E8 Eip=77A3A812

ADDR: 77A3A818 CODE: 0f8490000000 jz 0x77a3a8ae
Eax=3FFFF08 Ebx=356E280 Ecx=356E278 Edx=0 Edi=0 Esi=3550000 Ebp=327E2FC Esp=327E2E8 Eip=77A3A818

ADDR: 77A3A823 CODE: 7403 jz 0x77a3a828
Eax=D89FF970 Ebx=356E280 Ecx=356E278 Edx=0 Edi=0 Esi=3550000 Ebp=327E2FC Esp=327E2E8 Eip=77A3A823

ADDR: 77A3A879 CODE: 0f845abc0400 jz 0x77a864d9
Eax=11 Ebx=356E280 Ecx=356E278 Edx=8 Edi=11 Esi=3550000 Ebp=327E2FC Esp=327E2E8 Eip=77A3A879

ADDR: 77A3A88E CODE: 0f8464bc0400 jz 0x77a864f8
Eax=8 Ebx=356E280 Ecx=356E278 Edx=8 Edi=11 Esi=3550000 Ebp=327E2FC Esp=327E2E8 Eip=77A3A88E

ADDR: 77855E66 CODE: 0f8683000000 jbe 0x77855eef
Eax=80 Ebx=356E280 Ecx=356E280 Edx=80 Edi=0 Esi=100 Ebp=327E310 Esp=327E300 Eip=77855E66

ADDR: 77A35621 CODE: 0f84b2fb0400 jz 0x77a851d9
Eax=80 Ebx=0 Ecx=356E280 Edx=80 Edi=0 Esi=3550000 Ebp=327E2E8 Esp=327E2E0 Eip=77A35621

ADDR: 77A35630 CODE: 0f84b8fb0400 jz 0x77a851ee
Eax=80 Ebx=0 Ecx=3550000 Edx=80 Edi=0 Esi=3550000 Ebp=327E2E8 Esp=327E2E0 Eip=77A35630

ADDR: 77A35800 CODE: 7402 jz 0x77a35804
Eax=356E280 Ebx=0 Ecx=0 Edx=0 Edi=3550000 Esi=100 Ebp=327E2C8 Esp=327E240 Eip=77A35800

ADDR: 77A35806 CODE: 7405 jz 0x77a3580d
Eax=356E280 Ebx=0 Ecx=0 Edx=0 Edi=3550000 Esi=100 Ebp=327E2C8 Esp=327E240 Eip=77A35806

ADDR: 77A3581D CODE: 7410 jz 0x77a3582f
Eax=356E280 Ebx=0 Ecx=0 Edx=0 Edi=3550000 Esi=100 Ebp=327E2C8 Esp=327E240 Eip=77A3581D

ADDR: 77A3584B CODE: 7425 jz 0x77a35872
Eax=356E280 Ebx=0 Ecx=0 Edx=0 Edi=3550000 Esi=100 Ebp=327E2C8 Esp=327E240 Eip=77A3584B

ADDR: 77A35876 CODE: 740d jz 0x77a35885
Eax=356E280 Ebx=0 Ecx=0 Edx=0 Edi=3550000 Esi=100 Ebp=327E2C8 Esp=327E240 Eip=77A35876

ADDR: 77A35DC4 CODE: 0f84c2010000 jz 0x77a35f8c
Eax=327E220 Ebx=2 Ecx=356E278 Edx=3550000 Edi=3550000 Esi=356E278 Ebp=327E230 Esp=327E148 Eip=77A35DC4

ADDR: 77A35DCE CODE: 0f8db8010000 jge 0x77a35f8c
Eax=327E220 Ebx=2 Ecx=356E278 Edx=3550000 Edi=3550000 Esi=356E278 Ebp=327E230 Esp=327E148 Eip=77A35DCE

ADDR: 77A35FC5 CODE: 7429 jz 0x77a35ff0
Eax=327E220 Ebx=2 Ecx=356E278 Edx=2 Edi=3550000 Esi=356E278 Ebp=327E230 Esp=327E148 Eip=77A35FC5

ADDR: 77A35FF8 CODE: 763a jbe 0x77a36034
Eax=100 Ebx=2 Ecx=356E278 Edx=2 Edi=3550000 Esi=356E278 Ebp=327E230 Esp=327E148 Eip=77A35FF8

ADDR: 77A36052 CODE: 7305 jae 0x77a36059
Eax=108 Ebx=3550000 Ecx=100 Edx=2 Edi=3550000 Esi=356E278 Ebp=327E230 Esp=327E148 Eip=77A36052

ADDR: 77A36089 CODE: 730f jae 0x77a3609a
Eax=355025C Ebx=3550000 Ecx=3550258 Edx=3191000 Edi=3550000 Esi=356E278 Ebp=327E230 Esp=327E148 Eip=77A36089

ADDR: 77A3615D CODE: 741c jz 0x77a3617b
Eax=4720 Ebx=3550000 Ecx=356E278 Edx=3191000 Edi=3550000 Esi=356E278 Ebp=327E230 Esp=327E148 Eip=77A3615D

ADDR: 77A3616F CODE: 740a jz 0x77a3617b
Eax=C89EF910 Ebx=3550000 Ecx=356E278 Edx=3191000 Edi=3550000 Esi=356E278 Ebp=327E230 Esp=327E148 Eip=77A3616F

ADDR: 77A3618C CODE: 7304 jae 0x77a36192
Eax=3550270 Ebx=80 Ecx=11 Edx=3191000 Edi=3550000 Esi=356E278 Ebp=327E230 Esp=327E148 Eip=77A3618C

ADDR: 77A361A1 CODE: 731d jae 0x77a361c0
Eax=3550270 Ebx=80 Ecx=11 Edx=11 Edi=3550000 Esi=356E278 Ebp=327E230 Esp=327E148 Eip=77A361A1

ADDR: 77A361AE CODE: 7402 jz 0x77a361b2
Eax=3550270 Ebx=80 Ecx=11 Edx=11 Edi=3550000 Esi=356E278 Ebp=327E230 Esp=327E148 Eip=77A361AE

ADDR: 77A361E0 CODE: 7404 jz 0x77a361e6
Eax=35502E8 Ebx=80 Ecx=11 Edx=11 Edi=3550000 Esi=356E278 Ebp=327E230 Esp=327E148 Eip=77A361E0

ADDR: 77A362AA CODE: 740f jz 0x77a362bb
Eax=356E27F Ebx=8 Ecx=8 Edx=11 Edi=3550000 Esi=356E278 Ebp=327E230 Esp=327E148 Eip=77A362AA

ADDR: 77A362C1 CODE: 7405 jz 0x77a362c8
Eax=356E208 Ebx=8 Ecx=8 Edx=11 Edi=3550000 Esi=356E278 Ebp=327E230 Esp=327E148 Eip=77A362C1

ADDR: 77A3635A CODE: 7344 jae 0x77a363a0
Eax=802 Ebx=8 Ecx=8 Edx=11 Edi=3550000 Esi=356E278 Ebp=327E230 Esp=327E148 Eip=77A3635A

ADDR: 77A3638F CODE: 7604 jbe 0x77a36395
Eax=188 Ebx=8 Ecx=35526B2 Edx=11 Edi=3550000 Esi=356E278 Ebp=327E230 Esp=327E148 Eip=77A3638F

ADDR: 77A363AD CODE: 0f87ee020000 ja 0x77a366a1
Eax=21 Ebx=21 Ecx=35526B2 Edx=11 Edi=3550000 Esi=356E278 Ebp=327E230 Esp=327E148 Eip=77A363AD

ADDR: 77A366A7 CODE: 7417 jz 0x77a366c0
Eax=356E27F Ebx=21 Ecx=35526B2 Edx=11 Edi=3550000 Esi=356E278 Ebp=327E230 Esp=327E148 Eip=77A366A7

ADDR: 77A36A9B CODE: 7775 ja 0x77a36b12
Eax=21 Ebx=3550000 Ecx=3550000 Edx=3 Edi=3550000 Esi=356E278 Ebp=327E134 Esp=327E108 Eip=77A36A9B

ADDR: 77A36ABD CODE: 7416 jz 0x77a36ad5
Eax=9E Ebx=3550000 Ecx=3550000 Edx=3 Edi=356E300 Esi=356E278 Ebp=327E134 Esp=327E108 Eip=77A36ABD

ADDR: 77A36AE3 CODE: 0f821e020000 jb 0x77a36d07
Eax=3AD Ebx=3550000 Ecx=39C Edx=3 Edi=356E300 Esi=356E278 Ebp=327E134 Esp=327E108 Eip=77A36AE3

ADDR: 77A36AFD CODE: 741c jz 0x77a36b1b
Eax=356E308 Ebx=3550000 Ecx=39C Edx=356E308 Edi=356E300 Esi=356E278 Ebp=327E134 Esp=327E108 Eip=77A36AFD

ADDR: 77A36B30 CODE: 7427 jz 0x77a36b59
Eax=356E308 Ebx=3550000 Ecx=39C Edx=3550270 Edi=356E300 Esi=356E278 Ebp=327E134 Esp=327E108 Eip=77A36B30

ADDR: 77A36B38 CODE: 720e jb 0x77a36b48
Eax=356E308 Ebx=3550000 Ecx=39C Edx=3550270 Edi=356E300 Esi=356E278 Ebp=327E134 Esp=327E108 Eip=77A36B38

ADDR: 77A36B3E CODE: 0f8494020000 jz 0x77a36dd8
Eax=35536A0 Ebx=3550000 Ecx=39C Edx=3550270 Edi=356E300 Esi=356E278 Ebp=327E134 Esp=327E108 Eip=77A36B3E

ADDR: 77A36B38 CODE: 720e jb 0x77a36b48
Eax=35536A0 Ebx=3550000 Ecx=39C Edx=35536A0 Edi=356E300 Esi=356E278 Ebp=327E134 Esp=327E108 Eip=77A36B38

ADDR: 77A370A8 CODE: 743e jz 0x77a370e8
Eax=35537B4 Ebx=7FF Ecx=800 Edx=31C Edi=31C Esi=35536A0 Ebp=327E0F0 Esp=327E0D0 Eip=77A370A8

ADDR: 77A370BF CODE: 732c jae 0x77a370ed
Eax=35537B4 Ebx=35500C0 Ecx=7FF Edx=31C Edi=31C Esi=35536A0 Ebp=327E0F0 Esp=327E0D0 Eip=77A370BF

ADDR: 77A36B76 CODE: 744e jz 0x77a36bc6
Eax=35500C0 Ebx=3550000 Ecx=356CB00 Edx=0 Edi=356E300 Esi=356E278 Ebp=327E134 Esp=327E108 Eip=77A36B76

ADDR: 77A36BD8 CODE: 0f8457e60400 jz 0x77a85235
Eax=3550000 Ebx=3550000 Ecx=356CB08 Edx=0 Edi=88 Esi=356E278 Ebp=327E134 Esp=327E108 Eip=77A36BD8

ADDR: 77A36BED CODE: 0f8461e60400 jz 0x77a85254
Eax=3550008 Ebx=3550000 Ecx=356CB08 Edx=0 Edi=88 Esi=356E278 Ebp=327E134 Esp=327E108 Eip=77A36BED

ADDR: 77A36C08 CODE: 0f8686010000 jbe 0x77a36d94
Eax=38C Ebx=3550000 Ecx=3AD Edx=21 Edi=80 Esi=356E278 Ebp=327E134 Esp=327E108 Eip=77A36C08

ADDR: 77A36C4F CODE: 0f8449010000 jz 0x77a36d9e
Eax=8 Ebx=3550000 Ecx=108 Edx=21 Edi=80 Esi=356E278 Ebp=327E134 Esp=327E108 Eip=77A36C4F

ADDR: 77A36C58 CODE: 0f838ae60400 jae 0x77a852e8
Eax=8 Ebx=3550000 Ecx=108 Edx=21 Edi=80 Esi=356E278 Ebp=327E134 Esp=327E108 Eip=77A36C58

ADDR: 77A371A6 CODE: 0f8427010000 jz 0x77a372d3
Eax=9F Ebx=356FFE0 Ecx=38C Edx=3550000 Edi=3550000 Esi=356E380 Ebp=327E0EC Esp=327E0D0 Eip=77A371A6

ADDR: 77A371DC CODE: 0f8493e30400 jz 0x77a85575
Eax=8D3F Ebx=38C Ecx=38C Edx=35500C0 Edi=3550000 Esi=356E380 Ebp=327E0EC Esp=327E0D0 Eip=77A371DC

ADDR: 77A37670 CODE: 7317 jae 0x77a37689
Eax=8D3F Ebx=3550000 Ecx=3550000 Edx=38C Edi=38C Esi=3550270 Ebp=327E0EC Esp=327E0C0 Eip=77A37670

ADDR: 77A3768D CODE: 740b jz 0x77a3769a
Eax=35536A0 Ebx=3550000 Ecx=3550000 Edx=38C Edi=38C Esi=3550270 Ebp=327E0EC Esp=327E0C0 Eip=77A3768D

ADDR: 77A37670 CODE: 7317 jae 0x77a37689
Eax=35536A0 Ebx=3550000 Ecx=3550000 Edx=38C Edi=38C Esi=35536A0 Ebp=327E0EC Esp=327E0C0 Eip=77A37670

ADDR: 77A2A2E4 CODE: 7449 jz 0x77a2a32f
Eax=356CB30 Ebx=35500C0 Ecx=3550000 Edx=3550000 Edi=35536A0 Esi=0 Ebp=327E0AC Esp=327E090 Eip=77A2A2E4

ADDR: 77A2A2EA CODE: 0f84b49b0500 jz 0x77a83ea4
Eax=356CB30 Ebx=35500C0 Ecx=3550000 Edx=3550000 Edi=35536A0 Esi=0 Ebp=327E0AC Esp=327E090 Eip=77A2A2EA

ADDR: 77A2A2FB CODE: 7426 jz 0x77a2a323
Eax=C49EF96D Ebx=35500C0 Ecx=3550000 Edx=3550000 Edi=35536A0 Esi=0 Ebp=327E0AC Esp=327E090 Eip=77A2A2FB

ADDR: 77A2A32D CODE: 7e0b jle 0x77a2a33a
Eax=C Ebx=35500C0 Ecx=380 Edx=3550000 Edi=35536A0 Esi=0 Ebp=327E0AC Esp=327E090 Eip=77A2A32D

ADDR: 77A37683 CODE: 740e jz 0x77a37693
Eax=35500C0 Ebx=3550000 Ecx=380 Edx=3550000 Edi=38C Esi=35536A0 Ebp=327E0EC Esp=327E0C0 Eip=77A37683

ADDR: 77A371F5 CODE: 744c jz 0x77a37243
Eax=35500C0 Ebx=38C Ecx=35500C0 Edx=35500C0 Edi=3550000 Esi=356E380 Ebp=327E0EC Esp=327E0D0 Eip=77A371F5

ADDR: 77A37265 CODE: 7424 jz 0x77a3728b
Eax=38C Ebx=356E388 Ecx=35500C0 Edx=3550270 Edi=3550000 Esi=356E380 Ebp=327E0EC Esp=327E0D0 Eip=77A37265

ADDR: 77A3726D CODE: 720e jb 0x77a3727d
Eax=38C Ebx=356E388 Ecx=38C Edx=3550270 Edi=3550000 Esi=356E380 Ebp=327E0EC Esp=327E0D0 Eip=77A3726D

ADDR: 77A37273 CODE: 0f84bd000000 jz 0x77a37336
Eax=35536A0 Ebx=356E388 Ecx=38C Edx=3550270 Edi=3550000 Esi=356E380 Ebp=327E0EC Esp=327E0D0 Eip=77A37273

ADDR: 77A3726D CODE: 720e jb 0x77a3727d
Eax=35536A0 Ebx=356E388 Ecx=38C Edx=35536A0 Edi=3550000 Esi=356E380 Ebp=327E0EC Esp=327E0D0 Eip=77A3726D

ADDR: 77A375DA CODE: 742c jz 0x77a37608
Eax=7FF Ebx=0 Ecx=3550000 Edx=30C Edi=30C Esi=35536A0 Ebp=327E0B8 Esp=327E0A0 Eip=77A375DA

ADDR: 77A3728F CODE: 7410 jz 0x77a372a1
Eax=1000 Ebx=356E388 Ecx=35536C4 Edx=18 Edi=3550000 Esi=356E380 Ebp=327E0EC Esp=327E0D0 Eip=77A3728F

ADDR: 77A369F6 CODE: 7416 jz 0x77a36a0e
Eax=1 Ebx=21 Ecx=356E278 Edx=100 Edi=3550000 Esi=356E278 Ebp=327E230 Esp=327E144 Eip=77A369F6

ADDR: 77A369FC CODE: 7410 jz 0x77a36a0e
Eax=1 Ebx=21 Ecx=356E278 Edx=100 Edi=3550000 Esi=356E278 Ebp=327E230 Esp=327E144 Eip=77A369FC

ADDR: 77A36A12 CODE: 740b jz 0x77a36a1f
Eax=C89EF961 Ebx=21 Ecx=356E278 Edx=100 Edi=3550000 Esi=356E278 Ebp=327E230 Esp=327E144 Eip=77A36A12

ADDR: 77A27B53 CODE: 746e jz 0x77a27bc3
Eax=FFFFFFFE Ebx=3550258 Ecx=FFFFFFFF Edx=100 Edi=355025C Esi=FFFFFFFE Ebp=327E138 Esp=327E124 Eip=77A27B53

ADDR: 77A369D7 CODE: 7447 jz 0x77a36a20
Eax=0 Ebx=21 Ecx=FFFFFFFF Edx=100 Edi=3550000 Esi=356E278 Ebp=327E230 Esp=327E148 Eip=77A369D7

ADDR: 77A36A28 CODE: 7436 jz 0x77a36a60
Eax=7FFE0380 Ebx=21 Ecx=FFFFFFFF Edx=100 Edi=3550000 Esi=356E278 Ebp=327E230 Esp=327E148 Eip=77A36A28

ADDR: 77A35BD5 CODE: 7448 jz 0x77a35c1f
Eax=0 Ebx=0 Ecx=19BAF324 Edx=100 Edi=3550000 Esi=356E280 Ebp=327E2C8 Esp=327E240 Eip=77A35BD5

ADDR: 77A35C21 CODE: 7434 jz 0x77a35c57
Eax=0 Ebx=0 Ecx=19BAF324 Edx=100 Edi=3550000 Esi=356E280 Ebp=327E2C8 Esp=327E240 Eip=77A35C21

ADDR: 77A35C2D CODE: 0f84aa000000 jz 0x77a35cdd
Eax=0 Ebx=356E280 Ecx=0 Edx=100 Edi=3550000 Esi=356E280 Ebp=327E2C8 Esp=327E240 Eip=77A35C2D

ADDR: 77855F22 CODE: 74cf jz 0x77855ef3
Eax=356E280 Ebx=356E280 Ecx=1A9D1114 Edx=100 Edi=0 Esi=100 Ebp=327E310 Esp=327E300 Eip=77855F22

ADDR: 778544BB CODE: 7416 jz 0x778544d3
Eax=356E280 Ebx=80 Ecx=100 Edx=100 Edi=0 Esi=100 Ebp=327E334 Esp=327E320 Eip=778544BB

ADDR: 778544BF CODE: 7312 jae 0x778544d3
Eax=356E280 Ebx=80 Ecx=100 Edx=100 Edi=0 Esi=100 Ebp=327E334 Esp=327E320 Eip=778544BF

ADDR: 77895361 CODE: 0f843c010000 jz 0x778954a3
Eax=0 Ebx=80 Ecx=80 Edx=0 Edi=356E300 Esi=80 Ebp=327E334 Esp=327E310 Eip=77895361

ADDR: 77895370 CODE: 0f86df000000 jbe 0x77895455
Eax=0 Ebx=80 Ecx=80 Edx=0 Edi=356E300 Esi=80 Ebp=327E334 Esp=327E310 Eip=77895370

ADDR: 7789537C CODE: 0f828b000000 jb 0x7789540d
Eax=0 Ebx=80 Ecx=80 Edx=0 Edi=356E300 Esi=80 Ebp=327E334 Esp=327E310 Eip=7789537C

ADDR: 7789538A CODE: 7309 jae 0x77895395
Eax=0 Ebx=80 Ecx=80 Edx=0 Edi=356E300 Esi=80 Ebp=327E334 Esp=327E310 Eip=7789538A

ADDR: 778596BA CODE: 7417 jz 0x778596d3
Eax=0 Ebx=20 Ecx=0 Edx=0 Edi=356E280 Esi=356E280 Ebp=327E330 Esp=327E330 Eip=778596BA

ADDR: 77859897 CODE: 0f843b710500 jz 0x778b09d8
Eax=0 Ebx=20 Ecx=0 Edx=0 Edi=356E280 Esi=356E280 Ebp=327E360 Esp=327E340 Eip=77859897

ADDR: 778598B9 CODE: 0f8416ffffff jz 0x778597d5
Eax=356E300 Ebx=356E380 Ecx=356E280 Edx=B76A77F Edi=356E280 Esi=356E300 Ebp=327E360 Esp=327E340 Eip=778598B9

ADDR: 77A27B53 CODE: 746e jz 0x77a27bc3
Eax=FFFFFFFE Ebx=77935C18 Ecx=FFFFFFFF Edx=B76A77F Edi=77935C1C Esi=FFFFFFFE Ebp=327E358 Esp=327E344 Eip=77A27B53

ADDR: 778594A4 CODE: 7458 jz 0x778594fe
Eax=30EE8A47 Ebx=75E4B498 Ecx=1F Edx=B76A77F Edi=2 Esi=77305A70 Ebp=327E39C Esp=327E384 Eip=778594A4

ADDR: 77A78DEB CODE: 730a jae 0x77a78df7
Eax=EE60B4E Ebx=75E4B498 Ecx=77305A70 Edx=404000 Edi=2 Esi=77305A70 Ebp=327E39C Esp=327E378 Eip=77A78DEB

ADDR: 77A709B7 CODE: 747f jz 0x77a70a38
Eax=2 Ebx=3191FB4 Ecx=77305A70 Edx=3191FB4 Edi=2 Esi=77305A70 Ebp=327E350 Esp=327E344 Eip=77A709B7

ADDR: 77A709BE CODE: 7378 jae 0x77a70a38
Eax=2 Ebx=3191FB4 Ecx=77305A70 Edx=3191FB4 Edi=2 Esi=77305A70 Ebp=327E350 Esp=327E344 Eip=77A709BE

ADDR: 77305A83 CODE: 790d jns 0x77305a92
Eax=0 Ebx=75E4B498 Ecx=355A188 Edx=0 Edi=2 Esi=77305A70 Ebp=327E374 Esp=327E374 Eip=77305A83

ADDR: 77862C46 CODE: 740a jz 0x77862c52
Eax=0 Ebx=75E4B498 Ecx=7604E500 Edx=0 Edi=75EC2830 Esi=75E4B26C Ebp=327E430 Esp=327E424 Eip=77862C46

ADDR: 77A78DEB CODE: 730a jae 0x77a78df7
Eax=EBD8506 Ebx=75E4B498 Ecx=75EC2830 Edx=444444 Edi=75EC2830 Esi=75E4B26C Ebp=327E430 Esp=327E420 Eip=77A78DEB

ADDR: 778595B4 CODE: 7458 jz 0x7785960e
Eax=30EE8A47 Ebx=75E4B498 Ecx=1F Edx=763BC8DC Edi=2 Esi=77305A70 Ebp=327E3A0 Esp=327E388 Eip=778595B4

ADDR: 77A78DEB CODE: 730a jae 0x77a78df7
Eax=EE60B4E Ebx=75E4B498 Ecx=77305A70 Edx=404000 Edi=2 Esi=77305A70 Ebp=327E3A0 Esp=327E37C Eip=77A78DEB

ADDR: 77A709B7 CODE: 747f jz 0x77a70a38
Eax=2 Ebx=3191FB4 Ecx=77305A70 Edx=3191FB4 Edi=2 Esi=77305A70 Ebp=327E354 Esp=327E348 Eip=77A709B7

ADDR: 77A709BE CODE: 7378 jae 0x77a70a38
Eax=2 Ebx=3191FB4 Ecx=77305A70 Edx=3191FB4 Edi=2 Esi=77305A70 Ebp=327E354 Esp=327E348 Eip=77A709BE

ADDR: 77305A83 CODE: 790d jns 0x77305a92
Eax=0 Ebx=75E4B498 Ecx=355A188 Edx=0 Edi=2 Esi=77305A70 Ebp=327E378 Esp=327E378 Eip=77305A83

ADDR: 778590DC CODE: 7454 jz 0x77859132
Eax=30E1272F Ebx=75E4B498 Ecx=1F Edx=0 Edi=2 Esi=772F00A0 Ebp=327E3EC Esp=327E390 Eip=778590DC

ADDR: 77A78DEB CODE: 730a jae 0x77a78df7
Eax=EE5E014 Ebx=75E4B498 Ecx=772F00A0 Edx=104000 Edi=2 Esi=772F00A0 Ebp=327E3EC Esp=327E388 Eip=77A78DEB

ADDR: 77A6C686 CODE: 743c jz 0x77a6c6c4
Eax=2 Ebx=75E4B498 Ecx=355A180 Edx=104000 Edi=2 Esi=3191000 Ebp=327E36C Esp=327E36C Eip=77A6C686

ADDR: 77A6C68D CODE: 7335 jae 0x77a6c6c4
Eax=2 Ebx=75E4B498 Ecx=355A180 Edx=104000 Edi=2 Esi=3191000 Ebp=327E36C Esp=327E36C Eip=77A6C68D

ADDR: 77A6C6AC CODE: 740c jz 0x77a6c6ba
Eax=355CAA0 Ebx=75E4B498 Ecx=355A180 Edx=0 Edi=2 Esi=2 Ebp=327E36C Esp=327E368 Eip=77A6C6AC

ADDR: 77A6C6B4 CODE: 7404 jz 0x77a6c6ba
Eax=355CAAC Ebx=75E4B498 Ecx=355A180 Edx=0 Edi=2 Esi=2 Ebp=327E36C Esp=327E368 Eip=77A6C6B4

ADDR: 772F00BD CODE: 791c jns 0x772f00db
Eax=0 Ebx=75E4B498 Ecx=327E380 Edx=0 Edi=2 Esi=3191000 Ebp=327E384 Esp=327E37C Eip=772F00BD

ADDR: 77A2E69A CODE: 7315 jae 0x77a2e6b1
Eax=77935C1C Ebx=75E4B498 Ecx=77935C18 Edx=3191000 Edi=75EC2830 Esi=763BC8DC Ebp=327E35C Esp=327E358 Eip=77A2E69A

ADDR: 778597A6 CODE: 0f8454720500 jz 0x778b0a00
Eax=327E3CC Ebx=763BC8DC Ecx=327E3B8 Edx=3191000 Edi=75EC2830 Esi=763BC8DC Ebp=327E360 Esp=327E340 Eip=778597A6

ADDR: 778597D3 CODE: 7479 jz 0x7785984e
Eax=327E3CC Ebx=356E380 Ecx=1F Edx=B76A77F Edi=356E280 Esi=356E304 Ebp=327E360 Esp=327E340 Eip=778597D3

ADDR: 77A27B53 CODE: 746e jz 0x77a27bc3
Eax=FFFFFFFE Ebx=77935C18 Ecx=FFFFFFFF Edx=B76A77F Edi=77935C1C Esi=FFFFFFFE Ebp=327E358 Esp=327E344 Eip=77A27B53

ADDR: 778594A4 CODE: 7458 jz 0x778594fe
Eax=30EE8A47 Ebx=75E4B498 Ecx=1F Edx=B76A77F Edi=2 Esi=77305A70 Ebp=327E39C Esp=327E384 Eip=778594A4

ADDR: 77A78DEB CODE: 730a jae 0x77a78df7
Eax=EE60B4E Ebx=75E4B498 Ecx=77305A70 Edx=404000 Edi=2 Esi=77305A70 Ebp=327E39C Esp=327E378 Eip=77A78DEB

ADDR: 77A709B7 CODE: 747f jz 0x77a70a38
Eax=2 Ebx=3191FB4 Ecx=77305A70 Edx=3191FB4 Edi=2 Esi=77305A70 Ebp=327E350 Esp=327E344 Eip=77A709B7

ADDR: 77A709BE CODE: 7378 jae 0x77a70a38
Eax=2 Ebx=3191FB4 Ecx=77305A70 Edx=3191FB4 Edi=2 Esi=77305A70 Ebp=327E350 Esp=327E344 Eip=77A709BE

ADDR: 77305A83 CODE: 790d jns 0x77305a92
Eax=0 Ebx=75E4B498 Ecx=355A188 Edx=0 Edi=2 Esi=77305A70 Ebp=327E374 Esp=327E374 Eip=77305A83

ADDR: 77862C46 CODE: 740a jz 0x77862c52
Eax=0 Ebx=75E4B498 Ecx=7604E510 Edx=0 Edi=75EC2850 Esi=75E4B270 Ebp=327E430 Esp=327E424 Eip=77862C46

ADDR: 77A78DEB CODE: 730a jae 0x77a78df7
Eax=EBD850A Ebx=75E4B498 Ecx=75EC2850 Edx=444444 Edi=75EC2850 Esi=75E4B270 Ebp=327E430 Esp=327E420 Eip=77A78DEB

ADDR: 778595B4 CODE: 7458 jz 0x7785960e
Eax=30EE8A47 Ebx=75E4B498 Ecx=1F Edx=763BC8DC Edi=2 Esi=77305A70 Ebp=327E3A0 Esp=327E388 Eip=778595B4

ADDR: 77A78DEB CODE: 730a jae 0x77a78df7
Eax=EE60B4E Ebx=75E4B498 Ecx=77305A70 Edx=404000 Edi=2 Esi=77305A70 Ebp=327E3A0 Esp=327E37C Eip=77A78DEB

ADDR: 77A709B7 CODE: 747f jz 0x77a70a38
Eax=2 Ebx=3191FB4 Ecx=77305A70 Edx=3191FB4 Edi=2 Esi=77305A70 Ebp=327E354 Esp=327E348 Eip=77A709B7

ADDR: 77A709BE CODE: 7378 jae 0x77a70a38
Eax=2 Ebx=3191FB4 Ecx=77305A70 Edx=3191FB4 Edi=2 Esi=77305A70 Ebp=327E354 Esp=327E348 Eip=77A709BE

ADDR: 77305A83 CODE: 790d jns 0x77305a92
Eax=0 Ebx=75E4B498 Ecx=355A188 Edx=0 Edi=2 Esi=77305A70 Ebp=327E378 Esp=327E378 Eip=77305A83

ADDR: 778590DC CODE: 7454 jz 0x77859132
Eax=30E1272F Ebx=75E4B498 Ecx=1F Edx=0 Edi=2 Esi=772F00A0 Ebp=327E3EC Esp=327E390 Eip=778590DC

ADDR: 77A78DEB CODE: 730a jae 0x77a78df7
Eax=EE5E014 Ebx=75E4B498 Ecx=772F00A0 Edx=104000 Edi=2 Esi=772F00A0 Ebp=327E3EC Esp=327E388 Eip=77A78DEB

ADDR: 77A6C686 CODE: 743c jz 0x77a6c6c4
Eax=2 Ebx=75E4B498 Ecx=355A180 Edx=104000 Edi=2 Esi=3191000 Ebp=327E36C Esp=327E36C Eip=77A6C686

ADDR: 77A6C68D CODE: 7335 jae 0x77a6c6c4
Eax=2 Ebx=75E4B498 Ecx=355A180 Edx=104000 Edi=2 Esi=3191000 Ebp=327E36C Esp=327E36C Eip=77A6C68D

ADDR: 77A6C6AC CODE: 740c jz 0x77a6c6ba
Eax=355CAA0 Ebx=75E4B498 Ecx=355A180 Edx=0 Edi=2 Esi=2 Ebp=327E36C Esp=327E368 Eip=77A6C6AC

ADDR: 77A6C6B4 CODE: 7404 jz 0x77a6c6ba
Eax=355CAAC Ebx=75E4B498 Ecx=355A180 Edx=0 Edi=2 Esi=2 Ebp=327E36C Esp=327E368 Eip=77A6C6B4

ADDR: 772F00BD CODE: 791c jns 0x772f00db
Eax=0 Ebx=75E4B498 Ecx=327E380 Edx=0 Edi=2 Esi=3191000 Ebp=327E384 Esp=327E37C Eip=772F00BD

ADDR: 77A2E69A CODE: 7315 jae 0x77a2e6b1
Eax=77935C1C Ebx=75E4B498 Ecx=77935C18 Edx=3191000 Edi=75EC2850 Esi=763BC8DC Ebp=327E35C Esp=327E358 Eip=77A2E69A

ADDR: 778597A6 CODE: 0f8454720500 jz 0x778b0a00
Eax=327E3CC Ebx=763BC8DC Ecx=327E3B8 Edx=3191000 Edi=75EC2850 Esi=763BC8DC Ebp=327E360 Esp=327E340 Eip=778597A6

ADDR: 778597D3 CODE: 7479 jz 0x7785984e
Eax=327E3CC Ebx=356E380 Ecx=1F Edx=B76A77F Edi=356E280 Esi=356E308 Ebp=327E360 Esp=327E340 Eip=778597D3

ADDR: 77A27B53 CODE: 746e jz 0x77a27bc3
Eax=FFFFFFFE Ebx=77935C18 Ecx=FFFFFFFF Edx=B76A77F Edi=77935C1C Esi=FFFFFFFE Ebp=327E358 Esp=327E344 Eip=77A27B53

ADDR: 778594A4 CODE: 7458 jz 0x778594fe
Eax=30EE8A47 Ebx=75E4B498 Ecx=1F Edx=B76A77F Edi=2 Esi=77305A70 Ebp=327E39C Esp=327E384 Eip=778594A4

ADDR: 77A78DEB CODE: 730a jae 0x77a78df7
Eax=EE60B4E Ebx=75E4B498 Ecx=77305A70 Edx=404000 Edi=2 Esi=77305A70 Ebp=327E39C Esp=327E378 Eip=77A78DEB

ADDR: 77A709B7 CODE: 747f jz 0x77a70a38
Eax=2 Ebx=3191FB4 Ecx=77305A70 Edx=3191FB4 Edi=2 Esi=77305A70 Ebp=327E350 Esp=327E344 Eip=77A709B7

ADDR: 77A709BE CODE: 7378 jae 0x77a70a38
Eax=2 Ebx=3191FB4 Ecx=77305A70 Edx=3191FB4 Edi=2 Esi=77305A70 Ebp=327E350 Esp=327E344 Eip=77A709BE

ADDR: 77305A83 CODE: 790d jns 0x77305a92
Eax=0 Ebx=75E4B498 Ecx=355A188 Edx=0 Edi=2 Esi=77305A70 Ebp=327E374 Esp=327E374 Eip=77305A83

ADDR: 77862C46 CODE: 740a jz 0x77862c52
Eax=0 Ebx=75E4B498 Ecx=7604E530 Edx=0 Edi=75EC2870 Esi=75E4B274 Ebp=327E430 Esp=327E424 Eip=77862C46

ADDR: 77A78DEB CODE: 730a jae 0x77a78df7
Eax=EBD850E Ebx=75E4B498 Ecx=75EC2870 Edx=444444 Edi=75EC2870 Esi=75E4B274 Ebp=327E430 Esp=327E420 Eip=77A78DEB

ADDR: 778595B4 CODE: 7458 jz 0x7785960e
Eax=30EE8A47 Ebx=75E4B498 Ecx=1F Edx=763BC8DC Edi=2 Esi=77305A70 Ebp=327E3A0 Esp=327E388 Eip=778595B4

ADDR: 77A78DEB CODE: 730a jae 0x77a78df7
Eax=EE60B4E Ebx=75E4B498 Ecx=77305A70 Edx=404000 Edi=2 Esi=77305A70 Ebp=327E3A0 Esp=327E37C Eip=77A78DEB

ADDR: 77A709B7 CODE: 747f jz 0x77a70a38
Eax=2 Ebx=3191FB4 Ecx=77305A70 Edx=3191FB4 Edi=2 Esi=77305A70 Ebp=327E354 Esp=327E348 Eip=77A709B7

ADDR: 77A709BE CODE: 7378 jae 0x77a70a38
Eax=2 Ebx=3191FB4 Ecx=77305A70 Edx=3191FB4 Edi=2 Esi=77305A70 Ebp=327E354 Esp=327E348 Eip=77A709BE

ADDR: 77305A83 CODE: 790d jns 0x77305a92
Eax=0 Ebx=75E4B498 Ecx=355A188 Edx=0 Edi=2 Esi=77305A70 Ebp=327E378 Esp=327E378 Eip=77305A83

ADDR: 778590DC CODE: 7454 jz 0x77859132
Eax=30E1272F Ebx=75E4B498 Ecx=1F Edx=0 Edi=2 Esi=772F00A0 Ebp=327E3EC Esp=327E390 Eip=778590DC

ADDR: 77A78DEB CODE: 730a jae 0x77a78df7
Eax=EE5E014 Ebx=75E4B498 Ecx=772F00A0 Edx=104000 Edi=2 Esi=772F00A0 Ebp=327E3EC Esp=327E388 Eip=77A78DEB

ADDR: 77A6C686 CODE: 743c jz 0x77a6c6c4
Eax=2 Ebx=75E4B498 Ecx=355A180 Edx=104000 Edi=2 Esi=3191000 Ebp=327E36C Esp=327E36C Eip=77A6C686

ADDR: 77A6C68D CODE: 7335 jae 0x77a6c6c4
Eax=2 Ebx=75E4B498 Ecx=355A180 Edx=104000 Edi=2 Esi=3191000 Ebp=327E36C Esp=327E36C Eip=77A6C68D

ADDR: 77A6C6AC CODE: 740c jz 0x77a6c6ba
Eax=355CAA0 Ebx=75E4B498 Ecx=355A180 Edx=0 Edi=2 Esi=2 Ebp=327E36C Esp=327E368 Eip=77A6C6AC

ADDR: 77A6C6B4 CODE: 7404 jz 0x77a6c6ba
Eax=355CAAC Ebx=75E4B498 Ecx=355A180 Edx=0 Edi=2 Esi=2 Ebp=327E36C Esp=327E368 Eip=77A6C6B4

ADDR: 772F00BD CODE: 791c jns 0x772f00db
Eax=0 Ebx=75E4B498 Ecx=327E380 Edx=0 Edi=2 Esi=3191000 Ebp=327E384 Esp=327E37C Eip=772F00BD

ADDR: 77A2E69A CODE: 7315 jae 0x77a2e6b1
Eax=77935C1C Ebx=75E4B498 Ecx=77935C18 Edx=3191000 Edi=75EC2870 Esi=763BC8DC Ebp=327E35C Esp=327E358 Eip=77A2E69A

ADDR: 778597A6 CODE: 0f8454720500 jz 0x778b0a00
Eax=327E3CC Ebx=763BC8DC Ecx=327E3B8 Edx=3191000 Edi=75EC2870 Esi=763BC8DC Ebp=327E360 Esp=327E340 Eip=778597A6

ADDR: 778597D3 CODE: 7479 jz 0x7785984e
Eax=327E3CC Ebx=356E380 Ecx=1F Edx=B76A77F Edi=356E280 Esi=356E30C Ebp=327E360 Esp=327E340 Eip=778597D3

ADDR: 77A27B53 CODE: 746e jz 0x77a27bc3
Eax=FFFFFFFE Ebx=77935C18 Ecx=FFFFFFFF Edx=B76A77F Edi=77935C1C Esi=FFFFFFFE Ebp=327E358 Esp=327E344 Eip=77A27B53

ADDR: 778594A4 CODE: 7458 jz 0x778594fe
Eax=30EE8A47 Ebx=75E4B498 Ecx=1F Edx=B76A77F Edi=2 Esi=77305A70 Ebp=327E39C Esp=327E384 Eip=778594A4

ADDR: 77A78DEB CODE: 730a jae 0x77a78df7
Eax=EE60B4E Ebx=75E4B498 Ecx=77305A70 Edx=404000 Edi=2 Esi=77305A70 Ebp=327E39C Esp=327E378 Eip=77A78DEB

ADDR: 77A709B7 CODE: 747f jz 0x77a70a38
Eax=2 Ebx=3191FB4 Ecx=77305A70 Edx=3191FB4 Edi=2 Esi=77305A70 Ebp=327E350 Esp=327E344 Eip=77A709B7

ADDR: 77A709BE CODE: 7378 jae 0x77a70a38
Eax=2 Ebx=3191FB4 Ecx=77305A70 Edx=3191FB4 Edi=2 Esi=77305A70 Ebp=327E350 Esp=327E344 Eip=77A709BE

ADDR: 77305A83 CODE: 790d jns 0x77305a92
Eax=0 Ebx=75E4B498 Ecx=355A188 Edx=0 Edi=2 Esi=77305A70 Ebp=327E374 Esp=327E374 Eip=77305A83

ADDR: 77862C46 CODE: 740a jz 0x77862c52
Eax=0 Ebx=75E4B498 Ecx=7604E520 Edx=0 Edi=75EC2890 Esi=75E4B278 Ebp=327E430 Esp=327E424 Eip=77862C46

ADDR: 77A78DEB CODE: 730a jae 0x77a78df7
Eax=EBD8512 Ebx=75E4B498 Ecx=75EC2890 Edx=444444 Edi=75EC2890 Esi=75E4B278 Ebp=327E430 Esp=327E420 Eip=77A78DEB

ADDR: 778595B4 CODE: 7458 jz 0x7785960e
Eax=30EE8A47 Ebx=75E4B498 Ecx=1F Edx=763BC8DC Edi=2 Esi=77305A70 Ebp=327E3A0 Esp=327E388 Eip=778595B4

ADDR: 77A78DEB CODE: 730a jae 0x77a78df7
Eax=EE60B4E Ebx=75E4B498 Ecx=77305A70 Edx=404000 Edi=2 Esi=77305A70 Ebp=327E3A0 Esp=327E37C Eip=77A78DEB

ADDR: 77A709B7 CODE: 747f jz 0x77a70a38
Eax=2 Ebx=3191FB4 Ecx=77305A70 Edx=3191FB4 Edi=2 Esi=77305A70 Ebp=327E354 Esp=327E348 Eip=77A709B7

ADDR: 77A709BE CODE: 7378 jae 0x77a70a38
Eax=2 Ebx=3191FB4 Ecx=77305A70 Edx=3191FB4 Edi=2 Esi=77305A70 Ebp=327E354 Esp=327E348 Eip=77A709BE

ADDR: 77305A83 CODE: 790d jns 0x77305a92
Eax=0 Ebx=75E4B498 Ecx=355A188 Edx=0 Edi=2 Esi=77305A70 Ebp=327E378 Esp=327E378 Eip=77305A83

ADDR: 778590DC CODE: 7454 jz 0x77859132
Eax=30E1272F Ebx=75E4B498 Ecx=1F Edx=0 Edi=2 Esi=772F00A0 Ebp=327E3EC Esp=327E390 Eip=778590DC

ADDR: 77A78DEB CODE: 730a jae 0x77a78df7
Eax=EE5E014 Ebx=75E4B498 Ecx=772F00A0 Edx=104000 Edi=2 Esi=772F00A0 Ebp=327E3EC Esp=327E388 Eip=77A78DEB

ADDR: 77A6C686 CODE: 743c jz 0x77a6c6c4
Eax=2 Ebx=75E4B498 Ecx=355A180 Edx=104000 Edi=2 Esi=3191000 Ebp=327E36C Esp=327E36C Eip=77A6C686

ADDR: 77A6C68D CODE: 7335 jae 0x77a6c6c4
Eax=2 Ebx=75E4B498 Ecx=355A180 Edx=104000 Edi=2 Esi=3191000 Ebp=327E36C Esp=327E36C Eip=77A6C68D

ADDR: 77A6C6AC CODE: 740c jz 0x77a6c6ba
Eax=355CAA0 Ebx=75E4B498 Ecx=355A180 Edx=0 Edi=2 Esi=2 Ebp=327E36C Esp=327E368 Eip=77A6C6AC

ADDR: 77A6C6B4 CODE: 7404 jz 0x77a6c6ba
Eax=355CAAC Ebx=75E4B498 Ecx=355A180 Edx=0 Edi=2 Esi=2 Ebp=327E36C Esp=327E368 Eip=77A6C6B4

ADDR: 772F00BD CODE: 791c jns 0x772f00db
Eax=0 Ebx=75E4B498 Ecx=327E380 Edx=0 Edi=2 Esi=3191000 Ebp=327E384 Esp=327E37C Eip=772F00BD

ADDR: 77A2E69A CODE: 7315 jae 0x77a2e6b1
Eax=77935C1C Ebx=75E4B498 Ecx=77935C18 Edx=3191000 Edi=75EC2890 Esi=763BC8DC Ebp=327E35C Esp=327E358 Eip=77A2E69A

ADDR: 778597A6 CODE: 0f8454720500 jz 0x778b0a00
Eax=327E3CC Ebx=763BC8DC Ecx=327E3B8 Edx=3191000 Edi=75EC2890 Esi=763BC8DC Ebp=327E360 Esp=327E340 Eip=778597A6

ADDR: 778597D3 CODE: 7479 jz 0x7785984e
Eax=327E3CC Ebx=356E380 Ecx=1F Edx=B76A77F Edi=356E280 Esi=356E310 Ebp=327E360 Esp=327E340 Eip=778597D3

ADDR: 77A27B53 CODE: 746e jz 0x77a27bc3
Eax=FFFFFFFE Ebx=77935C18 Ecx=FFFFFFFF Edx=B76A77F Edi=77935C1C Esi=FFFFFFFE Ebp=327E358 Esp=327E344 Eip=77A27B53

ADDR: 778594A4 CODE: 7458 jz 0x778594fe
Eax=30EE8A47 Ebx=75E4B498 Ecx=1F Edx=B76A77F Edi=2 Esi=77305A70 Ebp=327E39C Esp=327E384 Eip=778594A4

ADDR: 77A78DEB CODE: 730a jae 0x77a78df7
Eax=EE60B4E Ebx=75E4B498 Ecx=77305A70 Edx=404000 Edi=2 Esi=77305A70 Ebp=327E39C Esp=327E378 Eip=77A78DEB

ADDR: 77A709B7 CODE: 747f jz 0x77a70a38
Eax=2 Ebx=3191FB4 Ecx=77305A70 Edx=3191FB4 Edi=2 Esi=77305A70 Ebp=327E350 Esp=327E344 Eip=77A709B7

ADDR: 77A709BE CODE: 7378 jae 0x77a70a38
Eax=2 Ebx=3191FB4 Ecx=77305A70 Edx=3191FB4 Edi=2 Esi=77305A70 Ebp=327E350 Esp=327E344 Eip=77A709BE

ADDR: 77305A83 CODE: 790d jns 0x77305a92
Eax=0 Ebx=75E4B498 Ecx=355A188 Edx=0 Edi=2 Esi=77305A70 Ebp=327E374 Esp=327E374 Eip=77305A83

ADDR: 77862C46 CODE: 740a jz 0x77862c52
Eax=0 Ebx=75E4B498 Ecx=7604E540 Edx=0 Edi=75EC28B0 Esi=75E4B27C Ebp=327E430 Esp=327E424 Eip=77862C46

ADDR: 77A78DEB CODE: 730a jae 0x77a78df7
Eax=EBD8516 Ebx=75E4B498 Ecx=75EC28B0 Edx=444444 Edi=75EC28B0 Esi=75E4B27C Ebp=327E430 Esp=327E420 Eip=77A78DEB

ADDR: 77862C46 CODE: 740a jz 0x77862c52
Eax=5 Ebx=75E4B498 Ecx=0 Edx=444444 Edi=75EC2930 Esi=75E4B280 Ebp=327E430 Esp=327E424 Eip=77862C46

ADDR: 77A78DEB CODE: 730a jae 0x77a78df7
Eax=EBD8526 Ebx=75E4B498 Ecx=75EC2930 Edx=44444440 Edi=75EC2930 Esi=75E4B280 Ebp=327E430 Esp=327E420 Eip=77A78DEB

ADDR: 778595B4 CODE: 7458 jz 0x7785960e
Eax=30EE8A47 Ebx=75E4B498 Ecx=1F Edx=763BC8DC Edi=2 Esi=77305A70 Ebp=327E3A0 Esp=327E388 Eip=778595B4

ADDR: 77A78DEB CODE: 730a jae 0x77a78df7
Eax=EE60B4E Ebx=75E4B498 Ecx=77305A70 Edx=404000 Edi=2 Esi=77305A70 Ebp=327E3A0 Esp=327E37C Eip=77A78DEB

ADDR: 77A709B7 CODE: 747f jz 0x77a70a38
Eax=2 Ebx=3191FB4 Ecx=77305A70 Edx=3191FB4 Edi=2 Esi=77305A70 Ebp=327E354 Esp=327E348 Eip=77A709B7

ADDR: 77A709BE CODE: 7378 jae 0x77a70a38
Eax=2 Ebx=3191FB4 Ecx=77305A70 Edx=3191FB4 Edi=2 Esi=77305A70 Ebp=327E354 Esp=327E348 Eip=77A709BE

ADDR: 77305A83 CODE: 790d jns 0x77305a92
Eax=0 Ebx=75E4B498 Ecx=355A188 Edx=0 Edi=2 Esi=77305A70 Ebp=327E378 Esp=327E378 Eip=77305A83

ADDR: 778590DC CODE: 7454 jz 0x77859132
Eax=30E1272F Ebx=75E4B498 Ecx=1F Edx=0 Edi=2 Esi=772F00A0 Ebp=327E3EC Esp=327E390 Eip=778590DC

ADDR: 77A78DEB CODE: 730a jae 0x77a78df7
Eax=EE5E014 Ebx=75E4B498 Ecx=772F00A0 Edx=104000 Edi=2 Esi=772F00A0 Ebp=327E3EC Esp=327E388 Eip=77A78DEB

ADDR: 77A6C686 CODE: 743c jz 0x77a6c6c4
Eax=2 Ebx=75E4B498 Ecx=355A180 Edx=104000 Edi=2 Esi=3191000 Ebp=327E36C Esp=327E36C Eip=77A6C686

ADDR: 77A6C68D CODE: 7335 jae 0x77a6c6c4
Eax=2 Ebx=75E4B498 Ecx=355A180 Edx=104000 Edi=2 Esi=3191000 Ebp=327E36C Esp=327E36C Eip=77A6C68D

ADDR: 77A6C6AC CODE: 740c jz 0x77a6c6ba
Eax=355CAA0 Ebx=75E4B498 Ecx=355A180 Edx=0 Edi=2 Esi=2 Ebp=327E36C Esp=327E368 Eip=77A6C6AC

ADDR: 77A6C6B4 CODE: 7404 jz 0x77a6c6ba
Eax=355CAAC Ebx=75E4B498 Ecx=355A180 Edx=0 Edi=2 Esi=2 Ebp=327E36C Esp=327E368 Eip=77A6C6B4

ADDR: 772F00BD CODE: 791c jns 0x772f00db
Eax=0 Ebx=75E4B498 Ecx=327E380 Edx=0 Edi=2 Esi=3191000 Ebp=327E384 Esp=327E37C Eip=772F00BD

ADDR: 77A2E69A CODE: 7315 jae 0x77a2e6b1
Eax=77935C1C Ebx=75E4B498 Ecx=77935C18 Edx=3191000 Edi=75EC2930 Esi=763BC8DC Ebp=327E35C Esp=327E358 Eip=77A2E69A

ADDR: 778597A6 CODE: 0f8454720500 jz 0x778b0a00
Eax=327E3CC Ebx=763BC8DC Ecx=327E3B8 Edx=3191000 Edi=75EC2930 Esi=763BC8DC Ebp=327E360 Esp=327E340 Eip=778597A6

ADDR: 778597D3 CODE: 7479 jz 0x7785984e
Eax=327E3CC Ebx=356E380 Ecx=1F Edx=B76A77F Edi=356E280 Esi=356E314 Ebp=327E360 Esp=327E340 Eip=778597D3

ADDR: 77A27B53 CODE: 746e jz 0x77a27bc3
Eax=FFFFFFFE Ebx=77935C18 Ecx=FFFFFFFF Edx=B76A77F Edi=77935C1C Esi=FFFFFFFE Ebp=327E358 Esp=327E344 Eip=77A27B53

ADDR: 778594A4 CODE: 7458 jz 0x778594fe
Eax=30EE8A47 Ebx=75E4B498 Ecx=1F Edx=B76A77F Edi=2 Esi=77305A70 Ebp=327E39C Esp=327E384 Eip=778594A4

ADDR: 77A78DEB CODE: 730a jae 0x77a78df7
Eax=EE60B4E Ebx=75E4B498 Ecx=77305A70 Edx=404000 Edi=2 Esi=77305A70 Ebp=327E39C Esp=327E378 Eip=77A78DEB

ADDR: 77A709B7 CODE: 747f jz 0x77a70a38
Eax=2 Ebx=3191FB4 Ecx=77305A70 Edx=3191FB4 Edi=2 Esi=77305A70 Ebp=327E350 Esp=327E344 Eip=77A709B7

ADDR: 77A709BE CODE: 7378 jae 0x77a70a38
Eax=2 Ebx=3191FB4 Ecx=77305A70 Edx=3191FB4 Edi=2 Esi=77305A70 Ebp=327E350 Esp=327E344 Eip=77A709BE

ADDR: 77305A83 CODE: 790d jns 0x77305a92
Eax=0 Ebx=75E4B498 Ecx=355A188 Edx=0 Edi=2 Esi=77305A70 Ebp=327E374 Esp=327E374 Eip=77305A83

ADDR: 77862C46 CODE: 740a jz 0x77862c52
Eax=0 Ebx=75E4B498 Ecx=7604E550 Edx=0 Edi=75EC2950 Esi=75E4B284 Ebp=327E430 Esp=327E424 Eip=77862C46

ADDR: 77A78DEB CODE: 730a jae 0x77a78df7
Eax=EBD852A Ebx=75E4B498 Ecx=75EC2950 Edx=44444440 Edi=75EC2950 Esi=75E4B284 Ebp=327E430 Esp=327E420 Eip=77A78DEB

ADDR: 778595B4 CODE: 7458 jz 0x7785960e
Eax=30EE8A47 Ebx=75E4B498 Ecx=1F Edx=763BC8DC Edi=2 Esi=77305A70 Ebp=327E3A0 Esp=327E388 Eip=778595B4

ADDR: 77A78DEB CODE: 730a jae 0x77a78df7
Eax=EE60B4E Ebx=75E4B498 Ecx=77305A70 Edx=404000 Edi=2 Esi=77305A70 Ebp=327E3A0 Esp=327E37C Eip=77A78DEB

ADDR: 77A709B7 CODE: 747f jz 0x77a70a38
Eax=2 Ebx=3191FB4 Ecx=77305A70 Edx=3191FB4 Edi=2 Esi=77305A70 Ebp=327E354 Esp=327E348 Eip=77A709B7

ADDR: 77A709BE CODE: 7378 jae 0x77a70a38
Eax=2 Ebx=3191FB4 Ecx=77305A70 Edx=3191FB4 Edi=2 Esi=77305A70 Ebp=327E354 Esp=327E348 Eip=77A709BE

ADDR: 77305A83 CODE: 790d jns 0x77305a92
Eax=0 Ebx=75E4B498 Ecx=355A188 Edx=0 Edi=2 Esi=77305A70 Ebp=327E378 Esp=327E378 Eip=77305A83

ADDR: 778590DC CODE: 7454 jz 0x77859132
Eax=30E1272F Ebx=75E4B498 Ecx=1F Edx=0 Edi=2 Esi=772F00A0 Ebp=327E3EC Esp=327E390 Eip=778590DC

ADDR: 77A78DEB CODE: 730a jae 0x77a78df7
Eax=EE5E014 Ebx=75E4B498 Ecx=772F00A0 Edx=104000 Edi=2 Esi=772F00A0 Ebp=327E3EC Esp=327E388 Eip=77A78DEB

ADDR: 77A6C686 CODE: 743c jz 0x77a6c6c4
Eax=2 Ebx=75E4B498 Ecx=355A180 Edx=104000 Edi=2 Esi=3191000 Ebp=327E36C Esp=327E36C Eip=77A6C686

ADDR: 77A6C68D CODE: 7335 jae 0x77a6c6c4
Eax=2 Ebx=75E4B498 Ecx=355A180 Edx=104000 Edi=2 Esi=3191000 Ebp=327E36C Esp=327E36C Eip=77A6C68D

ADDR: 77A6C6AC CODE: 740c jz 0x77a6c6ba
Eax=355CAA0 Ebx=75E4B498 Ecx=355A180 Edx=0 Edi=2 Esi=2 Ebp=327E36C Esp=327E368 Eip=77A6C6AC

ADDR: 77A6C6B4 CODE: 7404 jz 0x77a6c6ba
Eax=355CAAC Ebx=75E4B498 Ecx=355A180 Edx=0 Edi=2 Esi=2 Ebp=327E36C Esp=327E368 Eip=77A6C6B4

ADDR: 772F00BD CODE: 791c jns 0x772f00db
Eax=0 Ebx=75E4B498 Ecx=327E380 Edx=0 Edi=2 Esi=3191000 Ebp=327E384 Esp=327E37C Eip=772F00BD

ADDR: 77A2E69A CODE: 7315 jae 0x77a2e6b1
Eax=77935C1C Ebx=75E4B498 Ecx=77935C18 Edx=3191000 Edi=75EC2950 Esi=763BC8DC Ebp=327E35C Esp=327E358 Eip=77A2E69A

ADDR: 778597A6 CODE: 0f8454720500 jz 0x778b0a00
Eax=327E3CC Ebx=763BC8DC Ecx=327E3B8 Edx=3191000 Edi=75EC2950 Esi=763BC8DC Ebp=327E360 Esp=327E340 Eip=778597A6

ADDR: 778597D3 CODE: 7479 jz 0x7785984e
Eax=327E3CC Ebx=356E380 Ecx=1F Edx=B76A77F Edi=356E280 Esi=356E318 Ebp=327E360 Esp=327E340 Eip=778597D3

ADDR: 77A27B53 CODE: 746e jz 0x77a27bc3
Eax=FFFFFFFE Ebx=77935C18 Ecx=FFFFFFFF Edx=B76A77F Edi=77935C1C Esi=FFFFFFFE Ebp=327E358 Esp=327E344 Eip=77A27B53

ADDR: 778594A4 CODE: 7458 jz 0x778594fe
Eax=30EE8A47 Ebx=75E4B498 Ecx=1F Edx=B76A77F Edi=2 Esi=77305A70 Ebp=327E39C Esp=327E384 Eip=778594A4

ADDR: 77A78DEB CODE: 730a jae 0x77a78df7
Eax=EE60B4E Ebx=75E4B498 Ecx=77305A70 Edx=404000 Edi=2 Esi=77305A70 Ebp=327E39C Esp=327E378 Eip=77A78DEB

ADDR: 77A709B7 CODE: 747f jz 0x77a70a38
Eax=2 Ebx=3191FB4 Ecx=77305A70 Edx=3191FB4 Edi=2 Esi=77305A70 Ebp=327E350 Esp=327E344 Eip=77A709B7

ADDR: 77A709BE CODE: 7378 jae 0x77a70a38
Eax=2 Ebx=3191FB4 Ecx=77305A70 Edx=3191FB4 Edi=2 Esi=77305A70 Ebp=327E350 Esp=327E344 Eip=77A709BE

ADDR: 77305A83 CODE: 790d jns 0x77305a92
Eax=0 Ebx=75E4B498 Ecx=355A188 Edx=0 Edi=2 Esi=77305A70 Ebp=327E374 Esp=327E374 Eip=77305A83

ADDR: 77862C46 CODE: 740a jz 0x77862c52
Eax=0 Ebx=75E4B498 Ecx=7604E560 Edx=0 Edi=75EC2970 Esi=75E4B288 Ebp=327E430 Esp=327E424 Eip=77862C46

ADDR: 77A78DEB CODE: 730a jae 0x77a78df7
Eax=EBD852E Ebx=75E4B498 Ecx=75EC2970 Edx=44444440 Edi=75EC2970 Esi=75E4B288 Ebp=327E430 Esp=327E420 Eip=77A78DEB

ADDR: 778595B4 CODE: 7458 jz 0x7785960e
Eax=30EE8A47 Ebx=75E4B498 Ecx=1F Edx=763BC8DC Edi=2 Esi=77305A70 Ebp=327E3A0 Esp=327E388 Eip=778595B4

ADDR: 77A78DEB CODE: 730a jae 0x77a78df7
Eax=EE60B4E Ebx=75E4B498 Ecx=77305A70 Edx=404000 Edi=2 Esi=77305A70 Ebp=327E3A0 Esp=327E37C Eip=77A78DEB

ADDR: 77A709B7 CODE: 747f jz 0x77a70a38
Eax=2 Ebx=3191FB4 Ecx=77305A70 Edx=3191FB4 Edi=2 Esi=77305A70 Ebp=327E354 Esp=327E348 Eip=77A709B7

ADDR: 77A709BE CODE: 7378 jae 0x77a70a38
Eax=2 Ebx=3191FB4 Ecx=77305A70 Edx=3191FB4 Edi=2 Esi=77305A70 Ebp=327E354 Esp=327E348 Eip=77A709BE

ADDR: 77305A83 CODE: 790d jns 0x77305a92
Eax=0 Ebx=75E4B498 Ecx=355A188 Edx=0 Edi=2 Esi=77305A70 Ebp=327E378 Esp=327E378 Eip=77305A83

ADDR: 778590DC CODE: 7454 jz 0x77859132
Eax=30E1272F Ebx=75E4B498 Ecx=1F Edx=0 Edi=2 Esi=772F00A0 Ebp=327E3EC Esp=327E390 Eip=778590DC

ADDR: 77A78DEB CODE: 730a jae 0x77a78df7
Eax=EE5E014 Ebx=75E4B498 Ecx=772F00A0 Edx=104000 Edi=2 Esi=772F00A0 Ebp=327E3EC Esp=327E388 Eip=77A78DEB

ADDR: 77A6C686 CODE: 743c jz 0x77a6c6c4
Eax=2 Ebx=75E4B498 Ecx=355A180 Edx=104000 Edi=2 Esi=3191000 Ebp=327E36C Esp=327E36C Eip=77A6C686

ADDR: 77A6C68D CODE: 7335 jae 0x77a6c6c4
Eax=2 Ebx=75E4B498 Ecx=355A180 Edx=104000 Edi=2 Esi=3191000 Ebp=327E36C Esp=327E36C Eip=77A6C68D

ADDR: 77A6C6AC CODE: 740c jz 0x77a6c6ba
Eax=355CAA0 Ebx=75E4B498 Ecx=355A180 Edx=0 Edi=2 Esi=2 Ebp=327E36C Esp=327E368 Eip=77A6C6AC

ADDR: 77A6C6B4 CODE: 7404 jz 0x77a6c6ba
Eax=355CAAC Ebx=75E4B498 Ecx=355A180 Edx=0 Edi=2 Esi=2 Ebp=327E36C Esp=327E368 Eip=77A6C6B4

ADDR: 772F00BD CODE: 791c jns 0x772f00db
Eax=0 Ebx=75E4B498 Ecx=327E380 Edx=0 Edi=2 Esi=3191000 Ebp=327E384 Esp=327E37C Eip=772F00BD

ADDR: 77A2E69A CODE: 7315 jae 0x77a2e6b1
Eax=77935C1C Ebx=75E4B498 Ecx=77935C18 Edx=3191000 Edi=75EC2970 Esi=763BC8DC Ebp=327E35C Esp=327E358 Eip=77A2E69A

ADDR: 778597A6 CODE: 0f8454720500 jz 0x778b0a00
Eax=327E3CC Ebx=763BC8DC Ecx=327E3B8 Edx=3191000 Edi=75EC2970 Esi=763BC8DC Ebp=327E360 Esp=327E340 Eip=778597A6

ADDR: 778597D3 CODE: 7479 jz 0x7785984e
Eax=327E3CC Ebx=356E380 Ecx=1F Edx=B76A77F Edi=356E280 Esi=356E31C Ebp=327E360 Esp=327E340 Eip=778597D3

ADDR: 77A27B53 CODE: 746e jz 0x77a27bc3
Eax=FFFFFFFE Ebx=77935C18 Ecx=FFFFFFFF Edx=B76A77F Edi=77935C1C Esi=FFFFFFFE Ebp=327E358 Esp=327E344 Eip=77A27B53

ADDR: 778594A4 CODE: 7458 jz 0x778594fe
Eax=30EE8A47 Ebx=75E4B498 Ecx=1F Edx=B76A77F Edi=2 Esi=77305A70 Ebp=327E39C Esp=327E384 Eip=778594A4

ADDR: 77A78DEB CODE: 730a jae 0x77a78df7
Eax=EE60B4E Ebx=75E4B498 Ecx=77305A70 Edx=404000 Edi=2 Esi=77305A70 Ebp=327E39C Esp=327E378 Eip=77A78DEB

ADDR: 77A709B7 CODE: 747f jz 0x77a70a38
Eax=2 Ebx=3191FB4 Ecx=77305A70 Edx=3191FB4 Edi=2 Esi=77305A70 Ebp=327E350 Esp=327E344 Eip=77A709B7

ADDR: 77A709BE CODE: 7378 jae 0x77a70a38
Eax=2 Ebx=3191FB4 Ecx=77305A70 Edx=3191FB4 Edi=2 Esi=77305A70 Ebp=327E350 Esp=327E344 Eip=77A709BE

ADDR: 77305A83 CODE: 790d jns 0x77305a92
Eax=0 Ebx=75E4B498 Ecx=355A188 Edx=0 Edi=2 Esi=77305A70 Ebp=327E374 Esp=327E374 Eip=77305A83

ADDR: 77862C46 CODE: 740a jz 0x77862c52
Eax=0 Ebx=75E4B498 Ecx=7604E570 Edx=0 Edi=75EC2990 Esi=75E4B28C Ebp=327E430 Esp=327E424 Eip=77862C46

ADDR: 77A78DEB CODE: 730a jae 0x77a78df7
Eax=EBD8532 Ebx=75E4B498 Ecx=75EC2990 Edx=44444440 Edi=75EC2990 Esi=75E4B28C Ebp=327E430 Esp=327E420 Eip=77A78DEB

ADDR: 778595B4 CODE: 7458 jz 0x7785960e
Eax=30EE8A47 Ebx=75E4B498 Ecx=1F Edx=763BC8DC Edi=2 Esi=77305A70 Ebp=327E3A0 Esp=327E388 Eip=778595B4

ADDR: 77A78DEB CODE: 730a jae 0x77a78df7
Eax=EE60B4E Ebx=75E4B498 Ecx=77305A70 Edx=404000 Edi=2 Esi=77305A70 Ebp=327E3A0 Esp=327E37C Eip=77A78DEB

ADDR: 77A709B7 CODE: 747f jz 0x77a70a38
Eax=2 Ebx=3191FB4 Ecx=77305A70 Edx=3191FB4 Edi=2 Esi=77305A70 Ebp=327E354 Esp=327E348 Eip=77A709B7

ADDR: 77A709BE CODE: 7378 jae 0x77a70a38
Eax=2 Ebx=3191FB4 Ecx=77305A70 Edx=3191FB4 Edi=2 Esi=77305A70 Ebp=327E354 Esp=327E348 Eip=77A709BE

ADDR: 77305A83 CODE: 790d jns 0x77305a92
Eax=0 Ebx=75E4B498 Ecx=355A188 Edx=0 Edi=2 Esi=77305A70 Ebp=327E378 Esp=327E378 Eip=77305A83

ADDR: 778590DC CODE: 7454 jz 0x77859132
Eax=30E1272F Ebx=75E4B498 Ecx=1F Edx=0 Edi=2 Esi=772F00A0 Ebp=327E3EC Esp=327E390 Eip=778590DC

ADDR: 77A78DEB CODE: 730a jae 0x77a78df7
Eax=EE5E014 Ebx=75E4B498 Ecx=772F00A0 Edx=104000 Edi=2 Esi=772F00A0 Ebp=327E3EC Esp=327E388 Eip=77A78DEB

ADDR: 77A6C686 CODE: 743c jz 0x77a6c6c4
Eax=2 Ebx=75E4B498 Ecx=355A180 Edx=104000 Edi=2 Esi=3191000 Ebp=327E36C Esp=327E36C Eip=77A6C686

ADDR: 77A6C68D CODE: 7335 jae 0x77a6c6c4
Eax=2 Ebx=75E4B498 Ecx=355A180 Edx=104000 Edi=2 Esi=3191000 Ebp=327E36C Esp=327E36C Eip=77A6C68D

ADDR: 77A6C6AC CODE: 740c jz 0x77a6c6ba
Eax=355CAA0 Ebx=75E4B498 Ecx=355A180 Edx=0 Edi=2 Esi=2 Ebp=327E36C Esp=327E368 Eip=77A6C6AC

ADDR: 77A6C6B4 CODE: 7404 jz 0x77a6c6ba
Eax=355CAAC Ebx=75E4B498 Ecx=355A180 Edx=0 Edi=2 Esi=2 Ebp=327E36C Esp=327E368 Eip=77A6C6B4

ADDR: 772F00BD CODE: 791c jns 0x772f00db
Eax=0 Ebx=75E4B498 Ecx=327E380 Edx=0 Edi=2 Esi=3191000 Ebp=327E384 Esp=327E37C Eip=772F00BD

ADDR: 77A2E69A CODE: 7315 jae 0x77a2e6b1
Eax=77935C1C Ebx=75E4B498 Ecx=77935C18 Edx=3191000 Edi=75EC2990 Esi=763BC8DC Ebp=327E35C Esp=327E358 Eip=77A2E69A

ADDR: 778597A6 CODE: 0f8454720500 jz 0x778b0a00
Eax=327E3CC Ebx=763BC8DC Ecx=327E3B8 Edx=3191000 Edi=75EC2990 Esi=763BC8DC Ebp=327E360 Esp=327E340 Eip=778597A6

ADDR: 778597D3 CODE: 7479 jz 0x7785984e
Eax=327E3CC Ebx=356E380 Ecx=1F Edx=B76A77F Edi=356E280 Esi=356E320 Ebp=327E360 Esp=327E340 Eip=778597D3

ADDR: 77A27B53 CODE: 746e jz 0x77a27bc3
Eax=FFFFFFFE Ebx=77935C18 Ecx=FFFFFFFF Edx=B76A77F Edi=77935C1C Esi=FFFFFFFE Ebp=327E358 Esp=327E344 Eip=77A27B53

ADDR: 778594A4 CODE: 7458 jz 0x778594fe
Eax=30EE8A47 Ebx=75E4B498 Ecx=1F Edx=B76A77F Edi=2 Esi=77305A70 Ebp=327E39C Esp=327E384 Eip=778594A4

ADDR: 77A78DEB CODE: 730a jae 0x77a78df7
Eax=EE60B4E Ebx=75E4B498 Ecx=77305A70 Edx=404000 Edi=2 Esi=77305A70 Ebp=327E39C Esp=327E378 Eip=77A78DEB

ADDR: 77A709B7 CODE: 747f jz 0x77a70a38
Eax=2 Ebx=3191FB4 Ecx=77305A70 Edx=3191FB4 Edi=2 Esi=77305A70 Ebp=327E350 Esp=327E344 Eip=77A709B7

ADDR: 77A709BE CODE: 7378 jae 0x77a70a38
Eax=2 Ebx=3191FB4 Ecx=77305A70 Edx=3191FB4 Edi=2 Esi=77305A70 Ebp=327E350 Esp=327E344 Eip=77A709BE

ADDR: 77305A83 CODE: 790d jns 0x77305a92
Eax=0 Ebx=75E4B498 Ecx=355A188 Edx=0 Edi=2 Esi=77305A70 Ebp=327E374 Esp=327E374 Eip=77305A83

ADDR: 77862C46 CODE: 740a jz 0x77862c52
Eax=0 Ebx=75E4B498 Ecx=7604E5A0 Edx=0 Edi=75EC29B0 Esi=75E4B290 Ebp=327E430 Esp=327E424 Eip=77862C46

ADDR: 77A78DEB CODE: 730a jae 0x77a78df7
Eax=EBD8536 Ebx=75E4B498 Ecx=75EC29B0 Edx=44444440 Edi=75EC29B0 Esi=75E4B290 Ebp=327E430 Esp=327E420 Eip=77A78DEB

ADDR: 778595B4 CODE: 7458 jz 0x7785960e
Eax=30EE8A47 Ebx=75E4B498 Ecx=1F Edx=763BC8DC Edi=2 Esi=77305A70 Ebp=327E3A0 Esp=327E388 Eip=778595B4

ADDR: 77A78DEB CODE: 730a jae 0x77a78df7
Eax=EE60B4E Ebx=75E4B498 Ecx=77305A70 Edx=404000 Edi=2 Esi=77305A70 Ebp=327E3A0 Esp=327E37C Eip=77A78DEB

ADDR: 77A709B7 CODE: 747f jz 0x77a70a38
Eax=2 Ebx=3191FB4 Ecx=77305A70 Edx=3191FB4 Edi=2 Esi=77305A70 Ebp=327E354 Esp=327E348 Eip=77A709B7

ADDR: 77A709BE CODE: 7378 jae 0x77a70a38
Eax=2 Ebx=3191FB4 Ecx=77305A70 Edx=3191FB4 Edi=2 Esi=77305A70 Ebp=327E354 Esp=327E348 Eip=77A709BE

ADDR: 77305A83 CODE: 790d jns 0x77305a92
Eax=0 Ebx=75E4B498 Ecx=355A188 Edx=0 Edi=2 Esi=77305A70 Ebp=327E378 Esp=327E378 Eip=77305A83

ADDR: 778590DC CODE: 7454 jz 0x77859132
Eax=30E1272F Ebx=75E4B498 Ecx=1F Edx=0 Edi=2 Esi=772F00A0 Ebp=327E3EC Esp=327E390 Eip=778590DC

ADDR: 77A78DEB CODE: 730a jae 0x77a78df7
Eax=EE5E014 Ebx=75E4B498 Ecx=772F00A0 Edx=104000 Edi=2 Esi=772F00A0 Ebp=327E3EC Esp=327E388 Eip=77A78DEB

ADDR: 77A6C686 CODE: 743c jz 0x77a6c6c4
Eax=2 Ebx=75E4B498 Ecx=355A180 Edx=104000 Edi=2 Esi=3191000 Ebp=327E36C Esp=327E36C Eip=77A6C686

ADDR: 77A6C68D CODE: 7335 jae 0x77a6c6c4
Eax=2 Ebx=75E4B498 Ecx=355A180 Edx=104000 Edi=2 Esi=3191000 Ebp=327E36C Esp=327E36C Eip=77A6C68D

ADDR: 77A6C6AC CODE: 740c jz 0x77a6c6ba
Eax=355CAA0 Ebx=75E4B498 Ecx=355A180 Edx=0 Edi=2 Esi=2 Ebp=327E36C Esp=327E368 Eip=77A6C6AC

ADDR: 77A6C6B4 CODE: 7404 jz 0x77a6c6ba
Eax=355CAAC Ebx=75E4B498 Ecx=355A180 Edx=0 Edi=2 Esi=2 Ebp=327E36C Esp=327E368 Eip=77A6C6B4

ADDR: 772F00BD CODE: 791c jns 0x772f00db
Eax=0 Ebx=75E4B498 Ecx=327E380 Edx=0 Edi=2 Esi=3191000 Ebp=327E384 Esp=327E37C Eip=772F00BD

ADDR: 77A2E69A CODE: 7315 jae 0x77a2e6b1
Eax=77935C1C Ebx=75E4B498 Ecx=77935C18 Edx=3191000 Edi=75EC29B0 Esi=763BC8DC Ebp=327E35C Esp=327E358 Eip=77A2E69A

ADDR: 778597A6 CODE: 0f8454720500 jz 0x778b0a00
Eax=327E3CC Ebx=763BC8DC Ecx=327E3B8 Edx=3191000 Edi=75EC29B0 Esi=763BC8DC Ebp=327E360 Esp=327E340 Eip=778597A6

ADDR: 778597D3 CODE: 7479 jz 0x7785984e
Eax=327E3CC Ebx=356E380 Ecx=1F Edx=B76A77F Edi=356E280 Esi=356E324 Ebp=327E360 Esp=327E340 Eip=778597D3

ADDR: 77A27B53 CODE: 746e jz 0x77a27bc3
Eax=FFFFFFFE Ebx=77935C18 Ecx=FFFFFFFF Edx=B76A77F Edi=77935C1C Esi=FFFFFFFE Ebp=327E358 Esp=327E344 Eip=77A27B53

ADDR: 778594A4 CODE: 7458 jz 0x778594fe
Eax=30EE8A47 Ebx=75E4B498 Ecx=1F Edx=B76A77F Edi=2 Esi=77305A70 Ebp=327E39C Esp=327E384 Eip=778594A4

ADDR: 77A78DEB CODE: 730a jae 0x77a78df7
Eax=EE60B4E Ebx=75E4B498 Ecx=77305A70 Edx=404000 Edi=2 Esi=77305A70 Ebp=327E39C Esp=327E378 Eip=77A78DEB

ADDR: 77A709B7 CODE: 747f jz 0x77a70a38
Eax=2 Ebx=3191FB4 Ecx=77305A70 Edx=3191FB4 Edi=2 Esi=77305A70 Ebp=327E350 Esp=327E344 Eip=77A709B7

ADDR: 77A709BE CODE: 7378 jae 0x77a70a38
Eax=2 Ebx=3191FB4 Ecx=77305A70 Edx=3191FB4 Edi=2 Esi=77305A70 Ebp=327E350 Esp=327E344 Eip=77A709BE

ADDR: 77305A83 CODE: 790d jns 0x77305a92
Eax=0 Ebx=75E4B498 Ecx=355A188 Edx=0 Edi=2 Esi=77305A70 Ebp=327E374 Esp=327E374 Eip=77305A83

ADDR: 77862C46 CODE: 740a jz 0x77862c52
Eax=0 Ebx=75E4B498 Ecx=7604E5B0 Edx=0 Edi=75EC29D0 Esi=75E4B294 Ebp=327E430 Esp=327E424 Eip=77862C46

ADDR: 77A78DEB CODE: 730a jae 0x77a78df7
Eax=EBD853A Ebx=75E4B498 Ecx=75EC29D0 Edx=44444440 Edi=75EC29D0 Esi=75E4B294 Ebp=327E430 Esp=327E420 Eip=77A78DEB

ADDR: 778595B4 CODE: 7458 jz 0x7785960e
Eax=30EE8A47 Ebx=75E4B498 Ecx=1F Edx=763BC8DC Edi=2 Esi=77305A70 Ebp=327E3A0 Esp=327E388 Eip=778595B4

ADDR: 77A78DEB CODE: 730a jae 0x77a78df7
Eax=EE60B4E Ebx=75E4B498 Ecx=77305A70 Edx=404000 Edi=2 Esi=77305A70 Ebp=327E3A0 Esp=327E37C Eip=77A78DEB

ADDR: 77A709B7 CODE: 747f jz 0x77a70a38
Eax=2 Ebx=3191FB4 Ecx=77305A70 Edx=3191FB4 Edi=2 Esi=77305A70 Ebp=327E354 Esp=327E348 Eip=77A709B7

ADDR: 77A709BE CODE: 7378 jae 0x77a70a38
Eax=2 Ebx=3191FB4 Ecx=77305A70 Edx=3191FB4 Edi=2 Esi=77305A70 Ebp=327E354 Esp=327E348 Eip=77A709BE

ADDR: 77305A83 CODE: 790d jns 0x77305a92
Eax=0 Ebx=75E4B498 Ecx=355A188 Edx=0 Edi=2 Esi=77305A70 Ebp=327E378 Esp=327E378 Eip=77305A83

ADDR: 778590DC CODE: 7454 jz 0x77859132
Eax=30E1272F Ebx=75E4B498 Ecx=1F Edx=0 Edi=2 Esi=772F00A0 Ebp=327E3EC Esp=327E390 Eip=778590DC

ADDR: 77A78DEB CODE: 730a jae 0x77a78df7
Eax=EE5E014 Ebx=75E4B498 Ecx=772F00A0 Edx=104000 Edi=2 Esi=772F00A0 Ebp=327E3EC Esp=327E388 Eip=77A78DEB

ADDR: 77A6C686 CODE: 743c jz 0x77a6c6c4
Eax=2 Ebx=75E4B498 Ecx=355A180 Edx=104000 Edi=2 Esi=3191000 Ebp=327E36C Esp=327E36C Eip=77A6C686

ADDR: 77A6C68D CODE: 7335 jae 0x77a6c6c4
Eax=2 Ebx=75E4B498 Ecx=355A180 Edx=104000 Edi=2 Esi=3191000 Ebp=327E36C Esp=327E36C Eip=77A6C68D

ADDR: 77A6C6AC CODE: 740c jz 0x77a6c6ba
Eax=355CAA0 Ebx=75E4B498 Ecx=355A180 Edx=0 Edi=2 Esi=2 Ebp=327E36C Esp=327E368 Eip=77A6C6AC

ADDR: 77A6C6B4 CODE: 7404 jz 0x77a6c6ba
Eax=355CAAC Ebx=75E4B498 Ecx=355A180 Edx=0 Edi=2 Esi=2 Ebp=327E36C Esp=327E368 Eip=77A6C6B4

ADDR: 772F00BD CODE: 791c jns 0x772f00db
Eax=0 Ebx=75E4B498 Ecx=327E380 Edx=0 Edi=2 Esi=3191000 Ebp=327E384 Esp=327E37C Eip=772F00BD

ADDR: 77A2E69A CODE: 7315 jae 0x77a2e6b1
Eax=77935C1C Ebx=75E4B498 Ecx=77935C18 Edx=3191000 Edi=75EC29D0 Esi=763BC8DC Ebp=327E35C Esp=327E358 Eip=77A2E69A

ADDR: 778597A6 CODE: 0f8454720500 jz 0x778b0a00
Eax=327E3CC Ebx=763BC8DC Ecx=327E3B8 Edx=3191000 Edi=75EC29D0 Esi=763BC8DC Ebp=327E360 Esp=327E340 Eip=778597A6

ADDR: 778597D3 CODE: 7479 jz 0x7785984e
Eax=327E3CC Ebx=356E380 Ecx=1F Edx=B76A77F Edi=356E280 Esi=356E328 Ebp=327E360 Esp=327E340 Eip=778597D3

ADDR: 77A27B53 CODE: 746e jz 0x77a27bc3
Eax=FFFFFFFE Ebx=77935C18 Ecx=FFFFFFFF Edx=B76A77F Edi=77935C1C Esi=FFFFFFFE Ebp=327E358 Esp=327E344 Eip=77A27B53

ADDR: 778594A4 CODE: 7458 jz 0x778594fe
Eax=30EE8A47 Ebx=75E4B498 Ecx=1F Edx=B76A77F Edi=2 Esi=77305A70 Ebp=327E39C Esp=327E384 Eip=778594A4

ADDR: 77A78DEB CODE: 730a jae 0x77a78df7
Eax=EE60B4E Ebx=75E4B498 Ecx=77305A70 Edx=404000 Edi=2 Esi=77305A70 Ebp=327E39C Esp=327E378 Eip=77A78DEB

ADDR: 77A709B7 CODE: 747f jz 0x77a70a38
Eax=2 Ebx=3191FB4 Ecx=77305A70 Edx=3191FB4 Edi=2 Esi=77305A70 Ebp=327E350 Esp=327E344 Eip=77A709B7

ADDR: 77A709BE CODE: 7378 jae 0x77a70a38
Eax=2 Ebx=3191FB4 Ecx=77305A70 Edx=3191FB4 Edi=2 Esi=77305A70 Ebp=327E350 Esp=327E344 Eip=77A709BE

ADDR: 77305A83 CODE: 790d jns 0x77305a92
Eax=0 Ebx=75E4B498 Ecx=355A188 Edx=0 Edi=2 Esi=77305A70 Ebp=327E374 Esp=327E374 Eip=77305A83

ADDR: 77862C46 CODE: 740a jz 0x77862c52
Eax=0 Ebx=75E4B498 Ecx=7604E5C0 Edx=0 Edi=75EC2A50 Esi=75E4B298 Ebp=327E430 Esp=327E424 Eip=77862C46

ADDR: 77A78DEB CODE: 730a jae 0x77a78df7
Eax=EBD854A Ebx=75E4B498 Ecx=75EC2A50 Edx=44444444 Edi=75EC2A50 Esi=75E4B298 Ebp=327E430 Esp=327E420 Eip=77A78DEB

ADDR: 778595B4 CODE: 7458 jz 0x7785960e
Eax=30EE8A47 Ebx=75E4B498 Ecx=1F Edx=763BC8DC Edi=2 Esi=77305A70 Ebp=327E3A0 Esp=327E388 Eip=778595B4

ADDR: 77A78DEB CODE: 730a jae 0x77a78df7
Eax=EE60B4E Ebx=75E4B498 Ecx=77305A70 Edx=404000 Edi=2 Esi=77305A70 Ebp=327E3A0 Esp=327E37C Eip=77A78DEB

ADDR: 77A709B7 CODE: 747f jz 0x77a70a38
Eax=2 Ebx=3191FB4 Ecx=77305A70 Edx=3191FB4 Edi=2 Esi=77305A70 Ebp=327E354 Esp=327E348 Eip=77A709B7

ADDR: 77A709BE CODE: 7378 jae 0x77a70a38
Eax=2 Ebx=3191FB4 Ecx=77305A70 Edx=3191FB4 Edi=2 Esi=77305A70 Ebp=327E354 Esp=327E348 Eip=77A709BE

ADDR: 77305A83 CODE: 790d jns 0x77305a92
Eax=0 Ebx=75E4B498 Ecx=355A188 Edx=0 Edi=2 Esi=77305A70 Ebp=327E378 Esp=327E378 Eip=77305A83

ADDR: 778590DC CODE: 7454 jz 0x77859132
Eax=30E1272F Ebx=75E4B498 Ecx=1F Edx=0 Edi=2 Esi=772F00A0 Ebp=327E3EC Esp=327E390 Eip=778590DC

ADDR: 77A78DEB CODE: 730a jae 0x77a78df7
Eax=EE5E014 Ebx=75E4B498 Ecx=772F00A0 Edx=104000 Edi=2 Esi=772F00A0 Ebp=327E3EC Esp=327E388 Eip=77A78DEB

ADDR: 77A6C686 CODE: 743c jz 0x77a6c6c4
Eax=2 Ebx=75E4B498 Ecx=355A180 Edx=104000 Edi=2 Esi=3191000 Ebp=327E36C Esp=327E36C Eip=77A6C686

ADDR: 77A6C68D CODE: 7335 jae 0x77a6c6c4
Eax=2 Ebx=75E4B498 Ecx=355A180 Edx=104000 Edi=2 Esi=3191000 Ebp=327E36C Esp=327E36C Eip=77A6C68D

ADDR: 77A6C6AC CODE: 740c jz 0x77a6c6ba
Eax=355CAA0 Ebx=75E4B498 Ecx=355A180 Edx=0 Edi=2 Esi=2 Ebp=327E36C Esp=327E368 Eip=77A6C6AC

ADDR: 77A6C6B4 CODE: 7404 jz 0x77a6c6ba
Eax=355CAAC Ebx=75E4B498 Ecx=355A180 Edx=0 Edi=2 Esi=2 Ebp=327E36C Esp=327E368 Eip=77A6C6B4

ADDR: 772F00BD CODE: 791c jns 0x772f00db
Eax=0 Ebx=75E4B498 Ecx=327E380 Edx=0 Edi=2 Esi=3191000 Ebp=327E384 Esp=327E37C Eip=772F00BD

ADDR: 77A2E69A CODE: 7315 jae 0x77a2e6b1
Eax=77935C1C Ebx=75E4B498 Ecx=77935C18 Edx=3191000 Edi=75EC2A50 Esi=763BC8DC Ebp=327E35C Esp=327E358 Eip=77A2E69A

ADDR: 778597A6 CODE: 0f8454720500 jz 0x778b0a00
Eax=327E3CC Ebx=763BC8DC Ecx=327E3B8 Edx=3191000 Edi=75EC2A50 Esi=763BC8DC Ebp=327E360 Esp=327E340 Eip=778597A6

ADDR: 778597D3 CODE: 7479 jz 0x7785984e
Eax=327E3CC Ebx=356E380 Ecx=1F Edx=B76A77F Edi=356E280 Esi=356E32C Ebp=327E360 Esp=327E340 Eip=778597D3

ADDR: 77A27B53 CODE: 746e jz 0x77a27bc3
Eax=FFFFFFFE Ebx=77935C18 Ecx=FFFFFFFF Edx=B76A77F Edi=77935C1C Esi=FFFFFFFE Ebp=327E358 Esp=327E344 Eip=77A27B53

ADDR: 778594A4 CODE: 7458 jz 0x778594fe
Eax=30EE8A47 Ebx=75E4B498 Ecx=1F Edx=B76A77F Edi=2 Esi=77305A70 Ebp=327E39C Esp=327E384 Eip=778594A4

ADDR: 77A78DEB CODE: 730a jae 0x77a78df7
Eax=EE60B4E Ebx=75E4B498 Ecx=77305A70 Edx=404000 Edi=2 Esi=77305A70 Ebp=327E39C Esp=327E378 Eip=77A78DEB

ADDR: 77A709B7 CODE: 747f jz 0x77a70a38
Eax=2 Ebx=3191FB4 Ecx=77305A70 Edx=3191FB4 Edi=2 Esi=77305A70 Ebp=327E350 Esp=327E344 Eip=77A709B7

ADDR: 77A709BE CODE: 7378 jae 0x77a70a38
Eax=2 Ebx=3191FB4 Ecx=77305A70 Edx=3191FB4 Edi=2 Esi=77305A70 Ebp=327E350 Esp=327E344 Eip=77A709BE

ADDR: 77305A83 CODE: 790d jns 0x77305a92
Eax=0 Ebx=75E4B498 Ecx=355A188 Edx=0 Edi=2 Esi=77305A70 Ebp=327E374 Esp=327E374 Eip=77305A83

ADDR: 77862C46 CODE: 740a jz 0x77862c52
Eax=0 Ebx=75E4B498 Ecx=7604E600 Edx=0 Edi=75EC2A30 Esi=75E4B29C Ebp=327E430 Esp=327E424 Eip=77862C46

ADDR: 77A78DEB CODE: 730a jae 0x77a78df7
Eax=EBD8546 Ebx=75E4B498 Ecx=75EC2A30 Edx=44444444 Edi=75EC2A30 Esi=75E4B29C Ebp=327E430 Esp=327E420 Eip=77A78DEB

ADDR: 778595B4 CODE: 7458 jz 0x7785960e
Eax=30EE8A47 Ebx=75E4B498 Ecx=1F Edx=763BC8DC Edi=2 Esi=77305A70 Ebp=327E3A0 Esp=327E388 Eip=778595B4

ADDR: 77A78DEB CODE: 730a jae 0x77a78df7
Eax=EE60B4E Ebx=75E4B498 Ecx=77305A70 Edx=404000 Edi=2 Esi=77305A70 Ebp=327E3A0 Esp=327E37C Eip=77A78DEB

ADDR: 77A709B7 CODE: 747f jz 0x77a70a38
Eax=2 Ebx=3191FB4 Ecx=77305A70 Edx=3191FB4 Edi=2 Esi=77305A70 Ebp=327E354 Esp=327E348 Eip=77A709B7

ADDR: 77A709BE CODE: 7378 jae 0x77a70a38
Eax=2 Ebx=3191FB4 Ecx=77305A70 Edx=3191FB4 Edi=2 Esi=77305A70 Ebp=327E354 Esp=327E348 Eip=77A709BE

ADDR: 77305A83 CODE: 790d jns 0x77305a92
Eax=0 Ebx=75E4B498 Ecx=355A188 Edx=0 Edi=2 Esi=77305A70 Ebp=327E378 Esp=327E378 Eip=77305A83

ADDR: 778590DC CODE: 7454 jz 0x77859132
Eax=30E1272F Ebx=75E4B498 Ecx=1F Edx=0 Edi=2 Esi=772F00A0 Ebp=327E3EC Esp=327E390 Eip=778590DC

ADDR: 77A78DEB CODE: 730a jae 0x77a78df7
Eax=EE5E014 Ebx=75E4B498 Ecx=772F00A0 Edx=104000 Edi=2 Esi=772F00A0 Ebp=327E3EC Esp=327E388 Eip=77A78DEB

ADDR: 77A6C686 CODE: 743c jz 0x77a6c6c4
Eax=2 Ebx=75E4B498 Ecx=355A180 Edx=104000 Edi=2 Esi=3191000 Ebp=327E36C Esp=327E36C Eip=77A6C686

ADDR: 77A6C68D CODE: 7335 jae 0x77a6c6c4
Eax=2 Ebx=75E4B498 Ecx=355A180 Edx=104000 Edi=2 Esi=3191000 Ebp=327E36C Esp=327E36C Eip=77A6C68D

ADDR: 77A6C6AC CODE: 740c jz 0x77a6c6ba
Eax=355CAA0 Ebx=75E4B498 Ecx=355A180 Edx=0 Edi=2 Esi=2 Ebp=327E36C Esp=327E368 Eip=77A6C6AC

ADDR: 77A6C6B4 CODE: 7404 jz 0x77a6c6ba
Eax=355CAAC Ebx=75E4B498 Ecx=355A180 Edx=0 Edi=2 Esi=2 Ebp=327E36C Esp=327E368 Eip=77A6C6B4

ADDR: 772F00BD CODE: 791c jns 0x772f00db
Eax=0 Ebx=75E4B498 Ecx=327E380 Edx=0 Edi=2 Esi=3191000 Ebp=327E384 Esp=327E37C Eip=772F00BD

ADDR: 77A2E69A CODE: 7315 jae 0x77a2e6b1
Eax=77935C1C Ebx=75E4B498 Ecx=77935C18 Edx=3191000 Edi=75EC2A30 Esi=763BC8DC Ebp=327E35C Esp=327E358 Eip=77A2E69A

ADDR: 778597A6 CODE: 0f8454720500 jz 0x778b0a00
Eax=327E3CC Ebx=763BC8DC Ecx=327E3B8 Edx=3191000 Edi=75EC2A30 Esi=763BC8DC Ebp=327E360 Esp=327E340 Eip=778597A6

ADDR: 778597D3 CODE: 7479 jz 0x7785984e
Eax=327E3CC Ebx=356E380 Ecx=1F Edx=B76A77F Edi=356E280 Esi=356E330 Ebp=327E360 Esp=327E340 Eip=778597D3

ADDR: 77A27B53 CODE: 746e jz 0x77a27bc3
Eax=FFFFFFFE Ebx=77935C18 Ecx=FFFFFFFF Edx=B76A77F Edi=77935C1C Esi=FFFFFFFE Ebp=327E358 Esp=327E344 Eip=77A27B53

ADDR: 778594A4 CODE: 7458 jz 0x778594fe
Eax=30EE8A47 Ebx=75E4B498 Ecx=1F Edx=B76A77F Edi=2 Esi=77305A70 Ebp=327E39C Esp=327E384 Eip=778594A4

ADDR: 77A78DEB CODE: 730a jae 0x77a78df7
Eax=EE60B4E Ebx=75E4B498 Ecx=77305A70 Edx=404000 Edi=2 Esi=77305A70 Ebp=327E39C Esp=327E378 Eip=77A78DEB

ADDR: 77A709B7 CODE: 747f jz 0x77a70a38
Eax=2 Ebx=3191FB4 Ecx=77305A70 Edx=3191FB4 Edi=2 Esi=77305A70 Ebp=327E350 Esp=327E344 Eip=77A709B7

ADDR: 77A709BE CODE: 7378 jae 0x77a70a38
Eax=2 Ebx=3191FB4 Ecx=77305A70 Edx=3191FB4 Edi=2 Esi=77305A70 Ebp=327E350 Esp=327E344 Eip=77A709BE

ADDR: 77305A83 CODE: 790d jns 0x77305a92
Eax=0 Ebx=75E4B498 Ecx=355A188 Edx=0 Edi=2 Esi=77305A70 Ebp=327E374 Esp=327E374 Eip=77305A83

ADDR: 77862C46 CODE: 740a jz 0x77862c52
Eax=0 Ebx=75E4B498 Ecx=7604E5D0 Edx=0 Edi=75EC29F0 Esi=75E4B2A0 Ebp=327E430 Esp=327E424 Eip=77862C46

ADDR: 77A78DEB CODE: 730a jae 0x77a78df7
Eax=EBD853E Ebx=75E4B498 Ecx=75EC29F0 Edx=44444440 Edi=75EC29F0 Esi=75E4B2A0 Ebp=327E430 Esp=327E420 Eip=77A78DEB

ADDR: 778595B4 CODE: 7458 jz 0x7785960e
Eax=30EE8A47 Ebx=75E4B498 Ecx=1F Edx=763BC8DC Edi=2 Esi=77305A70 Ebp=327E3A0 Esp=327E388 Eip=778595B4

ADDR: 77A78DEB CODE: 730a jae 0x77a78df7
Eax=EE60B4E Ebx=75E4B498 Ecx=77305A70 Edx=404000 Edi=2 Esi=77305A70 Ebp=327E3A0 Esp=327E37C Eip=77A78DEB

ADDR: 77A709B7 CODE: 747f jz 0x77a70a38
Eax=2 Ebx=3191FB4 Ecx=77305A70 Edx=3191FB4 Edi=2 Esi=77305A70 Ebp=327E354 Esp=327E348 Eip=77A709B7

ADDR: 77A709BE CODE: 7378 jae 0x77a70a38
Eax=2 Ebx=3191FB4 Ecx=77305A70 Edx=3191FB4 Edi=2 Esi=77305A70 Ebp=327E354 Esp=327E348 Eip=77A709BE

ADDR: 77305A83 CODE: 790d jns 0x77305a92
Eax=0 Ebx=75E4B498 Ecx=355A188 Edx=0 Edi=2 Esi=77305A70 Ebp=327E378 Esp=327E378 Eip=77305A83

ADDR: 778590DC CODE: 7454 jz 0x77859132
Eax=30E1272F Ebx=75E4B498 Ecx=1F Edx=0 Edi=2 Esi=772F00A0 Ebp=327E3EC Esp=327E390 Eip=778590DC

ADDR: 77A78DEB CODE: 730a jae 0x77a78df7
Eax=EE5E014 Ebx=75E4B498 Ecx=772F00A0 Edx=104000 Edi=2 Esi=772F00A0 Ebp=327E3EC Esp=327E388 Eip=77A78DEB

ADDR: 77A6C686 CODE: 743c jz 0x77a6c6c4
Eax=2 Ebx=75E4B498 Ecx=355A180 Edx=104000 Edi=2 Esi=3191000 Ebp=327E36C Esp=327E36C Eip=77A6C686

ADDR: 77A6C68D CODE: 7335 jae 0x77a6c6c4
Eax=2 Ebx=75E4B498 Ecx=355A180 Edx=104000 Edi=2 Esi=3191000 Ebp=327E36C Esp=327E36C Eip=77A6C68D

ADDR: 77A6C6AC CODE: 740c jz 0x77a6c6ba
Eax=355CAA0 Ebx=75E4B498 Ecx=355A180 Edx=0 Edi=2 Esi=2 Ebp=327E36C Esp=327E368 Eip=77A6C6AC

ADDR: 77A6C6B4 CODE: 7404 jz 0x77a6c6ba
Eax=355CAAC Ebx=75E4B498 Ecx=355A180 Edx=0 Edi=2 Esi=2 Ebp=327E36C Esp=327E368 Eip=77A6C6B4

ADDR: 772F00BD CODE: 791c jns 0x772f00db
Eax=0 Ebx=75E4B498 Ecx=327E380 Edx=0 Edi=2 Esi=3191000 Ebp=327E384 Esp=327E37C Eip=772F00BD

ADDR: 77A2E69A CODE: 7315 jae 0x77a2e6b1
Eax=77935C1C Ebx=75E4B498 Ecx=77935C18 Edx=3191000 Edi=75EC29F0 Esi=763BC8DC Ebp=327E35C Esp=327E358 Eip=77A2E69A

ADDR: 778597A6 CODE: 0f8454720500 jz 0x778b0a00
Eax=327E3CC Ebx=763BC8DC Ecx=327E3B8 Edx=3191000 Edi=75EC29F0 Esi=763BC8DC Ebp=327E360 Esp=327E340 Eip=778597A6

ADDR: 778597D3 CODE: 7479 jz 0x7785984e
Eax=327E3CC Ebx=356E380 Ecx=1F Edx=B76A77F Edi=356E280 Esi=356E334 Ebp=327E360 Esp=327E340 Eip=778597D3

ADDR: 77A27B53 CODE: 746e jz 0x77a27bc3
Eax=FFFFFFFE Ebx=77935C18 Ecx=FFFFFFFF Edx=B76A77F Edi=77935C1C Esi=FFFFFFFE Ebp=327E358 Esp=327E344 Eip=77A27B53

ADDR: 778594A4 CODE: 7458 jz 0x778594fe
Eax=30EE8A47 Ebx=75E4B498 Ecx=1F Edx=B76A77F Edi=2 Esi=77305A70 Ebp=327E39C Esp=327E384 Eip=778594A4

ADDR: 77A78DEB CODE: 730a jae 0x77a78df7
Eax=EE60B4E Ebx=75E4B498 Ecx=77305A70 Edx=404000 Edi=2 Esi=77305A70 Ebp=327E39C Esp=327E378 Eip=77A78DEB

ADDR: 77A709B7 CODE: 747f jz 0x77a70a38
Eax=2 Ebx=3191FB4 Ecx=77305A70 Edx=3191FB4 Edi=2 Esi=77305A70 Ebp=327E350 Esp=327E344 Eip=77A709B7

ADDR: 77A709BE CODE: 7378 jae 0x77a70a38
Eax=2 Ebx=3191FB4 Ecx=77305A70 Edx=3191FB4 Edi=2 Esi=77305A70 Ebp=327E350 Esp=327E344 Eip=77A709BE

ADDR: 77305A83 CODE: 790d jns 0x77305a92
Eax=0 Ebx=75E4B498 Ecx=355A188 Edx=0 Edi=2 Esi=77305A70 Ebp=327E374 Esp=327E374 Eip=77305A83

ADDR: 77862C46 CODE: 740a jz 0x77862c52
Eax=0 Ebx=75E4B498 Ecx=7604E5E0 Edx=0 Edi=75EC2A10 Esi=75E4B2A4 Ebp=327E430 Esp=327E424 Eip=77862C46

ADDR: 77A78DEB CODE: 730a jae 0x77a78df7
Eax=EBD8542 Ebx=75E4B498 Ecx=75EC2A10 Edx=44444444 Edi=75EC2A10 Esi=75E4B2A4 Ebp=327E430 Esp=327E420 Eip=77A78DEB

ADDR: 778595B4 CODE: 7458 jz 0x7785960e
Eax=30EE8A47 Ebx=75E4B498 Ecx=1F Edx=763BC8DC Edi=2 Esi=77305A70 Ebp=327E3A0 Esp=327E388 Eip=778595B4

ADDR: 77A78DEB CODE: 730a jae 0x77a78df7
Eax=EE60B4E Ebx=75E4B498 Ecx=77305A70 Edx=404000 Edi=2 Esi=77305A70 Ebp=327E3A0 Esp=327E37C Eip=77A78DEB

ADDR: 77A709B7 CODE: 747f jz 0x77a70a38
Eax=2 Ebx=3191FB4 Ecx=77305A70 Edx=3191FB4 Edi=2 Esi=77305A70 Ebp=327E354 Esp=327E348 Eip=77A709B7

ADDR: 77A709BE CODE: 7378 jae 0x77a70a38
Eax=2 Ebx=3191FB4 Ecx=77305A70 Edx=3191FB4 Edi=2 Esi=77305A70 Ebp=327E354 Esp=327E348 Eip=77A709BE

ADDR: 77305A83 CODE: 790d jns 0x77305a92
Eax=0 Ebx=75E4B498 Ecx=355A188 Edx=0 Edi=2 Esi=77305A70 Ebp=327E378 Esp=327E378 Eip=77305A83

ADDR: 778590DC CODE: 7454 jz 0x77859132
Eax=30E1272F Ebx=75E4B498 Ecx=1F Edx=0 Edi=2 Esi=772F00A0 Ebp=327E3EC Esp=327E390 Eip=778590DC

ADDR: 77A78DEB CODE: 730a jae 0x77a78df7
Eax=EE5E014 Ebx=75E4B498 Ecx=772F00A0 Edx=104000 Edi=2 Esi=772F00A0 Ebp=327E3EC Esp=327E388 Eip=77A78DEB

ADDR: 77A6C686 CODE: 743c jz 0x77a6c6c4
Eax=2 Ebx=75E4B498 Ecx=355A180 Edx=104000 Edi=2 Esi=3191000 Ebp=327E36C Esp=327E36C Eip=77A6C686

ADDR: 77A6C68D CODE: 7335 jae 0x77a6c6c4
Eax=2 Ebx=75E4B498 Ecx=355A180 Edx=104000 Edi=2 Esi=3191000 Ebp=327E36C Esp=327E36C Eip=77A6C68D

ADDR: 77A6C6AC CODE: 740c jz 0x77a6c6ba
Eax=355CAA0 Ebx=75E4B498 Ecx=355A180 Edx=0 Edi=2 Esi=2 Ebp=327E36C Esp=327E368 Eip=77A6C6AC

ADDR: 77A6C6B4 CODE: 7404 jz 0x77a6c6ba
Eax=355CAAC Ebx=75E4B498 Ecx=355A180 Edx=0 Edi=2 Esi=2 Ebp=327E36C Esp=327E368 Eip=77A6C6B4

ADDR: 772F00BD CODE: 791c jns 0x772f00db
Eax=0 Ebx=75E4B498 Ecx=327E380 Edx=0 Edi=2 Esi=3191000 Ebp=327E384 Esp=327E37C Eip=772F00BD

ADDR: 77A2E69A CODE: 7315 jae 0x77a2e6b1
Eax=77935C1C Ebx=75E4B498 Ecx=77935C18 Edx=3191000 Edi=75EC2A10 Esi=763BC8DC Ebp=327E35C Esp=327E358 Eip=77A2E69A

ADDR: 778597A6 CODE: 0f8454720500 jz 0x778b0a00
Eax=327E3CC Ebx=763BC8DC Ecx=327E3B8 Edx=3191000 Edi=75EC2A10 Esi=763BC8DC Ebp=327E360 Esp=327E340 Eip=778597A6

ADDR: 778597D3 CODE: 7479 jz 0x7785984e
Eax=327E3CC Ebx=356E380 Ecx=1F Edx=B76A77F Edi=356E280 Esi=356E338 Ebp=327E360 Esp=327E340 Eip=778597D3

ADDR: 77A27B53 CODE: 746e jz 0x77a27bc3
Eax=FFFFFFFE Ebx=77935C18 Ecx=FFFFFFFF Edx=B76A77F Edi=77935C1C Esi=FFFFFFFE Ebp=327E358 Esp=327E344 Eip=77A27B53

ADDR: 778594A4 CODE: 7458 jz 0x778594fe
Eax=30EE8A47 Ebx=75E4B498 Ecx=1F Edx=B76A77F Edi=2 Esi=77305A70 Ebp=327E39C Esp=327E384 Eip=778594A4

ADDR: 77A78DEB CODE: 730a jae 0x77a78df7
Eax=EE60B4E Ebx=75E4B498 Ecx=77305A70 Edx=404000 Edi=2 Esi=77305A70 Ebp=327E39C Esp=327E378 Eip=77A78DEB

ADDR: 77A709B7 CODE: 747f jz 0x77a70a38
Eax=2 Ebx=3191FB4 Ecx=77305A70 Edx=3191FB4 Edi=2 Esi=77305A70 Ebp=327E350 Esp=327E344 Eip=77A709B7

ADDR: 77A709BE CODE: 7378 jae 0x77a70a38
Eax=2 Ebx=3191FB4 Ecx=77305A70 Edx=3191FB4 Edi=2 Esi=77305A70 Ebp=327E350 Esp=327E344 Eip=77A709BE

ADDR: 77305A83 CODE: 790d jns 0x77305a92
Eax=0 Ebx=75E4B498 Ecx=355A188 Edx=0 Edi=2 Esi=77305A70 Ebp=327E374 Esp=327E374 Eip=77305A83

ADDR: 77862C46 CODE: 740a jz 0x77862c52
Eax=0 Ebx=75E4B498 Ecx=7604E5F0 Edx=0 Edi=75EC2A70 Esi=75E4B2A8 Ebp=327E430 Esp=327E424 Eip=77862C46

ADDR: 77A78DEB CODE: 730a jae 0x77a78df7
Eax=EBD854E Ebx=75E4B498 Ecx=75EC2A70 Edx=44444444 Edi=75EC2A70 Esi=75E4B2A8 Ebp=327E430 Esp=327E420 Eip=77A78DEB

ADDR: 778595B4 CODE: 7458 jz 0x7785960e
Eax=30EE8A47 Ebx=75E4B498 Ecx=1F Edx=763BC8DC Edi=2 Esi=77305A70 Ebp=327E3A0 Esp=327E388 Eip=778595B4

ADDR: 77A78DEB CODE: 730a jae 0x77a78df7
Eax=EE60B4E Ebx=75E4B498 Ecx=77305A70 Edx=404000 Edi=2 Esi=77305A70 Ebp=327E3A0 Esp=327E37C Eip=77A78DEB

ADDR: 77A709B7 CODE: 747f jz 0x77a70a38
Eax=2 Ebx=3191FB4 Ecx=77305A70 Edx=3191FB4 Edi=2 Esi=77305A70 Ebp=327E354 Esp=327E348 Eip=77A709B7

ADDR: 77A709BE CODE: 7378 jae 0x77a70a38
Eax=2 Ebx=3191FB4 Ecx=77305A70 Edx=3191FB4 Edi=2 Esi=77305A70 Ebp=327E354 Esp=327E348 Eip=77A709BE

ADDR: 77305A83 CODE: 790d jns 0x77305a92
Eax=0 Ebx=75E4B498 Ecx=355A188 Edx=0 Edi=2 Esi=77305A70 Ebp=327E378 Esp=327E378 Eip=77305A83

ADDR: 778590DC CODE: 7454 jz 0x77859132
Eax=30E1272F Ebx=75E4B498 Ecx=1F Edx=0 Edi=2 Esi=772F00A0 Ebp=327E3EC Esp=327E390 Eip=778590DC

ADDR: 77A78DEB CODE: 730a jae 0x77a78df7
Eax=EE5E014 Ebx=75E4B498 Ecx=772F00A0 Edx=104000 Edi=2 Esi=772F00A0 Ebp=327E3EC Esp=327E388 Eip=77A78DEB

ADDR: 77A6C686 CODE: 743c jz 0x77a6c6c4
Eax=2 Ebx=75E4B498 Ecx=355A180 Edx=104000 Edi=2 Esi=3191000 Ebp=327E36C Esp=327E36C Eip=77A6C686

ADDR: 77A6C68D CODE: 7335 jae 0x77a6c6c4
Eax=2 Ebx=75E4B498 Ecx=355A180 Edx=104000 Edi=2 Esi=3191000 Ebp=327E36C Esp=327E36C Eip=77A6C68D

ADDR: 77A6C6AC CODE: 740c jz 0x77a6c6ba
Eax=355CAA0 Ebx=75E4B498 Ecx=355A180 Edx=0 Edi=2 Esi=2 Ebp=327E36C Esp=327E368 Eip=77A6C6AC

ADDR: 77A6C6B4 CODE: 7404 jz 0x77a6c6ba
Eax=355CAAC Ebx=75E4B498 Ecx=355A180 Edx=0 Edi=2 Esi=2 Ebp=327E36C Esp=327E368 Eip=77A6C6B4

ADDR: 772F00BD CODE: 791c jns 0x772f00db
Eax=0 Ebx=75E4B498 Ecx=327E380 Edx=0 Edi=2 Esi=3191000 Ebp=327E384 Esp=327E37C Eip=772F00BD

ADDR: 77A2E69A CODE: 7315 jae 0x77a2e6b1
Eax=77935C1C Ebx=75E4B498 Ecx=77935C18 Edx=3191000 Edi=75EC2A70 Esi=763BC8DC Ebp=327E35C Esp=327E358 Eip=77A2E69A

ADDR: 778597A6 CODE: 0f8454720500 jz 0x778b0a00
Eax=327E3CC Ebx=763BC8DC Ecx=327E3B8 Edx=3191000 Edi=75EC2A70 Esi=763BC8DC Ebp=327E360 Esp=327E340 Eip=778597A6

ADDR: 778597D3 CODE: 7479 jz 0x7785984e
Eax=327E3CC Ebx=356E380 Ecx=1F Edx=B76A77F Edi=356E280 Esi=356E33C Ebp=327E360 Esp=327E340 Eip=778597D3

ADDR: 77A27B53 CODE: 746e jz 0x77a27bc3
Eax=FFFFFFFE Ebx=77935C18 Ecx=FFFFFFFF Edx=B76A77F Edi=77935C1C Esi=FFFFFFFE Ebp=327E358 Esp=327E344 Eip=77A27B53

ADDR: 778594A4 CODE: 7458 jz 0x778594fe
Eax=30EE8A47 Ebx=75E4B498 Ecx=1F Edx=B76A77F Edi=2 Esi=77305A70 Ebp=327E39C Esp=327E384 Eip=778594A4

ADDR: 77A78DEB CODE: 730a jae 0x77a78df7
Eax=EE60B4E Ebx=75E4B498 Ecx=77305A70 Edx=404000 Edi=2 Esi=77305A70 Ebp=327E39C Esp=327E378 Eip=77A78DEB

ADDR: 77A709B7 CODE: 747f jz 0x77a70a38
Eax=2 Ebx=3191FB4 Ecx=77305A70 Edx=3191FB4 Edi=2 Esi=77305A70 Ebp=327E350 Esp=327E344 Eip=77A709B7

ADDR: 77A709BE CODE: 7378 jae 0x77a70a38
Eax=2 Ebx=3191FB4 Ecx=77305A70 Edx=3191FB4 Edi=2 Esi=77305A70 Ebp=327E350 Esp=327E344 Eip=77A709BE

ADDR: 77305A83 CODE: 790d jns 0x77305a92
Eax=0 Ebx=75E4B498 Ecx=355A188 Edx=0 Edi=2 Esi=77305A70 Ebp=327E374 Esp=327E374 Eip=77305A83

ADDR: 77862C46 CODE: 740a jz 0x77862c52
Eax=0 Ebx=75E4B498 Ecx=7604E610 Edx=0 Edi=75EC2A90 Esi=75E4B2AC Ebp=327E430 Esp=327E424 Eip=77862C46

ADDR: 77A78DEB CODE: 730a jae 0x77a78df7
Eax=EBD8552 Ebx=75E4B498 Ecx=75EC2A90 Edx=44444444 Edi=75EC2A90 Esi=75E4B2AC Ebp=327E430 Esp=327E420 Eip=77A78DEB

ADDR: 778595B4 CODE: 7458 jz 0x7785960e
Eax=30EE8A47 Ebx=75E4B498 Ecx=1F Edx=763BC8DC Edi=2 Esi=77305A70 Ebp=327E3A0 Esp=327E388 Eip=778595B4

ADDR: 77A78DEB CODE: 730a jae 0x77a78df7
Eax=EE60B4E Ebx=75E4B498 Ecx=77305A70 Edx=404000 Edi=2 Esi=77305A70 Ebp=327E3A0 Esp=327E37C Eip=77A78DEB

ADDR: 77A709B7 CODE: 747f jz 0x77a70a38
Eax=2 Ebx=3191FB4 Ecx=77305A70 Edx=3191FB4 Edi=2 Esi=77305A70 Ebp=327E354 Esp=327E348 Eip=77A709B7

ADDR: 77A709BE CODE: 7378 jae 0x77a70a38
Eax=2 Ebx=3191FB4 Ecx=77305A70 Edx=3191FB4 Edi=2 Esi=77305A70 Ebp=327E354 Esp=327E348 Eip=77A709BE

ADDR: 77305A83 CODE: 790d jns 0x77305a92
Eax=0 Ebx=75E4B498 Ecx=355A188 Edx=0 Edi=2 Esi=77305A70 Ebp=327E378 Esp=327E378 Eip=77305A83

ADDR: 778590DC CODE: 7454 jz 0x77859132
Eax=30E1272F Ebx=75E4B498 Ecx=1F Edx=0 Edi=2 Esi=772F00A0 Ebp=327E3EC Esp=327E390 Eip=778590DC

ADDR: 77A78DEB CODE: 730a jae 0x77a78df7
Eax=EE5E014 Ebx=75E4B498 Ecx=772F00A0 Edx=104000 Edi=2 Esi=772F00A0 Ebp=327E3EC Esp=327E388 Eip=77A78DEB

ADDR: 77A6C686 CODE: 743c jz 0x77a6c6c4
Eax=2 Ebx=75E4B498 Ecx=355A180 Edx=104000 Edi=2 Esi=3191000 Ebp=327E36C Esp=327E36C Eip=77A6C686

ADDR: 77A6C68D CODE: 7335 jae 0x77a6c6c4
Eax=2 Ebx=75E4B498 Ecx=355A180 Edx=104000 Edi=2 Esi=3191000 Ebp=327E36C Esp=327E36C Eip=77A6C68D

ADDR: 77A6C6AC CODE: 740c jz 0x77a6c6ba
Eax=355CAA0 Ebx=75E4B498 Ecx=355A180 Edx=0 Edi=2 Esi=2 Ebp=327E36C Esp=327E368 Eip=77A6C6AC

ADDR: 77A6C6B4 CODE: 7404 jz 0x77a6c6ba
Eax=355CAAC Ebx=75E4B498 Ecx=355A180 Edx=0 Edi=2 Esi=2 Ebp=327E36C Esp=327E368 Eip=77A6C6B4

ADDR: 772F00BD CODE: 791c jns 0x772f00db
Eax=0 Ebx=75E4B498 Ecx=327E380 Edx=0 Edi=2 Esi=3191000 Ebp=327E384 Esp=327E37C Eip=772F00BD

ADDR: 77A2E69A CODE: 7315 jae 0x77a2e6b1
Eax=77935C1C Ebx=75E4B498 Ecx=77935C18 Edx=3191000 Edi=75EC2A90 Esi=763BC8DC Ebp=327E35C Esp=327E358 Eip=77A2E69A

ADDR: 778597A6 CODE: 0f8454720500 jz 0x778b0a00
Eax=327E3CC Ebx=763BC8DC Ecx=327E3B8 Edx=3191000 Edi=75EC2A90 Esi=763BC8DC Ebp=327E360 Esp=327E340 Eip=778597A6

ADDR: 778597D3 CODE: 7479 jz 0x7785984e
Eax=327E3CC Ebx=356E380 Ecx=1F Edx=B76A77F Edi=356E280 Esi=356E340 Ebp=327E360 Esp=327E340 Eip=778597D3

ADDR: 77A27B53 CODE: 746e jz 0x77a27bc3
Eax=FFFFFFFE Ebx=77935C18 Ecx=FFFFFFFF Edx=B76A77F Edi=77935C1C Esi=FFFFFFFE Ebp=327E358 Esp=327E344 Eip=77A27B53

ADDR: 778594A4 CODE: 7458 jz 0x778594fe
Eax=30EE8A47 Ebx=75E4B498 Ecx=1F Edx=B76A77F Edi=2 Esi=77305A70 Ebp=327E39C Esp=327E384 Eip=778594A4

ADDR: 77A78DEB CODE: 730a jae 0x77a78df7
Eax=EE60B4E Ebx=75E4B498 Ecx=77305A70 Edx=404000 Edi=2 Esi=77305A70 Ebp=327E39C Esp=327E378 Eip=77A78DEB

ADDR: 77A709B7 CODE: 747f jz 0x77a70a38
Eax=2 Ebx=3191FB4 Ecx=77305A70 Edx=3191FB4 Edi=2 Esi=77305A70 Ebp=327E350 Esp=327E344 Eip=77A709B7

ADDR: 77A709BE CODE: 7378 jae 0x77a70a38
Eax=2 Ebx=3191FB4 Ecx=77305A70 Edx=3191FB4 Edi=2 Esi=77305A70 Ebp=327E350 Esp=327E344 Eip=77A709BE

ADDR: 77305A83 CODE: 790d jns 0x77305a92
Eax=0 Ebx=75E4B498 Ecx=355A188 Edx=0 Edi=2 Esi=77305A70 Ebp=327E374 Esp=327E374 Eip=77305A83

ADDR: 77862C46 CODE: 740a jz 0x77862c52
Eax=0 Ebx=75E4B498 Ecx=7604E640 Edx=0 Edi=75EC2AB0 Esi=75E4B2B0 Ebp=327E430 Esp=327E424 Eip=77862C46

ADDR: 77A78DEB CODE: 730a jae 0x77a78df7
Eax=EBD8556 Ebx=75E4B498 Ecx=75EC2AB0 Edx=44444444 Edi=75EC2AB0 Esi=75E4B2B0 Ebp=327E430 Esp=327E420 Eip=77A78DEB

ADDR: 778595B4 CODE: 7458 jz 0x7785960e
Eax=30EE8A47 Ebx=75E4B498 Ecx=1F Edx=763BC8DC Edi=2 Esi=77305A70 Ebp=327E3A0 Esp=327E388 Eip=778595B4

ADDR: 77A78DEB CODE: 730a jae 0x77a78df7
Eax=EE60B4E Ebx=75E4B498 Ecx=77305A70 Edx=404000 Edi=2 Esi=77305A70 Ebp=327E3A0 Esp=327E37C Eip=77A78DEB

ADDR: 77A709B7 CODE: 747f jz 0x77a70a38
Eax=2 Ebx=3191FB4 Ecx=77305A70 Edx=3191FB4 Edi=2 Esi=77305A70 Ebp=327E354 Esp=327E348 Eip=77A709B7

ADDR: 77A709BE CODE: 7378 jae 0x77a70a38
Eax=2 Ebx=3191FB4 Ecx=77305A70 Edx=3191FB4 Edi=2 Esi=77305A70 Ebp=327E354 Esp=327E348 Eip=77A709BE

ADDR: 77305A83 CODE: 790d jns 0x77305a92
Eax=0 Ebx=75E4B498 Ecx=355A188 Edx=0 Edi=2 Esi=77305A70 Ebp=327E378 Esp=327E378 Eip=77305A83

ADDR: 778590DC CODE: 7454 jz 0x77859132
Eax=30E1272F Ebx=75E4B498 Ecx=1F Edx=0 Edi=2 Esi=772F00A0 Ebp=327E3EC Esp=327E390 Eip=778590DC

ADDR: 77A78DEB CODE: 730a jae 0x77a78df7
Eax=EE5E014 Ebx=75E4B498 Ecx=772F00A0 Edx=104000 Edi=2 Esi=772F00A0 Ebp=327E3EC Esp=327E388 Eip=77A78DEB

ADDR: 77A6C686 CODE: 743c jz 0x77a6c6c4
Eax=2 Ebx=75E4B498 Ecx=355A180 Edx=104000 Edi=2 Esi=3191000 Ebp=327E36C Esp=327E36C Eip=77A6C686

ADDR: 77A6C68D CODE: 7335 jae 0x77a6c6c4
Eax=2 Ebx=75E4B498 Ecx=355A180 Edx=104000 Edi=2 Esi=3191000 Ebp=327E36C Esp=327E36C Eip=77A6C68D

ADDR: 77A6C6AC CODE: 740c jz 0x77a6c6ba
Eax=355CAA0 Ebx=75E4B498 Ecx=355A180 Edx=0 Edi=2 Esi=2 Ebp=327E36C Esp=327E368 Eip=77A6C6AC

ADDR: 77A6C6B4 CODE: 7404 jz 0x77a6c6ba
Eax=355CAAC Ebx=75E4B498 Ecx=355A180 Edx=0 Edi=2 Esi=2 Ebp=327E36C Esp=327E368 Eip=77A6C6B4

ADDR: 772F00BD CODE: 791c jns 0x772f00db
Eax=0 Ebx=75E4B498 Ecx=327E380 Edx=0 Edi=2 Esi=3191000 Ebp=327E384 Esp=327E37C Eip=772F00BD

ADDR: 77A2E69A CODE: 7315 jae 0x77a2e6b1
Eax=77935C1C Ebx=75E4B498 Ecx=77935C18 Edx=3191000 Edi=75EC2AB0 Esi=763BC8DC Ebp=327E35C Esp=327E358 Eip=77A2E69A

ADDR: 778597A6 CODE: 0f8454720500 jz 0x778b0a00
Eax=327E3CC Ebx=763BC8DC Ecx=327E3B8 Edx=3191000 Edi=75EC2AB0 Esi=763BC8DC Ebp=327E360 Esp=327E340 Eip=778597A6

ADDR: 778597D3 CODE: 7479 jz 0x7785984e
Eax=327E3CC Ebx=356E380 Ecx=1F Edx=B76A77F Edi=356E280 Esi=356E344 Ebp=327E360 Esp=327E340 Eip=778597D3

ADDR: 77A27B53 CODE: 746e jz 0x77a27bc3
Eax=FFFFFFFE Ebx=77935C18 Ecx=FFFFFFFF Edx=B76A77F Edi=77935C1C Esi=FFFFFFFE Ebp=327E358 Esp=327E344 Eip=77A27B53

ADDR: 778594A4 CODE: 7458 jz 0x778594fe
Eax=30EE8A47 Ebx=75E4B498 Ecx=1F Edx=B76A77F Edi=2 Esi=77305A70 Ebp=327E39C Esp=327E384 Eip=778594A4

ADDR: 77A78DEB CODE: 730a jae 0x77a78df7
Eax=EE60B4E Ebx=75E4B498 Ecx=77305A70 Edx=404000 Edi=2 Esi=77305A70 Ebp=327E39C Esp=327E378 Eip=77A78DEB

ADDR: 77A709B7 CODE: 747f jz 0x77a70a38
Eax=2 Ebx=3191FB4 Ecx=77305A70 Edx=3191FB4 Edi=2 Esi=77305A70 Ebp=327E350 Esp=327E344 Eip=77A709B7

ADDR: 77A709BE CODE: 7378 jae 0x77a70a38
Eax=2 Ebx=3191FB4 Ecx=77305A70 Edx=3191FB4 Edi=2 Esi=77305A70 Ebp=327E350 Esp=327E344 Eip=77A709BE

ADDR: 77305A83 CODE: 790d jns 0x77305a92
Eax=0 Ebx=75E4B498 Ecx=355A188 Edx=0 Edi=2 Esi=77305A70 Ebp=327E374 Esp=327E374 Eip=77305A83

ADDR: 77862C46 CODE: 740a jz 0x77862c52
Eax=0 Ebx=75E4B498 Ecx=7604E650 Edx=0 Edi=75EC2AD0 Esi=75E4B2B4 Ebp=327E430 Esp=327E424 Eip=77862C46

ADDR: 77A78DEB CODE: 730a jae 0x77a78df7
Eax=EBD855A Ebx=75E4B498 Ecx=75EC2AD0 Edx=44444444 Edi=75EC2AD0 Esi=75E4B2B4 Ebp=327E430 Esp=327E420 Eip=77A78DEB

ADDR: 778595B4 CODE: 7458 jz 0x7785960e
Eax=30EE8A47 Ebx=75E4B498 Ecx=1F Edx=763BC8DC Edi=2 Esi=77305A70 Ebp=327E3A0 Esp=327E388 Eip=778595B4

ADDR: 77A78DEB CODE: 730a jae 0x77a78df7
Eax=EE60B4E Ebx=75E4B498 Ecx=77305A70 Edx=404000 Edi=2 Esi=77305A70 Ebp=327E3A0 Esp=327E37C Eip=77A78DEB

ADDR: 77A709B7 CODE: 747f jz 0x77a70a38
Eax=2 Ebx=3191FB4 Ecx=77305A70 Edx=3191FB4 Edi=2 Esi=77305A70 Ebp=327E354 Esp=327E348 Eip=77A709B7

ADDR: 77A709BE CODE: 7378 jae 0x77a70a38
Eax=2 Ebx=3191FB4 Ecx=77305A70 Edx=3191FB4 Edi=2 Esi=77305A70 Ebp=327E354 Esp=327E348 Eip=77A709BE

ADDR: 77305A83 CODE: 790d jns 0x77305a92
Eax=0 Ebx=75E4B498 Ecx=355A188 Edx=0 Edi=2 Esi=77305A70 Ebp=327E378 Esp=327E378 Eip=77305A83

ADDR: 778590DC CODE: 7454 jz 0x77859132
Eax=30E1272F Ebx=75E4B498 Ecx=1F Edx=0 Edi=2 Esi=772F00A0 Ebp=327E3EC Esp=327E390 Eip=778590DC

ADDR: 77A78DEB CODE: 730a jae 0x77a78df7
Eax=EE5E014 Ebx=75E4B498 Ecx=772F00A0 Edx=104000 Edi=2 Esi=772F00A0 Ebp=327E3EC Esp=327E388 Eip=77A78DEB

ADDR: 77A6C686 CODE: 743c jz 0x77a6c6c4
Eax=2 Ebx=75E4B498 Ecx=355A180 Edx=104000 Edi=2 Esi=3191000 Ebp=327E36C Esp=327E36C Eip=77A6C686

ADDR: 77A6C68D CODE: 7335 jae 0x77a6c6c4
Eax=2 Ebx=75E4B498 Ecx=355A180 Edx=104000 Edi=2 Esi=3191000 Ebp=327E36C Esp=327E36C Eip=77A6C68D

ADDR: 77A6C6AC CODE: 740c jz 0x77a6c6ba
Eax=355CAA0 Ebx=75E4B498 Ecx=355A180 Edx=0 Edi=2 Esi=2 Ebp=327E36C Esp=327E368 Eip=77A6C6AC

ADDR: 77A6C6B4 CODE: 7404 jz 0x77a6c6ba
Eax=355CAAC Ebx=75E4B498 Ecx=355A180 Edx=0 Edi=2 Esi=2 Ebp=327E36C Esp=327E368 Eip=77A6C6B4

ADDR: 772F00BD CODE: 791c jns 0x772f00db
Eax=0 Ebx=75E4B498 Ecx=327E380 Edx=0 Edi=2 Esi=3191000 Ebp=327E384 Esp=327E37C Eip=772F00BD

ADDR: 77A2E69A CODE: 7315 jae 0x77a2e6b1
Eax=77935C1C Ebx=75E4B498 Ecx=77935C18 Edx=3191000 Edi=75EC2AD0 Esi=763BC8DC Ebp=327E35C Esp=327E358 Eip=77A2E69A

ADDR: 778597A6 CODE: 0f8454720500 jz 0x778b0a00
Eax=327E3CC Ebx=763BC8DC Ecx=327E3B8 Edx=3191000 Edi=75EC2AD0 Esi=763BC8DC Ebp=327E360 Esp=327E340 Eip=778597A6

ADDR: 778597D3 CODE: 7479 jz 0x7785984e
Eax=327E3CC Ebx=356E380 Ecx=1F Edx=B76A77F Edi=356E280 Esi=356E348 Ebp=327E360 Esp=327E340 Eip=778597D3

ADDR: 77A27B53 CODE: 746e jz 0x77a27bc3
Eax=FFFFFFFE Ebx=77935C18 Ecx=FFFFFFFF Edx=B76A77F Edi=77935C1C Esi=FFFFFFFE Ebp=327E358 Esp=327E344 Eip=77A27B53

ADDR: 778594A4 CODE: 7458 jz 0x778594fe
Eax=30EE8A47 Ebx=75E4B498 Ecx=1F Edx=B76A77F Edi=2 Esi=77305A70 Ebp=327E39C Esp=327E384 Eip=778594A4

ADDR: 77A78DEB CODE: 730a jae 0x77a78df7
Eax=EE60B4E Ebx=75E4B498 Ecx=77305A70 Edx=404000 Edi=2 Esi=77305A70 Ebp=327E39C Esp=327E378 Eip=77A78DEB

ADDR: 77A709B7 CODE: 747f jz 0x77a70a38
Eax=2 Ebx=3191FB4 Ecx=77305A70 Edx=3191FB4 Edi=2 Esi=77305A70 Ebp=327E350 Esp=327E344 Eip=77A709B7

ADDR: 77A709BE CODE: 7378 jae 0x77a70a38
Eax=2 Ebx=3191FB4 Ecx=77305A70 Edx=3191FB4 Edi=2 Esi=77305A70 Ebp=327E350 Esp=327E344 Eip=77A709BE

ADDR: 77305A83 CODE: 790d jns 0x77305a92
Eax=0 Ebx=75E4B498 Ecx=355A188 Edx=0 Edi=2 Esi=77305A70 Ebp=327E374 Esp=327E374 Eip=77305A83

ADDR: 77862C46 CODE: 740a jz 0x77862c52
Eax=0 Ebx=75E4B498 Ecx=7604E660 Edx=0 Edi=75EC2AF0 Esi=75E4B2B8 Ebp=327E430 Esp=327E424 Eip=77862C46

ADDR: 77A78DEB CODE: 730a jae 0x77a78df7
Eax=EBD855E Ebx=75E4B498 Ecx=75EC2AF0 Edx=44444444 Edi=75EC2AF0 Esi=75E4B2B8 Ebp=327E430 Esp=327E420 Eip=77A78DEB

ADDR: 778595B4 CODE: 7458 jz 0x7785960e
Eax=30EE8A47 Ebx=75E4B498 Ecx=1F Edx=763BC8DC Edi=2 Esi=77305A70 Ebp=327E3A0 Esp=327E388 Eip=778595B4

ADDR: 77A78DEB CODE: 730a jae 0x77a78df7
Eax=EE60B4E Ebx=75E4B498 Ecx=77305A70 Edx=404000 Edi=2 Esi=77305A70 Ebp=327E3A0 Esp=327E37C Eip=77A78DEB

ADDR: 77A709B7 CODE: 747f jz 0x77a70a38
Eax=2 Ebx=3191FB4 Ecx=77305A70 Edx=3191FB4 Edi=2 Esi=77305A70 Ebp=327E354 Esp=327E348 Eip=77A709B7

ADDR: 77A709BE CODE: 7378 jae 0x77a70a38
Eax=2 Ebx=3191FB4 Ecx=77305A70 Edx=3191FB4 Edi=2 Esi=77305A70 Ebp=327E354 Esp=327E348 Eip=77A709BE

ADDR: 77305A83 CODE: 790d jns 0x77305a92
Eax=0 Ebx=75E4B498 Ecx=355A188 Edx=0 Edi=2 Esi=77305A70 Ebp=327E378 Esp=327E378 Eip=77305A83

ADDR: 778590DC CODE: 7454 jz 0x77859132
Eax=30E1272F Ebx=75E4B498 Ecx=1F Edx=0 Edi=2 Esi=772F00A0 Ebp=327E3EC Esp=327E390 Eip=778590DC

ADDR: 77A78DEB CODE: 730a jae 0x77a78df7
Eax=EE5E014 Ebx=75E4B498 Ecx=772F00A0 Edx=104000 Edi=2 Esi=772F00A0 Ebp=327E3EC Esp=327E388 Eip=77A78DEB

ADDR: 77A6C686 CODE: 743c jz 0x77a6c6c4
Eax=2 Ebx=75E4B498 Ecx=355A180 Edx=104000 Edi=2 Esi=3191000 Ebp=327E36C Esp=327E36C Eip=77A6C686

ADDR: 77A6C68D CODE: 7335 jae 0x77a6c6c4
Eax=2 Ebx=75E4B498 Ecx=355A180 Edx=104000 Edi=2 Esi=3191000 Ebp=327E36C Esp=327E36C Eip=77A6C68D

ADDR: 77A6C6AC CODE: 740c jz 0x77a6c6ba
Eax=355CAA0 Ebx=75E4B498 Ecx=355A180 Edx=0 Edi=2 Esi=2 Ebp=327E36C Esp=327E368 Eip=77A6C6AC

ADDR: 77A6C6B4 CODE: 7404 jz 0x77a6c6ba
Eax=355CAAC Ebx=75E4B498 Ecx=355A180 Edx=0 Edi=2 Esi=2 Ebp=327E36C Esp=327E368 Eip=77A6C6B4

ADDR: 772F00BD CODE: 791c jns 0x772f00db
Eax=0 Ebx=75E4B498 Ecx=327E380 Edx=0 Edi=2 Esi=3191000 Ebp=327E384 Esp=327E37C Eip=772F00BD

ADDR: 77A2E69A CODE: 7315 jae 0x77a2e6b1
Eax=77935C1C Ebx=75E4B498 Ecx=77935C18 Edx=3191000 Edi=75EC2AF0 Esi=763BC8DC Ebp=327E35C Esp=327E358 Eip=77A2E69A

ADDR: 778597A6 CODE: 0f8454720500 jz 0x778b0a00
Eax=327E3CC Ebx=763BC8DC Ecx=327E3B8 Edx=3191000 Edi=75EC2AF0 Esi=763BC8DC Ebp=327E360 Esp=327E340 Eip=778597A6

ADDR: 778597D3 CODE: 7479 jz 0x7785984e
Eax=327E3CC Ebx=356E380 Ecx=1F Edx=B76A77F Edi=356E280 Esi=356E34C Ebp=327E360 Esp=327E340 Eip=778597D3

ADDR: 77A27B53 CODE: 746e jz 0x77a27bc3
Eax=FFFFFFFE Ebx=77935C18 Ecx=FFFFFFFF Edx=B76A77F Edi=77935C1C Esi=FFFFFFFE Ebp=327E358 Esp=327E344 Eip=77A27B53

ADDR: 778594A4 CODE: 7458 jz 0x778594fe
Eax=30EE8A47 Ebx=75E4B498 Ecx=1F Edx=B76A77F Edi=2 Esi=77305A70 Ebp=327E39C Esp=327E384 Eip=778594A4

ADDR: 77A78DEB CODE: 730a jae 0x77a78df7
Eax=EE60B4E Ebx=75E4B498 Ecx=77305A70 Edx=404000 Edi=2 Esi=77305A70 Ebp=327E39C Esp=327E378 Eip=77A78DEB

ADDR: 77A709B7 CODE: 747f jz 0x77a70a38
Eax=2 Ebx=3191FB4 Ecx=77305A70 Edx=3191FB4 Edi=2 Esi=77305A70 Ebp=327E350 Esp=327E344 Eip=77A709B7

ADDR: 77A709BE CODE: 7378 jae 0x77a70a38
Eax=2 Ebx=3191FB4 Ecx=77305A70 Edx=3191FB4 Edi=2 Esi=77305A70 Ebp=327E350 Esp=327E344 Eip=77A709BE

ADDR: 77305A83 CODE: 790d jns 0x77305a92
Eax=0 Ebx=75E4B498 Ecx=355A188 Edx=0 Edi=2 Esi=77305A70 Ebp=327E374 Esp=327E374 Eip=77305A83

ADDR: 77862C46 CODE: 740a jz 0x77862c52
Eax=0 Ebx=75E4B498 Ecx=7604E670 Edx=0 Edi=75EC2B10 Esi=75E4B2BC Ebp=327E430 Esp=327E424 Eip=77862C46

ADDR: 77A78DEB CODE: 730a jae 0x77a78df7
Eax=EBD8562 Ebx=75E4B498 Ecx=75EC2B10 Edx=44444444 Edi=75EC2B10 Esi=75E4B2BC Ebp=327E430 Esp=327E420 Eip=77A78DEB

ADDR: 778595B4 CODE: 7458 jz 0x7785960e
Eax=30EE8A47 Ebx=75E4B498 Ecx=1F Edx=763BC8DC Edi=2 Esi=77305A70 Ebp=327E3A0 Esp=327E388 Eip=778595B4

ADDR: 77A78DEB CODE: 730a jae 0x77a78df7
Eax=EE60B4E Ebx=75E4B498 Ecx=77305A70 Edx=404000 Edi=2 Esi=77305A70 Ebp=327E3A0 Esp=327E37C Eip=77A78DEB

ADDR: 77A709B7 CODE: 747f jz 0x77a70a38
Eax=2 Ebx=3191FB4 Ecx=77305A70 Edx=3191FB4 Edi=2 Esi=77305A70 Ebp=327E354 Esp=327E348 Eip=77A709B7

ADDR: 77A709BE CODE: 7378 jae 0x77a70a38
Eax=2 Ebx=3191FB4 Ecx=77305A70 Edx=3191FB4 Edi=2 Esi=77305A70 Ebp=327E354 Esp=327E348 Eip=77A709BE

ADDR: 77305A83 CODE: 790d jns 0x77305a92
Eax=0 Ebx=75E4B498 Ecx=355A188 Edx=0 Edi=2 Esi=77305A70 Ebp=327E378 Esp=327E378 Eip=77305A83

ADDR: 778590DC CODE: 7454 jz 0x77859132
Eax=30E1272F Ebx=75E4B498 Ecx=1F Edx=0 Edi=2 Esi=772F00A0 Ebp=327E3EC Esp=327E390 Eip=778590DC

ADDR: 77A78DEB CODE: 730a jae 0x77a78df7
Eax=EE5E014 Ebx=75E4B498 Ecx=772F00A0 Edx=104000 Edi=2 Esi=772F00A0 Ebp=327E3EC Esp=327E388 Eip=77A78DEB

ADDR: 77A6C686 CODE: 743c jz 0x77a6c6c4
Eax=2 Ebx=75E4B498 Ecx=355A180 Edx=104000 Edi=2 Esi=3191000 Ebp=327E36C Esp=327E36C Eip=77A6C686

ADDR: 77A6C68D CODE: 7335 jae 0x77a6c6c4
Eax=2 Ebx=75E4B498 Ecx=355A180 Edx=104000 Edi=2 Esi=3191000 Ebp=327E36C Esp=327E36C Eip=77A6C68D

ADDR: 77A6C6AC CODE: 740c jz 0x77a6c6ba
Eax=355CAA0 Ebx=75E4B498 Ecx=355A180 Edx=0 Edi=2 Esi=2 Ebp=327E36C Esp=327E368 Eip=77A6C6AC

ADDR: 77A6C6B4 CODE: 7404 jz 0x77a6c6ba
Eax=355CAAC Ebx=75E4B498 Ecx=355A180 Edx=0 Edi=2 Esi=2 Ebp=327E36C Esp=327E368 Eip=77A6C6B4

ADDR: 772F00BD CODE: 791c jns 0x772f00db
Eax=0 Ebx=75E4B498 Ecx=327E380 Edx=0 Edi=2 Esi=3191000 Ebp=327E384 Esp=327E37C Eip=772F00BD

ADDR: 77A2E69A CODE: 7315 jae 0x77a2e6b1
Eax=77935C1C Ebx=75E4B498 Ecx=77935C18 Edx=3191000 Edi=75EC2B10 Esi=763BC8DC Ebp=327E35C Esp=327E358 Eip=77A2E69A

ADDR: 778597A6 CODE: 0f8454720500 jz 0x778b0a00
Eax=327E3CC Ebx=763BC8DC Ecx=327E3B8 Edx=3191000 Edi=75EC2B10 Esi=763BC8DC Ebp=327E360 Esp=327E340 Eip=778597A6

ADDR: 778597D3 CODE: 7479 jz 0x7785984e
Eax=327E3CC Ebx=356E380 Ecx=1F Edx=B76A77F Edi=356E280 Esi=356E350 Ebp=327E360 Esp=327E340 Eip=778597D3

ADDR: 77A27B53 CODE: 746e jz 0x77a27bc3
Eax=FFFFFFFE Ebx=77935C18 Ecx=FFFFFFFF Edx=B76A77F Edi=77935C1C Esi=FFFFFFFE Ebp=327E358 Esp=327E344 Eip=77A27B53

ADDR: 778594A4 CODE: 7458 jz 0x778594fe
Eax=30EE8A47 Ebx=75E4B498 Ecx=1F Edx=B76A77F Edi=2 Esi=77305A70 Ebp=327E39C Esp=327E384 Eip=778594A4

ADDR: 77A78DEB CODE: 730a jae 0x77a78df7
Eax=EE60B4E Ebx=75E4B498 Ecx=77305A70 Edx=404000 Edi=2 Esi=77305A70 Ebp=327E39C Esp=327E378 Eip=77A78DEB

ADDR: 77A709B7 CODE: 747f jz 0x77a70a38
Eax=2 Ebx=3191FB4 Ecx=77305A70 Edx=3191FB4 Edi=2 Esi=77305A70 Ebp=327E350 Esp=327E344 Eip=77A709B7

ADDR: 77A709BE CODE: 7378 jae 0x77a70a38
Eax=2 Ebx=3191FB4 Ecx=77305A70 Edx=3191FB4 Edi=2 Esi=77305A70 Ebp=327E350 Esp=327E344 Eip=77A709BE

ADDR: 77305A83 CODE: 790d jns 0x77305a92
Eax=0 Ebx=75E4B498 Ecx=355A188 Edx=0 Edi=2 Esi=77305A70 Ebp=327E374 Esp=327E374 Eip=77305A83

ADDR: 77862C46 CODE: 740a jz 0x77862c52
Eax=0 Ebx=75E4B498 Ecx=7604E680 Edx=0 Edi=75EC2B30 Esi=75E4B2C0 Ebp=327E430 Esp=327E424 Eip=77862C46

ADDR: 77A78DEB CODE: 730a jae 0x77a78df7
Eax=EBD8566 Ebx=75E4B498 Ecx=75EC2B30 Edx=44444444 Edi=75EC2B30 Esi=75E4B2C0 Ebp=327E430 Esp=327E420 Eip=77A78DEB

ADDR: 778595B4 CODE: 7458 jz 0x7785960e
Eax=30EE8A47 Ebx=75E4B498 Ecx=1F Edx=763BC8DC Edi=2 Esi=77305A70 Ebp=327E3A0 Esp=327E388 Eip=778595B4

ADDR: 77A78DEB CODE: 730a jae 0x77a78df7
Eax=EE60B4E Ebx=75E4B498 Ecx=77305A70 Edx=404000 Edi=2 Esi=77305A70 Ebp=327E3A0 Esp=327E37C Eip=77A78DEB

ADDR: 77A709B7 CODE: 747f jz 0x77a70a38
Eax=2 Ebx=3191FB4 Ecx=77305A70 Edx=3191FB4 Edi=2 Esi=77305A70 Ebp=327E354 Esp=327E348 Eip=77A709B7

ADDR: 77A709BE CODE: 7378 jae 0x77a70a38
Eax=2 Ebx=3191FB4 Ecx=77305A70 Edx=3191FB4 Edi=2 Esi=77305A70 Ebp=327E354 Esp=327E348 Eip=77A709BE

ADDR: 77305A83 CODE: 790d jns 0x77305a92
Eax=0 Ebx=75E4B498 Ecx=355A188 Edx=0 Edi=2 Esi=77305A70 Ebp=327E378 Esp=327E378 Eip=77305A83

ADDR: 778590DC CODE: 7454 jz 0x77859132
Eax=30E1272F Ebx=75E4B498 Ecx=1F Edx=0 Edi=2 Esi=772F00A0 Ebp=327E3EC Esp=327E390 Eip=778590DC

ADDR: 77A78DEB CODE: 730a jae 0x77a78df7
Eax=EE5E014 Ebx=75E4B498 Ecx=772F00A0 Edx=104000 Edi=2 Esi=772F00A0 Ebp=327E3EC Esp=327E388 Eip=77A78DEB

ADDR: 77A6C686 CODE: 743c jz 0x77a6c6c4
Eax=2 Ebx=75E4B498 Ecx=355A180 Edx=104000 Edi=2 Esi=3191000 Ebp=327E36C Esp=327E36C Eip=77A6C686

ADDR: 77A6C68D CODE: 7335 jae 0x77a6c6c4
Eax=2 Ebx=75E4B498 Ecx=355A180 Edx=104000 Edi=2 Esi=3191000 Ebp=327E36C Esp=327E36C Eip=77A6C68D

ADDR: 77A6C6AC CODE: 740c jz 0x77a6c6ba
Eax=355CAA0 Ebx=75E4B498 Ecx=355A180 Edx=0 Edi=2 Esi=2 Ebp=327E36C Esp=327E368 Eip=77A6C6AC

ADDR: 77A6C6B4 CODE: 7404 jz 0x77a6c6ba
Eax=355CAAC Ebx=75E4B498 Ecx=355A180 Edx=0 Edi=2 Esi=2 Ebp=327E36C Esp=327E368 Eip=77A6C6B4

ADDR: 772F00BD CODE: 791c jns 0x772f00db
Eax=0 Ebx=75E4B498 Ecx=327E380 Edx=0 Edi=2 Esi=3191000 Ebp=327E384 Esp=327E37C Eip=772F00BD

ADDR: 77A2E69A CODE: 7315 jae 0x77a2e6b1
Eax=77935C1C Ebx=75E4B498 Ecx=77935C18 Edx=3191000 Edi=75EC2B30 Esi=763BC8DC Ebp=327E35C Esp=327E358 Eip=77A2E69A

ADDR: 778597A6 CODE: 0f8454720500 jz 0x778b0a00
Eax=327E3CC Ebx=763BC8DC Ecx=327E3B8 Edx=3191000 Edi=75EC2B30 Esi=763BC8DC Ebp=327E360 Esp=327E340 Eip=778597A6

ADDR: 778597D3 CODE: 7479 jz 0x7785984e
Eax=327E3CC Ebx=356E380 Ecx=1F Edx=B76A77F Edi=356E280 Esi=356E354 Ebp=327E360 Esp=327E340 Eip=778597D3

ADDR: 77A27B53 CODE: 746e jz 0x77a27bc3
Eax=FFFFFFFE Ebx=77935C18 Ecx=FFFFFFFF Edx=B76A77F Edi=77935C1C Esi=FFFFFFFE Ebp=327E358 Esp=327E344 Eip=77A27B53

ADDR: 778594A4 CODE: 7458 jz 0x778594fe
Eax=30EE8A47 Ebx=75E4B498 Ecx=1F Edx=B76A77F Edi=2 Esi=77305A70 Ebp=327E39C Esp=327E384 Eip=778594A4

ADDR: 77A78DEB CODE: 730a jae 0x77a78df7
Eax=EE60B4E Ebx=75E4B498 Ecx=77305A70 Edx=404000 Edi=2 Esi=77305A70 Ebp=327E39C Esp=327E378 Eip=77A78DEB

ADDR: 77A709B7 CODE: 747f jz 0x77a70a38
Eax=2 Ebx=3191FB4 Ecx=77305A70 Edx=3191FB4 Edi=2 Esi=77305A70 Ebp=327E350 Esp=327E344 Eip=77A709B7

ADDR: 77A709BE CODE: 7378 jae 0x77a70a38
Eax=2 Ebx=3191FB4 Ecx=77305A70 Edx=3191FB4 Edi=2 Esi=77305A70 Ebp=327E350 Esp=327E344 Eip=77A709BE

ADDR: 77305A83 CODE: 790d jns 0x77305a92
Eax=0 Ebx=75E4B498 Ecx=355A188 Edx=0 Edi=2 Esi=77305A70 Ebp=327E374 Esp=327E374 Eip=77305A83

ADDR: 77862C46 CODE: 740a jz 0x77862c52
Eax=0 Ebx=75E4B498 Ecx=7604E690 Edx=0 Edi=75EC2B50 Esi=75E4B2C4 Ebp=327E430 Esp=327E424 Eip=77862C46

ADDR: 77A78DEB CODE: 730a jae 0x77a78df7
Eax=EBD856A Ebx=75E4B498 Ecx=75EC2B50 Edx=44444444 Edi=75EC2B50 Esi=75E4B2C4 Ebp=327E430 Esp=327E420 Eip=77A78DEB

ADDR: 778595B4 CODE: 7458 jz 0x7785960e
Eax=30EE8A47 Ebx=75E4B498 Ecx=1F Edx=763BC8DC Edi=2 Esi=77305A70 Ebp=327E3A0 Esp=327E388 Eip=778595B4

ADDR: 77A78DEB CODE: 730a jae 0x77a78df7
Eax=EE60B4E Ebx=75E4B498 Ecx=77305A70 Edx=404000 Edi=2 Esi=77305A70 Ebp=327E3A0 Esp=327E37C Eip=77A78DEB

ADDR: 77A709B7 CODE: 747f jz 0x77a70a38
Eax=2 Ebx=3191FB4 Ecx=77305A70 Edx=3191FB4 Edi=2 Esi=77305A70 Ebp=327E354 Esp=327E348 Eip=77A709B7

ADDR: 77A709BE CODE: 7378 jae 0x77a70a38
Eax=2 Ebx=3191FB4 Ecx=77305A70 Edx=3191FB4 Edi=2 Esi=77305A70 Ebp=327E354 Esp=327E348 Eip=77A709BE

ADDR: 77305A83 CODE: 790d jns 0x77305a92
Eax=0 Ebx=75E4B498 Ecx=355A188 Edx=0 Edi=2 Esi=77305A70 Ebp=327E378 Esp=327E378 Eip=77305A83

ADDR: 778590DC CODE: 7454 jz 0x77859132
Eax=30E1272F Ebx=75E4B498 Ecx=1F Edx=0 Edi=2 Esi=772F00A0 Ebp=327E3EC Esp=327E390 Eip=778590DC

ADDR: 77A78DEB CODE: 730a jae 0x77a78df7
Eax=EE5E014 Ebx=75E4B498 Ecx=772F00A0 Edx=104000 Edi=2 Esi=772F00A0 Ebp=327E3EC Esp=327E388 Eip=77A78DEB

ADDR: 77A6C686 CODE: 743c jz 0x77a6c6c4
Eax=2 Ebx=75E4B498 Ecx=355A180 Edx=104000 Edi=2 Esi=3191000 Ebp=327E36C Esp=327E36C Eip=77A6C686

ADDR: 77A6C68D CODE: 7335 jae 0x77a6c6c4
Eax=2 Ebx=75E4B498 Ecx=355A180 Edx=104000 Edi=2 Esi=3191000 Ebp=327E36C Esp=327E36C Eip=77A6C68D

ADDR: 77A6C6AC CODE: 740c jz 0x77a6c6ba
Eax=355CAA0 Ebx=75E4B498 Ecx=355A180 Edx=0 Edi=2 Esi=2 Ebp=327E36C Esp=327E368 Eip=77A6C6AC

ADDR: 77A6C6B4 CODE: 7404 jz 0x77a6c6ba
Eax=355CAAC Ebx=75E4B498 Ecx=355A180 Edx=0 Edi=2 Esi=2 Ebp=327E36C Esp=327E368 Eip=77A6C6B4

ADDR: 772F00BD CODE: 791c jns 0x772f00db
Eax=0 Ebx=75E4B498 Ecx=327E380 Edx=0 Edi=2 Esi=3191000 Ebp=327E384 Esp=327E37C Eip=772F00BD

ADDR: 77A2E69A CODE: 7315 jae 0x77a2e6b1
Eax=77935C1C Ebx=75E4B498 Ecx=77935C18 Edx=3191000 Edi=75EC2B50 Esi=763BC8DC Ebp=327E35C Esp=327E358 Eip=77A2E69A

ADDR: 778597A6 CODE: 0f8454720500 jz 0x778b0a00
Eax=327E3CC Ebx=763BC8DC Ecx=327E3B8 Edx=3191000 Edi=75EC2B50 Esi=763BC8DC Ebp=327E360 Esp=327E340 Eip=778597A6

ADDR: 778597D3 CODE: 7479 jz 0x7785984e
Eax=327E3CC Ebx=356E380 Ecx=1F Edx=B76A77F Edi=356E280 Esi=356E358 Ebp=327E360 Esp=327E340 Eip=778597D3

ADDR: 77A27B53 CODE: 746e jz 0x77a27bc3
Eax=FFFFFFFE Ebx=77935C18 Ecx=FFFFFFFF Edx=B76A77F Edi=77935C1C Esi=FFFFFFFE Ebp=327E358 Esp=327E344 Eip=77A27B53

ADDR: 778594A4 CODE: 7458 jz 0x778594fe
Eax=30EE8A47 Ebx=75E4B498 Ecx=1F Edx=B76A77F Edi=2 Esi=77305A70 Ebp=327E39C Esp=327E384 Eip=778594A4

ADDR: 77A78DEB CODE: 730a jae 0x77a78df7
Eax=EE60B4E Ebx=75E4B498 Ecx=77305A70 Edx=404000 Edi=2 Esi=77305A70 Ebp=327E39C Esp=327E378 Eip=77A78DEB

ADDR: 77A709B7 CODE: 747f jz 0x77a70a38
Eax=2 Ebx=3191FB4 Ecx=77305A70 Edx=3191FB4 Edi=2 Esi=77305A70 Ebp=327E350 Esp=327E344 Eip=77A709B7

ADDR: 77A709BE CODE: 7378 jae 0x77a70a38
Eax=2 Ebx=3191FB4 Ecx=77305A70 Edx=3191FB4 Edi=2 Esi=77305A70 Ebp=327E350 Esp=327E344 Eip=77A709BE

ADDR: 77305A83 CODE: 790d jns 0x77305a92
Eax=0 Ebx=75E4B498 Ecx=355A188 Edx=0 Edi=2 Esi=77305A70 Ebp=327E374 Esp=327E374 Eip=77305A83

ADDR: 77862C46 CODE: 740a jz 0x77862c52
Eax=0 Ebx=75E4B498 Ecx=7604E6A0 Edx=0 Edi=75EC2B70 Esi=75E4B2C8 Ebp=327E430 Esp=327E424 Eip=77862C46

ADDR: 77A78DEB CODE: 730a jae 0x77a78df7
Eax=EBD856E Ebx=75E4B498 Ecx=75EC2B70 Edx=44444444 Edi=75EC2B70 Esi=75E4B2C8 Ebp=327E430 Esp=327E420 Eip=77A78DEB

ADDR: 778595B4 CODE: 7458 jz 0x7785960e
Eax=30EE8A47 Ebx=75E4B498 Ecx=1F Edx=763BC8DC Edi=2 Esi=77305A70 Ebp=327E3A0 Esp=327E388 Eip=778595B4

ADDR: 77A78DEB CODE: 730a jae 0x77a78df7
Eax=EE60B4E Ebx=75E4B498 Ecx=77305A70 Edx=404000 Edi=2 Esi=77305A70 Ebp=327E3A0 Esp=327E37C Eip=77A78DEB

ADDR: 77A709B7 CODE: 747f jz 0x77a70a38
Eax=2 Ebx=3191FB4 Ecx=77305A70 Edx=3191FB4 Edi=2 Esi=77305A70 Ebp=327E354 Esp=327E348 Eip=77A709B7

ADDR: 77A709BE CODE: 7378 jae 0x77a70a38
Eax=2 Ebx=3191FB4 Ecx=77305A70 Edx=3191FB4 Edi=2 Esi=77305A70 Ebp=327E354 Esp=327E348 Eip=77A709BE

ADDR: 77305A83 CODE: 790d jns 0x77305a92
Eax=0 Ebx=75E4B498 Ecx=355A188 Edx=0 Edi=2 Esi=77305A70 Ebp=327E378 Esp=327E378 Eip=77305A83

ADDR: 778590DC CODE: 7454 jz 0x77859132
Eax=30E1272F Ebx=75E4B498 Ecx=1F Edx=0 Edi=2 Esi=772F00A0 Ebp=327E3EC Esp=327E390 Eip=778590DC

ADDR: 77A78DEB CODE: 730a jae 0x77a78df7
Eax=EE5E014 Ebx=75E4B498 Ecx=772F00A0 Edx=104000 Edi=2 Esi=772F00A0 Ebp=327E3EC Esp=327E388 Eip=77A78DEB

ADDR: 77A6C686 CODE: 743c jz 0x77a6c6c4
Eax=2 Ebx=75E4B498 Ecx=355A180 Edx=104000 Edi=2 Esi=3191000 Ebp=327E36C Esp=327E36C Eip=77A6C686

ADDR: 77A6C68D CODE: 7335 jae 0x77a6c6c4
Eax=2 Ebx=75E4B498 Ecx=355A180 Edx=104000 Edi=2 Esi=3191000 Ebp=327E36C Esp=327E36C Eip=77A6C68D

ADDR: 77A6C6AC CODE: 740c jz 0x77a6c6ba
Eax=355CAA0 Ebx=75E4B498 Ecx=355A180 Edx=0 Edi=2 Esi=2 Ebp=327E36C Esp=327E368 Eip=77A6C6AC

ADDR: 77A6C6B4 CODE: 7404 jz 0x77a6c6ba
Eax=355CAAC Ebx=75E4B498 Ecx=355A180 Edx=0 Edi=2 Esi=2 Ebp=327E36C Esp=327E368 Eip=77A6C6B4

ADDR: 772F00BD CODE: 791c jns 0x772f00db
Eax=0 Ebx=75E4B498 Ecx=327E380 Edx=0 Edi=2 Esi=3191000 Ebp=327E384 Esp=327E37C Eip=772F00BD

ADDR: 77A2E69A CODE: 7315 jae 0x77a2e6b1
Eax=77935C1C Ebx=75E4B498 Ecx=77935C18 Edx=3191000 Edi=75EC2B70 Esi=763BC8DC Ebp=327E35C Esp=327E358 Eip=77A2E69A

ADDR: 778597A6 CODE: 0f8454720500 jz 0x778b0a00
Eax=327E3CC Ebx=763BC8DC Ecx=327E3B8 Edx=3191000 Edi=75EC2B70 Esi=763BC8DC Ebp=327E360 Esp=327E340 Eip=778597A6

ADDR: 778597D3 CODE: 7479 jz 0x7785984e
Eax=327E3CC Ebx=356E380 Ecx=1F Edx=B76A77F Edi=356E280 Esi=356E35C Ebp=327E360 Esp=327E340 Eip=778597D3

ADDR: 77A27B53 CODE: 746e jz 0x77a27bc3
Eax=FFFFFFFE Ebx=77935C18 Ecx=FFFFFFFF Edx=B76A77F Edi=77935C1C Esi=FFFFFFFE Ebp=327E358 Esp=327E344 Eip=77A27B53

ADDR: 778594A4 CODE: 7458 jz 0x778594fe
Eax=30EE8A47 Ebx=75E4B498 Ecx=1F Edx=B76A77F Edi=2 Esi=77305A70 Ebp=327E39C Esp=327E384 Eip=778594A4

ADDR: 77A78DEB CODE: 730a jae 0x77a78df7
Eax=EE60B4E Ebx=75E4B498 Ecx=77305A70 Edx=404000 Edi=2 Esi=77305A70 Ebp=327E39C Esp=327E378 Eip=77A78DEB

ADDR: 77A709B7 CODE: 747f jz 0x77a70a38
Eax=2 Ebx=3191FB4 Ecx=77305A70 Edx=3191FB4 Edi=2 Esi=77305A70 Ebp=327E350 Esp=327E344 Eip=77A709B7

ADDR: 77A709BE CODE: 7378 jae 0x77a70a38
Eax=2 Ebx=3191FB4 Ecx=77305A70 Edx=3191FB4 Edi=2 Esi=77305A70 Ebp=327E350 Esp=327E344 Eip=77A709BE

ADDR: 77305A83 CODE: 790d jns 0x77305a92
Eax=0 Ebx=75E4B498 Ecx=355A188 Edx=0 Edi=2 Esi=77305A70 Ebp=327E374 Esp=327E374 Eip=77305A83

ADDR: 77862C46 CODE: 740a jz 0x77862c52
Eax=0 Ebx=75E4B498 Ecx=7604E6B0 Edx=0 Edi=75EC2B90 Esi=75E4B2CC Ebp=327E430 Esp=327E424 Eip=77862C46

ADDR: 77A78DEB CODE: 730a jae 0x77a78df7
Eax=EBD8572 Ebx=75E4B498 Ecx=75EC2B90 Edx=44444444 Edi=75EC2B90 Esi=75E4B2CC Ebp=327E430 Esp=327E420 Eip=77A78DEB

ADDR: 778595B4 CODE: 7458 jz 0x7785960e
Eax=30EE8A47 Ebx=75E4B498 Ecx=1F Edx=763BC8DC Edi=2 Esi=77305A70 Ebp=327E3A0 Esp=327E388 Eip=778595B4

ADDR: 77A78DEB CODE: 730a jae 0x77a78df7
Eax=EE60B4E Ebx=75E4B498 Ecx=77305A70 Edx=404000 Edi=2 Esi=77305A70 Ebp=327E3A0 Esp=327E37C Eip=77A78DEB

ADDR: 77A709B7 CODE: 747f jz 0x77a70a38
Eax=2 Ebx=3191FB4 Ecx=77305A70 Edx=3191FB4 Edi=2 Esi=77305A70 Ebp=327E354 Esp=327E348 Eip=77A709B7

ADDR: 77A709BE CODE: 7378 jae 0x77a70a38
Eax=2 Ebx=3191FB4 Ecx=77305A70 Edx=3191FB4 Edi=2 Esi=77305A70 Ebp=327E354 Esp=327E348 Eip=77A709BE

ADDR: 77305A83 CODE: 790d jns 0x77305a92
Eax=0 Ebx=75E4B498 Ecx=355A188 Edx=0 Edi=2 Esi=77305A70 Ebp=327E378 Esp=327E378 Eip=77305A83

ADDR: 778590DC CODE: 7454 jz 0x77859132
Eax=30E1272F Ebx=75E4B498 Ecx=1F Edx=0 Edi=2 Esi=772F00A0 Ebp=327E3EC Esp=327E390 Eip=778590DC

ADDR: 77A78DEB CODE: 730a jae 0x77a78df7
Eax=EE5E014 Ebx=75E4B498 Ecx=772F00A0 Edx=104000 Edi=2 Esi=772F00A0 Ebp=327E3EC Esp=327E388 Eip=77A78DEB

ADDR: 77A6C686 CODE: 743c jz 0x77a6c6c4
Eax=2 Ebx=75E4B498 Ecx=355A180 Edx=104000 Edi=2 Esi=3191000 Ebp=327E36C Esp=327E36C Eip=77A6C686

ADDR: 77A6C68D CODE: 7335 jae 0x77a6c6c4
Eax=2 Ebx=75E4B498 Ecx=355A180 Edx=104000 Edi=2 Esi=3191000 Ebp=327E36C Esp=327E36C Eip=77A6C68D

ADDR: 77A6C6AC CODE: 740c jz 0x77a6c6ba
Eax=355CAA0 Ebx=75E4B498 Ecx=355A180 Edx=0 Edi=2 Esi=2 Ebp=327E36C Esp=327E368 Eip=77A6C6AC

ADDR: 77A6C6B4 CODE: 7404 jz 0x77a6c6ba
Eax=355CAAC Ebx=75E4B498 Ecx=355A180 Edx=0 Edi=2 Esi=2 Ebp=327E36C Esp=327E368 Eip=77A6C6B4

ADDR: 772F00BD CODE: 791c jns 0x772f00db
Eax=0 Ebx=75E4B498 Ecx=327E380 Edx=0 Edi=2 Esi=3191000 Ebp=327E384 Esp=327E37C Eip=772F00BD

ADDR: 77A2E69A CODE: 7315 jae 0x77a2e6b1
Eax=77935C1C Ebx=75E4B498 Ecx=77935C18 Edx=3191000 Edi=75EC2B90 Esi=763BC8DC Ebp=327E35C Esp=327E358 Eip=77A2E69A

ADDR: 778597A6 CODE: 0f8454720500 jz 0x778b0a00
Eax=327E3CC Ebx=763BC8DC Ecx=327E3B8 Edx=3191000 Edi=75EC2B90 Esi=763BC8DC Ebp=327E360 Esp=327E340 Eip=778597A6

ADDR: 778597D3 CODE: 7479 jz 0x7785984e
Eax=327E3CC Ebx=356E380 Ecx=1F Edx=B76A77F Edi=356E280 Esi=356E360 Ebp=327E360 Esp=327E340 Eip=778597D3

ADDR: 77A27B53 CODE: 746e jz 0x77a27bc3
Eax=FFFFFFFE Ebx=77935C18 Ecx=FFFFFFFF Edx=B76A77F Edi=77935C1C Esi=FFFFFFFE Ebp=327E358 Esp=327E344 Eip=77A27B53

ADDR: 778594A4 CODE: 7458 jz 0x778594fe
Eax=30EE8A47 Ebx=75E4B498 Ecx=1F Edx=B76A77F Edi=2 Esi=77305A70 Ebp=327E39C Esp=327E384 Eip=778594A4

ADDR: 77A78DEB CODE: 730a jae 0x77a78df7
Eax=EE60B4E Ebx=75E4B498 Ecx=77305A70 Edx=404000 Edi=2 Esi=77305A70 Ebp=327E39C Esp=327E378 Eip=77A78DEB

ADDR: 77A709B7 CODE: 747f jz 0x77a70a38
Eax=2 Ebx=3191FB4 Ecx=77305A70 Edx=3191FB4 Edi=2 Esi=77305A70 Ebp=327E350 Esp=327E344 Eip=77A709B7

ADDR: 77A709BE CODE: 7378 jae 0x77a70a38
Eax=2 Ebx=3191FB4 Ecx=77305A70 Edx=3191FB4 Edi=2 Esi=77305A70 Ebp=327E350 Esp=327E344 Eip=77A709BE

ADDR: 77305A83 CODE: 790d jns 0x77305a92
Eax=0 Ebx=75E4B498 Ecx=355A188 Edx=0 Edi=2 Esi=77305A70 Ebp=327E374 Esp=327E374 Eip=77305A83

ADDR: 77862C46 CODE: 740a jz 0x77862c52
Eax=0 Ebx=75E4B498 Ecx=7604E6C0 Edx=0 Edi=75EC2BB0 Esi=75E4B2D0 Ebp=327E430 Esp=327E424 Eip=77862C46

ADDR: 77A78DEB CODE: 730a jae 0x77a78df7
Eax=EBD8576 Ebx=75E4B498 Ecx=75EC2BB0 Edx=44444444 Edi=75EC2BB0 Esi=75E4B2D0 Ebp=327E430 Esp=327E420 Eip=77A78DEB

ADDR: 778595B4 CODE: 7458 jz 0x7785960e
Eax=30EE8A47 Ebx=75E4B498 Ecx=1F Edx=763BC8DC Edi=2 Esi=77305A70 Ebp=327E3A0 Esp=327E388 Eip=778595B4

ADDR: 77A78DEB CODE: 730a jae 0x77a78df7
Eax=EE60B4E Ebx=75E4B498 Ecx=77305A70 Edx=404000 Edi=2 Esi=77305A70 Ebp=327E3A0 Esp=327E37C Eip=77A78DEB

ADDR: 77A709B7 CODE: 747f jz 0x77a70a38
Eax=2 Ebx=3191FB4 Ecx=77305A70 Edx=3191FB4 Edi=2 Esi=77305A70 Ebp=327E354 Esp=327E348 Eip=77A709B7

ADDR: 77A709BE CODE: 7378 jae 0x77a70a38
Eax=2 Ebx=3191FB4 Ecx=77305A70 Edx=3191FB4 Edi=2 Esi=77305A70 Ebp=327E354 Esp=327E348 Eip=77A709BE

ADDR: 77305A83 CODE: 790d jns 0x77305a92
Eax=0 Ebx=75E4B498 Ecx=355A188 Edx=0 Edi=2 Esi=77305A70 Ebp=327E378 Esp=327E378 Eip=77305A83

ADDR: 778590DC CODE: 7454 jz 0x77859132
Eax=30E1272F Ebx=75E4B498 Ecx=1F Edx=0 Edi=2 Esi=772F00A0 Ebp=327E3EC Esp=327E390 Eip=778590DC

ADDR: 77A78DEB CODE: 730a jae 0x77a78df7
Eax=EE5E014 Ebx=75E4B498 Ecx=772F00A0 Edx=104000 Edi=2 Esi=772F00A0 Ebp=327E3EC Esp=327E388 Eip=77A78DEB

ADDR: 77A6C686 CODE: 743c jz 0x77a6c6c4
Eax=2 Ebx=75E4B498 Ecx=355A180 Edx=104000 Edi=2 Esi=3191000 Ebp=327E36C Esp=327E36C Eip=77A6C686

ADDR: 77A6C68D CODE: 7335 jae 0x77a6c6c4
Eax=2 Ebx=75E4B498 Ecx=355A180 Edx=104000 Edi=2 Esi=3191000 Ebp=327E36C Esp=327E36C Eip=77A6C68D

ADDR: 77A6C6AC CODE: 740c jz 0x77a6c6ba
Eax=355CAA0 Ebx=75E4B498 Ecx=355A180 Edx=0 Edi=2 Esi=2 Ebp=327E36C Esp=327E368 Eip=77A6C6AC

ADDR: 77A6C6B4 CODE: 7404 jz 0x77a6c6ba
Eax=355CAAC Ebx=75E4B498 Ecx=355A180 Edx=0 Edi=2 Esi=2 Ebp=327E36C Esp=327E368 Eip=77A6C6B4

ADDR: 772F00BD CODE: 791c jns 0x772f00db
Eax=0 Ebx=75E4B498 Ecx=327E380 Edx=0 Edi=2 Esi=3191000 Ebp=327E384 Esp=327E37C Eip=772F00BD

ADDR: 77A2E69A CODE: 7315 jae 0x77a2e6b1
Eax=77935C1C Ebx=75E4B498 Ecx=77935C18 Edx=3191000 Edi=75EC2BB0 Esi=763BC8DC Ebp=327E35C Esp=327E358 Eip=77A2E69A

ADDR: 778597A6 CODE: 0f8454720500 jz 0x778b0a00
Eax=327E3CC Ebx=763BC8DC Ecx=327E3B8 Edx=3191000 Edi=75EC2BB0 Esi=763BC8DC Ebp=327E360 Esp=327E340 Eip=778597A6

ADDR: 778597D3 CODE: 7479 jz 0x7785984e
Eax=327E3CC Ebx=356E380 Ecx=1F Edx=B76A77F Edi=356E280 Esi=356E364 Ebp=327E360 Esp=327E340 Eip=778597D3

ADDR: 77A27B53 CODE: 746e jz 0x77a27bc3
Eax=FFFFFFFE Ebx=77935C18 Ecx=FFFFFFFF Edx=B76A77F Edi=77935C1C Esi=FFFFFFFE Ebp=327E358 Esp=327E344 Eip=77A27B53

ADDR: 778594A4 CODE: 7458 jz 0x778594fe
Eax=30EE8A47 Ebx=75E4B498 Ecx=1F Edx=B76A77F Edi=2 Esi=77305A70 Ebp=327E39C Esp=327E384 Eip=778594A4

ADDR: 77A78DEB CODE: 730a jae 0x77a78df7
Eax=EE60B4E Ebx=75E4B498 Ecx=77305A70 Edx=404000 Edi=2 Esi=77305A70 Ebp=327E39C Esp=327E378 Eip=77A78DEB

ADDR: 77A709B7 CODE: 747f jz 0x77a70a38
Eax=2 Ebx=3191FB4 Ecx=77305A70 Edx=3191FB4 Edi=2 Esi=77305A70 Ebp=327E350 Esp=327E344 Eip=77A709B7

ADDR: 77A709BE CODE: 7378 jae 0x77a70a38
Eax=2 Ebx=3191FB4 Ecx=77305A70 Edx=3191FB4 Edi=2 Esi=77305A70 Ebp=327E350 Esp=327E344 Eip=77A709BE

ADDR: 77305A83 CODE: 790d jns 0x77305a92
Eax=0 Ebx=75E4B498 Ecx=355A188 Edx=0 Edi=2 Esi=77305A70 Ebp=327E374 Esp=327E374 Eip=77305A83

ADDR: 77862C46 CODE: 740a jz 0x77862c52
Eax=0 Ebx=75E4B498 Ecx=7604E6D0 Edx=0 Edi=75EC2BD0 Esi=75E4B2D4 Ebp=327E430 Esp=327E424 Eip=77862C46

ADDR: 77A78DEB CODE: 730a jae 0x77a78df7
Eax=EBD857A Ebx=75E4B498 Ecx=75EC2BD0 Edx=44444444 Edi=75EC2BD0 Esi=75E4B2D4 Ebp=327E430 Esp=327E420 Eip=77A78DEB

ADDR: 778595B4 CODE: 7458 jz 0x7785960e
Eax=30EE8A47 Ebx=75E4B498 Ecx=1F Edx=763BC8DC Edi=2 Esi=77305A70 Ebp=327E3A0 Esp=327E388 Eip=778595B4

ADDR: 77A78DEB CODE: 730a jae 0x77a78df7
Eax=EE60B4E Ebx=75E4B498 Ecx=77305A70 Edx=404000 Edi=2 Esi=77305A70 Ebp=327E3A0 Esp=327E37C Eip=77A78DEB

ADDR: 77A709B7 CODE: 747f jz 0x77a70a38
Eax=2 Ebx=3191FB4 Ecx=77305A70 Edx=3191FB4 Edi=2 Esi=77305A70 Ebp=327E354 Esp=327E348 Eip=77A709B7

ADDR: 77A709BE CODE: 7378 jae 0x77a70a38
Eax=2 Ebx=3191FB4 Ecx=77305A70 Edx=3191FB4 Edi=2 Esi=77305A70 Ebp=327E354 Esp=327E348 Eip=77A709BE

ADDR: 77305A83 CODE: 790d jns 0x77305a92
Eax=0 Ebx=75E4B498 Ecx=355A188 Edx=0 Edi=2 Esi=77305A70 Ebp=327E378 Esp=327E378 Eip=77305A83

ADDR: 778590DC CODE: 7454 jz 0x77859132
Eax=30E1272F Ebx=75E4B498 Ecx=1F Edx=0 Edi=2 Esi=772F00A0 Ebp=327E3EC Esp=327E390 Eip=778590DC

ADDR: 77A78DEB CODE: 730a jae 0x77a78df7
Eax=EE5E014 Ebx=75E4B498 Ecx=772F00A0 Edx=104000 Edi=2 Esi=772F00A0 Ebp=327E3EC Esp=327E388 Eip=77A78DEB

ADDR: 77A6C686 CODE: 743c jz 0x77a6c6c4
Eax=2 Ebx=75E4B498 Ecx=355A180 Edx=104000 Edi=2 Esi=3191000 Ebp=327E36C Esp=327E36C Eip=77A6C686

ADDR: 77A6C68D CODE: 7335 jae 0x77a6c6c4
Eax=2 Ebx=75E4B498 Ecx=355A180 Edx=104000 Edi=2 Esi=3191000 Ebp=327E36C Esp=327E36C Eip=77A6C68D

ADDR: 77A6C6AC CODE: 740c jz 0x77a6c6ba
Eax=355CAA0 Ebx=75E4B498 Ecx=355A180 Edx=0 Edi=2 Esi=2 Ebp=327E36C Esp=327E368 Eip=77A6C6AC

ADDR: 77A6C6B4 CODE: 7404 jz 0x77a6c6ba
Eax=355CAAC Ebx=75E4B498 Ecx=355A180 Edx=0 Edi=2 Esi=2 Ebp=327E36C Esp=327E368 Eip=77A6C6B4

ADDR: 772F00BD CODE: 791c jns 0x772f00db
Eax=0 Ebx=75E4B498 Ecx=327E380 Edx=0 Edi=2 Esi=3191000 Ebp=327E384 Esp=327E37C Eip=772F00BD

ADDR: 77A2E69A CODE: 7315 jae 0x77a2e6b1
Eax=77935C1C Ebx=75E4B498 Ecx=77935C18 Edx=3191000 Edi=75EC2BD0 Esi=763BC8DC Ebp=327E35C Esp=327E358 Eip=77A2E69A

ADDR: 778597A6 CODE: 0f8454720500 jz 0x778b0a00
Eax=327E3CC Ebx=763BC8DC Ecx=327E3B8 Edx=3191000 Edi=75EC2BD0 Esi=763BC8DC Ebp=327E360 Esp=327E340 Eip=778597A6

ADDR: 778597D3 CODE: 7479 jz 0x7785984e
Eax=327E3CC Ebx=356E380 Ecx=1F Edx=B76A77F Edi=356E280 Esi=356E368 Ebp=327E360 Esp=327E340 Eip=778597D3

ADDR: 77A27B53 CODE: 746e jz 0x77a27bc3
Eax=FFFFFFFE Ebx=77935C18 Ecx=FFFFFFFF Edx=B76A77F Edi=77935C1C Esi=FFFFFFFE Ebp=327E358 Esp=327E344 Eip=77A27B53

ADDR: 778594A4 CODE: 7458 jz 0x778594fe
Eax=30EE8A47 Ebx=75E4B498 Ecx=1F Edx=B76A77F Edi=2 Esi=77305A70 Ebp=327E39C Esp=327E384 Eip=778594A4

ADDR: 77A78DEB CODE: 730a jae 0x77a78df7
Eax=EE60B4E Ebx=75E4B498 Ecx=77305A70 Edx=404000 Edi=2 Esi=77305A70 Ebp=327E39C Esp=327E378 Eip=77A78DEB

ADDR: 77A709B7 CODE: 747f jz 0x77a70a38
Eax=2 Ebx=3191FB4 Ecx=77305A70 Edx=3191FB4 Edi=2 Esi=77305A70 Ebp=327E350 Esp=327E344 Eip=77A709B7

ADDR: 77A709BE CODE: 7378 jae 0x77a70a38
Eax=2 Ebx=3191FB4 Ecx=77305A70 Edx=3191FB4 Edi=2 Esi=77305A70 Ebp=327E350 Esp=327E344 Eip=77A709BE

ADDR: 77305A83 CODE: 790d jns 0x77305a92
Eax=0 Ebx=75E4B498 Ecx=355A188 Edx=0 Edi=2 Esi=77305A70 Ebp=327E374 Esp=327E374 Eip=77305A83

ADDR: 77862C46 CODE: 740a jz 0x77862c52
Eax=0 Ebx=75E4B498 Ecx=7604E6E0 Edx=0 Edi=75EC2BF0 Esi=75E4B2D8 Ebp=327E430 Esp=327E424 Eip=77862C46

ADDR: 77A78DEB CODE: 730a jae 0x77a78df7
Eax=EBD857E Ebx=75E4B498 Ecx=75EC2BF0 Edx=44444444 Edi=75EC2BF0 Esi=75E4B2D8 Ebp=327E430 Esp=327E420 Eip=77A78DEB

ADDR: 778595B4 CODE: 7458 jz 0x7785960e
Eax=30EE8A47 Ebx=75E4B498 Ecx=1F Edx=763BC8DC Edi=2 Esi=77305A70 Ebp=327E3A0 Esp=327E388 Eip=778595B4

ADDR: 77A78DEB CODE: 730a jae 0x77a78df7
Eax=EE60B4E Ebx=75E4B498 Ecx=77305A70 Edx=404000 Edi=2 Esi=77305A70 Ebp=327E3A0 Esp=327E37C Eip=77A78DEB

ADDR: 77A709B7 CODE: 747f jz 0x77a70a38
Eax=2 Ebx=3191FB4 Ecx=77305A70 Edx=3191FB4 Edi=2 Esi=77305A70 Ebp=327E354 Esp=327E348 Eip=77A709B7

ADDR: 77A709BE CODE: 7378 jae 0x77a70a38
Eax=2 Ebx=3191FB4 Ecx=77305A70 Edx=3191FB4 Edi=2 Esi=77305A70 Ebp=327E354 Esp=327E348 Eip=77A709BE

ADDR: 77305A83 CODE: 790d jns 0x77305a92
Eax=0 Ebx=75E4B498 Ecx=355A188 Edx=0 Edi=2 Esi=77305A70 Ebp=327E378 Esp=327E378 Eip=77305A83

ADDR: 778590DC CODE: 7454 jz 0x77859132
Eax=30E1272F Ebx=75E4B498 Ecx=1F Edx=0 Edi=2 Esi=772F00A0 Ebp=327E3EC Esp=327E390 Eip=778590DC

ADDR: 77A78DEB CODE: 730a jae 0x77a78df7
Eax=EE5E014 Ebx=75E4B498 Ecx=772F00A0 Edx=104000 Edi=2 Esi=772F00A0 Ebp=327E3EC Esp=327E388 Eip=77A78DEB

ADDR: 77A6C686 CODE: 743c jz 0x77a6c6c4
Eax=2 Ebx=75E4B498 Ecx=355A180 Edx=104000 Edi=2 Esi=3191000 Ebp=327E36C Esp=327E36C Eip=77A6C686

ADDR: 77A6C68D CODE: 7335 jae 0x77a6c6c4
Eax=2 Ebx=75E4B498 Ecx=355A180 Edx=104000 Edi=2 Esi=3191000 Ebp=327E36C Esp=327E36C Eip=77A6C68D

ADDR: 77A6C6AC CODE: 740c jz 0x77a6c6ba
Eax=355CAA0 Ebx=75E4B498 Ecx=355A180 Edx=0 Edi=2 Esi=2 Ebp=327E36C Esp=327E368 Eip=77A6C6AC

ADDR: 77A6C6B4 CODE: 7404 jz 0x77a6c6ba
Eax=355CAAC Ebx=75E4B498 Ecx=355A180 Edx=0 Edi=2 Esi=2 Ebp=327E36C Esp=327E368 Eip=77A6C6B4

ADDR: 772F00BD CODE: 791c jns 0x772f00db
Eax=0 Ebx=75E4B498 Ecx=327E380 Edx=0 Edi=2 Esi=3191000 Ebp=327E384 Esp=327E37C Eip=772F00BD

ADDR: 77A2E69A CODE: 7315 jae 0x77a2e6b1
Eax=77935C1C Ebx=75E4B498 Ecx=77935C18 Edx=3191000 Edi=75EC2BF0 Esi=763BC8DC Ebp=327E35C Esp=327E358 Eip=77A2E69A

ADDR: 778597A6 CODE: 0f8454720500 jz 0x778b0a00
Eax=327E3CC Ebx=763BC8DC Ecx=327E3B8 Edx=3191000 Edi=75EC2BF0 Esi=763BC8DC Ebp=327E360 Esp=327E340 Eip=778597A6

ADDR: 778597D3 CODE: 7479 jz 0x7785984e
Eax=327E3CC Ebx=356E380 Ecx=1F Edx=B76A77F Edi=356E280 Esi=356E36C Ebp=327E360 Esp=327E340 Eip=778597D3

ADDR: 77A27B53 CODE: 746e jz 0x77a27bc3
Eax=FFFFFFFE Ebx=77935C18 Ecx=FFFFFFFF Edx=B76A77F Edi=77935C1C Esi=FFFFFFFE Ebp=327E358 Esp=327E344 Eip=77A27B53

ADDR: 778594A4 CODE: 7458 jz 0x778594fe
Eax=30EE8A47 Ebx=75E4B498 Ecx=1F Edx=B76A77F Edi=2 Esi=77305A70 Ebp=327E39C Esp=327E384 Eip=778594A4

ADDR: 77A78DEB CODE: 730a jae 0x77a78df7
Eax=EE60B4E Ebx=75E4B498 Ecx=77305A70 Edx=404000 Edi=2 Esi=77305A70 Ebp=327E39C Esp=327E378 Eip=77A78DEB

ADDR: 77A709B7 CODE: 747f jz 0x77a70a38
Eax=2 Ebx=3191FB4 Ecx=77305A70 Edx=3191FB4 Edi=2 Esi=77305A70 Ebp=327E350 Esp=327E344 Eip=77A709B7

ADDR: 77A709BE CODE: 7378 jae 0x77a70a38
Eax=2 Ebx=3191FB4 Ecx=77305A70 Edx=3191FB4 Edi=2 Esi=77305A70 Ebp=327E350 Esp=327E344 Eip=77A709BE

ADDR: 77305A83 CODE: 790d jns 0x77305a92
Eax=0 Ebx=75E4B498 Ecx=355A188 Edx=0 Edi=2 Esi=77305A70 Ebp=327E374 Esp=327E374 Eip=77305A83

ADDR: 77862C46 CODE: 740a jz 0x77862c52
Eax=0 Ebx=75E4B498 Ecx=7604E6F0 Edx=0 Edi=75EC2C10 Esi=75E4B2DC Ebp=327E430 Esp=327E424 Eip=77862C46

ADDR: 77A78DEB CODE: 730a jae 0x77a78df7
Eax=EBD8582 Ebx=75E4B498 Ecx=75EC2C10 Edx=11111104 Edi=75EC2C10 Esi=75E4B2DC Ebp=327E430 Esp=327E420 Eip=77A78DEB

ADDR: 77A1680C CODE: 0f8685000000 jbe 0x77a16897
Eax=0 Ebx=75E4B498 Ecx=318E000 Edx=0 Edi=75EC2C10 Esi=763BE878 Ebp=327E3F8 Esp=327E3C0 Eip=77A1680C

ADDR: 77A1681B CODE: 745c jz 0x77a16879
Eax=0 Ebx=75E4B498 Ecx=318E000 Edx=0 Edi=75EC2C10 Esi=763BE878 Ebp=327E3F8 Esp=327E3C0 Eip=77A1681B

ADDR: 7730B7A6 CODE: 0f8837020600 js 0x7736b9e3
Eax=0 Ebx=75E4B498 Ecx=1A9D1114 Edx=20007D0 Edi=75EC2C10 Esi=75E4B2DC Ebp=327E40C Esp=327E40C Eip=7730B7A6

ADDR: 778595B4 CODE: 7458 jz 0x7785960e
Eax=30EE8A47 Ebx=75E4B498 Ecx=1F Edx=763BC8DC Edi=2 Esi=77305A70 Ebp=327E3A0 Esp=327E388 Eip=778595B4

ADDR: 77A78DEB CODE: 730a jae 0x77a78df7
Eax=EE60B4E Ebx=75E4B498 Ecx=77305A70 Edx=404000 Edi=2 Esi=77305A70 Ebp=327E3A0 Esp=327E37C Eip=77A78DEB

ADDR: 77A709B7 CODE: 747f jz 0x77a70a38
Eax=2 Ebx=3191FB4 Ecx=77305A70 Edx=3191FB4 Edi=2 Esi=77305A70 Ebp=327E354 Esp=327E348 Eip=77A709B7

ADDR: 77A709BE CODE: 7378 jae 0x77a70a38
Eax=2 Ebx=3191FB4 Ecx=77305A70 Edx=3191FB4 Edi=2 Esi=77305A70 Ebp=327E354 Esp=327E348 Eip=77A709BE

ADDR: 77305A83 CODE: 790d jns 0x77305a92
Eax=0 Ebx=75E4B498 Ecx=355A188 Edx=0 Edi=2 Esi=77305A70 Ebp=327E378 Esp=327E378 Eip=77305A83

ADDR: 778590DC CODE: 7454 jz 0x77859132
Eax=30E1272F Ebx=75E4B498 Ecx=1F Edx=0 Edi=2 Esi=772F00A0 Ebp=327E3EC Esp=327E390 Eip=778590DC

ADDR: 77A78DEB CODE: 730a jae 0x77a78df7
Eax=EE5E014 Ebx=75E4B498 Ecx=772F00A0 Edx=104000 Edi=2 Esi=772F00A0 Ebp=327E3EC Esp=327E388 Eip=77A78DEB

ADDR: 77A6C686 CODE: 743c jz 0x77a6c6c4
Eax=2 Ebx=75E4B498 Ecx=355A180 Edx=104000 Edi=2 Esi=3191000 Ebp=327E36C Esp=327E36C Eip=77A6C686

ADDR: 77A6C68D CODE: 7335 jae 0x77a6c6c4
Eax=2 Ebx=75E4B498 Ecx=355A180 Edx=104000 Edi=2 Esi=3191000 Ebp=327E36C Esp=327E36C Eip=77A6C68D

ADDR: 77A6C6AC CODE: 740c jz 0x77a6c6ba
Eax=355CAA0 Ebx=75E4B498 Ecx=355A180 Edx=0 Edi=2 Esi=2 Ebp=327E36C Esp=327E368 Eip=77A6C6AC

ADDR: 77A6C6B4 CODE: 7404 jz 0x77a6c6ba
Eax=355CAAC Ebx=75E4B498 Ecx=355A180 Edx=0 Edi=2 Esi=2 Ebp=327E36C Esp=327E368 Eip=77A6C6B4

ADDR: 772F00BD CODE: 791c jns 0x772f00db
Eax=0 Ebx=75E4B498 Ecx=327E380 Edx=0 Edi=2 Esi=3191000 Ebp=327E384 Esp=327E37C Eip=772F00BD

ADDR: 77A2E69A CODE: 7315 jae 0x77a2e6b1
Eax=77935C1C Ebx=75E4B498 Ecx=77935C18 Edx=3191000 Edi=75EC2C10 Esi=763BC8DC Ebp=327E35C Esp=327E358 Eip=77A2E69A

ADDR: 778597A6 CODE: 0f8454720500 jz 0x778b0a00
Eax=327E3CC Ebx=763BC8DC Ecx=327E3B8 Edx=3191000 Edi=75EC2C10 Esi=763BC8DC Ebp=327E360 Esp=327E340 Eip=778597A6

ADDR: 778597D3 CODE: 7479 jz 0x7785984e
Eax=327E3CC Ebx=356E380 Ecx=1F Edx=B76A77F Edi=356E280 Esi=356E370 Ebp=327E360 Esp=327E340 Eip=778597D3

ADDR: 77A27B53 CODE: 746e jz 0x77a27bc3
Eax=FFFFFFFE Ebx=77935C18 Ecx=FFFFFFFF Edx=B76A77F Edi=77935C1C Esi=FFFFFFFE Ebp=327E358 Esp=327E344 Eip=77A27B53

ADDR: 778594A4 CODE: 7458 jz 0x778594fe
Eax=30EE8A47 Ebx=75E4B498 Ecx=1F Edx=B76A77F Edi=2 Esi=77305A70 Ebp=327E39C Esp=327E384 Eip=778594A4

ADDR: 77A78DEB CODE: 730a jae 0x77a78df7
Eax=EE60B4E Ebx=75E4B498 Ecx=77305A70 Edx=404000 Edi=2 Esi=77305A70 Ebp=327E39C Esp=327E378 Eip=77A78DEB

ADDR: 77A709B7 CODE: 747f jz 0x77a70a38
Eax=2 Ebx=3191FB4 Ecx=77305A70 Edx=3191FB4 Edi=2 Esi=77305A70 Ebp=327E350 Esp=327E344 Eip=77A709B7

ADDR: 77A709BE CODE: 7378 jae 0x77a70a38
Eax=2 Ebx=3191FB4 Ecx=77305A70 Edx=3191FB4 Edi=2 Esi=77305A70 Ebp=327E350 Esp=327E344 Eip=77A709BE

ADDR: 77305A83 CODE: 790d jns 0x77305a92
Eax=0 Ebx=75E4B498 Ecx=355A188 Edx=0 Edi=2 Esi=77305A70 Ebp=327E374 Esp=327E374 Eip=77305A83

ADDR: 77862C46 CODE: 740a jz 0x77862c52
Eax=0 Ebx=75E4B498 Ecx=7604E700 Edx=0 Edi=75EC2C40 Esi=75E4B2E0 Ebp=327E430 Esp=327E424 Eip=77862C46

ADDR: 77A78DEB CODE: 730a jae 0x77a78df7
Eax=EBD8588 Ebx=75E4B498 Ecx=75EC2C40 Edx=11111104 Edi=75EC2C40 Esi=75E4B2E0 Ebp=327E430 Esp=327E420 Eip=77A78DEB

ADDR: 778595B4 CODE: 7458 jz 0x7785960e
Eax=30EE8A47 Ebx=75E4B498 Ecx=1F Edx=763BC8DC Edi=2 Esi=77305A70 Ebp=327E3A0 Esp=327E388 Eip=778595B4

ADDR: 77A78DEB CODE: 730a jae 0x77a78df7
Eax=EE60B4E Ebx=75E4B498 Ecx=77305A70 Edx=404000 Edi=2 Esi=77305A70 Ebp=327E3A0 Esp=327E37C Eip=77A78DEB

ADDR: 77A709B7 CODE: 747f jz 0x77a70a38
Eax=2 Ebx=3191FB4 Ecx=77305A70 Edx=3191FB4 Edi=2 Esi=77305A70 Ebp=327E354 Esp=327E348 Eip=77A709B7

ADDR: 77A709BE CODE: 7378 jae 0x77a70a38
Eax=2 Ebx=3191FB4 Ecx=77305A70 Edx=3191FB4 Edi=2 Esi=77305A70 Ebp=327E354 Esp=327E348 Eip=77A709BE

ADDR: 77305A83 CODE: 790d jns 0x77305a92
Eax=0 Ebx=75E4B498 Ecx=355A188 Edx=0 Edi=2 Esi=77305A70 Ebp=327E378 Esp=327E378 Eip=77305A83

ADDR: 778590DC CODE: 7454 jz 0x77859132
Eax=30E1272F Ebx=75E4B498 Ecx=1F Edx=0 Edi=2 Esi=772F00A0 Ebp=327E3EC Esp=327E390 Eip=778590DC

ADDR: 77A78DEB CODE: 730a jae 0x77a78df7
Eax=EE5E014 Ebx=75E4B498 Ecx=772F00A0 Edx=104000 Edi=2 Esi=772F00A0 Ebp=327E3EC Esp=327E388 Eip=77A78DEB

ADDR: 77A6C686 CODE: 743c jz 0x77a6c6c4
Eax=2 Ebx=75E4B498 Ecx=355A180 Edx=104000 Edi=2 Esi=3191000 Ebp=327E36C Esp=327E36C Eip=77A6C686

ADDR: 77A6C68D CODE: 7335 jae 0x77a6c6c4
Eax=2 Ebx=75E4B498 Ecx=355A180 Edx=104000 Edi=2 Esi=3191000 Ebp=327E36C Esp=327E36C Eip=77A6C68D

ADDR: 77A6C6AC CODE: 740c jz 0x77a6c6ba
Eax=355CAA0 Ebx=75E4B498 Ecx=355A180 Edx=0 Edi=2 Esi=2 Ebp=327E36C Esp=327E368 Eip=77A6C6AC

ADDR: 77A6C6B4 CODE: 7404 jz 0x77a6c6ba
Eax=355CAAC Ebx=75E4B498 Ecx=355A180 Edx=0 Edi=2 Esi=2 Ebp=327E36C Esp=327E368 Eip=77A6C6B4

ADDR: 772F00BD CODE: 791c jns 0x772f00db
Eax=0 Ebx=75E4B498 Ecx=327E380 Edx=0 Edi=2 Esi=3191000 Ebp=327E384 Esp=327E37C Eip=772F00BD

ADDR: 77A2E69A CODE: 7315 jae 0x77a2e6b1
Eax=77935C1C Ebx=75E4B498 Ecx=77935C18 Edx=3191000 Edi=75EC2C40 Esi=763BC8DC Ebp=327E35C Esp=327E358 Eip=77A2E69A

ADDR: 778597A6 CODE: 0f8454720500 jz 0x778b0a00
Eax=327E3CC Ebx=763BC8DC Ecx=327E3B8 Edx=3191000 Edi=75EC2C40 Esi=763BC8DC Ebp=327E360 Esp=327E340 Eip=778597A6

ADDR: 778597D3 CODE: 7479 jz 0x7785984e
Eax=327E3CC Ebx=356E380 Ecx=1F Edx=B76A77F Edi=356E280 Esi=356E374 Ebp=327E360 Esp=327E340 Eip=778597D3

ADDR: 77A27B53 CODE: 746e jz 0x77a27bc3
Eax=FFFFFFFE Ebx=77935C18 Ecx=FFFFFFFF Edx=B76A77F Edi=77935C1C Esi=FFFFFFFE Ebp=327E358 Esp=327E344 Eip=77A27B53

ADDR: 778594A4 CODE: 7458 jz 0x778594fe
Eax=30EE8A47 Ebx=75E4B498 Ecx=1F Edx=B76A77F Edi=2 Esi=77305A70 Ebp=327E39C Esp=327E384 Eip=778594A4

ADDR: 77A78DEB CODE: 730a jae 0x77a78df7
Eax=EE60B4E Ebx=75E4B498 Ecx=77305A70 Edx=404000 Edi=2 Esi=77305A70 Ebp=327E39C Esp=327E378 Eip=77A78DEB

ADDR: 77A709B7 CODE: 747f jz 0x77a70a38
Eax=2 Ebx=3191FB4 Ecx=77305A70 Edx=3191FB4 Edi=2 Esi=77305A70 Ebp=327E350 Esp=327E344 Eip=77A709B7

ADDR: 77A709BE CODE: 7378 jae 0x77a70a38
Eax=2 Ebx=3191FB4 Ecx=77305A70 Edx=3191FB4 Edi=2 Esi=77305A70 Ebp=327E350 Esp=327E344 Eip=77A709BE

ADDR: 77305A83 CODE: 790d jns 0x77305a92
Eax=0 Ebx=75E4B498 Ecx=355A188 Edx=0 Edi=2 Esi=77305A70 Ebp=327E374 Esp=327E374 Eip=77305A83

ADDR: 77862C46 CODE: 740a jz 0x77862c52
Eax=0 Ebx=75E4B498 Ecx=7604E730 Edx=0 Edi=75EC2C60 Esi=75E4B2E4 Ebp=327E430 Esp=327E424 Eip=77862C46

ADDR: 77A78DEB CODE: 730a jae 0x77a78df7
Eax=EBD858C Ebx=75E4B498 Ecx=75EC2C60 Edx=11111104 Edi=75EC2C60 Esi=75E4B2E4 Ebp=327E430 Esp=327E420 Eip=77A78DEB

ADDR: 778595B4 CODE: 7458 jz 0x7785960e
Eax=30EE8A47 Ebx=75E4B498 Ecx=1F Edx=763BC8DC Edi=2 Esi=77305A70 Ebp=327E3A0 Esp=327E388 Eip=778595B4

ADDR: 77A78DEB CODE: 730a jae 0x77a78df7
Eax=EE60B4E Ebx=75E4B498 Ecx=77305A70 Edx=404000 Edi=2 Esi=77305A70 Ebp=327E3A0 Esp=327E37C Eip=77A78DEB

ADDR: 77A709B7 CODE: 747f jz 0x77a70a38
Eax=2 Ebx=3191FB4 Ecx=77305A70 Edx=3191FB4 Edi=2 Esi=77305A70 Ebp=327E354 Esp=327E348 Eip=77A709B7

ADDR: 77A709BE CODE: 7378 jae 0x77a70a38
Eax=2 Ebx=3191FB4 Ecx=77305A70 Edx=3191FB4 Edi=2 Esi=77305A70 Ebp=327E354 Esp=327E348 Eip=77A709BE

ADDR: 77305A83 CODE: 790d jns 0x77305a92
Eax=0 Ebx=75E4B498 Ecx=355A188 Edx=0 Edi=2 Esi=77305A70 Ebp=327E378 Esp=327E378 Eip=77305A83

ADDR: 778590DC CODE: 7454 jz 0x77859132
Eax=30E1272F Ebx=75E4B498 Ecx=1F Edx=0 Edi=2 Esi=772F00A0 Ebp=327E3EC Esp=327E390 Eip=778590DC

ADDR: 77A78DEB CODE: 730a jae 0x77a78df7
Eax=EE5E014 Ebx=75E4B498 Ecx=772F00A0 Edx=104000 Edi=2 Esi=772F00A0 Ebp=327E3EC Esp=327E388 Eip=77A78DEB

ADDR: 77A6C686 CODE: 743c jz 0x77a6c6c4
Eax=2 Ebx=75E4B498 Ecx=355A180 Edx=104000 Edi=2 Esi=3191000 Ebp=327E36C Esp=327E36C Eip=77A6C686

ADDR: 77A6C68D CODE: 7335 jae 0x77a6c6c4
Eax=2 Ebx=75E4B498 Ecx=355A180 Edx=104000 Edi=2 Esi=3191000 Ebp=327E36C Esp=327E36C Eip=77A6C68D

ADDR: 77A6C6AC CODE: 740c jz 0x77a6c6ba
Eax=355CAA0 Ebx=75E4B498 Ecx=355A180 Edx=0 Edi=2 Esi=2 Ebp=327E36C Esp=327E368 Eip=77A6C6AC

ADDR: 77A6C6B4 CODE: 7404 jz 0x77a6c6ba
Eax=355CAAC Ebx=75E4B498 Ecx=355A180 Edx=0 Edi=2 Esi=2 Ebp=327E36C Esp=327E368 Eip=77A6C6B4

ADDR: 772F00BD CODE: 791c jns 0x772f00db
Eax=0 Ebx=75E4B498 Ecx=327E380 Edx=0 Edi=2 Esi=3191000 Ebp=327E384 Esp=327E37C Eip=772F00BD

ADDR: 77A2E69A CODE: 7315 jae 0x77a2e6b1
Eax=77935C1C Ebx=75E4B498 Ecx=77935C18 Edx=3191000 Edi=75EC2C60 Esi=763BC8DC Ebp=327E35C Esp=327E358 Eip=77A2E69A

ADDR: 778597A6 CODE: 0f8454720500 jz 0x778b0a00
Eax=327E3CC Ebx=763BC8DC Ecx=327E3B8 Edx=3191000 Edi=75EC2C60 Esi=763BC8DC Ebp=327E360 Esp=327E340 Eip=778597A6

ADDR: 778597D3 CODE: 7479 jz 0x7785984e
Eax=327E3CC Ebx=356E380 Ecx=1F Edx=B76A77F Edi=356E280 Esi=356E378 Ebp=327E360 Esp=327E340 Eip=778597D3

ADDR: 77A27B53 CODE: 746e jz 0x77a27bc3
Eax=FFFFFFFE Ebx=77935C18 Ecx=FFFFFFFF Edx=B76A77F Edi=77935C1C Esi=FFFFFFFE Ebp=327E358 Esp=327E344 Eip=77A27B53

ADDR: 778594A4 CODE: 7458 jz 0x778594fe
Eax=30EE8A47 Ebx=75E4B498 Ecx=1F Edx=B76A77F Edi=2 Esi=77305A70 Ebp=327E39C Esp=327E384 Eip=778594A4

ADDR: 77A78DEB CODE: 730a jae 0x77a78df7
Eax=EE60B4E Ebx=75E4B498 Ecx=77305A70 Edx=404000 Edi=2 Esi=77305A70 Ebp=327E39C Esp=327E378 Eip=77A78DEB

ADDR: 77A709B7 CODE: 747f jz 0x77a70a38
Eax=2 Ebx=3191FB4 Ecx=77305A70 Edx=3191FB4 Edi=2 Esi=77305A70 Ebp=327E350 Esp=327E344 Eip=77A709B7

ADDR: 77A709BE CODE: 7378 jae 0x77a70a38
Eax=2 Ebx=3191FB4 Ecx=77305A70 Edx=3191FB4 Edi=2 Esi=77305A70 Ebp=327E350 Esp=327E344 Eip=77A709BE

ADDR: 77305A83 CODE: 790d jns 0x77305a92
Eax=0 Ebx=75E4B498 Ecx=355A188 Edx=0 Edi=2 Esi=77305A70 Ebp=327E374 Esp=327E374 Eip=77305A83

ADDR: 77862C46 CODE: 740a jz 0x77862c52
Eax=0 Ebx=75E4B498 Ecx=7604E740 Edx=0 Edi=75EC2C80 Esi=75E4B2E8 Ebp=327E430 Esp=327E424 Eip=77862C46

ADDR: 77A78DEB CODE: 730a jae 0x77a78df7
Eax=EBD8590 Ebx=75E4B498 Ecx=75EC2C80 Edx=11111104 Edi=75EC2C80 Esi=75E4B2E8 Ebp=327E430 Esp=327E420 Eip=77A78DEB

ADDR: 778595B4 CODE: 7458 jz 0x7785960e
Eax=30EE8A47 Ebx=75E4B498 Ecx=1F Edx=763BC8DC Edi=2 Esi=77305A70 Ebp=327E3A0 Esp=327E388 Eip=778595B4

ADDR: 77A78DEB CODE: 730a jae 0x77a78df7
Eax=EE60B4E Ebx=75E4B498 Ecx=77305A70 Edx=404000 Edi=2 Esi=77305A70 Ebp=327E3A0 Esp=327E37C Eip=77A78DEB

ADDR: 77A709B7 CODE: 747f jz 0x77a70a38
Eax=2 Ebx=3191FB4 Ecx=77305A70 Edx=3191FB4 Edi=2 Esi=77305A70 Ebp=327E354 Esp=327E348 Eip=77A709B7

ADDR: 77A709BE CODE: 7378 jae 0x77a70a38
Eax=2 Ebx=3191FB4 Ecx=77305A70 Edx=3191FB4 Edi=2 Esi=77305A70 Ebp=327E354 Esp=327E348 Eip=77A709BE

ADDR: 77305A83 CODE: 790d jns 0x77305a92
Eax=0 Ebx=75E4B498 Ecx=355A188 Edx=0 Edi=2 Esi=77305A70 Ebp=327E378 Esp=327E378 Eip=77305A83

ADDR: 778590DC CODE: 7454 jz 0x77859132
Eax=30E1272F Ebx=75E4B498 Ecx=1F Edx=0 Edi=2 Esi=772F00A0 Ebp=327E3EC Esp=327E390 Eip=778590DC

ADDR: 77A78DEB CODE: 730a jae 0x77a78df7
Eax=EE5E014 Ebx=75E4B498 Ecx=772F00A0 Edx=104000 Edi=2 Esi=772F00A0 Ebp=327E3EC Esp=327E388 Eip=77A78DEB

ADDR: 77A6C686 CODE: 743c jz 0x77a6c6c4
Eax=2 Ebx=75E4B498 Ecx=355A180 Edx=104000 Edi=2 Esi=3191000 Ebp=327E36C Esp=327E36C Eip=77A6C686

ADDR: 77A6C68D CODE: 7335 jae 0x77a6c6c4
Eax=2 Ebx=75E4B498 Ecx=355A180 Edx=104000 Edi=2 Esi=3191000 Ebp=327E36C Esp=327E36C Eip=77A6C68D

ADDR: 77A6C6AC CODE: 740c jz 0x77a6c6ba
Eax=355CAA0 Ebx=75E4B498 Ecx=355A180 Edx=0 Edi=2 Esi=2 Ebp=327E36C Esp=327E368 Eip=77A6C6AC

ADDR: 77A6C6B4 CODE: 7404 jz 0x77a6c6ba
Eax=355CAAC Ebx=75E4B498 Ecx=355A180 Edx=0 Edi=2 Esi=2 Ebp=327E36C Esp=327E368 Eip=77A6C6B4

ADDR: 772F00BD CODE: 791c jns 0x772f00db
Eax=0 Ebx=75E4B498 Ecx=327E380 Edx=0 Edi=2 Esi=3191000 Ebp=327E384 Esp=327E37C Eip=772F00BD

ADDR: 77A2E69A CODE: 7315 jae 0x77a2e6b1
Eax=77935C1C Ebx=75E4B498 Ecx=77935C18 Edx=3191000 Edi=75EC2C80 Esi=763BC8DC Ebp=327E35C Esp=327E358 Eip=77A2E69A

ADDR: 778597A6 CODE: 0f8454720500 jz 0x778b0a00
Eax=327E3CC Ebx=763BC8DC Ecx=327E3B8 Edx=3191000 Edi=75EC2C80 Esi=763BC8DC Ebp=327E360 Esp=327E340 Eip=778597A6

ADDR: 778597D3 CODE: 7479 jz 0x7785984e
Eax=327E3CC Ebx=356E380 Ecx=1F Edx=B76A77F Edi=356E280 Esi=356E37C Ebp=327E360 Esp=327E340 Eip=778597D3

ADDR: 77A27B53 CODE: 746e jz 0x77a27bc3
Eax=FFFFFFFE Ebx=77935C18 Ecx=FFFFFFFF Edx=B76A77F Edi=77935C1C Esi=FFFFFFFE Ebp=327E358 Esp=327E344 Eip=77A27B53

ADDR: 778594A4 CODE: 7458 jz 0x778594fe
Eax=30EE8A47 Ebx=75E4B498 Ecx=1F Edx=B76A77F Edi=2 Esi=77305A70 Ebp=327E39C Esp=327E384 Eip=778594A4

ADDR: 77A78DEB CODE: 730a jae 0x77a78df7
Eax=EE60B4E Ebx=75E4B498 Ecx=77305A70 Edx=404000 Edi=2 Esi=77305A70 Ebp=327E39C Esp=327E378 Eip=77A78DEB

ADDR: 77A709B7 CODE: 747f jz 0x77a70a38
Eax=2 Ebx=3191FB4 Ecx=77305A70 Edx=3191FB4 Edi=2 Esi=77305A70 Ebp=327E350 Esp=327E344 Eip=77A709B7

ADDR: 77A709BE CODE: 7378 jae 0x77a70a38
Eax=2 Ebx=3191FB4 Ecx=77305A70 Edx=3191FB4 Edi=2 Esi=77305A70 Ebp=327E350 Esp=327E344 Eip=77A709BE

ADDR: 77305A83 CODE: 790d jns 0x77305a92
Eax=0 Ebx=75E4B498 Ecx=355A188 Edx=0 Edi=2 Esi=77305A70 Ebp=327E374 Esp=327E374 Eip=77305A83

ADDR: 77862C46 CODE: 740a jz 0x77862c52
Eax=0 Ebx=75E4B498 Ecx=7604E750 Edx=0 Edi=75EC2CA0 Esi=75E4B2EC Ebp=327E430 Esp=327E424 Eip=77862C46

ADDR: 77A78DEB CODE: 730a jae 0x77a78df7
Eax=EBD8594 Ebx=75E4B498 Ecx=75EC2CA0 Edx=11111104 Edi=75EC2CA0 Esi=75E4B2EC Ebp=327E430 Esp=327E420 Eip=77A78DEB

ADDR: 778595B4 CODE: 7458 jz 0x7785960e
Eax=30EE8A47 Ebx=75E4B498 Ecx=1F Edx=763BC8DC Edi=2 Esi=77305A70 Ebp=327E3A0 Esp=327E388 Eip=778595B4

ADDR: 77A78DEB CODE: 730a jae 0x77a78df7
Eax=EE60B4E Ebx=75E4B498 Ecx=77305A70 Edx=404000 Edi=2 Esi=77305A70 Ebp=327E3A0 Esp=327E37C Eip=77A78DEB

ADDR: 77A709B7 CODE: 747f jz 0x77a70a38
Eax=2 Ebx=3191FB4 Ecx=77305A70 Edx=3191FB4 Edi=2 Esi=77305A70 Ebp=327E354 Esp=327E348 Eip=77A709B7

ADDR: 77A709BE CODE: 7378 jae 0x77a70a38
Eax=2 Ebx=3191FB4 Ecx=77305A70 Edx=3191FB4 Edi=2 Esi=77305A70 Ebp=327E354 Esp=327E348 Eip=77A709BE

ADDR: 77305A83 CODE: 790d jns 0x77305a92
Eax=0 Ebx=75E4B498 Ecx=355A188 Edx=0 Edi=2 Esi=77305A70 Ebp=327E378 Esp=327E378 Eip=77305A83

ADDR: 778590DC CODE: 7454 jz 0x77859132
Eax=30E1272F Ebx=75E4B498 Ecx=1F Edx=0 Edi=2 Esi=772F00A0 Ebp=327E3EC Esp=327E390 Eip=778590DC

ADDR: 77A78DEB CODE: 730a jae 0x77a78df7
Eax=EE5E014 Ebx=75E4B498 Ecx=772F00A0 Edx=104000 Edi=2 Esi=772F00A0 Ebp=327E3EC Esp=327E388 Eip=77A78DEB

ADDR: 77A6C686 CODE: 743c jz 0x77a6c6c4
Eax=2 Ebx=75E4B498 Ecx=355A180 Edx=104000 Edi=2 Esi=3191000 Ebp=327E36C Esp=327E36C Eip=77A6C686

ADDR: 77A6C68D CODE: 7335 jae 0x77a6c6c4
Eax=2 Ebx=75E4B498 Ecx=355A180 Edx=104000 Edi=2 Esi=3191000 Ebp=327E36C Esp=327E36C Eip=77A6C68D

ADDR: 77A6C6AC CODE: 740c jz 0x77a6c6ba
Eax=355CAA0 Ebx=75E4B498 Ecx=355A180 Edx=0 Edi=2 Esi=2 Ebp=327E36C Esp=327E368 Eip=77A6C6AC

ADDR: 77A6C6B4 CODE: 7404 jz 0x77a6c6ba
Eax=355CAAC Ebx=75E4B498 Ecx=355A180 Edx=0 Edi=2 Esi=2 Ebp=327E36C Esp=327E368 Eip=77A6C6B4

ADDR: 772F00BD CODE: 791c jns 0x772f00db
Eax=0 Ebx=75E4B498 Ecx=327E380 Edx=0 Edi=2 Esi=3191000 Ebp=327E384 Esp=327E37C Eip=772F00BD

ADDR: 77A2E69A CODE: 7315 jae 0x77a2e6b1
Eax=77935C1C Ebx=75E4B498 Ecx=77935C18 Edx=3191000 Edi=75EC2CA0 Esi=763BC8DC Ebp=327E35C Esp=327E358 Eip=77A2E69A

ADDR: 778597A6 CODE: 0f8454720500 jz 0x778b0a00
Eax=327E3CC Ebx=763BC8DC Ecx=327E3B8 Edx=3191000 Edi=75EC2CA0 Esi=763BC8DC Ebp=327E360 Esp=327E340 Eip=778597A6

ADDR: 778597D3 CODE: 7479 jz 0x7785984e
Eax=327E3CC Ebx=356E380 Ecx=1F Edx=B76A77F Edi=356E280 Esi=356E380 Ebp=327E360 Esp=327E340 Eip=778597D3

ADDR: 77859859 CODE: 0f876f710500 ja 0x778b09ce
Eax=327E3CC Ebx=40 Ecx=1F Edx=B76A77F Edi=356E280 Esi=356E380 Ebp=327E360 Esp=327E340 Eip=77859859

ADDR: 77859875 CODE: 0f825d710500 jb 0x778b09d8
Eax=40 Ebx=40 Ecx=1F Edx=B76A77F Edi=356E280 Esi=80 Ebp=327E360 Esp=327E340 Eip=77859875

ADDR: 778543BC CODE: 0f84d3000000 jz 0x77854495
Eax=40 Ebx=40 Ecx=356E280 Edx=80 Edi=356E280 Esi=80 Ebp=327E334 Esp=327E320 Eip=778543BC

ADDR: 778543CC CODE: 0f83c3000000 jae 0x77854495
Eax=1FFFFFF Ebx=40 Ecx=356E280 Edx=60 Edi=356E280 Esi=80 Ebp=327E334 Esp=327E320 Eip=778543CC

ADDR: 77854499 CODE: 740c jz 0x778544a7
Eax=1FFFFFF Ebx=40 Ecx=356E280 Edx=60 Edi=0 Esi=80 Ebp=327E334 Esp=327E320 Eip=77854499

ADDR: 77A3A7B4 CODE: 0f8432bc0400 jz 0x77a863ec
Eax=1FFFFFF Ebx=356E280 Ecx=356E280 Edx=60 Edi=0 Esi=3550000 Ebp=327E2FC Esp=327E2E8 Eip=77A3A7B4

ADDR: 77A3A7C1 CODE: 0f843bbc0400 jz 0x77a86402
Eax=1FFFFFF Ebx=356E280 Ecx=356E280 Edx=60 Edi=0 Esi=3550000 Ebp=327E2FC Esp=327E2E8 Eip=77A3A7C1

ADDR: 77A3A7E6 CODE: 7445 jz 0x77a3a82d
Eax=1FFFFFF Ebx=356E280 Ecx=356E280 Edx=0 Edi=0 Esi=3550000 Ebp=327E2FC Esp=327E2E8 Eip=77A3A7E6

ADDR: 77A3A7FF CODE: 0f8483bc0400 jz 0x77a86488
Eax=1FFFFFF Ebx=356E280 Ecx=356E278 Edx=0 Edi=0 Esi=3550000 Ebp=327E2FC Esp=327E2E8 Eip=77A3A7FF

ADDR: 77A3A80A CODE: 0f84a4bc0400 jz 0x77a864b4
Eax=1FFFF08 Ebx=356E280 Ecx=356E278 Edx=0 Edi=0 Esi=3550000 Ebp=327E2FC Esp=327E2E8 Eip=77A3A80A

ADDR: 77A3A812 CODE: 783f js 0x77a3a853
Eax=1FFFF08 Ebx=356E280 Ecx=356E278 Edx=0 Edi=0 Esi=3550000 Ebp=327E2FC Esp=327E2E8 Eip=77A3A812

ADDR: 77A3A818 CODE: 0f8490000000 jz 0x77a3a8ae
Eax=1FFFF08 Ebx=356E280 Ecx=356E278 Edx=0 Edi=0 Esi=3550000 Ebp=327E2FC Esp=327E2E8 Eip=77A3A818

ADDR: 77A3A823 CODE: 7403 jz 0x77a3a828
Eax=E89FF940 Ebx=356E280 Ecx=356E278 Edx=0 Edi=0 Esi=3550000 Ebp=327E2FC Esp=327E2E8 Eip=77A3A823

ADDR: 77A3A879 CODE: 0f845abc0400 jz 0x77a864d9
Eax=21 Ebx=356E280 Ecx=356E278 Edx=8 Edi=21 Esi=3550000 Ebp=327E2FC Esp=327E2E8 Eip=77A3A879

ADDR: 77A3A88E CODE: 0f8464bc0400 jz 0x77a864f8
Eax=8 Ebx=356E280 Ecx=356E278 Edx=8 Edi=21 Esi=3550000 Ebp=327E2FC Esp=327E2E8 Eip=77A3A88E

ADDR: 77855E66 CODE: 0f8683000000 jbe 0x77855eef
Eax=100 Ebx=356E280 Ecx=356E280 Edx=100 Edi=0 Esi=200 Ebp=327E310 Esp=327E300 Eip=77855E66

ADDR: 77A35621 CODE: 0f84b2fb0400 jz 0x77a851d9
Eax=100 Ebx=0 Ecx=356E280 Edx=100 Edi=0 Esi=3550000 Ebp=327E2E8 Esp=327E2E0 Eip=77A35621

ADDR: 77A35630 CODE: 0f84b8fb0400 jz 0x77a851ee
Eax=100 Ebx=0 Ecx=3550000 Edx=100 Edi=0 Esi=3550000 Ebp=327E2E8 Esp=327E2E0 Eip=77A35630

ADDR: 77A35800 CODE: 7402 jz 0x77a35804
Eax=356E280 Ebx=0 Ecx=0 Edx=0 Edi=3550000 Esi=200 Ebp=327E2C8 Esp=327E240 Eip=77A35800

ADDR: 77A35806 CODE: 7405 jz 0x77a3580d
Eax=356E280 Ebx=0 Ecx=0 Edx=0 Edi=3550000 Esi=200 Ebp=327E2C8 Esp=327E240 Eip=77A35806

ADDR: 77A3581D CODE: 7410 jz 0x77a3582f
Eax=356E280 Ebx=0 Ecx=0 Edx=0 Edi=3550000 Esi=200 Ebp=327E2C8 Esp=327E240 Eip=77A3581D

ADDR: 77A3584B CODE: 7425 jz 0x77a35872
Eax=356E280 Ebx=0 Ecx=0 Edx=0 Edi=3550000 Esi=200 Ebp=327E2C8 Esp=327E240 Eip=77A3584B

ADDR: 77A35876 CODE: 740d jz 0x77a35885
Eax=356E280 Ebx=0 Ecx=0 Edx=0 Edi=3550000 Esi=200 Ebp=327E2C8 Esp=327E240 Eip=77A35876

ADDR: 77A35DC4 CODE: 0f84c2010000 jz 0x77a35f8c
Eax=327E220 Ebx=2 Ecx=356E278 Edx=3550000 Edi=3550000 Esi=356E278 Ebp=327E230 Esp=327E148 Eip=77A35DC4

ADDR: 77A35DCE CODE: 0f8db8010000 jge 0x77a35f8c
Eax=327E220 Ebx=2 Ecx=356E278 Edx=3550000 Edi=3550000 Esi=356E278 Ebp=327E230 Esp=327E148 Eip=77A35DCE

ADDR: 77A35FC5 CODE: 7429 jz 0x77a35ff0
Eax=327E220 Ebx=2 Ecx=356E278 Edx=2 Edi=3550000 Esi=356E278 Ebp=327E230 Esp=327E148 Eip=77A35FC5

ADDR: 77A35FF8 CODE: 763a jbe 0x77a36034
Eax=200 Ebx=2 Ecx=356E278 Edx=2 Edi=3550000 Esi=356E278 Ebp=327E230 Esp=327E148 Eip=77A35FF8

ADDR: 77A36052 CODE: 7305 jae 0x77a36059
Eax=208 Ebx=3550000 Ecx=200 Edx=2 Edi=3550000 Esi=356E278 Ebp=327E230 Esp=327E148 Eip=77A36052

ADDR: 77A36089 CODE: 730f jae 0x77a3609a
Eax=355025C Ebx=3550000 Ecx=3550258 Edx=3191000 Edi=3550000 Esi=356E278 Ebp=327E230 Esp=327E148 Eip=77A36089

ADDR: 77A3615D CODE: 741c jz 0x77a3617b
Eax=4720 Ebx=3550000 Ecx=356E278 Edx=3191000 Edi=3550000 Esi=356E278 Ebp=327E230 Esp=327E148 Eip=77A3615D

ADDR: 77A3616F CODE: 740a jz 0x77a3617b
Eax=C89EF920 Ebx=3550000 Ecx=356E278 Edx=3191000 Edi=3550000 Esi=356E278 Ebp=327E230 Esp=327E148 Eip=77A3616F

ADDR: 77A3618C CODE: 7304 jae 0x77a36192
Eax=3550270 Ebx=80 Ecx=21 Edx=3191000 Edi=3550000 Esi=356E278 Ebp=327E230 Esp=327E148 Eip=77A3618C

ADDR: 77A361A1 CODE: 731d jae 0x77a361c0
Eax=3550270 Ebx=80 Ecx=21 Edx=21 Edi=3550000 Esi=356E278 Ebp=327E230 Esp=327E148 Eip=77A361A1

ADDR: 77A361AE CODE: 7402 jz 0x77a361b2
Eax=3550270 Ebx=80 Ecx=21 Edx=21 Edi=3550000 Esi=356E278 Ebp=327E230 Esp=327E148 Eip=77A361AE

ADDR: 77A361E0 CODE: 7404 jz 0x77a361e6
Eax=3550328 Ebx=80 Ecx=21 Edx=21 Edi=3550000 Esi=356E278 Ebp=327E230 Esp=327E148 Eip=77A361E0

ADDR: 77A362AA CODE: 740f jz 0x77a362bb
Eax=356E27F Ebx=8 Ecx=8 Edx=21 Edi=3550000 Esi=356E278 Ebp=327E230 Esp=327E148 Eip=77A362AA

ADDR: 77A362C1 CODE: 7405 jz 0x77a362c8
Eax=356E208 Ebx=8 Ecx=8 Edx=21 Edi=3550000 Esi=356E278 Ebp=327E230 Esp=327E148 Eip=77A362C1

ADDR: 77A3635A CODE: 7344 jae 0x77a363a0
Eax=802 Ebx=8 Ecx=8 Edx=21 Edi=3550000 Esi=356E278 Ebp=327E230 Esp=327E148 Eip=77A3635A

ADDR: 77A3638F CODE: 7604 jbe 0x77a36395
Eax=83 Ebx=8 Ecx=35526D2 Edx=21 Edi=3550000 Esi=356E278 Ebp=327E230 Esp=327E148 Eip=77A3638F

ADDR: 77A363AD CODE: 0f87ee020000 ja 0x77a366a1
Eax=41 Ebx=41 Ecx=35526D2 Edx=21 Edi=3550000 Esi=356E278 Ebp=327E230 Esp=327E148 Eip=77A363AD

ADDR: 77A366A7 CODE: 7417 jz 0x77a366c0
Eax=356E27F Ebx=41 Ecx=35526D2 Edx=21 Edi=3550000 Esi=356E278 Ebp=327E230 Esp=327E148 Eip=77A366A7

ADDR: 77A36A9B CODE: 7775 ja 0x77a36b12
Eax=41 Ebx=3550000 Ecx=3550000 Edx=3 Edi=3550000 Esi=356E278 Ebp=327E134 Esp=327E108 Eip=77A36A9B

ADDR: 77A36ABD CODE: 7416 jz 0x77a36ad5
Eax=9E Ebx=3550000 Ecx=3550000 Edx=3 Edi=356E380 Esi=356E278 Ebp=327E134 Esp=327E108 Eip=77A36ABD

ADDR: 77A36AE3 CODE: 0f821e020000 jb 0x77a36d07
Eax=3AD Ebx=3550000 Ecx=38C Edx=3 Edi=356E380 Esi=356E278 Ebp=327E134 Esp=327E108 Eip=77A36AE3

ADDR: 77A36AFD CODE: 741c jz 0x77a36b1b
Eax=356E388 Ebx=3550000 Ecx=38C Edx=356E388 Edi=356E380 Esi=356E278 Ebp=327E134 Esp=327E108 Eip=77A36AFD

ADDR: 77A36B30 CODE: 7427 jz 0x77a36b59
Eax=356E388 Ebx=3550000 Ecx=38C Edx=3550270 Edi=356E380 Esi=356E278 Ebp=327E134 Esp=327E108 Eip=77A36B30

ADDR: 77A36B38 CODE: 720e jb 0x77a36b48
Eax=356E388 Ebx=3550000 Ecx=38C Edx=3550270 Edi=356E380 Esi=356E278 Ebp=327E134 Esp=327E108 Eip=77A36B38

ADDR: 77A36B3E CODE: 0f8494020000 jz 0x77a36dd8
Eax=35536A0 Ebx=3550000 Ecx=38C Edx=3550270 Edi=356E380 Esi=356E278 Ebp=327E134 Esp=327E108 Eip=77A36B3E

ADDR: 77A36B38 CODE: 720e jb 0x77a36b48
Eax=35536A0 Ebx=3550000 Ecx=38C Edx=35536A0 Edi=356E380 Esi=356E278 Ebp=327E134 Esp=327E108 Eip=77A36B38

ADDR: 77A370A8 CODE: 743e jz 0x77a370e8
Eax=35537B4 Ebx=7FF Ecx=800 Edx=30C Edi=30C Esi=35536A0 Ebp=327E0F0 Esp=327E0D0 Eip=77A370A8

ADDR: 77A370BF CODE: 732c jae 0x77a370ed
Eax=35537B4 Ebx=35500C0 Ecx=7FF Edx=30C Edi=30C Esi=35536A0 Ebp=327E0F0 Esp=327E0D0 Eip=77A370BF

ADDR: 77A36B76 CODE: 744e jz 0x77a36bc6
Eax=35500C0 Ebx=3550000 Ecx=356CB00 Edx=0 Edi=356E380 Esi=356E278 Ebp=327E134 Esp=327E108 Eip=77A36B76

ADDR: 77A36BD8 CODE: 0f8457e60400 jz 0x77a85235
Eax=3550000 Ebx=3550000 Ecx=356CB08 Edx=0 Edi=108 Esi=356E278 Ebp=327E134 Esp=327E108 Eip=77A36BD8

ADDR: 77A36BED CODE: 0f8461e60400 jz 0x77a85254
Eax=3550008 Ebx=3550000 Ecx=356CB08 Edx=0 Edi=108 Esi=356E278 Ebp=327E134 Esp=327E108 Eip=77A36BED

ADDR: 77A36C08 CODE: 0f8686010000 jbe 0x77a36d94
Eax=36C Ebx=3550000 Ecx=3AD Edx=41 Edi=100 Esi=356E278 Ebp=327E134 Esp=327E108 Eip=77A36C08

ADDR: 77A36C4F CODE: 0f8449010000 jz 0x77a36d9e
Eax=8 Ebx=3550000 Ecx=208 Edx=41 Edi=100 Esi=356E278 Ebp=327E134 Esp=327E108 Eip=77A36C4F

ADDR: 77A36C58 CODE: 0f838ae60400 jae 0x77a852e8
Eax=8 Ebx=3550000 Ecx=208 Edx=41 Edi=100 Esi=356E278 Ebp=327E134 Esp=327E108 Eip=77A36C58

ADDR: 77A371A6 CODE: 0f8427010000 jz 0x77a372d3
Eax=9F Ebx=356FFE0 Ecx=36C Edx=3550000 Edi=3550000 Esi=356E480 Ebp=327E0EC Esp=327E0D0 Eip=77A371A6

ADDR: 77A371DC CODE: 0f8493e30400 jz 0x77a85575
Eax=8DDF Ebx=36C Ecx=36C Edx=35500C0 Edi=3550000 Esi=356E480 Ebp=327E0EC Esp=327E0D0 Eip=77A371DC

ADDR: 77A37670 CODE: 7317 jae 0x77a37689
Eax=8DDF Ebx=3550000 Ecx=3550000 Edx=36C Edi=36C Esi=3550270 Ebp=327E0EC Esp=327E0C0 Eip=77A37670

ADDR: 77A3768D CODE: 740b jz 0x77a3769a
Eax=35536A0 Ebx=3550000 Ecx=3550000 Edx=36C Edi=36C Esi=3550270 Ebp=327E0EC Esp=327E0C0 Eip=77A3768D

ADDR: 77A37670 CODE: 7317 jae 0x77a37689
Eax=35536A0 Ebx=3550000 Ecx=3550000 Edx=36C Edi=36C Esi=35536A0 Ebp=327E0EC Esp=327E0C0 Eip=77A37670

ADDR: 77A2A2E4 CODE: 7449 jz 0x77a2a32f
Eax=356CB30 Ebx=35500C0 Ecx=3550000 Edx=3550000 Edi=35536A0 Esi=0 Ebp=327E0AC Esp=327E090 Eip=77A2A2E4

ADDR: 77A2A2EA CODE: 0f84b49b0500 jz 0x77a83ea4
Eax=356CB30 Ebx=35500C0 Ecx=3550000 Edx=3550000 Edi=35536A0 Esi=0 Ebp=327E0AC Esp=327E090 Eip=77A2A2EA

ADDR: 77A2A2FB CODE: 7426 jz 0x77a2a323
Eax=C49EF96D Ebx=35500C0 Ecx=3550000 Edx=3550000 Edi=35536A0 Esi=0 Ebp=327E0AC Esp=327E090 Eip=77A2A2FB

ADDR: 77A2A32D CODE: 7e0b jle 0x77a2a33a
Eax=C Ebx=35500C0 Ecx=360 Edx=3550000 Edi=35536A0 Esi=0 Ebp=327E0AC Esp=327E090 Eip=77A2A32D

ADDR: 77A37683 CODE: 740e jz 0x77a37693
Eax=35500C0 Ebx=3550000 Ecx=360 Edx=3550000 Edi=36C Esi=35536A0 Ebp=327E0EC Esp=327E0C0 Eip=77A37683

ADDR: 77A371F5 CODE: 744c jz 0x77a37243
Eax=35500C0 Ebx=36C Ecx=35500C0 Edx=35500C0 Edi=3550000 Esi=356E480 Ebp=327E0EC Esp=327E0D0 Eip=77A371F5

ADDR: 77A37265 CODE: 7424 jz 0x77a3728b
Eax=36C Ebx=356E488 Ecx=35500C0 Edx=3550270 Edi=3550000 Esi=356E480 Ebp=327E0EC Esp=327E0D0 Eip=77A37265

ADDR: 77A3726D CODE: 720e jb 0x77a3727d
Eax=36C Ebx=356E488 Ecx=36C Edx=3550270 Edi=3550000 Esi=356E480 Ebp=327E0EC Esp=327E0D0 Eip=77A3726D

ADDR: 77A37273 CODE: 0f84bd000000 jz 0x77a37336
Eax=35536A0 Ebx=356E488 Ecx=36C Edx=3550270 Edi=3550000 Esi=356E480 Ebp=327E0EC Esp=327E0D0 Eip=77A37273

ADDR: 77A3726D CODE: 720e jb 0x77a3727d
Eax=35536A0 Ebx=356E488 Ecx=36C Edx=35536A0 Edi=3550000 Esi=356E480 Ebp=327E0EC Esp=327E0D0 Eip=77A3726D

ADDR: 77A375DA CODE: 742c jz 0x77a37608
Eax=7FF Ebx=0 Ecx=3550000 Edx=2EC Edi=2EC Esi=35536A0 Ebp=327E0B8 Esp=327E0A0 Eip=77A375DA

ADDR: 77A3728F CODE: 7410 jz 0x77a372a1
Eax=1000 Ebx=356E488 Ecx=35536C4 Edx=17 Edi=3550000 Esi=356E480 Ebp=327E0EC Esp=327E0D0 Eip=77A3728F

ADDR: 77A369F6 CODE: 7416 jz 0x77a36a0e
Eax=1 Ebx=41 Ecx=356E278 Edx=200 Edi=3550000 Esi=356E278 Ebp=327E230 Esp=327E144 Eip=77A369F6

ADDR: 77A369FC CODE: 7410 jz 0x77a36a0e
Eax=1 Ebx=41 Ecx=356E278 Edx=200 Edi=3550000 Esi=356E278 Ebp=327E230 Esp=327E144 Eip=77A369FC

ADDR: 77A36A12 CODE: 740b jz 0x77a36a1f
Eax=C89EF961 Ebx=41 Ecx=356E278 Edx=200 Edi=3550000 Esi=356E278 Ebp=327E230 Esp=327E144 Eip=77A36A12

ADDR: 77A27B53 CODE: 746e jz 0x77a27bc3
Eax=FFFFFFFE Ebx=3550258 Ecx=FFFFFFFF Edx=200 Edi=355025C Esi=FFFFFFFE Ebp=327E138 Esp=327E124 Eip=77A27B53

ADDR: 77A369D7 CODE: 7447 jz 0x77a36a20
Eax=0 Ebx=41 Ecx=FFFFFFFF Edx=200 Edi=3550000 Esi=356E278 Ebp=327E230 Esp=327E148 Eip=77A369D7

ADDR: 77A36A28 CODE: 7436 jz 0x77a36a60
Eax=7FFE0380 Ebx=41 Ecx=FFFFFFFF Edx=200 Edi=3550000 Esi=356E278 Ebp=327E230 Esp=327E148 Eip=77A36A28

ADDR: 77A35BD5 CODE: 7448 jz 0x77a35c1f
Eax=0 Ebx=0 Ecx=19BAF324 Edx=200 Edi=3550000 Esi=356E280 Ebp=327E2C8 Esp=327E240 Eip=77A35BD5

ADDR: 77A35C21 CODE: 7434 jz 0x77a35c57
Eax=0 Ebx=0 Ecx=19BAF324 Edx=200 Edi=3550000 Esi=356E280 Ebp=327E2C8 Esp=327E240 Eip=77A35C21

ADDR: 77A35C2D CODE: 0f84aa000000 jz 0x77a35cdd
Eax=0 Ebx=356E280 Ecx=0 Edx=200 Edi=3550000 Esi=356E280 Ebp=327E2C8 Esp=327E240 Eip=77A35C2D

ADDR: 77855F22 CODE: 74cf jz 0x77855ef3
Eax=356E280 Ebx=356E280 Ecx=1A9D1114 Edx=200 Edi=0 Esi=200 Ebp=327E310 Esp=327E300 Eip=77855F22

ADDR: 778544BB CODE: 7416 jz 0x778544d3
Eax=356E280 Ebx=100 Ecx=200 Edx=200 Edi=0 Esi=200 Ebp=327E334 Esp=327E320 Eip=778544BB

ADDR: 778544BF CODE: 7312 jae 0x778544d3
Eax=356E280 Ebx=100 Ecx=200 Edx=200 Edi=0 Esi=200 Ebp=327E334 Esp=327E320 Eip=778544BF

ADDR: 77895361 CODE: 0f843c010000 jz 0x778954a3
Eax=0 Ebx=100 Ecx=100 Edx=0 Edi=356E380 Esi=100 Ebp=327E334 Esp=327E310 Eip=77895361

ADDR: 77895370 CODE: 0f86df000000 jbe 0x77895455
Eax=0 Ebx=100 Ecx=100 Edx=0 Edi=356E380 Esi=100 Ebp=327E334 Esp=327E310 Eip=77895370

ADDR: 7789537C CODE: 0f828b000000 jb 0x7789540d
Eax=0 Ebx=100 Ecx=100 Edx=0 Edi=356E380 Esi=100 Ebp=327E334 Esp=327E310 Eip=7789537C

ADDR: 7789538A CODE: 7309 jae 0x77895395
Eax=0 Ebx=100 Ecx=100 Edx=0 Edi=356E380 Esi=100 Ebp=327E334 Esp=327E310 Eip=7789538A

ADDR: 778596BA CODE: 7417 jz 0x778596d3
Eax=0 Ebx=40 Ecx=0 Edx=0 Edi=356E280 Esi=356E280 Ebp=327E330 Esp=327E330 Eip=778596BA

ADDR: 77859897 CODE: 0f843b710500 jz 0x778b09d8
Eax=0 Ebx=40 Ecx=0 Edx=0 Edi=356E280 Esi=356E280 Ebp=327E360 Esp=327E340 Eip=77859897

ADDR: 778598B9 CODE: 0f8416ffffff jz 0x778597d5
Eax=356E380 Ebx=356E480 Ecx=356E280 Edx=B76A77F Edi=356E280 Esi=356E380 Ebp=327E360 Esp=327E340 Eip=778598B9

ADDR: 77A27B53 CODE: 746e jz 0x77a27bc3
Eax=FFFFFFFE Ebx=77935C18 Ecx=FFFFFFFF Edx=B76A77F Edi=77935C1C Esi=FFFFFFFE Ebp=327E358 Esp=327E344 Eip=77A27B53

ADDR: 778594A4 CODE: 7458 jz 0x778594fe
Eax=30EE8A47 Ebx=75E4B498 Ecx=1F Edx=B76A77F Edi=2 Esi=77305A70 Ebp=327E39C Esp=327E384 Eip=778594A4

ADDR: 77A78DEB CODE: 730a jae 0x77a78df7
Eax=EE60B4E Ebx=75E4B498 Ecx=77305A70 Edx=404000 Edi=2 Esi=77305A70 Ebp=327E39C Esp=327E378 Eip=77A78DEB

ADDR: 77A709B7 CODE: 747f jz 0x77a70a38
Eax=2 Ebx=3191FB4 Ecx=77305A70 Edx=3191FB4 Edi=2 Esi=77305A70 Ebp=327E350 Esp=327E344 Eip=77A709B7

ADDR: 77A709BE CODE: 7378 jae 0x77a70a38
Eax=2 Ebx=3191FB4 Ecx=77305A70 Edx=3191FB4 Edi=2 Esi=77305A70 Ebp=327E350 Esp=327E344 Eip=77A709BE

ADDR: 77305A83 CODE: 790d jns 0x77305a92
Eax=0 Ebx=75E4B498 Ecx=355A188 Edx=0 Edi=2 Esi=77305A70 Ebp=327E374 Esp=327E374 Eip=77305A83

ADDR: 77862C46 CODE: 740a jz 0x77862c52
Eax=0 Ebx=75E4B498 Ecx=7604E760 Edx=0 Edi=75EC2CC0 Esi=75E4B2F0 Ebp=327E430 Esp=327E424 Eip=77862C46

ADDR: 77A78DEB CODE: 730a jae 0x77a78df7
Eax=EBD8598 Ebx=75E4B498 Ecx=75EC2CC0 Edx=11111104 Edi=75EC2CC0 Esi=75E4B2F0 Ebp=327E430 Esp=327E420 Eip=77A78DEB

ADDR: 778595B4 CODE: 7458 jz 0x7785960e
Eax=30EE8A47 Ebx=75E4B498 Ecx=1F Edx=763BC8DC Edi=2 Esi=77305A70 Ebp=327E3A0 Esp=327E388 Eip=778595B4

ADDR: 77A78DEB CODE: 730a jae 0x77a78df7
Eax=EE60B4E Ebx=75E4B498 Ecx=77305A70 Edx=404000 Edi=2 Esi=77305A70 Ebp=327E3A0 Esp=327E37C Eip=77A78DEB

ADDR: 77A709B7 CODE: 747f jz 0x77a70a38
Eax=2 Ebx=3191FB4 Ecx=77305A70 Edx=3191FB4 Edi=2 Esi=77305A70 Ebp=327E354 Esp=327E348 Eip=77A709B7

ADDR: 77A709BE CODE: 7378 jae 0x77a70a38
Eax=2 Ebx=3191FB4 Ecx=77305A70 Edx=3191FB4 Edi=2 Esi=77305A70 Ebp=327E354 Esp=327E348 Eip=77A709BE

ADDR: 77305A83 CODE: 790d jns 0x77305a92
Eax=0 Ebx=75E4B498 Ecx=355A188 Edx=0 Edi=2 Esi=77305A70 Ebp=327E378 Esp=327E378 Eip=77305A83

ADDR: 778590DC CODE: 7454 jz 0x77859132
Eax=30E1272F Ebx=75E4B498 Ecx=1F Edx=0 Edi=2 Esi=772F00A0 Ebp=327E3EC Esp=327E390 Eip=778590DC

ADDR: 77A78DEB CODE: 730a jae 0x77a78df7
Eax=EE5E014 Ebx=75E4B498 Ecx=772F00A0 Edx=104000 Edi=2 Esi=772F00A0 Ebp=327E3EC Esp=327E388 Eip=77A78DEB

ADDR: 77A6C686 CODE: 743c jz 0x77a6c6c4
Eax=2 Ebx=75E4B498 Ecx=355A180 Edx=104000 Edi=2 Esi=3191000 Ebp=327E36C Esp=327E36C Eip=77A6C686

ADDR: 77A6C68D CODE: 7335 jae 0x77a6c6c4
Eax=2 Ebx=75E4B498 Ecx=355A180 Edx=104000 Edi=2 Esi=3191000 Ebp=327E36C Esp=327E36C Eip=77A6C68D

ADDR: 77A6C6AC CODE: 740c jz 0x77a6c6ba
Eax=355CAA0 Ebx=75E4B498 Ecx=355A180 Edx=0 Edi=2 Esi=2 Ebp=327E36C Esp=327E368 Eip=77A6C6AC

ADDR: 77A6C6B4 CODE: 7404 jz 0x77a6c6ba
Eax=355CAAC Ebx=75E4B498 Ecx=355A180 Edx=0 Edi=2 Esi=2 Ebp=327E36C Esp=327E368 Eip=77A6C6B4

ADDR: 772F00BD CODE: 791c jns 0x772f00db
Eax=0 Ebx=75E4B498 Ecx=327E380 Edx=0 Edi=2 Esi=3191000 Ebp=327E384 Esp=327E37C Eip=772F00BD

ADDR: 77A2E69A CODE: 7315 jae 0x77a2e6b1
Eax=77935C1C Ebx=75E4B498 Ecx=77935C18 Edx=3191000 Edi=75EC2CC0 Esi=763BC8DC Ebp=327E35C Esp=327E358 Eip=77A2E69A

ADDR: 778597A6 CODE: 0f8454720500 jz 0x778b0a00
Eax=327E3CC Ebx=763BC8DC Ecx=327E3B8 Edx=3191000 Edi=75EC2CC0 Esi=763BC8DC Ebp=327E360 Esp=327E340 Eip=778597A6

ADDR: 778597D3 CODE: 7479 jz 0x7785984e
Eax=327E3CC Ebx=356E480 Ecx=1F Edx=B76A77F Edi=356E280 Esi=356E384 Ebp=327E360 Esp=327E340 Eip=778597D3

ADDR: 77A27B53 CODE: 746e jz 0x77a27bc3
Eax=FFFFFFFE Ebx=77935C18 Ecx=FFFFFFFF Edx=B76A77F Edi=77935C1C Esi=FFFFFFFE Ebp=327E358 Esp=327E344 Eip=77A27B53

ADDR: 778594A4 CODE: 7458 jz 0x778594fe
Eax=30EE8A47 Ebx=75E4B498 Ecx=1F Edx=B76A77F Edi=2 Esi=77305A70 Ebp=327E39C Esp=327E384 Eip=778594A4

ADDR: 77A78DEB CODE: 730a jae 0x77a78df7
Eax=EE60B4E Ebx=75E4B498 Ecx=77305A70 Edx=404000 Edi=2 Esi=77305A70 Ebp=327E39C Esp=327E378 Eip=77A78DEB

ADDR: 77A709B7 CODE: 747f jz 0x77a70a38
Eax=2 Ebx=3191FB4 Ecx=77305A70 Edx=3191FB4 Edi=2 Esi=77305A70 Ebp=327E350 Esp=327E344 Eip=77A709B7

ADDR: 77A709BE CODE: 7378 jae 0x77a70a38
Eax=2 Ebx=3191FB4 Ecx=77305A70 Edx=3191FB4 Edi=2 Esi=77305A70 Ebp=327E350 Esp=327E344 Eip=77A709BE

ADDR: 77305A83 CODE: 790d jns 0x77305a92
Eax=0 Ebx=75E4B498 Ecx=355A188 Edx=0 Edi=2 Esi=77305A70 Ebp=327E374 Esp=327E374 Eip=77305A83

ADDR: 77862C46 CODE: 740a jz 0x77862c52
Eax=0 Ebx=75E4B498 Ecx=7604E770 Edx=0 Edi=75EC2CE0 Esi=75E4B2F4 Ebp=327E430 Esp=327E424 Eip=77862C46

ADDR: 77A78DEB CODE: 730a jae 0x77a78df7
Eax=EBD859C Ebx=75E4B498 Ecx=75EC2CE0 Edx=11111104 Edi=75EC2CE0 Esi=75E4B2F4 Ebp=327E430 Esp=327E420 Eip=77A78DEB

ADDR: 778595B4 CODE: 7458 jz 0x7785960e
Eax=30EE8A47 Ebx=75E4B498 Ecx=1F Edx=763BC8DC Edi=2 Esi=77305A70 Ebp=327E3A0 Esp=327E388 Eip=778595B4

ADDR: 77A78DEB CODE: 730a jae 0x77a78df7
Eax=EE60B4E Ebx=75E4B498 Ecx=77305A70 Edx=404000 Edi=2 Esi=77305A70 Ebp=327E3A0 Esp=327E37C Eip=77A78DEB

ADDR: 77A709B7 CODE: 747f jz 0x77a70a38
Eax=2 Ebx=3191FB4 Ecx=77305A70 Edx=3191FB4 Edi=2 Esi=77305A70 Ebp=327E354 Esp=327E348 Eip=77A709B7

ADDR: 77A709BE CODE: 7378 jae 0x77a70a38
Eax=2 Ebx=3191FB4 Ecx=77305A70 Edx=3191FB4 Edi=2 Esi=77305A70 Ebp=327E354 Esp=327E348 Eip=77A709BE

ADDR: 77305A83 CODE: 790d jns 0x77305a92
Eax=0 Ebx=75E4B498 Ecx=355A188 Edx=0 Edi=2 Esi=77305A70 Ebp=327E378 Esp=327E378 Eip=77305A83

ADDR: 778590DC CODE: 7454 jz 0x77859132
Eax=30E1272F Ebx=75E4B498 Ecx=1F Edx=0 Edi=2 Esi=772F00A0 Ebp=327E3EC Esp=327E390 Eip=778590DC

ADDR: 77A78DEB CODE: 730a jae 0x77a78df7
Eax=EE5E014 Ebx=75E4B498 Ecx=772F00A0 Edx=104000 Edi=2 Esi=772F00A0 Ebp=327E3EC Esp=327E388 Eip=77A78DEB

ADDR: 77A6C686 CODE: 743c jz 0x77a6c6c4
Eax=2 Ebx=75E4B498 Ecx=355A180 Edx=104000 Edi=2 Esi=3191000 Ebp=327E36C Esp=327E36C Eip=77A6C686

ADDR: 77A6C68D CODE: 7335 jae 0x77a6c6c4
Eax=2 Ebx=75E4B498 Ecx=355A180 Edx=104000 Edi=2 Esi=3191000 Ebp=327E36C Esp=327E36C Eip=77A6C68D

ADDR: 77A6C6AC CODE: 740c jz 0x77a6c6ba
Eax=355CAA0 Ebx=75E4B498 Ecx=355A180 Edx=0 Edi=2 Esi=2 Ebp=327E36C Esp=327E368 Eip=77A6C6AC

ADDR: 77A6C6B4 CODE: 7404 jz 0x77a6c6ba
Eax=355CAAC Ebx=75E4B498 Ecx=355A180 Edx=0 Edi=2 Esi=2 Ebp=327E36C Esp=327E368 Eip=77A6C6B4

ADDR: 772F00BD CODE: 791c jns 0x772f00db
Eax=0 Ebx=75E4B498 Ecx=327E380 Edx=0 Edi=2 Esi=3191000 Ebp=327E384 Esp=327E37C Eip=772F00BD

ADDR: 77A2E69A CODE: 7315 jae 0x77a2e6b1
Eax=77935C1C Ebx=75E4B498 Ecx=77935C18 Edx=3191000 Edi=75EC2CE0 Esi=763BC8DC Ebp=327E35C Esp=327E358 Eip=77A2E69A

ADDR: 778597A6 CODE: 0f8454720500 jz 0x778b0a00
Eax=327E3CC Ebx=763BC8DC Ecx=327E3B8 Edx=3191000 Edi=75EC2CE0 Esi=763BC8DC Ebp=327E360 Esp=327E340 Eip=778597A6

ADDR: 778597D3 CODE: 7479 jz 0x7785984e
Eax=327E3CC Ebx=356E480 Ecx=1F Edx=B76A77F Edi=356E280 Esi=356E388 Ebp=327E360 Esp=327E340 Eip=778597D3

ADDR: 77A27B53 CODE: 746e jz 0x77a27bc3
Eax=FFFFFFFE Ebx=77935C18 Ecx=FFFFFFFF Edx=B76A77F Edi=77935C1C Esi=FFFFFFFE Ebp=327E358 Esp=327E344 Eip=77A27B53

ADDR: 778594A4 CODE: 7458 jz 0x778594fe
Eax=30EE8A47 Ebx=75E4B498 Ecx=1F Edx=B76A77F Edi=2 Esi=77305A70 Ebp=327E39C Esp=327E384 Eip=778594A4

ADDR: 77A78DEB CODE: 730a jae 0x77a78df7
Eax=EE60B4E Ebx=75E4B498 Ecx=77305A70 Edx=404000 Edi=2 Esi=77305A70 Ebp=327E39C Esp=327E378 Eip=77A78DEB

ADDR: 77A709B7 CODE: 747f jz 0x77a70a38
Eax=2 Ebx=3191FB4 Ecx=77305A70 Edx=3191FB4 Edi=2 Esi=77305A70 Ebp=327E350 Esp=327E344 Eip=77A709B7

ADDR: 77A709BE CODE: 7378 jae 0x77a70a38
Eax=2 Ebx=3191FB4 Ecx=77305A70 Edx=3191FB4 Edi=2 Esi=77305A70 Ebp=327E350 Esp=327E344 Eip=77A709BE

ADDR: 77305A83 CODE: 790d jns 0x77305a92
Eax=0 Ebx=75E4B498 Ecx=355A188 Edx=0 Edi=2 Esi=77305A70 Ebp=327E374 Esp=327E374 Eip=77305A83

ADDR: 77862C46 CODE: 740a jz 0x77862c52
Eax=0 Ebx=75E4B498 Ecx=7604E780 Edx=0 Edi=75EC2D00 Esi=75E4B2F8 Ebp=327E430 Esp=327E424 Eip=77862C46

ADDR: 77A78DEB CODE: 730a jae 0x77a78df7
Eax=EBD85A0 Ebx=75E4B498 Ecx=75EC2D00 Edx=11111111 Edi=75EC2D00 Esi=75E4B2F8 Ebp=327E430 Esp=327E420 Eip=77A78DEB

ADDR: 778595B4 CODE: 7458 jz 0x7785960e
Eax=30EE8A47 Ebx=75E4B498 Ecx=1F Edx=763BC8DC Edi=2 Esi=77305A70 Ebp=327E3A0 Esp=327E388 Eip=778595B4

ADDR: 77A78DEB CODE: 730a jae 0x77a78df7
Eax=EE60B4E Ebx=75E4B498 Ecx=77305A70 Edx=404000 Edi=2 Esi=77305A70 Ebp=327E3A0 Esp=327E37C Eip=77A78DEB

ADDR: 77A709B7 CODE: 747f jz 0x77a70a38
Eax=2 Ebx=3191FB4 Ecx=77305A70 Edx=3191FB4 Edi=2 Esi=77305A70 Ebp=327E354 Esp=327E348 Eip=77A709B7

ADDR: 77A709BE CODE: 7378 jae 0x77a70a38
Eax=2 Ebx=3191FB4 Ecx=77305A70 Edx=3191FB4 Edi=2 Esi=77305A70 Ebp=327E354 Esp=327E348 Eip=77A709BE

ADDR: 77305A83 CODE: 790d jns 0x77305a92
Eax=0 Ebx=75E4B498 Ecx=355A188 Edx=0 Edi=2 Esi=77305A70 Ebp=327E378 Esp=327E378 Eip=77305A83

ADDR: 778590DC CODE: 7454 jz 0x77859132
Eax=30E1272F Ebx=75E4B498 Ecx=1F Edx=0 Edi=2 Esi=772F00A0 Ebp=327E3EC Esp=327E390 Eip=778590DC

ADDR: 77A78DEB CODE: 730a jae 0x77a78df7
Eax=EE5E014 Ebx=75E4B498 Ecx=772F00A0 Edx=104000 Edi=2 Esi=772F00A0 Ebp=327E3EC Esp=327E388 Eip=77A78DEB

ADDR: 77A6C686 CODE: 743c jz 0x77a6c6c4
Eax=2 Ebx=75E4B498 Ecx=355A180 Edx=104000 Edi=2 Esi=3191000 Ebp=327E36C Esp=327E36C Eip=77A6C686

ADDR: 77A6C68D CODE: 7335 jae 0x77a6c6c4
Eax=2 Ebx=75E4B498 Ecx=355A180 Edx=104000 Edi=2 Esi=3191000 Ebp=327E36C Esp=327E36C Eip=77A6C68D

ADDR: 77A6C6AC CODE: 740c jz 0x77a6c6ba
Eax=355CAA0 Ebx=75E4B498 Ecx=355A180 Edx=0 Edi=2 Esi=2 Ebp=327E36C Esp=327E368 Eip=77A6C6AC

ADDR: 77A6C6B4 CODE: 7404 jz 0x77a6c6ba
Eax=355CAAC Ebx=75E4B498 Ecx=355A180 Edx=0 Edi=2 Esi=2 Ebp=327E36C Esp=327E368 Eip=77A6C6B4

ADDR: 772F00BD CODE: 791c jns 0x772f00db
Eax=0 Ebx=75E4B498 Ecx=327E380 Edx=0 Edi=2 Esi=3191000 Ebp=327E384 Esp=327E37C Eip=772F00BD

ADDR: 77A2E69A CODE: 7315 jae 0x77a2e6b1
Eax=77935C1C Ebx=75E4B498 Ecx=77935C18 Edx=3191000 Edi=75EC2D00 Esi=763BC8DC Ebp=327E35C Esp=327E358 Eip=77A2E69A

ADDR: 778597A6 CODE: 0f8454720500 jz 0x778b0a00
Eax=327E3CC Ebx=763BC8DC Ecx=327E3B8 Edx=3191000 Edi=75EC2D00 Esi=763BC8DC Ebp=327E360 Esp=327E340 Eip=778597A6

ADDR: 778597D3 CODE: 7479 jz 0x7785984e
Eax=327E3CC Ebx=356E480 Ecx=1F Edx=B76A77F Edi=356E280 Esi=356E38C Ebp=327E360 Esp=327E340 Eip=778597D3

ADDR: 77A27B53 CODE: 746e jz 0x77a27bc3
Eax=FFFFFFFE Ebx=77935C18 Ecx=FFFFFFFF Edx=B76A77F Edi=77935C1C Esi=FFFFFFFE Ebp=327E358 Esp=327E344 Eip=77A27B53

ADDR: 778594A4 CODE: 7458 jz 0x778594fe
Eax=30EE8A47 Ebx=75E4B498 Ecx=1F Edx=B76A77F Edi=2 Esi=77305A70 Ebp=327E39C Esp=327E384 Eip=778594A4

ADDR: 77A78DEB CODE: 730a jae 0x77a78df7
Eax=EE60B4E Ebx=75E4B498 Ecx=77305A70 Edx=404000 Edi=2 Esi=77305A70 Ebp=327E39C Esp=327E378 Eip=77A78DEB

ADDR: 77A709B7 CODE: 747f jz 0x77a70a38
Eax=2 Ebx=3191FB4 Ecx=77305A70 Edx=3191FB4 Edi=2 Esi=77305A70 Ebp=327E350 Esp=327E344 Eip=77A709B7

ADDR: 77A709BE CODE: 7378 jae 0x77a70a38
Eax=2 Ebx=3191FB4 Ecx=77305A70 Edx=3191FB4 Edi=2 Esi=77305A70 Ebp=327E350 Esp=327E344 Eip=77A709BE

ADDR: 77305A83 CODE: 790d jns 0x77305a92
Eax=0 Ebx=75E4B498 Ecx=355A188 Edx=0 Edi=2 Esi=77305A70 Ebp=327E374 Esp=327E374 Eip=77305A83

ADDR: 77862C46 CODE: 740a jz 0x77862c52
Eax=0 Ebx=75E4B498 Ecx=7604E790 Edx=0 Edi=75EC2D20 Esi=75E4B2FC Ebp=327E430 Esp=327E424 Eip=77862C46

ADDR: 77A78DEB CODE: 730a jae 0x77a78df7
Eax=EBD85A4 Ebx=75E4B498 Ecx=75EC2D20 Edx=11111111 Edi=75EC2D20 Esi=75E4B2FC Ebp=327E430 Esp=327E420 Eip=77A78DEB

ADDR: 778595B4 CODE: 7458 jz 0x7785960e
Eax=30EE8A47 Ebx=75E4B498 Ecx=1F Edx=763BC8DC Edi=2 Esi=77305A70 Ebp=327E3A0 Esp=327E388 Eip=778595B4

ADDR: 77A78DEB CODE: 730a jae 0x77a78df7
Eax=EE60B4E Ebx=75E4B498 Ecx=77305A70 Edx=404000 Edi=2 Esi=77305A70 Ebp=327E3A0 Esp=327E37C Eip=77A78DEB

ADDR: 77A709B7 CODE: 747f jz 0x77a70a38
Eax=2 Ebx=3191FB4 Ecx=77305A70 Edx=3191FB4 Edi=2 Esi=77305A70 Ebp=327E354 Esp=327E348 Eip=77A709B7

ADDR: 77A709BE CODE: 7378 jae 0x77a70a38
Eax=2 Ebx=3191FB4 Ecx=77305A70 Edx=3191FB4 Edi=2 Esi=77305A70 Ebp=327E354 Esp=327E348 Eip=77A709BE

ADDR: 77305A83 CODE: 790d jns 0x77305a92
Eax=0 Ebx=75E4B498 Ecx=355A188 Edx=0 Edi=2 Esi=77305A70 Ebp=327E378 Esp=327E378 Eip=77305A83

ADDR: 778590DC CODE: 7454 jz 0x77859132
Eax=30E1272F Ebx=75E4B498 Ecx=1F Edx=0 Edi=2 Esi=772F00A0 Ebp=327E3EC Esp=327E390 Eip=778590DC

ADDR: 77A78DEB CODE: 730a jae 0x77a78df7
Eax=EE5E014 Ebx=75E4B498 Ecx=772F00A0 Edx=104000 Edi=2 Esi=772F00A0 Ebp=327E3EC Esp=327E388 Eip=77A78DEB

ADDR: 77A6C686 CODE: 743c jz 0x77a6c6c4
Eax=2 Ebx=75E4B498 Ecx=355A180 Edx=104000 Edi=2 Esi=3191000 Ebp=327E36C Esp=327E36C Eip=77A6C686

ADDR: 77A6C68D CODE: 7335 jae 0x77a6c6c4
Eax=2 Ebx=75E4B498 Ecx=355A180 Edx=104000 Edi=2 Esi=3191000 Ebp=327E36C Esp=327E36C Eip=77A6C68D

ADDR: 77A6C6AC CODE: 740c jz 0x77a6c6ba
Eax=355CAA0 Ebx=75E4B498 Ecx=355A180 Edx=0 Edi=2 Esi=2 Ebp=327E36C Esp=327E368 Eip=77A6C6AC

ADDR: 77A6C6B4 CODE: 7404 jz 0x77a6c6ba
Eax=355CAAC Ebx=75E4B498 Ecx=355A180 Edx=0 Edi=2 Esi=2 Ebp=327E36C Esp=327E368 Eip=77A6C6B4

ADDR: 772F00BD CODE: 791c jns 0x772f00db
Eax=0 Ebx=75E4B498 Ecx=327E380 Edx=0 Edi=2 Esi=3191000 Ebp=327E384 Esp=327E37C Eip=772F00BD

ADDR: 77A2E69A CODE: 7315 jae 0x77a2e6b1
Eax=77935C1C Ebx=75E4B498 Ecx=77935C18 Edx=3191000 Edi=75EC2D20 Esi=763BC8DC Ebp=327E35C Esp=327E358 Eip=77A2E69A

ADDR: 778597A6 CODE: 0f8454720500 jz 0x778b0a00
Eax=327E3CC Ebx=763BC8DC Ecx=327E3B8 Edx=3191000 Edi=75EC2D20 Esi=763BC8DC Ebp=327E360 Esp=327E340 Eip=778597A6

ADDR: 778597D3 CODE: 7479 jz 0x7785984e
Eax=327E3CC Ebx=356E480 Ecx=1F Edx=B76A77F Edi=356E280 Esi=356E390 Ebp=327E360 Esp=327E340 Eip=778597D3

ADDR: 77A27B53 CODE: 746e jz 0x77a27bc3
Eax=FFFFFFFE Ebx=77935C18 Ecx=FFFFFFFF Edx=B76A77F Edi=77935C1C Esi=FFFFFFFE Ebp=327E358 Esp=327E344 Eip=77A27B53

ADDR: 778594A4 CODE: 7458 jz 0x778594fe
Eax=30EE8A47 Ebx=75E4B498 Ecx=1F Edx=B76A77F Edi=2 Esi=77305A70 Ebp=327E39C Esp=327E384 Eip=778594A4

ADDR: 77A78DEB CODE: 730a jae 0x77a78df7
Eax=EE60B4E Ebx=75E4B498 Ecx=77305A70 Edx=404000 Edi=2 Esi=77305A70 Ebp=327E39C Esp=327E378 Eip=77A78DEB

ADDR: 77A709B7 CODE: 747f jz 0x77a70a38
Eax=2 Ebx=3191FB4 Ecx=77305A70 Edx=3191FB4 Edi=2 Esi=77305A70 Ebp=327E350 Esp=327E344 Eip=77A709B7

ADDR: 77A709BE CODE: 7378 jae 0x77a70a38
Eax=2 Ebx=3191FB4 Ecx=77305A70 Edx=3191FB4 Edi=2 Esi=77305A70 Ebp=327E350 Esp=327E344 Eip=77A709BE

ADDR: 77305A83 CODE: 790d jns 0x77305a92
Eax=0 Ebx=75E4B498 Ecx=355A188 Edx=0 Edi=2 Esi=77305A70 Ebp=327E374 Esp=327E374 Eip=77305A83

ADDR: 77862C46 CODE: 740a jz 0x77862c52
Eax=0 Ebx=75E4B498 Ecx=7604E7A0 Edx=0 Edi=75EC2D40 Esi=75E4B300 Ebp=327E430 Esp=327E424 Eip=77862C46

ADDR: 77A78DEB CODE: 730a jae 0x77a78df7
Eax=EBD85A8 Ebx=75E4B498 Ecx=75EC2D40 Edx=11111111 Edi=75EC2D40 Esi=75E4B300 Ebp=327E430 Esp=327E420 Eip=77A78DEB

ADDR: 778595B4 CODE: 7458 jz 0x7785960e
Eax=30EE8A47 Ebx=75E4B498 Ecx=1F Edx=763BC8DC Edi=2 Esi=77305A70 Ebp=327E3A0 Esp=327E388 Eip=778595B4

ADDR: 77A78DEB CODE: 730a jae 0x77a78df7
Eax=EE60B4E Ebx=75E4B498 Ecx=77305A70 Edx=404000 Edi=2 Esi=77305A70 Ebp=327E3A0 Esp=327E37C Eip=77A78DEB

ADDR: 77A709B7 CODE: 747f jz 0x77a70a38
Eax=2 Ebx=3191FB4 Ecx=77305A70 Edx=3191FB4 Edi=2 Esi=77305A70 Ebp=327E354 Esp=327E348 Eip=77A709B7

ADDR: 77A709BE CODE: 7378 jae 0x77a70a38
Eax=2 Ebx=3191FB4 Ecx=77305A70 Edx=3191FB4 Edi=2 Esi=77305A70 Ebp=327E354 Esp=327E348 Eip=77A709BE

ADDR: 77305A83 CODE: 790d jns 0x77305a92
Eax=0 Ebx=75E4B498 Ecx=355A188 Edx=0 Edi=2 Esi=77305A70 Ebp=327E378 Esp=327E378 Eip=77305A83

ADDR: 778590DC CODE: 7454 jz 0x77859132
Eax=30E1272F Ebx=75E4B498 Ecx=1F Edx=0 Edi=2 Esi=772F00A0 Ebp=327E3EC Esp=327E390 Eip=778590DC

ADDR: 77A78DEB CODE: 730a jae 0x77a78df7
Eax=EE5E014 Ebx=75E4B498 Ecx=772F00A0 Edx=104000 Edi=2 Esi=772F00A0 Ebp=327E3EC Esp=327E388 Eip=77A78DEB

ADDR: 77A6C686 CODE: 743c jz 0x77a6c6c4
Eax=2 Ebx=75E4B498 Ecx=355A180 Edx=104000 Edi=2 Esi=3191000 Ebp=327E36C Esp=327E36C Eip=77A6C686

ADDR: 77A6C68D CODE: 7335 jae 0x77a6c6c4
Eax=2 Ebx=75E4B498 Ecx=355A180 Edx=104000 Edi=2 Esi=3191000 Ebp=327E36C Esp=327E36C Eip=77A6C68D

ADDR: 77A6C6AC CODE: 740c jz 0x77a6c6ba
Eax=355CAA0 Ebx=75E4B498 Ecx=355A180 Edx=0 Edi=2 Esi=2 Ebp=327E36C Esp=327E368 Eip=77A6C6AC

ADDR: 77A6C6B4 CODE: 7404 jz 0x77a6c6ba
Eax=355CAAC Ebx=75E4B498 Ecx=355A180 Edx=0 Edi=2 Esi=2 Ebp=327E36C Esp=327E368 Eip=77A6C6B4

ADDR: 772F00BD CODE: 791c jns 0x772f00db
Eax=0 Ebx=75E4B498 Ecx=327E380 Edx=0 Edi=2 Esi=3191000 Ebp=327E384 Esp=327E37C Eip=772F00BD

ADDR: 77A2E69A CODE: 7315 jae 0x77a2e6b1
Eax=77935C1C Ebx=75E4B498 Ecx=77935C18 Edx=3191000 Edi=75EC2D40 Esi=763BC8DC Ebp=327E35C Esp=327E358 Eip=77A2E69A

ADDR: 778597A6 CODE: 0f8454720500 jz 0x778b0a00
Eax=327E3CC Ebx=763BC8DC Ecx=327E3B8 Edx=3191000 Edi=75EC2D40 Esi=763BC8DC Ebp=327E360 Esp=327E340 Eip=778597A6

ADDR: 778597D3 CODE: 7479 jz 0x7785984e
Eax=327E3CC Ebx=356E480 Ecx=1F Edx=B76A77F Edi=356E280 Esi=356E394 Ebp=327E360 Esp=327E340 Eip=778597D3

ADDR: 77A27B53 CODE: 746e jz 0x77a27bc3
Eax=FFFFFFFE Ebx=77935C18 Ecx=FFFFFFFF Edx=B76A77F Edi=77935C1C Esi=FFFFFFFE Ebp=327E358 Esp=327E344 Eip=77A27B53

ADDR: 778594A4 CODE: 7458 jz 0x778594fe
Eax=30EE8A47 Ebx=75E4B498 Ecx=1F Edx=B76A77F Edi=2 Esi=77305A70 Ebp=327E39C Esp=327E384 Eip=778594A4

ADDR: 77A78DEB CODE: 730a jae 0x77a78df7
Eax=EE60B4E Ebx=75E4B498 Ecx=77305A70 Edx=404000 Edi=2 Esi=77305A70 Ebp=327E39C Esp=327E378 Eip=77A78DEB

ADDR: 77A709B7 CODE: 747f jz 0x77a70a38
Eax=2 Ebx=3191FB4 Ecx=77305A70 Edx=3191FB4 Edi=2 Esi=77305A70 Ebp=327E350 Esp=327E344 Eip=77A709B7

ADDR: 77A709BE CODE: 7378 jae 0x77a70a38
Eax=2 Ebx=3191FB4 Ecx=77305A70 Edx=3191FB4 Edi=2 Esi=77305A70 Ebp=327E350 Esp=327E344 Eip=77A709BE

ADDR: 77305A83 CODE: 790d jns 0x77305a92
Eax=0 Ebx=75E4B498 Ecx=355A188 Edx=0 Edi=2 Esi=77305A70 Ebp=327E374 Esp=327E374 Eip=77305A83

ADDR: 77862C46 CODE: 740a jz 0x77862c52
Eax=0 Ebx=75E4B498 Ecx=7604E7B0 Edx=0 Edi=75EC2D60 Esi=75E4B304 Ebp=327E430 Esp=327E424 Eip=77862C46

ADDR: 77A78DEB CODE: 730a jae 0x77a78df7
Eax=EBD85AC Ebx=75E4B498 Ecx=75EC2D60 Edx=11111111 Edi=75EC2D60 Esi=75E4B304 Ebp=327E430 Esp=327E420 Eip=77A78DEB

ADDR: 778595B4 CODE: 7458 jz 0x7785960e
Eax=30EE8A47 Ebx=75E4B498 Ecx=1F Edx=763BC8DC Edi=2 Esi=77305A70 Ebp=327E3A0 Esp=327E388 Eip=778595B4

ADDR: 77A78DEB CODE: 730a jae 0x77a78df7
Eax=EE60B4E Ebx=75E4B498 Ecx=77305A70 Edx=404000 Edi=2 Esi=77305A70 Ebp=327E3A0 Esp=327E37C Eip=77A78DEB

ADDR: 77A709B7 CODE: 747f jz 0x77a70a38
Eax=2 Ebx=3191FB4 Ecx=77305A70 Edx=3191FB4 Edi=2 Esi=77305A70 Ebp=327E354 Esp=327E348 Eip=77A709B7

ADDR: 77A709BE CODE: 7378 jae 0x77a70a38
Eax=2 Ebx=3191FB4 Ecx=77305A70 Edx=3191FB4 Edi=2 Esi=77305A70 Ebp=327E354 Esp=327E348 Eip=77A709BE

ADDR: 77305A83 CODE: 790d jns 0x77305a92
Eax=0 Ebx=75E4B498 Ecx=355A188 Edx=0 Edi=2 Esi=77305A70 Ebp=327E378 Esp=327E378 Eip=77305A83

ADDR: 778590DC CODE: 7454 jz 0x77859132
Eax=30E1272F Ebx=75E4B498 Ecx=1F Edx=0 Edi=2 Esi=772F00A0 Ebp=327E3EC Esp=327E390 Eip=778590DC

ADDR: 77A78DEB CODE: 730a jae 0x77a78df7
Eax=EE5E014 Ebx=75E4B498 Ecx=772F00A0 Edx=104000 Edi=2 Esi=772F00A0 Ebp=327E3EC Esp=327E388 Eip=77A78DEB

ADDR: 77A6C686 CODE: 743c jz 0x77a6c6c4
Eax=2 Ebx=75E4B498 Ecx=355A180 Edx=104000 Edi=2 Esi=3191000 Ebp=327E36C Esp=327E36C Eip=77A6C686

ADDR: 77A6C68D CODE: 7335 jae 0x77a6c6c4
Eax=2 Ebx=75E4B498 Ecx=355A180 Edx=104000 Edi=2 Esi=3191000 Ebp=327E36C Esp=327E36C Eip=77A6C68D

ADDR: 77A6C6AC CODE: 740c jz 0x77a6c6ba
Eax=355CAA0 Ebx=75E4B498 Ecx=355A180 Edx=0 Edi=2 Esi=2 Ebp=327E36C Esp=327E368 Eip=77A6C6AC

ADDR: 77A6C6B4 CODE: 7404 jz 0x77a6c6ba
Eax=355CAAC Ebx=75E4B498 Ecx=355A180 Edx=0 Edi=2 Esi=2 Ebp=327E36C Esp=327E368 Eip=77A6C6B4

ADDR: 772F00BD CODE: 791c jns 0x772f00db
Eax=0 Ebx=75E4B498 Ecx=327E380 Edx=0 Edi=2 Esi=3191000 Ebp=327E384 Esp=327E37C Eip=772F00BD

ADDR: 77A2E69A CODE: 7315 jae 0x77a2e6b1
Eax=77935C1C Ebx=75E4B498 Ecx=77935C18 Edx=3191000 Edi=75EC2D60 Esi=763BC8DC Ebp=327E35C Esp=327E358 Eip=77A2E69A

ADDR: 778597A6 CODE: 0f8454720500 jz 0x778b0a00
Eax=327E3CC Ebx=763BC8DC Ecx=327E3B8 Edx=3191000 Edi=75EC2D60 Esi=763BC8DC Ebp=327E360 Esp=327E340 Eip=778597A6

ADDR: 778597D3 CODE: 7479 jz 0x7785984e
Eax=327E3CC Ebx=356E480 Ecx=1F Edx=B76A77F Edi=356E280 Esi=356E398 Ebp=327E360 Esp=327E340 Eip=778597D3

ADDR: 77A27B53 CODE: 746e jz 0x77a27bc3
Eax=FFFFFFFE Ebx=77935C18 Ecx=FFFFFFFF Edx=B76A77F Edi=77935C1C Esi=FFFFFFFE Ebp=327E358 Esp=327E344 Eip=77A27B53

ADDR: 778594A4 CODE: 7458 jz 0x778594fe
Eax=30EE8A47 Ebx=75E4B498 Ecx=1F Edx=B76A77F Edi=2 Esi=77305A70 Ebp=327E39C Esp=327E384 Eip=778594A4

ADDR: 77A78DEB CODE: 730a jae 0x77a78df7
Eax=EE60B4E Ebx=75E4B498 Ecx=77305A70 Edx=404000 Edi=2 Esi=77305A70 Ebp=327E39C Esp=327E378 Eip=77A78DEB

ADDR: 77A709B7 CODE: 747f jz 0x77a70a38
Eax=2 Ebx=3191FB4 Ecx=77305A70 Edx=3191FB4 Edi=2 Esi=77305A70 Ebp=327E350 Esp=327E344 Eip=77A709B7

ADDR: 77A709BE CODE: 7378 jae 0x77a70a38
Eax=2 Ebx=3191FB4 Ecx=77305A70 Edx=3191FB4 Edi=2 Esi=77305A70 Ebp=327E350 Esp=327E344 Eip=77A709BE

ADDR: 77305A83 CODE: 790d jns 0x77305a92
Eax=0 Ebx=75E4B498 Ecx=355A188 Edx=0 Edi=2 Esi=77305A70 Ebp=327E374 Esp=327E374 Eip=77305A83

ADDR: 77862C46 CODE: 740a jz 0x77862c52
Eax=0 Ebx=75E4B498 Ecx=7604E7C0 Edx=0 Edi=75EC2D80 Esi=75E4B308 Ebp=327E430 Esp=327E424 Eip=77862C46

ADDR: 77A78DEB CODE: 730a jae 0x77a78df7
Eax=EBD85B0 Ebx=75E4B498 Ecx=75EC2D80 Edx=11111111 Edi=75EC2D80 Esi=75E4B308 Ebp=327E430 Esp=327E420 Eip=77A78DEB

ADDR: 778595B4 CODE: 7458 jz 0x7785960e
Eax=30EE8A47 Ebx=75E4B498 Ecx=1F Edx=763BC8DC Edi=2 Esi=77305A70 Ebp=327E3A0 Esp=327E388 Eip=778595B4

ADDR: 77A78DEB CODE: 730a jae 0x77a78df7
Eax=EE60B4E Ebx=75E4B498 Ecx=77305A70 Edx=404000 Edi=2 Esi=77305A70 Ebp=327E3A0 Esp=327E37C Eip=77A78DEB

ADDR: 77A709B7 CODE: 747f jz 0x77a70a38
Eax=2 Ebx=3191FB4 Ecx=77305A70 Edx=3191FB4 Edi=2 Esi=77305A70 Ebp=327E354 Esp=327E348 Eip=77A709B7

ADDR: 77A709BE CODE: 7378 jae 0x77a70a38
Eax=2 Ebx=3191FB4 Ecx=77305A70 Edx=3191FB4 Edi=2 Esi=77305A70 Ebp=327E354 Esp=327E348 Eip=77A709BE

ADDR: 77305A83 CODE: 790d jns 0x77305a92
Eax=0 Ebx=75E4B498 Ecx=355A188 Edx=0 Edi=2 Esi=77305A70 Ebp=327E378 Esp=327E378 Eip=77305A83

ADDR: 778590DC CODE: 7454 jz 0x77859132
Eax=30E1272F Ebx=75E4B498 Ecx=1F Edx=0 Edi=2 Esi=772F00A0 Ebp=327E3EC Esp=327E390 Eip=778590DC

ADDR: 77A78DEB CODE: 730a jae 0x77a78df7
Eax=EE5E014 Ebx=75E4B498 Ecx=772F00A0 Edx=104000 Edi=2 Esi=772F00A0 Ebp=327E3EC Esp=327E388 Eip=77A78DEB

ADDR: 77A6C686 CODE: 743c jz 0x77a6c6c4
Eax=2 Ebx=75E4B498 Ecx=355A180 Edx=104000 Edi=2 Esi=3191000 Ebp=327E36C Esp=327E36C Eip=77A6C686

ADDR: 77A6C68D CODE: 7335 jae 0x77a6c6c4
Eax=2 Ebx=75E4B498 Ecx=355A180 Edx=104000 Edi=2 Esi=3191000 Ebp=327E36C Esp=327E36C Eip=77A6C68D

ADDR: 77A6C6AC CODE: 740c jz 0x77a6c6ba
Eax=355CAA0 Ebx=75E4B498 Ecx=355A180 Edx=0 Edi=2 Esi=2 Ebp=327E36C Esp=327E368 Eip=77A6C6AC

ADDR: 77A6C6B4 CODE: 7404 jz 0x77a6c6ba
Eax=355CAAC Ebx=75E4B498 Ecx=355A180 Edx=0 Edi=2 Esi=2 Ebp=327E36C Esp=327E368 Eip=77A6C6B4

ADDR: 772F00BD CODE: 791c jns 0x772f00db
Eax=0 Ebx=75E4B498 Ecx=327E380 Edx=0 Edi=2 Esi=3191000 Ebp=327E384 Esp=327E37C Eip=772F00BD

ADDR: 77A2E69A CODE: 7315 jae 0x77a2e6b1
Eax=77935C1C Ebx=75E4B498 Ecx=77935C18 Edx=3191000 Edi=75EC2D80 Esi=763BC8DC Ebp=327E35C Esp=327E358 Eip=77A2E69A

ADDR: 778597A6 CODE: 0f8454720500 jz 0x778b0a00
Eax=327E3CC Ebx=763BC8DC Ecx=327E3B8 Edx=3191000 Edi=75EC2D80 Esi=763BC8DC Ebp=327E360 Esp=327E340 Eip=778597A6

ADDR: 778597D3 CODE: 7479 jz 0x7785984e
Eax=327E3CC Ebx=356E480 Ecx=1F Edx=B76A77F Edi=356E280 Esi=356E39C Ebp=327E360 Esp=327E340 Eip=778597D3

ADDR: 77A27B53 CODE: 746e jz 0x77a27bc3
Eax=FFFFFFFE Ebx=77935C18 Ecx=FFFFFFFF Edx=B76A77F Edi=77935C1C Esi=FFFFFFFE Ebp=327E358 Esp=327E344 Eip=77A27B53

ADDR: 778594A4 CODE: 7458 jz 0x778594fe
Eax=30EE8A47 Ebx=75E4B498 Ecx=1F Edx=B76A77F Edi=2 Esi=77305A70 Ebp=327E39C Esp=327E384 Eip=778594A4

ADDR: 77A78DEB CODE: 730a jae 0x77a78df7
Eax=EE60B4E Ebx=75E4B498 Ecx=77305A70 Edx=404000 Edi=2 Esi=77305A70 Ebp=327E39C Esp=327E378 Eip=77A78DEB

ADDR: 77A709B7 CODE: 747f jz 0x77a70a38
Eax=2 Ebx=3191FB4 Ecx=77305A70 Edx=3191FB4 Edi=2 Esi=77305A70 Ebp=327E350 Esp=327E344 Eip=77A709B7

ADDR: 77A709BE CODE: 7378 jae 0x77a70a38
Eax=2 Ebx=3191FB4 Ecx=77305A70 Edx=3191FB4 Edi=2 Esi=77305A70 Ebp=327E350 Esp=327E344 Eip=77A709BE

ADDR: 77305A83 CODE: 790d jns 0x77305a92
Eax=0 Ebx=75E4B498 Ecx=355A188 Edx=0 Edi=2 Esi=77305A70 Ebp=327E374 Esp=327E374 Eip=77305A83

ADDR: 77862C46 CODE: 740a jz 0x77862c52
Eax=0 Ebx=75E4B498 Ecx=7604E7D0 Edx=0 Edi=75EC2DA0 Esi=75E4B30C Ebp=327E430 Esp=327E424 Eip=77862C46

ADDR: 77A78DEB CODE: 730a jae 0x77a78df7
Eax=EBD85B4 Ebx=75E4B498 Ecx=75EC2DA0 Edx=11111111 Edi=75EC2DA0 Esi=75E4B30C Ebp=327E430 Esp=327E420 Eip=77A78DEB

ADDR: 778595B4 CODE: 7458 jz 0x7785960e
Eax=30EE8A47 Ebx=75E4B498 Ecx=1F Edx=763BC8DC Edi=2 Esi=77305A70 Ebp=327E3A0 Esp=327E388 Eip=778595B4

ADDR: 77A78DEB CODE: 730a jae 0x77a78df7
Eax=EE60B4E Ebx=75E4B498 Ecx=77305A70 Edx=404000 Edi=2 Esi=77305A70 Ebp=327E3A0 Esp=327E37C Eip=77A78DEB

ADDR: 77A709B7 CODE: 747f jz 0x77a70a38
Eax=2 Ebx=3191FB4 Ecx=77305A70 Edx=3191FB4 Edi=2 Esi=77305A70 Ebp=327E354 Esp=327E348 Eip=77A709B7

ADDR: 77A709BE CODE: 7378 jae 0x77a70a38
Eax=2 Ebx=3191FB4 Ecx=77305A70 Edx=3191FB4 Edi=2 Esi=77305A70 Ebp=327E354 Esp=327E348 Eip=77A709BE

ADDR: 77305A83 CODE: 790d jns 0x77305a92
Eax=0 Ebx=75E4B498 Ecx=355A188 Edx=0 Edi=2 Esi=77305A70 Ebp=327E378 Esp=327E378 Eip=77305A83

ADDR: 778590DC CODE: 7454 jz 0x77859132
Eax=30E1272F Ebx=75E4B498 Ecx=1F Edx=0 Edi=2 Esi=772F00A0 Ebp=327E3EC Esp=327E390 Eip=778590DC

ADDR: 77A78DEB CODE: 730a jae 0x77a78df7
Eax=EE5E014 Ebx=75E4B498 Ecx=772F00A0 Edx=104000 Edi=2 Esi=772F00A0 Ebp=327E3EC Esp=327E388 Eip=77A78DEB

ADDR: 77A6C686 CODE: 743c jz 0x77a6c6c4
Eax=2 Ebx=75E4B498 Ecx=355A180 Edx=104000 Edi=2 Esi=3191000 Ebp=327E36C Esp=327E36C Eip=77A6C686

ADDR: 77A6C68D CODE: 7335 jae 0x77a6c6c4
Eax=2 Ebx=75E4B498 Ecx=355A180 Edx=104000 Edi=2 Esi=3191000 Ebp=327E36C Esp=327E36C Eip=77A6C68D

ADDR: 77A6C6AC CODE: 740c jz 0x77a6c6ba
Eax=355CAA0 Ebx=75E4B498 Ecx=355A180 Edx=0 Edi=2 Esi=2 Ebp=327E36C Esp=327E368 Eip=77A6C6AC

ADDR: 77A6C6B4 CODE: 7404 jz 0x77a6c6ba
Eax=355CAAC Ebx=75E4B498 Ecx=355A180 Edx=0 Edi=2 Esi=2 Ebp=327E36C Esp=327E368 Eip=77A6C6B4

ADDR: 772F00BD CODE: 791c jns 0x772f00db
Eax=0 Ebx=75E4B498 Ecx=327E380 Edx=0 Edi=2 Esi=3191000 Ebp=327E384 Esp=327E37C Eip=772F00BD

ADDR: 77A2E69A CODE: 7315 jae 0x77a2e6b1
Eax=77935C1C Ebx=75E4B498 Ecx=77935C18 Edx=3191000 Edi=75EC2DA0 Esi=763BC8DC Ebp=327E35C Esp=327E358 Eip=77A2E69A

ADDR: 778597A6 CODE: 0f8454720500 jz 0x778b0a00
Eax=327E3CC Ebx=763BC8DC Ecx=327E3B8 Edx=3191000 Edi=75EC2DA0 Esi=763BC8DC Ebp=327E360 Esp=327E340 Eip=778597A6

ADDR: 778597D3 CODE: 7479 jz 0x7785984e
Eax=327E3CC Ebx=356E480 Ecx=1F Edx=B76A77F Edi=356E280 Esi=356E3A0 Ebp=327E360 Esp=327E340 Eip=778597D3

ADDR: 77A27B53 CODE: 746e jz 0x77a27bc3
Eax=FFFFFFFE Ebx=77935C18 Ecx=FFFFFFFF Edx=B76A77F Edi=77935C1C Esi=FFFFFFFE Ebp=327E358 Esp=327E344 Eip=77A27B53

ADDR: 778594A4 CODE: 7458 jz 0x778594fe
Eax=30EE8A47 Ebx=75E4B498 Ecx=1F Edx=B76A77F Edi=2 Esi=77305A70 Ebp=327E39C Esp=327E384 Eip=778594A4

ADDR: 77A78DEB CODE: 730a jae 0x77a78df7
Eax=EE60B4E Ebx=75E4B498 Ecx=77305A70 Edx=404000 Edi=2 Esi=77305A70 Ebp=327E39C Esp=327E378 Eip=77A78DEB

ADDR: 77A709B7 CODE: 747f jz 0x77a70a38
Eax=2 Ebx=3191FB4 Ecx=77305A70 Edx=3191FB4 Edi=2 Esi=77305A70 Ebp=327E350 Esp=327E344 Eip=77A709B7

ADDR: 77A709BE CODE: 7378 jae 0x77a70a38
Eax=2 Ebx=3191FB4 Ecx=77305A70 Edx=3191FB4 Edi=2 Esi=77305A70 Ebp=327E350 Esp=327E344 Eip=77A709BE

ADDR: 77305A83 CODE: 790d jns 0x77305a92
Eax=0 Ebx=75E4B498 Ecx=355A188 Edx=0 Edi=2 Esi=77305A70 Ebp=327E374 Esp=327E374 Eip=77305A83

ADDR: 77862C46 CODE: 740a jz 0x77862c52
Eax=0 Ebx=75E4B498 Ecx=7604E800 Edx=0 Edi=75EC2DC0 Esi=75E4B310 Ebp=327E430 Esp=327E424 Eip=77862C46

ADDR: 77A78DEB CODE: 730a jae 0x77a78df7
Eax=EBD85B8 Ebx=75E4B498 Ecx=75EC2DC0 Edx=11111111 Edi=75EC2DC0 Esi=75E4B310 Ebp=327E430 Esp=327E420 Eip=77A78DEB

ADDR: 778595B4 CODE: 7458 jz 0x7785960e
Eax=30EE8A47 Ebx=75E4B498 Ecx=1F Edx=763BC8DC Edi=2 Esi=77305A70 Ebp=327E3A0 Esp=327E388 Eip=778595B4

ADDR: 77A78DEB CODE: 730a jae 0x77a78df7
Eax=EE60B4E Ebx=75E4B498 Ecx=77305A70 Edx=404000 Edi=2 Esi=77305A70 Ebp=327E3A0 Esp=327E37C Eip=77A78DEB

ADDR: 77A709B7 CODE: 747f jz 0x77a70a38
Eax=2 Ebx=3191FB4 Ecx=77305A70 Edx=3191FB4 Edi=2 Esi=77305A70 Ebp=327E354 Esp=327E348 Eip=77A709B7

ADDR: 77A709BE CODE: 7378 jae 0x77a70a38
Eax=2 Ebx=3191FB4 Ecx=77305A70 Edx=3191FB4 Edi=2 Esi=77305A70 Ebp=327E354 Esp=327E348 Eip=77A709BE

ADDR: 77305A83 CODE: 790d jns 0x77305a92
Eax=0 Ebx=75E4B498 Ecx=355A188 Edx=0 Edi=2 Esi=77305A70 Ebp=327E378 Esp=327E378 Eip=77305A83

ADDR: 778590DC CODE: 7454 jz 0x77859132
Eax=30E1272F Ebx=75E4B498 Ecx=1F Edx=0 Edi=2 Esi=772F00A0 Ebp=327E3EC Esp=327E390 Eip=778590DC

ADDR: 77A78DEB CODE: 730a jae 0x77a78df7
Eax=EE5E014 Ebx=75E4B498 Ecx=772F00A0 Edx=104000 Edi=2 Esi=772F00A0 Ebp=327E3EC Esp=327E388 Eip=77A78DEB

ADDR: 77A6C686 CODE: 743c jz 0x77a6c6c4
Eax=2 Ebx=75E4B498 Ecx=355A180 Edx=104000 Edi=2 Esi=3191000 Ebp=327E36C Esp=327E36C Eip=77A6C686

ADDR: 77A6C68D CODE: 7335 jae 0x77a6c6c4
Eax=2 Ebx=75E4B498 Ecx=355A180 Edx=104000 Edi=2 Esi=3191000 Ebp=327E36C Esp=327E36C Eip=77A6C68D

ADDR: 77A6C6AC CODE: 740c jz 0x77a6c6ba
Eax=355CAA0 Ebx=75E4B498 Ecx=355A180 Edx=0 Edi=2 Esi=2 Ebp=327E36C Esp=327E368 Eip=77A6C6AC

ADDR: 77A6C6B4 CODE: 7404 jz 0x77a6c6ba
Eax=355CAAC Ebx=75E4B498 Ecx=355A180 Edx=0 Edi=2 Esi=2 Ebp=327E36C Esp=327E368 Eip=77A6C6B4

ADDR: 772F00BD CODE: 791c jns 0x772f00db
Eax=0 Ebx=75E4B498 Ecx=327E380 Edx=0 Edi=2 Esi=3191000 Ebp=327E384 Esp=327E37C Eip=772F00BD

ADDR: 77A2E69A CODE: 7315 jae 0x77a2e6b1
Eax=77935C1C Ebx=75E4B498 Ecx=77935C18 Edx=3191000 Edi=75EC2DC0 Esi=763BC8DC Ebp=327E35C Esp=327E358 Eip=77A2E69A

ADDR: 778597A6 CODE: 0f8454720500 jz 0x778b0a00
Eax=327E3CC Ebx=763BC8DC Ecx=327E3B8 Edx=3191000 Edi=75EC2DC0 Esi=763BC8DC Ebp=327E360 Esp=327E340 Eip=778597A6

ADDR: 778597D3 CODE: 7479 jz 0x7785984e
Eax=327E3CC Ebx=356E480 Ecx=1F Edx=B76A77F Edi=356E280 Esi=356E3A4 Ebp=327E360 Esp=327E340 Eip=778597D3

ADDR: 77A27B53 CODE: 746e jz 0x77a27bc3
Eax=FFFFFFFE Ebx=77935C18 Ecx=FFFFFFFF Edx=B76A77F Edi=77935C1C Esi=FFFFFFFE Ebp=327E358 Esp=327E344 Eip=77A27B53

ADDR: 778594A4 CODE: 7458 jz 0x778594fe
Eax=30EE8A47 Ebx=75E4B498 Ecx=1F Edx=B76A77F Edi=2 Esi=77305A70 Ebp=327E39C Esp=327E384 Eip=778594A4

ADDR: 77A78DEB CODE: 730a jae 0x77a78df7
Eax=EE60B4E Ebx=75E4B498 Ecx=77305A70 Edx=404000 Edi=2 Esi=77305A70 Ebp=327E39C Esp=327E378 Eip=77A78DEB

ADDR: 77A709B7 CODE: 747f jz 0x77a70a38
Eax=2 Ebx=3191FB4 Ecx=77305A70 Edx=3191FB4 Edi=2 Esi=77305A70 Ebp=327E350 Esp=327E344 Eip=77A709B7

ADDR: 77A709BE CODE: 7378 jae 0x77a70a38
Eax=2 Ebx=3191FB4 Ecx=77305A70 Edx=3191FB4 Edi=2 Esi=77305A70 Ebp=327E350 Esp=327E344 Eip=77A709BE

ADDR: 77305A83 CODE: 790d jns 0x77305a92
Eax=0 Ebx=75E4B498 Ecx=355A188 Edx=0 Edi=2 Esi=77305A70 Ebp=327E374 Esp=327E374 Eip=77305A83

ADDR: 77862C46 CODE: 740a jz 0x77862c52
Eax=0 Ebx=75E4B498 Ecx=7604E810 Edx=0 Edi=75EC2DE0 Esi=75E4B314 Ebp=327E430 Esp=327E424 Eip=77862C46

ADDR: 77A78DEB CODE: 730a jae 0x77a78df7
Eax=EBD85BC Ebx=75E4B498 Ecx=75EC2DE0 Edx=11111111 Edi=75EC2DE0 Esi=75E4B314 Ebp=327E430 Esp=327E420 Eip=77A78DEB

ADDR: 778595B4 CODE: 7458 jz 0x7785960e
Eax=30EE8A47 Ebx=75E4B498 Ecx=1F Edx=763BC8DC Edi=2 Esi=77305A70 Ebp=327E3A0 Esp=327E388 Eip=778595B4

ADDR: 77A78DEB CODE: 730a jae 0x77a78df7
Eax=EE60B4E Ebx=75E4B498 Ecx=77305A70 Edx=404000 Edi=2 Esi=77305A70 Ebp=327E3A0 Esp=327E37C Eip=77A78DEB

ADDR: 77A709B7 CODE: 747f jz 0x77a70a38
Eax=2 Ebx=3191FB4 Ecx=77305A70 Edx=3191FB4 Edi=2 Esi=77305A70 Ebp=327E354 Esp=327E348 Eip=77A709B7

ADDR: 77A709BE CODE: 7378 jae 0x77a70a38
Eax=2 Ebx=3191FB4 Ecx=77305A70 Edx=3191FB4 Edi=2 Esi=77305A70 Ebp=327E354 Esp=327E348 Eip=77A709BE

ADDR: 77305A83 CODE: 790d jns 0x77305a92
Eax=0 Ebx=75E4B498 Ecx=355A188 Edx=0 Edi=2 Esi=77305A70 Ebp=327E378 Esp=327E378 Eip=77305A83

ADDR: 778590DC CODE: 7454 jz 0x77859132
Eax=30E1272F Ebx=75E4B498 Ecx=1F Edx=0 Edi=2 Esi=772F00A0 Ebp=327E3EC Esp=327E390 Eip=778590DC

ADDR: 77A78DEB CODE: 730a jae 0x77a78df7
Eax=EE5E014 Ebx=75E4B498 Ecx=772F00A0 Edx=104000 Edi=2 Esi=772F00A0 Ebp=327E3EC Esp=327E388 Eip=77A78DEB

ADDR: 77A6C686 CODE: 743c jz 0x77a6c6c4
Eax=2 Ebx=75E4B498 Ecx=355A180 Edx=104000 Edi=2 Esi=3191000 Ebp=327E36C Esp=327E36C Eip=77A6C686

ADDR: 77A6C68D CODE: 7335 jae 0x77a6c6c4
Eax=2 Ebx=75E4B498 Ecx=355A180 Edx=104000 Edi=2 Esi=3191000 Ebp=327E36C Esp=327E36C Eip=77A6C68D

ADDR: 77A6C6AC CODE: 740c jz 0x77a6c6ba
Eax=355CAA0 Ebx=75E4B498 Ecx=355A180 Edx=0 Edi=2 Esi=2 Ebp=327E36C Esp=327E368 Eip=77A6C6AC

ADDR: 77A6C6B4 CODE: 7404 jz 0x77a6c6ba
Eax=355CAAC Ebx=75E4B498 Ecx=355A180 Edx=0 Edi=2 Esi=2 Ebp=327E36C Esp=327E368 Eip=77A6C6B4

ADDR: 772F00BD CODE: 791c jns 0x772f00db
Eax=0 Ebx=75E4B498 Ecx=327E380 Edx=0 Edi=2 Esi=3191000 Ebp=327E384 Esp=327E37C Eip=772F00BD

ADDR: 77A2E69A CODE: 7315 jae 0x77a2e6b1
Eax=77935C1C Ebx=75E4B498 Ecx=77935C18 Edx=3191000 Edi=75EC2DE0 Esi=763BC8DC Ebp=327E35C Esp=327E358 Eip=77A2E69A

ADDR: 778597A6 CODE: 0f8454720500 jz 0x778b0a00
Eax=327E3CC Ebx=763BC8DC Ecx=327E3B8 Edx=3191000 Edi=75EC2DE0 Esi=763BC8DC Ebp=327E360 Esp=327E340 Eip=778597A6

ADDR: 778597D3 CODE: 7479 jz 0x7785984e
Eax=327E3CC Ebx=356E480 Ecx=1F Edx=B76A77F Edi=356E280 Esi=356E3A8 Ebp=327E360 Esp=327E340 Eip=778597D3

ADDR: 77A27B53 CODE: 746e jz 0x77a27bc3
Eax=FFFFFFFE Ebx=77935C18 Ecx=FFFFFFFF Edx=B76A77F Edi=77935C1C Esi=FFFFFFFE Ebp=327E358 Esp=327E344 Eip=77A27B53

ADDR: 778594A4 CODE: 7458 jz 0x778594fe
Eax=30EE8A47 Ebx=75E4B498 Ecx=1F Edx=B76A77F Edi=2 Esi=77305A70 Ebp=327E39C Esp=327E384 Eip=778594A4

ADDR: 77A78DEB CODE: 730a jae 0x77a78df7
Eax=EE60B4E Ebx=75E4B498 Ecx=77305A70 Edx=404000 Edi=2 Esi=77305A70 Ebp=327E39C Esp=327E378 Eip=77A78DEB

ADDR: 77A709B7 CODE: 747f jz 0x77a70a38
Eax=2 Ebx=3191FB4 Ecx=77305A70 Edx=3191FB4 Edi=2 Esi=77305A70 Ebp=327E350 Esp=327E344 Eip=77A709B7

ADDR: 77A709BE CODE: 7378 jae 0x77a70a38
Eax=2 Ebx=3191FB4 Ecx=77305A70 Edx=3191FB4 Edi=2 Esi=77305A70 Ebp=327E350 Esp=327E344 Eip=77A709BE

ADDR: 77305A83 CODE: 790d jns 0x77305a92
Eax=0 Ebx=75E4B498 Ecx=355A188 Edx=0 Edi=2 Esi=77305A70 Ebp=327E374 Esp=327E374 Eip=77305A83

ADDR: 77862C46 CODE: 740a jz 0x77862c52
Eax=0 Ebx=75E4B498 Ecx=7604E820 Edx=0 Edi=75EC2E00 Esi=75E4B318 Ebp=327E430 Esp=327E424 Eip=77862C46

ADDR: 77A78DEB CODE: 730a jae 0x77a78df7
Eax=EBD85C0 Ebx=75E4B498 Ecx=75EC2E00 Edx=11111111 Edi=75EC2E00 Esi=75E4B318 Ebp=327E430 Esp=327E420 Eip=77A78DEB

ADDR: 778595B4 CODE: 7458 jz 0x7785960e
Eax=30EE8A47 Ebx=75E4B498 Ecx=1F Edx=763BC8DC Edi=2 Esi=77305A70 Ebp=327E3A0 Esp=327E388 Eip=778595B4

ADDR: 77A78DEB CODE: 730a jae 0x77a78df7
Eax=EE60B4E Ebx=75E4B498 Ecx=77305A70 Edx=404000 Edi=2 Esi=77305A70 Ebp=327E3A0 Esp=327E37C Eip=77A78DEB

ADDR: 77A709B7 CODE: 747f jz 0x77a70a38
Eax=2 Ebx=3191FB4 Ecx=77305A70 Edx=3191FB4 Edi=2 Esi=77305A70 Ebp=327E354 Esp=327E348 Eip=77A709B7

ADDR: 77A709BE CODE: 7378 jae 0x77a70a38
Eax=2 Ebx=3191FB4 Ecx=77305A70 Edx=3191FB4 Edi=2 Esi=77305A70 Ebp=327E354 Esp=327E348 Eip=77A709BE

ADDR: 77305A83 CODE: 790d jns 0x77305a92
Eax=0 Ebx=75E4B498 Ecx=355A188 Edx=0 Edi=2 Esi=77305A70 Ebp=327E378 Esp=327E378 Eip=77305A83

ADDR: 778590DC CODE: 7454 jz 0x77859132
Eax=30E1272F Ebx=75E4B498 Ecx=1F Edx=0 Edi=2 Esi=772F00A0 Ebp=327E3EC Esp=327E390 Eip=778590DC

ADDR: 77A78DEB CODE: 730a jae 0x77a78df7
Eax=EE5E014 Ebx=75E4B498 Ecx=772F00A0 Edx=104000 Edi=2 Esi=772F00A0 Ebp=327E3EC Esp=327E388 Eip=77A78DEB

ADDR: 77A6C686 CODE: 743c jz 0x77a6c6c4
Eax=2 Ebx=75E4B498 Ecx=355A180 Edx=104000 Edi=2 Esi=3191000 Ebp=327E36C Esp=327E36C Eip=77A6C686

ADDR: 77A6C68D CODE: 7335 jae 0x77a6c6c4
Eax=2 Ebx=75E4B498 Ecx=355A180 Edx=104000 Edi=2 Esi=3191000 Ebp=327E36C Esp=327E36C Eip=77A6C68D

ADDR: 77A6C6AC CODE: 740c jz 0x77a6c6ba
Eax=355CAA0 Ebx=75E4B498 Ecx=355A180 Edx=0 Edi=2 Esi=2 Ebp=327E36C Esp=327E368 Eip=77A6C6AC

ADDR: 77A6C6B4 CODE: 7404 jz 0x77a6c6ba
Eax=355CAAC Ebx=75E4B498 Ecx=355A180 Edx=0 Edi=2 Esi=2 Ebp=327E36C Esp=327E368 Eip=77A6C6B4

ADDR: 772F00BD CODE: 791c jns 0x772f00db
Eax=0 Ebx=75E4B498 Ecx=327E380 Edx=0 Edi=2 Esi=3191000 Ebp=327E384 Esp=327E37C Eip=772F00BD

ADDR: 77A2E69A CODE: 7315 jae 0x77a2e6b1
Eax=77935C1C Ebx=75E4B498 Ecx=77935C18 Edx=3191000 Edi=75EC2E00 Esi=763BC8DC Ebp=327E35C Esp=327E358 Eip=77A2E69A

ADDR: 778597A6 CODE: 0f8454720500 jz 0x778b0a00
Eax=327E3CC Ebx=763BC8DC Ecx=327E3B8 Edx=3191000 Edi=75EC2E00 Esi=763BC8DC Ebp=327E360 Esp=327E340 Eip=778597A6

ADDR: 778597D3 CODE: 7479 jz 0x7785984e
Eax=327E3CC Ebx=356E480 Ecx=1F Edx=B76A77F Edi=356E280 Esi=356E3AC Ebp=327E360 Esp=327E340 Eip=778597D3

ADDR: 77A27B53 CODE: 746e jz 0x77a27bc3
Eax=FFFFFFFE Ebx=77935C18 Ecx=FFFFFFFF Edx=B76A77F Edi=77935C1C Esi=FFFFFFFE Ebp=327E358 Esp=327E344 Eip=77A27B53

ADDR: 778594A4 CODE: 7458 jz 0x778594fe
Eax=30EE8A47 Ebx=75E4B498 Ecx=1F Edx=B76A77F Edi=2 Esi=77305A70 Ebp=327E39C Esp=327E384 Eip=778594A4

ADDR: 77A78DEB CODE: 730a jae 0x77a78df7
Eax=EE60B4E Ebx=75E4B498 Ecx=77305A70 Edx=404000 Edi=2 Esi=77305A70 Ebp=327E39C Esp=327E378 Eip=77A78DEB

ADDR: 77A709B7 CODE: 747f jz 0x77a70a38
Eax=2 Ebx=3191FB4 Ecx=77305A70 Edx=3191FB4 Edi=2 Esi=77305A70 Ebp=327E350 Esp=327E344 Eip=77A709B7

ADDR: 77A709BE CODE: 7378 jae 0x77a70a38
Eax=2 Ebx=3191FB4 Ecx=77305A70 Edx=3191FB4 Edi=2 Esi=77305A70 Ebp=327E350 Esp=327E344 Eip=77A709BE

ADDR: 77305A83 CODE: 790d jns 0x77305a92
Eax=0 Ebx=75E4B498 Ecx=355A188 Edx=0 Edi=2 Esi=77305A70 Ebp=327E374 Esp=327E374 Eip=77305A83

ADDR: 77862C46 CODE: 740a jz 0x77862c52
Eax=0 Ebx=75E4B498 Ecx=7604E830 Edx=0 Edi=75EC2E20 Esi=75E4B31C Ebp=327E430 Esp=327E424 Eip=77862C46

ADDR: 77A78DEB CODE: 730a jae 0x77a78df7
Eax=EBD85C4 Ebx=75E4B498 Ecx=75EC2E20 Edx=11111111 Edi=75EC2E20 Esi=75E4B31C Ebp=327E430 Esp=327E420 Eip=77A78DEB

ADDR: 778595B4 CODE: 7458 jz 0x7785960e
Eax=30EE8A47 Ebx=75E4B498 Ecx=1F Edx=763BC8DC Edi=2 Esi=77305A70 Ebp=327E3A0 Esp=327E388 Eip=778595B4

ADDR: 77A78DEB CODE: 730a jae 0x77a78df7
Eax=EE60B4E Ebx=75E4B498 Ecx=77305A70 Edx=404000 Edi=2 Esi=77305A70 Ebp=327E3A0 Esp=327E37C Eip=77A78DEB

ADDR: 77A709B7 CODE: 747f jz 0x77a70a38
Eax=2 Ebx=3191FB4 Ecx=77305A70 Edx=3191FB4 Edi=2 Esi=77305A70 Ebp=327E354 Esp=327E348 Eip=77A709B7

ADDR: 77A709BE CODE: 7378 jae 0x77a70a38
Eax=2 Ebx=3191FB4 Ecx=77305A70 Edx=3191FB4 Edi=2 Esi=77305A70 Ebp=327E354 Esp=327E348 Eip=77A709BE

ADDR: 77305A83 CODE: 790d jns 0x77305a92
Eax=0 Ebx=75E4B498 Ecx=355A188 Edx=0 Edi=2 Esi=77305A70 Ebp=327E378 Esp=327E378 Eip=77305A83

ADDR: 778590DC CODE: 7454 jz 0x77859132
Eax=30E1272F Ebx=75E4B498 Ecx=1F Edx=0 Edi=2 Esi=772F00A0 Ebp=327E3EC Esp=327E390 Eip=778590DC

ADDR: 77A78DEB CODE: 730a jae 0x77a78df7
Eax=EE5E014 Ebx=75E4B498 Ecx=772F00A0 Edx=104000 Edi=2 Esi=772F00A0 Ebp=327E3EC Esp=327E388 Eip=77A78DEB

ADDR: 77A6C686 CODE: 743c jz 0x77a6c6c4
Eax=2 Ebx=75E4B498 Ecx=355A180 Edx=104000 Edi=2 Esi=3191000 Ebp=327E36C Esp=327E36C Eip=77A6C686

ADDR: 77A6C68D CODE: 7335 jae 0x77a6c6c4
Eax=2 Ebx=75E4B498 Ecx=355A180 Edx=104000 Edi=2 Esi=3191000 Ebp=327E36C Esp=327E36C Eip=77A6C68D

ADDR: 77A6C6AC CODE: 740c jz 0x77a6c6ba
Eax=355CAA0 Ebx=75E4B498 Ecx=355A180 Edx=0 Edi=2 Esi=2 Ebp=327E36C Esp=327E368 Eip=77A6C6AC

ADDR: 77A6C6B4 CODE: 7404 jz 0x77a6c6ba
Eax=355CAAC Ebx=75E4B498 Ecx=355A180 Edx=0 Edi=2 Esi=2 Ebp=327E36C Esp=327E368 Eip=77A6C6B4

ADDR: 772F00BD CODE: 791c jns 0x772f00db
Eax=0 Ebx=75E4B498 Ecx=327E380 Edx=0 Edi=2 Esi=3191000 Ebp=327E384 Esp=327E37C Eip=772F00BD

ADDR: 77A2E69A CODE: 7315 jae 0x77a2e6b1
Eax=77935C1C Ebx=75E4B498 Ecx=77935C18 Edx=3191000 Edi=75EC2E20 Esi=763BC8DC Ebp=327E35C Esp=327E358 Eip=77A2E69A

ADDR: 778597A6 CODE: 0f8454720500 jz 0x778b0a00
Eax=327E3CC Ebx=763BC8DC Ecx=327E3B8 Edx=3191000 Edi=75EC2E20 Esi=763BC8DC Ebp=327E360 Esp=327E340 Eip=778597A6

ADDR: 778597D3 CODE: 7479 jz 0x7785984e
Eax=327E3CC Ebx=356E480 Ecx=1F Edx=B76A77F Edi=356E280 Esi=356E3B0 Ebp=327E360 Esp=327E340 Eip=778597D3

ADDR: 77A27B53 CODE: 746e jz 0x77a27bc3
Eax=FFFFFFFE Ebx=77935C18 Ecx=FFFFFFFF Edx=B76A77F Edi=77935C1C Esi=FFFFFFFE Ebp=327E358 Esp=327E344 Eip=77A27B53

ADDR: 778594A4 CODE: 7458 jz 0x778594fe
Eax=30EE8A47 Ebx=75E4B498 Ecx=1F Edx=B76A77F Edi=2 Esi=77305A70 Ebp=327E39C Esp=327E384 Eip=778594A4

ADDR: 77A78DEB CODE: 730a jae 0x77a78df7
Eax=EE60B4E Ebx=75E4B498 Ecx=77305A70 Edx=404000 Edi=2 Esi=77305A70 Ebp=327E39C Esp=327E378 Eip=77A78DEB

ADDR: 77A709B7 CODE: 747f jz 0x77a70a38
Eax=2 Ebx=3191FB4 Ecx=77305A70 Edx=3191FB4 Edi=2 Esi=77305A70 Ebp=327E350 Esp=327E344 Eip=77A709B7

ADDR: 77A709BE CODE: 7378 jae 0x77a70a38
Eax=2 Ebx=3191FB4 Ecx=77305A70 Edx=3191FB4 Edi=2 Esi=77305A70 Ebp=327E350 Esp=327E344 Eip=77A709BE

ADDR: 77305A83 CODE: 790d jns 0x77305a92
Eax=0 Ebx=75E4B498 Ecx=355A188 Edx=0 Edi=2 Esi=77305A70 Ebp=327E374 Esp=327E374 Eip=77305A83

ADDR: 77862C46 CODE: 740a jz 0x77862c52
Eax=0 Ebx=75E4B498 Ecx=7604E840 Edx=0 Edi=75EC2E40 Esi=75E4B320 Ebp=327E430 Esp=327E424 Eip=77862C46

ADDR: 77A78DEB CODE: 730a jae 0x77a78df7
Eax=EBD85C8 Ebx=75E4B498 Ecx=75EC2E40 Edx=11111111 Edi=75EC2E40 Esi=75E4B320 Ebp=327E430 Esp=327E420 Eip=77A78DEB

ADDR: 778595B4 CODE: 7458 jz 0x7785960e
Eax=30EE8A47 Ebx=75E4B498 Ecx=1F Edx=763BC8DC Edi=2 Esi=77305A70 Ebp=327E3A0 Esp=327E388 Eip=778595B4

ADDR: 77A78DEB CODE: 730a jae 0x77a78df7
Eax=EE60B4E Ebx=75E4B498 Ecx=77305A70 Edx=404000 Edi=2 Esi=77305A70 Ebp=327E3A0 Esp=327E37C Eip=77A78DEB

ADDR: 77A709B7 CODE: 747f jz 0x77a70a38
Eax=2 Ebx=3191FB4 Ecx=77305A70 Edx=3191FB4 Edi=2 Esi=77305A70 Ebp=327E354 Esp=327E348 Eip=77A709B7

ADDR: 77A709BE CODE: 7378 jae 0x77a70a38
Eax=2 Ebx=3191FB4 Ecx=77305A70 Edx=3191FB4 Edi=2 Esi=77305A70 Ebp=327E354 Esp=327E348 Eip=77A709BE

ADDR: 77305A83 CODE: 790d jns 0x77305a92
Eax=0 Ebx=75E4B498 Ecx=355A188 Edx=0 Edi=2 Esi=77305A70 Ebp=327E378 Esp=327E378 Eip=77305A83

ADDR: 778590DC CODE: 7454 jz 0x77859132
Eax=30E1272F Ebx=75E4B498 Ecx=1F Edx=0 Edi=2 Esi=772F00A0 Ebp=327E3EC Esp=327E390 Eip=778590DC

ADDR: 77A78DEB CODE: 730a jae 0x77a78df7
Eax=EE5E014 Ebx=75E4B498 Ecx=772F00A0 Edx=104000 Edi=2 Esi=772F00A0 Ebp=327E3EC Esp=327E388 Eip=77A78DEB

ADDR: 77A6C686 CODE: 743c jz 0x77a6c6c4
Eax=2 Ebx=75E4B498 Ecx=355A180 Edx=104000 Edi=2 Esi=3191000 Ebp=327E36C Esp=327E36C Eip=77A6C686

ADDR: 77A6C68D CODE: 7335 jae 0x77a6c6c4
Eax=2 Ebx=75E4B498 Ecx=355A180 Edx=104000 Edi=2 Esi=3191000 Ebp=327E36C Esp=327E36C Eip=77A6C68D

ADDR: 77A6C6AC CODE: 740c jz 0x77a6c6ba
Eax=355CAA0 Ebx=75E4B498 Ecx=355A180 Edx=0 Edi=2 Esi=2 Ebp=327E36C Esp=327E368 Eip=77A6C6AC

ADDR: 77A6C6B4 CODE: 7404 jz 0x77a6c6ba
Eax=355CAAC Ebx=75E4B498 Ecx=355A180 Edx=0 Edi=2 Esi=2 Ebp=327E36C Esp=327E368 Eip=77A6C6B4

ADDR: 772F00BD CODE: 791c jns 0x772f00db
Eax=0 Ebx=75E4B498 Ecx=327E380 Edx=0 Edi=2 Esi=3191000 Ebp=327E384 Esp=327E37C Eip=772F00BD

ADDR: 77A2E69A CODE: 7315 jae 0x77a2e6b1
Eax=77935C1C Ebx=75E4B498 Ecx=77935C18 Edx=3191000 Edi=75EC2E40 Esi=763BC8DC Ebp=327E35C Esp=327E358 Eip=77A2E69A

ADDR: 778597A6 CODE: 0f8454720500 jz 0x778b0a00
Eax=327E3CC Ebx=763BC8DC Ecx=327E3B8 Edx=3191000 Edi=75EC2E40 Esi=763BC8DC Ebp=327E360 Esp=327E340 Eip=778597A6

ADDR: 778597D3 CODE: 7479 jz 0x7785984e
Eax=327E3CC Ebx=356E480 Ecx=1F Edx=B76A77F Edi=356E280 Esi=356E3B4 Ebp=327E360 Esp=327E340 Eip=778597D3

ADDR: 77A27B53 CODE: 746e jz 0x77a27bc3
Eax=FFFFFFFE Ebx=77935C18 Ecx=FFFFFFFF Edx=B76A77F Edi=77935C1C Esi=FFFFFFFE Ebp=327E358 Esp=327E344 Eip=77A27B53

ADDR: 778594A4 CODE: 7458 jz 0x778594fe
Eax=30EE8A47 Ebx=75E4B498 Ecx=1F Edx=B76A77F Edi=2 Esi=77305A70 Ebp=327E39C Esp=327E384 Eip=778594A4

ADDR: 77A78DEB CODE: 730a jae 0x77a78df7
Eax=EE60B4E Ebx=75E4B498 Ecx=77305A70 Edx=404000 Edi=2 Esi=77305A70 Ebp=327E39C Esp=327E378 Eip=77A78DEB

ADDR: 77A709B7 CODE: 747f jz 0x77a70a38
Eax=2 Ebx=3191FB4 Ecx=77305A70 Edx=3191FB4 Edi=2 Esi=77305A70 Ebp=327E350 Esp=327E344 Eip=77A709B7

ADDR: 77A709BE CODE: 7378 jae 0x77a70a38
Eax=2 Ebx=3191FB4 Ecx=77305A70 Edx=3191FB4 Edi=2 Esi=77305A70 Ebp=327E350 Esp=327E344 Eip=77A709BE

ADDR: 77305A83 CODE: 790d jns 0x77305a92
Eax=0 Ebx=75E4B498 Ecx=355A188 Edx=0 Edi=2 Esi=77305A70 Ebp=327E374 Esp=327E374 Eip=77305A83

ADDR: 77862C46 CODE: 740a jz 0x77862c52
Eax=0 Ebx=75E4B498 Ecx=7604E850 Edx=0 Edi=75EC2E60 Esi=75E4B324 Ebp=327E430 Esp=327E424 Eip=77862C46

ADDR: 77A78DEB CODE: 730a jae 0x77a78df7
Eax=EBD85CC Ebx=75E4B498 Ecx=75EC2E60 Edx=11111111 Edi=75EC2E60 Esi=75E4B324 Ebp=327E430 Esp=327E420 Eip=77A78DEB

ADDR: 778595B4 CODE: 7458 jz 0x7785960e
Eax=30EE8A47 Ebx=75E4B498 Ecx=1F Edx=763BC8DC Edi=2 Esi=77305A70 Ebp=327E3A0 Esp=327E388 Eip=778595B4

ADDR: 77A78DEB CODE: 730a jae 0x77a78df7
Eax=EE60B4E Ebx=75E4B498 Ecx=77305A70 Edx=404000 Edi=2 Esi=77305A70 Ebp=327E3A0 Esp=327E37C Eip=77A78DEB

ADDR: 77A709B7 CODE: 747f jz 0x77a70a38
Eax=2 Ebx=3191FB4 Ecx=77305A70 Edx=3191FB4 Edi=2 Esi=77305A70 Ebp=327E354 Esp=327E348 Eip=77A709B7

ADDR: 77A709BE CODE: 7378 jae 0x77a70a38
Eax=2 Ebx=3191FB4 Ecx=77305A70 Edx=3191FB4 Edi=2 Esi=77305A70 Ebp=327E354 Esp=327E348 Eip=77A709BE

ADDR: 77305A83 CODE: 790d jns 0x77305a92
Eax=0 Ebx=75E4B498 Ecx=355A188 Edx=0 Edi=2 Esi=77305A70 Ebp=327E378 Esp=327E378 Eip=77305A83

ADDR: 778590DC CODE: 7454 jz 0x77859132
Eax=30E1272F Ebx=75E4B498 Ecx=1F Edx=0 Edi=2 Esi=772F00A0 Ebp=327E3EC Esp=327E390 Eip=778590DC

ADDR: 77A78DEB CODE: 730a jae 0x77a78df7
Eax=EE5E014 Ebx=75E4B498 Ecx=772F00A0 Edx=104000 Edi=2 Esi=772F00A0 Ebp=327E3EC Esp=327E388 Eip=77A78DEB

ADDR: 77A6C686 CODE: 743c jz 0x77a6c6c4
Eax=2 Ebx=75E4B498 Ecx=355A180 Edx=104000 Edi=2 Esi=3191000 Ebp=327E36C Esp=327E36C Eip=77A6C686

ADDR: 77A6C68D CODE: 7335 jae 0x77a6c6c4
Eax=2 Ebx=75E4B498 Ecx=355A180 Edx=104000 Edi=2 Esi=3191000 Ebp=327E36C Esp=327E36C Eip=77A6C68D

ADDR: 77A6C6AC CODE: 740c jz 0x77a6c6ba
Eax=355CAA0 Ebx=75E4B498 Ecx=355A180 Edx=0 Edi=2 Esi=2 Ebp=327E36C Esp=327E368 Eip=77A6C6AC

ADDR: 77A6C6B4 CODE: 7404 jz 0x77a6c6ba
Eax=355CAAC Ebx=75E4B498 Ecx=355A180 Edx=0 Edi=2 Esi=2 Ebp=327E36C Esp=327E368 Eip=77A6C6B4

ADDR: 772F00BD CODE: 791c jns 0x772f00db
Eax=0 Ebx=75E4B498 Ecx=327E380 Edx=0 Edi=2 Esi=3191000 Ebp=327E384 Esp=327E37C Eip=772F00BD

ADDR: 77A2E69A CODE: 7315 jae 0x77a2e6b1
Eax=77935C1C Ebx=75E4B498 Ecx=77935C18 Edx=3191000 Edi=75EC2E60 Esi=763BC8DC Ebp=327E35C Esp=327E358 Eip=77A2E69A

ADDR: 778597A6 CODE: 0f8454720500 jz 0x778b0a00
Eax=327E3CC Ebx=763BC8DC Ecx=327E3B8 Edx=3191000 Edi=75EC2E60 Esi=763BC8DC Ebp=327E360 Esp=327E340 Eip=778597A6

ADDR: 778597D3 CODE: 7479 jz 0x7785984e
Eax=327E3CC Ebx=356E480 Ecx=1F Edx=B76A77F Edi=356E280 Esi=356E3B8 Ebp=327E360 Esp=327E340 Eip=778597D3

ADDR: 77A27B53 CODE: 746e jz 0x77a27bc3
Eax=FFFFFFFE Ebx=77935C18 Ecx=FFFFFFFF Edx=B76A77F Edi=77935C1C Esi=FFFFFFFE Ebp=327E358 Esp=327E344 Eip=77A27B53

ADDR: 778594A4 CODE: 7458 jz 0x778594fe
Eax=30EE8A47 Ebx=75E4B498 Ecx=1F Edx=B76A77F Edi=2 Esi=77305A70 Ebp=327E39C Esp=327E384 Eip=778594A4

ADDR: 77A78DEB CODE: 730a jae 0x77a78df7
Eax=EE60B4E Ebx=75E4B498 Ecx=77305A70 Edx=404000 Edi=2 Esi=77305A70 Ebp=327E39C Esp=327E378 Eip=77A78DEB

ADDR: 77A709B7 CODE: 747f jz 0x77a70a38
Eax=2 Ebx=3191FB4 Ecx=77305A70 Edx=3191FB4 Edi=2 Esi=77305A70 Ebp=327E350 Esp=327E344 Eip=77A709B7

ADDR: 77A709BE CODE: 7378 jae 0x77a70a38
Eax=2 Ebx=3191FB4 Ecx=77305A70 Edx=3191FB4 Edi=2 Esi=77305A70 Ebp=327E350 Esp=327E344 Eip=77A709BE

ADDR: 77305A83 CODE: 790d jns 0x77305a92
Eax=0 Ebx=75E4B498 Ecx=355A188 Edx=0 Edi=2 Esi=77305A70 Ebp=327E374 Esp=327E374 Eip=77305A83

ADDR: 77862C46 CODE: 740a jz 0x77862c52
Eax=0 Ebx=75E4B498 Ecx=7604E860 Edx=0 Edi=75EC2E80 Esi=75E4B328 Ebp=327E430 Esp=327E424 Eip=77862C46

ADDR: 77A78DEB CODE: 730a jae 0x77a78df7
Eax=EBD85D0 Ebx=75E4B498 Ecx=75EC2E80 Edx=11111111 Edi=75EC2E80 Esi=75E4B328 Ebp=327E430 Esp=327E420 Eip=77A78DEB

ADDR: 778595B4 CODE: 7458 jz 0x7785960e
Eax=30EE8A47 Ebx=75E4B498 Ecx=1F Edx=763BC8DC Edi=2 Esi=77305A70 Ebp=327E3A0 Esp=327E388 Eip=778595B4

ADDR: 77A78DEB CODE: 730a jae 0x77a78df7
Eax=EE60B4E Ebx=75E4B498 Ecx=77305A70 Edx=404000 Edi=2 Esi=77305A70 Ebp=327E3A0 Esp=327E37C Eip=77A78DEB

ADDR: 77A709B7 CODE: 747f jz 0x77a70a38
Eax=2 Ebx=3191FB4 Ecx=77305A70 Edx=3191FB4 Edi=2 Esi=77305A70 Ebp=327E354 Esp=327E348 Eip=77A709B7

ADDR: 77A709BE CODE: 7378 jae 0x77a70a38
Eax=2 Ebx=3191FB4 Ecx=77305A70 Edx=3191FB4 Edi=2 Esi=77305A70 Ebp=327E354 Esp=327E348 Eip=77A709BE

ADDR: 77305A83 CODE: 790d jns 0x77305a92
Eax=0 Ebx=75E4B498 Ecx=355A188 Edx=0 Edi=2 Esi=77305A70 Ebp=327E378 Esp=327E378 Eip=77305A83

ADDR: 778590DC CODE: 7454 jz 0x77859132
Eax=30E1272F Ebx=75E4B498 Ecx=1F Edx=0 Edi=2 Esi=772F00A0 Ebp=327E3EC Esp=327E390 Eip=778590DC

ADDR: 77A78DEB CODE: 730a jae 0x77a78df7
Eax=EE5E014 Ebx=75E4B498 Ecx=772F00A0 Edx=104000 Edi=2 Esi=772F00A0 Ebp=327E3EC Esp=327E388 Eip=77A78DEB

ADDR: 77A6C686 CODE: 743c jz 0x77a6c6c4
Eax=2 Ebx=75E4B498 Ecx=355A180 Edx=104000 Edi=2 Esi=3191000 Ebp=327E36C Esp=327E36C Eip=77A6C686

ADDR: 77A6C68D CODE: 7335 jae 0x77a6c6c4
Eax=2 Ebx=75E4B498 Ecx=355A180 Edx=104000 Edi=2 Esi=3191000 Ebp=327E36C Esp=327E36C Eip=77A6C68D

ADDR: 77A6C6AC CODE: 740c jz 0x77a6c6ba
Eax=355CAA0 Ebx=75E4B498 Ecx=355A180 Edx=0 Edi=2 Esi=2 Ebp=327E36C Esp=327E368 Eip=77A6C6AC

ADDR: 77A6C6B4 CODE: 7404 jz 0x77a6c6ba
Eax=355CAAC Ebx=75E4B498 Ecx=355A180 Edx=0 Edi=2 Esi=2 Ebp=327E36C Esp=327E368 Eip=77A6C6B4

ADDR: 772F00BD CODE: 791c jns 0x772f00db
Eax=0 Ebx=75E4B498 Ecx=327E380 Edx=0 Edi=2 Esi=3191000 Ebp=327E384 Esp=327E37C Eip=772F00BD

ADDR: 77A2E69A CODE: 7315 jae 0x77a2e6b1
Eax=77935C1C Ebx=75E4B498 Ecx=77935C18 Edx=3191000 Edi=75EC2E80 Esi=763BC8DC Ebp=327E35C Esp=327E358 Eip=77A2E69A

ADDR: 778597A6 CODE: 0f8454720500 jz 0x778b0a00
Eax=327E3CC Ebx=763BC8DC Ecx=327E3B8 Edx=3191000 Edi=75EC2E80 Esi=763BC8DC Ebp=327E360 Esp=327E340 Eip=778597A6

ADDR: 778597D3 CODE: 7479 jz 0x7785984e
Eax=327E3CC Ebx=356E480 Ecx=1F Edx=B76A77F Edi=356E280 Esi=356E3BC Ebp=327E360 Esp=327E340 Eip=778597D3

ADDR: 77A27B53 CODE: 746e jz 0x77a27bc3
Eax=FFFFFFFE Ebx=77935C18 Ecx=FFFFFFFF Edx=B76A77F Edi=77935C1C Esi=FFFFFFFE Ebp=327E358 Esp=327E344 Eip=77A27B53

ADDR: 778594A4 CODE: 7458 jz 0x778594fe
Eax=30EE8A47 Ebx=75E4B498 Ecx=1F Edx=B76A77F Edi=2 Esi=77305A70 Ebp=327E39C Esp=327E384 Eip=778594A4

ADDR: 77A78DEB CODE: 730a jae 0x77a78df7
Eax=EE60B4E Ebx=75E4B498 Ecx=77305A70 Edx=404000 Edi=2 Esi=77305A70 Ebp=327E39C Esp=327E378 Eip=77A78DEB

ADDR: 77A709B7 CODE: 747f jz 0x77a70a38
Eax=2 Ebx=3191FB4 Ecx=77305A70 Edx=3191FB4 Edi=2 Esi=77305A70 Ebp=327E350 Esp=327E344 Eip=77A709B7

ADDR: 77A709BE CODE: 7378 jae 0x77a70a38
Eax=2 Ebx=3191FB4 Ecx=77305A70 Edx=3191FB4 Edi=2 Esi=77305A70 Ebp=327E350 Esp=327E344 Eip=77A709BE

ADDR: 77305A83 CODE: 790d jns 0x77305a92
Eax=0 Ebx=75E4B498 Ecx=355A188 Edx=0 Edi=2 Esi=77305A70 Ebp=327E374 Esp=327E374 Eip=77305A83

ADDR: 77862C46 CODE: 740a jz 0x77862c52
Eax=0 Ebx=75E4B498 Ecx=7604E880 Edx=0 Edi=75EC2EA0 Esi=75E4B32C Ebp=327E430 Esp=327E424 Eip=77862C46

ADDR: 77A78DEB CODE: 730a jae 0x77a78df7
Eax=EBD85D4 Ebx=75E4B498 Ecx=75EC2EA0 Edx=11111111 Edi=75EC2EA0 Esi=75E4B32C Ebp=327E430 Esp=327E420 Eip=77A78DEB

ADDR: 778595B4 CODE: 7458 jz 0x7785960e
Eax=30EE8A47 Ebx=75E4B498 Ecx=1F Edx=763BC8DC Edi=2 Esi=77305A70 Ebp=327E3A0 Esp=327E388 Eip=778595B4

ADDR: 77A78DEB CODE: 730a jae 0x77a78df7
Eax=EE60B4E Ebx=75E4B498 Ecx=77305A70 Edx=404000 Edi=2 Esi=77305A70 Ebp=327E3A0 Esp=327E37C Eip=77A78DEB

ADDR: 77A709B7 CODE: 747f jz 0x77a70a38
Eax=2 Ebx=3191FB4 Ecx=77305A70 Edx=3191FB4 Edi=2 Esi=77305A70 Ebp=327E354 Esp=327E348 Eip=77A709B7

ADDR: 77A709BE CODE: 7378 jae 0x77a70a38
Eax=2 Ebx=3191FB4 Ecx=77305A70 Edx=3191FB4 Edi=2 Esi=77305A70 Ebp=327E354 Esp=327E348 Eip=77A709BE

ADDR: 77305A83 CODE: 790d jns 0x77305a92
Eax=0 Ebx=75E4B498 Ecx=355A188 Edx=0 Edi=2 Esi=77305A70 Ebp=327E378 Esp=327E378 Eip=77305A83

ADDR: 778590DC CODE: 7454 jz 0x77859132
Eax=30E1272F Ebx=75E4B498 Ecx=1F Edx=0 Edi=2 Esi=772F00A0 Ebp=327E3EC Esp=327E390 Eip=778590DC

ADDR: 77A78DEB CODE: 730a jae 0x77a78df7
Eax=EE5E014 Ebx=75E4B498 Ecx=772F00A0 Edx=104000 Edi=2 Esi=772F00A0 Ebp=327E3EC Esp=327E388 Eip=77A78DEB

ADDR: 77A6C686 CODE: 743c jz 0x77a6c6c4
Eax=2 Ebx=75E4B498 Ecx=355A180 Edx=104000 Edi=2 Esi=3191000 Ebp=327E36C Esp=327E36C Eip=77A6C686

ADDR: 77A6C68D CODE: 7335 jae 0x77a6c6c4
Eax=2 Ebx=75E4B498 Ecx=355A180 Edx=104000 Edi=2 Esi=3191000 Ebp=327E36C Esp=327E36C Eip=77A6C68D

ADDR: 77A6C6AC CODE: 740c jz 0x77a6c6ba
Eax=355CAA0 Ebx=75E4B498 Ecx=355A180 Edx=0 Edi=2 Esi=2 Ebp=327E36C Esp=327E368 Eip=77A6C6AC

ADDR: 77A6C6B4 CODE: 7404 jz 0x77a6c6ba
Eax=355CAAC Ebx=75E4B498 Ecx=355A180 Edx=0 Edi=2 Esi=2 Ebp=327E36C Esp=327E368 Eip=77A6C6B4

ADDR: 772F00BD CODE: 791c jns 0x772f00db
Eax=0 Ebx=75E4B498 Ecx=327E380 Edx=0 Edi=2 Esi=3191000 Ebp=327E384 Esp=327E37C Eip=772F00BD

ADDR: 77A2E69A CODE: 7315 jae 0x77a2e6b1
Eax=77935C1C Ebx=75E4B498 Ecx=77935C18 Edx=3191000 Edi=75EC2EA0 Esi=763BC8DC Ebp=327E35C Esp=327E358 Eip=77A2E69A

ADDR: 778597A6 CODE: 0f8454720500 jz 0x778b0a00
Eax=327E3CC Ebx=763BC8DC Ecx=327E3B8 Edx=3191000 Edi=75EC2EA0 Esi=763BC8DC Ebp=327E360 Esp=327E340 Eip=778597A6

ADDR: 778597D3 CODE: 7479 jz 0x7785984e
Eax=327E3CC Ebx=356E480 Ecx=1F Edx=B76A77F Edi=356E280 Esi=356E3C0 Ebp=327E360 Esp=327E340 Eip=778597D3

ADDR: 77A27B53 CODE: 746e jz 0x77a27bc3
Eax=FFFFFFFE Ebx=77935C18 Ecx=FFFFFFFF Edx=B76A77F Edi=77935C1C Esi=FFFFFFFE Ebp=327E358 Esp=327E344 Eip=77A27B53

ADDR: 778594A4 CODE: 7458 jz 0x778594fe
Eax=30EE8A47 Ebx=75E4B498 Ecx=1F Edx=B76A77F Edi=2 Esi=77305A70 Ebp=327E39C Esp=327E384 Eip=778594A4

ADDR: 77A78DEB CODE: 730a jae 0x77a78df7
Eax=EE60B4E Ebx=75E4B498 Ecx=77305A70 Edx=404000 Edi=2 Esi=77305A70 Ebp=327E39C Esp=327E378 Eip=77A78DEB

ADDR: 77A709B7 CODE: 747f jz 0x77a70a38
Eax=2 Ebx=3191FB4 Ecx=77305A70 Edx=3191FB4 Edi=2 Esi=77305A70 Ebp=327E350 Esp=327E344 Eip=77A709B7

ADDR: 77A709BE CODE: 7378 jae 0x77a70a38
Eax=2 Ebx=3191FB4 Ecx=77305A70 Edx=3191FB4 Edi=2 Esi=77305A70 Ebp=327E350 Esp=327E344 Eip=77A709BE

ADDR: 77305A83 CODE: 790d jns 0x77305a92
Eax=0 Ebx=75E4B498 Ecx=355A188 Edx=0 Edi=2 Esi=77305A70 Ebp=327E374 Esp=327E374 Eip=77305A83

ADDR: 77862C46 CODE: 740a jz 0x77862c52
Eax=0 Ebx=75E4B498 Ecx=7604E890 Edx=0 Edi=75EC2EC0 Esi=75E4B330 Ebp=327E430 Esp=327E424 Eip=77862C46

ADDR: 77A78DEB CODE: 730a jae 0x77a78df7
Eax=EBD85D8 Ebx=75E4B498 Ecx=75EC2EC0 Edx=11111111 Edi=75EC2EC0 Esi=75E4B330 Ebp=327E430 Esp=327E420 Eip=77A78DEB

ADDR: 778595B4 CODE: 7458 jz 0x7785960e
Eax=30EE8A47 Ebx=75E4B498 Ecx=1F Edx=763BC8DC Edi=2 Esi=77305A70 Ebp=327E3A0 Esp=327E388 Eip=778595B4

ADDR: 77A78DEB CODE: 730a jae 0x77a78df7
Eax=EE60B4E Ebx=75E4B498 Ecx=77305A70 Edx=404000 Edi=2 Esi=77305A70 Ebp=327E3A0 Esp=327E37C Eip=77A78DEB

ADDR: 77A709B7 CODE: 747f jz 0x77a70a38
Eax=2 Ebx=3191FB4 Ecx=77305A70 Edx=3191FB4 Edi=2 Esi=77305A70 Ebp=327E354 Esp=327E348 Eip=77A709B7

ADDR: 77A709BE CODE: 7378 jae 0x77a70a38
Eax=2 Ebx=3191FB4 Ecx=77305A70 Edx=3191FB4 Edi=2 Esi=77305A70 Ebp=327E354 Esp=327E348 Eip=77A709BE

ADDR: 77305A83 CODE: 790d jns 0x77305a92
Eax=0 Ebx=75E4B498 Ecx=355A188 Edx=0 Edi=2 Esi=77305A70 Ebp=327E378 Esp=327E378 Eip=77305A83

ADDR: 778590DC CODE: 7454 jz 0x77859132
Eax=30E1272F Ebx=75E4B498 Ecx=1F Edx=0 Edi=2 Esi=772F00A0 Ebp=327E3EC Esp=327E390 Eip=778590DC

ADDR: 77A78DEB CODE: 730a jae 0x77a78df7
Eax=EE5E014 Ebx=75E4B498 Ecx=772F00A0 Edx=104000 Edi=2 Esi=772F00A0 Ebp=327E3EC Esp=327E388 Eip=77A78DEB

ADDR: 77A6C686 CODE: 743c jz 0x77a6c6c4
Eax=2 Ebx=75E4B498 Ecx=355A180 Edx=104000 Edi=2 Esi=3191000 Ebp=327E36C Esp=327E36C Eip=77A6C686

ADDR: 77A6C68D CODE: 7335 jae 0x77a6c6c4
Eax=2 Ebx=75E4B498 Ecx=355A180 Edx=104000 Edi=2 Esi=3191000 Ebp=327E36C Esp=327E36C Eip=77A6C68D

ADDR: 77A6C6AC CODE: 740c jz 0x77a6c6ba
Eax=355CAA0 Ebx=75E4B498 Ecx=355A180 Edx=0 Edi=2 Esi=2 Ebp=327E36C Esp=327E368 Eip=77A6C6AC

ADDR: 77A6C6B4 CODE: 7404 jz 0x77a6c6ba
Eax=355CAAC Ebx=75E4B498 Ecx=355A180 Edx=0 Edi=2 Esi=2 Ebp=327E36C Esp=327E368 Eip=77A6C6B4

ADDR: 772F00BD CODE: 791c jns 0x772f00db
Eax=0 Ebx=75E4B498 Ecx=327E380 Edx=0 Edi=2 Esi=3191000 Ebp=327E384 Esp=327E37C Eip=772F00BD

ADDR: 77A2E69A CODE: 7315 jae 0x77a2e6b1
Eax=77935C1C Ebx=75E4B498 Ecx=77935C18 Edx=3191000 Edi=75EC2EC0 Esi=763BC8DC Ebp=327E35C Esp=327E358 Eip=77A2E69A

ADDR: 778597A6 CODE: 0f8454720500 jz 0x778b0a00
Eax=327E3CC Ebx=763BC8DC Ecx=327E3B8 Edx=3191000 Edi=75EC2EC0 Esi=763BC8DC Ebp=327E360 Esp=327E340 Eip=778597A6

ADDR: 778597D3 CODE: 7479 jz 0x7785984e
Eax=327E3CC Ebx=356E480 Ecx=1F Edx=B76A77F Edi=356E280 Esi=356E3C4 Ebp=327E360 Esp=327E340 Eip=778597D3

ADDR: 77A27B53 CODE: 746e jz 0x77a27bc3
Eax=FFFFFFFE Ebx=77935C18 Ecx=FFFFFFFF Edx=B76A77F Edi=77935C1C Esi=FFFFFFFE Ebp=327E358 Esp=327E344 Eip=77A27B53

ADDR: 778594A4 CODE: 7458 jz 0x778594fe
Eax=30EE8A47 Ebx=75E4B498 Ecx=1F Edx=B76A77F Edi=2 Esi=77305A70 Ebp=327E39C Esp=327E384 Eip=778594A4

ADDR: 77A78DEB CODE: 730a jae 0x77a78df7
Eax=EE60B4E Ebx=75E4B498 Ecx=77305A70 Edx=404000 Edi=2 Esi=77305A70 Ebp=327E39C Esp=327E378 Eip=77A78DEB

ADDR: 77A709B7 CODE: 747f jz 0x77a70a38
Eax=2 Ebx=3191FB4 Ecx=77305A70 Edx=3191FB4 Edi=2 Esi=77305A70 Ebp=327E350 Esp=327E344 Eip=77A709B7

ADDR: 77A709BE CODE: 7378 jae 0x77a70a38
Eax=2 Ebx=3191FB4 Ecx=77305A70 Edx=3191FB4 Edi=2 Esi=77305A70 Ebp=327E350 Esp=327E344 Eip=77A709BE

ADDR: 77305A83 CODE: 790d jns 0x77305a92
Eax=0 Ebx=75E4B498 Ecx=355A188 Edx=0 Edi=2 Esi=77305A70 Ebp=327E374 Esp=327E374 Eip=77305A83

ADDR: 77862C46 CODE: 740a jz 0x77862c52
Eax=0 Ebx=75E4B498 Ecx=7604E8A0 Edx=0 Edi=75EC2EE0 Esi=75E4B334 Ebp=327E430 Esp=327E424 Eip=77862C46

ADDR: 77A78DEB CODE: 730a jae 0x77a78df7
Eax=EBD85DC Ebx=75E4B498 Ecx=75EC2EE0 Edx=11111111 Edi=75EC2EE0 Esi=75E4B334 Ebp=327E430 Esp=327E420 Eip=77A78DEB

ADDR: 778595B4 CODE: 7458 jz 0x7785960e
Eax=30EE8A47 Ebx=75E4B498 Ecx=1F Edx=763BC8DC Edi=2 Esi=77305A70 Ebp=327E3A0 Esp=327E388 Eip=778595B4

ADDR: 77A78DEB CODE: 730a jae 0x77a78df7
Eax=EE60B4E Ebx=75E4B498 Ecx=77305A70 Edx=404000 Edi=2 Esi=77305A70 Ebp=327E3A0 Esp=327E37C Eip=77A78DEB

ADDR: 77A709B7 CODE: 747f jz 0x77a70a38
Eax=2 Ebx=3191FB4 Ecx=77305A70 Edx=3191FB4 Edi=2 Esi=77305A70 Ebp=327E354 Esp=327E348 Eip=77A709B7

ADDR: 77A709BE CODE: 7378 jae 0x77a70a38
Eax=2 Ebx=3191FB4 Ecx=77305A70 Edx=3191FB4 Edi=2 Esi=77305A70 Ebp=327E354 Esp=327E348 Eip=77A709BE

ADDR: 77305A83 CODE: 790d jns 0x77305a92
Eax=0 Ebx=75E4B498 Ecx=355A188 Edx=0 Edi=2 Esi=77305A70 Ebp=327E378 Esp=327E378 Eip=77305A83

ADDR: 778590DC CODE: 7454 jz 0x77859132
Eax=30E1272F Ebx=75E4B498 Ecx=1F Edx=0 Edi=2 Esi=772F00A0 Ebp=327E3EC Esp=327E390 Eip=778590DC

ADDR: 77A78DEB CODE: 730a jae 0x77a78df7
Eax=EE5E014 Ebx=75E4B498 Ecx=772F00A0 Edx=104000 Edi=2 Esi=772F00A0 Ebp=327E3EC Esp=327E388 Eip=77A78DEB

ADDR: 77A6C686 CODE: 743c jz 0x77a6c6c4
Eax=2 Ebx=75E4B498 Ecx=355A180 Edx=104000 Edi=2 Esi=3191000 Ebp=327E36C Esp=327E36C Eip=77A6C686

ADDR: 77A6C68D CODE: 7335 jae 0x77a6c6c4
Eax=2 Ebx=75E4B498 Ecx=355A180 Edx=104000 Edi=2 Esi=3191000 Ebp=327E36C Esp=327E36C Eip=77A6C68D

ADDR: 77A6C6AC CODE: 740c jz 0x77a6c6ba
Eax=355CAA0 Ebx=75E4B498 Ecx=355A180 Edx=0 Edi=2 Esi=2 Ebp=327E36C Esp=327E368 Eip=77A6C6AC

ADDR: 77A6C6B4 CODE: 7404 jz 0x77a6c6ba
Eax=355CAAC Ebx=75E4B498 Ecx=355A180 Edx=0 Edi=2 Esi=2 Ebp=327E36C Esp=327E368 Eip=77A6C6B4

ADDR: 772F00BD CODE: 791c jns 0x772f00db
Eax=0 Ebx=75E4B498 Ecx=327E380 Edx=0 Edi=2 Esi=3191000 Ebp=327E384 Esp=327E37C Eip=772F00BD

ADDR: 77A2E69A CODE: 7315 jae 0x77a2e6b1
Eax=77935C1C Ebx=75E4B498 Ecx=77935C18 Edx=3191000 Edi=75EC2EE0 Esi=763BC8DC Ebp=327E35C Esp=327E358 Eip=77A2E69A

ADDR: 778597A6 CODE: 0f8454720500 jz 0x778b0a00
Eax=327E3CC Ebx=763BC8DC Ecx=327E3B8 Edx=3191000 Edi=75EC2EE0 Esi=763BC8DC Ebp=327E360 Esp=327E340 Eip=778597A6

ADDR: 778597D3 CODE: 7479 jz 0x7785984e
Eax=327E3CC Ebx=356E480 Ecx=1F Edx=B76A77F Edi=356E280 Esi=356E3C8 Ebp=327E360 Esp=327E340 Eip=778597D3

ADDR: 77A27B53 CODE: 746e jz 0x77a27bc3
Eax=FFFFFFFE Ebx=77935C18 Ecx=FFFFFFFF Edx=B76A77F Edi=77935C1C Esi=FFFFFFFE Ebp=327E358 Esp=327E344 Eip=77A27B53

ADDR: 778594A4 CODE: 7458 jz 0x778594fe
Eax=30EE8A47 Ebx=75E4B498 Ecx=1F Edx=B76A77F Edi=2 Esi=77305A70 Ebp=327E39C Esp=327E384 Eip=778594A4

ADDR: 77A78DEB CODE: 730a jae 0x77a78df7
Eax=EE60B4E Ebx=75E4B498 Ecx=77305A70 Edx=404000 Edi=2 Esi=77305A70 Ebp=327E39C Esp=327E378 Eip=77A78DEB

ADDR: 77A709B7 CODE: 747f jz 0x77a70a38
Eax=2 Ebx=3191FB4 Ecx=77305A70 Edx=3191FB4 Edi=2 Esi=77305A70 Ebp=327E350 Esp=327E344 Eip=77A709B7

ADDR: 77A709BE CODE: 7378 jae 0x77a70a38
Eax=2 Ebx=3191FB4 Ecx=77305A70 Edx=3191FB4 Edi=2 Esi=77305A70 Ebp=327E350 Esp=327E344 Eip=77A709BE

ADDR: 77305A83 CODE: 790d jns 0x77305a92
Eax=0 Ebx=75E4B498 Ecx=355A188 Edx=0 Edi=2 Esi=77305A70 Ebp=327E374 Esp=327E374 Eip=77305A83

ADDR: 77862C46 CODE: 740a jz 0x77862c52
Eax=0 Ebx=75E4B498 Ecx=7604E8B0 Edx=0 Edi=75EC2F00 Esi=75E4B338 Ebp=327E430 Esp=327E424 Eip=77862C46

ADDR: 77A78DEB CODE: 730a jae 0x77a78df7
Eax=EBD85E0 Ebx=75E4B498 Ecx=75EC2F00 Edx=44444401 Edi=75EC2F00 Esi=75E4B338 Ebp=327E430 Esp=327E420 Eip=77A78DEB

ADDR: 75FB6074 CODE: 7728 ja 0x75fb609e
Eax=0 Ebx=763BE8E8 Ecx=763BE8E8 Edx=11 Edi=75EC2F00 Esi=75E74BC2 Ebp=327E3B4 Esp=327E3AC Eip=75FB6074

ADDR: 75FB2B4A CODE: 775f ja 0x75fb2bab
Eax=75E74BC0 Ebx=11 Ecx=7FFFFFFE Edx=11 Edi=763BE8E8 Esi=75E74BC2 Ebp=327E398 Esp=327E384 Eip=75FB2B4A

ADDR: 75FB5E14 CODE: 7718 ja 0x75fb5e2e
Eax=7 Ebx=11 Ecx=17 Edx=7 Edi=763BE8E8 Esi=75E74BC2 Ebp=327E374 Esp=327E370 Eip=75FB5E14

ADDR: 75FB5E21 CODE: 770b ja 0x75fb5e2e
Eax=7FFFFFFB Ebx=11 Ecx=17 Edx=7 Edi=763BE8E8 Esi=3 Ebp=327E374 Esp=327E370 Eip=75FB5E21

ADDR: 75FB5E28 CODE: 7207 jb 0x75fb5e31
Eax=A Ebx=11 Ecx=17 Edx=7 Edi=763BE8E8 Esi=3 Ebp=327E374 Esp=327E370 Eip=75FB5E28

ADDR: 75FB5F3C CODE: 770b ja 0x75fb5f49
Eax=18 Ebx=11 Ecx=18 Edx=7 Edi=763BE8E8 Esi=17 Ebp=327E374 Esp=327E374 Eip=75FB5F3C

ADDR: 75FAF379 CODE: 0f8315000000 jae 0x75faf394
Eax=18 Ebx=11 Ecx=30 Edx=7 Edi=763BE8E8 Esi=17 Ebp=327E374 Esp=327E370 Eip=75FAF379

ADDR: 75FAF381 CODE: 7408 jz 0x75faf38b
Eax=18 Ebx=11 Ecx=30 Edx=7 Edi=763BE8E8 Esi=17 Ebp=327E374 Esp=327E370 Eip=75FAF381

ADDR: 77A24CFF CODE: 0f8426e60500 jz 0x77a8332b
Eax=3550000 Ebx=11 Ecx=30 Edx=7 Edi=763BE8E8 Esi=3550000 Ebp=327E344 Esp=327E338 Eip=77A24CFF

ADDR: 77A24D11 CODE: 0f842be60500 jz 0x77a83342
Eax=3550000 Ebx=11 Ecx=3550000 Edx=30 Edi=763BE8E8 Esi=3550000 Ebp=327E344 Esp=327E338 Eip=77A24D11

ADDR: 77A24E6C CODE: 760c jbe 0x77a24e7a
Eax=0 Ebx=3550000 Ecx=8 Edx=30 Edi=30 Esi=3550000 Ebp=327E328 Esp=327E2B0 Eip=77A24E6C

ADDR: 77A24E9D CODE: 742b jz 0x77a24eca
Eax=0 Ebx=3550000 Ecx=0 Edx=0 Edi=30 Esi=3550000 Ebp=327E328 Esp=327E2B0 Eip=77A24E9D

ADDR: 77A24ED5 CODE: 7445 jz 0x77a24f1c
Eax=0 Ebx=3550000 Ecx=8 Edx=0 Edi=30 Esi=0 Ebp=327E328 Esp=327E2B0 Eip=77A24ED5

ADDR: 77A24F4B CODE: 0f87f5090000 ja 0x77a25946
Eax=30 Ebx=3550000 Ecx=8 Edx=7 Edi=30 Esi=38 Ebp=327E328 Esp=327E2B0 Eip=77A24F4B

ADDR: 77A24F6F CODE: 0f84ce090000 jz 0x77a25943
Eax=80 Ebx=3550000 Ecx=7 Edx=FC Edi=30 Esi=38 Ebp=327E328 Esp=327E2B0 Eip=77A24F6F

ADDR: 77A24FAE CODE: 744c jz 0x77a24ffc
Eax=3552600 Ebx=33A01D4 Ecx=0 Edx=33A0000 Edi=30 Esi=38 Ebp=327E328 Esp=327E2B0 Eip=77A24FAE

ADDR: 77A25057 CODE: 0f84bb010000 jz 0x77a25218
Eax=3555B90 Ebx=33A01D4 Ecx=33A0A30 Edx=33A0000 Edi=30 Esi=38 Ebp=327E328 Esp=327E2B0 Eip=77A25057

ADDR: 77A25077 CODE: 797c jns 0x77a250f5
Eax=1F Ebx=3555BA0 Ecx=33A07D0 Edx=33A0000 Edi=33A0000 Esi=38 Ebp=327E328 Esp=327E2B0 Eip=77A25077

ADDR: 77A25118 CODE: 0f84c7000000 jz 0x77a251e5
Eax=1F Ebx=3555BA0 Ecx=33A07D0 Edx=0 Edi=64 Esi=1F0012 Ebp=327E328 Esp=327E2B0 Eip=77A25118

ADDR: 77A2512E CODE: 740a jz 0x77a2513a
Eax=1F0012 Ebx=3555BA0 Ecx=801F0012 Edx=0 Edi=64 Esi=1F0012 Ebp=327E328 Esp=327E2B0 Eip=77A2512E

ADDR: 77A2513D CODE: 0f84a2000000 jz 0x77a251e5
Eax=1F0012 Ebx=3555BA0 Ecx=801F0012 Edx=0 Edi=64 Esi=1F0012 Ebp=327E328 Esp=327E2B0 Eip=77A2513D

ADDR: 77A2514E CODE: 0f848f000000 jz 0x77a251e3
Eax=35661D0 Ebx=3555BA0 Ecx=3555B90 Edx=0 Edi=64 Esi=1F0012 Ebp=327E328 Esp=327E2B0 Eip=77A2514E

ADDR: 77A25162 CODE: 747f jz 0x77a251e3
Eax=33A0A30 Ebx=3555BA0 Ecx=3555B90 Edx=0 Edi=64 Esi=1F0012 Ebp=327E328 Esp=327E2B0 Eip=77A25162

ADDR: 77A45F14 CODE: 741a jz 0x77a45f30
Eax=28 Ebx=3555BA0 Ecx=E2 Edx=28E2 Edi=E2 Esi=3191000 Ebp=327E2A8 Esp=327E29C Eip=77A45F14

ADDR: 77A7545A CODE: 730d jae 0x77a75469
Eax=35661E4 Ebx=3555BA0 Ecx=35661EC Edx=1F Edi=FFFFFFFF Esi=23 Ebp=327E2A0 Esp=327E290 Eip=77A7545A

ADDR: 77A754A7 CODE: 7313 jae 0x77a754bc
Eax=35661F0 Ebx=F7902BD2 Ecx=20 Edx=35661EC Edi=FFFFFFFF Esi=F Ebp=327E2A0 Esp=327E290 Eip=77A754A7

ADDR: 77A251C3 CODE: 7422 jz 0x77a251e7
Eax=3566518 Ebx=3555BA0 Ecx=380028 Edx=35661D0 Edi=F Esi=3566540 Ebp=327E328 Esp=327E2B0 Eip=77A251C3

ADDR: 77A251EB CODE: 7420 jz 0x77a2520d
Eax=3566518 Ebx=3555BA0 Ecx=380028 Edx=35661D0 Edi=F Esi=3566540 Ebp=327E328 Esp=327E2B0 Eip=77A251EB

ADDR: 77A25CAD CODE: 7412 jz 0x77a25cc1
Eax=3566518 Ebx=3555BA0 Ecx=380028 Edx=35661D0 Edi=3566548 Esi=3566540 Ebp=327E328 Esp=327E2B0 Eip=77A25CAD

ADDR: 77A5B3CA CODE: 744f jz 0x77a5b41b
Eax=30 Ebx=3555BA0 Ecx=3566548 Edx=30 Edi=3566548 Esi=3566540 Ebp=327E328 Esp=327E2A0 Eip=77A5B3CA

ADDR: 77A5B3D8 CODE: 7231 jb 0x77a5b40b
Eax=0 Ebx=3555BA0 Ecx=3566548 Edx=30 Edi=3566548 Esi=3566540 Ebp=327E328 Esp=327E29C Eip=77A5B3D8

ADDR: 77A5B3DF CODE: 740c jz 0x77a5b3ed
Eax=0 Ebx=3555BA0 Ecx=0 Edx=30 Edi=3566548 Esi=3566540 Ebp=327E328 Esp=327E29C Eip=77A5B3DF

ADDR: 77A5B403 CODE: 7406 jz 0x77a5b40b
Eax=0 Ebx=3555BA0 Ecx=C Edx=0 Edi=3566548 Esi=3566540 Ebp=327E328 Esp=327E29C Eip=77A5B403

ADDR: 77A5B409 CODE: 740a jz 0x77a5b415
Eax=0 Ebx=3555BA0 Ecx=0 Edx=0 Edi=3566578 Esi=3566540 Ebp=327E328 Esp=327E29C Eip=77A5B409

ADDR: 77A25CD2 CODE: 7308 jae 0x77a25cdc
Eax=7 Ebx=3555BA0 Ecx=30 Edx=8 Edi=3566548 Esi=3566540 Ebp=327E328 Esp=327E2B0 Eip=77A25CD2

ADDR: 77A25D1D CODE: 0f8474000000 jz 0x77a25d97
Eax=7 Ebx=3550000 Ecx=30 Edx=0 Edi=3566548 Esi=3566540 Ebp=327E328 Esp=327E2B0 Eip=77A25D1D

ADDR: 77A25DA5 CODE: 7415 jz 0x77a25dbc
Eax=0 Ebx=3550000 Ecx=8 Edx=0 Edi=3566548 Esi=3566540 Ebp=327E328 Esp=327E2B0 Eip=77A25DA5

ADDR: 77A25DC4 CODE: 0f8492000000 jz 0x77a25e5c
Eax=7FFE0380 Ebx=3550000 Ecx=8 Edx=0 Edi=3566548 Esi=3566540 Ebp=327E328 Esp=327E2B0 Eip=77A25DC4

ADDR: 77A25E63 CODE: 743b jz 0x77a25ea0
Eax=0 Ebx=3550000 Ecx=8 Edx=0 Edi=3566548 Esi=3566540 Ebp=327E328 Esp=327E2B0 Eip=77A25E63

ADDR: 75F7AFCC CODE: 7404 jz 0x75f7afd2
Eax=3566548 Ebx=11 Ecx=8 Edx=0 Edi=763BE8E8 Esi=17 Ebp=327E364 Esp=327E358 Eip=75F7AFCC

ADDR: 77896586 CODE: 7608 jbe 0x77896590
Eax=75E74BE2 Ebx=11 Ecx=22 Edx=22 Edi=3566548 Esi=75E74BC0 Ebp=327E398 Esp=327E368 Eip=77896586

ADDR: 77896593 CODE: 0f82d2040000 jb 0x77896a6b
Eax=75E74BE2 Ebx=11 Ecx=22 Edx=22 Edi=3566548 Esi=75E74BC0 Ebp=327E398 Esp=327E368 Eip=77896593

ADDR: 7789659F CODE: 7313 jae 0x778965b4
Eax=75E74BE2 Ebx=11 Ecx=22 Edx=22 Edi=3566548 Esi=75E74BC0 Ebp=327E398 Esp=327E368 Eip=7789659F

ADDR: 778965A9 CODE: 0f828e040000 jb 0x77896a3d
Eax=75E74BE2 Ebx=11 Ecx=22 Edx=22 Edi=3566548 Esi=75E74BC0 Ebp=327E398 Esp=327E368 Eip=778965A9

ADDR: 77896A3F CODE: 745f jz 0x77896aa0
Eax=75E74BE2 Ebx=11 Ecx=22 Edx=22 Edi=3566548 Esi=75E74BC0 Ebp=327E398 Esp=327E368 Eip=77896A3F

ADDR: 77896A48 CODE: 7421 jz 0x77896a6b
Eax=75E74BE2 Ebx=11 Ecx=22 Edx=1 Edi=3566548 Esi=75E74BC0 Ebp=327E398 Esp=327E368 Eip=77896A48

ADDR: 77896A6E CODE: 7430 jz 0x77896aa0
Eax=75E74BE2 Ebx=11 Ecx=2 Edx=0 Edi=3566568 Esi=75E74BE0 Ebp=327E398 Esp=327E368 Eip=77896A6E

ADDR: 77896A75 CODE: 740f jz 0x77896a86
Eax=2 Ebx=11 Ecx=0 Edx=0 Edi=3566568 Esi=75E74BE0 Ebp=327E398 Esp=327E368 Eip=77896A75

ADDR: 77896A8B CODE: 7413 jz 0x77896aa0
Eax=2 Ebx=11 Ecx=2 Edx=0 Edi=3566568 Esi=75E74BE0 Ebp=327E398 Esp=327E368 Eip=77896A8B

ADDR: 75FB2B91 CODE: 720e jb 0x75fb2ba1
Eax=0 Ebx=3566548 Ecx=0 Edx=7 Edi=763BE8E8 Esi=75E74BC2 Ebp=327E398 Esp=327E384 Eip=75FB2B91

ADDR: 75FB6074 CODE: 7728 ja 0x75fb609e
Eax=0 Ebx=763BE900 Ecx=763BE900 Edx=8 Edi=75EC2F00 Esi=75E74BE6 Ebp=327E3B4 Esp=327E3AC Eip=75FB6074

ADDR: 75FB2B4A CODE: 775f ja 0x75fb2bab
Eax=75E74BE4 Ebx=8 Ecx=7FFFFFFE Edx=8 Edi=763BE900 Esi=75E74BE6 Ebp=327E398 Esp=327E384 Eip=75FB2B4A

ADDR: 75FB5E14 CODE: 7718 ja 0x75fb5e2e
Eax=7 Ebx=8 Ecx=F Edx=7 Edi=763BE900 Esi=75E74BE6 Ebp=327E374 Esp=327E370 Eip=75FB5E14

ADDR: 75FB5E21 CODE: 770b ja 0x75fb5e2e
Eax=7FFFFFFB Ebx=8 Ecx=F Edx=7 Edi=763BE900 Esi=3 Ebp=327E374 Esp=327E370 Eip=75FB5E21

ADDR: 75FB5E28 CODE: 7207 jb 0x75fb5e31
Eax=A Ebx=8 Ecx=F Edx=7 Edi=763BE900 Esi=3 Ebp=327E374 Esp=327E370 Eip=75FB5E28

ADDR: 75FB5F3C CODE: 770b ja 0x75fb5f49
Eax=10 Ebx=8 Ecx=10 Edx=7 Edi=763BE900 Esi=F Ebp=327E374 Esp=327E374 Eip=75FB5F3C

ADDR: 75FAF379 CODE: 0f8315000000 jae 0x75faf394
Eax=10 Ebx=8 Ecx=20 Edx=7 Edi=763BE900 Esi=F Ebp=327E374 Esp=327E370 Eip=75FAF379

ADDR: 75FAF381 CODE: 7408 jz 0x75faf38b
Eax=10 Ebx=8 Ecx=20 Edx=7 Edi=763BE900 Esi=F Ebp=327E374 Esp=327E370 Eip=75FAF381

ADDR: 77A24CFF CODE: 0f8426e60500 jz 0x77a8332b
Eax=3550000 Ebx=8 Ecx=20 Edx=7 Edi=763BE900 Esi=3550000 Ebp=327E344 Esp=327E338 Eip=77A24CFF

ADDR: 77A24D11 CODE: 0f842be60500 jz 0x77a83342
Eax=3550000 Ebx=8 Ecx=3550000 Edx=20 Edi=763BE900 Esi=3550000 Ebp=327E344 Esp=327E338 Eip=77A24D11

ADDR: 77A24E6C CODE: 760c jbe 0x77a24e7a
Eax=0 Ebx=3550000 Ecx=8 Edx=20 Edi=20 Esi=3550000 Ebp=327E328 Esp=327E2B0 Eip=77A24E6C

ADDR: 77A24E9D CODE: 742b jz 0x77a24eca
Eax=0 Ebx=3550000 Ecx=0 Edx=0 Edi=20 Esi=3550000 Ebp=327E328 Esp=327E2B0 Eip=77A24E9D

ADDR: 77A24ED5 CODE: 7445 jz 0x77a24f1c
Eax=0 Ebx=3550000 Ecx=8 Edx=0 Edi=20 Esi=0 Ebp=327E328 Esp=327E2B0 Eip=77A24ED5

ADDR: 77A24F4B CODE: 0f87f5090000 ja 0x77a25946
Eax=20 Ebx=3550000 Ecx=8 Edx=5 Edi=20 Esi=28 Ebp=327E328 Esp=327E2B0 Eip=77A24F4B

ADDR: 77A24F6F CODE: 0f84ce090000 jz 0x77a25943
Eax=20 Ebx=3550000 Ecx=5 Edx=FC Edi=20 Esi=28 Ebp=327E328 Esp=327E2B0 Eip=77A24F6F

ADDR: 77A24FAE CODE: 744c jz 0x77a24ffc
Eax=3552600 Ebx=33A01CC Ecx=0 Edx=33A0000 Edi=20 Esi=28 Ebp=327E328 Esp=327E2B0 Eip=77A24FAE

ADDR: 77A25057 CODE: 0f84bb010000 jz 0x77a25218
Eax=3555B18 Ebx=33A01CC Ecx=33A0B68 Edx=33A0000 Edi=20 Esi=28 Ebp=327E328 Esp=327E2B0 Eip=77A25057

ADDR: 77A25077 CODE: 797c jns 0x77a250f5
Eax=5 Ebx=3555B28 Ecx=33A07D0 Edx=33A0000 Edi=33A0000 Esi=28 Ebp=327E328 Esp=327E2B0 Eip=77A25077

ADDR: 77A25118 CODE: 0f84c7000000 jz 0x77a251e5
Eax=5 Ebx=3555B28 Ecx=33A07D0 Edx=0 Edi=64 Esi=50007 Ebp=327E328 Esp=327E2B0 Eip=77A25118

ADDR: 77A2512E CODE: 740a jz 0x77a2513a
Eax=50007 Ebx=3555B28 Ecx=80050007 Edx=0 Edi=64 Esi=50007 Ebp=327E328 Esp=327E2B0 Eip=77A2512E

ADDR: 77A2513D CODE: 0f84a2000000 jz 0x77a251e5
Eax=50007 Ebx=3555B28 Ecx=80050007 Edx=0 Edi=64 Esi=50007 Ebp=327E328 Esp=327E2B0 Eip=77A2513D

ADDR: 77A2514E CODE: 0f848f000000 jz 0x77a251e3
Eax=3562620 Ebx=3555B28 Ecx=3555B18 Edx=0 Edi=64 Esi=50007 Ebp=327E328 Esp=327E2B0 Eip=77A2514E

ADDR: 77A25162 CODE: 747f jz 0x77a251e3
Eax=33A0B68 Ebx=3555B28 Ecx=3555B18 Edx=0 Edi=64 Esi=50007 Ebp=327E328 Esp=327E2B0 Eip=77A25162

ADDR: 77A45F14 CODE: 741a jz 0x77a45f30
Eax=28 Ebx=3555B28 Ecx=E3 Edx=28E3 Edi=E3 Esi=3191000 Ebp=327E2A8 Esp=327E29C Eip=77A45F14

ADDR: 77A7545A CODE: 730d jae 0x77a75469
Eax=3562634 Ebx=3555B28 Ecx=356263C Edx=5 Edi=FFFFFFFF Esi=18 Ebp=327E2A0 Esp=327E290 Eip=77A7545A

ADDR: 77A75463 CODE: 7334 jae 0x77a75499
Eax=3562634 Ebx=3555B28 Ecx=20 Edx=356263C Edi=FFFFFFFF Esi=18 Ebp=327E2A0 Esp=327E290 Eip=77A75463

ADDR: 77A754A7 CODE: 7313 jae 0x77a754bc
Eax=3562634 Ebx=FFE1F5BF Ecx=18 Edx=356263C Edi=FFFFFFFF Esi=E Ebp=327E2A0 Esp=327E290 Eip=77A754A7

ADDR: 77A251C3 CODE: 7422 jz 0x77a251e7
Eax=3562940 Ebx=3555B28 Ecx=280020 Edx=3562620 Edi=14 Esi=3562960 Ebp=327E328 Esp=327E2B0 Eip=77A251C3

ADDR: 77A251EB CODE: 7420 jz 0x77a2520d
Eax=3562940 Ebx=3555B28 Ecx=280020 Edx=3562620 Edi=14 Esi=3562960 Ebp=327E328 Esp=327E2B0 Eip=77A251EB

ADDR: 77A25CAD CODE: 7412 jz 0x77a25cc1
Eax=3562940 Ebx=3555B28 Ecx=280020 Edx=3562620 Edi=3562968 Esi=3562960 Ebp=327E328 Esp=327E2B0 Eip=77A25CAD

ADDR: 77A5B3CA CODE: 744f jz 0x77a5b41b
Eax=20 Ebx=3555B28 Ecx=3562968 Edx=20 Edi=3562968 Esi=3562960 Ebp=327E328 Esp=327E2A0 Eip=77A5B3CA

ADDR: 77A5B3D8 CODE: 7231 jb 0x77a5b40b
Eax=0 Ebx=3555B28 Ecx=3562968 Edx=20 Edi=3562968 Esi=3562960 Ebp=327E328 Esp=327E29C Eip=77A5B3D8

ADDR: 77A5B3DF CODE: 740c jz 0x77a5b3ed
Eax=0 Ebx=3555B28 Ecx=0 Edx=20 Edi=3562968 Esi=3562960 Ebp=327E328 Esp=327E29C Eip=77A5B3DF

ADDR: 77A5B403 CODE: 7406 jz 0x77a5b40b
Eax=0 Ebx=3555B28 Ecx=8 Edx=0 Edi=3562968 Esi=3562960 Ebp=327E328 Esp=327E29C Eip=77A5B403

ADDR: 77A5B409 CODE: 740a jz 0x77a5b415
Eax=0 Ebx=3555B28 Ecx=0 Edx=0 Edi=3562988 Esi=3562960 Ebp=327E328 Esp=327E29C Eip=77A5B409

ADDR: 77A25CD2 CODE: 7308 jae 0x77a25cdc
Eax=5 Ebx=3555B28 Ecx=20 Edx=8 Edi=3562968 Esi=3562960 Ebp=327E328 Esp=327E2B0 Eip=77A25CD2

ADDR: 77A25D1D CODE: 0f8474000000 jz 0x77a25d97
Eax=5 Ebx=3550000 Ecx=20 Edx=0 Edi=3562968 Esi=3562960 Ebp=327E328 Esp=327E2B0 Eip=77A25D1D

ADDR: 77A25DA5 CODE: 7415 jz 0x77a25dbc
Eax=0 Ebx=3550000 Ecx=8 Edx=0 Edi=3562968 Esi=3562960 Ebp=327E328 Esp=327E2B0 Eip=77A25DA5

ADDR: 77A25DC4 CODE: 0f8492000000 jz 0x77a25e5c
Eax=7FFE0380 Ebx=3550000 Ecx=8 Edx=0 Edi=3562968 Esi=3562960 Ebp=327E328 Esp=327E2B0 Eip=77A25DC4

ADDR: 77A25E63 CODE: 743b jz 0x77a25ea0
Eax=0 Ebx=3550000 Ecx=8 Edx=0 Edi=3562968 Esi=3562960 Ebp=327E328 Esp=327E2B0 Eip=77A25E63

ADDR: 75F7AFCC CODE: 7404 jz 0x75f7afd2
Eax=3562968 Ebx=8 Ecx=8 Edx=0 Edi=763BE900 Esi=F Ebp=327E364 Esp=327E358 Eip=75F7AFCC

ADDR: 77896586 CODE: 7608 jbe 0x77896590
Eax=75E74BF4 Ebx=8 Ecx=10 Edx=10 Edi=3562968 Esi=75E74BE4 Ebp=327E398 Esp=327E368 Eip=77896586

ADDR: 77896593 CODE: 0f82d2040000 jb 0x77896a6b
Eax=75E74BF4 Ebx=8 Ecx=10 Edx=10 Edi=3562968 Esi=75E74BE4 Ebp=327E398 Esp=327E368 Eip=77896593

ADDR: 77896A6E CODE: 7430 jz 0x77896aa0
Eax=75E74BF4 Ebx=8 Ecx=10 Edx=10 Edi=3562968 Esi=75E74BE4 Ebp=327E398 Esp=327E368 Eip=77896A6E

ADDR: 77896A75 CODE: 740f jz 0x77896a86
Eax=10 Ebx=8 Ecx=4 Edx=10 Edi=3562968 Esi=75E74BE4 Ebp=327E398 Esp=327E368 Eip=77896A75

ADDR: 77896A8B CODE: 7413 jz 0x77896aa0
Eax=10 Ebx=8 Ecx=0 Edx=730050 Edi=3562978 Esi=75E74BF4 Ebp=327E398 Esp=327E368 Eip=77896A8B

ADDR: 75FB2B91 CODE: 720e jb 0x75fb2ba1
Eax=0 Ebx=3562968 Ecx=0 Edx=7 Edi=763BE900 Esi=75E74BE6 Ebp=327E398 Esp=327E384 Eip=75FB2B91

ADDR: 778595B4 CODE: 7458 jz 0x7785960e
Eax=30EE8A47 Ebx=75E4B498 Ecx=1F Edx=763BC8DC Edi=2 Esi=77305A70 Ebp=327E380 Esp=327E368 Eip=778595B4

ADDR: 77A78DEB CODE: 730a jae 0x77a78df7
Eax=EE60B4E Ebx=75E4B498 Ecx=77305A70 Edx=404000 Edi=2 Esi=77305A70 Ebp=327E380 Esp=327E35C Eip=77A78DEB

ADDR: 77A709B7 CODE: 747f jz 0x77a70a38
Eax=2 Ebx=3191FB4 Ecx=77305A70 Edx=3191FB4 Edi=2 Esi=77305A70 Ebp=327E334 Esp=327E328 Eip=77A709B7

ADDR: 77A709BE CODE: 7378 jae 0x77a70a38
Eax=2 Ebx=3191FB4 Ecx=77305A70 Edx=3191FB4 Edi=2 Esi=77305A70 Ebp=327E334 Esp=327E328 Eip=77A709BE

ADDR: 77305A83 CODE: 790d jns 0x77305a92
Eax=0 Ebx=75E4B498 Ecx=355A188 Edx=0 Edi=2 Esi=77305A70 Ebp=327E358 Esp=327E358 Eip=77305A83

ADDR: 778590DC CODE: 7454 jz 0x77859132
Eax=30E1272F Ebx=75E4B498 Ecx=1F Edx=0 Edi=2 Esi=772F00A0 Ebp=327E3CC Esp=327E370 Eip=778590DC

ADDR: 77A78DEB CODE: 730a jae 0x77a78df7
Eax=EE5E014 Ebx=75E4B498 Ecx=772F00A0 Edx=104000 Edi=2 Esi=772F00A0 Ebp=327E3CC Esp=327E368 Eip=77A78DEB

ADDR: 77A6C686 CODE: 743c jz 0x77a6c6c4
Eax=2 Ebx=75E4B498 Ecx=355A180 Edx=104000 Edi=2 Esi=3191000 Ebp=327E34C Esp=327E34C Eip=77A6C686

ADDR: 77A6C68D CODE: 7335 jae 0x77a6c6c4
Eax=2 Ebx=75E4B498 Ecx=355A180 Edx=104000 Edi=2 Esi=3191000 Ebp=327E34C Esp=327E34C Eip=77A6C68D

ADDR: 77A6C6AC CODE: 740c jz 0x77a6c6ba
Eax=355CAA0 Ebx=75E4B498 Ecx=355A180 Edx=0 Edi=2 Esi=2 Ebp=327E34C Esp=327E348 Eip=77A6C6AC

ADDR: 77A6C6B4 CODE: 7404 jz 0x77a6c6ba
Eax=355CAAC Ebx=75E4B498 Ecx=355A180 Edx=0 Edi=2 Esi=2 Ebp=327E34C Esp=327E348 Eip=77A6C6B4

ADDR: 772F00BD CODE: 791c jns 0x772f00db
Eax=0 Ebx=75E4B498 Ecx=327E360 Edx=0 Edi=2 Esi=3191000 Ebp=327E364 Esp=327E35C Eip=772F00BD

ADDR: 77A2E69A CODE: 7315 jae 0x77a2e6b1
Eax=77935C1C Ebx=75E4B498 Ecx=77935C18 Edx=3191000 Edi=75EC2F00 Esi=763BC8DC Ebp=327E33C Esp=327E338 Eip=77A2E69A

ADDR: 778597A6 CODE: 0f8454720500 jz 0x778b0a00
Eax=327E3AC Ebx=763BC8DC Ecx=327E398 Edx=3191000 Edi=75EC2F00 Esi=763BC8DC Ebp=327E340 Esp=327E320 Eip=778597A6

ADDR: 778597D3 CODE: 7479 jz 0x7785984e
Eax=327E3AC Ebx=356E480 Ecx=1F Edx=B76A77F Edi=356E280 Esi=356E3CC Ebp=327E340 Esp=327E320 Eip=778597D3

ADDR: 77A27B53 CODE: 746e jz 0x77a27bc3
Eax=FFFFFFFE Ebx=77935C18 Ecx=FFFFFFFF Edx=B76A77F Edi=77935C1C Esi=FFFFFFFE Ebp=327E338 Esp=327E324 Eip=77A27B53

ADDR: 778594A4 CODE: 7458 jz 0x778594fe
Eax=30EE8A47 Ebx=75E4B498 Ecx=1F Edx=B76A77F Edi=2 Esi=77305A70 Ebp=327E37C Esp=327E364 Eip=778594A4

ADDR: 77A78DEB CODE: 730a jae 0x77a78df7
Eax=EE60B4E Ebx=75E4B498 Ecx=77305A70 Edx=404000 Edi=2 Esi=77305A70 Ebp=327E37C Esp=327E358 Eip=77A78DEB

ADDR: 77A709B7 CODE: 747f jz 0x77a70a38
Eax=2 Ebx=3191FB4 Ecx=77305A70 Edx=3191FB4 Edi=2 Esi=77305A70 Ebp=327E330 Esp=327E324 Eip=77A709B7

ADDR: 77A709BE CODE: 7378 jae 0x77a70a38
Eax=2 Ebx=3191FB4 Ecx=77305A70 Edx=3191FB4 Edi=2 Esi=77305A70 Ebp=327E330 Esp=327E324 Eip=77A709BE

ADDR: 77305A83 CODE: 790d jns 0x77305a92
Eax=0 Ebx=75E4B498 Ecx=355A188 Edx=0 Edi=2 Esi=77305A70 Ebp=327E354 Esp=327E354 Eip=77305A83

ADDR: 77862C46 CODE: 740a jz 0x77862c52
Eax=0 Ebx=75E4B498 Ecx=75EC2F3E Edx=0 Edi=75EC2F50 Esi=75E4B33C Ebp=327E430 Esp=327E424 Eip=77862C46

ADDR: 77A78DEB CODE: 730a jae 0x77a78df7
Eax=EBD85EA Ebx=75E4B498 Ecx=75EC2F50 Edx=44444401 Edi=75EC2F50 Esi=75E4B33C Ebp=327E430 Esp=327E420 Eip=77A78DEB

ADDR: 778595B4 CODE: 7458 jz 0x7785960e
Eax=30EE8A47 Ebx=75E4B498 Ecx=1F Edx=763BC8DC Edi=2 Esi=77305A70 Ebp=327E3A0 Esp=327E388 Eip=778595B4

ADDR: 77A78DEB CODE: 730a jae 0x77a78df7
Eax=EE60B4E Ebx=75E4B498 Ecx=77305A70 Edx=404000 Edi=2 Esi=77305A70 Ebp=327E3A0 Esp=327E37C Eip=77A78DEB

ADDR: 77A709B7 CODE: 747f jz 0x77a70a38
Eax=2 Ebx=3191FB4 Ecx=77305A70 Edx=3191FB4 Edi=2 Esi=77305A70 Ebp=327E354 Esp=327E348 Eip=77A709B7

ADDR: 77A709BE CODE: 7378 jae 0x77a70a38
Eax=2 Ebx=3191FB4 Ecx=77305A70 Edx=3191FB4 Edi=2 Esi=77305A70 Ebp=327E354 Esp=327E348 Eip=77A709BE

ADDR: 77305A83 CODE: 790d jns 0x77305a92
Eax=0 Ebx=75E4B498 Ecx=355A188 Edx=0 Edi=2 Esi=77305A70 Ebp=327E378 Esp=327E378 Eip=77305A83

ADDR: 778590DC CODE: 7454 jz 0x77859132
Eax=30E1272F Ebx=75E4B498 Ecx=1F Edx=0 Edi=2 Esi=772F00A0 Ebp=327E3EC Esp=327E390 Eip=778590DC

ADDR: 77A78DEB CODE: 730a jae 0x77a78df7
Eax=EE5E014 Ebx=75E4B498 Ecx=772F00A0 Edx=104000 Edi=2 Esi=772F00A0 Ebp=327E3EC Esp=327E388 Eip=77A78DEB

ADDR: 77A6C686 CODE: 743c jz 0x77a6c6c4
Eax=2 Ebx=75E4B498 Ecx=355A180 Edx=104000 Edi=2 Esi=3191000 Ebp=327E36C Esp=327E36C Eip=77A6C686

ADDR: 77A6C68D CODE: 7335 jae 0x77a6c6c4
Eax=2 Ebx=75E4B498 Ecx=355A180 Edx=104000 Edi=2 Esi=3191000 Ebp=327E36C Esp=327E36C Eip=77A6C68D

ADDR: 77A6C6AC CODE: 740c jz 0x77a6c6ba
Eax=355CAA0 Ebx=75E4B498 Ecx=355A180 Edx=0 Edi=2 Esi=2 Ebp=327E36C Esp=327E368 Eip=77A6C6AC

ADDR: 77A6C6B4 CODE: 7404 jz 0x77a6c6ba
Eax=355CAAC Ebx=75E4B498 Ecx=355A180 Edx=0 Edi=2 Esi=2 Ebp=327E36C Esp=327E368 Eip=77A6C6B4

ADDR: 772F00BD CODE: 791c jns 0x772f00db
Eax=0 Ebx=75E4B498 Ecx=327E380 Edx=0 Edi=2 Esi=3191000 Ebp=327E384 Esp=327E37C Eip=772F00BD

ADDR: 77A2E69A CODE: 7315 jae 0x77a2e6b1
Eax=77935C1C Ebx=75E4B498 Ecx=77935C18 Edx=3191000 Edi=75EC2F50 Esi=763BC8DC Ebp=327E35C Esp=327E358 Eip=77A2E69A

ADDR: 778597A6 CODE: 0f8454720500 jz 0x778b0a00
Eax=327E3CC Ebx=763BC8DC Ecx=327E3B8 Edx=3191000 Edi=75EC2F50 Esi=763BC8DC Ebp=327E360 Esp=327E340 Eip=778597A6

ADDR: 778597D3 CODE: 7479 jz 0x7785984e
Eax=327E3CC Ebx=356E480 Ecx=1F Edx=B76A77F Edi=356E280 Esi=356E3D0 Ebp=327E360 Esp=327E340 Eip=778597D3

ADDR: 77A27B53 CODE: 746e jz 0x77a27bc3
Eax=FFFFFFFE Ebx=77935C18 Ecx=FFFFFFFF Edx=B76A77F Edi=77935C1C Esi=FFFFFFFE Ebp=327E358 Esp=327E344 Eip=77A27B53

ADDR: 778594A4 CODE: 7458 jz 0x778594fe
Eax=30EE8A47 Ebx=75E4B498 Ecx=1F Edx=B76A77F Edi=2 Esi=77305A70 Ebp=327E39C Esp=327E384 Eip=778594A4

ADDR: 77A78DEB CODE: 730a jae 0x77a78df7
Eax=EE60B4E Ebx=75E4B498 Ecx=77305A70 Edx=404000 Edi=2 Esi=77305A70 Ebp=327E39C Esp=327E378 Eip=77A78DEB

ADDR: 77A709B7 CODE: 747f jz 0x77a70a38
Eax=2 Ebx=3191FB4 Ecx=77305A70 Edx=3191FB4 Edi=2 Esi=77305A70 Ebp=327E350 Esp=327E344 Eip=77A709B7

ADDR: 77A709BE CODE: 7378 jae 0x77a70a38
Eax=2 Ebx=3191FB4 Ecx=77305A70 Edx=3191FB4 Edi=2 Esi=77305A70 Ebp=327E350 Esp=327E344 Eip=77A709BE

ADDR: 77305A83 CODE: 790d jns 0x77305a92
Eax=0 Ebx=75E4B498 Ecx=355A188 Edx=0 Edi=2 Esi=77305A70 Ebp=327E374 Esp=327E374 Eip=77305A83

ADDR: 77862C46 CODE: 740a jz 0x77862c52
Eax=0 Ebx=75E4B498 Ecx=7604E8D0 Edx=0 Edi=75EC2F70 Esi=75E4B340 Ebp=327E430 Esp=327E424 Eip=77862C46

ADDR: 77A78DEB CODE: 730a jae 0x77a78df7
Eax=EBD85EE Ebx=75E4B498 Ecx=75EC2F70 Edx=44444401 Edi=75EC2F70 Esi=75E4B340 Ebp=327E430 Esp=327E420 Eip=77A78DEB

ADDR: 778595B4 CODE: 7458 jz 0x7785960e
Eax=30EE8A47 Ebx=75E4B498 Ecx=1F Edx=763BC8DC Edi=2 Esi=77305A70 Ebp=327E3A0 Esp=327E388 Eip=778595B4

ADDR: 77A78DEB CODE: 730a jae 0x77a78df7
Eax=EE60B4E Ebx=75E4B498 Ecx=77305A70 Edx=404000 Edi=2 Esi=77305A70 Ebp=327E3A0 Esp=327E37C Eip=77A78DEB

ADDR: 77A709B7 CODE: 747f jz 0x77a70a38
Eax=2 Ebx=3191FB4 Ecx=77305A70 Edx=3191FB4 Edi=2 Esi=77305A70 Ebp=327E354 Esp=327E348 Eip=77A709B7

ADDR: 77A709BE CODE: 7378 jae 0x77a70a38
Eax=2 Ebx=3191FB4 Ecx=77305A70 Edx=3191FB4 Edi=2 Esi=77305A70 Ebp=327E354 Esp=327E348 Eip=77A709BE

ADDR: 77305A83 CODE: 790d jns 0x77305a92
Eax=0 Ebx=75E4B498 Ecx=355A188 Edx=0 Edi=2 Esi=77305A70 Ebp=327E378 Esp=327E378 Eip=77305A83

ADDR: 778590DC CODE: 7454 jz 0x77859132
Eax=30E1272F Ebx=75E4B498 Ecx=1F Edx=0 Edi=2 Esi=772F00A0 Ebp=327E3EC Esp=327E390 Eip=778590DC

ADDR: 77A78DEB CODE: 730a jae 0x77a78df7
Eax=EE5E014 Ebx=75E4B498 Ecx=772F00A0 Edx=104000 Edi=2 Esi=772F00A0 Ebp=327E3EC Esp=327E388 Eip=77A78DEB

ADDR: 77A6C686 CODE: 743c jz 0x77a6c6c4
Eax=2 Ebx=75E4B498 Ecx=355A180 Edx=104000 Edi=2 Esi=3191000 Ebp=327E36C Esp=327E36C Eip=77A6C686

ADDR: 77A6C68D CODE: 7335 jae 0x77a6c6c4
Eax=2 Ebx=75E4B498 Ecx=355A180 Edx=104000 Edi=2 Esi=3191000 Ebp=327E36C Esp=327E36C Eip=77A6C68D

ADDR: 77A6C6AC CODE: 740c jz 0x77a6c6ba
Eax=355CAA0 Ebx=75E4B498 Ecx=355A180 Edx=0 Edi=2 Esi=2 Ebp=327E36C Esp=327E368 Eip=77A6C6AC

ADDR: 77A6C6B4 CODE: 7404 jz 0x77a6c6ba
Eax=355CAAC Ebx=75E4B498 Ecx=355A180 Edx=0 Edi=2 Esi=2 Ebp=327E36C Esp=327E368 Eip=77A6C6B4

ADDR: 772F00BD CODE: 791c jns 0x772f00db
Eax=0 Ebx=75E4B498 Ecx=327E380 Edx=0 Edi=2 Esi=3191000 Ebp=327E384 Esp=327E37C Eip=772F00BD

ADDR: 77A2E69A CODE: 7315 jae 0x77a2e6b1
Eax=77935C1C Ebx=75E4B498 Ecx=77935C18 Edx=3191000 Edi=75EC2F70 Esi=763BC8DC Ebp=327E35C Esp=327E358 Eip=77A2E69A

ADDR: 778597A6 CODE: 0f8454720500 jz 0x778b0a00
Eax=327E3CC Ebx=763BC8DC Ecx=327E3B8 Edx=3191000 Edi=75EC2F70 Esi=763BC8DC Ebp=327E360 Esp=327E340 Eip=778597A6

ADDR: 778597D3 CODE: 7479 jz 0x7785984e
Eax=327E3CC Ebx=356E480 Ecx=1F Edx=B76A77F Edi=356E280 Esi=356E3D4 Ebp=327E360 Esp=327E340 Eip=778597D3

ADDR: 77A27B53 CODE: 746e jz 0x77a27bc3
Eax=FFFFFFFE Ebx=77935C18 Ecx=FFFFFFFF Edx=B76A77F Edi=77935C1C Esi=FFFFFFFE Ebp=327E358 Esp=327E344 Eip=77A27B53

ADDR: 778594A4 CODE: 7458 jz 0x778594fe
Eax=30EE8A47 Ebx=75E4B498 Ecx=1F Edx=B76A77F Edi=2 Esi=77305A70 Ebp=327E39C Esp=327E384 Eip=778594A4

ADDR: 77A78DEB CODE: 730a jae 0x77a78df7
Eax=EE60B4E Ebx=75E4B498 Ecx=77305A70 Edx=404000 Edi=2 Esi=77305A70 Ebp=327E39C Esp=327E378 Eip=77A78DEB

ADDR: 77A709B7 CODE: 747f jz 0x77a70a38
Eax=2 Ebx=3191FB4 Ecx=77305A70 Edx=3191FB4 Edi=2 Esi=77305A70 Ebp=327E350 Esp=327E344 Eip=77A709B7

ADDR: 77A709BE CODE: 7378 jae 0x77a70a38
Eax=2 Ebx=3191FB4 Ecx=77305A70 Edx=3191FB4 Edi=2 Esi=77305A70 Ebp=327E350 Esp=327E344 Eip=77A709BE

ADDR: 77305A83 CODE: 790d jns 0x77305a92
Eax=0 Ebx=75E4B498 Ecx=355A188 Edx=0 Edi=2 Esi=77305A70 Ebp=327E374 Esp=327E374 Eip=77305A83

ADDR: 77862C46 CODE: 740a jz 0x77862c52
Eax=0 Ebx=75E4B498 Ecx=7604E8E0 Edx=0 Edi=75EC2F90 Esi=75E4B344 Ebp=327E430 Esp=327E424 Eip=77862C46

ADDR: 77A78DEB CODE: 730a jae 0x77a78df7
Eax=EBD85F2 Ebx=75E4B498 Ecx=75EC2F90 Edx=44444401 Edi=75EC2F90 Esi=75E4B344 Ebp=327E430 Esp=327E420 Eip=77A78DEB

ADDR: 778595B4 CODE: 7458 jz 0x7785960e
Eax=30EE8A47 Ebx=75E4B498 Ecx=1F Edx=763BC8DC Edi=2 Esi=77305A70 Ebp=327E3A0 Esp=327E388 Eip=778595B4

ADDR: 77A78DEB CODE: 730a jae 0x77a78df7
Eax=EE60B4E Ebx=75E4B498 Ecx=77305A70 Edx=404000 Edi=2 Esi=77305A70 Ebp=327E3A0 Esp=327E37C Eip=77A78DEB

ADDR: 77A709B7 CODE: 747f jz 0x77a70a38
Eax=2 Ebx=3191FB4 Ecx=77305A70 Edx=3191FB4 Edi=2 Esi=77305A70 Ebp=327E354 Esp=327E348 Eip=77A709B7

ADDR: 77A709BE CODE: 7378 jae 0x77a70a38
Eax=2 Ebx=3191FB4 Ecx=77305A70 Edx=3191FB4 Edi=2 Esi=77305A70 Ebp=327E354 Esp=327E348 Eip=77A709BE

ADDR: 77305A83 CODE: 790d jns 0x77305a92
Eax=0 Ebx=75E4B498 Ecx=355A188 Edx=0 Edi=2 Esi=77305A70 Ebp=327E378 Esp=327E378 Eip=77305A83

ADDR: 778590DC CODE: 7454 jz 0x77859132
Eax=30E1272F Ebx=75E4B498 Ecx=1F Edx=0 Edi=2 Esi=772F00A0 Ebp=327E3EC Esp=327E390 Eip=778590DC

ADDR: 77A78DEB CODE: 730a jae 0x77a78df7
Eax=EE5E014 Ebx=75E4B498 Ecx=772F00A0 Edx=104000 Edi=2 Esi=772F00A0 Ebp=327E3EC Esp=327E388 Eip=77A78DEB

ADDR: 77A6C686 CODE: 743c jz 0x77a6c6c4
Eax=2 Ebx=75E4B498 Ecx=355A180 Edx=104000 Edi=2 Esi=3191000 Ebp=327E36C Esp=327E36C Eip=77A6C686

ADDR: 77A6C68D CODE: 7335 jae 0x77a6c6c4
Eax=2 Ebx=75E4B498 Ecx=355A180 Edx=104000 Edi=2 Esi=3191000 Ebp=327E36C Esp=327E36C Eip=77A6C68D

ADDR: 77A6C6AC CODE: 740c jz 0x77a6c6ba
Eax=355CAA0 Ebx=75E4B498 Ecx=355A180 Edx=0 Edi=2 Esi=2 Ebp=327E36C Esp=327E368 Eip=77A6C6AC

ADDR: 77A6C6B4 CODE: 7404 jz 0x77a6c6ba
Eax=355CAAC Ebx=75E4B498 Ecx=355A180 Edx=0 Edi=2 Esi=2 Ebp=327E36C Esp=327E368 Eip=77A6C6B4

ADDR: 772F00BD CODE: 791c jns 0x772f00db
Eax=0 Ebx=75E4B498 Ecx=327E380 Edx=0 Edi=2 Esi=3191000 Ebp=327E384 Esp=327E37C Eip=772F00BD

ADDR: 77A2E69A CODE: 7315 jae 0x77a2e6b1
Eax=77935C1C Ebx=75E4B498 Ecx=77935C18 Edx=3191000 Edi=75EC2F90 Esi=763BC8DC Ebp=327E35C Esp=327E358 Eip=77A2E69A

ADDR: 778597A6 CODE: 0f8454720500 jz 0x778b0a00
Eax=327E3CC Ebx=763BC8DC Ecx=327E3B8 Edx=3191000 Edi=75EC2F90 Esi=763BC8DC Ebp=327E360 Esp=327E340 Eip=778597A6

ADDR: 778597D3 CODE: 7479 jz 0x7785984e
Eax=327E3CC Ebx=356E480 Ecx=1F Edx=B76A77F Edi=356E280 Esi=356E3D8 Ebp=327E360 Esp=327E340 Eip=778597D3

ADDR: 77A27B53 CODE: 746e jz 0x77a27bc3
Eax=FFFFFFFE Ebx=77935C18 Ecx=FFFFFFFF Edx=B76A77F Edi=77935C1C Esi=FFFFFFFE Ebp=327E358 Esp=327E344 Eip=77A27B53

ADDR: 778594A4 CODE: 7458 jz 0x778594fe
Eax=30EE8A47 Ebx=75E4B498 Ecx=1F Edx=B76A77F Edi=2 Esi=77305A70 Ebp=327E39C Esp=327E384 Eip=778594A4

ADDR: 77A78DEB CODE: 730a jae 0x77a78df7
Eax=EE60B4E Ebx=75E4B498 Ecx=77305A70 Edx=404000 Edi=2 Esi=77305A70 Ebp=327E39C Esp=327E378 Eip=77A78DEB

ADDR: 77A709B7 CODE: 747f jz 0x77a70a38
Eax=2 Ebx=3191FB4 Ecx=77305A70 Edx=3191FB4 Edi=2 Esi=77305A70 Ebp=327E350 Esp=327E344 Eip=77A709B7

ADDR: 77A709BE CODE: 7378 jae 0x77a70a38
Eax=2 Ebx=3191FB4 Ecx=77305A70 Edx=3191FB4 Edi=2 Esi=77305A70 Ebp=327E350 Esp=327E344 Eip=77A709BE

ADDR: 77305A83 CODE: 790d jns 0x77305a92
Eax=0 Ebx=75E4B498 Ecx=355A188 Edx=0 Edi=2 Esi=77305A70 Ebp=327E374 Esp=327E374 Eip=77305A83

ADDR: 77862C46 CODE: 740a jz 0x77862c52
Eax=0 Ebx=75E4B498 Ecx=7604E8F0 Edx=0 Edi=75EC2FB0 Esi=75E4B348 Ebp=327E430 Esp=327E424 Eip=77862C46

ADDR: 77A78DEB CODE: 730a jae 0x77a78df7
Eax=EBD85F6 Ebx=75E4B498 Ecx=75EC2FB0 Edx=44444401 Edi=75EC2FB0 Esi=75E4B348 Ebp=327E430 Esp=327E420 Eip=77A78DEB

ADDR: 778595B4 CODE: 7458 jz 0x7785960e
Eax=30EE8A47 Ebx=75E4B498 Ecx=1F Edx=763BC8DC Edi=2 Esi=77305A70 Ebp=327E3A0 Esp=327E388 Eip=778595B4

ADDR: 77A78DEB CODE: 730a jae 0x77a78df7
Eax=EE60B4E Ebx=75E4B498 Ecx=77305A70 Edx=404000 Edi=2 Esi=77305A70 Ebp=327E3A0 Esp=327E37C Eip=77A78DEB

ADDR: 77A709B7 CODE: 747f jz 0x77a70a38
Eax=2 Ebx=3191FB4 Ecx=77305A70 Edx=3191FB4 Edi=2 Esi=77305A70 Ebp=327E354 Esp=327E348 Eip=77A709B7

ADDR: 77A709BE CODE: 7378 jae 0x77a70a38
Eax=2 Ebx=3191FB4 Ecx=77305A70 Edx=3191FB4 Edi=2 Esi=77305A70 Ebp=327E354 Esp=327E348 Eip=77A709BE

ADDR: 77305A83 CODE: 790d jns 0x77305a92
Eax=0 Ebx=75E4B498 Ecx=355A188 Edx=0 Edi=2 Esi=77305A70 Ebp=327E378 Esp=327E378 Eip=77305A83

ADDR: 778590DC CODE: 7454 jz 0x77859132
Eax=30E1272F Ebx=75E4B498 Ecx=1F Edx=0 Edi=2 Esi=772F00A0 Ebp=327E3EC Esp=327E390 Eip=778590DC

ADDR: 77A78DEB CODE: 730a jae 0x77a78df7
Eax=EE5E014 Ebx=75E4B498 Ecx=772F00A0 Edx=104000 Edi=2 Esi=772F00A0 Ebp=327E3EC Esp=327E388 Eip=77A78DEB

ADDR: 77A6C686 CODE: 743c jz 0x77a6c6c4
Eax=2 Ebx=75E4B498 Ecx=355A180 Edx=104000 Edi=2 Esi=3191000 Ebp=327E36C Esp=327E36C Eip=77A6C686

ADDR: 77A6C68D CODE: 7335 jae 0x77a6c6c4
Eax=2 Ebx=75E4B498 Ecx=355A180 Edx=104000 Edi=2 Esi=3191000 Ebp=327E36C Esp=327E36C Eip=77A6C68D

ADDR: 77A6C6AC CODE: 740c jz 0x77a6c6ba
Eax=355CAA0 Ebx=75E4B498 Ecx=355A180 Edx=0 Edi=2 Esi=2 Ebp=327E36C Esp=327E368 Eip=77A6C6AC

ADDR: 77A6C6B4 CODE: 7404 jz 0x77a6c6ba
Eax=355CAAC Ebx=75E4B498 Ecx=355A180 Edx=0 Edi=2 Esi=2 Ebp=327E36C Esp=327E368 Eip=77A6C6B4

ADDR: 772F00BD CODE: 791c jns 0x772f00db
Eax=0 Ebx=75E4B498 Ecx=327E380 Edx=0 Edi=2 Esi=3191000 Ebp=327E384 Esp=327E37C Eip=772F00BD

ADDR: 77A2E69A CODE: 7315 jae 0x77a2e6b1
Eax=77935C1C Ebx=75E4B498 Ecx=77935C18 Edx=3191000 Edi=75EC2FB0 Esi=763BC8DC Ebp=327E35C Esp=327E358 Eip=77A2E69A

ADDR: 778597A6 CODE: 0f8454720500 jz 0x778b0a00
Eax=327E3CC Ebx=763BC8DC Ecx=327E3B8 Edx=3191000 Edi=75EC2FB0 Esi=763BC8DC Ebp=327E360 Esp=327E340 Eip=778597A6

ADDR: 778597D3 CODE: 7479 jz 0x7785984e
Eax=327E3CC Ebx=356E480 Ecx=1F Edx=B76A77F Edi=356E280 Esi=356E3DC Ebp=327E360 Esp=327E340 Eip=778597D3

ADDR: 77A27B53 CODE: 746e jz 0x77a27bc3
Eax=FFFFFFFE Ebx=77935C18 Ecx=FFFFFFFF Edx=B76A77F Edi=77935C1C Esi=FFFFFFFE Ebp=327E358 Esp=327E344 Eip=77A27B53

ADDR: 778594A4 CODE: 7458 jz 0x778594fe
Eax=30EE8A47 Ebx=75E4B498 Ecx=1F Edx=B76A77F Edi=2 Esi=77305A70 Ebp=327E39C Esp=327E384 Eip=778594A4

ADDR: 77A78DEB CODE: 730a jae 0x77a78df7
Eax=EE60B4E Ebx=75E4B498 Ecx=77305A70 Edx=404000 Edi=2 Esi=77305A70 Ebp=327E39C Esp=327E378 Eip=77A78DEB

ADDR: 77A709B7 CODE: 747f jz 0x77a70a38
Eax=2 Ebx=3191FB4 Ecx=77305A70 Edx=3191FB4 Edi=2 Esi=77305A70 Ebp=327E350 Esp=327E344 Eip=77A709B7

ADDR: 77A709BE CODE: 7378 jae 0x77a70a38
Eax=2 Ebx=3191FB4 Ecx=77305A70 Edx=3191FB4 Edi=2 Esi=77305A70 Ebp=327E350 Esp=327E344 Eip=77A709BE

ADDR: 77305A83 CODE: 790d jns 0x77305a92
Eax=0 Ebx=75E4B498 Ecx=355A188 Edx=0 Edi=2 Esi=77305A70 Ebp=327E374 Esp=327E374 Eip=77305A83

ADDR: 77862C46 CODE: 740a jz 0x77862c52
Eax=0 Ebx=75E4B498 Ecx=7604E900 Edx=0 Edi=75EC2FD0 Esi=75E4B34C Ebp=327E430 Esp=327E424 Eip=77862C46

ADDR: 77A78DEB CODE: 730a jae 0x77a78df7
Eax=EBD85FA Ebx=75E4B498 Ecx=75EC2FD0 Edx=44444401 Edi=75EC2FD0 Esi=75E4B34C Ebp=327E430 Esp=327E420 Eip=77A78DEB

ADDR: 778595B4 CODE: 7458 jz 0x7785960e
Eax=30EE8A47 Ebx=75E4B498 Ecx=1F Edx=763BC8DC Edi=2 Esi=77305A70 Ebp=327E3A0 Esp=327E388 Eip=778595B4

ADDR: 77A78DEB CODE: 730a jae 0x77a78df7
Eax=EE60B4E Ebx=75E4B498 Ecx=77305A70 Edx=404000 Edi=2 Esi=77305A70 Ebp=327E3A0 Esp=327E37C Eip=77A78DEB

ADDR: 77A709B7 CODE: 747f jz 0x77a70a38
Eax=2 Ebx=3191FB4 Ecx=77305A70 Edx=3191FB4 Edi=2 Esi=77305A70 Ebp=327E354 Esp=327E348 Eip=77A709B7

ADDR: 77A709BE CODE: 7378 jae 0x77a70a38
Eax=2 Ebx=3191FB4 Ecx=77305A70 Edx=3191FB4 Edi=2 Esi=77305A70 Ebp=327E354 Esp=327E348 Eip=77A709BE

ADDR: 77305A83 CODE: 790d jns 0x77305a92
Eax=0 Ebx=75E4B498 Ecx=355A188 Edx=0 Edi=2 Esi=77305A70 Ebp=327E378 Esp=327E378 Eip=77305A83

ADDR: 778590DC CODE: 7454 jz 0x77859132
Eax=30E1272F Ebx=75E4B498 Ecx=1F Edx=0 Edi=2 Esi=772F00A0 Ebp=327E3EC Esp=327E390 Eip=778590DC

ADDR: 77A78DEB CODE: 730a jae 0x77a78df7
Eax=EE5E014 Ebx=75E4B498 Ecx=772F00A0 Edx=104000 Edi=2 Esi=772F00A0 Ebp=327E3EC Esp=327E388 Eip=77A78DEB

ADDR: 77A6C686 CODE: 743c jz 0x77a6c6c4
Eax=2 Ebx=75E4B498 Ecx=355A180 Edx=104000 Edi=2 Esi=3191000 Ebp=327E36C Esp=327E36C Eip=77A6C686

ADDR: 77A6C68D CODE: 7335 jae 0x77a6c6c4
Eax=2 Ebx=75E4B498 Ecx=355A180 Edx=104000 Edi=2 Esi=3191000 Ebp=327E36C Esp=327E36C Eip=77A6C68D

ADDR: 77A6C6AC CODE: 740c jz 0x77a6c6ba
Eax=355CAA0 Ebx=75E4B498 Ecx=355A180 Edx=0 Edi=2 Esi=2 Ebp=327E36C Esp=327E368 Eip=77A6C6AC

ADDR: 77A6C6B4 CODE: 7404 jz 0x77a6c6ba
Eax=355CAAC Ebx=75E4B498 Ecx=355A180 Edx=0 Edi=2 Esi=2 Ebp=327E36C Esp=327E368 Eip=77A6C6B4

ADDR: 772F00BD CODE: 791c jns 0x772f00db
Eax=0 Ebx=75E4B498 Ecx=327E380 Edx=0 Edi=2 Esi=3191000 Ebp=327E384 Esp=327E37C Eip=772F00BD

ADDR: 77A2E69A CODE: 7315 jae 0x77a2e6b1
Eax=77935C1C Ebx=75E4B498 Ecx=77935C18 Edx=3191000 Edi=75EC2FD0 Esi=763BC8DC Ebp=327E35C Esp=327E358 Eip=77A2E69A

ADDR: 778597A6 CODE: 0f8454720500 jz 0x778b0a00
Eax=327E3CC Ebx=763BC8DC Ecx=327E3B8 Edx=3191000 Edi=75EC2FD0 Esi=763BC8DC Ebp=327E360 Esp=327E340 Eip=778597A6

ADDR: 778597D3 CODE: 7479 jz 0x7785984e
Eax=327E3CC Ebx=356E480 Ecx=1F Edx=B76A77F Edi=356E280 Esi=356E3E0 Ebp=327E360 Esp=327E340 Eip=778597D3

ADDR: 77A27B53 CODE: 746e jz 0x77a27bc3
Eax=FFFFFFFE Ebx=77935C18 Ecx=FFFFFFFF Edx=B76A77F Edi=77935C1C Esi=FFFFFFFE Ebp=327E358 Esp=327E344 Eip=77A27B53

ADDR: 778594A4 CODE: 7458 jz 0x778594fe
Eax=30EE8A47 Ebx=75E4B498 Ecx=1F Edx=B76A77F Edi=2 Esi=77305A70 Ebp=327E39C Esp=327E384 Eip=778594A4

ADDR: 77A78DEB CODE: 730a jae 0x77a78df7
Eax=EE60B4E Ebx=75E4B498 Ecx=77305A70 Edx=404000 Edi=2 Esi=77305A70 Ebp=327E39C Esp=327E378 Eip=77A78DEB

ADDR: 77A709B7 CODE: 747f jz 0x77a70a38
Eax=2 Ebx=3191FB4 Ecx=77305A70 Edx=3191FB4 Edi=2 Esi=77305A70 Ebp=327E350 Esp=327E344 Eip=77A709B7

ADDR: 77A709BE CODE: 7378 jae 0x77a70a38
Eax=2 Ebx=3191FB4 Ecx=77305A70 Edx=3191FB4 Edi=2 Esi=77305A70 Ebp=327E350 Esp=327E344 Eip=77A709BE

ADDR: 77305A83 CODE: 790d jns 0x77305a92
Eax=0 Ebx=75E4B498 Ecx=355A188 Edx=0 Edi=2 Esi=77305A70 Ebp=327E374 Esp=327E374 Eip=77305A83

ADDR: 77862C46 CODE: 740a jz 0x77862c52
Eax=0 Ebx=75E4B498 Ecx=7604E910 Edx=0 Edi=75EC2FF0 Esi=75E4B350 Ebp=327E430 Esp=327E424 Eip=77862C46

ADDR: 77A78DEB CODE: 730a jae 0x77a78df7
Eax=EBD85FE Ebx=75E4B498 Ecx=75EC2FF0 Edx=44444401 Edi=75EC2FF0 Esi=75E4B350 Ebp=327E430 Esp=327E420 Eip=77A78DEB

ADDR: 778595B4 CODE: 7458 jz 0x7785960e
Eax=30EE8A47 Ebx=75E4B498 Ecx=1F Edx=763BC8DC Edi=2 Esi=77305A70 Ebp=327E3A0 Esp=327E388 Eip=778595B4

ADDR: 77A78DEB CODE: 730a jae 0x77a78df7
Eax=EE60B4E Ebx=75E4B498 Ecx=77305A70 Edx=404000 Edi=2 Esi=77305A70 Ebp=327E3A0 Esp=327E37C Eip=77A78DEB

ADDR: 77A709B7 CODE: 747f jz 0x77a70a38
Eax=2 Ebx=3191FB4 Ecx=77305A70 Edx=3191FB4 Edi=2 Esi=77305A70 Ebp=327E354 Esp=327E348 Eip=77A709B7

ADDR: 77A709BE CODE: 7378 jae 0x77a70a38
Eax=2 Ebx=3191FB4 Ecx=77305A70 Edx=3191FB4 Edi=2 Esi=77305A70 Ebp=327E354 Esp=327E348 Eip=77A709BE

ADDR: 77305A83 CODE: 790d jns 0x77305a92
Eax=0 Ebx=75E4B498 Ecx=355A188 Edx=0 Edi=2 Esi=77305A70 Ebp=327E378 Esp=327E378 Eip=77305A83

ADDR: 778590DC CODE: 7454 jz 0x77859132
Eax=30E1272F Ebx=75E4B498 Ecx=1F Edx=0 Edi=2 Esi=772F00A0 Ebp=327E3EC Esp=327E390 Eip=778590DC

ADDR: 77A78DEB CODE: 730a jae 0x77a78df7
Eax=EE5E014 Ebx=75E4B498 Ecx=772F00A0 Edx=104000 Edi=2 Esi=772F00A0 Ebp=327E3EC Esp=327E388 Eip=77A78DEB

ADDR: 77A6C686 CODE: 743c jz 0x77a6c6c4
Eax=2 Ebx=75E4B498 Ecx=355A180 Edx=104000 Edi=2 Esi=3191000 Ebp=327E36C Esp=327E36C Eip=77A6C686

ADDR: 77A6C68D CODE: 7335 jae 0x77a6c6c4
Eax=2 Ebx=75E4B498 Ecx=355A180 Edx=104000 Edi=2 Esi=3191000 Ebp=327E36C Esp=327E36C Eip=77A6C68D

ADDR: 77A6C6AC CODE: 740c jz 0x77a6c6ba
Eax=355CAA0 Ebx=75E4B498 Ecx=355A180 Edx=0 Edi=2 Esi=2 Ebp=327E36C Esp=327E368 Eip=77A6C6AC

ADDR: 77A6C6B4 CODE: 7404 jz 0x77a6c6ba
Eax=355CAAC Ebx=75E4B498 Ecx=355A180 Edx=0 Edi=2 Esi=2 Ebp=327E36C Esp=327E368 Eip=77A6C6B4

ADDR: 772F00BD CODE: 791c jns 0x772f00db
Eax=0 Ebx=75E4B498 Ecx=327E380 Edx=0 Edi=2 Esi=3191000 Ebp=327E384 Esp=327E37C Eip=772F00BD

ADDR: 77A2E69A CODE: 7315 jae 0x77a2e6b1
Eax=77935C1C Ebx=75E4B498 Ecx=77935C18 Edx=3191000 Edi=75EC2FF0 Esi=763BC8DC Ebp=327E35C Esp=327E358 Eip=77A2E69A

ADDR: 778597A6 CODE: 0f8454720500 jz 0x778b0a00
Eax=327E3CC Ebx=763BC8DC Ecx=327E3B8 Edx=3191000 Edi=75EC2FF0 Esi=763BC8DC Ebp=327E360 Esp=327E340 Eip=778597A6

ADDR: 778597D3 CODE: 7479 jz 0x7785984e
Eax=327E3CC Ebx=356E480 Ecx=1F Edx=B76A77F Edi=356E280 Esi=356E3E4 Ebp=327E360 Esp=327E340 Eip=778597D3

ADDR: 77A27B53 CODE: 746e jz 0x77a27bc3
Eax=FFFFFFFE Ebx=77935C18 Ecx=FFFFFFFF Edx=B76A77F Edi=77935C1C Esi=FFFFFFFE Ebp=327E358 Esp=327E344 Eip=77A27B53

ADDR: 778594A4 CODE: 7458 jz 0x778594fe
Eax=30EE8A47 Ebx=75E4B498 Ecx=1F Edx=B76A77F Edi=2 Esi=77305A70 Ebp=327E39C Esp=327E384 Eip=778594A4

ADDR: 77A78DEB CODE: 730a jae 0x77a78df7
Eax=EE60B4E Ebx=75E4B498 Ecx=77305A70 Edx=404000 Edi=2 Esi=77305A70 Ebp=327E39C Esp=327E378 Eip=77A78DEB

ADDR: 77A709B7 CODE: 747f jz 0x77a70a38
Eax=2 Ebx=3191FB4 Ecx=77305A70 Edx=3191FB4 Edi=2 Esi=77305A70 Ebp=327E350 Esp=327E344 Eip=77A709B7

ADDR: 77A709BE CODE: 7378 jae 0x77a70a38
Eax=2 Ebx=3191FB4 Ecx=77305A70 Edx=3191FB4 Edi=2 Esi=77305A70 Ebp=327E350 Esp=327E344 Eip=77A709BE

ADDR: 77305A83 CODE: 790d jns 0x77305a92
Eax=0 Ebx=75E4B498 Ecx=355A188 Edx=0 Edi=2 Esi=77305A70 Ebp=327E374 Esp=327E374 Eip=77305A83

ADDR: 77862C46 CODE: 740a jz 0x77862c52
Eax=0 Ebx=75E4B498 Ecx=7604E920 Edx=0 Edi=75EC3010 Esi=75E4B354 Ebp=327E430 Esp=327E424 Eip=77862C46

ADDR: 77A78DEB CODE: 730a jae 0x77a78df7
Eax=EBD8602 Ebx=75E4B498 Ecx=75EC3010 Edx=44444444 Edi=75EC3010 Esi=75E4B354 Ebp=327E430 Esp=327E420 Eip=77A78DEB

ADDR: 778595B4 CODE: 7458 jz 0x7785960e
Eax=30EE8A47 Ebx=75E4B498 Ecx=1F Edx=763BC8DC Edi=2 Esi=77305A70 Ebp=327E3A0 Esp=327E388 Eip=778595B4

ADDR: 77A78DEB CODE: 730a jae 0x77a78df7
Eax=EE60B4E Ebx=75E4B498 Ecx=77305A70 Edx=404000 Edi=2 Esi=77305A70 Ebp=327E3A0 Esp=327E37C Eip=77A78DEB

ADDR: 77A709B7 CODE: 747f jz 0x77a70a38
Eax=2 Ebx=3191FB4 Ecx=77305A70 Edx=3191FB4 Edi=2 Esi=77305A70 Ebp=327E354 Esp=327E348 Eip=77A709B7

ADDR: 77A709BE CODE: 7378 jae 0x77a70a38
Eax=2 Ebx=3191FB4 Ecx=77305A70 Edx=3191FB4 Edi=2 Esi=77305A70 Ebp=327E354 Esp=327E348 Eip=77A709BE

ADDR: 77305A83 CODE: 790d jns 0x77305a92
Eax=0 Ebx=75E4B498 Ecx=355A188 Edx=0 Edi=2 Esi=77305A70 Ebp=327E378 Esp=327E378 Eip=77305A83

ADDR: 778590DC CODE: 7454 jz 0x77859132
Eax=30E1272F Ebx=75E4B498 Ecx=1F Edx=0 Edi=2 Esi=772F00A0 Ebp=327E3EC Esp=327E390 Eip=778590DC

ADDR: 77A78DEB CODE: 730a jae 0x77a78df7
Eax=EE5E014 Ebx=75E4B498 Ecx=772F00A0 Edx=104000 Edi=2 Esi=772F00A0 Ebp=327E3EC Esp=327E388 Eip=77A78DEB

ADDR: 77A6C686 CODE: 743c jz 0x77a6c6c4
Eax=2 Ebx=75E4B498 Ecx=355A180 Edx=104000 Edi=2 Esi=3191000 Ebp=327E36C Esp=327E36C Eip=77A6C686

ADDR: 77A6C68D CODE: 7335 jae 0x77a6c6c4
Eax=2 Ebx=75E4B498 Ecx=355A180 Edx=104000 Edi=2 Esi=3191000 Ebp=327E36C Esp=327E36C Eip=77A6C68D

ADDR: 77A6C6AC CODE: 740c jz 0x77a6c6ba
Eax=355CAA0 Ebx=75E4B498 Ecx=355A180 Edx=0 Edi=2 Esi=2 Ebp=327E36C Esp=327E368 Eip=77A6C6AC

ADDR: 77A6C6B4 CODE: 7404 jz 0x77a6c6ba
Eax=355CAAC Ebx=75E4B498 Ecx=355A180 Edx=0 Edi=2 Esi=2 Ebp=327E36C Esp=327E368 Eip=77A6C6B4

ADDR: 772F00BD CODE: 791c jns 0x772f00db
Eax=0 Ebx=75E4B498 Ecx=327E380 Edx=0 Edi=2 Esi=3191000 Ebp=327E384 Esp=327E37C Eip=772F00BD

ADDR: 77A2E69A CODE: 7315 jae 0x77a2e6b1
Eax=77935C1C Ebx=75E4B498 Ecx=77935C18 Edx=3191000 Edi=75EC3010 Esi=763BC8DC Ebp=327E35C Esp=327E358 Eip=77A2E69A

ADDR: 778597A6 CODE: 0f8454720500 jz 0x778b0a00
Eax=327E3CC Ebx=763BC8DC Ecx=327E3B8 Edx=3191000 Edi=75EC3010 Esi=763BC8DC Ebp=327E360 Esp=327E340 Eip=778597A6

ADDR: 778597D3 CODE: 7479 jz 0x7785984e
Eax=327E3CC Ebx=356E480 Ecx=1F Edx=B76A77F Edi=356E280 Esi=356E3E8 Ebp=327E360 Esp=327E340 Eip=778597D3

ADDR: 77A27B53 CODE: 746e jz 0x77a27bc3
Eax=FFFFFFFE Ebx=77935C18 Ecx=FFFFFFFF Edx=B76A77F Edi=77935C1C Esi=FFFFFFFE Ebp=327E358 Esp=327E344 Eip=77A27B53

ADDR: 778594A4 CODE: 7458 jz 0x778594fe
Eax=30EE8A47 Ebx=75E4B498 Ecx=1F Edx=B76A77F Edi=2 Esi=77305A70 Ebp=327E39C Esp=327E384 Eip=778594A4

ADDR: 77A78DEB CODE: 730a jae 0x77a78df7
Eax=EE60B4E Ebx=75E4B498 Ecx=77305A70 Edx=404000 Edi=2 Esi=77305A70 Ebp=327E39C Esp=327E378 Eip=77A78DEB

ADDR: 77A709B7 CODE: 747f jz 0x77a70a38
Eax=2 Ebx=3191FB4 Ecx=77305A70 Edx=3191FB4 Edi=2 Esi=77305A70 Ebp=327E350 Esp=327E344 Eip=77A709B7

ADDR: 77A709BE CODE: 7378 jae 0x77a70a38
Eax=2 Ebx=3191FB4 Ecx=77305A70 Edx=3191FB4 Edi=2 Esi=77305A70 Ebp=327E350 Esp=327E344 Eip=77A709BE

ADDR: 77305A83 CODE: 790d jns 0x77305a92
Eax=0 Ebx=75E4B498 Ecx=355A188 Edx=0 Edi=2 Esi=77305A70 Ebp=327E374 Esp=327E374 Eip=77305A83

ADDR: 77862C46 CODE: 740a jz 0x77862c52
Eax=0 Ebx=75E4B498 Ecx=7604E930 Edx=0 Edi=75EC3030 Esi=75E4B358 Ebp=327E430 Esp=327E424 Eip=77862C46

ADDR: 77A78DEB CODE: 730a jae 0x77a78df7
Eax=EBD8606 Ebx=75E4B498 Ecx=75EC3030 Edx=44444444 Edi=75EC3030 Esi=75E4B358 Ebp=327E430 Esp=327E420 Eip=77A78DEB

ADDR: 778595B4 CODE: 7458 jz 0x7785960e
Eax=30EE8A47 Ebx=75E4B498 Ecx=1F Edx=763BC8DC Edi=2 Esi=77305A70 Ebp=327E3A0 Esp=327E388 Eip=778595B4

ADDR: 77A78DEB CODE: 730a jae 0x77a78df7
Eax=EE60B4E Ebx=75E4B498 Ecx=77305A70 Edx=404000 Edi=2 Esi=77305A70 Ebp=327E3A0 Esp=327E37C Eip=77A78DEB

ADDR: 77A709B7 CODE: 747f jz 0x77a70a38
Eax=2 Ebx=3191FB4 Ecx=77305A70 Edx=3191FB4 Edi=2 Esi=77305A70 Ebp=327E354 Esp=327E348 Eip=77A709B7

ADDR: 77A709BE CODE: 7378 jae 0x77a70a38
Eax=2 Ebx=3191FB4 Ecx=77305A70 Edx=3191FB4 Edi=2 Esi=77305A70 Ebp=327E354 Esp=327E348 Eip=77A709BE

ADDR: 77305A83 CODE: 790d jns 0x77305a92
Eax=0 Ebx=75E4B498 Ecx=355A188 Edx=0 Edi=2 Esi=77305A70 Ebp=327E378 Esp=327E378 Eip=77305A83

ADDR: 778590DC CODE: 7454 jz 0x77859132
Eax=30E1272F Ebx=75E4B498 Ecx=1F Edx=0 Edi=2 Esi=772F00A0 Ebp=327E3EC Esp=327E390 Eip=778590DC

ADDR: 77A78DEB CODE: 730a jae 0x77a78df7
Eax=EE5E014 Ebx=75E4B498 Ecx=772F00A0 Edx=104000 Edi=2 Esi=772F00A0 Ebp=327E3EC Esp=327E388 Eip=77A78DEB

ADDR: 77A6C686 CODE: 743c jz 0x77a6c6c4
Eax=2 Ebx=75E4B498 Ecx=355A180 Edx=104000 Edi=2 Esi=3191000 Ebp=327E36C Esp=327E36C Eip=77A6C686

ADDR: 77A6C68D CODE: 7335 jae 0x77a6c6c4
Eax=2 Ebx=75E4B498 Ecx=355A180 Edx=104000 Edi=2 Esi=3191000 Ebp=327E36C Esp=327E36C Eip=77A6C68D

ADDR: 77A6C6AC CODE: 740c jz 0x77a6c6ba
Eax=355CAA0 Ebx=75E4B498 Ecx=355A180 Edx=0 Edi=2 Esi=2 Ebp=327E36C Esp=327E368 Eip=77A6C6AC

ADDR: 77A6C6B4 CODE: 7404 jz 0x77a6c6ba
Eax=355CAAC Ebx=75E4B498 Ecx=355A180 Edx=0 Edi=2 Esi=2 Ebp=327E36C Esp=327E368 Eip=77A6C6B4

ADDR: 772F00BD CODE: 791c jns 0x772f00db
Eax=0 Ebx=75E4B498 Ecx=327E380 Edx=0 Edi=2 Esi=3191000 Ebp=327E384 Esp=327E37C Eip=772F00BD

ADDR: 77A2E69A CODE: 7315 jae 0x77a2e6b1
Eax=77935C1C Ebx=75E4B498 Ecx=77935C18 Edx=3191000 Edi=75EC3030 Esi=763BC8DC Ebp=327E35C Esp=327E358 Eip=77A2E69A

ADDR: 778597A6 CODE: 0f8454720500 jz 0x778b0a00
Eax=327E3CC Ebx=763BC8DC Ecx=327E3B8 Edx=3191000 Edi=75EC3030 Esi=763BC8DC Ebp=327E360 Esp=327E340 Eip=778597A6

ADDR: 778597D3 CODE: 7479 jz 0x7785984e
Eax=327E3CC Ebx=356E480 Ecx=1F Edx=B76A77F Edi=356E280 Esi=356E3EC Ebp=327E360 Esp=327E340 Eip=778597D3

ADDR: 77A27B53 CODE: 746e jz 0x77a27bc3
Eax=FFFFFFFE Ebx=77935C18 Ecx=FFFFFFFF Edx=B76A77F Edi=77935C1C Esi=FFFFFFFE Ebp=327E358 Esp=327E344 Eip=77A27B53

ADDR: 778594A4 CODE: 7458 jz 0x778594fe
Eax=30EE8A47 Ebx=75E4B498 Ecx=1F Edx=B76A77F Edi=2 Esi=77305A70 Ebp=327E39C Esp=327E384 Eip=778594A4

ADDR: 77A78DEB CODE: 730a jae 0x77a78df7
Eax=EE60B4E Ebx=75E4B498 Ecx=77305A70 Edx=404000 Edi=2 Esi=77305A70 Ebp=327E39C Esp=327E378 Eip=77A78DEB

ADDR: 77A709B7 CODE: 747f jz 0x77a70a38
Eax=2 Ebx=3191FB4 Ecx=77305A70 Edx=3191FB4 Edi=2 Esi=77305A70 Ebp=327E350 Esp=327E344 Eip=77A709B7

ADDR: 77A709BE CODE: 7378 jae 0x77a70a38
Eax=2 Ebx=3191FB4 Ecx=77305A70 Edx=3191FB4 Edi=2 Esi=77305A70 Ebp=327E350 Esp=327E344 Eip=77A709BE

ADDR: 77305A83 CODE: 790d jns 0x77305a92
Eax=0 Ebx=75E4B498 Ecx=355A188 Edx=0 Edi=2 Esi=77305A70 Ebp=327E374 Esp=327E374 Eip=77305A83

ADDR: 77862C46 CODE: 740a jz 0x77862c52
Eax=0 Ebx=75E4B498 Ecx=7604E940 Edx=0 Edi=75EC3050 Esi=75E4B35C Ebp=327E430 Esp=327E424 Eip=77862C46

ADDR: 77A78DEB CODE: 730a jae 0x77a78df7
Eax=EBD860A Ebx=75E4B498 Ecx=75EC3050 Edx=44444444 Edi=75EC3050 Esi=75E4B35C Ebp=327E430 Esp=327E420 Eip=77A78DEB

ADDR: 778595B4 CODE: 7458 jz 0x7785960e
Eax=30EE8A47 Ebx=75E4B498 Ecx=1F Edx=763BC8DC Edi=2 Esi=77305A70 Ebp=327E3A0 Esp=327E388 Eip=778595B4

ADDR: 77A78DEB CODE: 730a jae 0x77a78df7
Eax=EE60B4E Ebx=75E4B498 Ecx=77305A70 Edx=404000 Edi=2 Esi=77305A70 Ebp=327E3A0 Esp=327E37C Eip=77A78DEB

ADDR: 77A709B7 CODE: 747f jz 0x77a70a38
Eax=2 Ebx=3191FB4 Ecx=77305A70 Edx=3191FB4 Edi=2 Esi=77305A70 Ebp=327E354 Esp=327E348 Eip=77A709B7

ADDR: 77A709BE CODE: 7378 jae 0x77a70a38
Eax=2 Ebx=3191FB4 Ecx=77305A70 Edx=3191FB4 Edi=2 Esi=77305A70 Ebp=327E354 Esp=327E348 Eip=77A709BE

ADDR: 77305A83 CODE: 790d jns 0x77305a92
Eax=0 Ebx=75E4B498 Ecx=355A188 Edx=0 Edi=2 Esi=77305A70 Ebp=327E378 Esp=327E378 Eip=77305A83

ADDR: 778590DC CODE: 7454 jz 0x77859132
Eax=30E1272F Ebx=75E4B498 Ecx=1F Edx=0 Edi=2 Esi=772F00A0 Ebp=327E3EC Esp=327E390 Eip=778590DC

ADDR: 77A78DEB CODE: 730a jae 0x77a78df7
Eax=EE5E014 Ebx=75E4B498 Ecx=772F00A0 Edx=104000 Edi=2 Esi=772F00A0 Ebp=327E3EC Esp=327E388 Eip=77A78DEB

ADDR: 77A6C686 CODE: 743c jz 0x77a6c6c4
Eax=2 Ebx=75E4B498 Ecx=355A180 Edx=104000 Edi=2 Esi=3191000 Ebp=327E36C Esp=327E36C Eip=77A6C686

ADDR: 77A6C68D CODE: 7335 jae 0x77a6c6c4
Eax=2 Ebx=75E4B498 Ecx=355A180 Edx=104000 Edi=2 Esi=3191000 Ebp=327E36C Esp=327E36C Eip=77A6C68D

ADDR: 77A6C6AC CODE: 740c jz 0x77a6c6ba
Eax=355CAA0 Ebx=75E4B498 Ecx=355A180 Edx=0 Edi=2 Esi=2 Ebp=327E36C Esp=327E368 Eip=77A6C6AC

ADDR: 77A6C6B4 CODE: 7404 jz 0x77a6c6ba
Eax=355CAAC Ebx=75E4B498 Ecx=355A180 Edx=0 Edi=2 Esi=2 Ebp=327E36C Esp=327E368 Eip=77A6C6B4

ADDR: 772F00BD CODE: 791c jns 0x772f00db
Eax=0 Ebx=75E4B498 Ecx=327E380 Edx=0 Edi=2 Esi=3191000 Ebp=327E384 Esp=327E37C Eip=772F00BD

ADDR: 77A2E69A CODE: 7315 jae 0x77a2e6b1
Eax=77935C1C Ebx=75E4B498 Ecx=77935C18 Edx=3191000 Edi=75EC3050 Esi=763BC8DC Ebp=327E35C Esp=327E358 Eip=77A2E69A

ADDR: 778597A6 CODE: 0f8454720500 jz 0x778b0a00
Eax=327E3CC Ebx=763BC8DC Ecx=327E3B8 Edx=3191000 Edi=75EC3050 Esi=763BC8DC Ebp=327E360 Esp=327E340 Eip=778597A6

ADDR: 778597D3 CODE: 7479 jz 0x7785984e
Eax=327E3CC Ebx=356E480 Ecx=1F Edx=B76A77F Edi=356E280 Esi=356E3F0 Ebp=327E360 Esp=327E340 Eip=778597D3

ADDR: 77A27B53 CODE: 746e jz 0x77a27bc3
Eax=FFFFFFFE Ebx=77935C18 Ecx=FFFFFFFF Edx=B76A77F Edi=77935C1C Esi=FFFFFFFE Ebp=327E358 Esp=327E344 Eip=77A27B53

ADDR: 778594A4 CODE: 7458 jz 0x778594fe
Eax=30EE8A47 Ebx=75E4B498 Ecx=1F Edx=B76A77F Edi=2 Esi=77305A70 Ebp=327E39C Esp=327E384 Eip=778594A4

ADDR: 77A78DEB CODE: 730a jae 0x77a78df7
Eax=EE60B4E Ebx=75E4B498 Ecx=77305A70 Edx=404000 Edi=2 Esi=77305A70 Ebp=327E39C Esp=327E378 Eip=77A78DEB

ADDR: 77A709B7 CODE: 747f jz 0x77a70a38
Eax=2 Ebx=3191FB4 Ecx=77305A70 Edx=3191FB4 Edi=2 Esi=77305A70 Ebp=327E350 Esp=327E344 Eip=77A709B7

ADDR: 77A709BE CODE: 7378 jae 0x77a70a38
Eax=2 Ebx=3191FB4 Ecx=77305A70 Edx=3191FB4 Edi=2 Esi=77305A70 Ebp=327E350 Esp=327E344 Eip=77A709BE

ADDR: 77305A83 CODE: 790d jns 0x77305a92
Eax=0 Ebx=75E4B498 Ecx=355A188 Edx=0 Edi=2 Esi=77305A70 Ebp=327E374 Esp=327E374 Eip=77305A83

ADDR: 77862C46 CODE: 740a jz 0x77862c52
Eax=0 Ebx=75E4B498 Ecx=7604E950 Edx=0 Edi=75EC3070 Esi=75E4B360 Ebp=327E430 Esp=327E424 Eip=77862C46

ADDR: 77A78DEB CODE: 730a jae 0x77a78df7
Eax=EBD860E Ebx=75E4B498 Ecx=75EC3070 Edx=44444444 Edi=75EC3070 Esi=75E4B360 Ebp=327E430 Esp=327E420 Eip=77A78DEB

ADDR: 778595B4 CODE: 7458 jz 0x7785960e
Eax=30EE8A47 Ebx=75E4B498 Ecx=1F Edx=763BC8DC Edi=2 Esi=77305A70 Ebp=327E3A0 Esp=327E388 Eip=778595B4

ADDR: 77A78DEB CODE: 730a jae 0x77a78df7
Eax=EE60B4E Ebx=75E4B498 Ecx=77305A70 Edx=404000 Edi=2 Esi=77305A70 Ebp=327E3A0 Esp=327E37C Eip=77A78DEB

ADDR: 77A709B7 CODE: 747f jz 0x77a70a38
Eax=2 Ebx=3191FB4 Ecx=77305A70 Edx=3191FB4 Edi=2 Esi=77305A70 Ebp=327E354 Esp=327E348 Eip=77A709B7

ADDR: 77A709BE CODE: 7378 jae 0x77a70a38
Eax=2 Ebx=3191FB4 Ecx=77305A70 Edx=3191FB4 Edi=2 Esi=77305A70 Ebp=327E354 Esp=327E348 Eip=77A709BE

ADDR: 77305A83 CODE: 790d jns 0x77305a92
Eax=0 Ebx=75E4B498 Ecx=355A188 Edx=0 Edi=2 Esi=77305A70 Ebp=327E378 Esp=327E378 Eip=77305A83

ADDR: 778590DC CODE: 7454 jz 0x77859132
Eax=30E1272F Ebx=75E4B498 Ecx=1F Edx=0 Edi=2 Esi=772F00A0 Ebp=327E3EC Esp=327E390 Eip=778590DC

ADDR: 77A78DEB CODE: 730a jae 0x77a78df7
Eax=EE5E014 Ebx=75E4B498 Ecx=772F00A0 Edx=104000 Edi=2 Esi=772F00A0 Ebp=327E3EC Esp=327E388 Eip=77A78DEB

ADDR: 77A6C686 CODE: 743c jz 0x77a6c6c4
Eax=2 Ebx=75E4B498 Ecx=355A180 Edx=104000 Edi=2 Esi=3191000 Ebp=327E36C Esp=327E36C Eip=77A6C686

ADDR: 77A6C68D CODE: 7335 jae 0x77a6c6c4
Eax=2 Ebx=75E4B498 Ecx=355A180 Edx=104000 Edi=2 Esi=3191000 Ebp=327E36C Esp=327E36C Eip=77A6C68D

ADDR: 77A6C6AC CODE: 740c jz 0x77a6c6ba
Eax=355CAA0 Ebx=75E4B498 Ecx=355A180 Edx=0 Edi=2 Esi=2 Ebp=327E36C Esp=327E368 Eip=77A6C6AC

ADDR: 77A6C6B4 CODE: 7404 jz 0x77a6c6ba
Eax=355CAAC Ebx=75E4B498 Ecx=355A180 Edx=0 Edi=2 Esi=2 Ebp=327E36C Esp=327E368 Eip=77A6C6B4

ADDR: 772F00BD CODE: 791c jns 0x772f00db
Eax=0 Ebx=75E4B498 Ecx=327E380 Edx=0 Edi=2 Esi=3191000 Ebp=327E384 Esp=327E37C Eip=772F00BD

ADDR: 77A2E69A CODE: 7315 jae 0x77a2e6b1
Eax=77935C1C Ebx=75E4B498 Ecx=77935C18 Edx=3191000 Edi=75EC3070 Esi=763BC8DC Ebp=327E35C Esp=327E358 Eip=77A2E69A

ADDR: 778597A6 CODE: 0f8454720500 jz 0x778b0a00
Eax=327E3CC Ebx=763BC8DC Ecx=327E3B8 Edx=3191000 Edi=75EC3070 Esi=763BC8DC Ebp=327E360 Esp=327E340 Eip=778597A6

ADDR: 778597D3 CODE: 7479 jz 0x7785984e
Eax=327E3CC Ebx=356E480 Ecx=1F Edx=B76A77F Edi=356E280 Esi=356E3F4 Ebp=327E360 Esp=327E340 Eip=778597D3

ADDR: 77A27B53 CODE: 746e jz 0x77a27bc3
Eax=FFFFFFFE Ebx=77935C18 Ecx=FFFFFFFF Edx=B76A77F Edi=77935C1C Esi=FFFFFFFE Ebp=327E358 Esp=327E344 Eip=77A27B53

ADDR: 778594A4 CODE: 7458 jz 0x778594fe
Eax=30EE8A47 Ebx=75E4B498 Ecx=1F Edx=B76A77F Edi=2 Esi=77305A70 Ebp=327E39C Esp=327E384 Eip=778594A4

ADDR: 77A78DEB CODE: 730a jae 0x77a78df7
Eax=EE60B4E Ebx=75E4B498 Ecx=77305A70 Edx=404000 Edi=2 Esi=77305A70 Ebp=327E39C Esp=327E378 Eip=77A78DEB

ADDR: 77A709B7 CODE: 747f jz 0x77a70a38
Eax=2 Ebx=3191FB4 Ecx=77305A70 Edx=3191FB4 Edi=2 Esi=77305A70 Ebp=327E350 Esp=327E344 Eip=77A709B7

ADDR: 77A709BE CODE: 7378 jae 0x77a70a38
Eax=2 Ebx=3191FB4 Ecx=77305A70 Edx=3191FB4 Edi=2 Esi=77305A70 Ebp=327E350 Esp=327E344 Eip=77A709BE

ADDR: 77305A83 CODE: 790d jns 0x77305a92
Eax=0 Ebx=75E4B498 Ecx=355A188 Edx=0 Edi=2 Esi=77305A70 Ebp=327E374 Esp=327E374 Eip=77305A83

ADDR: 77862C46 CODE: 740a jz 0x77862c52
Eax=0 Ebx=75E4B498 Ecx=7604E960 Edx=0 Edi=75EC3090 Esi=75E4B364 Ebp=327E430 Esp=327E424 Eip=77862C46

ADDR: 77A78DEB CODE: 730a jae 0x77a78df7
Eax=EBD8612 Ebx=75E4B498 Ecx=75EC3090 Edx=44444444 Edi=75EC3090 Esi=75E4B364 Ebp=327E430 Esp=327E420 Eip=77A78DEB

ADDR: 778595B4 CODE: 7458 jz 0x7785960e
Eax=30EE8A47 Ebx=75E4B498 Ecx=1F Edx=763BC8DC Edi=2 Esi=77305A70 Ebp=327E3A0 Esp=327E388 Eip=778595B4

ADDR: 77A78DEB CODE: 730a jae 0x77a78df7
Eax=EE60B4E Ebx=75E4B498 Ecx=77305A70 Edx=404000 Edi=2 Esi=77305A70 Ebp=327E3A0 Esp=327E37C Eip=77A78DEB

ADDR: 77A709B7 CODE: 747f jz 0x77a70a38
Eax=2 Ebx=3191FB4 Ecx=77305A70 Edx=3191FB4 Edi=2 Esi=77305A70 Ebp=327E354 Esp=327E348 Eip=77A709B7

ADDR: 77A709BE CODE: 7378 jae 0x77a70a38
Eax=2 Ebx=3191FB4 Ecx=77305A70 Edx=3191FB4 Edi=2 Esi=77305A70 Ebp=327E354 Esp=327E348 Eip=77A709BE

ADDR: 77305A83 CODE: 790d jns 0x77305a92
Eax=0 Ebx=75E4B498 Ecx=355A188 Edx=0 Edi=2 Esi=77305A70 Ebp=327E378 Esp=327E378 Eip=77305A83

ADDR: 778590DC CODE: 7454 jz 0x77859132
Eax=30E1272F Ebx=75E4B498 Ecx=1F Edx=0 Edi=2 Esi=772F00A0 Ebp=327E3EC Esp=327E390 Eip=778590DC

ADDR: 77A78DEB CODE: 730a jae 0x77a78df7
Eax=EE5E014 Ebx=75E4B498 Ecx=772F00A0 Edx=104000 Edi=2 Esi=772F00A0 Ebp=327E3EC Esp=327E388 Eip=77A78DEB

ADDR: 77A6C686 CODE: 743c jz 0x77a6c6c4
Eax=2 Ebx=75E4B498 Ecx=355A180 Edx=104000 Edi=2 Esi=3191000 Ebp=327E36C Esp=327E36C Eip=77A6C686

ADDR: 77A6C68D CODE: 7335 jae 0x77a6c6c4
Eax=2 Ebx=75E4B498 Ecx=355A180 Edx=104000 Edi=2 Esi=3191000 Ebp=327E36C Esp=327E36C Eip=77A6C68D

ADDR: 77A6C6AC CODE: 740c jz 0x77a6c6ba
Eax=355CAA0 Ebx=75E4B498 Ecx=355A180 Edx=0 Edi=2 Esi=2 Ebp=327E36C Esp=327E368 Eip=77A6C6AC

ADDR: 77A6C6B4 CODE: 7404 jz 0x77a6c6ba
Eax=355CAAC Ebx=75E4B498 Ecx=355A180 Edx=0 Edi=2 Esi=2 Ebp=327E36C Esp=327E368 Eip=77A6C6B4

ADDR: 772F00BD CODE: 791c jns 0x772f00db
Eax=0 Ebx=75E4B498 Ecx=327E380 Edx=0 Edi=2 Esi=3191000 Ebp=327E384 Esp=327E37C Eip=772F00BD

ADDR: 77A2E69A CODE: 7315 jae 0x77a2e6b1
Eax=77935C1C Ebx=75E4B498 Ecx=77935C18 Edx=3191000 Edi=75EC3090 Esi=763BC8DC Ebp=327E35C Esp=327E358 Eip=77A2E69A

ADDR: 778597A6 CODE: 0f8454720500 jz 0x778b0a00
Eax=327E3CC Ebx=763BC8DC Ecx=327E3B8 Edx=3191000 Edi=75EC3090 Esi=763BC8DC Ebp=327E360 Esp=327E340 Eip=778597A6

ADDR: 778597D3 CODE: 7479 jz 0x7785984e
Eax=327E3CC Ebx=356E480 Ecx=1F Edx=B76A77F Edi=356E280 Esi=356E3F8 Ebp=327E360 Esp=327E340 Eip=778597D3

ADDR: 77A27B53 CODE: 746e jz 0x77a27bc3
Eax=FFFFFFFE Ebx=77935C18 Ecx=FFFFFFFF Edx=B76A77F Edi=77935C1C Esi=FFFFFFFE Ebp=327E358 Esp=327E344 Eip=77A27B53

ADDR: 778594A4 CODE: 7458 jz 0x778594fe
Eax=30EE8A47 Ebx=75E4B498 Ecx=1F Edx=B76A77F Edi=2 Esi=77305A70 Ebp=327E39C Esp=327E384 Eip=778594A4

ADDR: 77A78DEB CODE: 730a jae 0x77a78df7
Eax=EE60B4E Ebx=75E4B498 Ecx=77305A70 Edx=404000 Edi=2 Esi=77305A70 Ebp=327E39C Esp=327E378 Eip=77A78DEB

ADDR: 77A709B7 CODE: 747f jz 0x77a70a38
Eax=2 Ebx=3191FB4 Ecx=77305A70 Edx=3191FB4 Edi=2 Esi=77305A70 Ebp=327E350 Esp=327E344 Eip=77A709B7

ADDR: 77A709BE CODE: 7378 jae 0x77a70a38
Eax=2 Ebx=3191FB4 Ecx=77305A70 Edx=3191FB4 Edi=2 Esi=77305A70 Ebp=327E350 Esp=327E344 Eip=77A709BE

ADDR: 77305A83 CODE: 790d jns 0x77305a92
Eax=0 Ebx=75E4B498 Ecx=355A188 Edx=0 Edi=2 Esi=77305A70 Ebp=327E374 Esp=327E374 Eip=77305A83

ADDR: 77862C46 CODE: 740a jz 0x77862c52
Eax=0 Ebx=75E4B498 Ecx=7604E970 Edx=0 Edi=75EC30B0 Esi=75E4B368 Ebp=327E430 Esp=327E424 Eip=77862C46

ADDR: 77A78DEB CODE: 730a jae 0x77a78df7
Eax=EBD8616 Ebx=75E4B498 Ecx=75EC30B0 Edx=44444444 Edi=75EC30B0 Esi=75E4B368 Ebp=327E430 Esp=327E420 Eip=77A78DEB

ADDR: 778595B4 CODE: 7458 jz 0x7785960e
Eax=30EE8A47 Ebx=75E4B498 Ecx=1F Edx=763BC8DC Edi=2 Esi=77305A70 Ebp=327E3A0 Esp=327E388 Eip=778595B4

ADDR: 77A78DEB CODE: 730a jae 0x77a78df7
Eax=EE60B4E Ebx=75E4B498 Ecx=77305A70 Edx=404000 Edi=2 Esi=77305A70 Ebp=327E3A0 Esp=327E37C Eip=77A78DEB

ADDR: 77A709B7 CODE: 747f jz 0x77a70a38
Eax=2 Ebx=3191FB4 Ecx=77305A70 Edx=3191FB4 Edi=2 Esi=77305A70 Ebp=327E354 Esp=327E348 Eip=77A709B7

ADDR: 77A709BE CODE: 7378 jae 0x77a70a38
Eax=2 Ebx=3191FB4 Ecx=77305A70 Edx=3191FB4 Edi=2 Esi=77305A70 Ebp=327E354 Esp=327E348 Eip=77A709BE

ADDR: 77305A83 CODE: 790d jns 0x77305a92
Eax=0 Ebx=75E4B498 Ecx=355A188 Edx=0 Edi=2 Esi=77305A70 Ebp=327E378 Esp=327E378 Eip=77305A83

ADDR: 778590DC CODE: 7454 jz 0x77859132
Eax=30E1272F Ebx=75E4B498 Ecx=1F Edx=0 Edi=2 Esi=772F00A0 Ebp=327E3EC Esp=327E390 Eip=778590DC

ADDR: 77A78DEB CODE: 730a jae 0x77a78df7
Eax=EE5E014 Ebx=75E4B498 Ecx=772F00A0 Edx=104000 Edi=2 Esi=772F00A0 Ebp=327E3EC Esp=327E388 Eip=77A78DEB

ADDR: 77A6C686 CODE: 743c jz 0x77a6c6c4
Eax=2 Ebx=75E4B498 Ecx=355A180 Edx=104000 Edi=2 Esi=3191000 Ebp=327E36C Esp=327E36C Eip=77A6C686

ADDR: 77A6C68D CODE: 7335 jae 0x77a6c6c4
Eax=2 Ebx=75E4B498 Ecx=355A180 Edx=104000 Edi=2 Esi=3191000 Ebp=327E36C Esp=327E36C Eip=77A6C68D

ADDR: 77A6C6AC CODE: 740c jz 0x77a6c6ba
Eax=355CAA0 Ebx=75E4B498 Ecx=355A180 Edx=0 Edi=2 Esi=2 Ebp=327E36C Esp=327E368 Eip=77A6C6AC

ADDR: 77A6C6B4 CODE: 7404 jz 0x77a6c6ba
Eax=355CAAC Ebx=75E4B498 Ecx=355A180 Edx=0 Edi=2 Esi=2 Ebp=327E36C Esp=327E368 Eip=77A6C6B4

ADDR: 772F00BD CODE: 791c jns 0x772f00db
Eax=0 Ebx=75E4B498 Ecx=327E380 Edx=0 Edi=2 Esi=3191000 Ebp=327E384 Esp=327E37C Eip=772F00BD

ADDR: 77A2E69A CODE: 7315 jae 0x77a2e6b1
Eax=77935C1C Ebx=75E4B498 Ecx=77935C18 Edx=3191000 Edi=75EC30B0 Esi=763BC8DC Ebp=327E35C Esp=327E358 Eip=77A2E69A

ADDR: 778597A6 CODE: 0f8454720500 jz 0x778b0a00
Eax=327E3CC Ebx=763BC8DC Ecx=327E3B8 Edx=3191000 Edi=75EC30B0 Esi=763BC8DC Ebp=327E360 Esp=327E340 Eip=778597A6

ADDR: 778597D3 CODE: 7479 jz 0x7785984e
Eax=327E3CC Ebx=356E480 Ecx=1F Edx=B76A77F Edi=356E280 Esi=356E3FC Ebp=327E360 Esp=327E340 Eip=778597D3

ADDR: 77A27B53 CODE: 746e jz 0x77a27bc3
Eax=FFFFFFFE Ebx=77935C18 Ecx=FFFFFFFF Edx=B76A77F Edi=77935C1C Esi=FFFFFFFE Ebp=327E358 Esp=327E344 Eip=77A27B53

ADDR: 778594A4 CODE: 7458 jz 0x778594fe
Eax=30EE8A47 Ebx=75E4B498 Ecx=1F Edx=B76A77F Edi=2 Esi=77305A70 Ebp=327E39C Esp=327E384 Eip=778594A4

ADDR: 77A78DEB CODE: 730a jae 0x77a78df7
Eax=EE60B4E Ebx=75E4B498 Ecx=77305A70 Edx=404000 Edi=2 Esi=77305A70 Ebp=327E39C Esp=327E378 Eip=77A78DEB

ADDR: 77A709B7 CODE: 747f jz 0x77a70a38
Eax=2 Ebx=3191FB4 Ecx=77305A70 Edx=3191FB4 Edi=2 Esi=77305A70 Ebp=327E350 Esp=327E344 Eip=77A709B7

ADDR: 77A709BE CODE: 7378 jae 0x77a70a38
Eax=2 Ebx=3191FB4 Ecx=77305A70 Edx=3191FB4 Edi=2 Esi=77305A70 Ebp=327E350 Esp=327E344 Eip=77A709BE

ADDR: 77305A83 CODE: 790d jns 0x77305a92
Eax=0 Ebx=75E4B498 Ecx=355A188 Edx=0 Edi=2 Esi=77305A70 Ebp=327E374 Esp=327E374 Eip=77305A83

ADDR: 77862C46 CODE: 740a jz 0x77862c52
Eax=0 Ebx=75E4B498 Ecx=7604E980 Edx=0 Edi=75EC30D0 Esi=75E4B36C Ebp=327E430 Esp=327E424 Eip=77862C46

ADDR: 77A78DEB CODE: 730a jae 0x77a78df7
Eax=EBD861A Ebx=75E4B498 Ecx=75EC30D0 Edx=44444444 Edi=75EC30D0 Esi=75E4B36C Ebp=327E430 Esp=327E420 Eip=77A78DEB

ADDR: 778595B4 CODE: 7458 jz 0x7785960e
Eax=30EE8A47 Ebx=75E4B498 Ecx=1F Edx=763BC8DC Edi=2 Esi=77305A70 Ebp=327E3A0 Esp=327E388 Eip=778595B4

ADDR: 77A78DEB CODE: 730a jae 0x77a78df7
Eax=EE60B4E Ebx=75E4B498 Ecx=77305A70 Edx=404000 Edi=2 Esi=77305A70 Ebp=327E3A0 Esp=327E37C Eip=77A78DEB

ADDR: 77A709B7 CODE: 747f jz 0x77a70a38
Eax=2 Ebx=3191FB4 Ecx=77305A70 Edx=3191FB4 Edi=2 Esi=77305A70 Ebp=327E354 Esp=327E348 Eip=77A709B7

ADDR: 77A709BE CODE: 7378 jae 0x77a70a38
Eax=2 Ebx=3191FB4 Ecx=77305A70 Edx=3191FB4 Edi=2 Esi=77305A70 Ebp=327E354 Esp=327E348 Eip=77A709BE

ADDR: 77305A83 CODE: 790d jns 0x77305a92
Eax=0 Ebx=75E4B498 Ecx=355A188 Edx=0 Edi=2 Esi=77305A70 Ebp=327E378 Esp=327E378 Eip=77305A83

ADDR: 778590DC CODE: 7454 jz 0x77859132
Eax=30E1272F Ebx=75E4B498 Ecx=1F Edx=0 Edi=2 Esi=772F00A0 Ebp=327E3EC Esp=327E390 Eip=778590DC

ADDR: 77A78DEB CODE: 730a jae 0x77a78df7
Eax=EE5E014 Ebx=75E4B498 Ecx=772F00A0 Edx=104000 Edi=2 Esi=772F00A0 Ebp=327E3EC Esp=327E388 Eip=77A78DEB

ADDR: 77A6C686 CODE: 743c jz 0x77a6c6c4
Eax=2 Ebx=75E4B498 Ecx=355A180 Edx=104000 Edi=2 Esi=3191000 Ebp=327E36C Esp=327E36C Eip=77A6C686

ADDR: 77A6C68D CODE: 7335 jae 0x77a6c6c4
Eax=2 Ebx=75E4B498 Ecx=355A180 Edx=104000 Edi=2 Esi=3191000 Ebp=327E36C Esp=327E36C Eip=77A6C68D

ADDR: 77A6C6AC CODE: 740c jz 0x77a6c6ba
Eax=355CAA0 Ebx=75E4B498 Ecx=355A180 Edx=0 Edi=2 Esi=2 Ebp=327E36C Esp=327E368 Eip=77A6C6AC

ADDR: 77A6C6B4 CODE: 7404 jz 0x77a6c6ba
Eax=355CAAC Ebx=75E4B498 Ecx=355A180 Edx=0 Edi=2 Esi=2 Ebp=327E36C Esp=327E368 Eip=77A6C6B4

ADDR: 772F00BD CODE: 791c jns 0x772f00db
Eax=0 Ebx=75E4B498 Ecx=327E380 Edx=0 Edi=2 Esi=3191000 Ebp=327E384 Esp=327E37C Eip=772F00BD

ADDR: 77A2E69A CODE: 7315 jae 0x77a2e6b1
Eax=77935C1C Ebx=75E4B498 Ecx=77935C18 Edx=3191000 Edi=75EC30D0 Esi=763BC8DC Ebp=327E35C Esp=327E358 Eip=77A2E69A

ADDR: 778597A6 CODE: 0f8454720500 jz 0x778b0a00
Eax=327E3CC Ebx=763BC8DC Ecx=327E3B8 Edx=3191000 Edi=75EC30D0 Esi=763BC8DC Ebp=327E360 Esp=327E340 Eip=778597A6

ADDR: 778597D3 CODE: 7479 jz 0x7785984e
Eax=327E3CC Ebx=356E480 Ecx=1F Edx=B76A77F Edi=356E280 Esi=356E400 Ebp=327E360 Esp=327E340 Eip=778597D3

ADDR: 77A27B53 CODE: 746e jz 0x77a27bc3
Eax=FFFFFFFE Ebx=77935C18 Ecx=FFFFFFFF Edx=B76A77F Edi=77935C1C Esi=FFFFFFFE Ebp=327E358 Esp=327E344 Eip=77A27B53

ADDR: 778594A4 CODE: 7458 jz 0x778594fe
Eax=30EE8A47 Ebx=75E4B498 Ecx=1F Edx=B76A77F Edi=2 Esi=77305A70 Ebp=327E39C Esp=327E384 Eip=778594A4

ADDR: 77A78DEB CODE: 730a jae 0x77a78df7
Eax=EE60B4E Ebx=75E4B498 Ecx=77305A70 Edx=404000 Edi=2 Esi=77305A70 Ebp=327E39C Esp=327E378 Eip=77A78DEB

ADDR: 77A709B7 CODE: 747f jz 0x77a70a38
Eax=2 Ebx=3191FB4 Ecx=77305A70 Edx=3191FB4 Edi=2 Esi=77305A70 Ebp=327E350 Esp=327E344 Eip=77A709B7

ADDR: 77A709BE CODE: 7378 jae 0x77a70a38
Eax=2 Ebx=3191FB4 Ecx=77305A70 Edx=3191FB4 Edi=2 Esi=77305A70 Ebp=327E350 Esp=327E344 Eip=77A709BE

ADDR: 77305A83 CODE: 790d jns 0x77305a92
Eax=0 Ebx=75E4B498 Ecx=355A188 Edx=0 Edi=2 Esi=77305A70 Ebp=327E374 Esp=327E374 Eip=77305A83

ADDR: 77862C46 CODE: 740a jz 0x77862c52
Eax=0 Ebx=75E4B498 Ecx=7604E990 Edx=0 Edi=75EC30F0 Esi=75E4B370 Ebp=327E430 Esp=327E424 Eip=77862C46

ADDR: 77A78DEB CODE: 730a jae 0x77a78df7
Eax=EBD861E Ebx=75E4B498 Ecx=75EC30F0 Edx=44444444 Edi=75EC30F0 Esi=75E4B370 Ebp=327E430 Esp=327E420 Eip=77A78DEB

ADDR: 75F4BA7B CODE: 7410 jz 0x75f4ba8d
Eax=327E40C Ebx=75E4B498 Ecx=763BD9D8 Edx=44444444 Edi=75EC30F0 Esi=75E4B370 Ebp=327E418 Esp=327E3FC Eip=75F4BA7B

ADDR: 77A78DEB CODE: 730a jae 0x77a78df7
Eax=EBE975A Ebx=75E4B498 Ecx=75F4BAD0 Edx=4000000 Edi=75EC30F0 Esi=75F4BAD0 Ebp=327E418 Esp=327E3F4 Eip=77A78DEB

ADDR: 778595B4 CODE: 7458 jz 0x7785960e
Eax=30EE8A47 Ebx=75E4B498 Ecx=1F Edx=763BC8DC Edi=2 Esi=77305A70 Ebp=327E3A0 Esp=327E388 Eip=778595B4

ADDR: 77A78DEB CODE: 730a jae 0x77a78df7
Eax=EE60B4E Ebx=75E4B498 Ecx=77305A70 Edx=404000 Edi=2 Esi=77305A70 Ebp=327E3A0 Esp=327E37C Eip=77A78DEB

ADDR: 77A709B7 CODE: 747f jz 0x77a70a38
Eax=2 Ebx=3191FB4 Ecx=77305A70 Edx=3191FB4 Edi=2 Esi=77305A70 Ebp=327E354 Esp=327E348 Eip=77A709B7

ADDR: 77A709BE CODE: 7378 jae 0x77a70a38
Eax=2 Ebx=3191FB4 Ecx=77305A70 Edx=3191FB4 Edi=2 Esi=77305A70 Ebp=327E354 Esp=327E348 Eip=77A709BE

ADDR: 77305A83 CODE: 790d jns 0x77305a92
Eax=0 Ebx=75E4B498 Ecx=355A188 Edx=0 Edi=2 Esi=77305A70 Ebp=327E378 Esp=327E378 Eip=77305A83

ADDR: 778590DC CODE: 7454 jz 0x77859132
Eax=30E1272F Ebx=75E4B498 Ecx=1F Edx=0 Edi=2 Esi=772F00A0 Ebp=327E3EC Esp=327E390 Eip=778590DC

ADDR: 77A78DEB CODE: 730a jae 0x77a78df7
Eax=EE5E014 Ebx=75E4B498 Ecx=772F00A0 Edx=104000 Edi=2 Esi=772F00A0 Ebp=327E3EC Esp=327E388 Eip=77A78DEB

ADDR: 77A6C686 CODE: 743c jz 0x77a6c6c4
Eax=2 Ebx=75E4B498 Ecx=355A180 Edx=104000 Edi=2 Esi=3191000 Ebp=327E36C Esp=327E36C Eip=77A6C686

ADDR: 77A6C68D CODE: 7335 jae 0x77a6c6c4
Eax=2 Ebx=75E4B498 Ecx=355A180 Edx=104000 Edi=2 Esi=3191000 Ebp=327E36C Esp=327E36C Eip=77A6C68D

ADDR: 77A6C6AC CODE: 740c jz 0x77a6c6ba
Eax=355CAA0 Ebx=75E4B498 Ecx=355A180 Edx=0 Edi=2 Esi=2 Ebp=327E36C Esp=327E368 Eip=77A6C6AC

ADDR: 77A6C6B4 CODE: 7404 jz 0x77a6c6ba
Eax=355CAAC Ebx=75E4B498 Ecx=355A180 Edx=0 Edi=2 Esi=2 Ebp=327E36C Esp=327E368 Eip=77A6C6B4

ADDR: 772F00BD CODE: 791c jns 0x772f00db
Eax=0 Ebx=75E4B498 Ecx=327E380 Edx=0 Edi=2 Esi=3191000 Ebp=327E384 Esp=327E37C Eip=772F00BD

ADDR: 77A2E69A CODE: 7315 jae 0x77a2e6b1
Eax=77935C1C Ebx=75E4B498 Ecx=77935C18 Edx=3191000 Edi=75EC30F0 Esi=763BC8DC Ebp=327E35C Esp=327E358 Eip=77A2E69A

ADDR: 778597A6 CODE: 0f8454720500 jz 0x778b0a00
Eax=327E3CC Ebx=763BC8DC Ecx=327E3B8 Edx=3191000 Edi=75EC30F0 Esi=763BC8DC Ebp=327E360 Esp=327E340 Eip=778597A6

ADDR: 778597D3 CODE: 7479 jz 0x7785984e
Eax=327E3CC Ebx=356E480 Ecx=1F Edx=B76A77F Edi=356E280 Esi=356E404 Ebp=327E360 Esp=327E340 Eip=778597D3

ADDR: 77A27B53 CODE: 746e jz 0x77a27bc3
Eax=FFFFFFFE Ebx=77935C18 Ecx=FFFFFFFF Edx=B76A77F Edi=77935C1C Esi=FFFFFFFE Ebp=327E358 Esp=327E344 Eip=77A27B53

ADDR: 778594A4 CODE: 7458 jz 0x778594fe
Eax=30EE8A47 Ebx=75E4B498 Ecx=1F Edx=B76A77F Edi=2 Esi=77305A70 Ebp=327E39C Esp=327E384 Eip=778594A4

ADDR: 77A78DEB CODE: 730a jae 0x77a78df7
Eax=EE60B4E Ebx=75E4B498 Ecx=77305A70 Edx=404000 Edi=2 Esi=77305A70 Ebp=327E39C Esp=327E378 Eip=77A78DEB

ADDR: 77A709B7 CODE: 747f jz 0x77a70a38
Eax=2 Ebx=3191FB4 Ecx=77305A70 Edx=3191FB4 Edi=2 Esi=77305A70 Ebp=327E350 Esp=327E344 Eip=77A709B7

ADDR: 77A709BE CODE: 7378 jae 0x77a70a38
Eax=2 Ebx=3191FB4 Ecx=77305A70 Edx=3191FB4 Edi=2 Esi=77305A70 Ebp=327E350 Esp=327E344 Eip=77A709BE

ADDR: 77305A83 CODE: 790d jns 0x77305a92
Eax=0 Ebx=75E4B498 Ecx=355A188 Edx=0 Edi=2 Esi=77305A70 Ebp=327E374 Esp=327E374 Eip=77305A83

ADDR: 77862C46 CODE: 740a jz 0x77862c52
Eax=0 Ebx=75E4B498 Ecx=7604E9A0 Edx=0 Edi=75EC3110 Esi=75E4B374 Ebp=327E430 Esp=327E424 Eip=77862C46

ADDR: 77A78DEB CODE: 730a jae 0x77a78df7
Eax=EBD8622 Ebx=75E4B498 Ecx=75EC3110 Edx=44444444 Edi=75EC3110 Esi=75E4B374 Ebp=327E430 Esp=327E420 Eip=77A78DEB

ADDR: 778595B4 CODE: 7458 jz 0x7785960e
Eax=30EE8A47 Ebx=75E4B498 Ecx=1F Edx=763BC8DC Edi=2 Esi=77305A70 Ebp=327E3A0 Esp=327E388 Eip=778595B4

ADDR: 77A78DEB CODE: 730a jae 0x77a78df7
Eax=EE60B4E Ebx=75E4B498 Ecx=77305A70 Edx=404000 Edi=2 Esi=77305A70 Ebp=327E3A0 Esp=327E37C Eip=77A78DEB

ADDR: 77A709B7 CODE: 747f jz 0x77a70a38
Eax=2 Ebx=3191FB4 Ecx=77305A70 Edx=3191FB4 Edi=2 Esi=77305A70 Ebp=327E354 Esp=327E348 Eip=77A709B7

ADDR: 77A709BE CODE: 7378 jae 0x77a70a38
Eax=2 Ebx=3191FB4 Ecx=77305A70 Edx=3191FB4 Edi=2 Esi=77305A70 Ebp=327E354 Esp=327E348 Eip=77A709BE

ADDR: 77305A83 CODE: 790d jns 0x77305a92
Eax=0 Ebx=75E4B498 Ecx=355A188 Edx=0 Edi=2 Esi=77305A70 Ebp=327E378 Esp=327E378 Eip=77305A83

ADDR: 778590DC CODE: 7454 jz 0x77859132
Eax=30E1272F Ebx=75E4B498 Ecx=1F Edx=0 Edi=2 Esi=772F00A0 Ebp=327E3EC Esp=327E390 Eip=778590DC

ADDR: 77A78DEB CODE: 730a jae 0x77a78df7
Eax=EE5E014 Ebx=75E4B498 Ecx=772F00A0 Edx=104000 Edi=2 Esi=772F00A0 Ebp=327E3EC Esp=327E388 Eip=77A78DEB

ADDR: 77A6C686 CODE: 743c jz 0x77a6c6c4
Eax=2 Ebx=75E4B498 Ecx=355A180 Edx=104000 Edi=2 Esi=3191000 Ebp=327E36C Esp=327E36C Eip=77A6C686

ADDR: 77A6C68D CODE: 7335 jae 0x77a6c6c4
Eax=2 Ebx=75E4B498 Ecx=355A180 Edx=104000 Edi=2 Esi=3191000 Ebp=327E36C Esp=327E36C Eip=77A6C68D

ADDR: 77A6C6AC CODE: 740c jz 0x77a6c6ba
Eax=355CAA0 Ebx=75E4B498 Ecx=355A180 Edx=0 Edi=2 Esi=2 Ebp=327E36C Esp=327E368 Eip=77A6C6AC

ADDR: 77A6C6B4 CODE: 7404 jz 0x77a6c6ba
Eax=355CAAC Ebx=75E4B498 Ecx=355A180 Edx=0 Edi=2 Esi=2 Ebp=327E36C Esp=327E368 Eip=77A6C6B4

ADDR: 772F00BD CODE: 791c jns 0x772f00db
Eax=0 Ebx=75E4B498 Ecx=327E380 Edx=0 Edi=2 Esi=3191000 Ebp=327E384 Esp=327E37C Eip=772F00BD

ADDR: 77A2E69A CODE: 7315 jae 0x77a2e6b1
Eax=77935C1C Ebx=75E4B498 Ecx=77935C18 Edx=3191000 Edi=75EC3110 Esi=763BC8DC Ebp=327E35C Esp=327E358 Eip=77A2E69A

ADDR: 778597A6 CODE: 0f8454720500 jz 0x778b0a00
Eax=327E3CC Ebx=763BC8DC Ecx=327E3B8 Edx=3191000 Edi=75EC3110 Esi=763BC8DC Ebp=327E360 Esp=327E340 Eip=778597A6

ADDR: 778597D3 CODE: 7479 jz 0x7785984e
Eax=327E3CC Ebx=356E480 Ecx=1F Edx=B76A77F Edi=356E280 Esi=356E408 Ebp=327E360 Esp=327E340 Eip=778597D3

ADDR: 77A27B53 CODE: 746e jz 0x77a27bc3
Eax=FFFFFFFE Ebx=77935C18 Ecx=FFFFFFFF Edx=B76A77F Edi=77935C1C Esi=FFFFFFFE Ebp=327E358 Esp=327E344 Eip=77A27B53

ADDR: 778594A4 CODE: 7458 jz 0x778594fe
Eax=30EE8A47 Ebx=75E4B498 Ecx=1F Edx=B76A77F Edi=2 Esi=77305A70 Ebp=327E39C Esp=327E384 Eip=778594A4

ADDR: 77A78DEB CODE: 730a jae 0x77a78df7
Eax=EE60B4E Ebx=75E4B498 Ecx=77305A70 Edx=404000 Edi=2 Esi=77305A70 Ebp=327E39C Esp=327E378 Eip=77A78DEB

ADDR: 77A709B7 CODE: 747f jz 0x77a70a38
Eax=2 Ebx=3191FB4 Ecx=77305A70 Edx=3191FB4 Edi=2 Esi=77305A70 Ebp=327E350 Esp=327E344 Eip=77A709B7

ADDR: 77A709BE CODE: 7378 jae 0x77a70a38
Eax=2 Ebx=3191FB4 Ecx=77305A70 Edx=3191FB4 Edi=2 Esi=77305A70 Ebp=327E350 Esp=327E344 Eip=77A709BE

ADDR: 77305A83 CODE: 790d jns 0x77305a92
Eax=0 Ebx=75E4B498 Ecx=355A188 Edx=0 Edi=2 Esi=77305A70 Ebp=327E374 Esp=327E374 Eip=77305A83

ADDR: 77862C46 CODE: 740a jz 0x77862c52
Eax=0 Ebx=75E4B498 Ecx=7604E9B0 Edx=0 Edi=75EC3130 Esi=75E4B378 Ebp=327E430 Esp=327E424 Eip=77862C46

ADDR: 77A78DEB CODE: 730a jae 0x77a78df7
Eax=EBD8626 Ebx=75E4B498 Ecx=75EC3130 Edx=44444444 Edi=75EC3130 Esi=75E4B378 Ebp=327E430 Esp=327E420 Eip=77A78DEB

ADDR: 778595B4 CODE: 7458 jz 0x7785960e
Eax=30EE8A47 Ebx=75E4B498 Ecx=1F Edx=763BC8DC Edi=2 Esi=77305A70 Ebp=327E3A0 Esp=327E388 Eip=778595B4

ADDR: 77A78DEB CODE: 730a jae 0x77a78df7
Eax=EE60B4E Ebx=75E4B498 Ecx=77305A70 Edx=404000 Edi=2 Esi=77305A70 Ebp=327E3A0 Esp=327E37C Eip=77A78DEB

ADDR: 77A709B7 CODE: 747f jz 0x77a70a38
Eax=2 Ebx=3191FB4 Ecx=77305A70 Edx=3191FB4 Edi=2 Esi=77305A70 Ebp=327E354 Esp=327E348 Eip=77A709B7

ADDR: 77A709BE CODE: 7378 jae 0x77a70a38
Eax=2 Ebx=3191FB4 Ecx=77305A70 Edx=3191FB4 Edi=2 Esi=77305A70 Ebp=327E354 Esp=327E348 Eip=77A709BE

ADDR: 77305A83 CODE: 790d jns 0x77305a92
Eax=0 Ebx=75E4B498 Ecx=355A188 Edx=0 Edi=2 Esi=77305A70 Ebp=327E378 Esp=327E378 Eip=77305A83

ADDR: 778590DC CODE: 7454 jz 0x77859132
Eax=30E1272F Ebx=75E4B498 Ecx=1F Edx=0 Edi=2 Esi=772F00A0 Ebp=327E3EC Esp=327E390 Eip=778590DC

ADDR: 77A78DEB CODE: 730a jae 0x77a78df7
Eax=EE5E014 Ebx=75E4B498 Ecx=772F00A0 Edx=104000 Edi=2 Esi=772F00A0 Ebp=327E3EC Esp=327E388 Eip=77A78DEB

ADDR: 77A6C686 CODE: 743c jz 0x77a6c6c4
Eax=2 Ebx=75E4B498 Ecx=355A180 Edx=104000 Edi=2 Esi=3191000 Ebp=327E36C Esp=327E36C Eip=77A6C686

ADDR: 77A6C68D CODE: 7335 jae 0x77a6c6c4
Eax=2 Ebx=75E4B498 Ecx=355A180 Edx=104000 Edi=2 Esi=3191000 Ebp=327E36C Esp=327E36C Eip=77A6C68D

ADDR: 77A6C6AC CODE: 740c jz 0x77a6c6ba
Eax=355CAA0 Ebx=75E4B498 Ecx=355A180 Edx=0 Edi=2 Esi=2 Ebp=327E36C Esp=327E368 Eip=77A6C6AC

ADDR: 77A6C6B4 CODE: 7404 jz 0x77a6c6ba
Eax=355CAAC Ebx=75E4B498 Ecx=355A180 Edx=0 Edi=2 Esi=2 Ebp=327E36C Esp=327E368 Eip=77A6C6B4

ADDR: 772F00BD CODE: 791c jns 0x772f00db
Eax=0 Ebx=75E4B498 Ecx=327E380 Edx=0 Edi=2 Esi=3191000 Ebp=327E384 Esp=327E37C Eip=772F00BD

ADDR: 77A2E69A CODE: 7315 jae 0x77a2e6b1
Eax=77935C1C Ebx=75E4B498 Ecx=77935C18 Edx=3191000 Edi=75EC3130 Esi=763BC8DC Ebp=327E35C Esp=327E358 Eip=77A2E69A

ADDR: 778597A6 CODE: 0f8454720500 jz 0x778b0a00
Eax=327E3CC Ebx=763BC8DC Ecx=327E3B8 Edx=3191000 Edi=75EC3130 Esi=763BC8DC Ebp=327E360 Esp=327E340 Eip=778597A6

ADDR: 778597D3 CODE: 7479 jz 0x7785984e
Eax=327E3CC Ebx=356E480 Ecx=1F Edx=B76A77F Edi=356E280 Esi=356E40C Ebp=327E360 Esp=327E340 Eip=778597D3

ADDR: 77A27B53 CODE: 746e jz 0x77a27bc3
Eax=FFFFFFFE Ebx=77935C18 Ecx=FFFFFFFF Edx=B76A77F Edi=77935C1C Esi=FFFFFFFE Ebp=327E358 Esp=327E344 Eip=77A27B53

ADDR: 778594A4 CODE: 7458 jz 0x778594fe
Eax=30EE8A47 Ebx=75E4B498 Ecx=1F Edx=B76A77F Edi=2 Esi=77305A70 Ebp=327E39C Esp=327E384 Eip=778594A4

ADDR: 77A78DEB CODE: 730a jae 0x77a78df7
Eax=EE60B4E Ebx=75E4B498 Ecx=77305A70 Edx=404000 Edi=2 Esi=77305A70 Ebp=327E39C Esp=327E378 Eip=77A78DEB

ADDR: 77A709B7 CODE: 747f jz 0x77a70a38
Eax=2 Ebx=3191FB4 Ecx=77305A70 Edx=3191FB4 Edi=2 Esi=77305A70 Ebp=327E350 Esp=327E344 Eip=77A709B7

ADDR: 77A709BE CODE: 7378 jae 0x77a70a38
Eax=2 Ebx=3191FB4 Ecx=77305A70 Edx=3191FB4 Edi=2 Esi=77305A70 Ebp=327E350 Esp=327E344 Eip=77A709BE

ADDR: 77305A83 CODE: 790d jns 0x77305a92
Eax=0 Ebx=75E4B498 Ecx=355A188 Edx=0 Edi=2 Esi=77305A70 Ebp=327E374 Esp=327E374 Eip=77305A83

ADDR: 77862C46 CODE: 740a jz 0x77862c52
Eax=0 Ebx=75E4B498 Ecx=7604E9C0 Edx=0 Edi=75EC3170 Esi=75E4B37C Ebp=327E430 Esp=327E424 Eip=77862C46

ADDR: 77A78DEB CODE: 730a jae 0x77a78df7
Eax=EBD862E Ebx=75E4B498 Ecx=75EC3170 Edx=44444444 Edi=75EC3170 Esi=75E4B37C Ebp=327E430 Esp=327E420 Eip=77A78DEB

ADDR: 778595B4 CODE: 7458 jz 0x7785960e
Eax=30EE8A47 Ebx=75E4B498 Ecx=1F Edx=763BC8DC Edi=2 Esi=77305A70 Ebp=327E3A0 Esp=327E388 Eip=778595B4

ADDR: 77A78DEB CODE: 730a jae 0x77a78df7
Eax=EE60B4E Ebx=75E4B498 Ecx=77305A70 Edx=404000 Edi=2 Esi=77305A70 Ebp=327E3A0 Esp=327E37C Eip=77A78DEB

ADDR: 77A709B7 CODE: 747f jz 0x77a70a38
Eax=2 Ebx=3191FB4 Ecx=77305A70 Edx=3191FB4 Edi=2 Esi=77305A70 Ebp=327E354 Esp=327E348 Eip=77A709B7

ADDR: 77A709BE CODE: 7378 jae 0x77a70a38
Eax=2 Ebx=3191FB4 Ecx=77305A70 Edx=3191FB4 Edi=2 Esi=77305A70 Ebp=327E354 Esp=327E348 Eip=77A709BE

ADDR: 77305A83 CODE: 790d jns 0x77305a92
Eax=0 Ebx=75E4B498 Ecx=355A188 Edx=0 Edi=2 Esi=77305A70 Ebp=327E378 Esp=327E378 Eip=77305A83

ADDR: 778590DC CODE: 7454 jz 0x77859132
Eax=30E1272F Ebx=75E4B498 Ecx=1F Edx=0 Edi=2 Esi=772F00A0 Ebp=327E3EC Esp=327E390 Eip=778590DC

ADDR: 77A78DEB CODE: 730a jae 0x77a78df7
Eax=EE5E014 Ebx=75E4B498 Ecx=772F00A0 Edx=104000 Edi=2 Esi=772F00A0 Ebp=327E3EC Esp=327E388 Eip=77A78DEB

ADDR: 77A6C686 CODE: 743c jz 0x77a6c6c4
Eax=2 Ebx=75E4B498 Ecx=355A180 Edx=104000 Edi=2 Esi=3191000 Ebp=327E36C Esp=327E36C Eip=77A6C686

ADDR: 77A6C68D CODE: 7335 jae 0x77a6c6c4
Eax=2 Ebx=75E4B498 Ecx=355A180 Edx=104000 Edi=2 Esi=3191000 Ebp=327E36C Esp=327E36C Eip=77A6C68D

ADDR: 77A6C6AC CODE: 740c jz 0x77a6c6ba
Eax=355CAA0 Ebx=75E4B498 Ecx=355A180 Edx=0 Edi=2 Esi=2 Ebp=327E36C Esp=327E368 Eip=77A6C6AC

ADDR: 77A6C6B4 CODE: 7404 jz 0x77a6c6ba
Eax=355CAAC Ebx=75E4B498 Ecx=355A180 Edx=0 Edi=2 Esi=2 Ebp=327E36C Esp=327E368 Eip=77A6C6B4

ADDR: 772F00BD CODE: 791c jns 0x772f00db
Eax=0 Ebx=75E4B498 Ecx=327E380 Edx=0 Edi=2 Esi=3191000 Ebp=327E384 Esp=327E37C Eip=772F00BD

ADDR: 77A2E69A CODE: 7315 jae 0x77a2e6b1
Eax=77935C1C Ebx=75E4B498 Ecx=77935C18 Edx=3191000 Edi=75EC3170 Esi=763BC8DC Ebp=327E35C Esp=327E358 Eip=77A2E69A

ADDR: 778597A6 CODE: 0f8454720500 jz 0x778b0a00
Eax=327E3CC Ebx=763BC8DC Ecx=327E3B8 Edx=3191000 Edi=75EC3170 Esi=763BC8DC Ebp=327E360 Esp=327E340 Eip=778597A6

ADDR: 778597D3 CODE: 7479 jz 0x7785984e
Eax=327E3CC Ebx=356E480 Ecx=1F Edx=B76A77F Edi=356E280 Esi=356E410 Ebp=327E360 Esp=327E340 Eip=778597D3

ADDR: 77A27B53 CODE: 746e jz 0x77a27bc3
Eax=FFFFFFFE Ebx=77935C18 Ecx=FFFFFFFF Edx=B76A77F Edi=77935C1C Esi=FFFFFFFE Ebp=327E358 Esp=327E344 Eip=77A27B53

ADDR: 778594A4 CODE: 7458 jz 0x778594fe
Eax=30EE8A47 Ebx=75E4B498 Ecx=1F Edx=B76A77F Edi=2 Esi=77305A70 Ebp=327E39C Esp=327E384 Eip=778594A4

ADDR: 77A78DEB CODE: 730a jae 0x77a78df7
Eax=EE60B4E Ebx=75E4B498 Ecx=77305A70 Edx=404000 Edi=2 Esi=77305A70 Ebp=327E39C Esp=327E378 Eip=77A78DEB

ADDR: 77A709B7 CODE: 747f jz 0x77a70a38
Eax=2 Ebx=3191FB4 Ecx=77305A70 Edx=3191FB4 Edi=2 Esi=77305A70 Ebp=327E350 Esp=327E344 Eip=77A709B7

ADDR: 77A709BE CODE: 7378 jae 0x77a70a38
Eax=2 Ebx=3191FB4 Ecx=77305A70 Edx=3191FB4 Edi=2 Esi=77305A70 Ebp=327E350 Esp=327E344 Eip=77A709BE

ADDR: 77305A83 CODE: 790d jns 0x77305a92
Eax=0 Ebx=75E4B498 Ecx=355A188 Edx=0 Edi=2 Esi=77305A70 Ebp=327E374 Esp=327E374 Eip=77305A83

ADDR: 77862C46 CODE: 740a jz 0x77862c52
Eax=0 Ebx=75E4B498 Ecx=7604E9E0 Edx=0 Edi=75EC3150 Esi=75E4B380 Ebp=327E430 Esp=327E424 Eip=77862C46

ADDR: 77A78DEB CODE: 730a jae 0x77a78df7
Eax=EBD862A Ebx=75E4B498 Ecx=75EC3150 Edx=44444444 Edi=75EC3150 Esi=75E4B380 Ebp=327E430 Esp=327E420 Eip=77A78DEB

ADDR: 778595B4 CODE: 7458 jz 0x7785960e
Eax=30EE8A47 Ebx=75E4B498 Ecx=1F Edx=763BC8DC Edi=2 Esi=77305A70 Ebp=327E3A0 Esp=327E388 Eip=778595B4

ADDR: 77A78DEB CODE: 730a jae 0x77a78df7
Eax=EE60B4E Ebx=75E4B498 Ecx=77305A70 Edx=404000 Edi=2 Esi=77305A70 Ebp=327E3A0 Esp=327E37C Eip=77A78DEB

ADDR: 77A709B7 CODE: 747f jz 0x77a70a38
Eax=2 Ebx=3191FB4 Ecx=77305A70 Edx=3191FB4 Edi=2 Esi=77305A70 Ebp=327E354 Esp=327E348 Eip=77A709B7

ADDR: 77A709BE CODE: 7378 jae 0x77a70a38
Eax=2 Ebx=3191FB4 Ecx=77305A70 Edx=3191FB4 Edi=2 Esi=77305A70 Ebp=327E354 Esp=327E348 Eip=77A709BE

ADDR: 77305A83 CODE: 790d jns 0x77305a92
Eax=0 Ebx=75E4B498 Ecx=355A188 Edx=0 Edi=2 Esi=77305A70 Ebp=327E378 Esp=327E378 Eip=77305A83

ADDR: 778590DC CODE: 7454 jz 0x77859132
Eax=30E1272F Ebx=75E4B498 Ecx=1F Edx=0 Edi=2 Esi=772F00A0 Ebp=327E3EC Esp=327E390 Eip=778590DC

ADDR: 77A78DEB CODE: 730a jae 0x77a78df7
Eax=EE5E014 Ebx=75E4B498 Ecx=772F00A0 Edx=104000 Edi=2 Esi=772F00A0 Ebp=327E3EC Esp=327E388 Eip=77A78DEB

ADDR: 77A6C686 CODE: 743c jz 0x77a6c6c4
Eax=2 Ebx=75E4B498 Ecx=355A180 Edx=104000 Edi=2 Esi=3191000 Ebp=327E36C Esp=327E36C Eip=77A6C686

ADDR: 77A6C68D CODE: 7335 jae 0x77a6c6c4
Eax=2 Ebx=75E4B498 Ecx=355A180 Edx=104000 Edi=2 Esi=3191000 Ebp=327E36C Esp=327E36C Eip=77A6C68D

ADDR: 77A6C6AC CODE: 740c jz 0x77a6c6ba
Eax=355CAA0 Ebx=75E4B498 Ecx=355A180 Edx=0 Edi=2 Esi=2 Ebp=327E36C Esp=327E368 Eip=77A6C6AC

ADDR: 77A6C6B4 CODE: 7404 jz 0x77a6c6ba
Eax=355CAAC Ebx=75E4B498 Ecx=355A180 Edx=0 Edi=2 Esi=2 Ebp=327E36C Esp=327E368 Eip=77A6C6B4

ADDR: 772F00BD CODE: 791c jns 0x772f00db
Eax=0 Ebx=75E4B498 Ecx=327E380 Edx=0 Edi=2 Esi=3191000 Ebp=327E384 Esp=327E37C Eip=772F00BD

ADDR: 77A2E69A CODE: 7315 jae 0x77a2e6b1
Eax=77935C1C Ebx=75E4B498 Ecx=77935C18 Edx=3191000 Edi=75EC3150 Esi=763BC8DC Ebp=327E35C Esp=327E358 Eip=77A2E69A

ADDR: 778597A6 CODE: 0f8454720500 jz 0x778b0a00
Eax=327E3CC Ebx=763BC8DC Ecx=327E3B8 Edx=3191000 Edi=75EC3150 Esi=763BC8DC Ebp=327E360 Esp=327E340 Eip=778597A6

ADDR: 778597D3 CODE: 7479 jz 0x7785984e
Eax=327E3CC Ebx=356E480 Ecx=1F Edx=B76A77F Edi=356E280 Esi=356E414 Ebp=327E360 Esp=327E340 Eip=778597D3

ADDR: 77A27B53 CODE: 746e jz 0x77a27bc3
Eax=FFFFFFFE Ebx=77935C18 Ecx=FFFFFFFF Edx=B76A77F Edi=77935C1C Esi=FFFFFFFE Ebp=327E358 Esp=327E344 Eip=77A27B53

ADDR: 778594A4 CODE: 7458 jz 0x778594fe
Eax=30EE8A47 Ebx=75E4B498 Ecx=1F Edx=B76A77F Edi=2 Esi=77305A70 Ebp=327E39C Esp=327E384 Eip=778594A4

ADDR: 77A78DEB CODE: 730a jae 0x77a78df7
Eax=EE60B4E Ebx=75E4B498 Ecx=77305A70 Edx=404000 Edi=2 Esi=77305A70 Ebp=327E39C Esp=327E378 Eip=77A78DEB

ADDR: 77A709B7 CODE: 747f jz 0x77a70a38
Eax=2 Ebx=3191FB4 Ecx=77305A70 Edx=3191FB4 Edi=2 Esi=77305A70 Ebp=327E350 Esp=327E344 Eip=77A709B7

ADDR: 77A709BE CODE: 7378 jae 0x77a70a38
Eax=2 Ebx=3191FB4 Ecx=77305A70 Edx=3191FB4 Edi=2 Esi=77305A70 Ebp=327E350 Esp=327E344 Eip=77A709BE

ADDR: 77305A83 CODE: 790d jns 0x77305a92
Eax=0 Ebx=75E4B498 Ecx=355A188 Edx=0 Edi=2 Esi=77305A70 Ebp=327E374 Esp=327E374 Eip=77305A83

ADDR: 77862C46 CODE: 740a jz 0x77862c52
Eax=0 Ebx=75E4B498 Ecx=7604E9D0 Edx=0 Edi=75EC3190 Esi=75E4B384 Ebp=327E430 Esp=327E424 Eip=77862C46

ADDR: 77A78DEB CODE: 730a jae 0x77a78df7
Eax=EBD8632 Ebx=75E4B498 Ecx=75EC3190 Edx=44444444 Edi=75EC3190 Esi=75E4B384 Ebp=327E430 Esp=327E420 Eip=77A78DEB

ADDR: 778595B4 CODE: 7458 jz 0x7785960e
Eax=30EE8A47 Ebx=75E4B498 Ecx=1F Edx=763BC8DC Edi=2 Esi=77305A70 Ebp=327E3A0 Esp=327E388 Eip=778595B4

ADDR: 77A78DEB CODE: 730a jae 0x77a78df7
Eax=EE60B4E Ebx=75E4B498 Ecx=77305A70 Edx=404000 Edi=2 Esi=77305A70 Ebp=327E3A0 Esp=327E37C Eip=77A78DEB

ADDR: 77A709B7 CODE: 747f jz 0x77a70a38
Eax=2 Ebx=3191FB4 Ecx=77305A70 Edx=3191FB4 Edi=2 Esi=77305A70 Ebp=327E354 Esp=327E348 Eip=77A709B7

ADDR: 77A709BE CODE: 7378 jae 0x77a70a38
Eax=2 Ebx=3191FB4 Ecx=77305A70 Edx=3191FB4 Edi=2 Esi=77305A70 Ebp=327E354 Esp=327E348 Eip=77A709BE

ADDR: 77305A83 CODE: 790d jns 0x77305a92
Eax=0 Ebx=75E4B498 Ecx=355A188 Edx=0 Edi=2 Esi=77305A70 Ebp=327E378 Esp=327E378 Eip=77305A83

ADDR: 778590DC CODE: 7454 jz 0x77859132
Eax=30E1272F Ebx=75E4B498 Ecx=1F Edx=0 Edi=2 Esi=772F00A0 Ebp=327E3EC Esp=327E390 Eip=778590DC

ADDR: 77A78DEB CODE: 730a jae 0x77a78df7
Eax=EE5E014 Ebx=75E4B498 Ecx=772F00A0 Edx=104000 Edi=2 Esi=772F00A0 Ebp=327E3EC Esp=327E388 Eip=77A78DEB

ADDR: 77A6C686 CODE: 743c jz 0x77a6c6c4
Eax=2 Ebx=75E4B498 Ecx=355A180 Edx=104000 Edi=2 Esi=3191000 Ebp=327E36C Esp=327E36C Eip=77A6C686

ADDR: 77A6C68D CODE: 7335 jae 0x77a6c6c4
Eax=2 Ebx=75E4B498 Ecx=355A180 Edx=104000 Edi=2 Esi=3191000 Ebp=327E36C Esp=327E36C Eip=77A6C68D

ADDR: 77A6C6AC CODE: 740c jz 0x77a6c6ba
Eax=355CAA0 Ebx=75E4B498 Ecx=355A180 Edx=0 Edi=2 Esi=2 Ebp=327E36C Esp=327E368 Eip=77A6C6AC

ADDR: 77A6C6B4 CODE: 7404 jz 0x77a6c6ba
Eax=355CAAC Ebx=75E4B498 Ecx=355A180 Edx=0 Edi=2 Esi=2 Ebp=327E36C Esp=327E368 Eip=77A6C6B4

ADDR: 772F00BD CODE: 791c jns 0x772f00db
Eax=0 Ebx=75E4B498 Ecx=327E380 Edx=0 Edi=2 Esi=3191000 Ebp=327E384 Esp=327E37C Eip=772F00BD

ADDR: 77A2E69A CODE: 7315 jae 0x77a2e6b1
Eax=77935C1C Ebx=75E4B498 Ecx=77935C18 Edx=3191000 Edi=75EC3190 Esi=763BC8DC Ebp=327E35C Esp=327E358 Eip=77A2E69A

ADDR: 778597A6 CODE: 0f8454720500 jz 0x778b0a00
Eax=327E3CC Ebx=763BC8DC Ecx=327E3B8 Edx=3191000 Edi=75EC3190 Esi=763BC8DC Ebp=327E360 Esp=327E340 Eip=778597A6

ADDR: 778597D3 CODE: 7479 jz 0x7785984e
Eax=327E3CC Ebx=356E480 Ecx=1F Edx=B76A77F Edi=356E280 Esi=356E418 Ebp=327E360 Esp=327E340 Eip=778597D3

ADDR: 77A27B53 CODE: 746e jz 0x77a27bc3
Eax=FFFFFFFE Ebx=77935C18 Ecx=FFFFFFFF Edx=B76A77F Edi=77935C1C Esi=FFFFFFFE Ebp=327E358 Esp=327E344 Eip=77A27B53

ADDR: 778594A4 CODE: 7458 jz 0x778594fe
Eax=30EE8A47 Ebx=75E4B498 Ecx=1F Edx=B76A77F Edi=2 Esi=77305A70 Ebp=327E39C Esp=327E384 Eip=778594A4

ADDR: 77A78DEB CODE: 730a jae 0x77a78df7
Eax=EE60B4E Ebx=75E4B498 Ecx=77305A70 Edx=404000 Edi=2 Esi=77305A70 Ebp=327E39C Esp=327E378 Eip=77A78DEB

ADDR: 77A709B7 CODE: 747f jz 0x77a70a38
Eax=2 Ebx=3191FB4 Ecx=77305A70 Edx=3191FB4 Edi=2 Esi=77305A70 Ebp=327E350 Esp=327E344 Eip=77A709B7

ADDR: 77A709BE CODE: 7378 jae 0x77a70a38
Eax=2 Ebx=3191FB4 Ecx=77305A70 Edx=3191FB4 Edi=2 Esi=77305A70 Ebp=327E350 Esp=327E344 Eip=77A709BE

ADDR: 77305A83 CODE: 790d jns 0x77305a92
Eax=0 Ebx=75E4B498 Ecx=355A188 Edx=0 Edi=2 Esi=77305A70 Ebp=327E374 Esp=327E374 Eip=77305A83

ADDR: 77862C46 CODE: 740a jz 0x77862c52
Eax=0 Ebx=75E4B498 Ecx=7604E9F0 Edx=0 Edi=75EC31B0 Esi=75E4B388 Ebp=327E430 Esp=327E424 Eip=77862C46

ADDR: 77A78DEB CODE: 730a jae 0x77a78df7
Eax=EBD8636 Ebx=75E4B498 Ecx=75EC31B0 Edx=44444444 Edi=75EC31B0 Esi=75E4B388 Ebp=327E430 Esp=327E420 Eip=77A78DEB

ADDR: 778595B4 CODE: 7458 jz 0x7785960e
Eax=30EE8A47 Ebx=75E4B498 Ecx=1F Edx=763BC8DC Edi=2 Esi=77305A70 Ebp=327E3A0 Esp=327E388 Eip=778595B4

ADDR: 77A78DEB CODE: 730a jae 0x77a78df7
Eax=EE60B4E Ebx=75E4B498 Ecx=77305A70 Edx=404000 Edi=2 Esi=77305A70 Ebp=327E3A0 Esp=327E37C Eip=77A78DEB

ADDR: 77A709B7 CODE: 747f jz 0x77a70a38
Eax=2 Ebx=3191FB4 Ecx=77305A70 Edx=3191FB4 Edi=2 Esi=77305A70 Ebp=327E354 Esp=327E348 Eip=77A709B7

ADDR: 77A709BE CODE: 7378 jae 0x77a70a38
Eax=2 Ebx=3191FB4 Ecx=77305A70 Edx=3191FB4 Edi=2 Esi=77305A70 Ebp=327E354 Esp=327E348 Eip=77A709BE

ADDR: 77305A83 CODE: 790d jns 0x77305a92
Eax=0 Ebx=75E4B498 Ecx=355A188 Edx=0 Edi=2 Esi=77305A70 Ebp=327E378 Esp=327E378 Eip=77305A83

ADDR: 778590DC CODE: 7454 jz 0x77859132
Eax=30E1272F Ebx=75E4B498 Ecx=1F Edx=0 Edi=2 Esi=772F00A0 Ebp=327E3EC Esp=327E390 Eip=778590DC

ADDR: 77A78DEB CODE: 730a jae 0x77a78df7
Eax=EE5E014 Ebx=75E4B498 Ecx=772F00A0 Edx=104000 Edi=2 Esi=772F00A0 Ebp=327E3EC Esp=327E388 Eip=77A78DEB

ADDR: 77A6C686 CODE: 743c jz 0x77a6c6c4
Eax=2 Ebx=75E4B498 Ecx=355A180 Edx=104000 Edi=2 Esi=3191000 Ebp=327E36C Esp=327E36C Eip=77A6C686

ADDR: 77A6C68D CODE: 7335 jae 0x77a6c6c4
Eax=2 Ebx=75E4B498 Ecx=355A180 Edx=104000 Edi=2 Esi=3191000 Ebp=327E36C Esp=327E36C Eip=77A6C68D

ADDR: 77A6C6AC CODE: 740c jz 0x77a6c6ba
Eax=355CAA0 Ebx=75E4B498 Ecx=355A180 Edx=0 Edi=2 Esi=2 Ebp=327E36C Esp=327E368 Eip=77A6C6AC

ADDR: 77A6C6B4 CODE: 7404 jz 0x77a6c6ba
Eax=355CAAC Ebx=75E4B498 Ecx=355A180 Edx=0 Edi=2 Esi=2 Ebp=327E36C Esp=327E368 Eip=77A6C6B4

ADDR: 772F00BD CODE: 791c jns 0x772f00db
Eax=0 Ebx=75E4B498 Ecx=327E380 Edx=0 Edi=2 Esi=3191000 Ebp=327E384 Esp=327E37C Eip=772F00BD

ADDR: 77A2E69A CODE: 7315 jae 0x77a2e6b1
Eax=77935C1C Ebx=75E4B498 Ecx=77935C18 Edx=3191000 Edi=75EC31B0 Esi=763BC8DC Ebp=327E35C Esp=327E358 Eip=77A2E69A

ADDR: 778597A6 CODE: 0f8454720500 jz 0x778b0a00
Eax=327E3CC Ebx=763BC8DC Ecx=327E3B8 Edx=3191000 Edi=75EC31B0 Esi=763BC8DC Ebp=327E360 Esp=327E340 Eip=778597A6

ADDR: 778597D3 CODE: 7479 jz 0x7785984e
Eax=327E3CC Ebx=356E480 Ecx=1F Edx=B76A77F Edi=356E280 Esi=356E41C Ebp=327E360 Esp=327E340 Eip=778597D3

ADDR: 77A27B53 CODE: 746e jz 0x77a27bc3
Eax=FFFFFFFE Ebx=77935C18 Ecx=FFFFFFFF Edx=B76A77F Edi=77935C1C Esi=FFFFFFFE Ebp=327E358 Esp=327E344 Eip=77A27B53

ADDR: 778594A4 CODE: 7458 jz 0x778594fe
Eax=30EE8A47 Ebx=75E4B498 Ecx=1F Edx=B76A77F Edi=2 Esi=77305A70 Ebp=327E39C Esp=327E384 Eip=778594A4

ADDR: 77A78DEB CODE: 730a jae 0x77a78df7
Eax=EE60B4E Ebx=75E4B498 Ecx=77305A70 Edx=404000 Edi=2 Esi=77305A70 Ebp=327E39C Esp=327E378 Eip=77A78DEB

ADDR: 77A709B7 CODE: 747f jz 0x77a70a38
Eax=2 Ebx=3191FB4 Ecx=77305A70 Edx=3191FB4 Edi=2 Esi=77305A70 Ebp=327E350 Esp=327E344 Eip=77A709B7

ADDR: 77A709BE CODE: 7378 jae 0x77a70a38
Eax=2 Ebx=3191FB4 Ecx=77305A70 Edx=3191FB4 Edi=2 Esi=77305A70 Ebp=327E350 Esp=327E344 Eip=77A709BE

ADDR: 77305A83 CODE: 790d jns 0x77305a92
Eax=0 Ebx=75E4B498 Ecx=355A188 Edx=0 Edi=2 Esi=77305A70 Ebp=327E374 Esp=327E374 Eip=77305A83

ADDR: 77862C46 CODE: 740a jz 0x77862c52
Eax=0 Ebx=75E4B498 Ecx=7604EA00 Edx=0 Edi=75EC31D0 Esi=75E4B38C Ebp=327E430 Esp=327E424 Eip=77862C46

ADDR: 77A78DEB CODE: 730a jae 0x77a78df7
Eax=EBD863A Ebx=75E4B498 Ecx=75EC31D0 Edx=44444444 Edi=75EC31D0 Esi=75E4B38C Ebp=327E430 Esp=327E420 Eip=77A78DEB

ADDR: 778595B4 CODE: 7458 jz 0x7785960e
Eax=30EE8A47 Ebx=75E4B498 Ecx=1F Edx=763BC8DC Edi=2 Esi=77305A70 Ebp=327E3A0 Esp=327E388 Eip=778595B4

ADDR: 77A78DEB CODE: 730a jae 0x77a78df7
Eax=EE60B4E Ebx=75E4B498 Ecx=77305A70 Edx=404000 Edi=2 Esi=77305A70 Ebp=327E3A0 Esp=327E37C Eip=77A78DEB

ADDR: 77A709B7 CODE: 747f jz 0x77a70a38
Eax=2 Ebx=3191FB4 Ecx=77305A70 Edx=3191FB4 Edi=2 Esi=77305A70 Ebp=327E354 Esp=327E348 Eip=77A709B7

ADDR: 77A709BE CODE: 7378 jae 0x77a70a38
Eax=2 Ebx=3191FB4 Ecx=77305A70 Edx=3191FB4 Edi=2 Esi=77305A70 Ebp=327E354 Esp=327E348 Eip=77A709BE

ADDR: 77305A83 CODE: 790d jns 0x77305a92
Eax=0 Ebx=75E4B498 Ecx=355A188 Edx=0 Edi=2 Esi=77305A70 Ebp=327E378 Esp=327E378 Eip=77305A83

ADDR: 778590DC CODE: 7454 jz 0x77859132
Eax=30E1272F Ebx=75E4B498 Ecx=1F Edx=0 Edi=2 Esi=772F00A0 Ebp=327E3EC Esp=327E390 Eip=778590DC

ADDR: 77A78DEB CODE: 730a jae 0x77a78df7
Eax=EE5E014 Ebx=75E4B498 Ecx=772F00A0 Edx=104000 Edi=2 Esi=772F00A0 Ebp=327E3EC Esp=327E388 Eip=77A78DEB

ADDR: 77A6C686 CODE: 743c jz 0x77a6c6c4
Eax=2 Ebx=75E4B498 Ecx=355A180 Edx=104000 Edi=2 Esi=3191000 Ebp=327E36C Esp=327E36C Eip=77A6C686

ADDR: 77A6C68D CODE: 7335 jae 0x77a6c6c4
Eax=2 Ebx=75E4B498 Ecx=355A180 Edx=104000 Edi=2 Esi=3191000 Ebp=327E36C Esp=327E36C Eip=77A6C68D

ADDR: 77A6C6AC CODE: 740c jz 0x77a6c6ba
Eax=355CAA0 Ebx=75E4B498 Ecx=355A180 Edx=0 Edi=2 Esi=2 Ebp=327E36C Esp=327E368 Eip=77A6C6AC

ADDR: 77A6C6B4 CODE: 7404 jz 0x77a6c6ba
Eax=355CAAC Ebx=75E4B498 Ecx=355A180 Edx=0 Edi=2 Esi=2 Ebp=327E36C Esp=327E368 Eip=77A6C6B4

ADDR: 772F00BD CODE: 791c jns 0x772f00db
Eax=0 Ebx=75E4B498 Ecx=327E380 Edx=0 Edi=2 Esi=3191000 Ebp=327E384 Esp=327E37C Eip=772F00BD

ADDR: 77A2E69A CODE: 7315 jae 0x77a2e6b1
Eax=77935C1C Ebx=75E4B498 Ecx=77935C18 Edx=3191000 Edi=75EC31D0 Esi=763BC8DC Ebp=327E35C Esp=327E358 Eip=77A2E69A

ADDR: 778597A6 CODE: 0f8454720500 jz 0x778b0a00
Eax=327E3CC Ebx=763BC8DC Ecx=327E3B8 Edx=3191000 Edi=75EC31D0 Esi=763BC8DC Ebp=327E360 Esp=327E340 Eip=778597A6

ADDR: 778597D3 CODE: 7479 jz 0x7785984e
Eax=327E3CC Ebx=356E480 Ecx=1F Edx=B76A77F Edi=356E280 Esi=356E420 Ebp=327E360 Esp=327E340 Eip=778597D3

ADDR: 77A27B53 CODE: 746e jz 0x77a27bc3
Eax=FFFFFFFE Ebx=77935C18 Ecx=FFFFFFFF Edx=B76A77F Edi=77935C1C Esi=FFFFFFFE Ebp=327E358 Esp=327E344 Eip=77A27B53

ADDR: 778594A4 CODE: 7458 jz 0x778594fe
Eax=30EE8A47 Ebx=75E4B498 Ecx=1F Edx=B76A77F Edi=2 Esi=77305A70 Ebp=327E39C Esp=327E384 Eip=778594A4

ADDR: 77A78DEB CODE: 730a jae 0x77a78df7
Eax=EE60B4E Ebx=75E4B498 Ecx=77305A70 Edx=404000 Edi=2 Esi=77305A70 Ebp=327E39C Esp=327E378 Eip=77A78DEB

ADDR: 77A709B7 CODE: 747f jz 0x77a70a38
Eax=2 Ebx=3191FB4 Ecx=77305A70 Edx=3191FB4 Edi=2 Esi=77305A70 Ebp=327E350 Esp=327E344 Eip=77A709B7

ADDR: 77A709BE CODE: 7378 jae 0x77a70a38
Eax=2 Ebx=3191FB4 Ecx=77305A70 Edx=3191FB4 Edi=2 Esi=77305A70 Ebp=327E350 Esp=327E344 Eip=77A709BE

ADDR: 77305A83 CODE: 790d jns 0x77305a92
Eax=0 Ebx=75E4B498 Ecx=355A188 Edx=0 Edi=2 Esi=77305A70 Ebp=327E374 Esp=327E374 Eip=77305A83

ADDR: 77862C46 CODE: 740a jz 0x77862c52
Eax=0 Ebx=75E4B498 Ecx=7604EA10 Edx=0 Edi=75EC31F0 Esi=75E4B390 Ebp=327E430 Esp=327E424 Eip=77862C46

ADDR: 77A78DEB CODE: 730a jae 0x77a78df7
Eax=EBD863E Ebx=75E4B498 Ecx=75EC31F0 Edx=44444444 Edi=75EC31F0 Esi=75E4B390 Ebp=327E430 Esp=327E420 Eip=77A78DEB

ADDR: 778595B4 CODE: 7458 jz 0x7785960e
Eax=30EE8A47 Ebx=75E4B498 Ecx=1F Edx=763BC8DC Edi=2 Esi=77305A70 Ebp=327E3A0 Esp=327E388 Eip=778595B4

ADDR: 77A78DEB CODE: 730a jae 0x77a78df7
Eax=EE60B4E Ebx=75E4B498 Ecx=77305A70 Edx=404000 Edi=2 Esi=77305A70 Ebp=327E3A0 Esp=327E37C Eip=77A78DEB

ADDR: 77A709B7 CODE: 747f jz 0x77a70a38
Eax=2 Ebx=3191FB4 Ecx=77305A70 Edx=3191FB4 Edi=2 Esi=77305A70 Ebp=327E354 Esp=327E348 Eip=77A709B7

ADDR: 77A709BE CODE: 7378 jae 0x77a70a38
Eax=2 Ebx=3191FB4 Ecx=77305A70 Edx=3191FB4 Edi=2 Esi=77305A70 Ebp=327E354 Esp=327E348 Eip=77A709BE

ADDR: 77305A83 CODE: 790d jns 0x77305a92
Eax=0 Ebx=75E4B498 Ecx=355A188 Edx=0 Edi=2 Esi=77305A70 Ebp=327E378 Esp=327E378 Eip=77305A83

ADDR: 778590DC CODE: 7454 jz 0x77859132
Eax=30E1272F Ebx=75E4B498 Ecx=1F Edx=0 Edi=2 Esi=772F00A0 Ebp=327E3EC Esp=327E390 Eip=778590DC

ADDR: 77A78DEB CODE: 730a jae 0x77a78df7
Eax=EE5E014 Ebx=75E4B498 Ecx=772F00A0 Edx=104000 Edi=2 Esi=772F00A0 Ebp=327E3EC Esp=327E388 Eip=77A78DEB

ADDR: 77A6C686 CODE: 743c jz 0x77a6c6c4
Eax=2 Ebx=75E4B498 Ecx=355A180 Edx=104000 Edi=2 Esi=3191000 Ebp=327E36C Esp=327E36C Eip=77A6C686

ADDR: 77A6C68D CODE: 7335 jae 0x77a6c6c4
Eax=2 Ebx=75E4B498 Ecx=355A180 Edx=104000 Edi=2 Esi=3191000 Ebp=327E36C Esp=327E36C Eip=77A6C68D

ADDR: 77A6C6AC CODE: 740c jz 0x77a6c6ba
Eax=355CAA0 Ebx=75E4B498 Ecx=355A180 Edx=0 Edi=2 Esi=2 Ebp=327E36C Esp=327E368 Eip=77A6C6AC

ADDR: 77A6C6B4 CODE: 7404 jz 0x77a6c6ba
Eax=355CAAC Ebx=75E4B498 Ecx=355A180 Edx=0 Edi=2 Esi=2 Ebp=327E36C Esp=327E368 Eip=77A6C6B4

ADDR: 772F00BD CODE: 791c jns 0x772f00db
Eax=0 Ebx=75E4B498 Ecx=327E380 Edx=0 Edi=2 Esi=3191000 Ebp=327E384 Esp=327E37C Eip=772F00BD

ADDR: 77A2E69A CODE: 7315 jae 0x77a2e6b1
Eax=77935C1C Ebx=75E4B498 Ecx=77935C18 Edx=3191000 Edi=75EC31F0 Esi=763BC8DC Ebp=327E35C Esp=327E358 Eip=77A2E69A

ADDR: 778597A6 CODE: 0f8454720500 jz 0x778b0a00
Eax=327E3CC Ebx=763BC8DC Ecx=327E3B8 Edx=3191000 Edi=75EC31F0 Esi=763BC8DC Ebp=327E360 Esp=327E340 Eip=778597A6

ADDR: 778597D3 CODE: 7479 jz 0x7785984e
Eax=327E3CC Ebx=356E480 Ecx=1F Edx=B76A77F Edi=356E280 Esi=356E424 Ebp=327E360 Esp=327E340 Eip=778597D3

ADDR: 77A27B53 CODE: 746e jz 0x77a27bc3
Eax=FFFFFFFE Ebx=77935C18 Ecx=FFFFFFFF Edx=B76A77F Edi=77935C1C Esi=FFFFFFFE Ebp=327E358 Esp=327E344 Eip=77A27B53

ADDR: 778594A4 CODE: 7458 jz 0x778594fe
Eax=30EE8A47 Ebx=75E4B498 Ecx=1F Edx=B76A77F Edi=2 Esi=77305A70 Ebp=327E39C Esp=327E384 Eip=778594A4

ADDR: 77A78DEB CODE: 730a jae 0x77a78df7
Eax=EE60B4E Ebx=75E4B498 Ecx=77305A70 Edx=404000 Edi=2 Esi=77305A70 Ebp=327E39C Esp=327E378 Eip=77A78DEB

ADDR: 77A709B7 CODE: 747f jz 0x77a70a38
Eax=2 Ebx=3191FB4 Ecx=77305A70 Edx=3191FB4 Edi=2 Esi=77305A70 Ebp=327E350 Esp=327E344 Eip=77A709B7

ADDR: 77A709BE CODE: 7378 jae 0x77a70a38
Eax=2 Ebx=3191FB4 Ecx=77305A70 Edx=3191FB4 Edi=2 Esi=77305A70 Ebp=327E350 Esp=327E344 Eip=77A709BE

ADDR: 77305A83 CODE: 790d jns 0x77305a92
Eax=0 Ebx=75E4B498 Ecx=355A188 Edx=0 Edi=2 Esi=77305A70 Ebp=327E374 Esp=327E374 Eip=77305A83

ADDR: 77862C46 CODE: 740a jz 0x77862c52
Eax=0 Ebx=75E4B498 Ecx=7604EA20 Edx=0 Edi=75EC3210 Esi=75E4B394 Ebp=327E430 Esp=327E424 Eip=77862C46

ADDR: 77A78DEB CODE: 730a jae 0x77a78df7
Eax=EBD8642 Ebx=75E4B498 Ecx=75EC3210 Edx=44444444 Edi=75EC3210 Esi=75E4B394 Ebp=327E430 Esp=327E420 Eip=77A78DEB

ADDR: 778595B4 CODE: 7458 jz 0x7785960e
Eax=30EE8A47 Ebx=75E4B498 Ecx=1F Edx=763BC8DC Edi=2 Esi=77305A70 Ebp=327E3A0 Esp=327E388 Eip=778595B4

ADDR: 77A78DEB CODE: 730a jae 0x77a78df7
Eax=EE60B4E Ebx=75E4B498 Ecx=77305A70 Edx=404000 Edi=2 Esi=77305A70 Ebp=327E3A0 Esp=327E37C Eip=77A78DEB

ADDR: 77A709B7 CODE: 747f jz 0x77a70a38
Eax=2 Ebx=3191FB4 Ecx=77305A70 Edx=3191FB4 Edi=2 Esi=77305A70 Ebp=327E354 Esp=327E348 Eip=77A709B7

ADDR: 77A709BE CODE: 7378 jae 0x77a70a38
Eax=2 Ebx=3191FB4 Ecx=77305A70 Edx=3191FB4 Edi=2 Esi=77305A70 Ebp=327E354 Esp=327E348 Eip=77A709BE

ADDR: 77305A83 CODE: 790d jns 0x77305a92
Eax=0 Ebx=75E4B498 Ecx=355A188 Edx=0 Edi=2 Esi=77305A70 Ebp=327E378 Esp=327E378 Eip=77305A83

ADDR: 778590DC CODE: 7454 jz 0x77859132
Eax=30E1272F Ebx=75E4B498 Ecx=1F Edx=0 Edi=2 Esi=772F00A0 Ebp=327E3EC Esp=327E390 Eip=778590DC

ADDR: 77A78DEB CODE: 730a jae 0x77a78df7
Eax=EE5E014 Ebx=75E4B498 Ecx=772F00A0 Edx=104000 Edi=2 Esi=772F00A0 Ebp=327E3EC Esp=327E388 Eip=77A78DEB

ADDR: 77A6C686 CODE: 743c jz 0x77a6c6c4
Eax=2 Ebx=75E4B498 Ecx=355A180 Edx=104000 Edi=2 Esi=3191000 Ebp=327E36C Esp=327E36C Eip=77A6C686

ADDR: 77A6C68D CODE: 7335 jae 0x77a6c6c4
Eax=2 Ebx=75E4B498 Ecx=355A180 Edx=104000 Edi=2 Esi=3191000 Ebp=327E36C Esp=327E36C Eip=77A6C68D

ADDR: 77A6C6AC CODE: 740c jz 0x77a6c6ba
Eax=355CAA0 Ebx=75E4B498 Ecx=355A180 Edx=0 Edi=2 Esi=2 Ebp=327E36C Esp=327E368 Eip=77A6C6AC

ADDR: 77A6C6B4 CODE: 7404 jz 0x77a6c6ba
Eax=355CAAC Ebx=75E4B498 Ecx=355A180 Edx=0 Edi=2 Esi=2 Ebp=327E36C Esp=327E368 Eip=77A6C6B4

ADDR: 772F00BD CODE: 791c jns 0x772f00db
Eax=0 Ebx=75E4B498 Ecx=327E380 Edx=0 Edi=2 Esi=3191000 Ebp=327E384 Esp=327E37C Eip=772F00BD

ADDR: 77A2E69A CODE: 7315 jae 0x77a2e6b1
Eax=77935C1C Ebx=75E4B498 Ecx=77935C18 Edx=3191000 Edi=75EC3210 Esi=763BC8DC Ebp=327E35C Esp=327E358 Eip=77A2E69A

ADDR: 778597A6 CODE: 0f8454720500 jz 0x778b0a00
Eax=327E3CC Ebx=763BC8DC Ecx=327E3B8 Edx=3191000 Edi=75EC3210 Esi=763BC8DC Ebp=327E360 Esp=327E340 Eip=778597A6

ADDR: 778597D3 CODE: 7479 jz 0x7785984e
Eax=327E3CC Ebx=356E480 Ecx=1F Edx=B76A77F Edi=356E280 Esi=356E428 Ebp=327E360 Esp=327E340 Eip=778597D3

ADDR: 77A27B53 CODE: 746e jz 0x77a27bc3
Eax=FFFFFFFE Ebx=77935C18 Ecx=FFFFFFFF Edx=B76A77F Edi=77935C1C Esi=FFFFFFFE Ebp=327E358 Esp=327E344 Eip=77A27B53

ADDR: 778594A4 CODE: 7458 jz 0x778594fe
Eax=30EE8A47 Ebx=75E4B498 Ecx=1F Edx=B76A77F Edi=2 Esi=77305A70 Ebp=327E39C Esp=327E384 Eip=778594A4

ADDR: 77A78DEB CODE: 730a jae 0x77a78df7
Eax=EE60B4E Ebx=75E4B498 Ecx=77305A70 Edx=404000 Edi=2 Esi=77305A70 Ebp=327E39C Esp=327E378 Eip=77A78DEB

ADDR: 77A709B7 CODE: 747f jz 0x77a70a38
Eax=2 Ebx=3191FB4 Ecx=77305A70 Edx=3191FB4 Edi=2 Esi=77305A70 Ebp=327E350 Esp=327E344 Eip=77A709B7

ADDR: 77A709BE CODE: 7378 jae 0x77a70a38
Eax=2 Ebx=3191FB4 Ecx=77305A70 Edx=3191FB4 Edi=2 Esi=77305A70 Ebp=327E350 Esp=327E344 Eip=77A709BE

ADDR: 77305A83 CODE: 790d jns 0x77305a92
Eax=0 Ebx=75E4B498 Ecx=355A188 Edx=0 Edi=2 Esi=77305A70 Ebp=327E374 Esp=327E374 Eip=77305A83

ADDR: 77862C46 CODE: 740a jz 0x77862c52
Eax=0 Ebx=75E4B498 Ecx=7604EA30 Edx=0 Edi=75EC3230 Esi=75E4B398 Ebp=327E430 Esp=327E424 Eip=77862C46

ADDR: 77A78DEB CODE: 730a jae 0x77a78df7
Eax=EBD8646 Ebx=75E4B498 Ecx=75EC3230 Edx=44444444 Edi=75EC3230 Esi=75E4B398 Ebp=327E430 Esp=327E420 Eip=77A78DEB

ADDR: 778595B4 CODE: 7458 jz 0x7785960e
Eax=30EE8A47 Ebx=75E4B498 Ecx=1F Edx=763BC8DC Edi=2 Esi=77305A70 Ebp=327E3A0 Esp=327E388 Eip=778595B4

ADDR: 77A78DEB CODE: 730a jae 0x77a78df7
Eax=EE60B4E Ebx=75E4B498 Ecx=77305A70 Edx=404000 Edi=2 Esi=77305A70 Ebp=327E3A0 Esp=327E37C Eip=77A78DEB

ADDR: 77A709B7 CODE: 747f jz 0x77a70a38
Eax=2 Ebx=3191FB4 Ecx=77305A70 Edx=3191FB4 Edi=2 Esi=77305A70 Ebp=327E354 Esp=327E348 Eip=77A709B7

ADDR: 77A709BE CODE: 7378 jae 0x77a70a38
Eax=2 Ebx=3191FB4 Ecx=77305A70 Edx=3191FB4 Edi=2 Esi=77305A70 Ebp=327E354 Esp=327E348 Eip=77A709BE

ADDR: 77305A83 CODE: 790d jns 0x77305a92
Eax=0 Ebx=75E4B498 Ecx=355A188 Edx=0 Edi=2 Esi=77305A70 Ebp=327E378 Esp=327E378 Eip=77305A83

ADDR: 778590DC CODE: 7454 jz 0x77859132
Eax=30E1272F Ebx=75E4B498 Ecx=1F Edx=0 Edi=2 Esi=772F00A0 Ebp=327E3EC Esp=327E390 Eip=778590DC

ADDR: 77A78DEB CODE: 730a jae 0x77a78df7
Eax=EE5E014 Ebx=75E4B498 Ecx=772F00A0 Edx=104000 Edi=2 Esi=772F00A0 Ebp=327E3EC Esp=327E388 Eip=77A78DEB

ADDR: 77A6C686 CODE: 743c jz 0x77a6c6c4
Eax=2 Ebx=75E4B498 Ecx=355A180 Edx=104000 Edi=2 Esi=3191000 Ebp=327E36C Esp=327E36C Eip=77A6C686

ADDR: 77A6C68D CODE: 7335 jae 0x77a6c6c4
Eax=2 Ebx=75E4B498 Ecx=355A180 Edx=104000 Edi=2 Esi=3191000 Ebp=327E36C Esp=327E36C Eip=77A6C68D

ADDR: 77A6C6AC CODE: 740c jz 0x77a6c6ba
Eax=355CAA0 Ebx=75E4B498 Ecx=355A180 Edx=0 Edi=2 Esi=2 Ebp=327E36C Esp=327E368 Eip=77A6C6AC

ADDR: 77A6C6B4 CODE: 7404 jz 0x77a6c6ba
Eax=355CAAC Ebx=75E4B498 Ecx=355A180 Edx=0 Edi=2 Esi=2 Ebp=327E36C Esp=327E368 Eip=77A6C6B4

ADDR: 772F00BD CODE: 791c jns 0x772f00db
Eax=0 Ebx=75E4B498 Ecx=327E380 Edx=0 Edi=2 Esi=3191000 Ebp=327E384 Esp=327E37C Eip=772F00BD

ADDR: 77A2E69A CODE: 7315 jae 0x77a2e6b1
Eax=77935C1C Ebx=75E4B498 Ecx=77935C18 Edx=3191000 Edi=75EC3230 Esi=763BC8DC Ebp=327E35C Esp=327E358 Eip=77A2E69A

ADDR: 778597A6 CODE: 0f8454720500 jz 0x778b0a00
Eax=327E3CC Ebx=763BC8DC Ecx=327E3B8 Edx=3191000 Edi=75EC3230 Esi=763BC8DC Ebp=327E360 Esp=327E340 Eip=778597A6

ADDR: 778597D3 CODE: 7479 jz 0x7785984e
Eax=327E3CC Ebx=356E480 Ecx=1F Edx=B76A77F Edi=356E280 Esi=356E42C Ebp=327E360 Esp=327E340 Eip=778597D3

ADDR: 77A27B53 CODE: 746e jz 0x77a27bc3
Eax=FFFFFFFE Ebx=77935C18 Ecx=FFFFFFFF Edx=B76A77F Edi=77935C1C Esi=FFFFFFFE Ebp=327E358 Esp=327E344 Eip=77A27B53

ADDR: 778594A4 CODE: 7458 jz 0x778594fe
Eax=30EE8A47 Ebx=75E4B498 Ecx=1F Edx=B76A77F Edi=2 Esi=77305A70 Ebp=327E39C Esp=327E384 Eip=778594A4

ADDR: 77A78DEB CODE: 730a jae 0x77a78df7
Eax=EE60B4E Ebx=75E4B498 Ecx=77305A70 Edx=404000 Edi=2 Esi=77305A70 Ebp=327E39C Esp=327E378 Eip=77A78DEB

ADDR: 77A709B7 CODE: 747f jz 0x77a70a38
Eax=2 Ebx=3191FB4 Ecx=77305A70 Edx=3191FB4 Edi=2 Esi=77305A70 Ebp=327E350 Esp=327E344 Eip=77A709B7

ADDR: 77A709BE CODE: 7378 jae 0x77a70a38
Eax=2 Ebx=3191FB4 Ecx=77305A70 Edx=3191FB4 Edi=2 Esi=77305A70 Ebp=327E350 Esp=327E344 Eip=77A709BE

ADDR: 77305A83 CODE: 790d jns 0x77305a92
Eax=0 Ebx=75E4B498 Ecx=355A188 Edx=0 Edi=2 Esi=77305A70 Ebp=327E374 Esp=327E374 Eip=77305A83

ADDR: 77862C46 CODE: 740a jz 0x77862c52
Eax=0 Ebx=75E4B498 Ecx=7604EA40 Edx=0 Edi=75EC3250 Esi=75E4B39C Ebp=327E430 Esp=327E424 Eip=77862C46

ADDR: 77A78DEB CODE: 730a jae 0x77a78df7
Eax=EBD864A Ebx=75E4B498 Ecx=75EC3250 Edx=44444444 Edi=75EC3250 Esi=75E4B39C Ebp=327E430 Esp=327E420 Eip=77A78DEB

ADDR: 778595B4 CODE: 7458 jz 0x7785960e
Eax=30EE8A47 Ebx=75E4B498 Ecx=1F Edx=763BC8DC Edi=2 Esi=77305A70 Ebp=327E3A0 Esp=327E388 Eip=778595B4

ADDR: 77A78DEB CODE: 730a jae 0x77a78df7
Eax=EE60B4E Ebx=75E4B498 Ecx=77305A70 Edx=404000 Edi=2 Esi=77305A70 Ebp=327E3A0 Esp=327E37C Eip=77A78DEB

ADDR: 77A709B7 CODE: 747f jz 0x77a70a38
Eax=2 Ebx=3191FB4 Ecx=77305A70 Edx=3191FB4 Edi=2 Esi=77305A70 Ebp=327E354 Esp=327E348 Eip=77A709B7

ADDR: 77A709BE CODE: 7378 jae 0x77a70a38
Eax=2 Ebx=3191FB4 Ecx=77305A70 Edx=3191FB4 Edi=2 Esi=77305A70 Ebp=327E354 Esp=327E348 Eip=77A709BE

ADDR: 77305A83 CODE: 790d jns 0x77305a92
Eax=0 Ebx=75E4B498 Ecx=355A188 Edx=0 Edi=2 Esi=77305A70 Ebp=327E378 Esp=327E378 Eip=77305A83

ADDR: 778590DC CODE: 7454 jz 0x77859132
Eax=30E1272F Ebx=75E4B498 Ecx=1F Edx=0 Edi=2 Esi=772F00A0 Ebp=327E3EC Esp=327E390 Eip=778590DC

ADDR: 77A78DEB CODE: 730a jae 0x77a78df7
Eax=EE5E014 Ebx=75E4B498 Ecx=772F00A0 Edx=104000 Edi=2 Esi=772F00A0 Ebp=327E3EC Esp=327E388 Eip=77A78DEB

ADDR: 77A6C686 CODE: 743c jz 0x77a6c6c4
Eax=2 Ebx=75E4B498 Ecx=355A180 Edx=104000 Edi=2 Esi=3191000 Ebp=327E36C Esp=327E36C Eip=77A6C686

ADDR: 77A6C68D CODE: 7335 jae 0x77a6c6c4
Eax=2 Ebx=75E4B498 Ecx=355A180 Edx=104000 Edi=2 Esi=3191000 Ebp=327E36C Esp=327E36C Eip=77A6C68D

ADDR: 77A6C6AC CODE: 740c jz 0x77a6c6ba
Eax=355CAA0 Ebx=75E4B498 Ecx=355A180 Edx=0 Edi=2 Esi=2 Ebp=327E36C Esp=327E368 Eip=77A6C6AC

ADDR: 77A6C6B4 CODE: 7404 jz 0x77a6c6ba
Eax=355CAAC Ebx=75E4B498 Ecx=355A180 Edx=0 Edi=2 Esi=2 Ebp=327E36C Esp=327E368 Eip=77A6C6B4

ADDR: 772F00BD CODE: 791c jns 0x772f00db
Eax=0 Ebx=75E4B498 Ecx=327E380 Edx=0 Edi=2 Esi=3191000 Ebp=327E384 Esp=327E37C Eip=772F00BD

ADDR: 77A2E69A CODE: 7315 jae 0x77a2e6b1
Eax=77935C1C Ebx=75E4B498 Ecx=77935C18 Edx=3191000 Edi=75EC3250 Esi=763BC8DC Ebp=327E35C Esp=327E358 Eip=77A2E69A

ADDR: 778597A6 CODE: 0f8454720500 jz 0x778b0a00
Eax=327E3CC Ebx=763BC8DC Ecx=327E3B8 Edx=3191000 Edi=75EC3250 Esi=763BC8DC Ebp=327E360 Esp=327E340 Eip=778597A6

ADDR: 778597D3 CODE: 7479 jz 0x7785984e
Eax=327E3CC Ebx=356E480 Ecx=1F Edx=B76A77F Edi=356E280 Esi=356E430 Ebp=327E360 Esp=327E340 Eip=778597D3

ADDR: 77A27B53 CODE: 746e jz 0x77a27bc3
Eax=FFFFFFFE Ebx=77935C18 Ecx=FFFFFFFF Edx=B76A77F Edi=77935C1C Esi=FFFFFFFE Ebp=327E358 Esp=327E344 Eip=77A27B53

ADDR: 778594A4 CODE: 7458 jz 0x778594fe
Eax=30EE8A47 Ebx=75E4B498 Ecx=1F Edx=B76A77F Edi=2 Esi=77305A70 Ebp=327E39C Esp=327E384 Eip=778594A4

ADDR: 77A78DEB CODE: 730a jae 0x77a78df7
Eax=EE60B4E Ebx=75E4B498 Ecx=77305A70 Edx=404000 Edi=2 Esi=77305A70 Ebp=327E39C Esp=327E378 Eip=77A78DEB

ADDR: 77A709B7 CODE: 747f jz 0x77a70a38
Eax=2 Ebx=3191FB4 Ecx=77305A70 Edx=3191FB4 Edi=2 Esi=77305A70 Ebp=327E350 Esp=327E344 Eip=77A709B7

ADDR: 77A709BE CODE: 7378 jae 0x77a70a38
Eax=2 Ebx=3191FB4 Ecx=77305A70 Edx=3191FB4 Edi=2 Esi=77305A70 Ebp=327E350 Esp=327E344 Eip=77A709BE

ADDR: 77305A83 CODE: 790d jns 0x77305a92
Eax=0 Ebx=75E4B498 Ecx=355A188 Edx=0 Edi=2 Esi=77305A70 Ebp=327E374 Esp=327E374 Eip=77305A83

ADDR: 77862C46 CODE: 740a jz 0x77862c52
Eax=0 Ebx=75E4B498 Ecx=7604EA50 Edx=0 Edi=75EC3270 Esi=75E4B3A0 Ebp=327E430 Esp=327E424 Eip=77862C46

ADDR: 77A78DEB CODE: 730a jae 0x77a78df7
Eax=EBD864E Ebx=75E4B498 Ecx=75EC3270 Edx=44444444 Edi=75EC3270 Esi=75E4B3A0 Ebp=327E430 Esp=327E420 Eip=77A78DEB

ADDR: 778595B4 CODE: 7458 jz 0x7785960e
Eax=30EE8A47 Ebx=75E4B498 Ecx=1F Edx=763BC8DC Edi=2 Esi=77305A70 Ebp=327E3A0 Esp=327E388 Eip=778595B4

ADDR: 77A78DEB CODE: 730a jae 0x77a78df7
Eax=EE60B4E Ebx=75E4B498 Ecx=77305A70 Edx=404000 Edi=2 Esi=77305A70 Ebp=327E3A0 Esp=327E37C Eip=77A78DEB

ADDR: 77A709B7 CODE: 747f jz 0x77a70a38
Eax=2 Ebx=3191FB4 Ecx=77305A70 Edx=3191FB4 Edi=2 Esi=77305A70 Ebp=327E354 Esp=327E348 Eip=77A709B7

ADDR: 77A709BE CODE: 7378 jae 0x77a70a38
Eax=2 Ebx=3191FB4 Ecx=77305A70 Edx=3191FB4 Edi=2 Esi=77305A70 Ebp=327E354 Esp=327E348 Eip=77A709BE

ADDR: 77305A83 CODE: 790d jns 0x77305a92
Eax=0 Ebx=75E4B498 Ecx=355A188 Edx=0 Edi=2 Esi=77305A70 Ebp=327E378 Esp=327E378 Eip=77305A83

ADDR: 778590DC CODE: 7454 jz 0x77859132
Eax=30E1272F Ebx=75E4B498 Ecx=1F Edx=0 Edi=2 Esi=772F00A0 Ebp=327E3EC Esp=327E390 Eip=778590DC

ADDR: 77A78DEB CODE: 730a jae 0x77a78df7
Eax=EE5E014 Ebx=75E4B498 Ecx=772F00A0 Edx=104000 Edi=2 Esi=772F00A0 Ebp=327E3EC Esp=327E388 Eip=77A78DEB

ADDR: 77A6C686 CODE: 743c jz 0x77a6c6c4
Eax=2 Ebx=75E4B498 Ecx=355A180 Edx=104000 Edi=2 Esi=3191000 Ebp=327E36C Esp=327E36C Eip=77A6C686

ADDR: 77A6C68D CODE: 7335 jae 0x77a6c6c4
Eax=2 Ebx=75E4B498 Ecx=355A180 Edx=104000 Edi=2 Esi=3191000 Ebp=327E36C Esp=327E36C Eip=77A6C68D

ADDR: 77A6C6AC CODE: 740c jz 0x77a6c6ba
Eax=355CAA0 Ebx=75E4B498 Ecx=355A180 Edx=0 Edi=2 Esi=2 Ebp=327E36C Esp=327E368 Eip=77A6C6AC

ADDR: 77A6C6B4 CODE: 7404 jz 0x77a6c6ba
Eax=355CAAC Ebx=75E4B498 Ecx=355A180 Edx=0 Edi=2 Esi=2 Ebp=327E36C Esp=327E368 Eip=77A6C6B4

ADDR: 772F00BD CODE: 791c jns 0x772f00db
Eax=0 Ebx=75E4B498 Ecx=327E380 Edx=0 Edi=2 Esi=3191000 Ebp=327E384 Esp=327E37C Eip=772F00BD

ADDR: 77A2E69A CODE: 7315 jae 0x77a2e6b1
Eax=77935C1C Ebx=75E4B498 Ecx=77935C18 Edx=3191000 Edi=75EC3270 Esi=763BC8DC Ebp=327E35C Esp=327E358 Eip=77A2E69A

ADDR: 778597A6 CODE: 0f8454720500 jz 0x778b0a00
Eax=327E3CC Ebx=763BC8DC Ecx=327E3B8 Edx=3191000 Edi=75EC3270 Esi=763BC8DC Ebp=327E360 Esp=327E340 Eip=778597A6

ADDR: 778597D3 CODE: 7479 jz 0x7785984e
Eax=327E3CC Ebx=356E480 Ecx=1F Edx=B76A77F Edi=356E280 Esi=356E434 Ebp=327E360 Esp=327E340 Eip=778597D3

ADDR: 77A27B53 CODE: 746e jz 0x77a27bc3
Eax=FFFFFFFE Ebx=77935C18 Ecx=FFFFFFFF Edx=B76A77F Edi=77935C1C Esi=FFFFFFFE Ebp=327E358 Esp=327E344 Eip=77A27B53

ADDR: 778594A4 CODE: 7458 jz 0x778594fe
Eax=30EE8A47 Ebx=75E4B498 Ecx=1F Edx=B76A77F Edi=2 Esi=77305A70 Ebp=327E39C Esp=327E384 Eip=778594A4

ADDR: 77A78DEB CODE: 730a jae 0x77a78df7
Eax=EE60B4E Ebx=75E4B498 Ecx=77305A70 Edx=404000 Edi=2 Esi=77305A70 Ebp=327E39C Esp=327E378 Eip=77A78DEB

ADDR: 77A709B7 CODE: 747f jz 0x77a70a38
Eax=2 Ebx=3191FB4 Ecx=77305A70 Edx=3191FB4 Edi=2 Esi=77305A70 Ebp=327E350 Esp=327E344 Eip=77A709B7

ADDR: 77A709BE CODE: 7378 jae 0x77a70a38
Eax=2 Ebx=3191FB4 Ecx=77305A70 Edx=3191FB4 Edi=2 Esi=77305A70 Ebp=327E350 Esp=327E344 Eip=77A709BE

ADDR: 77305A83 CODE: 790d jns 0x77305a92
Eax=0 Ebx=75E4B498 Ecx=355A188 Edx=0 Edi=2 Esi=77305A70 Ebp=327E374 Esp=327E374 Eip=77305A83

ADDR: 77862C46 CODE: 740a jz 0x77862c52
Eax=0 Ebx=75E4B498 Ecx=7604EA60 Edx=0 Edi=75EC3290 Esi=75E4B3A4 Ebp=327E430 Esp=327E424 Eip=77862C46

ADDR: 77A78DEB CODE: 730a jae 0x77a78df7
Eax=EBD8652 Ebx=75E4B498 Ecx=75EC3290 Edx=44444444 Edi=75EC3290 Esi=75E4B3A4 Ebp=327E430 Esp=327E420 Eip=77A78DEB

ADDR: 778595B4 CODE: 7458 jz 0x7785960e
Eax=30EE8A47 Ebx=75E4B498 Ecx=1F Edx=763BC8DC Edi=2 Esi=77305A70 Ebp=327E3A0 Esp=327E388 Eip=778595B4

ADDR: 77A78DEB CODE: 730a jae 0x77a78df7
Eax=EE60B4E Ebx=75E4B498 Ecx=77305A70 Edx=404000 Edi=2 Esi=77305A70 Ebp=327E3A0 Esp=327E37C Eip=77A78DEB

ADDR: 77A709B7 CODE: 747f jz 0x77a70a38
Eax=2 Ebx=3191FB4 Ecx=77305A70 Edx=3191FB4 Edi=2 Esi=77305A70 Ebp=327E354 Esp=327E348 Eip=77A709B7

ADDR: 77A709BE CODE: 7378 jae 0x77a70a38
Eax=2 Ebx=3191FB4 Ecx=77305A70 Edx=3191FB4 Edi=2 Esi=77305A70 Ebp=327E354 Esp=327E348 Eip=77A709BE

ADDR: 77305A83 CODE: 790d jns 0x77305a92
Eax=0 Ebx=75E4B498 Ecx=355A188 Edx=0 Edi=2 Esi=77305A70 Ebp=327E378 Esp=327E378 Eip=77305A83

ADDR: 778590DC CODE: 7454 jz 0x77859132
Eax=30E1272F Ebx=75E4B498 Ecx=1F Edx=0 Edi=2 Esi=772F00A0 Ebp=327E3EC Esp=327E390 Eip=778590DC

ADDR: 77A78DEB CODE: 730a jae 0x77a78df7
Eax=EE5E014 Ebx=75E4B498 Ecx=772F00A0 Edx=104000 Edi=2 Esi=772F00A0 Ebp=327E3EC Esp=327E388 Eip=77A78DEB

ADDR: 77A6C686 CODE: 743c jz 0x77a6c6c4
Eax=2 Ebx=75E4B498 Ecx=355A180 Edx=104000 Edi=2 Esi=3191000 Ebp=327E36C Esp=327E36C Eip=77A6C686

ADDR: 77A6C68D CODE: 7335 jae 0x77a6c6c4
Eax=2 Ebx=75E4B498 Ecx=355A180 Edx=104000 Edi=2 Esi=3191000 Ebp=327E36C Esp=327E36C Eip=77A6C68D

ADDR: 77A6C6AC CODE: 740c jz 0x77a6c6ba
Eax=355CAA0 Ebx=75E4B498 Ecx=355A180 Edx=0 Edi=2 Esi=2 Ebp=327E36C Esp=327E368 Eip=77A6C6AC

ADDR: 77A6C6B4 CODE: 7404 jz 0x77a6c6ba
Eax=355CAAC Ebx=75E4B498 Ecx=355A180 Edx=0 Edi=2 Esi=2 Ebp=327E36C Esp=327E368 Eip=77A6C6B4

ADDR: 772F00BD CODE: 791c jns 0x772f00db
Eax=0 Ebx=75E4B498 Ecx=327E380 Edx=0 Edi=2 Esi=3191000 Ebp=327E384 Esp=327E37C Eip=772F00BD

ADDR: 77A2E69A CODE: 7315 jae 0x77a2e6b1
Eax=77935C1C Ebx=75E4B498 Ecx=77935C18 Edx=3191000 Edi=75EC3290 Esi=763BC8DC Ebp=327E35C Esp=327E358 Eip=77A2E69A

ADDR: 778597A6 CODE: 0f8454720500 jz 0x778b0a00
Eax=327E3CC Ebx=763BC8DC Ecx=327E3B8 Edx=3191000 Edi=75EC3290 Esi=763BC8DC Ebp=327E360 Esp=327E340 Eip=778597A6

ADDR: 778597D3 CODE: 7479 jz 0x7785984e
Eax=327E3CC Ebx=356E480 Ecx=1F Edx=B76A77F Edi=356E280 Esi=356E438 Ebp=327E360 Esp=327E340 Eip=778597D3

ADDR: 77A27B53 CODE: 746e jz 0x77a27bc3
Eax=FFFFFFFE Ebx=77935C18 Ecx=FFFFFFFF Edx=B76A77F Edi=77935C1C Esi=FFFFFFFE Ebp=327E358 Esp=327E344 Eip=77A27B53

ADDR: 778594A4 CODE: 7458 jz 0x778594fe
Eax=30EE8A47 Ebx=75E4B498 Ecx=1F Edx=B76A77F Edi=2 Esi=77305A70 Ebp=327E39C Esp=327E384 Eip=778594A4

ADDR: 77A78DEB CODE: 730a jae 0x77a78df7
Eax=EE60B4E Ebx=75E4B498 Ecx=77305A70 Edx=404000 Edi=2 Esi=77305A70 Ebp=327E39C Esp=327E378 Eip=77A78DEB

ADDR: 77A709B7 CODE: 747f jz 0x77a70a38
Eax=2 Ebx=3191FB4 Ecx=77305A70 Edx=3191FB4 Edi=2 Esi=77305A70 Ebp=327E350 Esp=327E344 Eip=77A709B7

ADDR: 77A709BE CODE: 7378 jae 0x77a70a38
Eax=2 Ebx=3191FB4 Ecx=77305A70 Edx=3191FB4 Edi=2 Esi=77305A70 Ebp=327E350 Esp=327E344 Eip=77A709BE

ADDR: 77305A83 CODE: 790d jns 0x77305a92
Eax=0 Ebx=75E4B498 Ecx=355A188 Edx=0 Edi=2 Esi=77305A70 Ebp=327E374 Esp=327E374 Eip=77305A83

ADDR: 77862C46 CODE: 740a jz 0x77862c52
Eax=0 Ebx=75E4B498 Ecx=7604EA70 Edx=0 Edi=75EC32B0 Esi=75E4B3A8 Ebp=327E430 Esp=327E424 Eip=77862C46

ADDR: 77A78DEB CODE: 730a jae 0x77a78df7
Eax=EBD8656 Ebx=75E4B498 Ecx=75EC32B0 Edx=44444444 Edi=75EC32B0 Esi=75E4B3A8 Ebp=327E430 Esp=327E420 Eip=77A78DEB

ADDR: 778595B4 CODE: 7458 jz 0x7785960e
Eax=30EE8A47 Ebx=75E4B498 Ecx=1F Edx=763BC8DC Edi=2 Esi=77305A70 Ebp=327E3A0 Esp=327E388 Eip=778595B4

ADDR: 77A78DEB CODE: 730a jae 0x77a78df7
Eax=EE60B4E Ebx=75E4B498 Ecx=77305A70 Edx=404000 Edi=2 Esi=77305A70 Ebp=327E3A0 Esp=327E37C Eip=77A78DEB

ADDR: 77A709B7 CODE: 747f jz 0x77a70a38
Eax=2 Ebx=3191FB4 Ecx=77305A70 Edx=3191FB4 Edi=2 Esi=77305A70 Ebp=327E354 Esp=327E348 Eip=77A709B7

ADDR: 77A709BE CODE: 7378 jae 0x77a70a38
Eax=2 Ebx=3191FB4 Ecx=77305A70 Edx=3191FB4 Edi=2 Esi=77305A70 Ebp=327E354 Esp=327E348 Eip=77A709BE

ADDR: 77305A83 CODE: 790d jns 0x77305a92
Eax=0 Ebx=75E4B498 Ecx=355A188 Edx=0 Edi=2 Esi=77305A70 Ebp=327E378 Esp=327E378 Eip=77305A83

ADDR: 778590DC CODE: 7454 jz 0x77859132
Eax=30E1272F Ebx=75E4B498 Ecx=1F Edx=0 Edi=2 Esi=772F00A0 Ebp=327E3EC Esp=327E390 Eip=778590DC

ADDR: 77A78DEB CODE: 730a jae 0x77a78df7
Eax=EE5E014 Ebx=75E4B498 Ecx=772F00A0 Edx=104000 Edi=2 Esi=772F00A0 Ebp=327E3EC Esp=327E388 Eip=77A78DEB

ADDR: 77A6C686 CODE: 743c jz 0x77a6c6c4
Eax=2 Ebx=75E4B498 Ecx=355A180 Edx=104000 Edi=2 Esi=3191000 Ebp=327E36C Esp=327E36C Eip=77A6C686

ADDR: 77A6C68D CODE: 7335 jae 0x77a6c6c4
Eax=2 Ebx=75E4B498 Ecx=355A180 Edx=104000 Edi=2 Esi=3191000 Ebp=327E36C Esp=327E36C Eip=77A6C68D

ADDR: 77A6C6AC CODE: 740c jz 0x77a6c6ba
Eax=355CAA0 Ebx=75E4B498 Ecx=355A180 Edx=0 Edi=2 Esi=2 Ebp=327E36C Esp=327E368 Eip=77A6C6AC

ADDR: 77A6C6B4 CODE: 7404 jz 0x77a6c6ba
Eax=355CAAC Ebx=75E4B498 Ecx=355A180 Edx=0 Edi=2 Esi=2 Ebp=327E36C Esp=327E368 Eip=77A6C6B4

ADDR: 772F00BD CODE: 791c jns 0x772f00db
Eax=0 Ebx=75E4B498 Ecx=327E380 Edx=0 Edi=2 Esi=3191000 Ebp=327E384 Esp=327E37C Eip=772F00BD

ADDR: 77A2E69A CODE: 7315 jae 0x77a2e6b1
Eax=77935C1C Ebx=75E4B498 Ecx=77935C18 Edx=3191000 Edi=75EC32B0 Esi=763BC8DC Ebp=327E35C Esp=327E358 Eip=77A2E69A

ADDR: 778597A6 CODE: 0f8454720500 jz 0x778b0a00
Eax=327E3CC Ebx=763BC8DC Ecx=327E3B8 Edx=3191000 Edi=75EC32B0 Esi=763BC8DC Ebp=327E360 Esp=327E340 Eip=778597A6

ADDR: 778597D3 CODE: 7479 jz 0x7785984e
Eax=327E3CC Ebx=356E480 Ecx=1F Edx=B76A77F Edi=356E280 Esi=356E43C Ebp=327E360 Esp=327E340 Eip=778597D3

ADDR: 77A27B53 CODE: 746e jz 0x77a27bc3
Eax=FFFFFFFE Ebx=77935C18 Ecx=FFFFFFFF Edx=B76A77F Edi=77935C1C Esi=FFFFFFFE Ebp=327E358 Esp=327E344 Eip=77A27B53

ADDR: 778594A4 CODE: 7458 jz 0x778594fe
Eax=30EE8A47 Ebx=75E4B498 Ecx=1F Edx=B76A77F Edi=2 Esi=77305A70 Ebp=327E39C Esp=327E384 Eip=778594A4

ADDR: 77A78DEB CODE: 730a jae 0x77a78df7
Eax=EE60B4E Ebx=75E4B498 Ecx=77305A70 Edx=404000 Edi=2 Esi=77305A70 Ebp=327E39C Esp=327E378 Eip=77A78DEB

ADDR: 77A709B7 CODE: 747f jz 0x77a70a38
Eax=2 Ebx=3191FB4 Ecx=77305A70 Edx=3191FB4 Edi=2 Esi=77305A70 Ebp=327E350 Esp=327E344 Eip=77A709B7

ADDR: 77A709BE CODE: 7378 jae 0x77a70a38
Eax=2 Ebx=3191FB4 Ecx=77305A70 Edx=3191FB4 Edi=2 Esi=77305A70 Ebp=327E350 Esp=327E344 Eip=77A709BE

ADDR: 77305A83 CODE: 790d jns 0x77305a92
Eax=0 Ebx=75E4B498 Ecx=355A188 Edx=0 Edi=2 Esi=77305A70 Ebp=327E374 Esp=327E374 Eip=77305A83

ADDR: 77862C46 CODE: 740a jz 0x77862c52
Eax=0 Ebx=75E4B498 Ecx=7604EA80 Edx=0 Edi=75EC32D0 Esi=75E4B3AC Ebp=327E430 Esp=327E424 Eip=77862C46

ADDR: 77A78DEB CODE: 730a jae 0x77a78df7
Eax=EBD865A Ebx=75E4B498 Ecx=75EC32D0 Edx=44444444 Edi=75EC32D0 Esi=75E4B3AC Ebp=327E430 Esp=327E420 Eip=77A78DEB

ADDR: 77A1680C CODE: 0f8685000000 jbe 0x77a16897
Eax=0 Ebx=75E4B498 Ecx=318E000 Edx=0 Edi=75EC32D0 Esi=763BF638 Ebp=327E3EC Esp=327E3B0 Eip=77A1680C

ADDR: 77A1681B CODE: 745c jz 0x77a16879
Eax=0 Ebx=75E4B498 Ecx=318E000 Edx=0 Edi=75EC32D0 Esi=763BF638 Ebp=327E3EC Esp=327E3B0 Eip=77A1681B

ADDR: 778595B4 CODE: 7458 jz 0x7785960e
Eax=30EE8A47 Ebx=75E4B498 Ecx=1F Edx=763BC8DC Edi=2 Esi=77305A70 Ebp=327E3A0 Esp=327E388 Eip=778595B4

ADDR: 77A78DEB CODE: 730a jae 0x77a78df7
Eax=EE60B4E Ebx=75E4B498 Ecx=77305A70 Edx=404000 Edi=2 Esi=77305A70 Ebp=327E3A0 Esp=327E37C Eip=77A78DEB

ADDR: 77A709B7 CODE: 747f jz 0x77a70a38
Eax=2 Ebx=3191FB4 Ecx=77305A70 Edx=3191FB4 Edi=2 Esi=77305A70 Ebp=327E354 Esp=327E348 Eip=77A709B7

ADDR: 77A709BE CODE: 7378 jae 0x77a70a38
Eax=2 Ebx=3191FB4 Ecx=77305A70 Edx=3191FB4 Edi=2 Esi=77305A70 Ebp=327E354 Esp=327E348 Eip=77A709BE

ADDR: 77305A83 CODE: 790d jns 0x77305a92
Eax=0 Ebx=75E4B498 Ecx=355A188 Edx=0 Edi=2 Esi=77305A70 Ebp=327E378 Esp=327E378 Eip=77305A83

ADDR: 778590DC CODE: 7454 jz 0x77859132
Eax=30E1272F Ebx=75E4B498 Ecx=1F Edx=0 Edi=2 Esi=772F00A0 Ebp=327E3EC Esp=327E390 Eip=778590DC

ADDR: 77A78DEB CODE: 730a jae 0x77a78df7
Eax=EE5E014 Ebx=75E4B498 Ecx=772F00A0 Edx=104000 Edi=2 Esi=772F00A0 Ebp=327E3EC Esp=327E388 Eip=77A78DEB

ADDR: 77A6C686 CODE: 743c jz 0x77a6c6c4
Eax=2 Ebx=75E4B498 Ecx=355A180 Edx=104000 Edi=2 Esi=3191000 Ebp=327E36C Esp=327E36C Eip=77A6C686

ADDR: 77A6C68D CODE: 7335 jae 0x77a6c6c4
Eax=2 Ebx=75E4B498 Ecx=355A180 Edx=104000 Edi=2 Esi=3191000 Ebp=327E36C Esp=327E36C Eip=77A6C68D

ADDR: 77A6C6AC CODE: 740c jz 0x77a6c6ba
Eax=355CAA0 Ebx=75E4B498 Ecx=355A180 Edx=0 Edi=2 Esi=2 Ebp=327E36C Esp=327E368 Eip=77A6C6AC

ADDR: 77A6C6B4 CODE: 7404 jz 0x77a6c6ba
Eax=355CAAC Ebx=75E4B498 Ecx=355A180 Edx=0 Edi=2 Esi=2 Ebp=327E36C Esp=327E368 Eip=77A6C6B4

ADDR: 772F00BD CODE: 791c jns 0x772f00db
Eax=0 Ebx=75E4B498 Ecx=327E380 Edx=0 Edi=2 Esi=3191000 Ebp=327E384 Esp=327E37C Eip=772F00BD

ADDR: 77A2E69A CODE: 7315 jae 0x77a2e6b1
Eax=77935C1C Ebx=75E4B498 Ecx=77935C18 Edx=3191000 Edi=75EC32D0 Esi=763BC8DC Ebp=327E35C Esp=327E358 Eip=77A2E69A

ADDR: 778597A6 CODE: 0f8454720500 jz 0x778b0a00
Eax=327E3CC Ebx=763BC8DC Ecx=327E3B8 Edx=3191000 Edi=75EC32D0 Esi=763BC8DC Ebp=327E360 Esp=327E340 Eip=778597A6

ADDR: 778597D3 CODE: 7479 jz 0x7785984e
Eax=327E3CC Ebx=356E480 Ecx=1F Edx=B76A77F Edi=356E280 Esi=356E440 Ebp=327E360 Esp=327E340 Eip=778597D3

ADDR: 77A27B53 CODE: 746e jz 0x77a27bc3
Eax=FFFFFFFE Ebx=77935C18 Ecx=FFFFFFFF Edx=B76A77F Edi=77935C1C Esi=FFFFFFFE Ebp=327E358 Esp=327E344 Eip=77A27B53

ADDR: 778594A4 CODE: 7458 jz 0x778594fe
Eax=30EE8A47 Ebx=75E4B498 Ecx=1F Edx=B76A77F Edi=2 Esi=77305A70 Ebp=327E39C Esp=327E384 Eip=778594A4

ADDR: 77A78DEB CODE: 730a jae 0x77a78df7
Eax=EE60B4E Ebx=75E4B498 Ecx=77305A70 Edx=404000 Edi=2 Esi=77305A70 Ebp=327E39C Esp=327E378 Eip=77A78DEB

ADDR: 77A709B7 CODE: 747f jz 0x77a70a38
Eax=2 Ebx=3191FB4 Ecx=77305A70 Edx=3191FB4 Edi=2 Esi=77305A70 Ebp=327E350 Esp=327E344 Eip=77A709B7

ADDR: 77A709BE CODE: 7378 jae 0x77a70a38
Eax=2 Ebx=3191FB4 Ecx=77305A70 Edx=3191FB4 Edi=2 Esi=77305A70 Ebp=327E350 Esp=327E344 Eip=77A709BE

ADDR: 77305A83 CODE: 790d jns 0x77305a92
Eax=0 Ebx=75E4B498 Ecx=355A188 Edx=0 Edi=2 Esi=77305A70 Ebp=327E374 Esp=327E374 Eip=77305A83

ADDR: 77862C46 CODE: 740a jz 0x77862c52
Eax=0 Ebx=75E4B498 Ecx=7604EA90 Edx=0 Edi=75EC32F0 Esi=75E4B3B0 Ebp=327E430 Esp=327E424 Eip=77862C46

ADDR: 77A78DEB CODE: 730a jae 0x77a78df7
Eax=EBD865E Ebx=75E4B498 Ecx=75EC32F0 Edx=44444444 Edi=75EC32F0 Esi=75E4B3B0 Ebp=327E430 Esp=327E420 Eip=77A78DEB

ADDR: 778595B4 CODE: 7458 jz 0x7785960e
Eax=30EE8A47 Ebx=75E4B498 Ecx=1F Edx=763BC8DC Edi=2 Esi=77305A70 Ebp=327E3A0 Esp=327E388 Eip=778595B4

ADDR: 77A78DEB CODE: 730a jae 0x77a78df7
Eax=EE60B4E Ebx=75E4B498 Ecx=77305A70 Edx=404000 Edi=2 Esi=77305A70 Ebp=327E3A0 Esp=327E37C Eip=77A78DEB

ADDR: 77A709B7 CODE: 747f jz 0x77a70a38
Eax=2 Ebx=3191FB4 Ecx=77305A70 Edx=3191FB4 Edi=2 Esi=77305A70 Ebp=327E354 Esp=327E348 Eip=77A709B7

ADDR: 77A709BE CODE: 7378 jae 0x77a70a38
Eax=2 Ebx=3191FB4 Ecx=77305A70 Edx=3191FB4 Edi=2 Esi=77305A70 Ebp=327E354 Esp=327E348 Eip=77A709BE

ADDR: 77305A83 CODE: 790d jns 0x77305a92
Eax=0 Ebx=75E4B498 Ecx=355A188 Edx=0 Edi=2 Esi=77305A70 Ebp=327E378 Esp=327E378 Eip=77305A83

ADDR: 778590DC CODE: 7454 jz 0x77859132
Eax=30E1272F Ebx=75E4B498 Ecx=1F Edx=0 Edi=2 Esi=772F00A0 Ebp=327E3EC Esp=327E390 Eip=778590DC

ADDR: 77A78DEB CODE: 730a jae 0x77a78df7
Eax=EE5E014 Ebx=75E4B498 Ecx=772F00A0 Edx=104000 Edi=2 Esi=772F00A0 Ebp=327E3EC Esp=327E388 Eip=77A78DEB

ADDR: 77A6C686 CODE: 743c jz 0x77a6c6c4
Eax=2 Ebx=75E4B498 Ecx=355A180 Edx=104000 Edi=2 Esi=3191000 Ebp=327E36C Esp=327E36C Eip=77A6C686

ADDR: 77A6C68D CODE: 7335 jae 0x77a6c6c4
Eax=2 Ebx=75E4B498 Ecx=355A180 Edx=104000 Edi=2 Esi=3191000 Ebp=327E36C Esp=327E36C Eip=77A6C68D

ADDR: 77A6C6AC CODE: 740c jz 0x77a6c6ba
Eax=355CAA0 Ebx=75E4B498 Ecx=355A180 Edx=0 Edi=2 Esi=2 Ebp=327E36C Esp=327E368 Eip=77A6C6AC

ADDR: 77A6C6B4 CODE: 7404 jz 0x77a6c6ba
Eax=355CAAC Ebx=75E4B498 Ecx=355A180 Edx=0 Edi=2 Esi=2 Ebp=327E36C Esp=327E368 Eip=77A6C6B4

ADDR: 772F00BD CODE: 791c jns 0x772f00db
Eax=0 Ebx=75E4B498 Ecx=327E380 Edx=0 Edi=2 Esi=3191000 Ebp=327E384 Esp=327E37C Eip=772F00BD

ADDR: 77A2E69A CODE: 7315 jae 0x77a2e6b1
Eax=77935C1C Ebx=75E4B498 Ecx=77935C18 Edx=3191000 Edi=75EC32F0 Esi=763BC8DC Ebp=327E35C Esp=327E358 Eip=77A2E69A

ADDR: 778597A6 CODE: 0f8454720500 jz 0x778b0a00
Eax=327E3CC Ebx=763BC8DC Ecx=327E3B8 Edx=3191000 Edi=75EC32F0 Esi=763BC8DC Ebp=327E360 Esp=327E340 Eip=778597A6

ADDR: 778597D3 CODE: 7479 jz 0x7785984e
Eax=327E3CC Ebx=356E480 Ecx=1F Edx=B76A77F Edi=356E280 Esi=356E444 Ebp=327E360 Esp=327E340 Eip=778597D3

ADDR: 77A27B53 CODE: 746e jz 0x77a27bc3
Eax=FFFFFFFE Ebx=77935C18 Ecx=FFFFFFFF Edx=B76A77F Edi=77935C1C Esi=FFFFFFFE Ebp=327E358 Esp=327E344 Eip=77A27B53

ADDR: 778594A4 CODE: 7458 jz 0x778594fe
Eax=30EE8A47 Ebx=75E4B498 Ecx=1F Edx=B76A77F Edi=2 Esi=77305A70 Ebp=327E39C Esp=327E384 Eip=778594A4

ADDR: 77A78DEB CODE: 730a jae 0x77a78df7
Eax=EE60B4E Ebx=75E4B498 Ecx=77305A70 Edx=404000 Edi=2 Esi=77305A70 Ebp=327E39C Esp=327E378 Eip=77A78DEB

ADDR: 77A709B7 CODE: 747f jz 0x77a70a38
Eax=2 Ebx=3191FB4 Ecx=77305A70 Edx=3191FB4 Edi=2 Esi=77305A70 Ebp=327E350 Esp=327E344 Eip=77A709B7

ADDR: 77A709BE CODE: 7378 jae 0x77a70a38
Eax=2 Ebx=3191FB4 Ecx=77305A70 Edx=3191FB4 Edi=2 Esi=77305A70 Ebp=327E350 Esp=327E344 Eip=77A709BE

ADDR: 77305A83 CODE: 790d jns 0x77305a92
Eax=0 Ebx=75E4B498 Ecx=355A188 Edx=0 Edi=2 Esi=77305A70 Ebp=327E374 Esp=327E374 Eip=77305A83

ADDR: 77862C46 CODE: 740a jz 0x77862c52
Eax=0 Ebx=75E4B498 Ecx=7604EAA0 Edx=0 Edi=75EC3310 Esi=75E4B3B4 Ebp=327E430 Esp=327E424 Eip=77862C46

ADDR: 77A78DEB CODE: 730a jae 0x77a78df7
Eax=EBD8662 Ebx=75E4B498 Ecx=75EC3310 Edx=44444444 Edi=75EC3310 Esi=75E4B3B4 Ebp=327E430 Esp=327E420 Eip=77A78DEB

ADDR: 778595B4 CODE: 7458 jz 0x7785960e
Eax=30EE8A47 Ebx=75E4B498 Ecx=1F Edx=763BC8DC Edi=2 Esi=77305A70 Ebp=327E3A0 Esp=327E388 Eip=778595B4

ADDR: 77A78DEB CODE: 730a jae 0x77a78df7
Eax=EE60B4E Ebx=75E4B498 Ecx=77305A70 Edx=404000 Edi=2 Esi=77305A70 Ebp=327E3A0 Esp=327E37C Eip=77A78DEB

ADDR: 77A709B7 CODE: 747f jz 0x77a70a38
Eax=2 Ebx=3191FB4 Ecx=77305A70 Edx=3191FB4 Edi=2 Esi=77305A70 Ebp=327E354 Esp=327E348 Eip=77A709B7

ADDR: 77A709BE CODE: 7378 jae 0x77a70a38
Eax=2 Ebx=3191FB4 Ecx=77305A70 Edx=3191FB4 Edi=2 Esi=77305A70 Ebp=327E354 Esp=327E348 Eip=77A709BE

ADDR: 77305A83 CODE: 790d jns 0x77305a92
Eax=0 Ebx=75E4B498 Ecx=355A188 Edx=0 Edi=2 Esi=77305A70 Ebp=327E378 Esp=327E378 Eip=77305A83

ADDR: 778590DC CODE: 7454 jz 0x77859132
Eax=30E1272F Ebx=75E4B498 Ecx=1F Edx=0 Edi=2 Esi=772F00A0 Ebp=327E3EC Esp=327E390 Eip=778590DC

ADDR: 77A78DEB CODE: 730a jae 0x77a78df7
Eax=EE5E014 Ebx=75E4B498 Ecx=772F00A0 Edx=104000 Edi=2 Esi=772F00A0 Ebp=327E3EC Esp=327E388 Eip=77A78DEB

ADDR: 77A6C686 CODE: 743c jz 0x77a6c6c4
Eax=2 Ebx=75E4B498 Ecx=355A180 Edx=104000 Edi=2 Esi=3191000 Ebp=327E36C Esp=327E36C Eip=77A6C686

ADDR: 77A6C68D CODE: 7335 jae 0x77a6c6c4
Eax=2 Ebx=75E4B498 Ecx=355A180 Edx=104000 Edi=2 Esi=3191000 Ebp=327E36C Esp=327E36C Eip=77A6C68D

ADDR: 77A6C6AC CODE: 740c jz 0x77a6c6ba
Eax=355CAA0 Ebx=75E4B498 Ecx=355A180 Edx=0 Edi=2 Esi=2 Ebp=327E36C Esp=327E368 Eip=77A6C6AC

ADDR: 77A6C6B4 CODE: 7404 jz 0x77a6c6ba
Eax=355CAAC Ebx=75E4B498 Ecx=355A180 Edx=0 Edi=2 Esi=2 Ebp=327E36C Esp=327E368 Eip=77A6C6B4

ADDR: 772F00BD CODE: 791c jns 0x772f00db
Eax=0 Ebx=75E4B498 Ecx=327E380 Edx=0 Edi=2 Esi=3191000 Ebp=327E384 Esp=327E37C Eip=772F00BD

ADDR: 77A2E69A CODE: 7315 jae 0x77a2e6b1
Eax=77935C1C Ebx=75E4B498 Ecx=77935C18 Edx=3191000 Edi=75EC3310 Esi=763BC8DC Ebp=327E35C Esp=327E358 Eip=77A2E69A

ADDR: 778597A6 CODE: 0f8454720500 jz 0x778b0a00
Eax=327E3CC Ebx=763BC8DC Ecx=327E3B8 Edx=3191000 Edi=75EC3310 Esi=763BC8DC Ebp=327E360 Esp=327E340 Eip=778597A6

ADDR: 778597D3 CODE: 7479 jz 0x7785984e
Eax=327E3CC Ebx=356E480 Ecx=1F Edx=B76A77F Edi=356E280 Esi=356E448 Ebp=327E360 Esp=327E340 Eip=778597D3

ADDR: 77A27B53 CODE: 746e jz 0x77a27bc3
Eax=FFFFFFFE Ebx=77935C18 Ecx=FFFFFFFF Edx=B76A77F Edi=77935C1C Esi=FFFFFFFE Ebp=327E358 Esp=327E344 Eip=77A27B53

ADDR: 778594A4 CODE: 7458 jz 0x778594fe
Eax=30EE8A47 Ebx=75E4B498 Ecx=1F Edx=B76A77F Edi=2 Esi=77305A70 Ebp=327E39C Esp=327E384 Eip=778594A4

ADDR: 77A78DEB CODE: 730a jae 0x77a78df7
Eax=EE60B4E Ebx=75E4B498 Ecx=77305A70 Edx=404000 Edi=2 Esi=77305A70 Ebp=327E39C Esp=327E378 Eip=77A78DEB

ADDR: 77A709B7 CODE: 747f jz 0x77a70a38
Eax=2 Ebx=3191FB4 Ecx=77305A70 Edx=3191FB4 Edi=2 Esi=77305A70 Ebp=327E350 Esp=327E344 Eip=77A709B7

ADDR: 77A709BE CODE: 7378 jae 0x77a70a38
Eax=2 Ebx=3191FB4 Ecx=77305A70 Edx=3191FB4 Edi=2 Esi=77305A70 Ebp=327E350 Esp=327E344 Eip=77A709BE

ADDR: 77305A83 CODE: 790d jns 0x77305a92
Eax=0 Ebx=75E4B498 Ecx=355A188 Edx=0 Edi=2 Esi=77305A70 Ebp=327E374 Esp=327E374 Eip=77305A83

ADDR: 77862C46 CODE: 740a jz 0x77862c52
Eax=0 Ebx=75E4B498 Ecx=7604EAB0 Edx=0 Edi=75EC3330 Esi=75E4B3B8 Ebp=327E430 Esp=327E424 Eip=77862C46

ADDR: 77A78DEB CODE: 730a jae 0x77a78df7
Eax=EBD8666 Ebx=75E4B498 Ecx=75EC3330 Edx=44444444 Edi=75EC3330 Esi=75E4B3B8 Ebp=327E430 Esp=327E420 Eip=77A78DEB

ADDR: 778595B4 CODE: 7458 jz 0x7785960e
Eax=30EE8A47 Ebx=75E4B498 Ecx=1F Edx=763BC8DC Edi=2 Esi=77305A70 Ebp=327E3A0 Esp=327E388 Eip=778595B4

ADDR: 77A78DEB CODE: 730a jae 0x77a78df7
Eax=EE60B4E Ebx=75E4B498 Ecx=77305A70 Edx=404000 Edi=2 Esi=77305A70 Ebp=327E3A0 Esp=327E37C Eip=77A78DEB

ADDR: 77A709B7 CODE: 747f jz 0x77a70a38
Eax=2 Ebx=3191FB4 Ecx=77305A70 Edx=3191FB4 Edi=2 Esi=77305A70 Ebp=327E354 Esp=327E348 Eip=77A709B7

ADDR: 77A709BE CODE: 7378 jae 0x77a70a38
Eax=2 Ebx=3191FB4 Ecx=77305A70 Edx=3191FB4 Edi=2 Esi=77305A70 Ebp=327E354 Esp=327E348 Eip=77A709BE

ADDR: 77305A83 CODE: 790d jns 0x77305a92
Eax=0 Ebx=75E4B498 Ecx=355A188 Edx=0 Edi=2 Esi=77305A70 Ebp=327E378 Esp=327E378 Eip=77305A83

ADDR: 778590DC CODE: 7454 jz 0x77859132
Eax=30E1272F Ebx=75E4B498 Ecx=1F Edx=0 Edi=2 Esi=772F00A0 Ebp=327E3EC Esp=327E390 Eip=778590DC

ADDR: 77A78DEB CODE: 730a jae 0x77a78df7
Eax=EE5E014 Ebx=75E4B498 Ecx=772F00A0 Edx=104000 Edi=2 Esi=772F00A0 Ebp=327E3EC Esp=327E388 Eip=77A78DEB

ADDR: 77A6C686 CODE: 743c jz 0x77a6c6c4
Eax=2 Ebx=75E4B498 Ecx=355A180 Edx=104000 Edi=2 Esi=3191000 Ebp=327E36C Esp=327E36C Eip=77A6C686

ADDR: 77A6C68D CODE: 7335 jae 0x77a6c6c4
Eax=2 Ebx=75E4B498 Ecx=355A180 Edx=104000 Edi=2 Esi=3191000 Ebp=327E36C Esp=327E36C Eip=77A6C68D

ADDR: 77A6C6AC CODE: 740c jz 0x77a6c6ba
Eax=355CAA0 Ebx=75E4B498 Ecx=355A180 Edx=0 Edi=2 Esi=2 Ebp=327E36C Esp=327E368 Eip=77A6C6AC

ADDR: 77A6C6B4 CODE: 7404 jz 0x77a6c6ba
Eax=355CAAC Ebx=75E4B498 Ecx=355A180 Edx=0 Edi=2 Esi=2 Ebp=327E36C Esp=327E368 Eip=77A6C6B4

ADDR: 772F00BD CODE: 791c jns 0x772f00db
Eax=0 Ebx=75E4B498 Ecx=327E380 Edx=0 Edi=2 Esi=3191000 Ebp=327E384 Esp=327E37C Eip=772F00BD

ADDR: 77A2E69A CODE: 7315 jae 0x77a2e6b1
Eax=77935C1C Ebx=75E4B498 Ecx=77935C18 Edx=3191000 Edi=75EC3330 Esi=763BC8DC Ebp=327E35C Esp=327E358 Eip=77A2E69A

ADDR: 778597A6 CODE: 0f8454720500 jz 0x778b0a00
Eax=327E3CC Ebx=763BC8DC Ecx=327E3B8 Edx=3191000 Edi=75EC3330 Esi=763BC8DC Ebp=327E360 Esp=327E340 Eip=778597A6

ADDR: 778597D3 CODE: 7479 jz 0x7785984e
Eax=327E3CC Ebx=356E480 Ecx=1F Edx=B76A77F Edi=356E280 Esi=356E44C Ebp=327E360 Esp=327E340 Eip=778597D3

ADDR: 77A27B53 CODE: 746e jz 0x77a27bc3
Eax=FFFFFFFE Ebx=77935C18 Ecx=FFFFFFFF Edx=B76A77F Edi=77935C1C Esi=FFFFFFFE Ebp=327E358 Esp=327E344 Eip=77A27B53

ADDR: 778594A4 CODE: 7458 jz 0x778594fe
Eax=30EE8A47 Ebx=75E4B498 Ecx=1F Edx=B76A77F Edi=2 Esi=77305A70 Ebp=327E39C Esp=327E384 Eip=778594A4

ADDR: 77A78DEB CODE: 730a jae 0x77a78df7
Eax=EE60B4E Ebx=75E4B498 Ecx=77305A70 Edx=404000 Edi=2 Esi=77305A70 Ebp=327E39C Esp=327E378 Eip=77A78DEB

ADDR: 77A709B7 CODE: 747f jz 0x77a70a38
Eax=2 Ebx=3191FB4 Ecx=77305A70 Edx=3191FB4 Edi=2 Esi=77305A70 Ebp=327E350 Esp=327E344 Eip=77A709B7

ADDR: 77A709BE CODE: 7378 jae 0x77a70a38
Eax=2 Ebx=3191FB4 Ecx=77305A70 Edx=3191FB4 Edi=2 Esi=77305A70 Ebp=327E350 Esp=327E344 Eip=77A709BE

ADDR: 77305A83 CODE: 790d jns 0x77305a92
Eax=0 Ebx=75E4B498 Ecx=355A188 Edx=0 Edi=2 Esi=77305A70 Ebp=327E374 Esp=327E374 Eip=77305A83

ADDR: 77862C46 CODE: 740a jz 0x77862c52
Eax=0 Ebx=75E4B498 Ecx=7604EAC0 Edx=0 Edi=75EC3350 Esi=75E4B3BC Ebp=327E430 Esp=327E424 Eip=77862C46

ADDR: 77A78DEB CODE: 730a jae 0x77a78df7
Eax=EBD866A Ebx=75E4B498 Ecx=75EC3350 Edx=44444444 Edi=75EC3350 Esi=75E4B3BC Ebp=327E430 Esp=327E420 Eip=77A78DEB

ADDR: 778595B4 CODE: 7458 jz 0x7785960e
Eax=30EE8A47 Ebx=75E4B498 Ecx=1F Edx=763BC8DC Edi=2 Esi=77305A70 Ebp=327E3A0 Esp=327E388 Eip=778595B4

ADDR: 77A78DEB CODE: 730a jae 0x77a78df7
Eax=EE60B4E Ebx=75E4B498 Ecx=77305A70 Edx=404000 Edi=2 Esi=77305A70 Ebp=327E3A0 Esp=327E37C Eip=77A78DEB

ADDR: 77A709B7 CODE: 747f jz 0x77a70a38
Eax=2 Ebx=3191FB4 Ecx=77305A70 Edx=3191FB4 Edi=2 Esi=77305A70 Ebp=327E354 Esp=327E348 Eip=77A709B7

ADDR: 77A709BE CODE: 7378 jae 0x77a70a38
Eax=2 Ebx=3191FB4 Ecx=77305A70 Edx=3191FB4 Edi=2 Esi=77305A70 Ebp=327E354 Esp=327E348 Eip=77A709BE

ADDR: 77305A83 CODE: 790d jns 0x77305a92
Eax=0 Ebx=75E4B498 Ecx=355A188 Edx=0 Edi=2 Esi=77305A70 Ebp=327E378 Esp=327E378 Eip=77305A83

ADDR: 778590DC CODE: 7454 jz 0x77859132
Eax=30E1272F Ebx=75E4B498 Ecx=1F Edx=0 Edi=2 Esi=772F00A0 Ebp=327E3EC Esp=327E390 Eip=778590DC

ADDR: 77A78DEB CODE: 730a jae 0x77a78df7
Eax=EE5E014 Ebx=75E4B498 Ecx=772F00A0 Edx=104000 Edi=2 Esi=772F00A0 Ebp=327E3EC Esp=327E388 Eip=77A78DEB

ADDR: 77A6C686 CODE: 743c jz 0x77a6c6c4
Eax=2 Ebx=75E4B498 Ecx=355A180 Edx=104000 Edi=2 Esi=3191000 Ebp=327E36C Esp=327E36C Eip=77A6C686

ADDR: 77A6C68D CODE: 7335 jae 0x77a6c6c4
Eax=2 Ebx=75E4B498 Ecx=355A180 Edx=104000 Edi=2 Esi=3191000 Ebp=327E36C Esp=327E36C Eip=77A6C68D

ADDR: 77A6C6AC CODE: 740c jz 0x77a6c6ba
Eax=355CAA0 Ebx=75E4B498 Ecx=355A180 Edx=0 Edi=2 Esi=2 Ebp=327E36C Esp=327E368 Eip=77A6C6AC

ADDR: 77A6C6B4 CODE: 7404 jz 0x77a6c6ba
Eax=355CAAC Ebx=75E4B498 Ecx=355A180 Edx=0 Edi=2 Esi=2 Ebp=327E36C Esp=327E368 Eip=77A6C6B4

ADDR: 772F00BD CODE: 791c jns 0x772f00db
Eax=0 Ebx=75E4B498 Ecx=327E380 Edx=0 Edi=2 Esi=3191000 Ebp=327E384 Esp=327E37C Eip=772F00BD

ADDR: 77A2E69A CODE: 7315 jae 0x77a2e6b1
Eax=77935C1C Ebx=75E4B498 Ecx=77935C18 Edx=3191000 Edi=75EC3350 Esi=763BC8DC Ebp=327E35C Esp=327E358 Eip=77A2E69A

ADDR: 778597A6 CODE: 0f8454720500 jz 0x778b0a00
Eax=327E3CC Ebx=763BC8DC Ecx=327E3B8 Edx=3191000 Edi=75EC3350 Esi=763BC8DC Ebp=327E360 Esp=327E340 Eip=778597A6

ADDR: 778597D3 CODE: 7479 jz 0x7785984e
Eax=327E3CC Ebx=356E480 Ecx=1F Edx=B76A77F Edi=356E280 Esi=356E450 Ebp=327E360 Esp=327E340 Eip=778597D3

ADDR: 77A27B53 CODE: 746e jz 0x77a27bc3
Eax=FFFFFFFE Ebx=77935C18 Ecx=FFFFFFFF Edx=B76A77F Edi=77935C1C Esi=FFFFFFFE Ebp=327E358 Esp=327E344 Eip=77A27B53

ADDR: 778594A4 CODE: 7458 jz 0x778594fe
Eax=30EE8A47 Ebx=75E4B498 Ecx=1F Edx=B76A77F Edi=2 Esi=77305A70 Ebp=327E39C Esp=327E384 Eip=778594A4

ADDR: 77A78DEB CODE: 730a jae 0x77a78df7
Eax=EE60B4E Ebx=75E4B498 Ecx=77305A70 Edx=404000 Edi=2 Esi=77305A70 Ebp=327E39C Esp=327E378 Eip=77A78DEB

ADDR: 77A709B7 CODE: 747f jz 0x77a70a38
Eax=2 Ebx=3191FB4 Ecx=77305A70 Edx=3191FB4 Edi=2 Esi=77305A70 Ebp=327E350 Esp=327E344 Eip=77A709B7

ADDR: 77A709BE CODE: 7378 jae 0x77a70a38
Eax=2 Ebx=3191FB4 Ecx=77305A70 Edx=3191FB4 Edi=2 Esi=77305A70 Ebp=327E350 Esp=327E344 Eip=77A709BE

ADDR: 77305A83 CODE: 790d jns 0x77305a92
Eax=0 Ebx=75E4B498 Ecx=355A188 Edx=0 Edi=2 Esi=77305A70 Ebp=327E374 Esp=327E374 Eip=77305A83

ADDR: 77862C46 CODE: 740a jz 0x77862c52
Eax=0 Ebx=75E4B498 Ecx=7604EAD0 Edx=0 Edi=75EC3370 Esi=75E4B3C0 Ebp=327E430 Esp=327E424 Eip=77862C46

ADDR: 77A78DEB CODE: 730a jae 0x77a78df7
Eax=EBD866E Ebx=75E4B498 Ecx=75EC3370 Edx=44444444 Edi=75EC3370 Esi=75E4B3C0 Ebp=327E430 Esp=327E420 Eip=77A78DEB

ADDR: 778595B4 CODE: 7458 jz 0x7785960e
Eax=30EE8A47 Ebx=75E4B498 Ecx=1F Edx=763BC8DC Edi=2 Esi=77305A70 Ebp=327E3A0 Esp=327E388 Eip=778595B4

ADDR: 77A78DEB CODE: 730a jae 0x77a78df7
Eax=EE60B4E Ebx=75E4B498 Ecx=77305A70 Edx=404000 Edi=2 Esi=77305A70 Ebp=327E3A0 Esp=327E37C Eip=77A78DEB

ADDR: 77A709B7 CODE: 747f jz 0x77a70a38
Eax=2 Ebx=3191FB4 Ecx=77305A70 Edx=3191FB4 Edi=2 Esi=77305A70 Ebp=327E354 Esp=327E348 Eip=77A709B7

ADDR: 77A709BE CODE: 7378 jae 0x77a70a38
Eax=2 Ebx=3191FB4 Ecx=77305A70 Edx=3191FB4 Edi=2 Esi=77305A70 Ebp=327E354 Esp=327E348 Eip=77A709BE

ADDR: 77305A83 CODE: 790d jns 0x77305a92
Eax=0 Ebx=75E4B498 Ecx=355A188 Edx=0 Edi=2 Esi=77305A70 Ebp=327E378 Esp=327E378 Eip=77305A83

ADDR: 778590DC CODE: 7454 jz 0x77859132
Eax=30E1272F Ebx=75E4B498 Ecx=1F Edx=0 Edi=2 Esi=772F00A0 Ebp=327E3EC Esp=327E390 Eip=778590DC

ADDR: 77A78DEB CODE: 730a jae 0x77a78df7
Eax=EE5E014 Ebx=75E4B498 Ecx=772F00A0 Edx=104000 Edi=2 Esi=772F00A0 Ebp=327E3EC Esp=327E388 Eip=77A78DEB

ADDR: 77A6C686 CODE: 743c jz 0x77a6c6c4
Eax=2 Ebx=75E4B498 Ecx=355A180 Edx=104000 Edi=2 Esi=3191000 Ebp=327E36C Esp=327E36C Eip=77A6C686

ADDR: 77A6C68D CODE: 7335 jae 0x77a6c6c4
Eax=2 Ebx=75E4B498 Ecx=355A180 Edx=104000 Edi=2 Esi=3191000 Ebp=327E36C Esp=327E36C Eip=77A6C68D

ADDR: 77A6C6AC CODE: 740c jz 0x77a6c6ba
Eax=355CAA0 Ebx=75E4B498 Ecx=355A180 Edx=0 Edi=2 Esi=2 Ebp=327E36C Esp=327E368 Eip=77A6C6AC

ADDR: 77A6C6B4 CODE: 7404 jz 0x77a6c6ba
Eax=355CAAC Ebx=75E4B498 Ecx=355A180 Edx=0 Edi=2 Esi=2 Ebp=327E36C Esp=327E368 Eip=77A6C6B4

ADDR: 772F00BD CODE: 791c jns 0x772f00db
Eax=0 Ebx=75E4B498 Ecx=327E380 Edx=0 Edi=2 Esi=3191000 Ebp=327E384 Esp=327E37C Eip=772F00BD

ADDR: 77A2E69A CODE: 7315 jae 0x77a2e6b1
Eax=77935C1C Ebx=75E4B498 Ecx=77935C18 Edx=3191000 Edi=75EC3370 Esi=763BC8DC Ebp=327E35C Esp=327E358 Eip=77A2E69A

ADDR: 778597A6 CODE: 0f8454720500 jz 0x778b0a00
Eax=327E3CC Ebx=763BC8DC Ecx=327E3B8 Edx=3191000 Edi=75EC3370 Esi=763BC8DC Ebp=327E360 Esp=327E340 Eip=778597A6

ADDR: 778597D3 CODE: 7479 jz 0x7785984e
Eax=327E3CC Ebx=356E480 Ecx=1F Edx=B76A77F Edi=356E280 Esi=356E454 Ebp=327E360 Esp=327E340 Eip=778597D3

ADDR: 77A27B53 CODE: 746e jz 0x77a27bc3
Eax=FFFFFFFE Ebx=77935C18 Ecx=FFFFFFFF Edx=B76A77F Edi=77935C1C Esi=FFFFFFFE Ebp=327E358 Esp=327E344 Eip=77A27B53

ADDR: 778594A4 CODE: 7458 jz 0x778594fe
Eax=30EE8A47 Ebx=75E4B498 Ecx=1F Edx=B76A77F Edi=2 Esi=77305A70 Ebp=327E39C Esp=327E384 Eip=778594A4

ADDR: 77A78DEB CODE: 730a jae 0x77a78df7
Eax=EE60B4E Ebx=75E4B498 Ecx=77305A70 Edx=404000 Edi=2 Esi=77305A70 Ebp=327E39C Esp=327E378 Eip=77A78DEB

ADDR: 77A709B7 CODE: 747f jz 0x77a70a38
Eax=2 Ebx=3191FB4 Ecx=77305A70 Edx=3191FB4 Edi=2 Esi=77305A70 Ebp=327E350 Esp=327E344 Eip=77A709B7

ADDR: 77A709BE CODE: 7378 jae 0x77a70a38
Eax=2 Ebx=3191FB4 Ecx=77305A70 Edx=3191FB4 Edi=2 Esi=77305A70 Ebp=327E350 Esp=327E344 Eip=77A709BE

ADDR: 77305A83 CODE: 790d jns 0x77305a92
Eax=0 Ebx=75E4B498 Ecx=355A188 Edx=0 Edi=2 Esi=77305A70 Ebp=327E374 Esp=327E374 Eip=77305A83

ADDR: 77862C46 CODE: 740a jz 0x77862c52
Eax=0 Ebx=75E4B498 Ecx=7604EAE0 Edx=0 Edi=75EC3390 Esi=75E4B3C4 Ebp=327E430 Esp=327E424 Eip=77862C46

ADDR: 77A78DEB CODE: 730a jae 0x77a78df7
Eax=EBD8672 Ebx=75E4B498 Ecx=75EC3390 Edx=44444444 Edi=75EC3390 Esi=75E4B3C4 Ebp=327E430 Esp=327E420 Eip=77A78DEB

ADDR: 778595B4 CODE: 7458 jz 0x7785960e
Eax=30EE8A47 Ebx=75E4B498 Ecx=1F Edx=763BC8DC Edi=2 Esi=77305A70 Ebp=327E3A0 Esp=327E388 Eip=778595B4

ADDR: 77A78DEB CODE: 730a jae 0x77a78df7
Eax=EE60B4E Ebx=75E4B498 Ecx=77305A70 Edx=404000 Edi=2 Esi=77305A70 Ebp=327E3A0 Esp=327E37C Eip=77A78DEB

ADDR: 77A709B7 CODE: 747f jz 0x77a70a38
Eax=2 Ebx=3191FB4 Ecx=77305A70 Edx=3191FB4 Edi=2 Esi=77305A70 Ebp=327E354 Esp=327E348 Eip=77A709B7

ADDR: 77A709BE CODE: 7378 jae 0x77a70a38
Eax=2 Ebx=3191FB4 Ecx=77305A70 Edx=3191FB4 Edi=2 Esi=77305A70 Ebp=327E354 Esp=327E348 Eip=77A709BE

ADDR: 77305A83 CODE: 790d jns 0x77305a92
Eax=0 Ebx=75E4B498 Ecx=355A188 Edx=0 Edi=2 Esi=77305A70 Ebp=327E378 Esp=327E378 Eip=77305A83

ADDR: 778590DC CODE: 7454 jz 0x77859132
Eax=30E1272F Ebx=75E4B498 Ecx=1F Edx=0 Edi=2 Esi=772F00A0 Ebp=327E3EC Esp=327E390 Eip=778590DC

ADDR: 77A78DEB CODE: 730a jae 0x77a78df7
Eax=EE5E014 Ebx=75E4B498 Ecx=772F00A0 Edx=104000 Edi=2 Esi=772F00A0 Ebp=327E3EC Esp=327E388 Eip=77A78DEB

ADDR: 77A6C686 CODE: 743c jz 0x77a6c6c4
Eax=2 Ebx=75E4B498 Ecx=355A180 Edx=104000 Edi=2 Esi=3191000 Ebp=327E36C Esp=327E36C Eip=77A6C686

ADDR: 77A6C68D CODE: 7335 jae 0x77a6c6c4
Eax=2 Ebx=75E4B498 Ecx=355A180 Edx=104000 Edi=2 Esi=3191000 Ebp=327E36C Esp=327E36C Eip=77A6C68D

ADDR: 77A6C6AC CODE: 740c jz 0x77a6c6ba
Eax=355CAA0 Ebx=75E4B498 Ecx=355A180 Edx=0 Edi=2 Esi=2 Ebp=327E36C Esp=327E368 Eip=77A6C6AC

ADDR: 77A6C6B4 CODE: 7404 jz 0x77a6c6ba
Eax=355CAAC Ebx=75E4B498 Ecx=355A180 Edx=0 Edi=2 Esi=2 Ebp=327E36C Esp=327E368 Eip=77A6C6B4

ADDR: 772F00BD CODE: 791c jns 0x772f00db
Eax=0 Ebx=75E4B498 Ecx=327E380 Edx=0 Edi=2 Esi=3191000 Ebp=327E384 Esp=327E37C Eip=772F00BD

ADDR: 77A2E69A CODE: 7315 jae 0x77a2e6b1
Eax=77935C1C Ebx=75E4B498 Ecx=77935C18 Edx=3191000 Edi=75EC3390 Esi=763BC8DC Ebp=327E35C Esp=327E358 Eip=77A2E69A

ADDR: 778597A6 CODE: 0f8454720500 jz 0x778b0a00
Eax=327E3CC Ebx=763BC8DC Ecx=327E3B8 Edx=3191000 Edi=75EC3390 Esi=763BC8DC Ebp=327E360 Esp=327E340 Eip=778597A6

ADDR: 778597D3 CODE: 7479 jz 0x7785984e
Eax=327E3CC Ebx=356E480 Ecx=1F Edx=B76A77F Edi=356E280 Esi=356E458 Ebp=327E360 Esp=327E340 Eip=778597D3

ADDR: 77A27B53 CODE: 746e jz 0x77a27bc3
Eax=FFFFFFFE Ebx=77935C18 Ecx=FFFFFFFF Edx=B76A77F Edi=77935C1C Esi=FFFFFFFE Ebp=327E358 Esp=327E344 Eip=77A27B53

ADDR: 778594A4 CODE: 7458 jz 0x778594fe
Eax=30EE8A47 Ebx=75E4B498 Ecx=1F Edx=B76A77F Edi=2 Esi=77305A70 Ebp=327E39C Esp=327E384 Eip=778594A4

ADDR: 77A78DEB CODE: 730a jae 0x77a78df7
Eax=EE60B4E Ebx=75E4B498 Ecx=77305A70 Edx=404000 Edi=2 Esi=77305A70 Ebp=327E39C Esp=327E378 Eip=77A78DEB

ADDR: 77A709B7 CODE: 747f jz 0x77a70a38
Eax=2 Ebx=3191FB4 Ecx=77305A70 Edx=3191FB4 Edi=2 Esi=77305A70 Ebp=327E350 Esp=327E344 Eip=77A709B7

ADDR: 77A709BE CODE: 7378 jae 0x77a70a38
Eax=2 Ebx=3191FB4 Ecx=77305A70 Edx=3191FB4 Edi=2 Esi=77305A70 Ebp=327E350 Esp=327E344 Eip=77A709BE

ADDR: 77305A83 CODE: 790d jns 0x77305a92
Eax=0 Ebx=75E4B498 Ecx=355A188 Edx=0 Edi=2 Esi=77305A70 Ebp=327E374 Esp=327E374 Eip=77305A83

ADDR: 77862C46 CODE: 740a jz 0x77862c52
Eax=0 Ebx=75E4B498 Ecx=7604EAF0 Edx=0 Edi=75EC33B0 Esi=75E4B3C8 Ebp=327E430 Esp=327E424 Eip=77862C46

ADDR: 77A78DEB CODE: 730a jae 0x77a78df7
Eax=EBD8676 Ebx=75E4B498 Ecx=75EC33B0 Edx=44444444 Edi=75EC33B0 Esi=75E4B3C8 Ebp=327E430 Esp=327E420 Eip=77A78DEB

ADDR: 778595B4 CODE: 7458 jz 0x7785960e
Eax=30EE8A47 Ebx=75E4B498 Ecx=1F Edx=763BC8DC Edi=2 Esi=77305A70 Ebp=327E3A0 Esp=327E388 Eip=778595B4

ADDR: 77A78DEB CODE: 730a jae 0x77a78df7
Eax=EE60B4E Ebx=75E4B498 Ecx=77305A70 Edx=404000 Edi=2 Esi=77305A70 Ebp=327E3A0 Esp=327E37C Eip=77A78DEB

ADDR: 77A709B7 CODE: 747f jz 0x77a70a38
Eax=2 Ebx=3191FB4 Ecx=77305A70 Edx=3191FB4 Edi=2 Esi=77305A70 Ebp=327E354 Esp=327E348 Eip=77A709B7

ADDR: 77A709BE CODE: 7378 jae 0x77a70a38
Eax=2 Ebx=3191FB4 Ecx=77305A70 Edx=3191FB4 Edi=2 Esi=77305A70 Ebp=327E354 Esp=327E348 Eip=77A709BE

ADDR: 77305A83 CODE: 790d jns 0x77305a92
Eax=0 Ebx=75E4B498 Ecx=355A188 Edx=0 Edi=2 Esi=77305A70 Ebp=327E378 Esp=327E378 Eip=77305A83

ADDR: 778590DC CODE: 7454 jz 0x77859132
Eax=30E1272F Ebx=75E4B498 Ecx=1F Edx=0 Edi=2 Esi=772F00A0 Ebp=327E3EC Esp=327E390 Eip=778590DC

ADDR: 77A78DEB CODE: 730a jae 0x77a78df7
Eax=EE5E014 Ebx=75E4B498 Ecx=772F00A0 Edx=104000 Edi=2 Esi=772F00A0 Ebp=327E3EC Esp=327E388 Eip=77A78DEB

ADDR: 77A6C686 CODE: 743c jz 0x77a6c6c4
Eax=2 Ebx=75E4B498 Ecx=355A180 Edx=104000 Edi=2 Esi=3191000 Ebp=327E36C Esp=327E36C Eip=77A6C686

ADDR: 77A6C68D CODE: 7335 jae 0x77a6c6c4
Eax=2 Ebx=75E4B498 Ecx=355A180 Edx=104000 Edi=2 Esi=3191000 Ebp=327E36C Esp=327E36C Eip=77A6C68D

ADDR: 77A6C6AC CODE: 740c jz 0x77a6c6ba
Eax=355CAA0 Ebx=75E4B498 Ecx=355A180 Edx=0 Edi=2 Esi=2 Ebp=327E36C Esp=327E368 Eip=77A6C6AC

ADDR: 77A6C6B4 CODE: 7404 jz 0x77a6c6ba
Eax=355CAAC Ebx=75E4B498 Ecx=355A180 Edx=0 Edi=2 Esi=2 Ebp=327E36C Esp=327E368 Eip=77A6C6B4

ADDR: 772F00BD CODE: 791c jns 0x772f00db
Eax=0 Ebx=75E4B498 Ecx=327E380 Edx=0 Edi=2 Esi=3191000 Ebp=327E384 Esp=327E37C Eip=772F00BD

ADDR: 77A2E69A CODE: 7315 jae 0x77a2e6b1
Eax=77935C1C Ebx=75E4B498 Ecx=77935C18 Edx=3191000 Edi=75EC33B0 Esi=763BC8DC Ebp=327E35C Esp=327E358 Eip=77A2E69A

ADDR: 778597A6 CODE: 0f8454720500 jz 0x778b0a00
Eax=327E3CC Ebx=763BC8DC Ecx=327E3B8 Edx=3191000 Edi=75EC33B0 Esi=763BC8DC Ebp=327E360 Esp=327E340 Eip=778597A6

ADDR: 778597D3 CODE: 7479 jz 0x7785984e
Eax=327E3CC Ebx=356E480 Ecx=1F Edx=B76A77F Edi=356E280 Esi=356E45C Ebp=327E360 Esp=327E340 Eip=778597D3

ADDR: 77A27B53 CODE: 746e jz 0x77a27bc3
Eax=FFFFFFFE Ebx=77935C18 Ecx=FFFFFFFF Edx=B76A77F Edi=77935C1C Esi=FFFFFFFE Ebp=327E358 Esp=327E344 Eip=77A27B53

ADDR: 778594A4 CODE: 7458 jz 0x778594fe
Eax=30EE8A47 Ebx=75E4B498 Ecx=1F Edx=B76A77F Edi=2 Esi=77305A70 Ebp=327E39C Esp=327E384 Eip=778594A4

ADDR: 77A78DEB CODE: 730a jae 0x77a78df7
Eax=EE60B4E Ebx=75E4B498 Ecx=77305A70 Edx=404000 Edi=2 Esi=77305A70 Ebp=327E39C Esp=327E378 Eip=77A78DEB

ADDR: 77A709B7 CODE: 747f jz 0x77a70a38
Eax=2 Ebx=3191FB4 Ecx=77305A70 Edx=3191FB4 Edi=2 Esi=77305A70 Ebp=327E350 Esp=327E344 Eip=77A709B7

ADDR: 77A709BE CODE: 7378 jae 0x77a70a38
Eax=2 Ebx=3191FB4 Ecx=77305A70 Edx=3191FB4 Edi=2 Esi=77305A70 Ebp=327E350 Esp=327E344 Eip=77A709BE

ADDR: 77305A83 CODE: 790d jns 0x77305a92
Eax=0 Ebx=75E4B498 Ecx=355A188 Edx=0 Edi=2 Esi=77305A70 Ebp=327E374 Esp=327E374 Eip=77305A83

ADDR: 77862C46 CODE: 740a jz 0x77862c52
Eax=0 Ebx=75E4B498 Ecx=7604EB00 Edx=0 Edi=75EC33D0 Esi=75E4B3CC Ebp=327E430 Esp=327E424 Eip=77862C46

ADDR: 77A78DEB CODE: 730a jae 0x77a78df7
Eax=EBD867A Ebx=75E4B498 Ecx=75EC33D0 Edx=44444444 Edi=75EC33D0 Esi=75E4B3CC Ebp=327E430 Esp=327E420 Eip=77A78DEB

ADDR: 778595B4 CODE: 7458 jz 0x7785960e
Eax=30EE8A47 Ebx=75E4B498 Ecx=1F Edx=763BC8DC Edi=2 Esi=77305A70 Ebp=327E3A0 Esp=327E388 Eip=778595B4

ADDR: 77A78DEB CODE: 730a jae 0x77a78df7
Eax=EE60B4E Ebx=75E4B498 Ecx=77305A70 Edx=404000 Edi=2 Esi=77305A70 Ebp=327E3A0 Esp=327E37C Eip=77A78DEB

ADDR: 77A709B7 CODE: 747f jz 0x77a70a38
Eax=2 Ebx=3191FB4 Ecx=77305A70 Edx=3191FB4 Edi=2 Esi=77305A70 Ebp=327E354 Esp=327E348 Eip=77A709B7

ADDR: 77A709BE CODE: 7378 jae 0x77a70a38
Eax=2 Ebx=3191FB4 Ecx=77305A70 Edx=3191FB4 Edi=2 Esi=77305A70 Ebp=327E354 Esp=327E348 Eip=77A709BE

ADDR: 77305A83 CODE: 790d jns 0x77305a92
Eax=0 Ebx=75E4B498 Ecx=355A188 Edx=0 Edi=2 Esi=77305A70 Ebp=327E378 Esp=327E378 Eip=77305A83

ADDR: 778590DC CODE: 7454 jz 0x77859132
Eax=30E1272F Ebx=75E4B498 Ecx=1F Edx=0 Edi=2 Esi=772F00A0 Ebp=327E3EC Esp=327E390 Eip=778590DC

ADDR: 77A78DEB CODE: 730a jae 0x77a78df7
Eax=EE5E014 Ebx=75E4B498 Ecx=772F00A0 Edx=104000 Edi=2 Esi=772F00A0 Ebp=327E3EC Esp=327E388 Eip=77A78DEB

ADDR: 77A6C686 CODE: 743c jz 0x77a6c6c4
Eax=2 Ebx=75E4B498 Ecx=355A180 Edx=104000 Edi=2 Esi=3191000 Ebp=327E36C Esp=327E36C Eip=77A6C686

ADDR: 77A6C68D CODE: 7335 jae 0x77a6c6c4
Eax=2 Ebx=75E4B498 Ecx=355A180 Edx=104000 Edi=2 Esi=3191000 Ebp=327E36C Esp=327E36C Eip=77A6C68D

ADDR: 77A6C6AC CODE: 740c jz 0x77a6c6ba
Eax=355CAA0 Ebx=75E4B498 Ecx=355A180 Edx=0 Edi=2 Esi=2 Ebp=327E36C Esp=327E368 Eip=77A6C6AC

ADDR: 77A6C6B4 CODE: 7404 jz 0x77a6c6ba
Eax=355CAAC Ebx=75E4B498 Ecx=355A180 Edx=0 Edi=2 Esi=2 Ebp=327E36C Esp=327E368 Eip=77A6C6B4

ADDR: 772F00BD CODE: 791c jns 0x772f00db
Eax=0 Ebx=75E4B498 Ecx=327E380 Edx=0 Edi=2 Esi=3191000 Ebp=327E384 Esp=327E37C Eip=772F00BD

ADDR: 77A2E69A CODE: 7315 jae 0x77a2e6b1
Eax=77935C1C Ebx=75E4B498 Ecx=77935C18 Edx=3191000 Edi=75EC33D0 Esi=763BC8DC Ebp=327E35C Esp=327E358 Eip=77A2E69A

ADDR: 778597A6 CODE: 0f8454720500 jz 0x778b0a00
Eax=327E3CC Ebx=763BC8DC Ecx=327E3B8 Edx=3191000 Edi=75EC33D0 Esi=763BC8DC Ebp=327E360 Esp=327E340 Eip=778597A6

ADDR: 778597D3 CODE: 7479 jz 0x7785984e
Eax=327E3CC Ebx=356E480 Ecx=1F Edx=B76A77F Edi=356E280 Esi=356E460 Ebp=327E360 Esp=327E340 Eip=778597D3

ADDR: 77A27B53 CODE: 746e jz 0x77a27bc3
Eax=FFFFFFFE Ebx=77935C18 Ecx=FFFFFFFF Edx=B76A77F Edi=77935C1C Esi=FFFFFFFE Ebp=327E358 Esp=327E344 Eip=77A27B53

ADDR: 778594A4 CODE: 7458 jz 0x778594fe
Eax=30EE8A47 Ebx=75E4B498 Ecx=1F Edx=B76A77F Edi=2 Esi=77305A70 Ebp=327E39C Esp=327E384 Eip=778594A4

ADDR: 77A78DEB CODE: 730a jae 0x77a78df7
Eax=EE60B4E Ebx=75E4B498 Ecx=77305A70 Edx=404000 Edi=2 Esi=77305A70 Ebp=327E39C Esp=327E378 Eip=77A78DEB

ADDR: 77A709B7 CODE: 747f jz 0x77a70a38
Eax=2 Ebx=3191FB4 Ecx=77305A70 Edx=3191FB4 Edi=2 Esi=77305A70 Ebp=327E350 Esp=327E344 Eip=77A709B7

ADDR: 77A709BE CODE: 7378 jae 0x77a70a38
Eax=2 Ebx=3191FB4 Ecx=77305A70 Edx=3191FB4 Edi=2 Esi=77305A70 Ebp=327E350 Esp=327E344 Eip=77A709BE

ADDR: 77305A83 CODE: 790d jns 0x77305a92
Eax=0 Ebx=75E4B498 Ecx=355A188 Edx=0 Edi=2 Esi=77305A70 Ebp=327E374 Esp=327E374 Eip=77305A83

ADDR: 77862C46 CODE: 740a jz 0x77862c52
Eax=0 Ebx=75E4B498 Ecx=7604EB10 Edx=0 Edi=75EC33F0 Esi=75E4B3D0 Ebp=327E430 Esp=327E424 Eip=77862C46

ADDR: 77A78DEB CODE: 730a jae 0x77a78df7
Eax=EBD867E Ebx=75E4B498 Ecx=75EC33F0 Edx=44444444 Edi=75EC33F0 Esi=75E4B3D0 Ebp=327E430 Esp=327E420 Eip=77A78DEB

ADDR: 778595B4 CODE: 7458 jz 0x7785960e
Eax=30EE8A47 Ebx=75E4B498 Ecx=1F Edx=763BC8DC Edi=2 Esi=77305A70 Ebp=327E3A0 Esp=327E388 Eip=778595B4

ADDR: 77A78DEB CODE: 730a jae 0x77a78df7
Eax=EE60B4E Ebx=75E4B498 Ecx=77305A70 Edx=404000 Edi=2 Esi=77305A70 Ebp=327E3A0 Esp=327E37C Eip=77A78DEB

ADDR: 77A709B7 CODE: 747f jz 0x77a70a38
Eax=2 Ebx=3191FB4 Ecx=77305A70 Edx=3191FB4 Edi=2 Esi=77305A70 Ebp=327E354 Esp=327E348 Eip=77A709B7

ADDR: 77A709BE CODE: 7378 jae 0x77a70a38
Eax=2 Ebx=3191FB4 Ecx=77305A70 Edx=3191FB4 Edi=2 Esi=77305A70 Ebp=327E354 Esp=327E348 Eip=77A709BE

ADDR: 77305A83 CODE: 790d jns 0x77305a92
Eax=0 Ebx=75E4B498 Ecx=355A188 Edx=0 Edi=2 Esi=77305A70 Ebp=327E378 Esp=327E378 Eip=77305A83

ADDR: 778590DC CODE: 7454 jz 0x77859132
Eax=30E1272F Ebx=75E4B498 Ecx=1F Edx=0 Edi=2 Esi=772F00A0 Ebp=327E3EC Esp=327E390 Eip=778590DC

ADDR: 77A78DEB CODE: 730a jae 0x77a78df7
Eax=EE5E014 Ebx=75E4B498 Ecx=772F00A0 Edx=104000 Edi=2 Esi=772F00A0 Ebp=327E3EC Esp=327E388 Eip=77A78DEB

ADDR: 77A6C686 CODE: 743c jz 0x77a6c6c4
Eax=2 Ebx=75E4B498 Ecx=355A180 Edx=104000 Edi=2 Esi=3191000 Ebp=327E36C Esp=327E36C Eip=77A6C686

ADDR: 77A6C68D CODE: 7335 jae 0x77a6c6c4
Eax=2 Ebx=75E4B498 Ecx=355A180 Edx=104000 Edi=2 Esi=3191000 Ebp=327E36C Esp=327E36C Eip=77A6C68D

ADDR: 77A6C6AC CODE: 740c jz 0x77a6c6ba
Eax=355CAA0 Ebx=75E4B498 Ecx=355A180 Edx=0 Edi=2 Esi=2 Ebp=327E36C Esp=327E368 Eip=77A6C6AC

ADDR: 77A6C6B4 CODE: 7404 jz 0x77a6c6ba
Eax=355CAAC Ebx=75E4B498 Ecx=355A180 Edx=0 Edi=2 Esi=2 Ebp=327E36C Esp=327E368 Eip=77A6C6B4

ADDR: 772F00BD CODE: 791c jns 0x772f00db
Eax=0 Ebx=75E4B498 Ecx=327E380 Edx=0 Edi=2 Esi=3191000 Ebp=327E384 Esp=327E37C Eip=772F00BD

ADDR: 77A2E69A CODE: 7315 jae 0x77a2e6b1
Eax=77935C1C Ebx=75E4B498 Ecx=77935C18 Edx=3191000 Edi=75EC33F0 Esi=763BC8DC Ebp=327E35C Esp=327E358 Eip=77A2E69A

ADDR: 778597A6 CODE: 0f8454720500 jz 0x778b0a00
Eax=327E3CC Ebx=763BC8DC Ecx=327E3B8 Edx=3191000 Edi=75EC33F0 Esi=763BC8DC Ebp=327E360 Esp=327E340 Eip=778597A6

ADDR: 778597D3 CODE: 7479 jz 0x7785984e
Eax=327E3CC Ebx=356E480 Ecx=1F Edx=B76A77F Edi=356E280 Esi=356E464 Ebp=327E360 Esp=327E340 Eip=778597D3

ADDR: 77A27B53 CODE: 746e jz 0x77a27bc3
Eax=FFFFFFFE Ebx=77935C18 Ecx=FFFFFFFF Edx=B76A77F Edi=77935C1C Esi=FFFFFFFE Ebp=327E358 Esp=327E344 Eip=77A27B53

ADDR: 778594A4 CODE: 7458 jz 0x778594fe
Eax=30EE8A47 Ebx=75E4B498 Ecx=1F Edx=B76A77F Edi=2 Esi=77305A70 Ebp=327E39C Esp=327E384 Eip=778594A4

ADDR: 77A78DEB CODE: 730a jae 0x77a78df7
Eax=EE60B4E Ebx=75E4B498 Ecx=77305A70 Edx=404000 Edi=2 Esi=77305A70 Ebp=327E39C Esp=327E378 Eip=77A78DEB

ADDR: 77A709B7 CODE: 747f jz 0x77a70a38
Eax=2 Ebx=3191FB4 Ecx=77305A70 Edx=3191FB4 Edi=2 Esi=77305A70 Ebp=327E350 Esp=327E344 Eip=77A709B7

ADDR: 77A709BE CODE: 7378 jae 0x77a70a38
Eax=2 Ebx=3191FB4 Ecx=77305A70 Edx=3191FB4 Edi=2 Esi=77305A70 Ebp=327E350 Esp=327E344 Eip=77A709BE

ADDR: 77305A83 CODE: 790d jns 0x77305a92
Eax=0 Ebx=75E4B498 Ecx=355A188 Edx=0 Edi=2 Esi=77305A70 Ebp=327E374 Esp=327E374 Eip=77305A83

ADDR: 77862C46 CODE: 740a jz 0x77862c52
Eax=0 Ebx=75E4B498 Ecx=7604EB20 Edx=0 Edi=75EC3410 Esi=75E4B3D4 Ebp=327E430 Esp=327E424 Eip=77862C46

ADDR: 77A78DEB CODE: 730a jae 0x77a78df7
Eax=EBD8682 Ebx=75E4B498 Ecx=75EC3410 Edx=44444444 Edi=75EC3410 Esi=75E4B3D4 Ebp=327E430 Esp=327E420 Eip=77A78DEB

ADDR: 75F84F4C CODE: 7e2f jle 0x75f84f7d
Eax=0 Ebx=75E4B498 Ecx=0 Edx=3561AE0 Edi=75EC3410 Esi=0 Ebp=327E430 Esp=327E418 Eip=75F84F4C

ADDR: 77A2E69A CODE: 7315 jae 0x77a2e6b1
Eax=763BC908 Ebx=75E4B498 Ecx=763BC904 Edx=3191000 Edi=763BC904 Esi=0 Ebp=327E3F4 Esp=327E3F0 Eip=77A2E69A

ADDR: 77A27B53 CODE: 746e jz 0x77a27bc3
Eax=FFFFFFFE Ebx=763BC904 Ecx=FFFFFFFF Edx=3191000 Edi=763BC908 Esi=FFFFFFFE Ebp=327E3F4 Esp=327E3E0 Eip=77A27B53

ADDR: 77A2E69A CODE: 7315 jae 0x77a2e6b1
Eax=763BC908 Ebx=75E4B498 Ecx=763BC904 Edx=3191000 Edi=763BF6D8 Esi=763BC904 Ebp=327E3F8 Esp=327E3F8 Eip=77A2E69A

ADDR: 77A27B53 CODE: 746e jz 0x77a27bc3
Eax=FFFFFFFE Ebx=763BC904 Ecx=FFFFFFFF Edx=3191000 Edi=763BC908 Esi=FFFFFFFE Ebp=327E3F8 Esp=327E3E4 Eip=77A27B53

ADDR: 75FA75D5 CODE: 7411 jz 0x75fa75e8
Eax=0 Ebx=75E4B498 Ecx=FFFFFFFF Edx=3191000 Edi=763BF6D8 Esi=77A4A7E0 Ebp=327E430 Esp=327E408 Eip=75FA75D5

ADDR: 77A78DEB CODE: 730a jae 0x77a78df7
Eax=EF494FC Ebx=75E4B498 Ecx=77A4A7E0 Edx=10000000 Edi=763BF6D8 Esi=77A4A7E0 Ebp=327E430 Esp=327E400 Eip=77A78DEB

ADDR: 77862C46 CODE: 740a jz 0x77862c52
Eax=763BD8D8 Ebx=75E4B498 Ecx=763BF6D8 Edx=0 Edi=75EC3430 Esi=75E4B3D8 Ebp=327E430 Esp=327E424 Eip=77862C46

ADDR: 77A78DEB CODE: 730a jae 0x77a78df7
Eax=EBD8686 Ebx=75E4B498 Ecx=75EC3430 Edx=44444444 Edi=75EC3430 Esi=75E4B3D8 Ebp=327E430 Esp=327E420 Eip=77A78DEB

ADDR: 778595B4 CODE: 7458 jz 0x7785960e
Eax=30EE8A47 Ebx=75E4B498 Ecx=1F Edx=763BC8DC Edi=2 Esi=77305A70 Ebp=327E3A0 Esp=327E388 Eip=778595B4

ADDR: 77A78DEB CODE: 730a jae 0x77a78df7
Eax=EE60B4E Ebx=75E4B498 Ecx=77305A70 Edx=404000 Edi=2 Esi=77305A70 Ebp=327E3A0 Esp=327E37C Eip=77A78DEB

ADDR: 77A709B7 CODE: 747f jz 0x77a70a38
Eax=2 Ebx=3191FB4 Ecx=77305A70 Edx=3191FB4 Edi=2 Esi=77305A70 Ebp=327E354 Esp=327E348 Eip=77A709B7

ADDR: 77A709BE CODE: 7378 jae 0x77a70a38
Eax=2 Ebx=3191FB4 Ecx=77305A70 Edx=3191FB4 Edi=2 Esi=77305A70 Ebp=327E354 Esp=327E348 Eip=77A709BE

ADDR: 77305A83 CODE: 790d jns 0x77305a92
Eax=0 Ebx=75E4B498 Ecx=355A188 Edx=0 Edi=2 Esi=77305A70 Ebp=327E378 Esp=327E378 Eip=77305A83

ADDR: 778590DC CODE: 7454 jz 0x77859132
Eax=30E1272F Ebx=75E4B498 Ecx=1F Edx=0 Edi=2 Esi=772F00A0 Ebp=327E3EC Esp=327E390 Eip=778590DC

ADDR: 77A78DEB CODE: 730a jae 0x77a78df7
Eax=EE5E014 Ebx=75E4B498 Ecx=772F00A0 Edx=104000 Edi=2 Esi=772F00A0 Ebp=327E3EC Esp=327E388 Eip=77A78DEB

ADDR: 77A6C686 CODE: 743c jz 0x77a6c6c4
Eax=2 Ebx=75E4B498 Ecx=355A180 Edx=104000 Edi=2 Esi=3191000 Ebp=327E36C Esp=327E36C Eip=77A6C686

ADDR: 77A6C68D CODE: 7335 jae 0x77a6c6c4
Eax=2 Ebx=75E4B498 Ecx=355A180 Edx=104000 Edi=2 Esi=3191000 Ebp=327E36C Esp=327E36C Eip=77A6C68D

ADDR: 77A6C6AC CODE: 740c jz 0x77a6c6ba
Eax=355CAA0 Ebx=75E4B498 Ecx=355A180 Edx=0 Edi=2 Esi=2 Ebp=327E36C Esp=327E368 Eip=77A6C6AC

ADDR: 77A6C6B4 CODE: 7404 jz 0x77a6c6ba
Eax=355CAAC Ebx=75E4B498 Ecx=355A180 Edx=0 Edi=2 Esi=2 Ebp=327E36C Esp=327E368 Eip=77A6C6B4

ADDR: 772F00BD CODE: 791c jns 0x772f00db
Eax=0 Ebx=75E4B498 Ecx=327E380 Edx=0 Edi=2 Esi=3191000 Ebp=327E384 Esp=327E37C Eip=772F00BD

ADDR: 77A2E69A CODE: 7315 jae 0x77a2e6b1
Eax=77935C1C Ebx=75E4B498 Ecx=77935C18 Edx=3191000 Edi=75EC3430 Esi=763BC8DC Ebp=327E35C Esp=327E358 Eip=77A2E69A

ADDR: 778597A6 CODE: 0f8454720500 jz 0x778b0a00
Eax=327E3CC Ebx=763BC8DC Ecx=327E3B8 Edx=3191000 Edi=75EC3430 Esi=763BC8DC Ebp=327E360 Esp=327E340 Eip=778597A6

ADDR: 778597D3 CODE: 7479 jz 0x7785984e
Eax=327E3CC Ebx=356E480 Ecx=1F Edx=B76A77F Edi=356E280 Esi=356E468 Ebp=327E360 Esp=327E340 Eip=778597D3

ADDR: 77A27B53 CODE: 746e jz 0x77a27bc3
Eax=FFFFFFFE Ebx=77935C18 Ecx=FFFFFFFF Edx=B76A77F Edi=77935C1C Esi=FFFFFFFE Ebp=327E358 Esp=327E344 Eip=77A27B53

ADDR: 778594A4 CODE: 7458 jz 0x778594fe
Eax=30EE8A47 Ebx=75E4B498 Ecx=1F Edx=B76A77F Edi=2 Esi=77305A70 Ebp=327E39C Esp=327E384 Eip=778594A4

ADDR: 77A78DEB CODE: 730a jae 0x77a78df7
Eax=EE60B4E Ebx=75E4B498 Ecx=77305A70 Edx=404000 Edi=2 Esi=77305A70 Ebp=327E39C Esp=327E378 Eip=77A78DEB

ADDR: 77A709B7 CODE: 747f jz 0x77a70a38
Eax=2 Ebx=3191FB4 Ecx=77305A70 Edx=3191FB4 Edi=2 Esi=77305A70 Ebp=327E350 Esp=327E344 Eip=77A709B7

ADDR: 77A709BE CODE: 7378 jae 0x77a70a38
Eax=2 Ebx=3191FB4 Ecx=77305A70 Edx=3191FB4 Edi=2 Esi=77305A70 Ebp=327E350 Esp=327E344 Eip=77A709BE

ADDR: 77305A83 CODE: 790d jns 0x77305a92
Eax=0 Ebx=75E4B498 Ecx=355A188 Edx=0 Edi=2 Esi=77305A70 Ebp=327E374 Esp=327E374 Eip=77305A83

ADDR: 77862C46 CODE: 740a jz 0x77862c52
Eax=0 Ebx=75E4B498 Ecx=7604EB30 Edx=0 Edi=75EC3450 Esi=75E4B3DC Ebp=327E430 Esp=327E424 Eip=77862C46

ADDR: 77A78DEB CODE: 730a jae 0x77a78df7
Eax=EBD868A Ebx=75E4B498 Ecx=75EC3450 Edx=44444444 Edi=75EC3450 Esi=75E4B3DC Ebp=327E430 Esp=327E420 Eip=77A78DEB

ADDR: 778595B4 CODE: 7458 jz 0x7785960e
Eax=30EE8A47 Ebx=75E4B498 Ecx=1F Edx=763BC8DC Edi=2 Esi=77305A70 Ebp=327E3A0 Esp=327E388 Eip=778595B4

ADDR: 77A78DEB CODE: 730a jae 0x77a78df7
Eax=EE60B4E Ebx=75E4B498 Ecx=77305A70 Edx=404000 Edi=2 Esi=77305A70 Ebp=327E3A0 Esp=327E37C Eip=77A78DEB

ADDR: 77A709B7 CODE: 747f jz 0x77a70a38
Eax=2 Ebx=3191FB4 Ecx=77305A70 Edx=3191FB4 Edi=2 Esi=77305A70 Ebp=327E354 Esp=327E348 Eip=77A709B7

ADDR: 77A709BE CODE: 7378 jae 0x77a70a38
Eax=2 Ebx=3191FB4 Ecx=77305A70 Edx=3191FB4 Edi=2 Esi=77305A70 Ebp=327E354 Esp=327E348 Eip=77A709BE

ADDR: 77305A83 CODE: 790d jns 0x77305a92
Eax=0 Ebx=75E4B498 Ecx=355A188 Edx=0 Edi=2 Esi=77305A70 Ebp=327E378 Esp=327E378 Eip=77305A83

ADDR: 778590DC CODE: 7454 jz 0x77859132
Eax=30E1272F Ebx=75E4B498 Ecx=1F Edx=0 Edi=2 Esi=772F00A0 Ebp=327E3EC Esp=327E390 Eip=778590DC

ADDR: 77A78DEB CODE: 730a jae 0x77a78df7
Eax=EE5E014 Ebx=75E4B498 Ecx=772F00A0 Edx=104000 Edi=2 Esi=772F00A0 Ebp=327E3EC Esp=327E388 Eip=77A78DEB

ADDR: 77A6C686 CODE: 743c jz 0x77a6c6c4
Eax=2 Ebx=75E4B498 Ecx=355A180 Edx=104000 Edi=2 Esi=3191000 Ebp=327E36C Esp=327E36C Eip=77A6C686

ADDR: 77A6C68D CODE: 7335 jae 0x77a6c6c4
Eax=2 Ebx=75E4B498 Ecx=355A180 Edx=104000 Edi=2 Esi=3191000 Ebp=327E36C Esp=327E36C Eip=77A6C68D

ADDR: 77A6C6AC CODE: 740c jz 0x77a6c6ba
Eax=355CAA0 Ebx=75E4B498 Ecx=355A180 Edx=0 Edi=2 Esi=2 Ebp=327E36C Esp=327E368 Eip=77A6C6AC

ADDR: 77A6C6B4 CODE: 7404 jz 0x77a6c6ba
Eax=355CAAC Ebx=75E4B498 Ecx=355A180 Edx=0 Edi=2 Esi=2 Ebp=327E36C Esp=327E368 Eip=77A6C6B4

ADDR: 772F00BD CODE: 791c jns 0x772f00db
Eax=0 Ebx=75E4B498 Ecx=327E380 Edx=0 Edi=2 Esi=3191000 Ebp=327E384 Esp=327E37C Eip=772F00BD

ADDR: 77A2E69A CODE: 7315 jae 0x77a2e6b1
Eax=77935C1C Ebx=75E4B498 Ecx=77935C18 Edx=3191000 Edi=75EC3450 Esi=763BC8DC Ebp=327E35C Esp=327E358 Eip=77A2E69A

ADDR: 778597A6 CODE: 0f8454720500 jz 0x778b0a00
Eax=327E3CC Ebx=763BC8DC Ecx=327E3B8 Edx=3191000 Edi=75EC3450 Esi=763BC8DC Ebp=327E360 Esp=327E340 Eip=778597A6

ADDR: 778597D3 CODE: 7479 jz 0x7785984e
Eax=327E3CC Ebx=356E480 Ecx=1F Edx=B76A77F Edi=356E280 Esi=356E46C Ebp=327E360 Esp=327E340 Eip=778597D3

ADDR: 77A27B53 CODE: 746e jz 0x77a27bc3
Eax=FFFFFFFE Ebx=77935C18 Ecx=FFFFFFFF Edx=B76A77F Edi=77935C1C Esi=FFFFFFFE Ebp=327E358 Esp=327E344 Eip=77A27B53

ADDR: 778594A4 CODE: 7458 jz 0x778594fe
Eax=30EE8A47 Ebx=75E4B498 Ecx=1F Edx=B76A77F Edi=2 Esi=77305A70 Ebp=327E39C Esp=327E384 Eip=778594A4

ADDR: 77A78DEB CODE: 730a jae 0x77a78df7
Eax=EE60B4E Ebx=75E4B498 Ecx=77305A70 Edx=404000 Edi=2 Esi=77305A70 Ebp=327E39C Esp=327E378 Eip=77A78DEB

ADDR: 77A709B7 CODE: 747f jz 0x77a70a38
Eax=2 Ebx=3191FB4 Ecx=77305A70 Edx=3191FB4 Edi=2 Esi=77305A70 Ebp=327E350 Esp=327E344 Eip=77A709B7

ADDR: 77A709BE CODE: 7378 jae 0x77a70a38
Eax=2 Ebx=3191FB4 Ecx=77305A70 Edx=3191FB4 Edi=2 Esi=77305A70 Ebp=327E350 Esp=327E344 Eip=77A709BE

ADDR: 77305A83 CODE: 790d jns 0x77305a92
Eax=0 Ebx=75E4B498 Ecx=355A188 Edx=0 Edi=2 Esi=77305A70 Ebp=327E374 Esp=327E374 Eip=77305A83

ADDR: 77862C46 CODE: 740a jz 0x77862c52
Eax=0 Ebx=75E4B498 Ecx=7604EB40 Edx=0 Edi=75EC3470 Esi=75E4B3E0 Ebp=327E430 Esp=327E424 Eip=77862C46

ADDR: 77A78DEB CODE: 730a jae 0x77a78df7
Eax=EBD868E Ebx=75E4B498 Ecx=75EC3470 Edx=44444444 Edi=75EC3470 Esi=75E4B3E0 Ebp=327E430 Esp=327E420 Eip=77A78DEB

ADDR: 778595B4 CODE: 7458 jz 0x7785960e
Eax=30EE8A47 Ebx=75E4B498 Ecx=1F Edx=763BC8DC Edi=2 Esi=77305A70 Ebp=327E3A0 Esp=327E388 Eip=778595B4

ADDR: 77A78DEB CODE: 730a jae 0x77a78df7
Eax=EE60B4E Ebx=75E4B498 Ecx=77305A70 Edx=404000 Edi=2 Esi=77305A70 Ebp=327E3A0 Esp=327E37C Eip=77A78DEB

ADDR: 77A709B7 CODE: 747f jz 0x77a70a38
Eax=2 Ebx=3191FB4 Ecx=77305A70 Edx=3191FB4 Edi=2 Esi=77305A70 Ebp=327E354 Esp=327E348 Eip=77A709B7

ADDR: 77A709BE CODE: 7378 jae 0x77a70a38
Eax=2 Ebx=3191FB4 Ecx=77305A70 Edx=3191FB4 Edi=2 Esi=77305A70 Ebp=327E354 Esp=327E348 Eip=77A709BE

ADDR: 77305A83 CODE: 790d jns 0x77305a92
Eax=0 Ebx=75E4B498 Ecx=355A188 Edx=0 Edi=2 Esi=77305A70 Ebp=327E378 Esp=327E378 Eip=77305A83

ADDR: 778590DC CODE: 7454 jz 0x77859132
Eax=30E1272F Ebx=75E4B498 Ecx=1F Edx=0 Edi=2 Esi=772F00A0 Ebp=327E3EC Esp=327E390 Eip=778590DC

ADDR: 77A78DEB CODE: 730a jae 0x77a78df7
Eax=EE5E014 Ebx=75E4B498 Ecx=772F00A0 Edx=104000 Edi=2 Esi=772F00A0 Ebp=327E3EC Esp=327E388 Eip=77A78DEB

ADDR: 77A6C686 CODE: 743c jz 0x77a6c6c4
Eax=2 Ebx=75E4B498 Ecx=355A180 Edx=104000 Edi=2 Esi=3191000 Ebp=327E36C Esp=327E36C Eip=77A6C686

ADDR: 77A6C68D CODE: 7335 jae 0x77a6c6c4
Eax=2 Ebx=75E4B498 Ecx=355A180 Edx=104000 Edi=2 Esi=3191000 Ebp=327E36C Esp=327E36C Eip=77A6C68D

ADDR: 77A6C6AC CODE: 740c jz 0x77a6c6ba
Eax=355CAA0 Ebx=75E4B498 Ecx=355A180 Edx=0 Edi=2 Esi=2 Ebp=327E36C Esp=327E368 Eip=77A6C6AC

ADDR: 77A6C6B4 CODE: 7404 jz 0x77a6c6ba
Eax=355CAAC Ebx=75E4B498 Ecx=355A180 Edx=0 Edi=2 Esi=2 Ebp=327E36C Esp=327E368 Eip=77A6C6B4

ADDR: 772F00BD CODE: 791c jns 0x772f00db
Eax=0 Ebx=75E4B498 Ecx=327E380 Edx=0 Edi=2 Esi=3191000 Ebp=327E384 Esp=327E37C Eip=772F00BD

ADDR: 77A2E69A CODE: 7315 jae 0x77a2e6b1
Eax=77935C1C Ebx=75E4B498 Ecx=77935C18 Edx=3191000 Edi=75EC3470 Esi=763BC8DC Ebp=327E35C Esp=327E358 Eip=77A2E69A

ADDR: 778597A6 CODE: 0f8454720500 jz 0x778b0a00
Eax=327E3CC Ebx=763BC8DC Ecx=327E3B8 Edx=3191000 Edi=75EC3470 Esi=763BC8DC Ebp=327E360 Esp=327E340 Eip=778597A6

ADDR: 778597D3 CODE: 7479 jz 0x7785984e
Eax=327E3CC Ebx=356E480 Ecx=1F Edx=B76A77F Edi=356E280 Esi=356E470 Ebp=327E360 Esp=327E340 Eip=778597D3

ADDR: 77A27B53 CODE: 746e jz 0x77a27bc3
Eax=FFFFFFFE Ebx=77935C18 Ecx=FFFFFFFF Edx=B76A77F Edi=77935C1C Esi=FFFFFFFE Ebp=327E358 Esp=327E344 Eip=77A27B53

ADDR: 778594A4 CODE: 7458 jz 0x778594fe
Eax=30EE8A47 Ebx=75E4B498 Ecx=1F Edx=B76A77F Edi=2 Esi=77305A70 Ebp=327E39C Esp=327E384 Eip=778594A4

ADDR: 77A78DEB CODE: 730a jae 0x77a78df7
Eax=EE60B4E Ebx=75E4B498 Ecx=77305A70 Edx=404000 Edi=2 Esi=77305A70 Ebp=327E39C Esp=327E378 Eip=77A78DEB

ADDR: 77A709B7 CODE: 747f jz 0x77a70a38
Eax=2 Ebx=3191FB4 Ecx=77305A70 Edx=3191FB4 Edi=2 Esi=77305A70 Ebp=327E350 Esp=327E344 Eip=77A709B7

ADDR: 77A709BE CODE: 7378 jae 0x77a70a38
Eax=2 Ebx=3191FB4 Ecx=77305A70 Edx=3191FB4 Edi=2 Esi=77305A70 Ebp=327E350 Esp=327E344 Eip=77A709BE

ADDR: 77305A83 CODE: 790d jns 0x77305a92
Eax=0 Ebx=75E4B498 Ecx=355A188 Edx=0 Edi=2 Esi=77305A70 Ebp=327E374 Esp=327E374 Eip=77305A83

ADDR: 77862C46 CODE: 740a jz 0x77862c52
Eax=0 Ebx=75E4B498 Ecx=7604EB50 Edx=0 Edi=75EC3490 Esi=75E4B3E4 Ebp=327E430 Esp=327E424 Eip=77862C46

ADDR: 77A78DEB CODE: 730a jae 0x77a78df7
Eax=EBD8692 Ebx=75E4B498 Ecx=75EC3490 Edx=44444444 Edi=75EC3490 Esi=75E4B3E4 Ebp=327E430 Esp=327E420 Eip=77A78DEB

ADDR: 778595B4 CODE: 7458 jz 0x7785960e
Eax=30EE8A47 Ebx=75E4B498 Ecx=1F Edx=763BC8DC Edi=2 Esi=77305A70 Ebp=327E3A0 Esp=327E388 Eip=778595B4

ADDR: 77A78DEB CODE: 730a jae 0x77a78df7
Eax=EE60B4E Ebx=75E4B498 Ecx=77305A70 Edx=404000 Edi=2 Esi=77305A70 Ebp=327E3A0 Esp=327E37C Eip=77A78DEB

ADDR: 77A709B7 CODE: 747f jz 0x77a70a38
Eax=2 Ebx=3191FB4 Ecx=77305A70 Edx=3191FB4 Edi=2 Esi=77305A70 Ebp=327E354 Esp=327E348 Eip=77A709B7

ADDR: 77A709BE CODE: 7378 jae 0x77a70a38
Eax=2 Ebx=3191FB4 Ecx=77305A70 Edx=3191FB4 Edi=2 Esi=77305A70 Ebp=327E354 Esp=327E348 Eip=77A709BE

ADDR: 77305A83 CODE: 790d jns 0x77305a92
Eax=0 Ebx=75E4B498 Ecx=355A188 Edx=0 Edi=2 Esi=77305A70 Ebp=327E378 Esp=327E378 Eip=77305A83

ADDR: 778590DC CODE: 7454 jz 0x77859132
Eax=30E1272F Ebx=75E4B498 Ecx=1F Edx=0 Edi=2 Esi=772F00A0 Ebp=327E3EC Esp=327E390 Eip=778590DC

ADDR: 77A78DEB CODE: 730a jae 0x77a78df7
Eax=EE5E014 Ebx=75E4B498 Ecx=772F00A0 Edx=104000 Edi=2 Esi=772F00A0 Ebp=327E3EC Esp=327E388 Eip=77A78DEB

ADDR: 77A6C686 CODE: 743c jz 0x77a6c6c4
Eax=2 Ebx=75E4B498 Ecx=355A180 Edx=104000 Edi=2 Esi=3191000 Ebp=327E36C Esp=327E36C Eip=77A6C686

ADDR: 77A6C68D CODE: 7335 jae 0x77a6c6c4
Eax=2 Ebx=75E4B498 Ecx=355A180 Edx=104000 Edi=2 Esi=3191000 Ebp=327E36C Esp=327E36C Eip=77A6C68D

ADDR: 77A6C6AC CODE: 740c jz 0x77a6c6ba
Eax=355CAA0 Ebx=75E4B498 Ecx=355A180 Edx=0 Edi=2 Esi=2 Ebp=327E36C Esp=327E368 Eip=77A6C6AC

ADDR: 77A6C6B4 CODE: 7404 jz 0x77a6c6ba
Eax=355CAAC Ebx=75E4B498 Ecx=355A180 Edx=0 Edi=2 Esi=2 Ebp=327E36C Esp=327E368 Eip=77A6C6B4

ADDR: 772F00BD CODE: 791c jns 0x772f00db
Eax=0 Ebx=75E4B498 Ecx=327E380 Edx=0 Edi=2 Esi=3191000 Ebp=327E384 Esp=327E37C Eip=772F00BD

ADDR: 77A2E69A CODE: 7315 jae 0x77a2e6b1
Eax=77935C1C Ebx=75E4B498 Ecx=77935C18 Edx=3191000 Edi=75EC3490 Esi=763BC8DC Ebp=327E35C Esp=327E358 Eip=77A2E69A

ADDR: 778597A6 CODE: 0f8454720500 jz 0x778b0a00
Eax=327E3CC Ebx=763BC8DC Ecx=327E3B8 Edx=3191000 Edi=75EC3490 Esi=763BC8DC Ebp=327E360 Esp=327E340 Eip=778597A6

ADDR: 778597D3 CODE: 7479 jz 0x7785984e
Eax=327E3CC Ebx=356E480 Ecx=1F Edx=B76A77F Edi=356E280 Esi=356E474 Ebp=327E360 Esp=327E340 Eip=778597D3

ADDR: 77A27B53 CODE: 746e jz 0x77a27bc3
Eax=FFFFFFFE Ebx=77935C18 Ecx=FFFFFFFF Edx=B76A77F Edi=77935C1C Esi=FFFFFFFE Ebp=327E358 Esp=327E344 Eip=77A27B53

ADDR: 778594A4 CODE: 7458 jz 0x778594fe
Eax=30EE8A47 Ebx=75E4B498 Ecx=1F Edx=B76A77F Edi=2 Esi=77305A70 Ebp=327E39C Esp=327E384 Eip=778594A4

ADDR: 77A78DEB CODE: 730a jae 0x77a78df7
Eax=EE60B4E Ebx=75E4B498 Ecx=77305A70 Edx=404000 Edi=2 Esi=77305A70 Ebp=327E39C Esp=327E378 Eip=77A78DEB

ADDR: 77A709B7 CODE: 747f jz 0x77a70a38
Eax=2 Ebx=3191FB4 Ecx=77305A70 Edx=3191FB4 Edi=2 Esi=77305A70 Ebp=327E350 Esp=327E344 Eip=77A709B7

ADDR: 77A709BE CODE: 7378 jae 0x77a70a38
Eax=2 Ebx=3191FB4 Ecx=77305A70 Edx=3191FB4 Edi=2 Esi=77305A70 Ebp=327E350 Esp=327E344 Eip=77A709BE

ADDR: 77305A83 CODE: 790d jns 0x77305a92
Eax=0 Ebx=75E4B498 Ecx=355A188 Edx=0 Edi=2 Esi=77305A70 Ebp=327E374 Esp=327E374 Eip=77305A83

ADDR: 77862C46 CODE: 740a jz 0x77862c52
Eax=0 Ebx=75E4B498 Ecx=7604EB60 Edx=0 Edi=75EC34B0 Esi=75E4B3E8 Ebp=327E430 Esp=327E424 Eip=77862C46

ADDR: 77A78DEB CODE: 730a jae 0x77a78df7
Eax=EBD8696 Ebx=75E4B498 Ecx=75EC34B0 Edx=44444444 Edi=75EC34B0 Esi=75E4B3E8 Ebp=327E430 Esp=327E420 Eip=77A78DEB

ADDR: 778595B4 CODE: 7458 jz 0x7785960e
Eax=30EE8A47 Ebx=75E4B498 Ecx=1F Edx=763BC8DC Edi=2 Esi=77305A70 Ebp=327E3A0 Esp=327E388 Eip=778595B4

ADDR: 77A78DEB CODE: 730a jae 0x77a78df7
Eax=EE60B4E Ebx=75E4B498 Ecx=77305A70 Edx=404000 Edi=2 Esi=77305A70 Ebp=327E3A0 Esp=327E37C Eip=77A78DEB

ADDR: 77A709B7 CODE: 747f jz 0x77a70a38
Eax=2 Ebx=3191FB4 Ecx=77305A70 Edx=3191FB4 Edi=2 Esi=77305A70 Ebp=327E354 Esp=327E348 Eip=77A709B7

ADDR: 77A709BE CODE: 7378 jae 0x77a70a38
Eax=2 Ebx=3191FB4 Ecx=77305A70 Edx=3191FB4 Edi=2 Esi=77305A70 Ebp=327E354 Esp=327E348 Eip=77A709BE

ADDR: 77305A83 CODE: 790d jns 0x77305a92
Eax=0 Ebx=75E4B498 Ecx=355A188 Edx=0 Edi=2 Esi=77305A70 Ebp=327E378 Esp=327E378 Eip=77305A83

ADDR: 778590DC CODE: 7454 jz 0x77859132
Eax=30E1272F Ebx=75E4B498 Ecx=1F Edx=0 Edi=2 Esi=772F00A0 Ebp=327E3EC Esp=327E390 Eip=778590DC

ADDR: 77A78DEB CODE: 730a jae 0x77a78df7
Eax=EE5E014 Ebx=75E4B498 Ecx=772F00A0 Edx=104000 Edi=2 Esi=772F00A0 Ebp=327E3EC Esp=327E388 Eip=77A78DEB

ADDR: 77A6C686 CODE: 743c jz 0x77a6c6c4
Eax=2 Ebx=75E4B498 Ecx=355A180 Edx=104000 Edi=2 Esi=3191000 Ebp=327E36C Esp=327E36C Eip=77A6C686

ADDR: 77A6C68D CODE: 7335 jae 0x77a6c6c4
Eax=2 Ebx=75E4B498 Ecx=355A180 Edx=104000 Edi=2 Esi=3191000 Ebp=327E36C Esp=327E36C Eip=77A6C68D

ADDR: 77A6C6AC CODE: 740c jz 0x77a6c6ba
Eax=355CAA0 Ebx=75E4B498 Ecx=355A180 Edx=0 Edi=2 Esi=2 Ebp=327E36C Esp=327E368 Eip=77A6C6AC

ADDR: 77A6C6B4 CODE: 7404 jz 0x77a6c6ba
Eax=355CAAC Ebx=75E4B498 Ecx=355A180 Edx=0 Edi=2 Esi=2 Ebp=327E36C Esp=327E368 Eip=77A6C6B4

ADDR: 772F00BD CODE: 791c jns 0x772f00db
Eax=0 Ebx=75E4B498 Ecx=327E380 Edx=0 Edi=2 Esi=3191000 Ebp=327E384 Esp=327E37C Eip=772F00BD

ADDR: 77A2E69A CODE: 7315 jae 0x77a2e6b1
Eax=77935C1C Ebx=75E4B498 Ecx=77935C18 Edx=3191000 Edi=75EC34B0 Esi=763BC8DC Ebp=327E35C Esp=327E358 Eip=77A2E69A

ADDR: 778597A6 CODE: 0f8454720500 jz 0x778b0a00
Eax=327E3CC Ebx=763BC8DC Ecx=327E3B8 Edx=3191000 Edi=75EC34B0 Esi=763BC8DC Ebp=327E360 Esp=327E340 Eip=778597A6

ADDR: 778597D3 CODE: 7479 jz 0x7785984e
Eax=327E3CC Ebx=356E480 Ecx=1F Edx=B76A77F Edi=356E280 Esi=356E478 Ebp=327E360 Esp=327E340 Eip=778597D3

ADDR: 77A27B53 CODE: 746e jz 0x77a27bc3
Eax=FFFFFFFE Ebx=77935C18 Ecx=FFFFFFFF Edx=B76A77F Edi=77935C1C Esi=FFFFFFFE Ebp=327E358 Esp=327E344 Eip=77A27B53

ADDR: 778594A4 CODE: 7458 jz 0x778594fe
Eax=30EE8A47 Ebx=75E4B498 Ecx=1F Edx=B76A77F Edi=2 Esi=77305A70 Ebp=327E39C Esp=327E384 Eip=778594A4

ADDR: 77A78DEB CODE: 730a jae 0x77a78df7
Eax=EE60B4E Ebx=75E4B498 Ecx=77305A70 Edx=404000 Edi=2 Esi=77305A70 Ebp=327E39C Esp=327E378 Eip=77A78DEB

ADDR: 77A709B7 CODE: 747f jz 0x77a70a38
Eax=2 Ebx=3191FB4 Ecx=77305A70 Edx=3191FB4 Edi=2 Esi=77305A70 Ebp=327E350 Esp=327E344 Eip=77A709B7

ADDR: 77A709BE CODE: 7378 jae 0x77a70a38
Eax=2 Ebx=3191FB4 Ecx=77305A70 Edx=3191FB4 Edi=2 Esi=77305A70 Ebp=327E350 Esp=327E344 Eip=77A709BE

ADDR: 77305A83 CODE: 790d jns 0x77305a92
Eax=0 Ebx=75E4B498 Ecx=355A188 Edx=0 Edi=2 Esi=77305A70 Ebp=327E374 Esp=327E374 Eip=77305A83

ADDR: 77862C46 CODE: 740a jz 0x77862c52
Eax=0 Ebx=75E4B498 Ecx=7604EB70 Edx=0 Edi=75EC34D0 Esi=75E4B3EC Ebp=327E430 Esp=327E424 Eip=77862C46

ADDR: 77A78DEB CODE: 730a jae 0x77a78df7
Eax=EBD869A Ebx=75E4B498 Ecx=75EC34D0 Edx=44444444 Edi=75EC34D0 Esi=75E4B3EC Ebp=327E430 Esp=327E420 Eip=77A78DEB

ADDR: 778595B4 CODE: 7458 jz 0x7785960e
Eax=30EE8A47 Ebx=75E4B498 Ecx=1F Edx=763BC8DC Edi=2 Esi=77305A70 Ebp=327E3A0 Esp=327E388 Eip=778595B4

ADDR: 77A78DEB CODE: 730a jae 0x77a78df7
Eax=EE60B4E Ebx=75E4B498 Ecx=77305A70 Edx=404000 Edi=2 Esi=77305A70 Ebp=327E3A0 Esp=327E37C Eip=77A78DEB

ADDR: 77A709B7 CODE: 747f jz 0x77a70a38
Eax=2 Ebx=3191FB4 Ecx=77305A70 Edx=3191FB4 Edi=2 Esi=77305A70 Ebp=327E354 Esp=327E348 Eip=77A709B7

ADDR: 77A709BE CODE: 7378 jae 0x77a70a38
Eax=2 Ebx=3191FB4 Ecx=77305A70 Edx=3191FB4 Edi=2 Esi=77305A70 Ebp=327E354 Esp=327E348 Eip=77A709BE

ADDR: 77305A83 CODE: 790d jns 0x77305a92
Eax=0 Ebx=75E4B498 Ecx=355A188 Edx=0 Edi=2 Esi=77305A70 Ebp=327E378 Esp=327E378 Eip=77305A83

ADDR: 778590DC CODE: 7454 jz 0x77859132
Eax=30E1272F Ebx=75E4B498 Ecx=1F Edx=0 Edi=2 Esi=772F00A0 Ebp=327E3EC Esp=327E390 Eip=778590DC

ADDR: 77A78DEB CODE: 730a jae 0x77a78df7
Eax=EE5E014 Ebx=75E4B498 Ecx=772F00A0 Edx=104000 Edi=2 Esi=772F00A0 Ebp=327E3EC Esp=327E388 Eip=77A78DEB

ADDR: 77A6C686 CODE: 743c jz 0x77a6c6c4
Eax=2 Ebx=75E4B498 Ecx=355A180 Edx=104000 Edi=2 Esi=3191000 Ebp=327E36C Esp=327E36C Eip=77A6C686

ADDR: 77A6C68D CODE: 7335 jae 0x77a6c6c4
Eax=2 Ebx=75E4B498 Ecx=355A180 Edx=104000 Edi=2 Esi=3191000 Ebp=327E36C Esp=327E36C Eip=77A6C68D

ADDR: 77A6C6AC CODE: 740c jz 0x77a6c6ba
Eax=355CAA0 Ebx=75E4B498 Ecx=355A180 Edx=0 Edi=2 Esi=2 Ebp=327E36C Esp=327E368 Eip=77A6C6AC

ADDR: 77A6C6B4 CODE: 7404 jz 0x77a6c6ba
Eax=355CAAC Ebx=75E4B498 Ecx=355A180 Edx=0 Edi=2 Esi=2 Ebp=327E36C Esp=327E368 Eip=77A6C6B4

ADDR: 772F00BD CODE: 791c jns 0x772f00db
Eax=0 Ebx=75E4B498 Ecx=327E380 Edx=0 Edi=2 Esi=3191000 Ebp=327E384 Esp=327E37C Eip=772F00BD

ADDR: 77A2E69A CODE: 7315 jae 0x77a2e6b1
Eax=77935C1C Ebx=75E4B498 Ecx=77935C18 Edx=3191000 Edi=75EC34D0 Esi=763BC8DC Ebp=327E35C Esp=327E358 Eip=77A2E69A

ADDR: 778597A6 CODE: 0f8454720500 jz 0x778b0a00
Eax=327E3CC Ebx=763BC8DC Ecx=327E3B8 Edx=3191000 Edi=75EC34D0 Esi=763BC8DC Ebp=327E360 Esp=327E340 Eip=778597A6

ADDR: 778597D3 CODE: 7479 jz 0x7785984e
Eax=327E3CC Ebx=356E480 Ecx=1F Edx=B76A77F Edi=356E280 Esi=356E47C Ebp=327E360 Esp=327E340 Eip=778597D3

ADDR: 77A27B53 CODE: 746e jz 0x77a27bc3
Eax=FFFFFFFE Ebx=77935C18 Ecx=FFFFFFFF Edx=B76A77F Edi=77935C1C Esi=FFFFFFFE Ebp=327E358 Esp=327E344 Eip=77A27B53

ADDR: 778594A4 CODE: 7458 jz 0x778594fe
Eax=30EE8A47 Ebx=75E4B498 Ecx=1F Edx=B76A77F Edi=2 Esi=77305A70 Ebp=327E39C Esp=327E384 Eip=778594A4

ADDR: 77A78DEB CODE: 730a jae 0x77a78df7
Eax=EE60B4E Ebx=75E4B498 Ecx=77305A70 Edx=404000 Edi=2 Esi=77305A70 Ebp=327E39C Esp=327E378 Eip=77A78DEB

ADDR: 77A709B7 CODE: 747f jz 0x77a70a38
Eax=2 Ebx=3191FB4 Ecx=77305A70 Edx=3191FB4 Edi=2 Esi=77305A70 Ebp=327E350 Esp=327E344 Eip=77A709B7

ADDR: 77A709BE CODE: 7378 jae 0x77a70a38
Eax=2 Ebx=3191FB4 Ecx=77305A70 Edx=3191FB4 Edi=2 Esi=77305A70 Ebp=327E350 Esp=327E344 Eip=77A709BE

ADDR: 77305A83 CODE: 790d jns 0x77305a92
Eax=0 Ebx=75E4B498 Ecx=355A188 Edx=0 Edi=2 Esi=77305A70 Ebp=327E374 Esp=327E374 Eip=77305A83

ADDR: 77862C46 CODE: 740a jz 0x77862c52
Eax=0 Ebx=75E4B498 Ecx=7604EB80 Edx=0 Edi=75EC34F0 Esi=75E4B3F0 Ebp=327E430 Esp=327E424 Eip=77862C46

ADDR: 77A78DEB CODE: 730a jae 0x77a78df7
Eax=EBD869E Ebx=75E4B498 Ecx=75EC34F0 Edx=44444444 Edi=75EC34F0 Esi=75E4B3F0 Ebp=327E430 Esp=327E420 Eip=77A78DEB

ADDR: 778595B4 CODE: 7458 jz 0x7785960e
Eax=30EE8A47 Ebx=75E4B498 Ecx=1F Edx=763BC8DC Edi=2 Esi=77305A70 Ebp=327E3A0 Esp=327E388 Eip=778595B4

ADDR: 77A78DEB CODE: 730a jae 0x77a78df7
Eax=EE60B4E Ebx=75E4B498 Ecx=77305A70 Edx=404000 Edi=2 Esi=77305A70 Ebp=327E3A0 Esp=327E37C Eip=77A78DEB

ADDR: 77A709B7 CODE: 747f jz 0x77a70a38
Eax=2 Ebx=3191FB4 Ecx=77305A70 Edx=3191FB4 Edi=2 Esi=77305A70 Ebp=327E354 Esp=327E348 Eip=77A709B7

ADDR: 77A709BE CODE: 7378 jae 0x77a70a38
Eax=2 Ebx=3191FB4 Ecx=77305A70 Edx=3191FB4 Edi=2 Esi=77305A70 Ebp=327E354 Esp=327E348 Eip=77A709BE

ADDR: 77305A83 CODE: 790d jns 0x77305a92
Eax=0 Ebx=75E4B498 Ecx=355A188 Edx=0 Edi=2 Esi=77305A70 Ebp=327E378 Esp=327E378 Eip=77305A83

ADDR: 778590DC CODE: 7454 jz 0x77859132
Eax=30E1272F Ebx=75E4B498 Ecx=1F Edx=0 Edi=2 Esi=772F00A0 Ebp=327E3EC Esp=327E390 Eip=778590DC

ADDR: 77A78DEB CODE: 730a jae 0x77a78df7
Eax=EE5E014 Ebx=75E4B498 Ecx=772F00A0 Edx=104000 Edi=2 Esi=772F00A0 Ebp=327E3EC Esp=327E388 Eip=77A78DEB

ADDR: 77A6C686 CODE: 743c jz 0x77a6c6c4
Eax=2 Ebx=75E4B498 Ecx=355A180 Edx=104000 Edi=2 Esi=3191000 Ebp=327E36C Esp=327E36C Eip=77A6C686

ADDR: 77A6C68D CODE: 7335 jae 0x77a6c6c4
Eax=2 Ebx=75E4B498 Ecx=355A180 Edx=104000 Edi=2 Esi=3191000 Ebp=327E36C Esp=327E36C Eip=77A6C68D

ADDR: 77A6C6AC CODE: 740c jz 0x77a6c6ba
Eax=355CAA0 Ebx=75E4B498 Ecx=355A180 Edx=0 Edi=2 Esi=2 Ebp=327E36C Esp=327E368 Eip=77A6C6AC

ADDR: 77A6C6B4 CODE: 7404 jz 0x77a6c6ba
Eax=355CAAC Ebx=75E4B498 Ecx=355A180 Edx=0 Edi=2 Esi=2 Ebp=327E36C Esp=327E368 Eip=77A6C6B4

ADDR: 772F00BD CODE: 791c jns 0x772f00db
Eax=0 Ebx=75E4B498 Ecx=327E380 Edx=0 Edi=2 Esi=3191000 Ebp=327E384 Esp=327E37C Eip=772F00BD

ADDR: 77A2E69A CODE: 7315 jae 0x77a2e6b1
Eax=77935C1C Ebx=75E4B498 Ecx=77935C18 Edx=3191000 Edi=75EC34F0 Esi=763BC8DC Ebp=327E35C Esp=327E358 Eip=77A2E69A

ADDR: 778597A6 CODE: 0f8454720500 jz 0x778b0a00
Eax=327E3CC Ebx=763BC8DC Ecx=327E3B8 Edx=3191000 Edi=75EC34F0 Esi=763BC8DC Ebp=327E360 Esp=327E340 Eip=778597A6

ADDR: 778597D3 CODE: 7479 jz 0x7785984e
Eax=327E3CC Ebx=356E480 Ecx=1F Edx=B76A77F Edi=356E280 Esi=356E480 Ebp=327E360 Esp=327E340 Eip=778597D3

ADDR: 77859859 CODE: 0f876f710500 ja 0x778b09ce
Eax=327E3CC Ebx=80 Ecx=1F Edx=B76A77F Edi=356E280 Esi=356E480 Ebp=327E360 Esp=327E340 Eip=77859859

ADDR: 77859875 CODE: 0f825d710500 jb 0x778b09d8
Eax=80 Ebx=80 Ecx=1F Edx=B76A77F Edi=356E280 Esi=100 Ebp=327E360 Esp=327E340 Eip=77859875

ADDR: 778543BC CODE: 0f84d3000000 jz 0x77854495
Eax=80 Ebx=80 Ecx=356E280 Edx=100 Edi=356E280 Esi=100 Ebp=327E334 Esp=327E320 Eip=778543BC

ADDR: 778543CC CODE: 0f83c3000000 jae 0x77854495
Eax=FFFFFF Ebx=80 Ecx=356E280 Edx=E0 Edi=356E280 Esi=100 Ebp=327E334 Esp=327E320 Eip=778543CC

ADDR: 77854499 CODE: 740c jz 0x778544a7
Eax=FFFFFF Ebx=80 Ecx=356E280 Edx=E0 Edi=0 Esi=100 Ebp=327E334 Esp=327E320 Eip=77854499

ADDR: 77A3A7B4 CODE: 0f8432bc0400 jz 0x77a863ec
Eax=FFFFFF Ebx=356E280 Ecx=356E280 Edx=E0 Edi=0 Esi=3550000 Ebp=327E2FC Esp=327E2E8 Eip=77A3A7B4

ADDR: 77A3A7C1 CODE: 0f843bbc0400 jz 0x77a86402
Eax=FFFFFF Ebx=356E280 Ecx=356E280 Edx=E0 Edi=0 Esi=3550000 Ebp=327E2FC Esp=327E2E8 Eip=77A3A7C1

ADDR: 77A3A7E6 CODE: 7445 jz 0x77a3a82d
Eax=FFFFFF Ebx=356E280 Ecx=356E280 Edx=0 Edi=0 Esi=3550000 Ebp=327E2FC Esp=327E2E8 Eip=77A3A7E6

ADDR: 77A3A7FF CODE: 0f8483bc0400 jz 0x77a86488
Eax=FFFFFF Ebx=356E280 Ecx=356E278 Edx=0 Edi=0 Esi=3550000 Ebp=327E2FC Esp=327E2E8 Eip=77A3A7FF

ADDR: 77A3A80A CODE: 0f84a4bc0400 jz 0x77a864b4
Eax=FFFF08 Ebx=356E280 Ecx=356E278 Edx=0 Edi=0 Esi=3550000 Ebp=327E2FC Esp=327E2E8 Eip=77A3A80A

ADDR: 77A3A812 CODE: 783f js 0x77a3a853
Eax=FFFF08 Ebx=356E280 Ecx=356E278 Edx=0 Edi=0 Esi=3550000 Ebp=327E2FC Esp=327E2E8 Eip=77A3A812

ADDR: 77A3A818 CODE: 0f8490000000 jz 0x77a3a8ae
Eax=FFFF08 Ebx=356E280 Ecx=356E278 Edx=0 Edi=0 Esi=3550000 Ebp=327E2FC Esp=327E2E8 Eip=77A3A818

ADDR: 77A3A823 CODE: 7403 jz 0x77a3a828
Eax=889FF920 Ebx=356E280 Ecx=356E278 Edx=0 Edi=0 Esi=3550000 Ebp=327E2FC Esp=327E2E8 Eip=77A3A823

ADDR: 77A3A879 CODE: 0f845abc0400 jz 0x77a864d9
Eax=41 Ebx=356E280 Ecx=356E278 Edx=8 Edi=41 Esi=3550000 Ebp=327E2FC Esp=327E2E8 Eip=77A3A879

ADDR: 77A3A88E CODE: 0f8464bc0400 jz 0x77a864f8
Eax=8 Ebx=356E280 Ecx=356E278 Edx=8 Edi=41 Esi=3550000 Ebp=327E2FC Esp=327E2E8 Eip=77A3A88E

ADDR: 77855E66 CODE: 0f8683000000 jbe 0x77855eef
Eax=200 Ebx=356E280 Ecx=356E280 Edx=200 Edi=0 Esi=400 Ebp=327E310 Esp=327E300 Eip=77855E66

ADDR: 77A35621 CODE: 0f84b2fb0400 jz 0x77a851d9
Eax=200 Ebx=0 Ecx=356E280 Edx=200 Edi=0 Esi=3550000 Ebp=327E2E8 Esp=327E2E0 Eip=77A35621

ADDR: 77A35630 CODE: 0f84b8fb0400 jz 0x77a851ee
Eax=200 Ebx=0 Ecx=3550000 Edx=200 Edi=0 Esi=3550000 Ebp=327E2E8 Esp=327E2E0 Eip=77A35630

ADDR: 77A35800 CODE: 7402 jz 0x77a35804
Eax=356E280 Ebx=0 Ecx=0 Edx=0 Edi=3550000 Esi=400 Ebp=327E2C8 Esp=327E240 Eip=77A35800

ADDR: 77A35806 CODE: 7405 jz 0x77a3580d
Eax=356E280 Ebx=0 Ecx=0 Edx=0 Edi=3550000 Esi=400 Ebp=327E2C8 Esp=327E240 Eip=77A35806

ADDR: 77A3581D CODE: 7410 jz 0x77a3582f
Eax=356E280 Ebx=0 Ecx=0 Edx=0 Edi=3550000 Esi=400 Ebp=327E2C8 Esp=327E240 Eip=77A3581D

ADDR: 77A3584B CODE: 7425 jz 0x77a35872
Eax=356E280 Ebx=0 Ecx=0 Edx=0 Edi=3550000 Esi=400 Ebp=327E2C8 Esp=327E240 Eip=77A3584B

ADDR: 77A35876 CODE: 740d jz 0x77a35885
Eax=356E280 Ebx=0 Ecx=0 Edx=0 Edi=3550000 Esi=400 Ebp=327E2C8 Esp=327E240 Eip=77A35876

ADDR: 77A35DC4 CODE: 0f84c2010000 jz 0x77a35f8c
Eax=327E220 Ebx=2 Ecx=356E278 Edx=3550000 Edi=3550000 Esi=356E278 Ebp=327E230 Esp=327E148 Eip=77A35DC4

ADDR: 77A35DCE CODE: 0f8db8010000 jge 0x77a35f8c
Eax=327E220 Ebx=2 Ecx=356E278 Edx=3550000 Edi=3550000 Esi=356E278 Ebp=327E230 Esp=327E148 Eip=77A35DCE

ADDR: 77A35FC5 CODE: 7429 jz 0x77a35ff0
Eax=327E220 Ebx=2 Ecx=356E278 Edx=2 Edi=3550000 Esi=356E278 Ebp=327E230 Esp=327E148 Eip=77A35FC5

ADDR: 77A35FF8 CODE: 763a jbe 0x77a36034
Eax=400 Ebx=2 Ecx=356E278 Edx=2 Edi=3550000 Esi=356E278 Ebp=327E230 Esp=327E148 Eip=77A35FF8

ADDR: 77A36052 CODE: 7305 jae 0x77a36059
Eax=408 Ebx=3550000 Ecx=400 Edx=2 Edi=3550000 Esi=356E278 Ebp=327E230 Esp=327E148 Eip=77A36052

ADDR: 77A36089 CODE: 730f jae 0x77a3609a
Eax=355025C Ebx=3550000 Ecx=3550258 Edx=3191000 Edi=3550000 Esi=356E278 Ebp=327E230 Esp=327E148 Eip=77A36089

ADDR: 77A3615D CODE: 741c jz 0x77a3617b
Eax=4720 Ebx=3550000 Ecx=356E278 Edx=3191000 Edi=3550000 Esi=356E278 Ebp=327E230 Esp=327E148 Eip=77A3615D

ADDR: 77A3616F CODE: 740a jz 0x77a3617b
Eax=C89EF940 Ebx=3550000 Ecx=356E278 Edx=3191000 Edi=3550000 Esi=356E278 Ebp=327E230 Esp=327E148 Eip=77A3616F

ADDR: 77A3618C CODE: 7304 jae 0x77a36192
Eax=3550270 Ebx=80 Ecx=41 Edx=3191000 Edi=3550000 Esi=356E278 Ebp=327E230 Esp=327E148 Eip=77A3618C

ADDR: 77A361A1 CODE: 731d jae 0x77a361c0
Eax=3550270 Ebx=80 Ecx=41 Edx=41 Edi=3550000 Esi=356E278 Ebp=327E230 Esp=327E148 Eip=77A361A1

ADDR: 77A361AE CODE: 7402 jz 0x77a361b2
Eax=3550270 Ebx=80 Ecx=41 Edx=41 Edi=3550000 Esi=356E278 Ebp=327E230 Esp=327E148 Eip=77A361AE

ADDR: 77A361E0 CODE: 7404 jz 0x77a361e6
Eax=35503A8 Ebx=80 Ecx=41 Edx=41 Edi=3550000 Esi=356E278 Ebp=327E230 Esp=327E148 Eip=77A361E0

ADDR: 77A362AA CODE: 740f jz 0x77a362bb
Eax=356E27F Ebx=8 Ecx=8 Edx=41 Edi=3550000 Esi=356E278 Ebp=327E230 Esp=327E148 Eip=77A362AA

ADDR: 77A362C1 CODE: 7405 jz 0x77a362c8
Eax=356E208 Ebx=8 Ecx=8 Edx=41 Edi=3550000 Esi=356E278 Ebp=327E230 Esp=327E148 Eip=77A362C1

ADDR: 77A3635A CODE: 7344 jae 0x77a363a0
Eax=802 Ebx=8 Ecx=8 Edx=41 Edi=3550000 Esi=356E278 Ebp=327E230 Esp=327E148 Eip=77A3635A

ADDR: 77A3638F CODE: 7604 jbe 0x77a36395
Eax=146 Ebx=8 Ecx=3552712 Edx=41 Edi=3550000 Esi=356E278 Ebp=327E230 Esp=327E148 Eip=77A3638F

ADDR: 77A363AD CODE: 0f87ee020000 ja 0x77a366a1
Eax=81 Ebx=81 Ecx=3552712 Edx=41 Edi=3550000 Esi=356E278 Ebp=327E230 Esp=327E148 Eip=77A363AD

ADDR: 77A366A7 CODE: 7417 jz 0x77a366c0
Eax=356E27F Ebx=81 Ecx=3552712 Edx=41 Edi=3550000 Esi=356E278 Ebp=327E230 Esp=327E148 Eip=77A366A7

ADDR: 77A36A9B CODE: 7775 ja 0x77a36b12
Eax=81 Ebx=3550000 Ecx=3550000 Edx=3 Edi=3550000 Esi=356E278 Ebp=327E134 Esp=327E108 Eip=77A36A9B

ADDR: 77A36ABD CODE: 7416 jz 0x77a36ad5
Eax=9E Ebx=3550000 Ecx=3550000 Edx=3 Edi=356E480 Esi=356E278 Ebp=327E134 Esp=327E108 Eip=77A36ABD

ADDR: 77A36AE3 CODE: 0f821e020000 jb 0x77a36d07
Eax=3AD Ebx=3550000 Ecx=36C Edx=3 Edi=356E480 Esi=356E278 Ebp=327E134 Esp=327E108 Eip=77A36AE3

ADDR: 77A36AFD CODE: 741c jz 0x77a36b1b
Eax=356E488 Ebx=3550000 Ecx=36C Edx=356E488 Edi=356E480 Esi=356E278 Ebp=327E134 Esp=327E108 Eip=77A36AFD

ADDR: 77A36B30 CODE: 7427 jz 0x77a36b59
Eax=356E488 Ebx=3550000 Ecx=36C Edx=3550270 Edi=356E480 Esi=356E278 Ebp=327E134 Esp=327E108 Eip=77A36B30

ADDR: 77A36B38 CODE: 720e jb 0x77a36b48
Eax=356E488 Ebx=3550000 Ecx=36C Edx=3550270 Edi=356E480 Esi=356E278 Ebp=327E134 Esp=327E108 Eip=77A36B38

ADDR: 77A36B3E CODE: 0f8494020000 jz 0x77a36dd8
Eax=35536A0 Ebx=3550000 Ecx=36C Edx=3550270 Edi=356E480 Esi=356E278 Ebp=327E134 Esp=327E108 Eip=77A36B3E

ADDR: 77A36B38 CODE: 720e jb 0x77a36b48
Eax=35536A0 Ebx=3550000 Ecx=36C Edx=35536A0 Edi=356E480 Esi=356E278 Ebp=327E134 Esp=327E108 Eip=77A36B38

ADDR: 77A370A8 CODE: 743e jz 0x77a370e8
Eax=35537B4 Ebx=7FF Ecx=800 Edx=2EC Edi=2EC Esi=35536A0 Ebp=327E0F0 Esp=327E0D0 Eip=77A370A8

ADDR: 77A370BF CODE: 732c jae 0x77a370ed
Eax=35537B4 Ebx=35500C0 Ecx=7FF Edx=2EC Edi=2EC Esi=35536A0 Ebp=327E0F0 Esp=327E0D0 Eip=77A370BF

ADDR: 77A36B76 CODE: 744e jz 0x77a36bc6
Eax=35500C0 Ebx=3550000 Ecx=356CB00 Edx=0 Edi=356E480 Esi=356E278 Ebp=327E134 Esp=327E108 Eip=77A36B76

ADDR: 77A36BD8 CODE: 0f8457e60400 jz 0x77a85235
Eax=3550000 Ebx=3550000 Ecx=356CB08 Edx=0 Edi=208 Esi=356E278 Ebp=327E134 Esp=327E108 Eip=77A36BD8

ADDR: 77A36BED CODE: 0f8461e60400 jz 0x77a85254
Eax=3550008 Ebx=3550000 Ecx=356CB08 Edx=0 Edi=208 Esi=356E278 Ebp=327E134 Esp=327E108 Eip=77A36BED

ADDR: 77A36C08 CODE: 0f8686010000 jbe 0x77a36d94
Eax=32C Ebx=3550000 Ecx=3AD Edx=81 Edi=200 Esi=356E278 Ebp=327E134 Esp=327E108 Eip=77A36C08

ADDR: 77A36C4F CODE: 0f8449010000 jz 0x77a36d9e
Eax=8 Ebx=3550000 Ecx=408 Edx=81 Edi=200 Esi=356E278 Ebp=327E134 Esp=327E108 Eip=77A36C4F

ADDR: 77A36C58 CODE: 0f838ae60400 jae 0x77a852e8
Eax=8 Ebx=3550000 Ecx=408 Edx=81 Edi=200 Esi=356E278 Ebp=327E134 Esp=327E108 Eip=77A36C58

ADDR: 77A371A6 CODE: 0f8427010000 jz 0x77a372d3
Eax=9F Ebx=356FFE0 Ecx=32C Edx=3550000 Edi=3550000 Esi=356E680 Ebp=327E0EC Esp=327E0D0 Eip=77A371A6

ADDR: 77A371DC CODE: 0f8493e30400 jz 0x77a85575
Eax=8D9F Ebx=32C Ecx=32C Edx=35500C0 Edi=3550000 Esi=356E680 Ebp=327E0EC Esp=327E0D0 Eip=77A371DC

ADDR: 77A37670 CODE: 7317 jae 0x77a37689
Eax=8D9F Ebx=3550000 Ecx=3550000 Edx=32C Edi=32C Esi=3550270 Ebp=327E0EC Esp=327E0C0 Eip=77A37670

ADDR: 77A3768D CODE: 740b jz 0x77a3769a
Eax=35536A0 Ebx=3550000 Ecx=3550000 Edx=32C Edi=32C Esi=3550270 Ebp=327E0EC Esp=327E0C0 Eip=77A3768D

ADDR: 77A37670 CODE: 7317 jae 0x77a37689
Eax=35536A0 Ebx=3550000 Ecx=3550000 Edx=32C Edi=32C Esi=35536A0 Ebp=327E0EC Esp=327E0C0 Eip=77A37670

ADDR: 77A2A2E4 CODE: 7449 jz 0x77a2a32f
Eax=356CB30 Ebx=35500C0 Ecx=3550000 Edx=3550000 Edi=35536A0 Esi=0 Ebp=327E0AC Esp=327E090 Eip=77A2A2E4

ADDR: 77A2A2EA CODE: 0f84b49b0500 jz 0x77a83ea4
Eax=356CB30 Ebx=35500C0 Ecx=3550000 Edx=3550000 Edi=35536A0 Esi=0 Ebp=327E0AC Esp=327E090 Eip=77A2A2EA

ADDR: 77A2A2FB CODE: 7426 jz 0x77a2a323
Eax=C49EF96D Ebx=35500C0 Ecx=3550000 Edx=3550000 Edi=35536A0 Esi=0 Ebp=327E0AC Esp=327E090 Eip=77A2A2FB

ADDR: 77A2A32D CODE: 7e0b jle 0x77a2a33a
Eax=C Ebx=35500C0 Ecx=320 Edx=3550000 Edi=35536A0 Esi=0 Ebp=327E0AC Esp=327E090 Eip=77A2A32D

ADDR: 77A37683 CODE: 740e jz 0x77a37693
Eax=35500C0 Ebx=3550000 Ecx=320 Edx=3550000 Edi=32C Esi=35536A0 Ebp=327E0EC Esp=327E0C0 Eip=77A37683

ADDR: 77A371F5 CODE: 744c jz 0x77a37243
Eax=35500C0 Ebx=32C Ecx=35500C0 Edx=35500C0 Edi=3550000 Esi=356E680 Ebp=327E0EC Esp=327E0D0 Eip=77A371F5

ADDR: 77A37265 CODE: 7424 jz 0x77a3728b
Eax=32C Ebx=356E688 Ecx=35500C0 Edx=3550270 Edi=3550000 Esi=356E680 Ebp=327E0EC Esp=327E0D0 Eip=77A37265

ADDR: 77A3726D CODE: 720e jb 0x77a3727d
Eax=32C Ebx=356E688 Ecx=32C Edx=3550270 Edi=3550000 Esi=356E680 Ebp=327E0EC Esp=327E0D0 Eip=77A3726D

ADDR: 77A37273 CODE: 0f84bd000000 jz 0x77a37336
Eax=35536A0 Ebx=356E688 Ecx=32C Edx=3550270 Edi=3550000 Esi=356E680 Ebp=327E0EC Esp=327E0D0 Eip=77A37273

ADDR: 77A3726D CODE: 720e jb 0x77a3727d
Eax=35536A0 Ebx=356E688 Ecx=32C Edx=35536A0 Edi=3550000 Esi=356E680 Ebp=327E0EC Esp=327E0D0 Eip=77A3726D

ADDR: 77A375DA CODE: 742c jz 0x77a37608
Eax=7FF Ebx=0 Ecx=3550000 Edx=2AC Edi=2AC Esi=35536A0 Ebp=327E0B8 Esp=327E0A0 Eip=77A375DA

ADDR: 77A3728F CODE: 7410 jz 0x77a372a1
Eax=1000 Ebx=356E688 Ecx=35536C4 Edx=15 Edi=3550000 Esi=356E680 Ebp=327E0EC Esp=327E0D0 Eip=77A3728F

ADDR: 77A369F6 CODE: 7416 jz 0x77a36a0e
Eax=1 Ebx=81 Ecx=356E278 Edx=400 Edi=3550000 Esi=356E278 Ebp=327E230 Esp=327E144 Eip=77A369F6

ADDR: 77A369FC CODE: 7410 jz 0x77a36a0e
Eax=1 Ebx=81 Ecx=356E278 Edx=400 Edi=3550000 Esi=356E278 Ebp=327E230 Esp=327E144 Eip=77A369FC

ADDR: 77A36A12 CODE: 740b jz 0x77a36a1f
Eax=C89EF961 Ebx=81 Ecx=356E278 Edx=400 Edi=3550000 Esi=356E278 Ebp=327E230 Esp=327E144 Eip=77A36A12

ADDR: 77A27B53 CODE: 746e jz 0x77a27bc3
Eax=FFFFFFFE Ebx=3550258 Ecx=FFFFFFFF Edx=400 Edi=355025C Esi=FFFFFFFE Ebp=327E138 Esp=327E124 Eip=77A27B53

ADDR: 77A369D7 CODE: 7447 jz 0x77a36a20
Eax=0 Ebx=81 Ecx=FFFFFFFF Edx=400 Edi=3550000 Esi=356E278 Ebp=327E230 Esp=327E148 Eip=77A369D7

ADDR: 77A36A28 CODE: 7436 jz 0x77a36a60
Eax=7FFE0380 Ebx=81 Ecx=FFFFFFFF Edx=400 Edi=3550000 Esi=356E278 Ebp=327E230 Esp=327E148 Eip=77A36A28

ADDR: 77A35BD5 CODE: 7448 jz 0x77a35c1f
Eax=0 Ebx=0 Ecx=19BAF324 Edx=400 Edi=3550000 Esi=356E280 Ebp=327E2C8 Esp=327E240 Eip=77A35BD5

ADDR: 77A35C21 CODE: 7434 jz 0x77a35c57
Eax=0 Ebx=0 Ecx=19BAF324 Edx=400 Edi=3550000 Esi=356E280 Ebp=327E2C8 Esp=327E240 Eip=77A35C21

ADDR: 77A35C2D CODE: 0f84aa000000 jz 0x77a35cdd
Eax=0 Ebx=356E280 Ecx=0 Edx=400 Edi=3550000 Esi=356E280 Ebp=327E2C8 Esp=327E240 Eip=77A35C2D

ADDR: 77855F22 CODE: 74cf jz 0x77855ef3
Eax=356E280 Ebx=356E280 Ecx=1A9D1114 Edx=400 Edi=0 Esi=400 Ebp=327E310 Esp=327E300 Eip=77855F22

ADDR: 778544BB CODE: 7416 jz 0x778544d3
Eax=356E280 Ebx=200 Ecx=400 Edx=400 Edi=0 Esi=400 Ebp=327E334 Esp=327E320 Eip=778544BB

ADDR: 778544BF CODE: 7312 jae 0x778544d3
Eax=356E280 Ebx=200 Ecx=400 Edx=400 Edi=0 Esi=400 Ebp=327E334 Esp=327E320 Eip=778544BF

ADDR: 77895361 CODE: 0f843c010000 jz 0x778954a3
Eax=0 Ebx=200 Ecx=200 Edx=0 Edi=356E480 Esi=200 Ebp=327E334 Esp=327E310 Eip=77895361

ADDR: 77895370 CODE: 0f86df000000 jbe 0x77895455
Eax=0 Ebx=200 Ecx=200 Edx=0 Edi=356E480 Esi=200 Ebp=327E334 Esp=327E310 Eip=77895370

ADDR: 7789537C CODE: 0f828b000000 jb 0x7789540d
Eax=0 Ebx=200 Ecx=200 Edx=0 Edi=356E480 Esi=200 Ebp=327E334 Esp=327E310 Eip=7789537C

ADDR: 7789538A CODE: 7309 jae 0x77895395
Eax=0 Ebx=200 Ecx=200 Edx=0 Edi=356E480 Esi=200 Ebp=327E334 Esp=327E310 Eip=7789538A

ADDR: 778596BA CODE: 7417 jz 0x778596d3
Eax=0 Ebx=80 Ecx=0 Edx=0 Edi=356E280 Esi=356E280 Ebp=327E330 Esp=327E330 Eip=778596BA

ADDR: 77859897 CODE: 0f843b710500 jz 0x778b09d8
Eax=0 Ebx=80 Ecx=0 Edx=0 Edi=356E280 Esi=356E280 Ebp=327E360 Esp=327E340 Eip=77859897

ADDR: 778598B9 CODE: 0f8416ffffff jz 0x778597d5
Eax=356E480 Ebx=356E680 Ecx=356E280 Edx=B76A77F Edi=356E280 Esi=356E480 Ebp=327E360 Esp=327E340 Eip=778598B9

ADDR: 77A27B53 CODE: 746e jz 0x77a27bc3
Eax=FFFFFFFE Ebx=77935C18 Ecx=FFFFFFFF Edx=B76A77F Edi=77935C1C Esi=FFFFFFFE Ebp=327E358 Esp=327E344 Eip=77A27B53

ADDR: 778594A4 CODE: 7458 jz 0x778594fe
Eax=30EE8A47 Ebx=75E4B498 Ecx=1F Edx=B76A77F Edi=2 Esi=77305A70 Ebp=327E39C Esp=327E384 Eip=778594A4

ADDR: 77A78DEB CODE: 730a jae 0x77a78df7
Eax=EE60B4E Ebx=75E4B498 Ecx=77305A70 Edx=404000 Edi=2 Esi=77305A70 Ebp=327E39C Esp=327E378 Eip=77A78DEB

ADDR: 77A709B7 CODE: 747f jz 0x77a70a38
Eax=2 Ebx=3191FB4 Ecx=77305A70 Edx=3191FB4 Edi=2 Esi=77305A70 Ebp=327E350 Esp=327E344 Eip=77A709B7

ADDR: 77A709BE CODE: 7378 jae 0x77a70a38
Eax=2 Ebx=3191FB4 Ecx=77305A70 Edx=3191FB4 Edi=2 Esi=77305A70 Ebp=327E350 Esp=327E344 Eip=77A709BE

ADDR: 77305A83 CODE: 790d jns 0x77305a92
Eax=0 Ebx=75E4B498 Ecx=355A188 Edx=0 Edi=2 Esi=77305A70 Ebp=327E374 Esp=327E374 Eip=77305A83

ADDR: 77862C46 CODE: 740a jz 0x77862c52
Eax=0 Ebx=75E4B498 Ecx=7604EB90 Edx=0 Edi=75EC3510 Esi=75E4B3F4 Ebp=327E430 Esp=327E424 Eip=77862C46

ADDR: 77A78DEB CODE: 730a jae 0x77a78df7
Eax=EBD86A2 Ebx=75E4B498 Ecx=75EC3510 Edx=40404044 Edi=75EC3510 Esi=75E4B3F4 Ebp=327E430 Esp=327E420 Eip=77A78DEB

ADDR: 778595B4 CODE: 7458 jz 0x7785960e
Eax=30EE8A47 Ebx=75E4B498 Ecx=1F Edx=763BC8DC Edi=2 Esi=77305A70 Ebp=327E3A0 Esp=327E388 Eip=778595B4

ADDR: 77A78DEB CODE: 730a jae 0x77a78df7
Eax=EE60B4E Ebx=75E4B498 Ecx=77305A70 Edx=404000 Edi=2 Esi=77305A70 Ebp=327E3A0 Esp=327E37C Eip=77A78DEB

ADDR: 77A709B7 CODE: 747f jz 0x77a70a38
Eax=2 Ebx=3191FB4 Ecx=77305A70 Edx=3191FB4 Edi=2 Esi=77305A70 Ebp=327E354 Esp=327E348 Eip=77A709B7

ADDR: 77A709BE CODE: 7378 jae 0x77a70a38
Eax=2 Ebx=3191FB4 Ecx=77305A70 Edx=3191FB4 Edi=2 Esi=77305A70 Ebp=327E354 Esp=327E348 Eip=77A709BE

ADDR: 77305A83 CODE: 790d jns 0x77305a92
Eax=0 Ebx=75E4B498 Ecx=355A188 Edx=0 Edi=2 Esi=77305A70 Ebp=327E378 Esp=327E378 Eip=77305A83

ADDR: 778590DC CODE: 7454 jz 0x77859132
Eax=30E1272F Ebx=75E4B498 Ecx=1F Edx=0 Edi=2 Esi=772F00A0 Ebp=327E3EC Esp=327E390 Eip=778590DC

ADDR: 77A78DEB CODE: 730a jae 0x77a78df7
Eax=EE5E014 Ebx=75E4B498 Ecx=772F00A0 Edx=104000 Edi=2 Esi=772F00A0 Ebp=327E3EC Esp=327E388 Eip=77A78DEB

ADDR: 77A6C686 CODE: 743c jz 0x77a6c6c4
Eax=2 Ebx=75E4B498 Ecx=355A180 Edx=104000 Edi=2 Esi=3191000 Ebp=327E36C Esp=327E36C Eip=77A6C686

ADDR: 77A6C68D CODE: 7335 jae 0x77a6c6c4
Eax=2 Ebx=75E4B498 Ecx=355A180 Edx=104000 Edi=2 Esi=3191000 Ebp=327E36C Esp=327E36C Eip=77A6C68D

ADDR: 77A6C6AC CODE: 740c jz 0x77a6c6ba
Eax=355CAA0 Ebx=75E4B498 Ecx=355A180 Edx=0 Edi=2 Esi=2 Ebp=327E36C Esp=327E368 Eip=77A6C6AC

ADDR: 77A6C6B4 CODE: 7404 jz 0x77a6c6ba
Eax=355CAAC Ebx=75E4B498 Ecx=355A180 Edx=0 Edi=2 Esi=2 Ebp=327E36C Esp=327E368 Eip=77A6C6B4

ADDR: 772F00BD CODE: 791c jns 0x772f00db
Eax=0 Ebx=75E4B498 Ecx=327E380 Edx=0 Edi=2 Esi=3191000 Ebp=327E384 Esp=327E37C Eip=772F00BD

ADDR: 77A2E69A CODE: 7315 jae 0x77a2e6b1
Eax=77935C1C Ebx=75E4B498 Ecx=77935C18 Edx=3191000 Edi=75EC3510 Esi=763BC8DC Ebp=327E35C Esp=327E358 Eip=77A2E69A

ADDR: 778597A6 CODE: 0f8454720500 jz 0x778b0a00
Eax=327E3CC Ebx=763BC8DC Ecx=327E3B8 Edx=3191000 Edi=75EC3510 Esi=763BC8DC Ebp=327E360 Esp=327E340 Eip=778597A6

ADDR: 778597D3 CODE: 7479 jz 0x7785984e
Eax=327E3CC Ebx=356E680 Ecx=1F Edx=B76A77F Edi=356E280 Esi=356E484 Ebp=327E360 Esp=327E340 Eip=778597D3

ADDR: 77A27B53 CODE: 746e jz 0x77a27bc3
Eax=FFFFFFFE Ebx=77935C18 Ecx=FFFFFFFF Edx=B76A77F Edi=77935C1C Esi=FFFFFFFE Ebp=327E358 Esp=327E344 Eip=77A27B53

ADDR: 778594A4 CODE: 7458 jz 0x778594fe
Eax=30EE8A47 Ebx=75E4B498 Ecx=1F Edx=B76A77F Edi=2 Esi=77305A70 Ebp=327E39C Esp=327E384 Eip=778594A4

ADDR: 77A78DEB CODE: 730a jae 0x77a78df7
Eax=EE60B4E Ebx=75E4B498 Ecx=77305A70 Edx=404000 Edi=2 Esi=77305A70 Ebp=327E39C Esp=327E378 Eip=77A78DEB

ADDR: 77A709B7 CODE: 747f jz 0x77a70a38
Eax=2 Ebx=3191FB4 Ecx=77305A70 Edx=3191FB4 Edi=2 Esi=77305A70 Ebp=327E350 Esp=327E344 Eip=77A709B7

ADDR: 77A709BE CODE: 7378 jae 0x77a70a38
Eax=2 Ebx=3191FB4 Ecx=77305A70 Edx=3191FB4 Edi=2 Esi=77305A70 Ebp=327E350 Esp=327E344 Eip=77A709BE

ADDR: 77305A83 CODE: 790d jns 0x77305a92
Eax=0 Ebx=75E4B498 Ecx=355A188 Edx=0 Edi=2 Esi=77305A70 Ebp=327E374 Esp=327E374 Eip=77305A83

ADDR: 77862C46 CODE: 740a jz 0x77862c52
Eax=0 Ebx=75E4B498 Ecx=7604EBA0 Edx=0 Edi=75EC3530 Esi=75E4B3F8 Ebp=327E430 Esp=327E424 Eip=77862C46

ADDR: 77A78DEB CODE: 730a jae 0x77a78df7
Eax=EBD86A6 Ebx=75E4B498 Ecx=75EC3530 Edx=40404044 Edi=75EC3530 Esi=75E4B3F8 Ebp=327E430 Esp=327E420 Eip=77A78DEB

ADDR: 778595B4 CODE: 7458 jz 0x7785960e
Eax=30EE8A47 Ebx=75E4B498 Ecx=1F Edx=763BC8DC Edi=2 Esi=77305A70 Ebp=327E380 Esp=327E368 Eip=778595B4

ADDR: 77A78DEB CODE: 730a jae 0x77a78df7
Eax=EE60B4E Ebx=75E4B498 Ecx=77305A70 Edx=404000 Edi=2 Esi=77305A70 Ebp=327E380 Esp=327E35C Eip=77A78DEB

ADDR: 77A709B7 CODE: 747f jz 0x77a70a38
Eax=2 Ebx=3191FB4 Ecx=77305A70 Edx=3191FB4 Edi=2 Esi=77305A70 Ebp=327E334 Esp=327E328 Eip=77A709B7

ADDR: 77A709BE CODE: 7378 jae 0x77a70a38
Eax=2 Ebx=3191FB4 Ecx=77305A70 Edx=3191FB4 Edi=2 Esi=77305A70 Ebp=327E334 Esp=327E328 Eip=77A709BE

ADDR: 77305A83 CODE: 790d jns 0x77305a92
Eax=0 Ebx=75E4B498 Ecx=355A188 Edx=0 Edi=2 Esi=77305A70 Ebp=327E358 Esp=327E358 Eip=77305A83

ADDR: 778590DC CODE: 7454 jz 0x77859132
Eax=30E1272F Ebx=75E4B498 Ecx=1F Edx=0 Edi=2 Esi=772F00A0 Ebp=327E3CC Esp=327E370 Eip=778590DC

ADDR: 77A78DEB CODE: 730a jae 0x77a78df7
Eax=EE5E014 Ebx=75E4B498 Ecx=772F00A0 Edx=104000 Edi=2 Esi=772F00A0 Ebp=327E3CC Esp=327E368 Eip=77A78DEB

ADDR: 77A6C686 CODE: 743c jz 0x77a6c6c4
Eax=2 Ebx=75E4B498 Ecx=355A180 Edx=104000 Edi=2 Esi=3191000 Ebp=327E34C Esp=327E34C Eip=77A6C686

ADDR: 77A6C68D CODE: 7335 jae 0x77a6c6c4
Eax=2 Ebx=75E4B498 Ecx=355A180 Edx=104000 Edi=2 Esi=3191000 Ebp=327E34C Esp=327E34C Eip=77A6C68D

ADDR: 77A6C6AC CODE: 740c jz 0x77a6c6ba
Eax=355CAA0 Ebx=75E4B498 Ecx=355A180 Edx=0 Edi=2 Esi=2 Ebp=327E34C Esp=327E348 Eip=77A6C6AC

ADDR: 77A6C6B4 CODE: 7404 jz 0x77a6c6ba
Eax=355CAAC Ebx=75E4B498 Ecx=355A180 Edx=0 Edi=2 Esi=2 Ebp=327E34C Esp=327E348 Eip=77A6C6B4

ADDR: 772F00BD CODE: 791c jns 0x772f00db
Eax=0 Ebx=75E4B498 Ecx=327E360 Edx=0 Edi=2 Esi=3191000 Ebp=327E364 Esp=327E35C Eip=772F00BD

ADDR: 77A2E69A CODE: 7315 jae 0x77a2e6b1
Eax=77935C1C Ebx=75E4B498 Ecx=77935C18 Edx=3191000 Edi=75EC3530 Esi=763BC8DC Ebp=327E33C Esp=327E338 Eip=77A2E69A

ADDR: 778597A6 CODE: 0f8454720500 jz 0x778b0a00
Eax=327E3AC Ebx=763BC8DC Ecx=327E398 Edx=3191000 Edi=75EC3530 Esi=763BC8DC Ebp=327E340 Esp=327E320 Eip=778597A6

ADDR: 778597D3 CODE: 7479 jz 0x7785984e
Eax=327E3AC Ebx=356E680 Ecx=1F Edx=B76A77F Edi=356E280 Esi=356E488 Ebp=327E340 Esp=327E320 Eip=778597D3

ADDR: 77A27B53 CODE: 746e jz 0x77a27bc3
Eax=FFFFFFFE Ebx=77935C18 Ecx=FFFFFFFF Edx=B76A77F Edi=77935C1C Esi=FFFFFFFE Ebp=327E338 Esp=327E324 Eip=77A27B53

ADDR: 778594A4 CODE: 7458 jz 0x778594fe
Eax=30EE8A47 Ebx=75E4B498 Ecx=1F Edx=B76A77F Edi=2 Esi=77305A70 Ebp=327E37C Esp=327E364 Eip=778594A4

ADDR: 77A78DEB CODE: 730a jae 0x77a78df7
Eax=EE60B4E Ebx=75E4B498 Ecx=77305A70 Edx=404000 Edi=2 Esi=77305A70 Ebp=327E37C Esp=327E358 Eip=77A78DEB

ADDR: 77A709B7 CODE: 747f jz 0x77a70a38
Eax=2 Ebx=3191FB4 Ecx=77305A70 Edx=3191FB4 Edi=2 Esi=77305A70 Ebp=327E330 Esp=327E324 Eip=77A709B7

ADDR: 77A709BE CODE: 7378 jae 0x77a70a38
Eax=2 Ebx=3191FB4 Ecx=77305A70 Edx=3191FB4 Edi=2 Esi=77305A70 Ebp=327E330 Esp=327E324 Eip=77A709BE

ADDR: 77305A83 CODE: 790d jns 0x77305a92
Eax=0 Ebx=75E4B498 Ecx=355A188 Edx=0 Edi=2 Esi=77305A70 Ebp=327E354 Esp=327E354 Eip=77305A83

ADDR: 77862C46 CODE: 740a jz 0x77862c52
Eax=0 Ebx=75E4B498 Ecx=75EC355E Edx=0 Edi=75EC3570 Esi=75E4B3FC Ebp=327E430 Esp=327E424 Eip=77862C46

ADDR: 77A78DEB CODE: 730a jae 0x77a78df7
Eax=EBD86AE Ebx=75E4B498 Ecx=75EC3570 Edx=40404044 Edi=75EC3570 Esi=75E4B3FC Ebp=327E430 Esp=327E420 Eip=77A78DEB

ADDR: 778595B4 CODE: 7458 jz 0x7785960e
Eax=30EE8A47 Ebx=75E4B498 Ecx=1F Edx=763BC8DC Edi=2 Esi=77305A70 Ebp=327E380 Esp=327E368 Eip=778595B4

ADDR: 77A78DEB CODE: 730a jae 0x77a78df7
Eax=EE60B4E Ebx=75E4B498 Ecx=77305A70 Edx=404000 Edi=2 Esi=77305A70 Ebp=327E380 Esp=327E35C Eip=77A78DEB

ADDR: 77A709B7 CODE: 747f jz 0x77a70a38
Eax=2 Ebx=3191FB4 Ecx=77305A70 Edx=3191FB4 Edi=2 Esi=77305A70 Ebp=327E334 Esp=327E328 Eip=77A709B7

ADDR: 77A709BE CODE: 7378 jae 0x77a70a38
Eax=2 Ebx=3191FB4 Ecx=77305A70 Edx=3191FB4 Edi=2 Esi=77305A70 Ebp=327E334 Esp=327E328 Eip=77A709BE

ADDR: 77305A83 CODE: 790d jns 0x77305a92
Eax=0 Ebx=75E4B498 Ecx=355A188 Edx=0 Edi=2 Esi=77305A70 Ebp=327E358 Esp=327E358 Eip=77305A83

ADDR: 778590DC CODE: 7454 jz 0x77859132
Eax=30E1272F Ebx=75E4B498 Ecx=1F Edx=0 Edi=2 Esi=772F00A0 Ebp=327E3CC Esp=327E370 Eip=778590DC

ADDR: 77A78DEB CODE: 730a jae 0x77a78df7
Eax=EE5E014 Ebx=75E4B498 Ecx=772F00A0 Edx=104000 Edi=2 Esi=772F00A0 Ebp=327E3CC Esp=327E368 Eip=77A78DEB

ADDR: 77A6C686 CODE: 743c jz 0x77a6c6c4
Eax=2 Ebx=75E4B498 Ecx=355A180 Edx=104000 Edi=2 Esi=3191000 Ebp=327E34C Esp=327E34C Eip=77A6C686

ADDR: 77A6C68D CODE: 7335 jae 0x77a6c6c4
Eax=2 Ebx=75E4B498 Ecx=355A180 Edx=104000 Edi=2 Esi=3191000 Ebp=327E34C Esp=327E34C Eip=77A6C68D

ADDR: 77A6C6AC CODE: 740c jz 0x77a6c6ba
Eax=355CAA0 Ebx=75E4B498 Ecx=355A180 Edx=0 Edi=2 Esi=2 Ebp=327E34C Esp=327E348 Eip=77A6C6AC

ADDR: 77A6C6B4 CODE: 7404 jz 0x77a6c6ba
Eax=355CAAC Ebx=75E4B498 Ecx=355A180 Edx=0 Edi=2 Esi=2 Ebp=327E34C Esp=327E348 Eip=77A6C6B4

ADDR: 772F00BD CODE: 791c jns 0x772f00db
Eax=0 Ebx=75E4B498 Ecx=327E360 Edx=0 Edi=2 Esi=3191000 Ebp=327E364 Esp=327E35C Eip=772F00BD

ADDR: 77A2E69A CODE: 7315 jae 0x77a2e6b1
Eax=77935C1C Ebx=75E4B498 Ecx=77935C18 Edx=3191000 Edi=75EC3570 Esi=763BC8DC Ebp=327E33C Esp=327E338 Eip=77A2E69A

ADDR: 778597A6 CODE: 0f8454720500 jz 0x778b0a00
Eax=327E3AC Ebx=763BC8DC Ecx=327E398 Edx=3191000 Edi=75EC3570 Esi=763BC8DC Ebp=327E340 Esp=327E320 Eip=778597A6

ADDR: 778597D3 CODE: 7479 jz 0x7785984e
Eax=327E3AC Ebx=356E680 Ecx=1F Edx=B76A77F Edi=356E280 Esi=356E48C Ebp=327E340 Esp=327E320 Eip=778597D3

ADDR: 77A27B53 CODE: 746e jz 0x77a27bc3
Eax=FFFFFFFE Ebx=77935C18 Ecx=FFFFFFFF Edx=B76A77F Edi=77935C1C Esi=FFFFFFFE Ebp=327E338 Esp=327E324 Eip=77A27B53

ADDR: 778594A4 CODE: 7458 jz 0x778594fe
Eax=30EE8A47 Ebx=75E4B498 Ecx=1F Edx=B76A77F Edi=2 Esi=77305A70 Ebp=327E37C Esp=327E364 Eip=778594A4

ADDR: 77A78DEB CODE: 730a jae 0x77a78df7
Eax=EE60B4E Ebx=75E4B498 Ecx=77305A70 Edx=404000 Edi=2 Esi=77305A70 Ebp=327E37C Esp=327E358 Eip=77A78DEB

ADDR: 77A709B7 CODE: 747f jz 0x77a70a38
Eax=2 Ebx=3191FB4 Ecx=77305A70 Edx=3191FB4 Edi=2 Esi=77305A70 Ebp=327E330 Esp=327E324 Eip=77A709B7

ADDR: 77A709BE CODE: 7378 jae 0x77a70a38
Eax=2 Ebx=3191FB4 Ecx=77305A70 Edx=3191FB4 Edi=2 Esi=77305A70 Ebp=327E330 Esp=327E324 Eip=77A709BE

ADDR: 77305A83 CODE: 790d jns 0x77305a92
Eax=0 Ebx=75E4B498 Ecx=355A188 Edx=0 Edi=2 Esi=77305A70 Ebp=327E354 Esp=327E354 Eip=77305A83

ADDR: 77862C46 CODE: 740a jz 0x77862c52
Eax=0 Ebx=75E4B498 Ecx=75EC359E Edx=0 Edi=75EC35B0 Esi=75E4B400 Ebp=327E430 Esp=327E424 Eip=77862C46

ADDR: 77A78DEB CODE: 730a jae 0x77a78df7
Eax=EBD86B6 Ebx=75E4B498 Ecx=75EC35B0 Edx=40404044 Edi=75EC35B0 Esi=75E4B400 Ebp=327E430 Esp=327E420 Eip=77A78DEB

ADDR: 778595B4 CODE: 7458 jz 0x7785960e
Eax=30EE8A47 Ebx=75E4B498 Ecx=1F Edx=763BC8DC Edi=2 Esi=77305A70 Ebp=327E380 Esp=327E368 Eip=778595B4

ADDR: 77A78DEB CODE: 730a jae 0x77a78df7
Eax=EE60B4E Ebx=75E4B498 Ecx=77305A70 Edx=404000 Edi=2 Esi=77305A70 Ebp=327E380 Esp=327E35C Eip=77A78DEB

ADDR: 77A709B7 CODE: 747f jz 0x77a70a38
Eax=2 Ebx=3191FB4 Ecx=77305A70 Edx=3191FB4 Edi=2 Esi=77305A70 Ebp=327E334 Esp=327E328 Eip=77A709B7

ADDR: 77A709BE CODE: 7378 jae 0x77a70a38
Eax=2 Ebx=3191FB4 Ecx=77305A70 Edx=3191FB4 Edi=2 Esi=77305A70 Ebp=327E334 Esp=327E328 Eip=77A709BE

ADDR: 77305A83 CODE: 790d jns 0x77305a92
Eax=0 Ebx=75E4B498 Ecx=355A188 Edx=0 Edi=2 Esi=77305A70 Ebp=327E358 Esp=327E358 Eip=77305A83

ADDR: 778590DC CODE: 7454 jz 0x77859132
Eax=30E1272F Ebx=75E4B498 Ecx=1F Edx=0 Edi=2 Esi=772F00A0 Ebp=327E3CC Esp=327E370 Eip=778590DC

ADDR: 77A78DEB CODE: 730a jae 0x77a78df7
Eax=EE5E014 Ebx=75E4B498 Ecx=772F00A0 Edx=104000 Edi=2 Esi=772F00A0 Ebp=327E3CC Esp=327E368 Eip=77A78DEB

ADDR: 77A6C686 CODE: 743c jz 0x77a6c6c4
Eax=2 Ebx=75E4B498 Ecx=355A180 Edx=104000 Edi=2 Esi=3191000 Ebp=327E34C Esp=327E34C Eip=77A6C686

ADDR: 77A6C68D CODE: 7335 jae 0x77a6c6c4
Eax=2 Ebx=75E4B498 Ecx=355A180 Edx=104000 Edi=2 Esi=3191000 Ebp=327E34C Esp=327E34C Eip=77A6C68D

ADDR: 77A6C6AC CODE: 740c jz 0x77a6c6ba
Eax=355CAA0 Ebx=75E4B498 Ecx=355A180 Edx=0 Edi=2 Esi=2 Ebp=327E34C Esp=327E348 Eip=77A6C6AC

ADDR: 77A6C6B4 CODE: 7404 jz 0x77a6c6ba
Eax=355CAAC Ebx=75E4B498 Ecx=355A180 Edx=0 Edi=2 Esi=2 Ebp=327E34C Esp=327E348 Eip=77A6C6B4

ADDR: 772F00BD CODE: 791c jns 0x772f00db
Eax=0 Ebx=75E4B498 Ecx=327E360 Edx=0 Edi=2 Esi=3191000 Ebp=327E364 Esp=327E35C Eip=772F00BD

ADDR: 77A2E69A CODE: 7315 jae 0x77a2e6b1
Eax=77935C1C Ebx=75E4B498 Ecx=77935C18 Edx=3191000 Edi=75EC35B0 Esi=763BC8DC Ebp=327E33C Esp=327E338 Eip=77A2E69A

ADDR: 778597A6 CODE: 0f8454720500 jz 0x778b0a00
Eax=327E3AC Ebx=763BC8DC Ecx=327E398 Edx=3191000 Edi=75EC35B0 Esi=763BC8DC Ebp=327E340 Esp=327E320 Eip=778597A6

ADDR: 778597D3 CODE: 7479 jz 0x7785984e
Eax=327E3AC Ebx=356E680 Ecx=1F Edx=B76A77F Edi=356E280 Esi=356E490 Ebp=327E340 Esp=327E320 Eip=778597D3

ADDR: 77A27B53 CODE: 746e jz 0x77a27bc3
Eax=FFFFFFFE Ebx=77935C18 Ecx=FFFFFFFF Edx=B76A77F Edi=77935C1C Esi=FFFFFFFE Ebp=327E338 Esp=327E324 Eip=77A27B53

ADDR: 778594A4 CODE: 7458 jz 0x778594fe
Eax=30EE8A47 Ebx=75E4B498 Ecx=1F Edx=B76A77F Edi=2 Esi=77305A70 Ebp=327E37C Esp=327E364 Eip=778594A4

ADDR: 77A78DEB CODE: 730a jae 0x77a78df7
Eax=EE60B4E Ebx=75E4B498 Ecx=77305A70 Edx=404000 Edi=2 Esi=77305A70 Ebp=327E37C Esp=327E358 Eip=77A78DEB

ADDR: 77A709B7 CODE: 747f jz 0x77a70a38
Eax=2 Ebx=3191FB4 Ecx=77305A70 Edx=3191FB4 Edi=2 Esi=77305A70 Ebp=327E330 Esp=327E324 Eip=77A709B7

ADDR: 77A709BE CODE: 7378 jae 0x77a70a38
Eax=2 Ebx=3191FB4 Ecx=77305A70 Edx=3191FB4 Edi=2 Esi=77305A70 Ebp=327E330 Esp=327E324 Eip=77A709BE

ADDR: 77305A83 CODE: 790d jns 0x77305a92
Eax=0 Ebx=75E4B498 Ecx=355A188 Edx=0 Edi=2 Esi=77305A70 Ebp=327E354 Esp=327E354 Eip=77305A83

ADDR: 77862C46 CODE: 740a jz 0x77862c52
Eax=0 Ebx=75E4B498 Ecx=75EC35DE Edx=0 Edi=75EC35F0 Esi=75E4B404 Ebp=327E430 Esp=327E424 Eip=77862C46

ADDR: 77A78DEB CODE: 730a jae 0x77a78df7
Eax=EBD86BE Ebx=75E4B498 Ecx=75EC35F0 Edx=40404044 Edi=75EC35F0 Esi=75E4B404 Ebp=327E430 Esp=327E420 Eip=77A78DEB

ADDR: 778595B4 CODE: 7458 jz 0x7785960e
Eax=30EE8A47 Ebx=75E4B498 Ecx=1F Edx=763BC8DC Edi=2 Esi=77305A70 Ebp=327E380 Esp=327E368 Eip=778595B4

ADDR: 77A78DEB CODE: 730a jae 0x77a78df7
Eax=EE60B4E Ebx=75E4B498 Ecx=77305A70 Edx=404000 Edi=2 Esi=77305A70 Ebp=327E380 Esp=327E35C Eip=77A78DEB

ADDR: 77A709B7 CODE: 747f jz 0x77a70a38
Eax=2 Ebx=3191FB4 Ecx=77305A70 Edx=3191FB4 Edi=2 Esi=77305A70 Ebp=327E334 Esp=327E328 Eip=77A709B7

ADDR: 77A709BE CODE: 7378 jae 0x77a70a38
Eax=2 Ebx=3191FB4 Ecx=77305A70 Edx=3191FB4 Edi=2 Esi=77305A70 Ebp=327E334 Esp=327E328 Eip=77A709BE

ADDR: 77305A83 CODE: 790d jns 0x77305a92
Eax=0 Ebx=75E4B498 Ecx=355A188 Edx=0 Edi=2 Esi=77305A70 Ebp=327E358 Esp=327E358 Eip=77305A83

ADDR: 778590DC CODE: 7454 jz 0x77859132
Eax=30E1272F Ebx=75E4B498 Ecx=1F Edx=0 Edi=2 Esi=772F00A0 Ebp=327E3CC Esp=327E370 Eip=778590DC

ADDR: 77A78DEB CODE: 730a jae 0x77a78df7
Eax=EE5E014 Ebx=75E4B498 Ecx=772F00A0 Edx=104000 Edi=2 Esi=772F00A0 Ebp=327E3CC Esp=327E368 Eip=77A78DEB

ADDR: 77A6C686 CODE: 743c jz 0x77a6c6c4
Eax=2 Ebx=75E4B498 Ecx=355A180 Edx=104000 Edi=2 Esi=3191000 Ebp=327E34C Esp=327E34C Eip=77A6C686

ADDR: 77A6C68D CODE: 7335 jae 0x77a6c6c4
Eax=2 Ebx=75E4B498 Ecx=355A180 Edx=104000 Edi=2 Esi=3191000 Ebp=327E34C Esp=327E34C Eip=77A6C68D

ADDR: 77A6C6AC CODE: 740c jz 0x77a6c6ba
Eax=355CAA0 Ebx=75E4B498 Ecx=355A180 Edx=0 Edi=2 Esi=2 Ebp=327E34C Esp=327E348 Eip=77A6C6AC

ADDR: 77A6C6B4 CODE: 7404 jz 0x77a6c6ba
Eax=355CAAC Ebx=75E4B498 Ecx=355A180 Edx=0 Edi=2 Esi=2 Ebp=327E34C Esp=327E348 Eip=77A6C6B4

ADDR: 772F00BD CODE: 791c jns 0x772f00db
Eax=0 Ebx=75E4B498 Ecx=327E360 Edx=0 Edi=2 Esi=3191000 Ebp=327E364 Esp=327E35C Eip=772F00BD

ADDR: 77A2E69A CODE: 7315 jae 0x77a2e6b1
Eax=77935C1C Ebx=75E4B498 Ecx=77935C18 Edx=3191000 Edi=75EC35F0 Esi=763BC8DC Ebp=327E33C Esp=327E338 Eip=77A2E69A

ADDR: 778597A6 CODE: 0f8454720500 jz 0x778b0a00
Eax=327E3AC Ebx=763BC8DC Ecx=327E398 Edx=3191000 Edi=75EC35F0 Esi=763BC8DC Ebp=327E340 Esp=327E320 Eip=778597A6

ADDR: 778597D3 CODE: 7479 jz 0x7785984e
Eax=327E3AC Ebx=356E680 Ecx=1F Edx=B76A77F Edi=356E280 Esi=356E494 Ebp=327E340 Esp=327E320 Eip=778597D3

ADDR: 77A27B53 CODE: 746e jz 0x77a27bc3
Eax=FFFFFFFE Ebx=77935C18 Ecx=FFFFFFFF Edx=B76A77F Edi=77935C1C Esi=FFFFFFFE Ebp=327E338 Esp=327E324 Eip=77A27B53

ADDR: 778594A4 CODE: 7458 jz 0x778594fe
Eax=30EE8A47 Ebx=75E4B498 Ecx=1F Edx=B76A77F Edi=2 Esi=77305A70 Ebp=327E37C Esp=327E364 Eip=778594A4

ADDR: 77A78DEB CODE: 730a jae 0x77a78df7
Eax=EE60B4E Ebx=75E4B498 Ecx=77305A70 Edx=404000 Edi=2 Esi=77305A70 Ebp=327E37C Esp=327E358 Eip=77A78DEB

ADDR: 77A709B7 CODE: 747f jz 0x77a70a38
Eax=2 Ebx=3191FB4 Ecx=77305A70 Edx=3191FB4 Edi=2 Esi=77305A70 Ebp=327E330 Esp=327E324 Eip=77A709B7

ADDR: 77A709BE CODE: 7378 jae 0x77a70a38
Eax=2 Ebx=3191FB4 Ecx=77305A70 Edx=3191FB4 Edi=2 Esi=77305A70 Ebp=327E330 Esp=327E324 Eip=77A709BE

ADDR: 77305A83 CODE: 790d jns 0x77305a92
Eax=0 Ebx=75E4B498 Ecx=355A188 Edx=0 Edi=2 Esi=77305A70 Ebp=327E354 Esp=327E354 Eip=77305A83

ADDR: 77862C46 CODE: 740a jz 0x77862c52
Eax=0 Ebx=75E4B498 Ecx=75EC361E Edx=0 Edi=75EC3630 Esi=75E4B408 Ebp=327E430 Esp=327E424 Eip=77862C46

ADDR: 77A78DEB CODE: 730a jae 0x77a78df7
Eax=EBD86C6 Ebx=75E4B498 Ecx=75EC3630 Edx=40404040 Edi=75EC3630 Esi=75E4B408 Ebp=327E430 Esp=327E420 Eip=77A78DEB

ADDR: 778595B4 CODE: 7458 jz 0x7785960e
Eax=30EE8A47 Ebx=75E4B498 Ecx=1F Edx=763BC8DC Edi=2 Esi=77305A70 Ebp=327E380 Esp=327E368 Eip=778595B4

ADDR: 77A78DEB CODE: 730a jae 0x77a78df7
Eax=EE60B4E Ebx=75E4B498 Ecx=77305A70 Edx=404000 Edi=2 Esi=77305A70 Ebp=327E380 Esp=327E35C Eip=77A78DEB

ADDR: 77A709B7 CODE: 747f jz 0x77a70a38
Eax=2 Ebx=3191FB4 Ecx=77305A70 Edx=3191FB4 Edi=2 Esi=77305A70 Ebp=327E334 Esp=327E328 Eip=77A709B7

ADDR: 77A709BE CODE: 7378 jae 0x77a70a38
Eax=2 Ebx=3191FB4 Ecx=77305A70 Edx=3191FB4 Edi=2 Esi=77305A70 Ebp=327E334 Esp=327E328 Eip=77A709BE

ADDR: 77305A83 CODE: 790d jns 0x77305a92
Eax=0 Ebx=75E4B498 Ecx=355A188 Edx=0 Edi=2 Esi=77305A70 Ebp=327E358 Esp=327E358 Eip=77305A83

ADDR: 778590DC CODE: 7454 jz 0x77859132
Eax=30E1272F Ebx=75E4B498 Ecx=1F Edx=0 Edi=2 Esi=772F00A0 Ebp=327E3CC Esp=327E370 Eip=778590DC

ADDR: 77A78DEB CODE: 730a jae 0x77a78df7
Eax=EE5E014 Ebx=75E4B498 Ecx=772F00A0 Edx=104000 Edi=2 Esi=772F00A0 Ebp=327E3CC Esp=327E368 Eip=77A78DEB

ADDR: 77A6C686 CODE: 743c jz 0x77a6c6c4
Eax=2 Ebx=75E4B498 Ecx=355A180 Edx=104000 Edi=2 Esi=3191000 Ebp=327E34C Esp=327E34C Eip=77A6C686

ADDR: 77A6C68D CODE: 7335 jae 0x77a6c6c4
Eax=2 Ebx=75E4B498 Ecx=355A180 Edx=104000 Edi=2 Esi=3191000 Ebp=327E34C Esp=327E34C Eip=77A6C68D

ADDR: 77A6C6AC CODE: 740c jz 0x77a6c6ba
Eax=355CAA0 Ebx=75E4B498 Ecx=355A180 Edx=0 Edi=2 Esi=2 Ebp=327E34C Esp=327E348 Eip=77A6C6AC

ADDR: 77A6C6B4 CODE: 7404 jz 0x77a6c6ba
Eax=355CAAC Ebx=75E4B498 Ecx=355A180 Edx=0 Edi=2 Esi=2 Ebp=327E34C Esp=327E348 Eip=77A6C6B4

ADDR: 772F00BD CODE: 791c jns 0x772f00db
Eax=0 Ebx=75E4B498 Ecx=327E360 Edx=0 Edi=2 Esi=3191000 Ebp=327E364 Esp=327E35C Eip=772F00BD

ADDR: 77A2E69A CODE: 7315 jae 0x77a2e6b1
Eax=77935C1C Ebx=75E4B498 Ecx=77935C18 Edx=3191000 Edi=75EC3630 Esi=763BC8DC Ebp=327E33C Esp=327E338 Eip=77A2E69A

ADDR: 778597A6 CODE: 0f8454720500 jz 0x778b0a00
Eax=327E3AC Ebx=763BC8DC Ecx=327E398 Edx=3191000 Edi=75EC3630 Esi=763BC8DC Ebp=327E340 Esp=327E320 Eip=778597A6

ADDR: 778597D3 CODE: 7479 jz 0x7785984e
Eax=327E3AC Ebx=356E680 Ecx=1F Edx=B76A77F Edi=356E280 Esi=356E498 Ebp=327E340 Esp=327E320 Eip=778597D3

ADDR: 77A27B53 CODE: 746e jz 0x77a27bc3
Eax=FFFFFFFE Ebx=77935C18 Ecx=FFFFFFFF Edx=B76A77F Edi=77935C1C Esi=FFFFFFFE Ebp=327E338 Esp=327E324 Eip=77A27B53

ADDR: 778594A4 CODE: 7458 jz 0x778594fe
Eax=30EE8A47 Ebx=75E4B498 Ecx=1F Edx=B76A77F Edi=2 Esi=77305A70 Ebp=327E37C Esp=327E364 Eip=778594A4

ADDR: 77A78DEB CODE: 730a jae 0x77a78df7
Eax=EE60B4E Ebx=75E4B498 Ecx=77305A70 Edx=404000 Edi=2 Esi=77305A70 Ebp=327E37C Esp=327E358 Eip=77A78DEB

ADDR: 77A709B7 CODE: 747f jz 0x77a70a38
Eax=2 Ebx=3191FB4 Ecx=77305A70 Edx=3191FB4 Edi=2 Esi=77305A70 Ebp=327E330 Esp=327E324 Eip=77A709B7

ADDR: 77A709BE CODE: 7378 jae 0x77a70a38
Eax=2 Ebx=3191FB4 Ecx=77305A70 Edx=3191FB4 Edi=2 Esi=77305A70 Ebp=327E330 Esp=327E324 Eip=77A709BE

ADDR: 77305A83 CODE: 790d jns 0x77305a92
Eax=0 Ebx=75E4B498 Ecx=355A188 Edx=0 Edi=2 Esi=77305A70 Ebp=327E354 Esp=327E354 Eip=77305A83

ADDR: 77862C46 CODE: 740a jz 0x77862c52
Eax=0 Ebx=75E4B498 Ecx=75EC365E Edx=0 Edi=75EC3670 Esi=75E4B40C Ebp=327E430 Esp=327E424 Eip=77862C46

ADDR: 77A78DEB CODE: 730a jae 0x77a78df7
Eax=EBD86CE Ebx=75E4B498 Ecx=75EC3670 Edx=40404040 Edi=75EC3670 Esi=75E4B40C Ebp=327E430 Esp=327E420 Eip=77A78DEB

ADDR: 778595B4 CODE: 7458 jz 0x7785960e
Eax=30EE8A47 Ebx=75E4B498 Ecx=1F Edx=763BC8DC Edi=2 Esi=77305A70 Ebp=327E380 Esp=327E368 Eip=778595B4

ADDR: 77A78DEB CODE: 730a jae 0x77a78df7
Eax=EE60B4E Ebx=75E4B498 Ecx=77305A70 Edx=404000 Edi=2 Esi=77305A70 Ebp=327E380 Esp=327E35C Eip=77A78DEB

ADDR: 77A709B7 CODE: 747f jz 0x77a70a38
Eax=2 Ebx=3191FB4 Ecx=77305A70 Edx=3191FB4 Edi=2 Esi=77305A70 Ebp=327E334 Esp=327E328 Eip=77A709B7

ADDR: 77A709BE CODE: 7378 jae 0x77a70a38
Eax=2 Ebx=3191FB4 Ecx=77305A70 Edx=3191FB4 Edi=2 Esi=77305A70 Ebp=327E334 Esp=327E328 Eip=77A709BE

ADDR: 77305A83 CODE: 790d jns 0x77305a92
Eax=0 Ebx=75E4B498 Ecx=355A188 Edx=0 Edi=2 Esi=77305A70 Ebp=327E358 Esp=327E358 Eip=77305A83

ADDR: 778590DC CODE: 7454 jz 0x77859132
Eax=30E1272F Ebx=75E4B498 Ecx=1F Edx=0 Edi=2 Esi=772F00A0 Ebp=327E3CC Esp=327E370 Eip=778590DC

ADDR: 77A78DEB CODE: 730a jae 0x77a78df7
Eax=EE5E014 Ebx=75E4B498 Ecx=772F00A0 Edx=104000 Edi=2 Esi=772F00A0 Ebp=327E3CC Esp=327E368 Eip=77A78DEB

ADDR: 77A6C686 CODE: 743c jz 0x77a6c6c4
Eax=2 Ebx=75E4B498 Ecx=355A180 Edx=104000 Edi=2 Esi=3191000 Ebp=327E34C Esp=327E34C Eip=77A6C686

ADDR: 77A6C68D CODE: 7335 jae 0x77a6c6c4
Eax=2 Ebx=75E4B498 Ecx=355A180 Edx=104000 Edi=2 Esi=3191000 Ebp=327E34C Esp=327E34C Eip=77A6C68D

ADDR: 77A6C6AC CODE: 740c jz 0x77a6c6ba
Eax=355CAA0 Ebx=75E4B498 Ecx=355A180 Edx=0 Edi=2 Esi=2 Ebp=327E34C Esp=327E348 Eip=77A6C6AC

ADDR: 77A6C6B4 CODE: 7404 jz 0x77a6c6ba
Eax=355CAAC Ebx=75E4B498 Ecx=355A180 Edx=0 Edi=2 Esi=2 Ebp=327E34C Esp=327E348 Eip=77A6C6B4

ADDR: 772F00BD CODE: 791c jns 0x772f00db
Eax=0 Ebx=75E4B498 Ecx=327E360 Edx=0 Edi=2 Esi=3191000 Ebp=327E364 Esp=327E35C Eip=772F00BD

ADDR: 77A2E69A CODE: 7315 jae 0x77a2e6b1
Eax=77935C1C Ebx=75E4B498 Ecx=77935C18 Edx=3191000 Edi=75EC3670 Esi=763BC8DC Ebp=327E33C Esp=327E338 Eip=77A2E69A

ADDR: 778597A6 CODE: 0f8454720500 jz 0x778b0a00
Eax=327E3AC Ebx=763BC8DC Ecx=327E398 Edx=3191000 Edi=75EC3670 Esi=763BC8DC Ebp=327E340 Esp=327E320 Eip=778597A6

ADDR: 778597D3 CODE: 7479 jz 0x7785984e
Eax=327E3AC Ebx=356E680 Ecx=1F Edx=B76A77F Edi=356E280 Esi=356E49C Ebp=327E340 Esp=327E320 Eip=778597D3

ADDR: 77A27B53 CODE: 746e jz 0x77a27bc3
Eax=FFFFFFFE Ebx=77935C18 Ecx=FFFFFFFF Edx=B76A77F Edi=77935C1C Esi=FFFFFFFE Ebp=327E338 Esp=327E324 Eip=77A27B53

ADDR: 778594A4 CODE: 7458 jz 0x778594fe
Eax=30EE8A47 Ebx=75E4B498 Ecx=1F Edx=B76A77F Edi=2 Esi=77305A70 Ebp=327E37C Esp=327E364 Eip=778594A4

ADDR: 77A78DEB CODE: 730a jae 0x77a78df7
Eax=EE60B4E Ebx=75E4B498 Ecx=77305A70 Edx=404000 Edi=2 Esi=77305A70 Ebp=327E37C Esp=327E358 Eip=77A78DEB

ADDR: 77A709B7 CODE: 747f jz 0x77a70a38
Eax=2 Ebx=3191FB4 Ecx=77305A70 Edx=3191FB4 Edi=2 Esi=77305A70 Ebp=327E330 Esp=327E324 Eip=77A709B7

ADDR: 77A709BE CODE: 7378 jae 0x77a70a38
Eax=2 Ebx=3191FB4 Ecx=77305A70 Edx=3191FB4 Edi=2 Esi=77305A70 Ebp=327E330 Esp=327E324 Eip=77A709BE

ADDR: 77305A83 CODE: 790d jns 0x77305a92
Eax=0 Ebx=75E4B498 Ecx=355A188 Edx=0 Edi=2 Esi=77305A70 Ebp=327E354 Esp=327E354 Eip=77305A83

ADDR: 77862C46 CODE: 740a jz 0x77862c52
Eax=0 Ebx=75E4B498 Ecx=75EC369E Edx=0 Edi=75EC36B0 Esi=75E4B410 Ebp=327E430 Esp=327E424 Eip=77862C46

ADDR: 77A78DEB CODE: 730a jae 0x77a78df7
Eax=EBD86D6 Ebx=75E4B498 Ecx=75EC36B0 Edx=40404040 Edi=75EC36B0 Esi=75E4B410 Ebp=327E430 Esp=327E420 Eip=77A78DEB

ADDR: 778595B4 CODE: 7458 jz 0x7785960e
Eax=30EE8A47 Ebx=75E4B498 Ecx=1F Edx=763BC8DC Edi=2 Esi=77305A70 Ebp=327E380 Esp=327E368 Eip=778595B4

ADDR: 77A78DEB CODE: 730a jae 0x77a78df7
Eax=EE60B4E Ebx=75E4B498 Ecx=77305A70 Edx=404000 Edi=2 Esi=77305A70 Ebp=327E380 Esp=327E35C Eip=77A78DEB

ADDR: 77A709B7 CODE: 747f jz 0x77a70a38
Eax=2 Ebx=3191FB4 Ecx=77305A70 Edx=3191FB4 Edi=2 Esi=77305A70 Ebp=327E334 Esp=327E328 Eip=77A709B7

ADDR: 77A709BE CODE: 7378 jae 0x77a70a38
Eax=2 Ebx=3191FB4 Ecx=77305A70 Edx=3191FB4 Edi=2 Esi=77305A70 Ebp=327E334 Esp=327E328 Eip=77A709BE

ADDR: 77305A83 CODE: 790d jns 0x77305a92
Eax=0 Ebx=75E4B498 Ecx=355A188 Edx=0 Edi=2 Esi=77305A70 Ebp=327E358 Esp=327E358 Eip=77305A83

ADDR: 778590DC CODE: 7454 jz 0x77859132
Eax=30E1272F Ebx=75E4B498 Ecx=1F Edx=0 Edi=2 Esi=772F00A0 Ebp=327E3CC Esp=327E370 Eip=778590DC

ADDR: 77A78DEB CODE: 730a jae 0x77a78df7
Eax=EE5E014 Ebx=75E4B498 Ecx=772F00A0 Edx=104000 Edi=2 Esi=772F00A0 Ebp=327E3CC Esp=327E368 Eip=77A78DEB

ADDR: 77A6C686 CODE: 743c jz 0x77a6c6c4
Eax=2 Ebx=75E4B498 Ecx=355A180 Edx=104000 Edi=2 Esi=3191000 Ebp=327E34C Esp=327E34C Eip=77A6C686

ADDR: 77A6C68D CODE: 7335 jae 0x77a6c6c4
Eax=2 Ebx=75E4B498 Ecx=355A180 Edx=104000 Edi=2 Esi=3191000 Ebp=327E34C Esp=327E34C Eip=77A6C68D

ADDR: 77A6C6AC CODE: 740c jz 0x77a6c6ba
Eax=355CAA0 Ebx=75E4B498 Ecx=355A180 Edx=0 Edi=2 Esi=2 Ebp=327E34C Esp=327E348 Eip=77A6C6AC

ADDR: 77A6C6B4 CODE: 7404 jz 0x77a6c6ba
Eax=355CAAC Ebx=75E4B498 Ecx=355A180 Edx=0 Edi=2 Esi=2 Ebp=327E34C Esp=327E348 Eip=77A6C6B4

ADDR: 772F00BD CODE: 791c jns 0x772f00db
Eax=0 Ebx=75E4B498 Ecx=327E360 Edx=0 Edi=2 Esi=3191000 Ebp=327E364 Esp=327E35C Eip=772F00BD

ADDR: 77A2E69A CODE: 7315 jae 0x77a2e6b1
Eax=77935C1C Ebx=75E4B498 Ecx=77935C18 Edx=3191000 Edi=75EC36B0 Esi=763BC8DC Ebp=327E33C Esp=327E338 Eip=77A2E69A

ADDR: 778597A6 CODE: 0f8454720500 jz 0x778b0a00
Eax=327E3AC Ebx=763BC8DC Ecx=327E398 Edx=3191000 Edi=75EC36B0 Esi=763BC8DC Ebp=327E340 Esp=327E320 Eip=778597A6

ADDR: 778597D3 CODE: 7479 jz 0x7785984e
Eax=327E3AC Ebx=356E680 Ecx=1F Edx=B76A77F Edi=356E280 Esi=356E4A0 Ebp=327E340 Esp=327E320 Eip=778597D3

ADDR: 77A27B53 CODE: 746e jz 0x77a27bc3
Eax=FFFFFFFE Ebx=77935C18 Ecx=FFFFFFFF Edx=B76A77F Edi=77935C1C Esi=FFFFFFFE Ebp=327E338 Esp=327E324 Eip=77A27B53

ADDR: 778594A4 CODE: 7458 jz 0x778594fe
Eax=30EE8A47 Ebx=75E4B498 Ecx=1F Edx=B76A77F Edi=2 Esi=77305A70 Ebp=327E37C Esp=327E364 Eip=778594A4

ADDR: 77A78DEB CODE: 730a jae 0x77a78df7
Eax=EE60B4E Ebx=75E4B498 Ecx=77305A70 Edx=404000 Edi=2 Esi=77305A70 Ebp=327E37C Esp=327E358 Eip=77A78DEB

ADDR: 77A709B7 CODE: 747f jz 0x77a70a38
Eax=2 Ebx=3191FB4 Ecx=77305A70 Edx=3191FB4 Edi=2 Esi=77305A70 Ebp=327E330 Esp=327E324 Eip=77A709B7

ADDR: 77A709BE CODE: 7378 jae 0x77a70a38
Eax=2 Ebx=3191FB4 Ecx=77305A70 Edx=3191FB4 Edi=2 Esi=77305A70 Ebp=327E330 Esp=327E324 Eip=77A709BE

ADDR: 77305A83 CODE: 790d jns 0x77305a92
Eax=0 Ebx=75E4B498 Ecx=355A188 Edx=0 Edi=2 Esi=77305A70 Ebp=327E354 Esp=327E354 Eip=77305A83

ADDR: 77862C46 CODE: 740a jz 0x77862c52
Eax=0 Ebx=75E4B498 Ecx=75EC36DE Edx=0 Edi=75EC36F0 Esi=75E4B414 Ebp=327E430 Esp=327E424 Eip=77862C46

ADDR: 77A78DEB CODE: 730a jae 0x77a78df7
Eax=EBD86DE Ebx=75E4B498 Ecx=75EC36F0 Edx=40404040 Edi=75EC36F0 Esi=75E4B414 Ebp=327E430 Esp=327E420 Eip=77A78DEB

ADDR: 778595B4 CODE: 7458 jz 0x7785960e
Eax=30EE8A47 Ebx=75E4B498 Ecx=1F Edx=763BC8DC Edi=2 Esi=77305A70 Ebp=327E380 Esp=327E368 Eip=778595B4

ADDR: 77A78DEB CODE: 730a jae 0x77a78df7
Eax=EE60B4E Ebx=75E4B498 Ecx=77305A70 Edx=404000 Edi=2 Esi=77305A70 Ebp=327E380 Esp=327E35C Eip=77A78DEB

ADDR: 77A709B7 CODE: 747f jz 0x77a70a38
Eax=2 Ebx=3191FB4 Ecx=77305A70 Edx=3191FB4 Edi=2 Esi=77305A70 Ebp=327E334 Esp=327E328 Eip=77A709B7

ADDR: 77A709BE CODE: 7378 jae 0x77a70a38
Eax=2 Ebx=3191FB4 Ecx=77305A70 Edx=3191FB4 Edi=2 Esi=77305A70 Ebp=327E334 Esp=327E328 Eip=77A709BE

ADDR: 77305A83 CODE: 790d jns 0x77305a92
Eax=0 Ebx=75E4B498 Ecx=355A188 Edx=0 Edi=2 Esi=77305A70 Ebp=327E358 Esp=327E358 Eip=77305A83

ADDR: 778590DC CODE: 7454 jz 0x77859132
Eax=30E1272F Ebx=75E4B498 Ecx=1F Edx=0 Edi=2 Esi=772F00A0 Ebp=327E3CC Esp=327E370 Eip=778590DC

ADDR: 77A78DEB CODE: 730a jae 0x77a78df7
Eax=EE5E014 Ebx=75E4B498 Ecx=772F00A0 Edx=104000 Edi=2 Esi=772F00A0 Ebp=327E3CC Esp=327E368 Eip=77A78DEB

ADDR: 77A6C686 CODE: 743c jz 0x77a6c6c4
Eax=2 Ebx=75E4B498 Ecx=355A180 Edx=104000 Edi=2 Esi=3191000 Ebp=327E34C Esp=327E34C Eip=77A6C686

ADDR: 77A6C68D CODE: 7335 jae 0x77a6c6c4
Eax=2 Ebx=75E4B498 Ecx=355A180 Edx=104000 Edi=2 Esi=3191000 Ebp=327E34C Esp=327E34C Eip=77A6C68D

ADDR: 77A6C6AC CODE: 740c jz 0x77a6c6ba
Eax=355CAA0 Ebx=75E4B498 Ecx=355A180 Edx=0 Edi=2 Esi=2 Ebp=327E34C Esp=327E348 Eip=77A6C6AC

ADDR: 77A6C6B4 CODE: 7404 jz 0x77a6c6ba
Eax=355CAAC Ebx=75E4B498 Ecx=355A180 Edx=0 Edi=2 Esi=2 Ebp=327E34C Esp=327E348 Eip=77A6C6B4

ADDR: 772F00BD CODE: 791c jns 0x772f00db
Eax=0 Ebx=75E4B498 Ecx=327E360 Edx=0 Edi=2 Esi=3191000 Ebp=327E364 Esp=327E35C Eip=772F00BD

ADDR: 77A2E69A CODE: 7315 jae 0x77a2e6b1
Eax=77935C1C Ebx=75E4B498 Ecx=77935C18 Edx=3191000 Edi=75EC36F0 Esi=763BC8DC Ebp=327E33C Esp=327E338 Eip=77A2E69A

ADDR: 778597A6 CODE: 0f8454720500 jz 0x778b0a00
Eax=327E3AC Ebx=763BC8DC Ecx=327E398 Edx=3191000 Edi=75EC36F0 Esi=763BC8DC Ebp=327E340 Esp=327E320 Eip=778597A6

ADDR: 778597D3 CODE: 7479 jz 0x7785984e
Eax=327E3AC Ebx=356E680 Ecx=1F Edx=B76A77F Edi=356E280 Esi=356E4A4 Ebp=327E340 Esp=327E320 Eip=778597D3

ADDR: 77A27B53 CODE: 746e jz 0x77a27bc3
Eax=FFFFFFFE Ebx=77935C18 Ecx=FFFFFFFF Edx=B76A77F Edi=77935C1C Esi=FFFFFFFE Ebp=327E338 Esp=327E324 Eip=77A27B53

ADDR: 778594A4 CODE: 7458 jz 0x778594fe
Eax=30EE8A47 Ebx=75E4B498 Ecx=1F Edx=B76A77F Edi=2 Esi=77305A70 Ebp=327E37C Esp=327E364 Eip=778594A4

ADDR: 77A78DEB CODE: 730a jae 0x77a78df7
Eax=EE60B4E Ebx=75E4B498 Ecx=77305A70 Edx=404000 Edi=2 Esi=77305A70 Ebp=327E37C Esp=327E358 Eip=77A78DEB

ADDR: 77A709B7 CODE: 747f jz 0x77a70a38
Eax=2 Ebx=3191FB4 Ecx=77305A70 Edx=3191FB4 Edi=2 Esi=77305A70 Ebp=327E330 Esp=327E324 Eip=77A709B7

ADDR: 77A709BE CODE: 7378 jae 0x77a70a38
Eax=2 Ebx=3191FB4 Ecx=77305A70 Edx=3191FB4 Edi=2 Esi=77305A70 Ebp=327E330 Esp=327E324 Eip=77A709BE

ADDR: 77305A83 CODE: 790d jns 0x77305a92
Eax=0 Ebx=75E4B498 Ecx=355A188 Edx=0 Edi=2 Esi=77305A70 Ebp=327E354 Esp=327E354 Eip=77305A83

ADDR: 77862C46 CODE: 740a jz 0x77862c52
Eax=0 Ebx=75E4B498 Ecx=75EC371E Edx=0 Edi=75EC3730 Esi=75E4B418 Ebp=327E430 Esp=327E424 Eip=77862C46

ADDR: 77A78DEB CODE: 730a jae 0x77a78df7
Eax=EBD86E6 Ebx=75E4B498 Ecx=75EC3730 Edx=10444040 Edi=75EC3730 Esi=75E4B418 Ebp=327E430 Esp=327E420 Eip=77A78DEB

ADDR: 778595B4 CODE: 7458 jz 0x7785960e
Eax=30EE8A47 Ebx=75E4B498 Ecx=1F Edx=763BC8DC Edi=2 Esi=77305A70 Ebp=327E380 Esp=327E368 Eip=778595B4

ADDR: 77A78DEB CODE: 730a jae 0x77a78df7
Eax=EE60B4E Ebx=75E4B498 Ecx=77305A70 Edx=404000 Edi=2 Esi=77305A70 Ebp=327E380 Esp=327E35C Eip=77A78DEB

ADDR: 77A709B7 CODE: 747f jz 0x77a70a38
Eax=2 Ebx=3191FB4 Ecx=77305A70 Edx=3191FB4 Edi=2 Esi=77305A70 Ebp=327E334 Esp=327E328 Eip=77A709B7

ADDR: 77A709BE CODE: 7378 jae 0x77a70a38
Eax=2 Ebx=3191FB4 Ecx=77305A70 Edx=3191FB4 Edi=2 Esi=77305A70 Ebp=327E334 Esp=327E328 Eip=77A709BE

ADDR: 77305A83 CODE: 790d jns 0x77305a92
Eax=0 Ebx=75E4B498 Ecx=355A188 Edx=0 Edi=2 Esi=77305A70 Ebp=327E358 Esp=327E358 Eip=77305A83

ADDR: 778590DC CODE: 7454 jz 0x77859132
Eax=30E1272F Ebx=75E4B498 Ecx=1F Edx=0 Edi=2 Esi=772F00A0 Ebp=327E3CC Esp=327E370 Eip=778590DC

ADDR: 77A78DEB CODE: 730a jae 0x77a78df7
Eax=EE5E014 Ebx=75E4B498 Ecx=772F00A0 Edx=104000 Edi=2 Esi=772F00A0 Ebp=327E3CC Esp=327E368 Eip=77A78DEB

ADDR: 77A6C686 CODE: 743c jz 0x77a6c6c4
Eax=2 Ebx=75E4B498 Ecx=355A180 Edx=104000 Edi=2 Esi=3191000 Ebp=327E34C Esp=327E34C Eip=77A6C686

ADDR: 77A6C68D CODE: 7335 jae 0x77a6c6c4
Eax=2 Ebx=75E4B498 Ecx=355A180 Edx=104000 Edi=2 Esi=3191000 Ebp=327E34C Esp=327E34C Eip=77A6C68D

ADDR: 77A6C6AC CODE: 740c jz 0x77a6c6ba
Eax=355CAA0 Ebx=75E4B498 Ecx=355A180 Edx=0 Edi=2 Esi=2 Ebp=327E34C Esp=327E348 Eip=77A6C6AC

ADDR: 77A6C6B4 CODE: 7404 jz 0x77a6c6ba
Eax=355CAAC Ebx=75E4B498 Ecx=355A180 Edx=0 Edi=2 Esi=2 Ebp=327E34C Esp=327E348 Eip=77A6C6B4

ADDR: 772F00BD CODE: 791c jns 0x772f00db
Eax=0 Ebx=75E4B498 Ecx=327E360 Edx=0 Edi=2 Esi=3191000 Ebp=327E364 Esp=327E35C Eip=772F00BD

ADDR: 77A2E69A CODE: 7315 jae 0x77a2e6b1
Eax=77935C1C Ebx=75E4B498 Ecx=77935C18 Edx=3191000 Edi=75EC3730 Esi=763BC8DC Ebp=327E33C Esp=327E338 Eip=77A2E69A

ADDR: 778597A6 CODE: 0f8454720500 jz 0x778b0a00
Eax=327E3AC Ebx=763BC8DC Ecx=327E398 Edx=3191000 Edi=75EC3730 Esi=763BC8DC Ebp=327E340 Esp=327E320 Eip=778597A6

ADDR: 778597D3 CODE: 7479 jz 0x7785984e
Eax=327E3AC Ebx=356E680 Ecx=1F Edx=B76A77F Edi=356E280 Esi=356E4A8 Ebp=327E340 Esp=327E320 Eip=778597D3

ADDR: 77A27B53 CODE: 746e jz 0x77a27bc3
Eax=FFFFFFFE Ebx=77935C18 Ecx=FFFFFFFF Edx=B76A77F Edi=77935C1C Esi=FFFFFFFE Ebp=327E338 Esp=327E324 Eip=77A27B53

ADDR: 778594A4 CODE: 7458 jz 0x778594fe
Eax=30EE8A47 Ebx=75E4B498 Ecx=1F Edx=B76A77F Edi=2 Esi=77305A70 Ebp=327E37C Esp=327E364 Eip=778594A4

ADDR: 77A78DEB CODE: 730a jae 0x77a78df7
Eax=EE60B4E Ebx=75E4B498 Ecx=77305A70 Edx=404000 Edi=2 Esi=77305A70 Ebp=327E37C Esp=327E358 Eip=77A78DEB

ADDR: 77A709B7 CODE: 747f jz 0x77a70a38
Eax=2 Ebx=3191FB4 Ecx=77305A70 Edx=3191FB4 Edi=2 Esi=77305A70 Ebp=327E330 Esp=327E324 Eip=77A709B7

ADDR: 77A709BE CODE: 7378 jae 0x77a70a38
Eax=2 Ebx=3191FB4 Ecx=77305A70 Edx=3191FB4 Edi=2 Esi=77305A70 Ebp=327E330 Esp=327E324 Eip=77A709BE

ADDR: 77305A83 CODE: 790d jns 0x77305a92
Eax=0 Ebx=75E4B498 Ecx=355A188 Edx=0 Edi=2 Esi=77305A70 Ebp=327E354 Esp=327E354 Eip=77305A83

ADDR: 77862C46 CODE: 740a jz 0x77862c52
Eax=0 Ebx=75E4B498 Ecx=75EC375E Edx=0 Edi=75EC3770 Esi=75E4B41C Ebp=327E430 Esp=327E424 Eip=77862C46

ADDR: 77A78DEB CODE: 730a jae 0x77a78df7
Eax=EBD86EE Ebx=75E4B498 Ecx=75EC3770 Edx=10444040 Edi=75EC3770 Esi=75E4B41C Ebp=327E430 Esp=327E420 Eip=77A78DEB

ADDR: 778595B4 CODE: 7458 jz 0x7785960e
Eax=30EE8A47 Ebx=75E4B498 Ecx=1F Edx=763BC8DC Edi=2 Esi=77305A70 Ebp=327E3A0 Esp=327E388 Eip=778595B4

ADDR: 77A78DEB CODE: 730a jae 0x77a78df7
Eax=EE60B4E Ebx=75E4B498 Ecx=77305A70 Edx=404000 Edi=2 Esi=77305A70 Ebp=327E3A0 Esp=327E37C Eip=77A78DEB

ADDR: 77A709B7 CODE: 747f jz 0x77a70a38
Eax=2 Ebx=3191FB4 Ecx=77305A70 Edx=3191FB4 Edi=2 Esi=77305A70 Ebp=327E354 Esp=327E348 Eip=77A709B7

ADDR: 77A709BE CODE: 7378 jae 0x77a70a38
Eax=2 Ebx=3191FB4 Ecx=77305A70 Edx=3191FB4 Edi=2 Esi=77305A70 Ebp=327E354 Esp=327E348 Eip=77A709BE

ADDR: 77305A83 CODE: 790d jns 0x77305a92
Eax=0 Ebx=75E4B498 Ecx=355A188 Edx=0 Edi=2 Esi=77305A70 Ebp=327E378 Esp=327E378 Eip=77305A83

ADDR: 778590DC CODE: 7454 jz 0x77859132
Eax=30E1272F Ebx=75E4B498 Ecx=1F Edx=0 Edi=2 Esi=772F00A0 Ebp=327E3EC Esp=327E390 Eip=778590DC

ADDR: 77A78DEB CODE: 730a jae 0x77a78df7
Eax=EE5E014 Ebx=75E4B498 Ecx=772F00A0 Edx=104000 Edi=2 Esi=772F00A0 Ebp=327E3EC Esp=327E388 Eip=77A78DEB

ADDR: 77A6C686 CODE: 743c jz 0x77a6c6c4
Eax=2 Ebx=75E4B498 Ecx=355A180 Edx=104000 Edi=2 Esi=3191000 Ebp=327E36C Esp=327E36C Eip=77A6C686

ADDR: 77A6C68D CODE: 7335 jae 0x77a6c6c4
Eax=2 Ebx=75E4B498 Ecx=355A180 Edx=104000 Edi=2 Esi=3191000 Ebp=327E36C Esp=327E36C Eip=77A6C68D

ADDR: 77A6C6AC CODE: 740c jz 0x77a6c6ba
Eax=355CAA0 Ebx=75E4B498 Ecx=355A180 Edx=0 Edi=2 Esi=2 Ebp=327E36C Esp=327E368 Eip=77A6C6AC

ADDR: 77A6C6B4 CODE: 7404 jz 0x77a6c6ba
Eax=355CAAC Ebx=75E4B498 Ecx=355A180 Edx=0 Edi=2 Esi=2 Ebp=327E36C Esp=327E368 Eip=77A6C6B4

ADDR: 772F00BD CODE: 791c jns 0x772f00db
Eax=0 Ebx=75E4B498 Ecx=327E380 Edx=0 Edi=2 Esi=3191000 Ebp=327E384 Esp=327E37C Eip=772F00BD

ADDR: 77A2E69A CODE: 7315 jae 0x77a2e6b1
Eax=77935C1C Ebx=75E4B498 Ecx=77935C18 Edx=3191000 Edi=75EC3770 Esi=763BC8DC Ebp=327E35C Esp=327E358 Eip=77A2E69A

ADDR: 778597A6 CODE: 0f8454720500 jz 0x778b0a00
Eax=327E3CC Ebx=763BC8DC Ecx=327E3B8 Edx=3191000 Edi=75EC3770 Esi=763BC8DC Ebp=327E360 Esp=327E340 Eip=778597A6

ADDR: 778597D3 CODE: 7479 jz 0x7785984e
Eax=327E3CC Ebx=356E680 Ecx=1F Edx=B76A77F Edi=356E280 Esi=356E4AC Ebp=327E360 Esp=327E340 Eip=778597D3

ADDR: 77A27B53 CODE: 746e jz 0x77a27bc3
Eax=FFFFFFFE Ebx=77935C18 Ecx=FFFFFFFF Edx=B76A77F Edi=77935C1C Esi=FFFFFFFE Ebp=327E358 Esp=327E344 Eip=77A27B53

ADDR: 778594A4 CODE: 7458 jz 0x778594fe
Eax=30EE8A47 Ebx=75E4B498 Ecx=1F Edx=B76A77F Edi=2 Esi=77305A70 Ebp=327E39C Esp=327E384 Eip=778594A4

ADDR: 77A78DEB CODE: 730a jae 0x77a78df7
Eax=EE60B4E Ebx=75E4B498 Ecx=77305A70 Edx=404000 Edi=2 Esi=77305A70 Ebp=327E39C Esp=327E378 Eip=77A78DEB

ADDR: 77A709B7 CODE: 747f jz 0x77a70a38
Eax=2 Ebx=3191FB4 Ecx=77305A70 Edx=3191FB4 Edi=2 Esi=77305A70 Ebp=327E350 Esp=327E344 Eip=77A709B7

ADDR: 77A709BE CODE: 7378 jae 0x77a70a38
Eax=2 Ebx=3191FB4 Ecx=77305A70 Edx=3191FB4 Edi=2 Esi=77305A70 Ebp=327E350 Esp=327E344 Eip=77A709BE

ADDR: 77305A83 CODE: 790d jns 0x77305a92
Eax=0 Ebx=75E4B498 Ecx=355A188 Edx=0 Edi=2 Esi=77305A70 Ebp=327E374 Esp=327E374 Eip=77305A83

ADDR: 77862C46 CODE: 740a jz 0x77862c52
Eax=0 Ebx=75E4B498 Ecx=7604EC40 Edx=0 Edi=75EC3790 Esi=75E4B420 Ebp=327E430 Esp=327E424 Eip=77862C46

ADDR: 77A78DEB CODE: 730a jae 0x77a78df7
Eax=EBD86F2 Ebx=75E4B498 Ecx=75EC3790 Edx=10444040 Edi=75EC3790 Esi=75E4B420 Ebp=327E430 Esp=327E420 Eip=77A78DEB

ADDR: 778595B4 CODE: 7458 jz 0x7785960e
Eax=30EE8A47 Ebx=75E4B498 Ecx=1F Edx=763BC8DC Edi=2 Esi=77305A70 Ebp=327E3A0 Esp=327E388 Eip=778595B4

ADDR: 77A78DEB CODE: 730a jae 0x77a78df7
Eax=EE60B4E Ebx=75E4B498 Ecx=77305A70 Edx=404000 Edi=2 Esi=77305A70 Ebp=327E3A0 Esp=327E37C Eip=77A78DEB

ADDR: 77A709B7 CODE: 747f jz 0x77a70a38
Eax=2 Ebx=3191FB4 Ecx=77305A70 Edx=3191FB4 Edi=2 Esi=77305A70 Ebp=327E354 Esp=327E348 Eip=77A709B7

ADDR: 77A709BE CODE: 7378 jae 0x77a70a38
Eax=2 Ebx=3191FB4 Ecx=77305A70 Edx=3191FB4 Edi=2 Esi=77305A70 Ebp=327E354 Esp=327E348 Eip=77A709BE

ADDR: 77305A83 CODE: 790d jns 0x77305a92
Eax=0 Ebx=75E4B498 Ecx=355A188 Edx=0 Edi=2 Esi=77305A70 Ebp=327E378 Esp=327E378 Eip=77305A83

ADDR: 778590DC CODE: 7454 jz 0x77859132
Eax=30E1272F Ebx=75E4B498 Ecx=1F Edx=0 Edi=2 Esi=772F00A0 Ebp=327E3EC Esp=327E390 Eip=778590DC

ADDR: 77A78DEB CODE: 730a jae 0x77a78df7
Eax=EE5E014 Ebx=75E4B498 Ecx=772F00A0 Edx=104000 Edi=2 Esi=772F00A0 Ebp=327E3EC Esp=327E388 Eip=77A78DEB

ADDR: 77A6C686 CODE: 743c jz 0x77a6c6c4
Eax=2 Ebx=75E4B498 Ecx=355A180 Edx=104000 Edi=2 Esi=3191000 Ebp=327E36C Esp=327E36C Eip=77A6C686

ADDR: 77A6C68D CODE: 7335 jae 0x77a6c6c4
Eax=2 Ebx=75E4B498 Ecx=355A180 Edx=104000 Edi=2 Esi=3191000 Ebp=327E36C Esp=327E36C Eip=77A6C68D

ADDR: 77A6C6AC CODE: 740c jz 0x77a6c6ba
Eax=355CAA0 Ebx=75E4B498 Ecx=355A180 Edx=0 Edi=2 Esi=2 Ebp=327E36C Esp=327E368 Eip=77A6C6AC

ADDR: 77A6C6B4 CODE: 7404 jz 0x77a6c6ba
Eax=355CAAC Ebx=75E4B498 Ecx=355A180 Edx=0 Edi=2 Esi=2 Ebp=327E36C Esp=327E368 Eip=77A6C6B4

ADDR: 772F00BD CODE: 791c jns 0x772f00db
Eax=0 Ebx=75E4B498 Ecx=327E380 Edx=0 Edi=2 Esi=3191000 Ebp=327E384 Esp=327E37C Eip=772F00BD

ADDR: 77A2E69A CODE: 7315 jae 0x77a2e6b1
Eax=77935C1C Ebx=75E4B498 Ecx=77935C18 Edx=3191000 Edi=75EC3790 Esi=763BC8DC Ebp=327E35C Esp=327E358 Eip=77A2E69A

ADDR: 778597A6 CODE: 0f8454720500 jz 0x778b0a00
Eax=327E3CC Ebx=763BC8DC Ecx=327E3B8 Edx=3191000 Edi=75EC3790 Esi=763BC8DC Ebp=327E360 Esp=327E340 Eip=778597A6

ADDR: 778597D3 CODE: 7479 jz 0x7785984e
Eax=327E3CC Ebx=356E680 Ecx=1F Edx=B76A77F Edi=356E280 Esi=356E4B0 Ebp=327E360 Esp=327E340 Eip=778597D3

ADDR: 77A27B53 CODE: 746e jz 0x77a27bc3
Eax=FFFFFFFE Ebx=77935C18 Ecx=FFFFFFFF Edx=B76A77F Edi=77935C1C Esi=FFFFFFFE Ebp=327E358 Esp=327E344 Eip=77A27B53

ADDR: 778594A4 CODE: 7458 jz 0x778594fe
Eax=30EE8A47 Ebx=75E4B498 Ecx=1F Edx=B76A77F Edi=2 Esi=77305A70 Ebp=327E39C Esp=327E384 Eip=778594A4

ADDR: 77A78DEB CODE: 730a jae 0x77a78df7
Eax=EE60B4E Ebx=75E4B498 Ecx=77305A70 Edx=404000 Edi=2 Esi=77305A70 Ebp=327E39C Esp=327E378 Eip=77A78DEB

ADDR: 77A709B7 CODE: 747f jz 0x77a70a38
Eax=2 Ebx=3191FB4 Ecx=77305A70 Edx=3191FB4 Edi=2 Esi=77305A70 Ebp=327E350 Esp=327E344 Eip=77A709B7

ADDR: 77A709BE CODE: 7378 jae 0x77a70a38
Eax=2 Ebx=3191FB4 Ecx=77305A70 Edx=3191FB4 Edi=2 Esi=77305A70 Ebp=327E350 Esp=327E344 Eip=77A709BE

ADDR: 77305A83 CODE: 790d jns 0x77305a92
Eax=0 Ebx=75E4B498 Ecx=355A188 Edx=0 Edi=2 Esi=77305A70 Ebp=327E374 Esp=327E374 Eip=77305A83

ADDR: 77862C46 CODE: 740a jz 0x77862c52
Eax=0 Ebx=75E4B498 Ecx=7604EC50 Edx=0 Edi=75EC37B0 Esi=75E4B424 Ebp=327E430 Esp=327E424 Eip=77862C46

ADDR: 77A78DEB CODE: 730a jae 0x77a78df7
Eax=EBD86F6 Ebx=75E4B498 Ecx=75EC37B0 Edx=10444040 Edi=75EC37B0 Esi=75E4B424 Ebp=327E430 Esp=327E420 Eip=77A78DEB

ADDR: 77862C46 CODE: 740a jz 0x77862c52
Eax=EBD86F6 Ebx=75E4B498 Ecx=75EC37B0 Edx=10444040 Edi=75EC37E0 Esi=75E4B428 Ebp=327E430 Esp=327E424 Eip=77862C46

ADDR: 77A78DEB CODE: 730a jae 0x77a78df7
Eax=EBD86FC Ebx=75E4B498 Ecx=75EC37E0 Edx=10444040 Edi=75EC37E0 Esi=75E4B428 Ebp=327E430 Esp=327E420 Eip=77A78DEB

ADDR: 778595B4 CODE: 7458 jz 0x7785960e
Eax=30EE8A47 Ebx=75E4B498 Ecx=1F Edx=763BC8DC Edi=2 Esi=77305A70 Ebp=327E380 Esp=327E368 Eip=778595B4

ADDR: 77A78DEB CODE: 730a jae 0x77a78df7
Eax=EE60B4E Ebx=75E4B498 Ecx=77305A70 Edx=404000 Edi=2 Esi=77305A70 Ebp=327E380 Esp=327E35C Eip=77A78DEB

ADDR: 77A709B7 CODE: 747f jz 0x77a70a38
Eax=2 Ebx=3191FB4 Ecx=77305A70 Edx=3191FB4 Edi=2 Esi=77305A70 Ebp=327E334 Esp=327E328 Eip=77A709B7

ADDR: 77A709BE CODE: 7378 jae 0x77a70a38
Eax=2 Ebx=3191FB4 Ecx=77305A70 Edx=3191FB4 Edi=2 Esi=77305A70 Ebp=327E334 Esp=327E328 Eip=77A709BE

ADDR: 77305A83 CODE: 790d jns 0x77305a92
Eax=0 Ebx=75E4B498 Ecx=355A188 Edx=0 Edi=2 Esi=77305A70 Ebp=327E358 Esp=327E358 Eip=77305A83

ADDR: 778590DC CODE: 7454 jz 0x77859132
Eax=30E1272F Ebx=75E4B498 Ecx=1F Edx=0 Edi=2 Esi=772F00A0 Ebp=327E3CC Esp=327E370 Eip=778590DC

ADDR: 77A78DEB CODE: 730a jae 0x77a78df7
Eax=EE5E014 Ebx=75E4B498 Ecx=772F00A0 Edx=104000 Edi=2 Esi=772F00A0 Ebp=327E3CC Esp=327E368 Eip=77A78DEB

ADDR: 77A6C686 CODE: 743c jz 0x77a6c6c4
Eax=2 Ebx=75E4B498 Ecx=355A180 Edx=104000 Edi=2 Esi=3191000 Ebp=327E34C Esp=327E34C Eip=77A6C686

ADDR: 77A6C68D CODE: 7335 jae 0x77a6c6c4
Eax=2 Ebx=75E4B498 Ecx=355A180 Edx=104000 Edi=2 Esi=3191000 Ebp=327E34C Esp=327E34C Eip=77A6C68D

ADDR: 77A6C6AC CODE: 740c jz 0x77a6c6ba
Eax=355CAA0 Ebx=75E4B498 Ecx=355A180 Edx=0 Edi=2 Esi=2 Ebp=327E34C Esp=327E348 Eip=77A6C6AC

ADDR: 77A6C6B4 CODE: 7404 jz 0x77a6c6ba
Eax=355CAAC Ebx=75E4B498 Ecx=355A180 Edx=0 Edi=2 Esi=2 Ebp=327E34C Esp=327E348 Eip=77A6C6B4

ADDR: 772F00BD CODE: 791c jns 0x772f00db
Eax=0 Ebx=75E4B498 Ecx=327E360 Edx=0 Edi=2 Esi=3191000 Ebp=327E364 Esp=327E35C Eip=772F00BD

ADDR: 77A2E69A CODE: 7315 jae 0x77a2e6b1
Eax=77935C1C Ebx=75E4B498 Ecx=77935C18 Edx=3191000 Edi=75EC37E0 Esi=763BC8DC Ebp=327E33C Esp=327E338 Eip=77A2E69A

ADDR: 778597A6 CODE: 0f8454720500 jz 0x778b0a00
Eax=327E3AC Ebx=763BC8DC Ecx=327E398 Edx=3191000 Edi=75EC37E0 Esi=763BC8DC Ebp=327E340 Esp=327E320 Eip=778597A6

ADDR: 778597D3 CODE: 7479 jz 0x7785984e
Eax=327E3AC Ebx=356E680 Ecx=1F Edx=B76A77F Edi=356E280 Esi=356E4B4 Ebp=327E340 Esp=327E320 Eip=778597D3

ADDR: 77A27B53 CODE: 746e jz 0x77a27bc3
Eax=FFFFFFFE Ebx=77935C18 Ecx=FFFFFFFF Edx=B76A77F Edi=77935C1C Esi=FFFFFFFE Ebp=327E338 Esp=327E324 Eip=77A27B53

ADDR: 778594A4 CODE: 7458 jz 0x778594fe
Eax=30EE8A47 Ebx=75E4B498 Ecx=1F Edx=B76A77F Edi=2 Esi=77305A70 Ebp=327E37C Esp=327E364 Eip=778594A4

ADDR: 77A78DEB CODE: 730a jae 0x77a78df7
Eax=EE60B4E Ebx=75E4B498 Ecx=77305A70 Edx=404000 Edi=2 Esi=77305A70 Ebp=327E37C Esp=327E358 Eip=77A78DEB

ADDR: 77A709B7 CODE: 747f jz 0x77a70a38
Eax=2 Ebx=3191FB4 Ecx=77305A70 Edx=3191FB4 Edi=2 Esi=77305A70 Ebp=327E330 Esp=327E324 Eip=77A709B7

ADDR: 77A709BE CODE: 7378 jae 0x77a70a38
Eax=2 Ebx=3191FB4 Ecx=77305A70 Edx=3191FB4 Edi=2 Esi=77305A70 Ebp=327E330 Esp=327E324 Eip=77A709BE

ADDR: 77305A83 CODE: 790d jns 0x77305a92
Eax=0 Ebx=75E4B498 Ecx=355A188 Edx=0 Edi=2 Esi=77305A70 Ebp=327E354 Esp=327E354 Eip=77305A83

ADDR: 77862C46 CODE: 740a jz 0x77862c52
Eax=0 Ebx=75E4B498 Ecx=75EC380E Edx=0 Edi=75EC3820 Esi=75E4B42C Ebp=327E430 Esp=327E424 Eip=77862C46

ADDR: 77A78DEB CODE: 730a jae 0x77a78df7
Eax=EBD8704 Ebx=75E4B498 Ecx=75EC3820 Edx=10111010 Edi=75EC3820 Esi=75E4B42C Ebp=327E430 Esp=327E420 Eip=77A78DEB

ADDR: 778595B4 CODE: 7458 jz 0x7785960e
Eax=30EE8A47 Ebx=75E4B498 Ecx=1F Edx=763BC8DC Edi=2 Esi=77305A70 Ebp=327E380 Esp=327E368 Eip=778595B4

ADDR: 77A78DEB CODE: 730a jae 0x77a78df7
Eax=EE60B4E Ebx=75E4B498 Ecx=77305A70 Edx=404000 Edi=2 Esi=77305A70 Ebp=327E380 Esp=327E35C Eip=77A78DEB

ADDR: 77A709B7 CODE: 747f jz 0x77a70a38
Eax=2 Ebx=3191FB4 Ecx=77305A70 Edx=3191FB4 Edi=2 Esi=77305A70 Ebp=327E334 Esp=327E328 Eip=77A709B7

ADDR: 77A709BE CODE: 7378 jae 0x77a70a38
Eax=2 Ebx=3191FB4 Ecx=77305A70 Edx=3191FB4 Edi=2 Esi=77305A70 Ebp=327E334 Esp=327E328 Eip=77A709BE

ADDR: 77305A83 CODE: 790d jns 0x77305a92
Eax=0 Ebx=75E4B498 Ecx=355A188 Edx=0 Edi=2 Esi=77305A70 Ebp=327E358 Esp=327E358 Eip=77305A83

ADDR: 778590DC CODE: 7454 jz 0x77859132
Eax=30E1272F Ebx=75E4B498 Ecx=1F Edx=0 Edi=2 Esi=772F00A0 Ebp=327E3CC Esp=327E370 Eip=778590DC

ADDR: 77A78DEB CODE: 730a jae 0x77a78df7
Eax=EE5E014 Ebx=75E4B498 Ecx=772F00A0 Edx=104000 Edi=2 Esi=772F00A0 Ebp=327E3CC Esp=327E368 Eip=77A78DEB

ADDR: 77A6C686 CODE: 743c jz 0x77a6c6c4
Eax=2 Ebx=75E4B498 Ecx=355A180 Edx=104000 Edi=2 Esi=3191000 Ebp=327E34C Esp=327E34C Eip=77A6C686

ADDR: 77A6C68D CODE: 7335 jae 0x77a6c6c4
Eax=2 Ebx=75E4B498 Ecx=355A180 Edx=104000 Edi=2 Esi=3191000 Ebp=327E34C Esp=327E34C Eip=77A6C68D

ADDR: 77A6C6AC CODE: 740c jz 0x77a6c6ba
Eax=355CAA0 Ebx=75E4B498 Ecx=355A180 Edx=0 Edi=2 Esi=2 Ebp=327E34C Esp=327E348 Eip=77A6C6AC

ADDR: 77A6C6B4 CODE: 7404 jz 0x77a6c6ba
Eax=355CAAC Ebx=75E4B498 Ecx=355A180 Edx=0 Edi=2 Esi=2 Ebp=327E34C Esp=327E348 Eip=77A6C6B4

ADDR: 772F00BD CODE: 791c jns 0x772f00db
Eax=0 Ebx=75E4B498 Ecx=327E360 Edx=0 Edi=2 Esi=3191000 Ebp=327E364 Esp=327E35C Eip=772F00BD

ADDR: 77A2E69A CODE: 7315 jae 0x77a2e6b1
Eax=77935C1C Ebx=75E4B498 Ecx=77935C18 Edx=3191000 Edi=75EC3820 Esi=763BC8DC Ebp=327E33C Esp=327E338 Eip=77A2E69A

ADDR: 778597A6 CODE: 0f8454720500 jz 0x778b0a00
Eax=327E3AC Ebx=763BC8DC Ecx=327E398 Edx=3191000 Edi=75EC3820 Esi=763BC8DC Ebp=327E340 Esp=327E320 Eip=778597A6

ADDR: 778597D3 CODE: 7479 jz 0x7785984e
Eax=327E3AC Ebx=356E680 Ecx=1F Edx=B76A77F Edi=356E280 Esi=356E4B8 Ebp=327E340 Esp=327E320 Eip=778597D3

ADDR: 77A27B53 CODE: 746e jz 0x77a27bc3
Eax=FFFFFFFE Ebx=77935C18 Ecx=FFFFFFFF Edx=B76A77F Edi=77935C1C Esi=FFFFFFFE Ebp=327E338 Esp=327E324 Eip=77A27B53

ADDR: 778594A4 CODE: 7458 jz 0x778594fe
Eax=30EE8A47 Ebx=75E4B498 Ecx=1F Edx=B76A77F Edi=2 Esi=77305A70 Ebp=327E37C Esp=327E364 Eip=778594A4

ADDR: 77A78DEB CODE: 730a jae 0x77a78df7
Eax=EE60B4E Ebx=75E4B498 Ecx=77305A70 Edx=404000 Edi=2 Esi=77305A70 Ebp=327E37C Esp=327E358 Eip=77A78DEB

ADDR: 77A709B7 CODE: 747f jz 0x77a70a38
Eax=2 Ebx=3191FB4 Ecx=77305A70 Edx=3191FB4 Edi=2 Esi=77305A70 Ebp=327E330 Esp=327E324 Eip=77A709B7

ADDR: 77A709BE CODE: 7378 jae 0x77a70a38
Eax=2 Ebx=3191FB4 Ecx=77305A70 Edx=3191FB4 Edi=2 Esi=77305A70 Ebp=327E330 Esp=327E324 Eip=77A709BE

ADDR: 77305A83 CODE: 790d jns 0x77305a92
Eax=0 Ebx=75E4B498 Ecx=355A188 Edx=0 Edi=2 Esi=77305A70 Ebp=327E354 Esp=327E354 Eip=77305A83

ADDR: 77862C46 CODE: 740a jz 0x77862c52
Eax=0 Ebx=75E4B498 Ecx=75EC384E Edx=0 Edi=75EC3860 Esi=75E4B430 Ebp=327E430 Esp=327E424 Eip=77862C46

ADDR: 77A78DEB CODE: 730a jae 0x77a78df7
Eax=EBD870C Ebx=75E4B498 Ecx=75EC3860 Edx=10111010 Edi=75EC3860 Esi=75E4B430 Ebp=327E430 Esp=327E420 Eip=77A78DEB

ADDR: 778595B4 CODE: 7458 jz 0x7785960e
Eax=30EE8A47 Ebx=75E4B498 Ecx=1F Edx=763BC8DC Edi=2 Esi=77305A70 Ebp=327E3A0 Esp=327E388 Eip=778595B4

ADDR: 77A78DEB CODE: 730a jae 0x77a78df7
Eax=EE60B4E Ebx=75E4B498 Ecx=77305A70 Edx=404000 Edi=2 Esi=77305A70 Ebp=327E3A0 Esp=327E37C Eip=77A78DEB

ADDR: 77A709B7 CODE: 747f jz 0x77a70a38
Eax=2 Ebx=3191FB4 Ecx=77305A70 Edx=3191FB4 Edi=2 Esi=77305A70 Ebp=327E354 Esp=327E348 Eip=77A709B7

ADDR: 77A709BE CODE: 7378 jae 0x77a70a38
Eax=2 Ebx=3191FB4 Ecx=77305A70 Edx=3191FB4 Edi=2 Esi=77305A70 Ebp=327E354 Esp=327E348 Eip=77A709BE

ADDR: 77305A83 CODE: 790d jns 0x77305a92
Eax=0 Ebx=75E4B498 Ecx=355A188 Edx=0 Edi=2 Esi=77305A70 Ebp=327E378 Esp=327E378 Eip=77305A83

ADDR: 778590DC CODE: 7454 jz 0x77859132
Eax=30E1272F Ebx=75E4B498 Ecx=1F Edx=0 Edi=2 Esi=772F00A0 Ebp=327E3EC Esp=327E390 Eip=778590DC

ADDR: 77A78DEB CODE: 730a jae 0x77a78df7
Eax=EE5E014 Ebx=75E4B498 Ecx=772F00A0 Edx=104000 Edi=2 Esi=772F00A0 Ebp=327E3EC Esp=327E388 Eip=77A78DEB

ADDR: 77A6C686 CODE: 743c jz 0x77a6c6c4
Eax=2 Ebx=75E4B498 Ecx=355A180 Edx=104000 Edi=2 Esi=3191000 Ebp=327E36C Esp=327E36C Eip=77A6C686

ADDR: 77A6C68D CODE: 7335 jae 0x77a6c6c4
Eax=2 Ebx=75E4B498 Ecx=355A180 Edx=104000 Edi=2 Esi=3191000 Ebp=327E36C Esp=327E36C Eip=77A6C68D

ADDR: 77A6C6AC CODE: 740c jz 0x77a6c6ba
Eax=355CAA0 Ebx=75E4B498 Ecx=355A180 Edx=0 Edi=2 Esi=2 Ebp=327E36C Esp=327E368 Eip=77A6C6AC

ADDR: 77A6C6B4 CODE: 7404 jz 0x77a6c6ba
Eax=355CAAC Ebx=75E4B498 Ecx=355A180 Edx=0 Edi=2 Esi=2 Ebp=327E36C Esp=327E368 Eip=77A6C6B4

ADDR: 772F00BD CODE: 791c jns 0x772f00db
Eax=0 Ebx=75E4B498 Ecx=327E380 Edx=0 Edi=2 Esi=3191000 Ebp=327E384 Esp=327E37C Eip=772F00BD

ADDR: 77A2E69A CODE: 7315 jae 0x77a2e6b1
Eax=77935C1C Ebx=75E4B498 Ecx=77935C18 Edx=3191000 Edi=75EC3860 Esi=763BC8DC Ebp=327E35C Esp=327E358 Eip=77A2E69A

ADDR: 778597A6 CODE: 0f8454720500 jz 0x778b0a00
Eax=327E3CC Ebx=763BC8DC Ecx=327E3B8 Edx=3191000 Edi=75EC3860 Esi=763BC8DC Ebp=327E360 Esp=327E340 Eip=778597A6

ADDR: 778597D3 CODE: 7479 jz 0x7785984e
Eax=327E3CC Ebx=356E680 Ecx=1F Edx=B76A77F Edi=356E280 Esi=356E4BC Ebp=327E360 Esp=327E340 Eip=778597D3

ADDR: 77A27B53 CODE: 746e jz 0x77a27bc3
Eax=FFFFFFFE Ebx=77935C18 Ecx=FFFFFFFF Edx=B76A77F Edi=77935C1C Esi=FFFFFFFE Ebp=327E358 Esp=327E344 Eip=77A27B53

ADDR: 778594A4 CODE: 7458 jz 0x778594fe
Eax=30EE8A47 Ebx=75E4B498 Ecx=1F Edx=B76A77F Edi=2 Esi=77305A70 Ebp=327E39C Esp=327E384 Eip=778594A4

ADDR: 77A78DEB CODE: 730a jae 0x77a78df7
Eax=EE60B4E Ebx=75E4B498 Ecx=77305A70 Edx=404000 Edi=2 Esi=77305A70 Ebp=327E39C Esp=327E378 Eip=77A78DEB

ADDR: 77A709B7 CODE: 747f jz 0x77a70a38
Eax=2 Ebx=3191FB4 Ecx=77305A70 Edx=3191FB4 Edi=2 Esi=77305A70 Ebp=327E350 Esp=327E344 Eip=77A709B7

ADDR: 77A709BE CODE: 7378 jae 0x77a70a38
Eax=2 Ebx=3191FB4 Ecx=77305A70 Edx=3191FB4 Edi=2 Esi=77305A70 Ebp=327E350 Esp=327E344 Eip=77A709BE

ADDR: 77305A83 CODE: 790d jns 0x77305a92
Eax=0 Ebx=75E4B498 Ecx=355A188 Edx=0 Edi=2 Esi=77305A70 Ebp=327E374 Esp=327E374 Eip=77305A83

ADDR: 77862C46 CODE: 740a jz 0x77862c52
Eax=0 Ebx=75E4B498 Ecx=7604EC70 Edx=0 Edi=75EC3880 Esi=75E4B434 Ebp=327E430 Esp=327E424 Eip=77862C46

ADDR: 77A78DEB CODE: 730a jae 0x77a78df7
Eax=EBD8710 Ebx=75E4B498 Ecx=75EC3880 Edx=10111010 Edi=75EC3880 Esi=75E4B434 Ebp=327E430 Esp=327E420 Eip=77A78DEB

ADDR: 77862C46 CODE: 740a jz 0x77862c52
Eax=EBD8710 Ebx=75E4B498 Ecx=75EC3880 Edx=10111010 Edi=75EC38A0 Esi=75E4B438 Ebp=327E430 Esp=327E424 Eip=77862C46

ADDR: 77A78DEB CODE: 730a jae 0x77a78df7
Eax=EBD8714 Ebx=75E4B498 Ecx=75EC38A0 Edx=10111010 Edi=75EC38A0 Esi=75E4B438 Ebp=327E430 Esp=327E420 Eip=77A78DEB

ADDR: 778595B4 CODE: 7458 jz 0x7785960e
Eax=30EE8A47 Ebx=75E4B498 Ecx=1F Edx=763BC8DC Edi=2 Esi=77305A70 Ebp=327E380 Esp=327E368 Eip=778595B4

ADDR: 77A78DEB CODE: 730a jae 0x77a78df7
Eax=EE60B4E Ebx=75E4B498 Ecx=77305A70 Edx=404000 Edi=2 Esi=77305A70 Ebp=327E380 Esp=327E35C Eip=77A78DEB

ADDR: 77A709B7 CODE: 747f jz 0x77a70a38
Eax=2 Ebx=3191FB4 Ecx=77305A70 Edx=3191FB4 Edi=2 Esi=77305A70 Ebp=327E334 Esp=327E328 Eip=77A709B7

ADDR: 77A709BE CODE: 7378 jae 0x77a70a38
Eax=2 Ebx=3191FB4 Ecx=77305A70 Edx=3191FB4 Edi=2 Esi=77305A70 Ebp=327E334 Esp=327E328 Eip=77A709BE

ADDR: 77305A83 CODE: 790d jns 0x77305a92
Eax=0 Ebx=75E4B498 Ecx=355A188 Edx=0 Edi=2 Esi=77305A70 Ebp=327E358 Esp=327E358 Eip=77305A83

ADDR: 778590DC CODE: 7454 jz 0x77859132
Eax=30E1272F Ebx=75E4B498 Ecx=1F Edx=0 Edi=2 Esi=772F00A0 Ebp=327E3CC Esp=327E370 Eip=778590DC

ADDR: 77A78DEB CODE: 730a jae 0x77a78df7
Eax=EE5E014 Ebx=75E4B498 Ecx=772F00A0 Edx=104000 Edi=2 Esi=772F00A0 Ebp=327E3CC Esp=327E368 Eip=77A78DEB

ADDR: 77A6C686 CODE: 743c jz 0x77a6c6c4
Eax=2 Ebx=75E4B498 Ecx=355A180 Edx=104000 Edi=2 Esi=3191000 Ebp=327E34C Esp=327E34C Eip=77A6C686

ADDR: 77A6C68D CODE: 7335 jae 0x77a6c6c4
Eax=2 Ebx=75E4B498 Ecx=355A180 Edx=104000 Edi=2 Esi=3191000 Ebp=327E34C Esp=327E34C Eip=77A6C68D

ADDR: 77A6C6AC CODE: 740c jz 0x77a6c6ba
Eax=355CAA0 Ebx=75E4B498 Ecx=355A180 Edx=0 Edi=2 Esi=2 Ebp=327E34C Esp=327E348 Eip=77A6C6AC

ADDR: 77A6C6B4 CODE: 7404 jz 0x77a6c6ba
Eax=355CAAC Ebx=75E4B498 Ecx=355A180 Edx=0 Edi=2 Esi=2 Ebp=327E34C Esp=327E348 Eip=77A6C6B4

ADDR: 772F00BD CODE: 791c jns 0x772f00db
Eax=0 Ebx=75E4B498 Ecx=327E360 Edx=0 Edi=2 Esi=3191000 Ebp=327E364 Esp=327E35C Eip=772F00BD

ADDR: 77A2E69A CODE: 7315 jae 0x77a2e6b1
Eax=77935C1C Ebx=75E4B498 Ecx=77935C18 Edx=3191000 Edi=75EC38A0 Esi=763BC8DC Ebp=327E33C Esp=327E338 Eip=77A2E69A

ADDR: 778597A6 CODE: 0f8454720500 jz 0x778b0a00
Eax=327E3AC Ebx=763BC8DC Ecx=327E398 Edx=3191000 Edi=75EC38A0 Esi=763BC8DC Ebp=327E340 Esp=327E320 Eip=778597A6

ADDR: 778597D3 CODE: 7479 jz 0x7785984e
Eax=327E3AC Ebx=356E680 Ecx=1F Edx=B76A77F Edi=356E280 Esi=356E4C0 Ebp=327E340 Esp=327E320 Eip=778597D3

ADDR: 77A27B53 CODE: 746e jz 0x77a27bc3
Eax=FFFFFFFE Ebx=77935C18 Ecx=FFFFFFFF Edx=B76A77F Edi=77935C1C Esi=FFFFFFFE Ebp=327E338 Esp=327E324 Eip=77A27B53

ADDR: 778594A4 CODE: 7458 jz 0x778594fe
Eax=30EE8A47 Ebx=75E4B498 Ecx=1F Edx=B76A77F Edi=2 Esi=77305A70 Ebp=327E37C Esp=327E364 Eip=778594A4

ADDR: 77A78DEB CODE: 730a jae 0x77a78df7
Eax=EE60B4E Ebx=75E4B498 Ecx=77305A70 Edx=404000 Edi=2 Esi=77305A70 Ebp=327E37C Esp=327E358 Eip=77A78DEB

ADDR: 77A709B7 CODE: 747f jz 0x77a70a38
Eax=2 Ebx=3191FB4 Ecx=77305A70 Edx=3191FB4 Edi=2 Esi=77305A70 Ebp=327E330 Esp=327E324 Eip=77A709B7

ADDR: 77A709BE CODE: 7378 jae 0x77a70a38
Eax=2 Ebx=3191FB4 Ecx=77305A70 Edx=3191FB4 Edi=2 Esi=77305A70 Ebp=327E330 Esp=327E324 Eip=77A709BE

ADDR: 77305A83 CODE: 790d jns 0x77305a92
Eax=0 Ebx=75E4B498 Ecx=355A188 Edx=0 Edi=2 Esi=77305A70 Ebp=327E354 Esp=327E354 Eip=77305A83

ADDR: 77862C46 CODE: 740a jz 0x77862c52
Eax=0 Ebx=75E4B498 Ecx=75EC38CE Edx=0 Edi=75EC38E0 Esi=75E4B43C Ebp=327E430 Esp=327E424 Eip=77862C46

ADDR: 77A78DEB CODE: 730a jae 0x77a78df7
Eax=EBD871C Ebx=75E4B498 Ecx=75EC38E0 Edx=10111010 Edi=75EC38E0 Esi=75E4B43C Ebp=327E430 Esp=327E420 Eip=77A78DEB

ADDR: 77862C46 CODE: 740a jz 0x77862c52
Eax=5 Ebx=75E4B498 Ecx=0 Edx=10111010 Edi=75EC3950 Esi=75E4B440 Ebp=327E430 Esp=327E424 Eip=77862C46

ADDR: 77A78DEB CODE: 730a jae 0x77a78df7
Eax=EBD872A Ebx=75E4B498 Ecx=75EC3950 Edx=44444400 Edi=75EC3950 Esi=75E4B440 Ebp=327E430 Esp=327E420 Eip=77A78DEB

ADDR: 77A2EA1E CODE: 0f83d9010000 jae 0x77a2ebfd
Eax=0 Ebx=75E4B498 Ecx=75EC3950 Edx=44444400 Edi=77B07B80 Esi=77B07B80 Ebp=327E33C Esp=327E2E0 Eip=77A2EA1E

ADDR: 77A16716 CODE: 741e jz 0x77a16736
Eax=0 Ebx=75E4B498 Ecx=75EC3950 Edx=44444400 Edi=77B07AA0 Esi=77B07B80 Ebp=327E414 Esp=327E344 Eip=77A16716

ADDR: 77A17916 CODE: 0f84cc860600 jz 0x77a7ffe8
Eax=77B07AA0 Ebx=75E4B498 Ecx=75EC3950 Edx=44444400 Edi=75EC3950 Esi=77B07AA0 Ebp=327E414 Esp=327E358 Eip=77A17916

ADDR: 77A27C5F CODE: 743d jz 0x77a27c9e
Eax=3550000 Ebx=0 Ecx=2D Edx=9468B0 Edi=35A6700 Esi=35A6A35 Ebp=327ECDC Esp=327ECD0 Eip=77A27C5F

ADDR: 77A27C66 CODE: 0f8460b70500 jz 0x77a833cc
Eax=3550000 Ebx=0 Ecx=2D Edx=9468B0 Edi=35A6700 Esi=3550000 Ebp=327ECDC Esp=327ECD0 Eip=77A27C66

ADDR: 77A27C77 CODE: 0f8465b70500 jz 0x77a833e2
Eax=3550000 Ebx=0 Ecx=3550000 Edx=35A6700 Edi=35A6700 Esi=3550000 Ebp=327ECDC Esp=327ECD0 Eip=77A27C77

ADDR: 77A6E4E4 CODE: 7409 jz 0x77a6e4ef
Eax=0 Ebx=0 Ecx=3550000 Edx=35A6700 Edi=0 Esi=3550000 Ebp=327ECBC Esp=327EC70 Eip=77A6E4E4

ADDR: 77A6E68F CODE: 0f8ddb040000 jge 0x77a6eb70
Eax=0 Ebx=0 Ecx=3550000 Edx=35A6700 Edi=35A66F8 Esi=3550000 Ebp=327ECBC Esp=327EC70 Eip=77A6E68F

ADDR: 77A27DB3 CODE: 7435 jz 0x77a27dea
Eax=35A66F8 Ebx=0 Ecx=3550000 Edx=2 Edi=3550000 Esi=3550000 Ebp=327EC60 Esp=327EB38 Eip=77A27DB3

ADDR: 77A27DFA CODE: 7415 jz 0x77a27e11
Eax=0 Ebx=0 Ecx=3550000 Edx=2 Edi=3550000 Esi=3 Ebp=327EC60 Esp=327EB38 Eip=77A27DFA

ADDR: 77A27E19 CODE: 7439 jz 0x77a27e54
Eax=7FFE0380 Ebx=0 Ecx=3550000 Edx=2 Edi=3550000 Esi=3 Ebp=327EC60 Esp=327EB38 Eip=77A27E19

ADDR: 77A27E7C CODE: 731f jae 0x77a27e9d
Eax=355025C Ebx=35A66F8 Ecx=3550258 Edx=3191000 Edi=3550000 Esi=3 Ebp=327EC60 Esp=327EB38 Eip=77A27E7C

ADDR: 77A27F2F CODE: 741c jz 0x77a27f4d
Eax=4720 Ebx=35A66F8 Ecx=3550258 Edx=3191000 Edi=3550000 Esi=3 Ebp=327EC60 Esp=327EB38 Eip=77A27F2F

ADDR: 77A27F41 CODE: 740a jz 0x77a27f4d
Eax=C89EF969 Ebx=35A66F8 Ecx=3550258 Edx=3191000 Edi=3550000 Esi=3 Ebp=327EC60 Esp=327EB38 Eip=77A27F41

ADDR: 77A27F5B CODE: 7304 jae 0x77a27f61
Eax=3550270 Ebx=35A66F8 Ecx=68 Edx=3191000 Edi=3550000 Esi=80 Ebp=327EC60 Esp=327EB38 Eip=77A27F5B

ADDR: 77A27F6C CODE: 731d jae 0x77a27f8b
Eax=3550270 Ebx=35A66F8 Ecx=68 Edx=68 Edi=3550000 Esi=80 Ebp=327EC60 Esp=327EB38 Eip=77A27F6C

ADDR: 77A27F79 CODE: 7402 jz 0x77a27f7d
Eax=3550270 Ebx=35A66F8 Ecx=68 Edx=68 Edi=3550000 Esi=80 Ebp=327EC60 Esp=327EB38 Eip=77A27F79

ADDR: 77A27FC4 CODE: 7404 jz 0x77a27fca
Eax=3550401 Ebx=35A66F8 Ecx=68 Edx=68 Edi=3550000 Esi=35A66FA Ebp=327EC60 Esp=327EB38 Eip=77A27FC4

ADDR: 77A27FCE CODE: 0f84db0e0000 jz 0x77a28eaf
Eax=3550401 Ebx=35A66F8 Ecx=68 Edx=68 Edi=3550000 Esi=35A66FA Ebp=327EC60 Esp=327EB38 Eip=77A27FCE

ADDR: 77A27FDE CODE: 7335 jae 0x77a28015
Eax=68 Ebx=35A66F8 Ecx=68 Edx=68 Edi=3550000 Esi=35A66FA Ebp=327EC60 Esp=327EB38 Eip=77A27FDE

ADDR: 77A2800F CODE: 7604 jbe 0x77a28015
Eax=61 Ebx=35A66F8 Ecx=3552760 Edx=0 Edi=3550000 Esi=35A66FA Ebp=327EC60 Esp=327EB38 Eip=77A2800F

ADDR: 77A28098 CODE: 0f8402030000 jz 0x77a283a0
Eax=8EF6 Ebx=35A66F8 Ecx=228 Edx=68 Edi=3550000 Esi=35A64D0 Ebp=327EC60 Esp=327EB38 Eip=77A28098

ADDR: 77A283AA CODE: 7447 jz 0x77a283f3
Eax=9F Ebx=35A66F8 Ecx=100000 Edx=68 Edi=3550000 Esi=35A6A38 Ebp=327EC60 Esp=327EB38 Eip=77A283AA

ADDR: 77A283D2 CODE: 741c jz 0x77a283f0
Eax=B10004 Ebx=35A66F8 Ecx=B1B1 Edx=B1 Edi=3550000 Esi=35A6A38 Ebp=327EC60 Esp=327EB38 Eip=77A283D2

ADDR: 77A2840F CODE: 7426 jz 0x77a28437
Eax=9E Ebx=35A66F8 Ecx=100000 Edx=68 Edi=3550000 Esi=35A6A38 Ebp=327EC60 Esp=327EB38 Eip=77A2840F

ADDR: 77A2842B CODE: 740a jz 0x77a28437
Eax=B10004 Ebx=35A66F8 Ecx=B1B1 Edx=B1 Edi=3550000 Esi=35A6A38 Ebp=327EC60 Esp=327EB38 Eip=77A2842B

ADDR: 77A2843B CODE: 0f8463010000 jz 0x77a285a4
Eax=B10004 Ebx=35A66F8 Ecx=B1B1 Edx=B1 Edi=3550000 Esi=35A6A38 Ebp=327EC60 Esp=327EB38 Eip=77A2843B

ADDR: 77A285DB CODE: 0f840c010000 jz 0x77a286ed
Eax=4B5 Ebx=35A66F8 Ecx=3550270 Edx=35A6A40 Edi=3550000 Esi=35A6A38 Ebp=327EC60 Esp=327EB38 Eip=77A285DB

ADDR: 77A285EF CODE: 7308 jae 0x77a285f9
Eax=4B5 Ebx=35A66F8 Ecx=3550270 Edx=35A6A40 Edi=3550000 Esi=80 Ebp=327EC60 Esp=327EB38 Eip=77A285EF

ADDR: 77A285EF CODE: 7308 jae 0x77a285f9
Eax=4B5 Ebx=35A66F8 Ecx=35536A0 Edx=35A6A40 Edi=3550000 Esi=800 Ebp=327EC60 Esp=327EB38 Eip=77A285EF

ADDR: 77A28674 CODE: 0f83d7000000 jae 0x77a28751
Eax=7FF Ebx=35A66F8 Ecx=35536A0 Edx=435 Edi=3550000 Esi=35500C0 Ebp=327EC60 Esp=327EB38 Eip=77A28674

ADDR: 77A2867D CODE: 0f849f000000 jz 0x77a28722
Eax=7FF Ebx=35A66F8 Ecx=35536A0 Edx=435 Edi=3550000 Esi=35500C0 Ebp=327EC60 Esp=327EB38 Eip=77A2867D

ADDR: 77A286FC CODE: 7474 jz 0x77a28772
Eax=35500C0 Ebx=35A66F8 Ecx=35A3EC0 Edx=FFDFFFFF Edi=3550000 Esi=35A6A38 Ebp=327EC60 Esp=327EB38 Eip=77A286FC

ADDR: 77A28778 CODE: 0f84ba000000 jz 0x77a28838
Eax=35500C0 Ebx=35A66F8 Ecx=35A3E00 Edx=FFDFFFFF Edi=3550000 Esi=35A6A38 Ebp=327EC60 Esp=327EB38 Eip=77A28778

ADDR: 77A28866 CODE: 7234 jb 0x77a2889c
Eax=8BAE Ebx=35A66F8 Ecx=51D Edx=51D Edi=3550000 Esi=35A6A38 Ebp=327EC60 Esp=327EB38 Eip=77A28866

ADDR: 77A288A4 CODE: 7629 jbe 0x77a288cf
Eax=5A9 Ebx=35A66F8 Ecx=51D Edx=51D Edi=3550000 Esi=35A6A38 Ebp=327EC60 Esp=327EB38 Eip=77A288A4

ADDR: 77A288D5 CODE: 0f8750050000 ja 0x77a28e2b
Eax=5A9 Ebx=35A66F8 Ecx=51D Edx=51D Edi=3550000 Esi=35A6A38 Ebp=327EC60 Esp=327EB38 Eip=77A288D5

ADDR: 77A288DF CODE: 0f844d040000 jz 0x77a28d32
Eax=5A9 Ebx=35A66F8 Ecx=51D Edx=51D Edi=3550000 Esi=35A6A38 Ebp=327EC60 Esp=327EB38 Eip=77A288DF

ADDR: 77A28904 CODE: 0f8489020000 jz 0x77a28b93
Eax=51D Ebx=35A66F8 Ecx=51D Edx=35500C0 Edi=3550000 Esi=3550270 Ebp=327EC60 Esp=327EB38 Eip=77A28904

ADDR: 77A28915 CODE: 720d jb 0x77a28924
Eax=51D Ebx=35A66F8 Ecx=80 Edx=35500C0 Edi=3550000 Esi=3550270 Ebp=327EC60 Esp=327EB38 Eip=77A28915

ADDR: 77A28915 CODE: 720d jb 0x77a28924
Eax=51D Ebx=35A66F8 Ecx=800 Edx=35500C0 Edi=3550000 Esi=35536A0 Ebp=327EC60 Esp=327EB38 Eip=77A28915

ADDR: 77A28963 CODE: 7438 jz 0x77a2899d
Eax=35A3EB8 Ebx=D69EF97F Ecx=800 Edx=35500C0 Edi=3550000 Esi=35536A0 Ebp=327EC60 Esp=327EB38 Eip=77A28963

ADDR: 77A28983 CODE: 7418 jz 0x77a2899d
Eax=1E Ebx=1E00001E Ecx=1E1E Edx=35500C0 Edi=3550000 Esi=35536A0 Ebp=327EC60 Esp=327EB38 Eip=77A28983

ADDR: 77A289AD CODE: 7e07 jle 0x77a289b6
Eax=1E Ebx=1E00001E Ecx=4FF Edx=35500C0 Edi=3550000 Esi=35536A0 Ebp=327EC60 Esp=327EB38 Eip=77A289AD

ADDR: 77A28B6C CODE: 740b jz 0x77a28b79
Eax=1E Ebx=35A66F8 Ecx=35500C0 Edx=35500C0 Edi=3550000 Esi=35536A0 Ebp=327EC60 Esp=327EB38 Eip=77A28B6C

ADDR: 77A28B9A CODE: 7439 jz 0x77a28bd5
Eax=1E Ebx=35A66F8 Ecx=35500C0 Edx=35500C0 Edi=3550000 Esi=51D Ebp=327EC60 Esp=327EB38 Eip=77A28B9A

ADDR: 77A28C11 CODE: 0f84f2000000 jz 0x77a28d09
Eax=51D Ebx=35A66F8 Ecx=3550270 Edx=35A3EC0 Edi=3550000 Esi=35500C0 Ebp=327EC60 Esp=327EB38 Eip=77A28C11

ADDR: 77A28C25 CODE: 7306 jae 0x77a28c2d
Eax=80 Ebx=35A66F8 Ecx=3550270 Edx=35A3EC0 Edi=3550000 Esi=51D Ebp=327EC60 Esp=327EB38 Eip=77A28C25

ADDR: 77A28C25 CODE: 7306 jae 0x77a28c2d
Eax=800 Ebx=35A66F8 Ecx=35536A0 Edx=35536A0 Edi=3550000 Esi=51D Ebp=327EC60 Esp=327EB38 Eip=77A28C25

ADDR: 77A28C78 CODE: 745f jz 0x77a28cd9
Eax=0 Ebx=35A66F8 Ecx=35536A0 Edx=49D Edi=3550000 Esi=51D Ebp=327EC60 Esp=327EB38 Eip=77A28C78

ADDR: 77A28D0D CODE: 0f8422010000 jz 0x77a28e35
Eax=35536C4 Ebx=35A66F8 Ecx=1D Edx=20000000 Edi=3550000 Esi=24 Ebp=327EC60 Esp=327EB38 Eip=77A28D0D

ADDR: 77A28E3A CODE: 7469 jz 0x77a28ea5
Eax=C89EF961 Ebx=35A66F8 Ecx=1D Edx=20000000 Edi=3550000 Esi=24 Ebp=327EC60 Esp=327EB38 Eip=77A28E3A

ADDR: 77A290B5 CODE: 7416 jz 0x77a290cd
Eax=C89EF961 Ebx=35A66F8 Ecx=1D Edx=20000000 Edi=3550000 Esi=0 Ebp=327EC60 Esp=327EB34 Eip=77A290B5

ADDR: 77A290D1 CODE: 0f84ba000000 jz 0x77a29191
Eax=C89EF961 Ebx=35A66F8 Ecx=1D Edx=20000000 Edi=3550000 Esi=0 Ebp=327EC60 Esp=327EB34 Eip=77A290D1

ADDR: 77A290F6 CODE: 762c jbe 0x77a29124
Eax=C89EF961 Ebx=35A66F8 Ecx=1D Edx=1 Edi=3550000 Esi=0 Ebp=327EC60 Esp=327EB34 Eip=77A290F6

ADDR: 77A29134 CODE: 7250 jb 0x77a29186
Eax=C89EF961 Ebx=35A66F8 Ecx=1D Edx=1 Edi=3550000 Esi=0 Ebp=327EC60 Esp=327EB34 Eip=77A29134

ADDR: 77A27B53 CODE: 746e jz 0x77a27bc3
Eax=FFFFFFFE Ebx=3550258 Ecx=FFFFFFFF Edx=1 Edi=355025C Esi=FFFFFFFE Ebp=327EB28 Esp=327EB14 Eip=77A27B53

ADDR: 77A6EB89 CODE: 7436 jz 0x77a6ebc1
Eax=1 Ebx=0 Ecx=19BAFD74 Edx=1 Edi=35A66F8 Esi=3550000 Ebp=327ECBC Esp=327EC70 Eip=77A6EB89

ADDR: 77A6EB90 CODE: 7405 jz 0x77a6eb97
Eax=0 Ebx=0 Ecx=19BAFD74 Edx=1 Edi=35A66F8 Esi=3550000 Ebp=327ECBC Esp=327EC70 Eip=77A6EB90

ADDR: 77A6EB9C CODE: 7402 jz 0x77a6eba0
Eax=0 Ebx=0 Ecx=19BAFD74 Edx=1 Edi=35A66F8 Esi=3550000 Ebp=327ECBC Esp=327EC70 Eip=77A6EB9C

ADDR: 77A6EBA9 CODE: 7413 jz 0x77a6ebbe
Eax=0 Ebx=0 Ecx=3550000 Edx=3550000 Edi=35A66F8 Esi=3550000 Ebp=327ECBC Esp=327EC70 Eip=77A6EBA9

ADDR: 933C26 CODE: 7d3c jge 0x933c64
Eax=1 Ebx=0 Ecx=3550000 Edx=3550000 Edi=35A6700 Esi=35A6A35 Ebp=327F9E8 Esp=327ECF0 Eip=933C26

ADDR: 933C92 CODE: 0f84b8020000 jz 0x933f50
Eax=318E000 Ebx=0 Ecx=946DB0 Edx=3550000 Edi=0 Esi=35A6A35 Ebp=327F9E8 Esp=327ECF0 Eip=933C92

ADDR: 77A78DEB CODE: 730a jae 0x77a78df7
Eax=ED15130 Ebx=0 Ecx=768A8980 Edx=55555555 Edi=0 Esi=768A8980 Ebp=327F9E8 Esp=327ECEC Eip=77A78DEB

ADDR: 77A27C5F CODE: 743d jz 0x77a27c9e
Eax=3550000 Ebx=0 Ecx=327EDD4 Edx=0 Edi=35A09E8 Esi=327EDD4 Ebp=327ECD4 Esp=327ECC8 Eip=77A27C5F

ADDR: 77A27C66 CODE: 0f8460b70500 jz 0x77a833cc
Eax=3550000 Ebx=0 Ecx=327EDD4 Edx=0 Edi=35A09E8 Esi=3550000 Ebp=327ECD4 Esp=327ECC8 Eip=77A27C66

ADDR: 77A27C77 CODE: 0f8465b70500 jz 0x77a833e2
Eax=3550000 Ebx=0 Ecx=3550000 Edx=35A09E8 Edi=35A09E8 Esi=3550000 Ebp=327ECD4 Esp=327ECC8 Eip=77A27C77

ADDR: 77A6E4E4 CODE: 7409 jz 0x77a6e4ef
Eax=0 Ebx=0 Ecx=3550000 Edx=35A09E8 Edi=0 Esi=3550000 Ebp=327ECB4 Esp=327EC68 Eip=77A6E4E4

ADDR: 77A6E68F CODE: 0f8ddb040000 jge 0x77a6eb70
Eax=0 Ebx=0 Ecx=3550000 Edx=35A09E8 Edi=35A09E0 Esi=3550000 Ebp=327ECB4 Esp=327EC68 Eip=77A6E68F

ADDR: 77A6E6C2 CODE: 0f8498040000 jz 0x77a6eb60
Eax=35A0640 Ebx=0 Ecx=358BCC8 Edx=35A09E8 Edi=35A09E0 Esi=3550000 Ebp=327ECB4 Esp=327EC68 Eip=77A6E6C2

ADDR: 77A6E706 CODE: 7417 jz 0x77a6e71f
Eax=35A09E0 Ebx=0 Ecx=33A0000 Edx=25 Edi=35A09E0 Esi=35A09B8 Ebp=327ECB4 Esp=327EC68 Eip=77A6E706

ADDR: 77A6E726 CODE: 7410 jz 0x77a6e738
Eax=0 Ebx=0 Ecx=33A0000 Edx=25 Edi=35A09E0 Esi=35A09B8 Ebp=327ECB4 Esp=327EC68 Eip=77A6E726

ADDR: 77A6E73F CODE: 741f jz 0x77a6e760
Eax=7FFE0380 Ebx=0 Ecx=33A0000 Edx=25 Edi=35A09E0 Esi=35A09B8 Ebp=327ECB4 Esp=327EC68 Eip=77A6E73F

ADDR: 77A6E7AC CODE: 7412 jz 0x77a6e7c0
Eax=250006 Ebx=0 Ecx=80250006 Edx=1 Edi=35A09E0 Esi=250006 Ebp=327ECB4 Esp=327EC68 Eip=77A6E7AC

ADDR: 77A6E7EF CODE: 743b jz 0x77a6e82c
Eax=35A065C Ebx=0 Ecx=25 Edx=1 Edi=358BCC8 Esi=250006 Ebp=327ECB4 Esp=327EC68 Eip=77A6E7EF

ADDR: 77A6EB90 CODE: 7405 jz 0x77a6eb97
Eax=0 Ebx=0 Ecx=1 Edx=1 Edi=358BCC8 Esi=3550000 Ebp=327ECB4 Esp=327EC68 Eip=77A6EB90

ADDR: 77A6EB9C CODE: 7402 jz 0x77a6eba0
Eax=0 Ebx=0 Ecx=1 Edx=1 Edi=358BCC8 Esi=3550000 Ebp=327ECB4 Esp=327EC68 Eip=77A6EB9C

ADDR: 77A6EBA9 CODE: 7413 jz 0x77a6ebbe
Eax=0 Ebx=0 Ecx=3550000 Edx=3550000 Edi=358BCC8 Esi=3550000 Ebp=327ECB4 Esp=327EC68 Eip=77A6EBA9

ADDR: 940C6E CODE: 7414 jz 0x940c84
Eax=1 Ebx=0 Ecx=327EDD0 Edx=3550000 Edi=0 Esi=327EDD0 Ebp=327F9E8 Esp=327ECE8 Eip=940C6E

ADDR: 77A27C5F CODE: 743d jz 0x77a27c9e
Eax=3550000 Ebx=0 Ecx=327EDD0 Edx=3550000 Edi=35A0988 Esi=327EDD0 Ebp=327ECD4 Esp=327ECC8 Eip=77A27C5F

ADDR: 77A27C66 CODE: 0f8460b70500 jz 0x77a833cc
Eax=3550000 Ebx=0 Ecx=327EDD0 Edx=3550000 Edi=35A0988 Esi=3550000 Ebp=327ECD4 Esp=327ECC8 Eip=77A27C66

ADDR: 77A27C77 CODE: 0f8465b70500 jz 0x77a833e2
Eax=3550000 Ebx=0 Ecx=3550000 Edx=35A0988 Edi=35A0988 Esi=3550000 Ebp=327ECD4 Esp=327ECC8 Eip=77A27C77

ADDR: 77A6E4E4 CODE: 7409 jz 0x77a6e4ef
Eax=0 Ebx=0 Ecx=3550000 Edx=35A0988 Edi=0 Esi=3550000 Ebp=327ECB4 Esp=327EC68 Eip=77A6E4E4

ADDR: 77A6E68F CODE: 0f8ddb040000 jge 0x77a6eb70
Eax=0 Ebx=0 Ecx=3550000 Edx=35A0988 Edi=35A0980 Esi=3550000 Ebp=327ECB4 Esp=327EC68 Eip=77A6E68F

ADDR: 77A6E6C2 CODE: 0f8498040000 jz 0x77a6eb60
Eax=35A0640 Ebx=0 Ecx=358BCC8 Edx=35A0988 Edi=35A0980 Esi=3550000 Ebp=327ECB4 Esp=327EC68 Eip=77A6E6C2

ADDR: 77A6E706 CODE: 7417 jz 0x77a6e71f
Eax=35A0980 Ebx=0 Ecx=33A0000 Edx=21 Edi=35A0980 Esi=35A0958 Ebp=327ECB4 Esp=327EC68 Eip=77A6E706

ADDR: 77A6E726 CODE: 7410 jz 0x77a6e738
Eax=0 Ebx=0 Ecx=33A0000 Edx=21 Edi=35A0980 Esi=35A0958 Ebp=327ECB4 Esp=327EC68 Eip=77A6E726

ADDR: 77A6E73F CODE: 741f jz 0x77a6e760
Eax=7FFE0380 Ebx=0 Ecx=33A0000 Edx=21 Edi=35A0980 Esi=35A0958 Ebp=327ECB4 Esp=327EC68 Eip=77A6E73F

ADDR: 77A6E7AC CODE: 7412 jz 0x77a6e7c0
Eax=250007 Ebx=0 Ecx=80250007 Edx=1 Edi=35A0980 Esi=250007 Ebp=327ECB4 Esp=327EC68 Eip=77A6E7AC

ADDR: 77A6E7EF CODE: 743b jz 0x77a6e82c
Eax=35A065C Ebx=0 Ecx=21 Edx=1 Edi=358BCC8 Esi=250007 Ebp=327ECB4 Esp=327EC68 Eip=77A6E7EF

ADDR: 77A6EB90 CODE: 7405 jz 0x77a6eb97
Eax=0 Ebx=0 Ecx=1 Edx=1 Edi=358BCC8 Esi=3550000 Ebp=327ECB4 Esp=327EC68 Eip=77A6EB90

ADDR: 77A6EB9C CODE: 7402 jz 0x77a6eba0
Eax=0 Ebx=0 Ecx=1 Edx=1 Edi=358BCC8 Esi=3550000 Ebp=327ECB4 Esp=327EC68 Eip=77A6EB9C

ADDR: 77A6EBA9 CODE: 7413 jz 0x77a6ebbe
Eax=0 Ebx=0 Ecx=3550000 Edx=3550000 Edi=358BCC8 Esi=3550000 Ebp=327ECB4 Esp=327EC68 Eip=77A6EBA9

ADDR: 933F70 CODE: 7906 jns 0x933f78
Eax=1 Ebx=0 Ecx=3550000 Edx=3550000 Edi=0 Esi=1 Ebp=327F9E8 Esp=327ECF0 Eip=933F70

ADDR: 77A24CFF CODE: 0f8426e60500 jz 0x77a8332b
Eax=140008 Ebx=40 Ecx=3550000 Edx=3550000 Edi=0 Esi=3550000 Ebp=327EC8C Esp=327EC80 Eip=77A24CFF

ADDR: 77A24D11 CODE: 0f842be60500 jz 0x77a83342
Eax=140008 Ebx=40 Ecx=3550000 Edx=4 Edi=0 Esi=3550000 Ebp=327EC8C Esp=327EC80 Eip=77A24D11

ADDR: 77A24E6C CODE: 760c jbe 0x77a24e7a
Eax=0 Ebx=3550000 Ecx=140008 Edx=4 Edi=4 Esi=3550000 Ebp=327EC70 Esp=327EBF8 Eip=77A24E6C

ADDR: 77A24E9D CODE: 742b jz 0x77a24eca
Eax=0 Ebx=3550000 Ecx=0 Edx=0 Edi=4 Esi=3550000 Ebp=327EC70 Esp=327EBF8 Eip=77A24E9D

ADDR: 77A24ED5 CODE: 7445 jz 0x77a24f1c
Eax=0 Ebx=3550000 Ecx=140008 Edx=0 Edi=4 Esi=0 Ebp=327EC70 Esp=327EBF8 Eip=77A24ED5

ADDR: 77A24F4B CODE: 0f87f5090000 ja 0x77a25946
Eax=4 Ebx=3550000 Ecx=140008 Edx=2 Edi=4 Esi=10 Ebp=327EC70 Esp=327EBF8 Eip=77A24F4B

ADDR: 77A24F6F CODE: 0f84ce090000 jz 0x77a25943
Eax=4 Ebx=3550000 Ecx=2 Edx=FC Edi=4 Esi=10 Ebp=327EC70 Esp=327EBF8 Eip=77A24F6F

ADDR: 77A24FAE CODE: 744c jz 0x77a24ffc
Eax=3552600 Ebx=33A01C0 Ecx=0 Edx=33A0000 Edi=4 Esi=10 Ebp=327EC70 Esp=327EBF8 Eip=77A24FAE

ADDR: 77A25057 CODE: 0f84bb010000 jz 0x77a25218
Eax=3555D98 Ebx=33A01C0 Ecx=33A0A98 Edx=33A0000 Edi=4 Esi=10 Ebp=327EC70 Esp=327EBF8 Eip=77A25057

ADDR: 77A25077 CODE: 797c jns 0x77a250f5
Eax=35 Ebx=3555DA8 Ecx=33A07D0 Edx=33A0000 Edi=33A0000 Esi=10 Ebp=327EC70 Esp=327EBF8 Eip=77A25077

ADDR: 77A25118 CODE: 0f84c7000000 jz 0x77a251e5
Eax=35 Ebx=3555DA8 Ecx=33A07D0 Edx=0 Edi=64 Esi=350020 Ebp=327EC70 Esp=327EBF8 Eip=77A25118

ADDR: 77A2512E CODE: 740a jz 0x77a2513a
Eax=350020 Ebx=3555DA8 Ecx=80350020 Edx=0 Edi=64 Esi=350020 Ebp=327EC70 Esp=327EBF8 Eip=77A2512E

ADDR: 77A2513D CODE: 0f84a2000000 jz 0x77a251e5
Eax=350020 Ebx=3555DA8 Ecx=80350020 Edx=0 Edi=64 Esi=350020 Ebp=327EC70 Esp=327EBF8 Eip=77A2513D

ADDR: 77A2514E CODE: 0f848f000000 jz 0x77a251e3
Eax=3589AC8 Ebx=3555DA8 Ecx=3555D98 Edx=0 Edi=64 Esi=350020 Ebp=327EC70 Esp=327EBF8 Eip=77A2514E

ADDR: 77A25162 CODE: 747f jz 0x77a251e3
Eax=33A0A98 Ebx=3555DA8 Ecx=3555D98 Edx=0 Edi=64 Esi=350020 Ebp=327EC70 Esp=327EBF8 Eip=77A25162

ADDR: 77A45F14 CODE: 741a jz 0x77a45f30
Eax=CF Ebx=3555DA8 Ecx=DE Edx=CFDE Edi=DE Esi=3191000 Ebp=327EBF0 Esp=327EBE4 Eip=77A45F14

ADDR: 77A7545A CODE: 730d jae 0x77a75469
Eax=3589ADC Ebx=3555DA8 Ecx=3589AE4 Edx=35 Edi=FFFFFFFF Esi=3D Ebp=327EBE8 Esp=327EBD8 Eip=77A7545A

ADDR: 77A75480 CODE: 7405 jz 0x77a75487
Eax=3589AE8 Ebx=3589AE8 Ecx=3589AE4 Edx=3589AE8 Edi=FFFFFFFF Esi=3D Ebp=327EBE8 Esp=327EBD8 Eip=77A75480

ADDR: 77A754A7 CODE: 7313 jae 0x77a754bc
Eax=3589AE8 Ebx=0 Ecx=20 Edx=3589AE4 Edi=FFFFFFFF Esi=8 Ebp=327EBE8 Esp=327EBD8 Eip=77A754A7

ADDR: 77A251C3 CODE: 7422 jz 0x77a251e7
Eax=3589B48 Ebx=3555DA8 Ecx=100028 Edx=3589AC8 Edi=8 Esi=3589B70 Ebp=327EC70 Esp=327EBF8 Eip=77A251C3

ADDR: 77A251EB CODE: 7420 jz 0x77a2520d
Eax=3589B48 Ebx=3555DA8 Ecx=100028 Edx=3589AC8 Edi=8 Esi=3589B70 Ebp=327EC70 Esp=327EBF8 Eip=77A251EB

ADDR: 77A25CAD CODE: 7412 jz 0x77a25cc1
Eax=3589B48 Ebx=3555DA8 Ecx=100028 Edx=3589AC8 Edi=3589B78 Esi=3589B70 Ebp=327EC70 Esp=327EBF8 Eip=77A25CAD

ADDR: 77A5B3CA CODE: 744f jz 0x77a5b41b
Eax=8 Ebx=3555DA8 Ecx=3589B78 Edx=8 Edi=3589B78 Esi=3589B70 Ebp=327EC70 Esp=327EBE8 Eip=77A5B3CA

ADDR: 77A5B3D8 CODE: 7231 jb 0x77a5b40b
Eax=0 Ebx=3555DA8 Ecx=3589B78 Edx=8 Edi=3589B78 Esi=3589B70 Ebp=327EC70 Esp=327EBE4 Eip=77A5B3D8

ADDR: 77A5B3DF CODE: 740c jz 0x77a5b3ed
Eax=0 Ebx=3555DA8 Ecx=0 Edx=8 Edi=3589B78 Esi=3589B70 Ebp=327EC70 Esp=327EBE4 Eip=77A5B3DF

ADDR: 77A5B403 CODE: 7406 jz 0x77a5b40b
Eax=0 Ebx=3555DA8 Ecx=2 Edx=0 Edi=3589B78 Esi=3589B70 Ebp=327EC70 Esp=327EBE4 Eip=77A5B403

ADDR: 77A5B409 CODE: 740a jz 0x77a5b415
Eax=0 Ebx=3555DA8 Ecx=0 Edx=0 Edi=3589B80 Esi=3589B70 Ebp=327EC70 Esp=327EBE4 Eip=77A5B409

ADDR: 77A25CD2 CODE: 7308 jae 0x77a25cdc
Eax=2 Ebx=3555DA8 Ecx=4 Edx=C Edi=3589B78 Esi=3589B70 Ebp=327EC70 Esp=327EBF8 Eip=77A25CD2

ADDR: 77A25D1D CODE: 0f8474000000 jz 0x77a25d97
Eax=2 Ebx=3550000 Ecx=4 Edx=0 Edi=3589B78 Esi=3589B70 Ebp=327EC70 Esp=327EBF8 Eip=77A25D1D

ADDR: 77A25DA5 CODE: 7415 jz 0x77a25dbc
Eax=0 Ebx=3550000 Ecx=140008 Edx=0 Edi=3589B78 Esi=3589B70 Ebp=327EC70 Esp=327EBF8 Eip=77A25DA5

ADDR: 77A25DC4 CODE: 0f8492000000 jz 0x77a25e5c
Eax=7FFE0380 Ebx=3550000 Ecx=140008 Edx=0 Edi=3589B78 Esi=3589B70 Ebp=327EC70 Esp=327EBF8 Eip=77A25DC4

ADDR: 77A25E63 CODE: 743b jz 0x77a25ea0
Eax=0 Ebx=3550000 Ecx=140008 Edx=0 Edi=3589B78 Esi=3589B70 Ebp=327EC70 Esp=327EBF8 Eip=77A25E63

ADDR: 772FD434 CODE: 0f8438b00600 jz 0x77368472
Eax=3589B78 Ebx=40 Ecx=140008 Edx=0 Edi=0 Esi=3589B78 Ebp=327ECE0 Esp=327ECA0 Eip=772FD434

ADDR: 940C51 CODE: 740b jz 0x940c5e
Eax=3589B78 Ebx=0 Ecx=327EDC4 Edx=0 Edi=0 Esi=327EDC4 Ebp=327F9E8 Esp=327ECE8 Eip=940C51

ADDR: 77A24CFF CODE: 0f8426e60500 jz 0x77a8332b
Eax=3550000 Ebx=0 Ecx=327EDC4 Edx=0 Edi=327ED30 Esi=3550000 Ebp=327ECDC Esp=327ECD0 Eip=77A24CFF

ADDR: 77A24D11 CODE: 0f842be60500 jz 0x77a83342
Eax=3550000 Ebx=0 Ecx=3550000 Edx=A0 Edi=327ED30 Esi=3550000 Ebp=327ECDC Esp=327ECD0 Eip=77A24D11

ADDR: 77A24E6C CODE: 760c jbe 0x77a24e7a
Eax=0 Ebx=3550000 Ecx=8 Edx=A0 Edi=A0 Esi=3550000 Ebp=327ECC0 Esp=327EC48 Eip=77A24E6C

ADDR: 77A24E9D CODE: 742b jz 0x77a24eca
Eax=0 Ebx=3550000 Ecx=0 Edx=0 Edi=A0 Esi=3550000 Ebp=327ECC0 Esp=327EC48 Eip=77A24E9D

ADDR: 77A24ED5 CODE: 7445 jz 0x77a24f1c
Eax=0 Ebx=3550000 Ecx=8 Edx=0 Edi=A0 Esi=0 Ebp=327ECC0 Esp=327EC48 Eip=77A24ED5

ADDR: 77A24F4B CODE: 0f87f5090000 ja 0x77a25946
Eax=A0 Ebx=3550000 Ecx=8 Edx=15 Edi=A0 Esi=A8 Ebp=327ECC0 Esp=327EC48 Eip=77A24F4B

ADDR: 77A24F6F CODE: 0f84ce090000 jz 0x77a25943
Eax=20 Ebx=3550000 Ecx=5 Edx=88 Edi=A0 Esi=A8 Ebp=327ECC0 Esp=327EC48 Eip=77A24F6F

ADDR: 77A2594F CODE: 7211 jb 0x77a25962
Eax=3550270 Ebx=3550000 Ecx=5 Edx=15 Edi=A0 Esi=A8 Ebp=327ECC0 Esp=327EC48 Eip=77A2594F

ADDR: 77A25967 CODE: 0f838c030000 jae 0x77a25cf9
Eax=3550270 Ebx=3550000 Ecx=15 Edx=15 Edi=A0 Esi=A8 Ebp=327ECC0 Esp=327EC48 Eip=77A25967

ADDR: 77A2597C CODE: 7402 jz 0x77a25980
Eax=3550270 Ebx=3550000 Ecx=15 Edx=15 Edi=A0 Esi=A8 Ebp=327ECC0 Esp=327EC48 Eip=77A2597C

ADDR: 77A25F44 CODE: 7329 jae 0x77a25f6f
Eax=327EC20 Ebx=A Ecx=3550000 Edx=A Edi=3550000 Esi=15 Ebp=327EC30 Esp=327EAB0 Eip=77A25F44

ADDR: 77A25F53 CODE: 730c jae 0x77a25f61
Eax=327EC20 Ebx=A Ecx=3550001 Edx=15 Edi=3550000 Esi=15 Ebp=327EC30 Esp=327EAB0 Eip=77A25F53

ADDR: 77A26022 CODE: 7415 jz 0x77a26039
Eax=327EC90 Ebx=0 Ecx=3550001 Edx=15 Edi=3550000 Esi=15 Ebp=327EC30 Esp=327EAB0 Eip=77A26022

ADDR: 77A43F37 CODE: 7316 jae 0x77a43f4f
Eax=3550258 Ebx=0 Ecx=355025C Edx=3191000 Edi=3550000 Esi=15 Ebp=327EAA4 Esp=327EAA4 Eip=77A43F37

ADDR: 77A260CB CODE: 7407 jz 0x77a260d4
Eax=1 Ebx=0 Ecx=4720 Edx=3191000 Edi=3550000 Esi=15 Ebp=327EC30 Esp=327EAB0 Eip=77A260CB

ADDR: 77A260DA CODE: 0f8739170000 ja 0x77a27819
Eax=1 Ebx=0 Ecx=4720 Edx=15 Edi=3550000 Esi=15 Ebp=327EC30 Esp=327EAB0 Eip=77A260DA

ADDR: 77A260F4 CODE: 723a jb 0x77a26130
Eax=A0 Ebx=0 Ecx=4720 Edx=15 Edi=3550000 Esi=15 Ebp=327EC30 Esp=327EAB0 Eip=77A260F4

ADDR: 77A26136 CODE: 0f87d5000000 ja 0x77a26211
Eax=A0 Ebx=0 Ecx=4720 Edx=15 Edi=3550000 Esi=15 Ebp=327EC30 Esp=327EAB0 Eip=77A26136

ADDR: 77A26188 CODE: 7716 ja 0x77a261a0
Eax=3552606 Ebx=5 Ecx=146 Edx=88 Edi=3550000 Esi=35526BA Ebp=327EC30 Esp=327EAB0 Eip=77A26188

ADDR: 77A26192 CODE: 770c ja 0x77a261a0
Eax=FF00 Ebx=5 Ecx=146 Edx=88 Edi=3550000 Esi=35526BA Ebp=327EC30 Esp=327EAB0 Eip=77A26192

ADDR: 77A26216 CODE: 0f844f020000 jz 0x77a2646b
Eax=FF00 Ebx=5 Ecx=146 Edx=15 Edi=3550000 Esi=35502F8 Ebp=327EC30 Esp=327EAB0 Eip=77A26216

ADDR: 77A26220 CODE: 0f8445020000 jz 0x77a2646b
Eax=FF00 Ebx=5 Ecx=146 Edx=15 Edi=3550000 Esi=0 Ebp=327EC30 Esp=327EAB0 Eip=77A26220

ADDR: 77A26485 CODE: 7304 jae 0x77a2648b
Eax=35500C0 Ebx=5 Ecx=80 Edx=15 Edi=3550000 Esi=3550270 Ebp=327EC30 Esp=327EAB0 Eip=77A26485

ADDR: 77A264D3 CODE: 7438 jz 0x77a2650d
Eax=35A66F8 Ebx=D09EFC7C Ecx=80 Edx=35500C0 Edi=3550000 Esi=3550270 Ebp=327EC30 Esp=327EAB0 Eip=77A264D3

ADDR: 77A264F3 CODE: 7418 jz 0x77a2650d
Eax=18 Ebx=1800051D Ecx=1818 Edx=35500C0 Edi=3550000 Esi=3550270 Ebp=327EC30 Esp=327EAB0 Eip=77A264F3

ADDR: 77A2651D CODE: 7e07 jle 0x77a26526
Eax=51D Ebx=1800051D Ecx=FFFFFAF8 Edx=35500C0 Edi=3550000 Esi=3550270 Ebp=327EC30 Esp=327EAB0 Eip=77A2651D

ADDR: 77A2653A CODE: 7438 jz 0x77a26574
Eax=359BB38 Ebx=CA9EF963 Ecx=FFFFFAF8 Edx=35500C0 Edi=3550000 Esi=3550270 Ebp=327EC30 Esp=327EAB0 Eip=77A2653A

ADDR: 77A2655A CODE: 7418 jz 0x77a26574
Eax=2 Ebx=2000002 Ecx=202 Edx=35500C0 Edi=3550000 Esi=3550270 Ebp=327EC30 Esp=327EAB0 Eip=77A2655A

ADDR: 77A26584 CODE: 7f07 jg 0x77a2658d
Eax=2 Ebx=2000002 Ecx=13 Edx=35500C0 Edi=3550000 Esi=3550270 Ebp=327EC30 Esp=327EAB0 Eip=77A26584

ADDR: 77A26679 CODE: 7422 jz 0x77a2669d
Eax=3550294 Ebx=40000000 Ecx=3 Edx=0 Edi=3550000 Esi=3550270 Ebp=327EC30 Esp=327EAB0 Eip=77A26679

ADDR: 77A266A7 CODE: 740c jz 0x77a266b5
Eax=0 Ebx=40000000 Ecx=3 Edx=0 Edi=3550000 Esi=3550270 Ebp=327EC30 Esp=327EAB0 Eip=77A266A7

ADDR: 77A266D1 CODE: 7402 jz 0x77a266d5
Eax=1E Ebx=40 Ecx=3 Edx=1E Edi=3550000 Esi=3550270 Ebp=327EC30 Esp=327EAB0 Eip=77A266D1

ADDR: 77A266E0 CODE: 0f841c110000 jz 0x77a27802
Eax=35A3EC0 Ebx=40 Ecx=3 Edx=1E Edi=3550000 Esi=3550270 Ebp=327EC30 Esp=327EAB0 Eip=77A266E0

ADDR: 77A266F2 CODE: 0f844d020000 jz 0x77a26945
Eax=35A3EC0 Ebx=40 Ecx=3 Edx=1E Edi=3550000 Esi=3550270 Ebp=327EC30 Esp=327EAB0 Eip=77A266F2

ADDR: 77A26702 CODE: 741f jz 0x77a26723
Eax=35A3EC0 Ebx=35A3EB8 Ecx=3 Edx=1E Edi=3550000 Esi=3550270 Ebp=327EC30 Esp=327EAB0 Eip=77A26702

ADDR: 77A26714 CODE: 740a jz 0x77a26720
Eax=C89EF91E Ebx=35A3EB8 Ecx=3 Edx=1E Edi=3550000 Esi=3550270 Ebp=327EC30 Esp=327EAB0 Eip=77A26714

ADDR: 77A26729 CODE: 0f8200020000 jb 0x77a2692f
Eax=35A3EC0 Ebx=35A3EB8 Ecx=3 Edx=1E Edi=3550000 Esi=1E Ebp=327EC30 Esp=327EAB0 Eip=77A26729

ADDR: 77A26761 CODE: 0f841c010000 jz 0x77a26883
Eax=35A3EC0 Ebx=35A3EB8 Ecx=3550270 Edx=35A3EC0 Edi=3550000 Esi=1E Ebp=327EC30 Esp=327EAB0 Eip=77A26761

ADDR: 77A26778 CODE: 730b jae 0x77a26785
Eax=1E Ebx=35A3EB8 Ecx=3550270 Edx=35A3EC0 Edi=3550000 Esi=80 Ebp=327EC30 Esp=327EAB0 Eip=77A26778

ADDR: 77A2680D CODE: 0f83db000000 jae 0x77a268ee
Eax=80 Ebx=35A3EB8 Ecx=3550270 Edx=1E Edi=3550000 Esi=35A6700 Ebp=327EC30 Esp=327EAB0 Eip=77A2680D

ADDR: 77A26816 CODE: 0f84a3000000 jz 0x77a268bf
Eax=80 Ebx=35A3EB8 Ecx=3550270 Edx=1E Edi=3550000 Esi=35A6700 Ebp=327EC30 Esp=327EAB0 Eip=77A26816

ADDR: 77A26829 CODE: 743c jz 0x77a26867
Eax=80 Ebx=D09EFC7C Ecx=3550270 Edx=1E Edi=3550000 Esi=35A6700 Ebp=327EC30 Esp=327EAB0 Eip=77A26829

ADDR: 77A26849 CODE: 7419 jz 0x77a26864
Eax=18 Ebx=1800051D Ecx=1818 Edx=1E Edi=3550000 Esi=35A6700 Ebp=327EC30 Esp=327EAB0 Eip=77A26849

ADDR: 77A26895 CODE: 7475 jz 0x77a2690c
Eax=35A6700 Ebx=35A3EB8 Ecx=358E9B8 Edx=BFFFFFFF Edi=3550000 Esi=0 Ebp=327EC30 Esp=327EAB0 Eip=77A26895

ADDR: 77A26ACC CODE: 7418 jz 0x77a26ae6
Eax=35A6700 Ebx=35A3EB8 Ecx=358E900 Edx=BFFFFFFF Edi=3550000 Esi=1 Ebp=327EC30 Esp=327EAB0 Eip=77A26ACC

ADDR: 77A26B12 CODE: 7305 jae 0x77a26b19
Eax=8 Ebx=35A3EB8 Ecx=15 Edx=9 Edi=3550000 Esi=1 Ebp=327EC30 Esp=327EAB0 Eip=77A26B12

ADDR: 77A26B27 CODE: 741e jz 0x77a26b47
Eax=8 Ebx=35A3EB8 Ecx=15 Edx=9 Edi=3550000 Esi=1 Ebp=327EC30 Esp=327EAB0 Eip=77A26B27

ADDR: 77A26CA1 CODE: 741a jz 0x77a26cbd
Eax=0 Ebx=35A3EB8 Ecx=15 Edx=9 Edi=3550000 Esi=1 Ebp=327EC30 Esp=327EAB0 Eip=77A26CA1

ADDR: 77A26D47 CODE: 0f845d050000 jz 0x77a272aa
Eax=97 Ebx=35A3F60 Ecx=100000 Edx=9 Edi=3550000 Esi=35A3FA8 Ebp=327EC30 Esp=327EAB0 Eip=77A26D47

ADDR: 77A26D81 CODE: 0f8496020000 jz 0x77a2701d
Eax=35500C0 Ebx=35A3F60 Ecx=100000 Edx=9 Edi=3550000 Esi=3550270 Ebp=327EC30 Esp=327EAB0 Eip=77A26D81

ADDR: 77A26D8C CODE: 7304 jae 0x77a26d92
Eax=35500C0 Ebx=35A3F60 Ecx=80 Edx=9 Edi=3550000 Esi=3550270 Ebp=327EC30 Esp=327EAB0 Eip=77A26D8C

ADDR: 77A26DD5 CODE: 743b jz 0x77a26e12
Eax=35A66F8 Ebx=35A3F60 Ecx=35A6700 Edx=D09EFC7C Edi=3550000 Esi=3550270 Ebp=327EC30 Esp=327EAB0 Eip=77A26DD5

ADDR: 77A26DF8 CODE: 7418 jz 0x77a26e12
Eax=18 Ebx=35A3F60 Ecx=1818 Edx=1800051D Edi=3550000 Esi=3550270 Ebp=327EC30 Esp=327EAB0 Eip=77A26DF8

ADDR: 77A26E22 CODE: 7e08 jle 0x77a26e2c
Eax=51D Ebx=35A3F60 Ecx=FFFFFAEC Edx=1800051D Edi=3550000 Esi=3550270 Ebp=327EC30 Esp=327EAB0 Eip=77A26E22

ADDR: 77A26E43 CODE: 743b jz 0x77a26e80
Eax=359BB38 Ebx=35A3F60 Ecx=FFFFFAEC Edx=CA9EF963 Edi=3550000 Esi=3550270 Ebp=327EC30 Esp=327EAB0 Eip=77A26E43

ADDR: 77A26E66 CODE: 7418 jz 0x77a26e80
Eax=2 Ebx=35A3F60 Ecx=202 Edx=2000002 Edi=3550000 Esi=3550270 Ebp=327EC30 Esp=327EAB0 Eip=77A26E66

ADDR: 77A26E90 CODE: 7f0a jg 0x77a26e9c
Eax=2 Ebx=35A3F60 Ecx=7 Edx=2000002 Edi=3550000 Esi=3550270 Ebp=327EC30 Esp=327EAB0 Eip=77A26E90

ADDR: 77A26F92 CODE: 7422 jz 0x77a26fb6
Eax=3 Ebx=35A3F60 Ecx=1200 Edx=0 Edi=3550000 Esi=3550294 Ebp=327EC30 Esp=327EAB0 Eip=77A26F92

ADDR: 77A26F99 CODE: 7409 jz 0x77a26fa4
Eax=0 Ebx=35A3F60 Ecx=1200 Edx=0 Edi=3550000 Esi=3550294 Ebp=327EC30 Esp=327EAB0 Eip=77A26F99

ADDR: 77A26FED CODE: 7402 jz 0x77a26ff1
Eax=9 Ebx=35A3F60 Ecx=12 Edx=9 Edi=3550000 Esi=3550270 Ebp=327EC30 Esp=327EAB0 Eip=77A26FED

ADDR: 77A26FF9 CODE: 740b jz 0x77a27006
Eax=35502A4 Ebx=35A3F60 Ecx=3558D58 Edx=9 Edi=3550000 Esi=3550270 Ebp=327EC30 Esp=327EAB0 Eip=77A26FF9

ADDR: 77A27024 CODE: 7435 jz 0x77a2705b
Eax=35500C0 Ebx=35A3F60 Ecx=3558D58 Edx=9 Edi=3550000 Esi=9 Ebp=327EC30 Esp=327EAB0 Eip=77A27024

ADDR: 77A2702A CODE: 7413 jz 0x77a2703f
Eax=35500C0 Ebx=35A3F60 Ecx=3558D58 Edx=9 Edi=3550000 Esi=9 Ebp=327EC30 Esp=327EAB0 Eip=77A2702A

ADDR: 77A27035 CODE: 740c jz 0x77a27043
Eax=35500C0 Ebx=35A3F60 Ecx=3558D58 Edx=C19EF968 Edi=3550000 Esi=9 Ebp=327EC30 Esp=327EAB0 Eip=77A27035

ADDR: 77A2704F CODE: 760a jbe 0x77a2705b
Eax=9 Ebx=35A3F60 Ecx=3558D58 Edx=9000009 Edi=3550000 Esi=9 Ebp=327EC30 Esp=327EAB0 Eip=77A2704F

ADDR: 77A27094 CODE: 0f84fc000000 jz 0x77a27196
Eax=9 Ebx=35A3F60 Ecx=3550270 Edx=35607A8 Edi=3550000 Esi=3558D58 Ebp=327EC30 Esp=327EAB0 Eip=77A27094

ADDR: 77A270A5 CODE: 730a jae 0x77a270b1
Eax=9 Ebx=35A3F60 Ecx=3550270 Edx=35607A8 Edi=3550000 Esi=80 Ebp=327EC30 Esp=327EAB0 Eip=77A270A5

ADDR: 77A270FF CODE: 7464 jz 0x77a27165
Eax=3558D58 Ebx=35A3F60 Ecx=3550270 Edx=9 Edi=3550000 Esi=9 Ebp=327EC30 Esp=327EAB0 Eip=77A270FF

ADDR: 77A27113 CODE: 743e jz 0x77a27153
Eax=3558D50 Ebx=35A3F60 Ecx=3550270 Edx=C19EF968 Edi=3550000 Esi=9 Ebp=327EC30 Esp=327EAB0 Eip=77A27113

ADDR: 77A27136 CODE: 7418 jz 0x77a27150
Eax=9 Ebx=35A3F60 Ecx=909 Edx=9000009 Edi=3550000 Esi=9 Ebp=327EC30 Esp=327EAB0 Eip=77A27136

ADDR: 77A27163 CODE: 7f0f jg 0x77a27174
Eax=9 Ebx=35A3F60 Ecx=3550270 Edx=0 Edi=3550000 Esi=9 Ebp=327EC30 Esp=327EAB0 Eip=77A27163

ADDR: 77A2719A CODE: 0f8497040000 jz 0x77a27637
Eax=35502A4 Ebx=35A3F60 Ecx=35A3F68 Edx=24 Edi=3550000 Esi=9 Ebp=327EC30 Esp=327EAB0 Eip=77A2719A

ADDR: 77A26B7F CODE: 0f841c0b0000 jz 0x77a276a1
Eax=8 Ebx=35A3EC0 Ecx=A8 Edx=35A3EBF Edi=3550000 Esi=A8 Ebp=327EC30 Esp=327EAB0 Eip=77A26B7F

ADDR: 77A26B89 CODE: 7413 jz 0x77a26b9e
Eax=8 Ebx=35A3EC0 Ecx=A8 Edx=35A3EBF Edi=3550000 Esi=A8 Ebp=327EC30 Esp=327EAB0 Eip=77A26B89

ADDR: 77A26BA2 CODE: 0f84b7000000 jz 0x77a26c5f
Eax=C89EF961 Ebx=35A3EC0 Ecx=35A3EB8 Edx=35A3EBF Edi=3550000 Esi=A8 Ebp=327EC30 Esp=327EAB0 Eip=77A26BA2

ADDR: 77A26BC7 CODE: 762c jbe 0x77a26bf5
Eax=C89EF961 Ebx=35A3EC0 Ecx=35A3EB8 Edx=1 Edi=3550000 Esi=A8 Ebp=327EC30 Esp=327EAB0 Eip=77A26BC7

ADDR: 77A26BE7 CODE: 7606 jbe 0x77a26bef
Eax=2CA0 Ebx=35A3EC0 Ecx=58360 Edx=1 Edi=3550000 Esi=A8 Ebp=327EC30 Esp=327EAB0 Eip=77A26BE7

ADDR: 77A26C05 CODE: 7249 jb 0x77a26c50
Eax=2CA0 Ebx=35A3EC0 Ecx=58360 Edx=1 Edi=3550000 Esi=A8 Ebp=327EC30 Esp=327EAB0 Eip=77A26C05

ADDR: 77A27B53 CODE: 746e jz 0x77a27bc3
Eax=FFFFFFFE Ebx=3550258 Ecx=FFFFFFFF Edx=1 Edi=355025C Esi=FFFFFFFE Ebp=327EAA4 Esp=327EA90 Eip=77A27B53

ADDR: 77A26C63 CODE: 0f84150e0000 jz 0x77a27a7e
Eax=0 Ebx=35A3EC0 Ecx=FFFFFFFF Edx=1 Edi=3550000 Esi=A8 Ebp=327EC30 Esp=327EAB0 Eip=77A26C63

ADDR: 77A5B3CA CODE: 744f jz 0x77a5b41b
Eax=A0 Ebx=35A3EC0 Ecx=35A3EC0 Edx=A0 Edi=3550000 Esi=A8 Ebp=327EC30 Esp=327EAA0 Eip=77A5B3CA

ADDR: 77A5B3D8 CODE: 7231 jb 0x77a5b40b
Eax=0 Ebx=35A3EC0 Ecx=35A3EC0 Edx=A0 Edi=35A3EC0 Esi=A8 Ebp=327EC30 Esp=327EA9C Eip=77A5B3D8

ADDR: 77A5B3DF CODE: 740c jz 0x77a5b3ed
Eax=0 Ebx=35A3EC0 Ecx=0 Edx=A0 Edi=35A3EC0 Esi=A8 Ebp=327EC30 Esp=327EA9C Eip=77A5B3DF

ADDR: 77A5B403 CODE: 7406 jz 0x77a5b40b
Eax=0 Ebx=35A3EC0 Ecx=28 Edx=0 Edi=35A3EC0 Esi=A8 Ebp=327EC30 Esp=327EA9C Eip=77A5B403

ADDR: 77A5B409 CODE: 740a jz 0x77a5b415
Eax=0 Ebx=35A3EC0 Ecx=0 Edx=0 Edi=35A3F60 Esi=A8 Ebp=327EC30 Esp=327EA9C Eip=77A5B409

ADDR: 77A27AAD CODE: 741e jz 0x77a27acd
Eax=35A3EC0 Ebx=35A3EC0 Ecx=0 Edx=0 Edi=3550000 Esi=A8 Ebp=327EC30 Esp=327EAAC Eip=77A27AAD

ADDR: 77A27A91 CODE: 743b jz 0x77a27ace
Eax=0 Ebx=35A3EC0 Ecx=0 Edx=0 Edi=3550000 Esi=A8 Ebp=327EC30 Esp=327EAB0 Eip=77A27A91

ADDR: 77A27AD6 CODE: 741f jz 0x77a27af7
Eax=7FFE0388 Ebx=35A3EC0 Ecx=0 Edx=0 Edi=3550000 Esi=A8 Ebp=327EC30 Esp=327EAB0 Eip=77A27AD6

ADDR: 77A25D13 CODE: 7445 jz 0x77a25d5a
Eax=35A3EC0 Ebx=3550000 Ecx=19BAFD24 Edx=0 Edi=35A3EC0 Esi=A8 Ebp=327ECC0 Esp=327EC48 Eip=77A25D13

ADDR: 77A25D1D CODE: 0f8474000000 jz 0x77a25d97
Eax=35A3EC0 Ebx=3550000 Ecx=A0 Edx=0 Edi=35A3EC0 Esi=A8 Ebp=327ECC0 Esp=327EC48 Eip=77A25D1D

ADDR: 77A25DA5 CODE: 7415 jz 0x77a25dbc
Eax=0 Ebx=3550000 Ecx=8 Edx=0 Edi=35A3EC0 Esi=A8 Ebp=327ECC0 Esp=327EC48 Eip=77A25DA5

ADDR: 77A25DC4 CODE: 0f8492000000 jz 0x77a25e5c
Eax=7FFE0380 Ebx=3550000 Ecx=8 Edx=0 Edi=35A3EC0 Esi=A8 Ebp=327ECC0 Esp=327EC48 Eip=77A25DC4

ADDR: 77A25E63 CODE: 743b jz 0x77a25ea0
Eax=0 Ebx=3550000 Ecx=8 Edx=0 Edi=35A3EC0 Esi=A8 Ebp=327ECC0 Esp=327EC48 Eip=77A25E63

ADDR: 77A24CFF CODE: 0f8426e60500 jz 0x77a8332b
Eax=3550000 Ebx=0 Ecx=0 Edx=0 Edi=35A3F60 Esi=3550000 Ebp=327ECDC Esp=327ECD0 Eip=77A24CFF

ADDR: 77A24D11 CODE: 0f842be60500 jz 0x77a83342
Eax=3550000 Ebx=0 Ecx=3550000 Edx=8 Edi=35A3F60 Esi=3550000 Ebp=327ECDC Esp=327ECD0 Eip=77A24D11

ADDR: 77A24E6C CODE: 760c jbe 0x77a24e7a
Eax=0 Ebx=3550000 Ecx=8 Edx=8 Edi=8 Esi=3550000 Ebp=327ECC0 Esp=327EC48 Eip=77A24E6C

ADDR: 77A24E9D CODE: 742b jz 0x77a24eca
Eax=0 Ebx=3550000 Ecx=0 Edx=0 Edi=8 Esi=3550000 Ebp=327ECC0 Esp=327EC48 Eip=77A24E9D

ADDR: 77A24ED5 CODE: 7445 jz 0x77a24f1c
Eax=0 Ebx=3550000 Ecx=8 Edx=0 Edi=8 Esi=0 Ebp=327ECC0 Esp=327EC48 Eip=77A24ED5

ADDR: 77A24F4B CODE: 0f87f5090000 ja 0x77a25946
Eax=8 Ebx=3550000 Ecx=8 Edx=2 Edi=8 Esi=10 Ebp=327ECC0 Esp=327EC48 Eip=77A24F4B

ADDR: 77A24F6F CODE: 0f84ce090000 jz 0x77a25943
Eax=4 Ebx=3550000 Ecx=2 Edx=FC Edi=8 Esi=10 Ebp=327ECC0 Esp=327EC48 Eip=77A24F6F

ADDR: 77A24FAE CODE: 744c jz 0x77a24ffc
Eax=3552600 Ebx=33A01C0 Ecx=0 Edx=33A0000 Edi=8 Esi=10 Ebp=327ECC0 Esp=327EC48 Eip=77A24FAE

ADDR: 77A25057 CODE: 0f84bb010000 jz 0x77a25218
Eax=3555D98 Ebx=33A01C0 Ecx=33A0A98 Edx=33A0000 Edi=8 Esi=10 Ebp=327ECC0 Esp=327EC48 Eip=77A25057

ADDR: 77A25077 CODE: 797c jns 0x77a250f5
Eax=8 Ebx=3555DA8 Ecx=33A07D0 Edx=33A0000 Edi=33A0000 Esi=10 Ebp=327ECC0 Esp=327EC48 Eip=77A25077

ADDR: 77A25118 CODE: 0f84c7000000 jz 0x77a251e5
Eax=8 Ebx=3555DA8 Ecx=33A07D0 Edx=0 Edi=64 Esi=8001F Ebp=327ECC0 Esp=327EC48 Eip=77A25118

ADDR: 77A2512E CODE: 740a jz 0x77a2513a
Eax=8001F Ebx=3555DA8 Ecx=8008001F Edx=0 Edi=64 Esi=8001F Ebp=327ECC0 Esp=327EC48 Eip=77A2512E

ADDR: 77A2513D CODE: 0f84a2000000 jz 0x77a251e5
Eax=8001F Ebx=3555DA8 Ecx=8008001F Edx=0 Edi=64 Esi=8001F Ebp=327ECC0 Esp=327EC48 Eip=77A2513D

ADDR: 77A2514E CODE: 0f848f000000 jz 0x77a251e3
Eax=3589AC8 Ebx=3555DA8 Ecx=3555D98 Edx=0 Edi=64 Esi=8001F Ebp=327ECC0 Esp=327EC48 Eip=77A2514E

ADDR: 77A25162 CODE: 747f jz 0x77a251e3
Eax=33A0A98 Ebx=3555DA8 Ecx=3555D98 Edx=0 Edi=64 Esi=8001F Ebp=327ECC0 Esp=327EC48 Eip=77A25162

ADDR: 77A45F14 CODE: 741a jz 0x77a45f30
Eax=CF Ebx=3555DA8 Ecx=DF Edx=CFDF Edi=DF Esi=3191000 Ebp=327EC40 Esp=327EC34 Eip=77A45F14

ADDR: 77A7545A CODE: 730d jae 0x77a75469
Eax=3589ADC Ebx=3555DA8 Ecx=3589AE4 Edx=8 Edi=FFFFFFFF Esi=3D Ebp=327EC38 Esp=327EC28 Eip=77A7545A

ADDR: 77A754A7 CODE: 7313 jae 0x77a754bc
Eax=3589AE8 Ebx=100 Ecx=20 Edx=3589AE4 Edi=FFFFFFFF Esi=D Ebp=327EC38 Esp=327EC28 Eip=77A754A7

ADDR: 77A251C3 CODE: 7422 jz 0x77a251e7
Eax=3589B98 Ebx=3555DA8 Ecx=100028 Edx=3589AC8 Edi=D Esi=3589BC0 Ebp=327ECC0 Esp=327EC48 Eip=77A251C3

ADDR: 77A251EB CODE: 7420 jz 0x77a2520d
Eax=3589B98 Ebx=3555DA8 Ecx=100028 Edx=3589AC8 Edi=D Esi=3589BC0 Ebp=327ECC0 Esp=327EC48 Eip=77A251EB

ADDR: 77A25CAD CODE: 7412 jz 0x77a25cc1
Eax=3589B98 Ebx=3555DA8 Ecx=100028 Edx=3589AC8 Edi=3589BC8 Esi=3589BC0 Ebp=327ECC0 Esp=327EC48 Eip=77A25CAD

ADDR: 77A5B3CA CODE: 744f jz 0x77a5b41b
Eax=8 Ebx=3555DA8 Ecx=3589BC8 Edx=8 Edi=3589BC8 Esi=3589BC0 Ebp=327ECC0 Esp=327EC38 Eip=77A5B3CA

ADDR: 77A5B3D8 CODE: 7231 jb 0x77a5b40b
Eax=0 Ebx=3555DA8 Ecx=3589BC8 Edx=8 Edi=3589BC8 Esi=3589BC0 Ebp=327ECC0 Esp=327EC34 Eip=77A5B3D8

ADDR: 77A5B3DF CODE: 740c jz 0x77a5b3ed
Eax=0 Ebx=3555DA8 Ecx=0 Edx=8 Edi=3589BC8 Esi=3589BC0 Ebp=327ECC0 Esp=327EC34 Eip=77A5B3DF

ADDR: 77A5B403 CODE: 7406 jz 0x77a5b40b
Eax=0 Ebx=3555DA8 Ecx=2 Edx=0 Edi=3589BC8 Esi=3589BC0 Ebp=327ECC0 Esp=327EC34 Eip=77A5B403

ADDR: 77A5B409 CODE: 740a jz 0x77a5b415
Eax=0 Ebx=3555DA8 Ecx=0 Edx=0 Edi=3589BD0 Esi=3589BC0 Ebp=327ECC0 Esp=327EC34 Eip=77A5B409

ADDR: 77A25CD2 CODE: 7308 jae 0x77a25cdc
Eax=2 Ebx=3555DA8 Ecx=8 Edx=8 Edi=3589BC8 Esi=3589BC0 Ebp=327ECC0 Esp=327EC48 Eip=77A25CD2

ADDR: 77A25D1D CODE: 0f8474000000 jz 0x77a25d97
Eax=2 Ebx=3550000 Ecx=8 Edx=0 Edi=3589BC8 Esi=3589BC0 Ebp=327ECC0 Esp=327EC48 Eip=77A25D1D

ADDR: 77A25DA5 CODE: 7415 jz 0x77a25dbc
Eax=0 Ebx=3550000 Ecx=8 Edx=0 Edi=3589BC8 Esi=3589BC0 Ebp=327ECC0 Esp=327EC48 Eip=77A25DA5

ADDR: 77A25DC4 CODE: 0f8492000000 jz 0x77a25e5c
Eax=7FFE0380 Ebx=3550000 Ecx=8 Edx=0 Edi=3589BC8 Esi=3589BC0 Ebp=327ECC0 Esp=327EC48 Eip=77A25DC4

ADDR: 77A25E63 CODE: 743b jz 0x77a25ea0
Eax=0 Ebx=3550000 Ecx=8 Edx=0 Edi=3589BC8 Esi=3589BC0 Ebp=327ECC0 Esp=327EC48 Eip=77A25E63

ADDR: 9340DC CODE: 74c7 jz 0x9340a5
Eax=3589BC8 Ebx=0 Ecx=8 Edx=3589BC8 Edi=35A3F60 Esi=945828 Ebp=327F9E8 Esp=327ECF0 Eip=9340DC

ADDR: 940CC2 CODE: 7408 jz 0x940ccc
Eax=922AB8 Ebx=0 Ecx=7FFFFFFF Edx=7FFFFFFF Edi=0 Esi=945828 Ebp=327ECE4 Esp=327ECD8 Eip=940CC2

ADDR: 940CC2 CODE: 7408 jz 0x940ccc
Eax=922ABA Ebx=0 Ecx=7FFFFFFE Edx=7FFFFFFF Edi=0 Esi=945828 Ebp=327ECE4 Esp=327ECD8 Eip=940CC2

ADDR: 940CC2 CODE: 7408 jz 0x940ccc
Eax=922ABC Ebx=0 Ecx=7FFFFFFD Edx=7FFFFFFF Edi=0 Esi=945828 Ebp=327ECE4 Esp=327ECD8 Eip=940CC2

ADDR: 940CC2 CODE: 7408 jz 0x940ccc
Eax=922ABE Ebx=0 Ecx=7FFFFFFC Edx=7FFFFFFF Edi=0 Esi=945828 Ebp=327ECE4 Esp=327ECD8 Eip=940CC2

ADDR: 940CC2 CODE: 7408 jz 0x940ccc
Eax=922AC0 Ebx=0 Ecx=7FFFFFFB Edx=7FFFFFFF Edi=0 Esi=945828 Ebp=327ECE4 Esp=327ECD8 Eip=940CC2

ADDR: 940CC2 CODE: 7408 jz 0x940ccc
Eax=922AC2 Ebx=0 Ecx=7FFFFFFA Edx=7FFFFFFF Edi=0 Esi=945828 Ebp=327ECE4 Esp=327ECD8 Eip=940CC2

ADDR: 940CC2 CODE: 7408 jz 0x940ccc
Eax=922AC4 Ebx=0 Ecx=7FFFFFF9 Edx=7FFFFFFF Edi=0 Esi=945828 Ebp=327ECE4 Esp=327ECD8 Eip=940CC2

ADDR: 940CC2 CODE: 7408 jz 0x940ccc
Eax=922AC6 Ebx=0 Ecx=7FFFFFF8 Edx=7FFFFFFF Edi=0 Esi=945828 Ebp=327ECE4 Esp=327ECD8 Eip=940CC2

ADDR: 940CC2 CODE: 7408 jz 0x940ccc
Eax=922AC8 Ebx=0 Ecx=7FFFFFF7 Edx=7FFFFFFF Edi=0 Esi=945828 Ebp=327ECE4 Esp=327ECD8 Eip=940CC2

ADDR: 940CC2 CODE: 7408 jz 0x940ccc
Eax=922ACA Ebx=0 Ecx=7FFFFFF6 Edx=7FFFFFFF Edi=0 Esi=945828 Ebp=327ECE4 Esp=327ECD8 Eip=940CC2

ADDR: 940CC2 CODE: 7408 jz 0x940ccc
Eax=922ACC Ebx=0 Ecx=7FFFFFF5 Edx=7FFFFFFF Edi=0 Esi=945828 Ebp=327ECE4 Esp=327ECD8 Eip=940CC2

ADDR: 940CC2 CODE: 7408 jz 0x940ccc
Eax=922ACE Ebx=0 Ecx=7FFFFFF4 Edx=7FFFFFFF Edi=0 Esi=945828 Ebp=327ECE4 Esp=327ECD8 Eip=940CC2

ADDR: 940CC2 CODE: 7408 jz 0x940ccc
Eax=922AD0 Ebx=0 Ecx=7FFFFFF3 Edx=7FFFFFFF Edi=0 Esi=945828 Ebp=327ECE4 Esp=327ECD8 Eip=940CC2

ADDR: 940CC2 CODE: 7408 jz 0x940ccc
Eax=922AD2 Ebx=0 Ecx=7FFFFFF2 Edx=7FFFFFFF Edi=0 Esi=945828 Ebp=327ECE4 Esp=327ECD8 Eip=940CC2

ADDR: 940CC2 CODE: 7408 jz 0x940ccc
Eax=922AD4 Ebx=0 Ecx=7FFFFFF1 Edx=7FFFFFFF Edi=0 Esi=945828 Ebp=327ECE4 Esp=327ECD8 Eip=940CC2

ADDR: 940CC2 CODE: 7408 jz 0x940ccc
Eax=922AD6 Ebx=0 Ecx=7FFFFFF0 Edx=7FFFFFFF Edi=0 Esi=945828 Ebp=327ECE4 Esp=327ECD8 Eip=940CC2

ADDR: 940CC2 CODE: 7408 jz 0x940ccc
Eax=922AD8 Ebx=0 Ecx=7FFFFFEF Edx=7FFFFFFF Edi=0 Esi=945828 Ebp=327ECE4 Esp=327ECD8 Eip=940CC2

ADDR: 940CC2 CODE: 7408 jz 0x940ccc
Eax=922ADA Ebx=0 Ecx=7FFFFFEE Edx=7FFFFFFF Edi=0 Esi=945828 Ebp=327ECE4 Esp=327ECD8 Eip=940CC2

ADDR: 940CC2 CODE: 7408 jz 0x940ccc
Eax=922ADC Ebx=0 Ecx=7FFFFFED Edx=7FFFFFFF Edi=0 Esi=945828 Ebp=327ECE4 Esp=327ECD8 Eip=940CC2

ADDR: 940CC2 CODE: 7408 jz 0x940ccc
Eax=922ADE Ebx=0 Ecx=7FFFFFEC Edx=7FFFFFFF Edi=0 Esi=945828 Ebp=327ECE4 Esp=327ECD8 Eip=940CC2

ADDR: 940CC2 CODE: 7408 jz 0x940ccc
Eax=922AE0 Ebx=0 Ecx=7FFFFFEB Edx=7FFFFFFF Edi=0 Esi=945828 Ebp=327ECE4 Esp=327ECD8 Eip=940CC2

ADDR: 940CC2 CODE: 7408 jz 0x940ccc
Eax=922AE2 Ebx=0 Ecx=7FFFFFEA Edx=7FFFFFFF Edi=0 Esi=945828 Ebp=327ECE4 Esp=327ECD8 Eip=940CC2

ADDR: 940CC2 CODE: 7408 jz 0x940ccc
Eax=922AE4 Ebx=0 Ecx=7FFFFFE9 Edx=7FFFFFFF Edi=0 Esi=945828 Ebp=327ECE4 Esp=327ECD8 Eip=940CC2

ADDR: 940CC2 CODE: 7408 jz 0x940ccc
Eax=922AE6 Ebx=0 Ecx=7FFFFFE8 Edx=7FFFFFFF Edi=0 Esi=945828 Ebp=327ECE4 Esp=327ECD8 Eip=940CC2

ADDR: 940CC2 CODE: 7408 jz 0x940ccc
Eax=922AE8 Ebx=0 Ecx=7FFFFFE7 Edx=7FFFFFFF Edi=0 Esi=945828 Ebp=327ECE4 Esp=327ECD8 Eip=940CC2

ADDR: 940CC2 CODE: 7408 jz 0x940ccc
Eax=922AEA Ebx=0 Ecx=7FFFFFE6 Edx=7FFFFFFF Edi=0 Esi=945828 Ebp=327ECE4 Esp=327ECD8 Eip=940CC2

ADDR: 940CC2 CODE: 7408 jz 0x940ccc
Eax=922AEC Ebx=0 Ecx=7FFFFFE5 Edx=7FFFFFFF Edi=0 Esi=945828 Ebp=327ECE4 Esp=327ECD8 Eip=940CC2

ADDR: 940CC2 CODE: 7408 jz 0x940ccc
Eax=922AEE Ebx=0 Ecx=7FFFFFE4 Edx=7FFFFFFF Edi=0 Esi=945828 Ebp=327ECE4 Esp=327ECD8 Eip=940CC2

ADDR: 940CC2 CODE: 7408 jz 0x940ccc
Eax=922AF0 Ebx=0 Ecx=7FFFFFE3 Edx=7FFFFFFF Edi=0 Esi=945828 Ebp=327ECE4 Esp=327ECD8 Eip=940CC2

ADDR: 940CC2 CODE: 7408 jz 0x940ccc
Eax=922AF2 Ebx=0 Ecx=7FFFFFE2 Edx=7FFFFFFF Edi=0 Esi=945828 Ebp=327ECE4 Esp=327ECD8 Eip=940CC2

ADDR: 940CC2 CODE: 7408 jz 0x940ccc
Eax=922AF4 Ebx=0 Ecx=7FFFFFE1 Edx=7FFFFFFF Edi=0 Esi=945828 Ebp=327ECE4 Esp=327ECD8 Eip=940CC2

ADDR: 940CC2 CODE: 7408 jz 0x940ccc
Eax=922AF6 Ebx=0 Ecx=7FFFFFE0 Edx=7FFFFFFF Edi=0 Esi=945828 Ebp=327ECE4 Esp=327ECD8 Eip=940CC2

ADDR: 940CE1 CODE: 740c jz 0x940cef
Eax=0 Ebx=0 Ecx=7FFFFFE0 Edx=7FFFFFFF Edi=0 Esi=327EDBC Ebp=327ECE4 Esp=327ECD8 Eip=940CE1

ADDR: 940CE5 CODE: 7406 jz 0x940ced
Eax=0 Ebx=0 Ecx=7FFFFFE0 Edx=7FFFFFFF Edi=0 Esi=327EDBC Ebp=327ECE4 Esp=327ECD8 Eip=940CE5

ADDR: 93411A CODE: 7910 jns 0x93412c
Eax=0 Ebx=0 Ecx=7FFFFFE0 Edx=1F Edi=35A3F60 Esi=945828 Ebp=327F9E8 Esp=327ECF0 Eip=93411A

ADDR: 934143 CODE: 0f82e9240000 jb 0x936632
Eax=20 Ebx=0 Ecx=44 Edx=1F Edi=35A3F60 Esi=945828 Ebp=327F9E8 Esp=327ECF0 Eip=934143

ADDR: 93415B CODE: 7302 jae 0x93415f
Eax=108 Ebx=0 Ecx=108 Edx=C4 Edi=FFFFFFFF Esi=945828 Ebp=327F9E8 Esp=327ECF0 Eip=93415B

ADDR: 934175 CODE: 0f82ce250000 jb 0x936749
Eax=108 Ebx=0 Ecx=108 Edx=C4 Edi=FFFFFFFF Esi=10000000 Ebp=327F9E8 Esp=327ECF0 Eip=934175

ADDR: 934182 CODE: 7302 jae 0x934186
Eax=108 Ebx=0 Ecx=110 Edx=110 Edi=FFFFFFFF Esi=10000000 Ebp=327F9E8 Esp=327ECF0 Eip=934182

ADDR: 93419C CODE: 0f82a7250000 jb 0x936749
Eax=108 Ebx=0 Ecx=110 Edx=110 Edi=FFFFFFFF Esi=10000000 Ebp=327F9E8 Esp=327ECF0 Eip=93419C

ADDR: 9341A9 CODE: 7302 jae 0x9341ad
Eax=118 Ebx=0 Ecx=110 Edx=118 Edi=FFFFFFFF Esi=10000000 Ebp=327F9E8 Esp=327ECF0 Eip=9341A9

ADDR: 9341C4 CODE: 0f827f250000 jb 0x936749
Eax=118 Ebx=0 Ecx=110 Edx=118 Edi=C0000095 Esi=10000000 Ebp=327F9E8 Esp=327ECF0 Eip=9341C4

ADDR: 77A24CFF CODE: 0f8426e60500 jz 0x77a8332b
Eax=3550000 Ebx=0 Ecx=110 Edx=118 Edi=C0000095 Esi=3550000 Ebp=327ECDC Esp=327ECD0 Eip=77A24CFF

ADDR: 77A24D11 CODE: 0f842be60500 jz 0x77a83342
Eax=3550000 Ebx=0 Ecx=3550000 Edx=118 Edi=C0000095 Esi=3550000 Ebp=327ECDC Esp=327ECD0 Eip=77A24D11

ADDR: 77A24E6C CODE: 760c jbe 0x77a24e7a
Eax=0 Ebx=3550000 Ecx=8 Edx=118 Edi=118 Esi=3550000 Ebp=327ECC0 Esp=327EC48 Eip=77A24E6C

ADDR: 77A24E9D CODE: 742b jz 0x77a24eca
Eax=0 Ebx=3550000 Ecx=0 Edx=0 Edi=118 Esi=3550000 Ebp=327ECC0 Esp=327EC48 Eip=77A24E9D

ADDR: 77A24ED5 CODE: 7445 jz 0x77a24f1c
Eax=0 Ebx=3550000 Ecx=8 Edx=0 Edi=118 Esi=0 Ebp=327ECC0 Esp=327EC48 Eip=77A24ED5

ADDR: 77A24F4B CODE: 0f87f5090000 ja 0x77a25946
Eax=118 Ebx=3550000 Ecx=8 Edx=24 Edi=118 Esi=120 Ebp=327ECC0 Esp=327EC48 Eip=77A24F4B

ADDR: 77A24F6F CODE: 0f84ce090000 jz 0x77a25943
Eax=10 Ebx=3550000 Ecx=4 Edx=0 Edi=118 Esi=120 Ebp=327ECC0 Esp=327EC48 Eip=77A24F6F

ADDR: 77A2594F CODE: 7211 jb 0x77a25962
Eax=3550270 Ebx=3550000 Ecx=4 Edx=24 Edi=118 Esi=120 Ebp=327ECC0 Esp=327EC48 Eip=77A2594F

ADDR: 77A25967 CODE: 0f838c030000 jae 0x77a25cf9
Eax=3550270 Ebx=3550000 Ecx=24 Edx=24 Edi=118 Esi=120 Ebp=327ECC0 Esp=327EC48 Eip=77A25967

ADDR: 77A2597C CODE: 7402 jz 0x77a25980
Eax=3550270 Ebx=3550000 Ecx=24 Edx=24 Edi=118 Esi=120 Ebp=327ECC0 Esp=327EC48 Eip=77A2597C

ADDR: 77A25F44 CODE: 7329 jae 0x77a25f6f
Eax=327EC20 Ebx=A Ecx=3550000 Edx=A Edi=3550000 Esi=24 Ebp=327EC30 Esp=327EAB0 Eip=77A25F44

ADDR: 77A25F53 CODE: 730c jae 0x77a25f61
Eax=327EC20 Ebx=A Ecx=3550001 Edx=24 Edi=3550000 Esi=24 Ebp=327EC30 Esp=327EAB0 Eip=77A25F53

ADDR: 77A26022 CODE: 7415 jz 0x77a26039
Eax=327EC90 Ebx=0 Ecx=3550001 Edx=24 Edi=3550000 Esi=24 Ebp=327EC30 Esp=327EAB0 Eip=77A26022

ADDR: 77A43F37 CODE: 7316 jae 0x77a43f4f
Eax=3550258 Ebx=0 Ecx=355025C Edx=3191000 Edi=3550000 Esi=24 Ebp=327EAA4 Esp=327EAA4 Eip=77A43F37

ADDR: 77A260CB CODE: 7407 jz 0x77a260d4
Eax=1 Ebx=0 Ecx=4720 Edx=3191000 Edi=3550000 Esi=24 Ebp=327EC30 Esp=327EAB0 Eip=77A260CB

ADDR: 77A260DA CODE: 0f8739170000 ja 0x77a27819
Eax=1 Ebx=0 Ecx=4720 Edx=24 Edi=3550000 Esi=24 Ebp=327EC30 Esp=327EAB0 Eip=77A260DA

ADDR: 77A260F4 CODE: 723a jb 0x77a26130
Eax=118 Ebx=0 Ecx=4720 Edx=24 Edi=3550000 Esi=24 Ebp=327EC30 Esp=327EAB0 Eip=77A260F4

ADDR: 77A26136 CODE: 0f87d5000000 ja 0x77a26211
Eax=118 Ebx=0 Ecx=4720 Edx=24 Edi=3550000 Esi=24 Ebp=327EC30 Esp=327EAB0 Eip=77A26136

ADDR: 77A26188 CODE: 7716 ja 0x77a261a0
Eax=3552602 Ebx=4 Ecx=102 Edx=0 Edi=3550000 Esi=35526D8 Ebp=327EC30 Esp=327EAB0 Eip=77A26188

ADDR: 77A26192 CODE: 770c ja 0x77a261a0
Eax=FF00 Ebx=4 Ecx=102 Edx=0 Edi=3550000 Esi=35526D8 Ebp=327EC30 Esp=327EAB0 Eip=77A26192

ADDR: 77A26216 CODE: 0f844f020000 jz 0x77a2646b
Eax=FF00 Ebx=4 Ecx=102 Edx=24 Edi=3550000 Esi=3550334 Ebp=327EC30 Esp=327EAB0 Eip=77A26216

ADDR: 77A26220 CODE: 0f8445020000 jz 0x77a2646b
Eax=FF00 Ebx=4 Ecx=102 Edx=24 Edi=3550000 Esi=0 Ebp=327EC30 Esp=327EAB0 Eip=77A26220

ADDR: 77A26485 CODE: 7304 jae 0x77a2648b
Eax=35500C0 Ebx=4 Ecx=80 Edx=24 Edi=3550000 Esi=3550270 Ebp=327EC30 Esp=327EAB0 Eip=77A26485

ADDR: 77A264D3 CODE: 7438 jz 0x77a2650d
Eax=35A66F8 Ebx=D09EFC7C Ecx=80 Edx=35500C0 Edi=3550000 Esi=3550270 Ebp=327EC30 Esp=327EAB0 Eip=77A264D3

ADDR: 77A264F3 CODE: 7418 jz 0x77a2650d
Eax=18 Ebx=1800051D Ecx=1818 Edx=35500C0 Edi=3550000 Esi=3550270 Ebp=327EC30 Esp=327EAB0 Eip=77A264F3

ADDR: 77A2651D CODE: 7e07 jle 0x77a26526
Eax=51D Ebx=1800051D Ecx=FFFFFB07 Edx=35500C0 Edi=3550000 Esi=3550270 Ebp=327EC30 Esp=327EAB0 Eip=77A2651D

ADDR: 77A2653A CODE: 7438 jz 0x77a26574
Eax=359BB38 Ebx=CA9EF963 Ecx=FFFFFB07 Edx=35500C0 Edi=3550000 Esi=3550270 Ebp=327EC30 Esp=327EAB0 Eip=77A2653A

ADDR: 77A2655A CODE: 7418 jz 0x77a26574
Eax=2 Ebx=2000002 Ecx=202 Edx=35500C0 Edi=3550000 Esi=3550270 Ebp=327EC30 Esp=327EAB0 Eip=77A2655A

ADDR: 77A26584 CODE: 7f07 jg 0x77a2658d
Eax=2 Ebx=2000002 Ecx=22 Edx=35500C0 Edi=3550000 Esi=3550270 Ebp=327EC30 Esp=327EAB0 Eip=77A26584

ADDR: 77A26664 CODE: 7708 ja 0x77a2666e
Eax=3550298 Ebx=0 Ecx=3 Edx=1 Edi=3550000 Esi=3550270 Ebp=327EC30 Esp=327EAB0 Eip=77A26664

ADDR: 77A26664 CODE: 7708 ja 0x77a2666e
Eax=355029C Ebx=0 Ecx=3 Edx=2 Edi=3550000 Esi=3550270 Ebp=327EC30 Esp=327EAB0 Eip=77A26664

ADDR: 77A26664 CODE: 7708 ja 0x77a2666e
Eax=35502A0 Ebx=0 Ecx=3 Edx=3 Edi=3550000 Esi=3550270 Ebp=327EC30 Esp=327EAB0 Eip=77A26664

ADDR: 77A26664 CODE: 7708 ja 0x77a2666e
Eax=35502A4 Ebx=0 Ecx=3 Edx=4 Edi=3550000 Esi=3550270 Ebp=327EC30 Esp=327EAB0 Eip=77A26664

ADDR: 77A26670 CODE: 0f848c110000 jz 0x77a27802
Eax=35502A4 Ebx=0 Ecx=3 Edx=4 Edi=3550000 Esi=3550270 Ebp=327EC30 Esp=327EAB0 Eip=77A26670

ADDR: 77A264D3 CODE: 7438 jz 0x77a2650d
Eax=35A66F8 Ebx=D09EFC7C Ecx=3 Edx=35500C0 Edi=3550000 Esi=35536A0 Ebp=327EC30 Esp=327EAB0 Eip=77A264D3

ADDR: 77A264F3 CODE: 7418 jz 0x77a2650d
Eax=18 Ebx=1800051D Ecx=1818 Edx=35500C0 Edi=3550000 Esi=35536A0 Ebp=327EC30 Esp=327EAB0 Eip=77A264F3

ADDR: 77A2651D CODE: 7e07 jle 0x77a26526
Eax=51D Ebx=1800051D Ecx=FFFFFB07 Edx=35500C0 Edi=3550000 Esi=35536A0 Ebp=327EC30 Esp=327EAB0 Eip=77A2651D

ADDR: 77A2653A CODE: 7438 jz 0x77a26574
Eax=359BB38 Ebx=CA9EF963 Ecx=FFFFFB07 Edx=35500C0 Edi=3550000 Esi=35536A0 Ebp=327EC30 Esp=327EAB0 Eip=77A2653A

ADDR: 77A2655A CODE: 7418 jz 0x77a26574
Eax=2 Ebx=2000002 Ecx=202 Edx=35500C0 Edi=3550000 Esi=35536A0 Ebp=327EC30 Esp=327EAB0 Eip=77A2655A

ADDR: 77A26584 CODE: 7f07 jg 0x77a2658d
Eax=2 Ebx=2000002 Ecx=22 Edx=35500C0 Edi=3550000 Esi=35536A0 Ebp=327EC30 Esp=327EAB0 Eip=77A26584

ADDR: 77A26664 CODE: 7708 ja 0x77a2666e
Eax=35536C4 Ebx=0 Ecx=3B Edx=0 Edi=3550000 Esi=35536A0 Ebp=327EC30 Esp=327EAB0 Eip=77A26664

ADDR: 77A26664 CODE: 7708 ja 0x77a2666e
Eax=35536C8 Ebx=0 Ecx=3B Edx=1 Edi=3550000 Esi=35536A0 Ebp=327EC30 Esp=327EAB0 Eip=77A26664

ADDR: 77A26664 CODE: 7708 ja 0x77a2666e
Eax=35536CC Ebx=0 Ecx=3B Edx=2 Edi=3550000 Esi=35536A0 Ebp=327EC30 Esp=327EAB0 Eip=77A26664

ADDR: 77A26664 CODE: 7708 ja 0x77a2666e
Eax=35536D0 Ebx=0 Ecx=3B Edx=3 Edi=3550000 Esi=35536A0 Ebp=327EC30 Esp=327EAB0 Eip=77A26664

ADDR: 77A26664 CODE: 7708 ja 0x77a2666e
Eax=35536D4 Ebx=0 Ecx=3B Edx=4 Edi=3550000 Esi=35536A0 Ebp=327EC30 Esp=327EAB0 Eip=77A26664

ADDR: 77A26664 CODE: 7708 ja 0x77a2666e
Eax=35536D8 Ebx=0 Ecx=3B Edx=5 Edi=3550000 Esi=35536A0 Ebp=327EC30 Esp=327EAB0 Eip=77A26664

ADDR: 77A26664 CODE: 7708 ja 0x77a2666e
Eax=35536DC Ebx=0 Ecx=3B Edx=6 Edi=3550000 Esi=35536A0 Ebp=327EC30 Esp=327EAB0 Eip=77A26664

ADDR: 77A26664 CODE: 7708 ja 0x77a2666e
Eax=35536E0 Ebx=0 Ecx=3B Edx=7 Edi=3550000 Esi=35536A0 Ebp=327EC30 Esp=327EAB0 Eip=77A26664

ADDR: 77A26664 CODE: 7708 ja 0x77a2666e
Eax=35536E4 Ebx=0 Ecx=3B Edx=8 Edi=3550000 Esi=35536A0 Ebp=327EC30 Esp=327EAB0 Eip=77A26664

ADDR: 77A26664 CODE: 7708 ja 0x77a2666e
Eax=35536E8 Ebx=0 Ecx=3B Edx=9 Edi=3550000 Esi=35536A0 Ebp=327EC30 Esp=327EAB0 Eip=77A26664

ADDR: 77A26664 CODE: 7708 ja 0x77a2666e
Eax=35536EC Ebx=0 Ecx=3B Edx=A Edi=3550000 Esi=35536A0 Ebp=327EC30 Esp=327EAB0 Eip=77A26664

ADDR: 77A26664 CODE: 7708 ja 0x77a2666e
Eax=35536F0 Ebx=0 Ecx=3B Edx=B Edi=3550000 Esi=35536A0 Ebp=327EC30 Esp=327EAB0 Eip=77A26664

ADDR: 77A26664 CODE: 7708 ja 0x77a2666e
Eax=35536F4 Ebx=0 Ecx=3B Edx=C Edi=3550000 Esi=35536A0 Ebp=327EC30 Esp=327EAB0 Eip=77A26664

ADDR: 77A26664 CODE: 7708 ja 0x77a2666e
Eax=35536F8 Ebx=0 Ecx=3B Edx=D Edi=3550000 Esi=35536A0 Ebp=327EC30 Esp=327EAB0 Eip=77A26664

ADDR: 77A26664 CODE: 7708 ja 0x77a2666e
Eax=35536FC Ebx=0 Ecx=3B Edx=E Edi=3550000 Esi=35536A0 Ebp=327EC30 Esp=327EAB0 Eip=77A26664

ADDR: 77A26664 CODE: 7708 ja 0x77a2666e
Eax=3553700 Ebx=0 Ecx=3B Edx=F Edi=3550000 Esi=35536A0 Ebp=327EC30 Esp=327EAB0 Eip=77A26664

ADDR: 77A26664 CODE: 7708 ja 0x77a2666e
Eax=3553704 Ebx=0 Ecx=3B Edx=10 Edi=3550000 Esi=35536A0 Ebp=327EC30 Esp=327EAB0 Eip=77A26664

ADDR: 77A26664 CODE: 7708 ja 0x77a2666e
Eax=3553708 Ebx=0 Ecx=3B Edx=11 Edi=3550000 Esi=35536A0 Ebp=327EC30 Esp=327EAB0 Eip=77A26664

ADDR: 77A26664 CODE: 7708 ja 0x77a2666e
Eax=355370C Ebx=0 Ecx=3B Edx=12 Edi=3550000 Esi=35536A0 Ebp=327EC30 Esp=327EAB0 Eip=77A26664

ADDR: 77A26664 CODE: 7708 ja 0x77a2666e
Eax=3553710 Ebx=0 Ecx=3B Edx=13 Edi=3550000 Esi=35536A0 Ebp=327EC30 Esp=327EAB0 Eip=77A26664

ADDR: 77A26664 CODE: 7708 ja 0x77a2666e
Eax=3553714 Ebx=0 Ecx=3B Edx=14 Edi=3550000 Esi=35536A0 Ebp=327EC30 Esp=327EAB0 Eip=77A26664

ADDR: 77A26664 CODE: 7708 ja 0x77a2666e
Eax=3553718 Ebx=0 Ecx=3B Edx=15 Edi=3550000 Esi=35536A0 Ebp=327EC30 Esp=327EAB0 Eip=77A26664

ADDR: 77A26664 CODE: 7708 ja 0x77a2666e
Eax=355371C Ebx=0 Ecx=3B Edx=16 Edi=3550000 Esi=35536A0 Ebp=327EC30 Esp=327EAB0 Eip=77A26664

ADDR: 77A26664 CODE: 7708 ja 0x77a2666e
Eax=3553720 Ebx=0 Ecx=3B Edx=17 Edi=3550000 Esi=35536A0 Ebp=327EC30 Esp=327EAB0 Eip=77A26664

ADDR: 77A26664 CODE: 7708 ja 0x77a2666e
Eax=3553724 Ebx=0 Ecx=3B Edx=18 Edi=3550000 Esi=35536A0 Ebp=327EC30 Esp=327EAB0 Eip=77A26664

ADDR: 77A26664 CODE: 7708 ja 0x77a2666e
Eax=3553728 Ebx=0 Ecx=3B Edx=19 Edi=3550000 Esi=35536A0 Ebp=327EC30 Esp=327EAB0 Eip=77A26664

ADDR: 77A26664 CODE: 7708 ja 0x77a2666e
Eax=355372C Ebx=0 Ecx=3B Edx=1A Edi=3550000 Esi=35536A0 Ebp=327EC30 Esp=327EAB0 Eip=77A26664

ADDR: 77A26664 CODE: 7708 ja 0x77a2666e
Eax=3553730 Ebx=0 Ecx=3B Edx=1B Edi=3550000 Esi=35536A0 Ebp=327EC30 Esp=327EAB0 Eip=77A26664

ADDR: 77A26664 CODE: 7708 ja 0x77a2666e
Eax=3553734 Ebx=0 Ecx=3B Edx=1C Edi=3550000 Esi=35536A0 Ebp=327EC30 Esp=327EAB0 Eip=77A26664

ADDR: 77A26664 CODE: 7708 ja 0x77a2666e
Eax=3553738 Ebx=0 Ecx=3B Edx=1D Edi=3550000 Esi=35536A0 Ebp=327EC30 Esp=327EAB0 Eip=77A26664

ADDR: 77A26664 CODE: 7708 ja 0x77a2666e
Eax=355373C Ebx=0 Ecx=3B Edx=1E Edi=3550000 Esi=35536A0 Ebp=327EC30 Esp=327EAB0 Eip=77A26664

ADDR: 77A26664 CODE: 7708 ja 0x77a2666e
Eax=3553740 Ebx=0 Ecx=3B Edx=1F Edi=3550000 Esi=35536A0 Ebp=327EC30 Esp=327EAB0 Eip=77A26664

ADDR: 77A26664 CODE: 7708 ja 0x77a2666e
Eax=3553744 Ebx=0 Ecx=3B Edx=20 Edi=3550000 Esi=35536A0 Ebp=327EC30 Esp=327EAB0 Eip=77A26664

ADDR: 77A26664 CODE: 7708 ja 0x77a2666e
Eax=3553748 Ebx=0 Ecx=3B Edx=21 Edi=3550000 Esi=35536A0 Ebp=327EC30 Esp=327EAB0 Eip=77A26664

ADDR: 77A26664 CODE: 7708 ja 0x77a2666e
Eax=355374C Ebx=0 Ecx=3B Edx=22 Edi=3550000 Esi=35536A0 Ebp=327EC30 Esp=327EAB0 Eip=77A26664

ADDR: 77A26664 CODE: 7708 ja 0x77a2666e
Eax=3553750 Ebx=0 Ecx=3B Edx=23 Edi=3550000 Esi=35536A0 Ebp=327EC30 Esp=327EAB0 Eip=77A26664

ADDR: 77A26679 CODE: 7422 jz 0x77a2669d
Eax=3553754 Ebx=20000000 Ecx=3B Edx=24 Edi=3550000 Esi=35536A0 Ebp=327EC30 Esp=327EAB0 Eip=77A26679

ADDR: 77A266A7 CODE: 740c jz 0x77a266b5
Eax=0 Ebx=20000000 Ecx=3B Edx=24 Edi=3550000 Esi=35536A0 Ebp=327EC30 Esp=327EAB0 Eip=77A266A7

ADDR: 77A266D1 CODE: 7402 jz 0x77a266d5
Eax=1D Ebx=20 Ecx=3B Edx=49D Edi=3550000 Esi=35536A0 Ebp=327EC30 Esp=327EAB0 Eip=77A266D1

ADDR: 77A266E0 CODE: 0f841c110000 jz 0x77a27802
Eax=35A6700 Ebx=20 Ecx=3B Edx=49D Edi=3550000 Esi=35536A0 Ebp=327EC30 Esp=327EAB0 Eip=77A266E0

ADDR: 77A266F2 CODE: 0f844d020000 jz 0x77a26945
Eax=35A6700 Ebx=20 Ecx=3B Edx=49D Edi=3550000 Esi=35536A0 Ebp=327EC30 Esp=327EAB0 Eip=77A266F2

ADDR: 77A26702 CODE: 741f jz 0x77a26723
Eax=35A6700 Ebx=35A66F8 Ecx=3B Edx=49D Edi=3550000 Esi=35536A0 Ebp=327EC30 Esp=327EAB0 Eip=77A26702

ADDR: 77A26714 CODE: 740a jz 0x77a26720
Eax=C89EF918 Ebx=35A66F8 Ecx=3B Edx=49D Edi=3550000 Esi=35536A0 Ebp=327EC30 Esp=327EAB0 Eip=77A26714

ADDR: 77A26729 CODE: 0f8200020000 jb 0x77a2692f
Eax=35A6700 Ebx=35A66F8 Ecx=3B Edx=49D Edi=3550000 Esi=51D Ebp=327EC30 Esp=327EAB0 Eip=77A26729

ADDR: 77A26761 CODE: 0f841c010000 jz 0x77a26883
Eax=35A6700 Ebx=35A66F8 Ecx=3550270 Edx=35A6700 Edi=3550000 Esi=51D Ebp=327EC30 Esp=327EAB0 Eip=77A26761

ADDR: 77A26778 CODE: 730b jae 0x77a26785
Eax=51D Ebx=35A66F8 Ecx=3550270 Edx=35A6700 Edi=3550000 Esi=80 Ebp=327EC30 Esp=327EAB0 Eip=77A26778

ADDR: 77A26778 CODE: 730b jae 0x77a26785
Eax=51D Ebx=35A66F8 Ecx=35536A0 Edx=35536A0 Edi=3550000 Esi=800 Ebp=327EC30 Esp=327EAB0 Eip=77A26778

ADDR: 77A2680D CODE: 0f83db000000 jae 0x77a268ee
Eax=7FF Ebx=35A66F8 Ecx=35536A0 Edx=49D Edi=3550000 Esi=35500C0 Ebp=327EC30 Esp=327EAB0 Eip=77A2680D

ADDR: 77A26816 CODE: 0f84a3000000 jz 0x77a268bf
Eax=7FF Ebx=35A66F8 Ecx=35536A0 Edx=49D Edi=3550000 Esi=35500C0 Ebp=327EC30 Esp=327EAB0 Eip=77A26816

ADDR: 77A26895 CODE: 7475 jz 0x77a2690c
Eax=35500C0 Ebx=35A66F8 Ecx=358E9B8 Edx=DFFFFFFF Edi=3550000 Esi=24 Ebp=327EC30 Esp=327EAB0 Eip=77A26895

ADDR: 77A26ACC CODE: 7418 jz 0x77a26ae6
Eax=35500C0 Ebx=35A66F8 Ecx=358E900 Edx=DFFFFFFF Edi=3550000 Esi=1 Ebp=327EC30 Esp=327EAB0 Eip=77A26ACC

ADDR: 77A26B12 CODE: 7305 jae 0x77a26b19
Eax=8 Ebx=35A66F8 Ecx=24 Edx=4F9 Edi=3550000 Esi=1 Ebp=327EC30 Esp=327EAB0 Eip=77A26B12

ADDR: 77A26B27 CODE: 741e jz 0x77a26b47
Eax=8 Ebx=35A66F8 Ecx=24 Edx=4F9 Edi=3550000 Esi=1 Ebp=327EC30 Esp=327EAB0 Eip=77A26B27

ADDR: 77A26CA1 CODE: 741a jz 0x77a26cbd
Eax=0 Ebx=35A66F8 Ecx=24 Edx=4F9 Edi=3550000 Esi=1 Ebp=327EC30 Esp=327EAB0 Eip=77A26CA1

ADDR: 77A26D47 CODE: 0f845d050000 jz 0x77a272aa
Eax=9F Ebx=35A6818 Ecx=100000 Edx=4F9 Edi=3550000 Esi=35A8FE0 Ebp=327EC30 Esp=327EAB0 Eip=77A26D47

ADDR: 77A26D81 CODE: 0f8496020000 jz 0x77a2701d
Eax=35500C0 Ebx=35A6818 Ecx=100000 Edx=4F9 Edi=3550000 Esi=3550270 Ebp=327EC30 Esp=327EAB0 Eip=77A26D81

ADDR: 77A26D8C CODE: 7304 jae 0x77a26d92
Eax=35500C0 Ebx=35A6818 Ecx=80 Edx=4F9 Edi=3550000 Esi=3550270 Ebp=327EC30 Esp=327EAB0 Eip=77A26D8C

ADDR: 77A26D8C CODE: 7304 jae 0x77a26d92
Eax=35536A0 Ebx=35A6818 Ecx=800 Edx=4F9 Edi=3550000 Esi=35536A0 Ebp=327EC30 Esp=327EAB0 Eip=77A26D8C

ADDR: 77A26DD5 CODE: 743b jz 0x77a26e12
Eax=358E9B0 Ebx=35A6818 Ecx=358E9B8 Edx=C49EF96D Edi=3550000 Esi=35536A0 Ebp=327EC30 Esp=327EAB0 Eip=77A26DD5

ADDR: 77A26DF8 CODE: 7418 jz 0x77a26e12
Eax=C Ebx=35A6818 Ecx=C0C Edx=C00000C Edi=3550000 Esi=35536A0 Ebp=327EC30 Esp=327EAB0 Eip=77A26DF8

ADDR: 77A26E22 CODE: 7e08 jle 0x77a26e2c
Eax=C Ebx=35A6818 Ecx=4ED Edx=C00000C Edi=3550000 Esi=35536A0 Ebp=327EC30 Esp=327EAB0 Eip=77A26E22

ADDR: 77A26FF9 CODE: 740b jz 0x77a27006
Eax=C Ebx=35A6818 Ecx=35500C0 Edx=C00000C Edi=3550000 Esi=35536A0 Ebp=327EC30 Esp=327EAB0 Eip=77A26FF9

ADDR: 77A27024 CODE: 7435 jz 0x77a2705b
Eax=35500C0 Ebx=35A6818 Ecx=35500C0 Edx=C00000C Edi=3550000 Esi=4F9 Ebp=327EC30 Esp=327EAB0 Eip=77A27024

ADDR: 77A27094 CODE: 0f84fc000000 jz 0x77a27196
Eax=4F9 Ebx=35A6818 Ecx=3550270 Edx=358E9B8 Edi=3550000 Esi=35500C0 Ebp=327EC30 Esp=327EAB0 Eip=77A27094

ADDR: 77A270A5 CODE: 730a jae 0x77a270b1
Eax=4F9 Ebx=35A6818 Ecx=3550270 Edx=358E9B8 Edi=3550000 Esi=80 Ebp=327EC30 Esp=327EAB0 Eip=77A270A5

ADDR: 77A270A5 CODE: 730a jae 0x77a270b1
Eax=4F9 Ebx=35A6818 Ecx=35536A0 Edx=35536A0 Edi=3550000 Esi=800 Ebp=327EC30 Esp=327EAB0 Eip=77A270A5

ADDR: 77A270FF CODE: 7464 jz 0x77a27165
Eax=0 Ebx=35A6818 Ecx=35536A0 Edx=4F9 Edi=3550000 Esi=479 Ebp=327EC30 Esp=327EAB0 Eip=77A270FF

ADDR: 77A2719A CODE: 0f8497040000 jz 0x77a27637
Eax=35536C4 Ebx=35A6818 Ecx=19 Edx=2000000 Edi=3550000 Esi=23 Ebp=327EC30 Esp=327EAB0 Eip=77A2719A

ADDR: 77A26B7F CODE: 0f841c0b0000 jz 0x77a276a1
Eax=8 Ebx=35A6700 Ecx=120 Edx=35A66FF Edi=3550000 Esi=120 Ebp=327EC30 Esp=327EAB0 Eip=77A26B7F

ADDR: 77A26B89 CODE: 7413 jz 0x77a26b9e
Eax=8 Ebx=35A6700 Ecx=120 Edx=35A66FF Edi=3550000 Esi=120 Ebp=327EC30 Esp=327EAB0 Eip=77A26B89

ADDR: 77A26BA2 CODE: 0f84b7000000 jz 0x77a26c5f
Eax=C89EF961 Ebx=35A6700 Ecx=35A66F8 Edx=35A66FF Edi=3550000 Esi=120 Ebp=327EC30 Esp=327EAB0 Eip=77A26BA2

ADDR: 77A26BC7 CODE: 762c jbe 0x77a26bf5
Eax=C89EF961 Ebx=35A6700 Ecx=35A66F8 Edx=1 Edi=3550000 Esi=120 Ebp=327EC30 Esp=327EAB0 Eip=77A26BC7

ADDR: 77A26C05 CODE: 7249 jb 0x77a26c50
Eax=C89EF961 Ebx=35A6700 Ecx=35A66F8 Edx=1 Edi=3550000 Esi=120 Ebp=327EC30 Esp=327EAB0 Eip=77A26C05

ADDR: 77A27B53 CODE: 746e jz 0x77a27bc3
Eax=FFFFFFFE Ebx=3550258 Ecx=FFFFFFFF Edx=1 Edi=355025C Esi=FFFFFFFE Ebp=327EAA4 Esp=327EA90 Eip=77A27B53

ADDR: 77A26C63 CODE: 0f84150e0000 jz 0x77a27a7e
Eax=0 Ebx=35A6700 Ecx=FFFFFFFF Edx=1 Edi=3550000 Esi=120 Ebp=327EC30 Esp=327EAB0 Eip=77A26C63

ADDR: 77A5B3CA CODE: 744f jz 0x77a5b41b
Eax=118 Ebx=35A6700 Ecx=35A6700 Edx=118 Edi=3550000 Esi=120 Ebp=327EC30 Esp=327EAA0 Eip=77A5B3CA

ADDR: 77A5B3D8 CODE: 7231 jb 0x77a5b40b
Eax=0 Ebx=35A6700 Ecx=35A6700 Edx=118 Edi=35A6700 Esi=120 Ebp=327EC30 Esp=327EA9C Eip=77A5B3D8

ADDR: 77A5B3DF CODE: 740c jz 0x77a5b3ed
Eax=0 Ebx=35A6700 Ecx=0 Edx=118 Edi=35A6700 Esi=120 Ebp=327EC30 Esp=327EA9C Eip=77A5B3DF

ADDR: 77A5B403 CODE: 7406 jz 0x77a5b40b
Eax=0 Ebx=35A6700 Ecx=46 Edx=0 Edi=35A6700 Esi=120 Ebp=327EC30 Esp=327EA9C Eip=77A5B403

ADDR: 77A5B409 CODE: 740a jz 0x77a5b415
Eax=0 Ebx=35A6700 Ecx=0 Edx=0 Edi=35A6818 Esi=120 Ebp=327EC30 Esp=327EA9C Eip=77A5B409

ADDR: 77A27AAD CODE: 741e jz 0x77a27acd
Eax=35A6700 Ebx=35A6700 Ecx=0 Edx=0 Edi=3550000 Esi=120 Ebp=327EC30 Esp=327EAAC Eip=77A27AAD

ADDR: 77A27A91 CODE: 743b jz 0x77a27ace
Eax=0 Ebx=35A6700 Ecx=0 Edx=0 Edi=3550000 Esi=120 Ebp=327EC30 Esp=327EAB0 Eip=77A27A91

ADDR: 77A27AD6 CODE: 741f jz 0x77a27af7
Eax=7FFE0388 Ebx=35A6700 Ecx=0 Edx=0 Edi=3550000 Esi=120 Ebp=327EC30 Esp=327EAB0 Eip=77A27AD6

ADDR: 77A25D13 CODE: 7445 jz 0x77a25d5a
Eax=35A6700 Ebx=3550000 Ecx=19BAFD24 Edx=0 Edi=35A6700 Esi=120 Ebp=327ECC0 Esp=327EC48 Eip=77A25D13

ADDR: 77A25D1D CODE: 0f8474000000 jz 0x77a25d97
Eax=35A6700 Ebx=3550000 Ecx=118 Edx=0 Edi=35A6700 Esi=120 Ebp=327ECC0 Esp=327EC48 Eip=77A25D1D

ADDR: 77A25DA5 CODE: 7415 jz 0x77a25dbc
Eax=0 Ebx=3550000 Ecx=8 Edx=0 Edi=35A6700 Esi=120 Ebp=327ECC0 Esp=327EC48 Eip=77A25DA5

ADDR: 77A25DC4 CODE: 0f8492000000 jz 0x77a25e5c
Eax=7FFE0380 Ebx=3550000 Ecx=8 Edx=0 Edi=35A6700 Esi=120 Ebp=327ECC0 Esp=327EC48 Eip=77A25DC4

ADDR: 77A25E63 CODE: 743b jz 0x77a25ea0
Eax=0 Ebx=3550000 Ecx=8 Edx=0 Edi=35A6700 Esi=120 Ebp=327ECC0 Esp=327EC48 Eip=77A25E63

ADDR: 9341E4 CODE: 0f84bbfeffff jz 0x9340a5
Eax=35A6700 Ebx=0 Ecx=8 Edx=35A6700 Edi=C0000095 Esi=10000000 Ebp=327F9E8 Esp=327ECF0 Eip=9341E4

ADDR: 9341FB CODE: 724f jb 0x93424c
Eax=35A6700 Ebx=0 Ecx=8 Edx=35A6700 Edi=C0000095 Esi=35A6704 Ebp=327F9E8 Esp=327ECF0 Eip=9341FB

ADDR: 93420A CODE: 760a jbe 0x934216
Eax=35A6708 Ebx=0 Ecx=35A6818 Edx=35A6700 Edi=C0000095 Esi=35A6704 Ebp=327F9E8 Esp=327ECF0 Eip=93420A

ADDR: 93425D CODE: 7417 jz 0x934276
Eax=35A6708 Ebx=0 Ecx=1 Edx=35A6700 Edi=C0000095 Esi=0 Ebp=327F9E8 Esp=327ECF0 Eip=93425D

ADDR: 934267 CODE: 72e3 jb 0x93424c
Eax=8 Ebx=0 Ecx=1 Edx=35A6700 Edi=C0000095 Esi=0 Ebp=327F9E8 Esp=327ECF0 Eip=934267

ADDR: 93426D CODE: 72dd jb 0x93424c
Eax=35A6708 Ebx=0 Ecx=1 Edx=35A6700 Edi=C0000095 Esi=0 Ebp=327F9E8 Esp=327ECF0 Eip=93426D

ADDR: 934274 CODE: 72e9 jb 0x93425f
Eax=35A6708 Ebx=0 Ecx=1 Edx=35A6708 Edi=C0000095 Esi=1 Ebp=327F9E8 Esp=327ECF0 Eip=934274

ADDR: 93427B CODE: 0f82b1230000 jb 0x936632
Eax=35A6708 Ebx=0 Ecx=1 Edx=35A6708 Edi=35A670C Esi=1 Ebp=327F9E8 Esp=327ECF0 Eip=93427B

ADDR: 934295 CODE: 0f8771ffffff ja 0x93420c
Eax=35A67AC Ebx=0 Ecx=35A6818 Edx=35A6708 Edi=35A670C Esi=1 Ebp=327F9E8 Esp=327ECF0 Eip=934295

ADDR: 9342E5 CODE: 741f jz 0x934306
Eax=35A67AC Ebx=0 Ecx=2 Edx=35A6700 Edi=0 Esi=118 Ebp=327F9E8 Esp=327ECF0 Eip=9342E5

ADDR: 9342EF CODE: 0f823d230000 jb 0x936632
Eax=8 Ebx=0 Ecx=2 Edx=35A6700 Edi=0 Esi=118 Ebp=327F9E8 Esp=327ECF0 Eip=9342EF

ADDR: 9342F9 CODE: 0f8233230000 jb 0x936632
Eax=35A6708 Ebx=0 Ecx=2 Edx=35A6700 Edi=0 Esi=118 Ebp=327F9E8 Esp=327ECF0 Eip=9342F9

ADDR: 934304 CODE: 72e1 jb 0x9342e7
Eax=35A6708 Ebx=0 Ecx=2 Edx=35A6708 Edi=1 Esi=118 Ebp=327F9E8 Esp=327ECF0 Eip=934304

ADDR: 9342EF CODE: 0f823d230000 jb 0x936632
Eax=A4 Ebx=0 Ecx=2 Edx=35A6708 Edi=1 Esi=118 Ebp=327F9E8 Esp=327ECF0 Eip=9342EF

ADDR: 9342F9 CODE: 0f8233230000 jb 0x936632
Eax=35A67AC Ebx=0 Ecx=2 Edx=35A6708 Edi=1 Esi=118 Ebp=327F9E8 Esp=327ECF0 Eip=9342F9

ADDR: 934304 CODE: 72e1 jb 0x9342e7
Eax=35A67AC Ebx=0 Ecx=2 Edx=35A67AC Edi=2 Esi=118 Ebp=327F9E8 Esp=327ECF0 Eip=934304

ADDR: 93430B CODE: 0f8221230000 jb 0x936632
Eax=35A67AC Ebx=0 Ecx=2 Edx=35A67AC Edi=35A67B0 Esi=118 Ebp=327F9E8 Esp=327ECF0 Eip=93430B

ADDR: 93431E CODE: 0f87e8feffff ja 0x93420c
Eax=35A67B8 Ebx=0 Ecx=35A6818 Edx=35A67AC Edi=35A67B0 Esi=118 Ebp=327F9E8 Esp=327ECF0 Eip=93431E

ADDR: 93437A CODE: 741f jz 0x93439b
Eax=AB69605E Ebx=0 Ecx=3 Edx=35A6700 Edi=35A67B0 Esi=0 Ebp=327F9E8 Esp=327ECF0 Eip=93437A

ADDR: 934384 CODE: 0f82a8220000 jb 0x936632
Eax=8 Ebx=0 Ecx=3 Edx=35A6700 Edi=35A67B0 Esi=0 Ebp=327F9E8 Esp=327ECF0 Eip=934384

ADDR: 93438E CODE: 0f829e220000 jb 0x936632
Eax=35A6708 Ebx=0 Ecx=3 Edx=35A6700 Edi=35A67B0 Esi=0 Ebp=327F9E8 Esp=327ECF0 Eip=93438E

ADDR: 934399 CODE: 72e1 jb 0x93437c
Eax=35A6708 Ebx=0 Ecx=3 Edx=35A6708 Edi=35A67B0 Esi=1 Ebp=327F9E8 Esp=327ECF0 Eip=934399

ADDR: 934384 CODE: 0f82a8220000 jb 0x936632
Eax=A4 Ebx=0 Ecx=3 Edx=35A6708 Edi=35A67B0 Esi=1 Ebp=327F9E8 Esp=327ECF0 Eip=934384

ADDR: 93438E CODE: 0f829e220000 jb 0x936632
Eax=35A67AC Ebx=0 Ecx=3 Edx=35A6708 Edi=35A67B0 Esi=1 Ebp=327F9E8 Esp=327ECF0 Eip=93438E

ADDR: 934399 CODE: 72e1 jb 0x93437c
Eax=35A67AC Ebx=0 Ecx=3 Edx=35A67AC Edi=35A67B0 Esi=2 Ebp=327F9E8 Esp=327ECF0 Eip=934399

ADDR: 934384 CODE: 0f82a8220000 jb 0x936632
Eax=C Ebx=0 Ecx=3 Edx=35A67AC Edi=35A67B0 Esi=2 Ebp=327F9E8 Esp=327ECF0 Eip=934384

ADDR: 93438E CODE: 0f829e220000 jb 0x936632
Eax=35A67B8 Ebx=0 Ecx=3 Edx=35A67AC Edi=35A67B0 Esi=2 Ebp=327F9E8 Esp=327ECF0 Eip=93438E

ADDR: 934399 CODE: 72e1 jb 0x93437c
Eax=35A67B8 Ebx=0 Ecx=3 Edx=35A67B8 Edi=35A67B0 Esi=3 Ebp=327F9E8 Esp=327ECF0 Eip=934399

ADDR: 9343A0 CODE: 0f828c220000 jb 0x936632
Eax=35A67B8 Ebx=0 Ecx=3 Edx=35A67B8 Edi=35A67B0 Esi=35A67BC Ebp=327F9E8 Esp=327ECF0 Eip=9343A0

ADDR: 9343B7 CODE: 0f874ffeffff ja 0x93420c
Eax=35A67C4 Ebx=0 Ecx=35A6818 Edx=35A67B8 Edi=35A67B0 Esi=35A67BC Ebp=327F9E8 Esp=327ECF0 Eip=9343B7

ADDR: 940CC2 CODE: 7408 jz 0x940ccc
Eax=922AB8 Ebx=0 Ecx=7FFFFFFF Edx=7FFFFFFF Edi=0 Esi=35A67BC Ebp=327ECE4 Esp=327ECD8 Eip=940CC2

ADDR: 940CC2 CODE: 7408 jz 0x940ccc
Eax=922ABA Ebx=0 Ecx=7FFFFFFE Edx=7FFFFFFF Edi=0 Esi=35A67BC Ebp=327ECE4 Esp=327ECD8 Eip=940CC2

ADDR: 940CC2 CODE: 7408 jz 0x940ccc
Eax=922ABC Ebx=0 Ecx=7FFFFFFD Edx=7FFFFFFF Edi=0 Esi=35A67BC Ebp=327ECE4 Esp=327ECD8 Eip=940CC2

ADDR: 940CC2 CODE: 7408 jz 0x940ccc
Eax=922ABE Ebx=0 Ecx=7FFFFFFC Edx=7FFFFFFF Edi=0 Esi=35A67BC Ebp=327ECE4 Esp=327ECD8 Eip=940CC2

ADDR: 940CC2 CODE: 7408 jz 0x940ccc
Eax=922AC0 Ebx=0 Ecx=7FFFFFFB Edx=7FFFFFFF Edi=0 Esi=35A67BC Ebp=327ECE4 Esp=327ECD8 Eip=940CC2

ADDR: 940CC2 CODE: 7408 jz 0x940ccc
Eax=922AC2 Ebx=0 Ecx=7FFFFFFA Edx=7FFFFFFF Edi=0 Esi=35A67BC Ebp=327ECE4 Esp=327ECD8 Eip=940CC2

ADDR: 940CC2 CODE: 7408 jz 0x940ccc
Eax=922AC4 Ebx=0 Ecx=7FFFFFF9 Edx=7FFFFFFF Edi=0 Esi=35A67BC Ebp=327ECE4 Esp=327ECD8 Eip=940CC2

ADDR: 940CC2 CODE: 7408 jz 0x940ccc
Eax=922AC6 Ebx=0 Ecx=7FFFFFF8 Edx=7FFFFFFF Edi=0 Esi=35A67BC Ebp=327ECE4 Esp=327ECD8 Eip=940CC2

ADDR: 940CC2 CODE: 7408 jz 0x940ccc
Eax=922AC8 Ebx=0 Ecx=7FFFFFF7 Edx=7FFFFFFF Edi=0 Esi=35A67BC Ebp=327ECE4 Esp=327ECD8 Eip=940CC2

ADDR: 940CC2 CODE: 7408 jz 0x940ccc
Eax=922ACA Ebx=0 Ecx=7FFFFFF6 Edx=7FFFFFFF Edi=0 Esi=35A67BC Ebp=327ECE4 Esp=327ECD8 Eip=940CC2

ADDR: 940CC2 CODE: 7408 jz 0x940ccc
Eax=922ACC Ebx=0 Ecx=7FFFFFF5 Edx=7FFFFFFF Edi=0 Esi=35A67BC Ebp=327ECE4 Esp=327ECD8 Eip=940CC2

ADDR: 940CC2 CODE: 7408 jz 0x940ccc
Eax=922ACE Ebx=0 Ecx=7FFFFFF4 Edx=7FFFFFFF Edi=0 Esi=35A67BC Ebp=327ECE4 Esp=327ECD8 Eip=940CC2

ADDR: 940CC2 CODE: 7408 jz 0x940ccc
Eax=922AD0 Ebx=0 Ecx=7FFFFFF3 Edx=7FFFFFFF Edi=0 Esi=35A67BC Ebp=327ECE4 Esp=327ECD8 Eip=940CC2

ADDR: 940CC2 CODE: 7408 jz 0x940ccc
Eax=922AD2 Ebx=0 Ecx=7FFFFFF2 Edx=7FFFFFFF Edi=0 Esi=35A67BC Ebp=327ECE4 Esp=327ECD8 Eip=940CC2

ADDR: 940CC2 CODE: 7408 jz 0x940ccc
Eax=922AD4 Ebx=0 Ecx=7FFFFFF1 Edx=7FFFFFFF Edi=0 Esi=35A67BC Ebp=327ECE4 Esp=327ECD8 Eip=940CC2

ADDR: 940CC2 CODE: 7408 jz 0x940ccc
Eax=922AD6 Ebx=0 Ecx=7FFFFFF0 Edx=7FFFFFFF Edi=0 Esi=35A67BC Ebp=327ECE4 Esp=327ECD8 Eip=940CC2

ADDR: 940CC2 CODE: 7408 jz 0x940ccc
Eax=922AD8 Ebx=0 Ecx=7FFFFFEF Edx=7FFFFFFF Edi=0 Esi=35A67BC Ebp=327ECE4 Esp=327ECD8 Eip=940CC2

ADDR: 940CC2 CODE: 7408 jz 0x940ccc
Eax=922ADA Ebx=0 Ecx=7FFFFFEE Edx=7FFFFFFF Edi=0 Esi=35A67BC Ebp=327ECE4 Esp=327ECD8 Eip=940CC2

ADDR: 940CC2 CODE: 7408 jz 0x940ccc
Eax=922ADC Ebx=0 Ecx=7FFFFFED Edx=7FFFFFFF Edi=0 Esi=35A67BC Ebp=327ECE4 Esp=327ECD8 Eip=940CC2

ADDR: 940CC2 CODE: 7408 jz 0x940ccc
Eax=922ADE Ebx=0 Ecx=7FFFFFEC Edx=7FFFFFFF Edi=0 Esi=35A67BC Ebp=327ECE4 Esp=327ECD8 Eip=940CC2

ADDR: 940CC2 CODE: 7408 jz 0x940ccc
Eax=922AE0 Ebx=0 Ecx=7FFFFFEB Edx=7FFFFFFF Edi=0 Esi=35A67BC Ebp=327ECE4 Esp=327ECD8 Eip=940CC2

ADDR: 940CC2 CODE: 7408 jz 0x940ccc
Eax=922AE2 Ebx=0 Ecx=7FFFFFEA Edx=7FFFFFFF Edi=0 Esi=35A67BC Ebp=327ECE4 Esp=327ECD8 Eip=940CC2

ADDR: 940CC2 CODE: 7408 jz 0x940ccc
Eax=922AE4 Ebx=0 Ecx=7FFFFFE9 Edx=7FFFFFFF Edi=0 Esi=35A67BC Ebp=327ECE4 Esp=327ECD8 Eip=940CC2

ADDR: 940CC2 CODE: 7408 jz 0x940ccc
Eax=922AE6 Ebx=0 Ecx=7FFFFFE8 Edx=7FFFFFFF Edi=0 Esi=35A67BC Ebp=327ECE4 Esp=327ECD8 Eip=940CC2

ADDR: 940CC2 CODE: 7408 jz 0x940ccc
Eax=922AE8 Ebx=0 Ecx=7FFFFFE7 Edx=7FFFFFFF Edi=0 Esi=35A67BC Ebp=327ECE4 Esp=327ECD8 Eip=940CC2

ADDR: 940CC2 CODE: 7408 jz 0x940ccc
Eax=922AEA Ebx=0 Ecx=7FFFFFE6 Edx=7FFFFFFF Edi=0 Esi=35A67BC Ebp=327ECE4 Esp=327ECD8 Eip=940CC2

ADDR: 940CC2 CODE: 7408 jz 0x940ccc
Eax=922AEC Ebx=0 Ecx=7FFFFFE5 Edx=7FFFFFFF Edi=0 Esi=35A67BC Ebp=327ECE4 Esp=327ECD8 Eip=940CC2

ADDR: 940CC2 CODE: 7408 jz 0x940ccc
Eax=922AEE Ebx=0 Ecx=7FFFFFE4 Edx=7FFFFFFF Edi=0 Esi=35A67BC Ebp=327ECE4 Esp=327ECD8 Eip=940CC2

ADDR: 940CC2 CODE: 7408 jz 0x940ccc
Eax=922AF0 Ebx=0 Ecx=7FFFFFE3 Edx=7FFFFFFF Edi=0 Esi=35A67BC Ebp=327ECE4 Esp=327ECD8 Eip=940CC2

ADDR: 940CC2 CODE: 7408 jz 0x940ccc
Eax=922AF2 Ebx=0 Ecx=7FFFFFE2 Edx=7FFFFFFF Edi=0 Esi=35A67BC Ebp=327ECE4 Esp=327ECD8 Eip=940CC2

ADDR: 940CC2 CODE: 7408 jz 0x940ccc
Eax=922AF4 Ebx=0 Ecx=7FFFFFE1 Edx=7FFFFFFF Edi=0 Esi=35A67BC Ebp=327ECE4 Esp=327ECD8 Eip=940CC2

ADDR: 940CC2 CODE: 7408 jz 0x940ccc
Eax=922AF6 Ebx=0 Ecx=7FFFFFE0 Edx=7FFFFFFF Edi=0 Esi=35A67BC Ebp=327ECE4 Esp=327ECD8 Eip=940CC2

ADDR: 940CE1 CODE: 740c jz 0x940cef
Eax=0 Ebx=0 Ecx=7FFFFFE0 Edx=7FFFFFFF Edi=0 Esi=327ED68 Ebp=327ECE4 Esp=327ECD8 Eip=940CE1

ADDR: 940CE5 CODE: 7406 jz 0x940ced
Eax=0 Ebx=0 Ecx=7FFFFFE0 Edx=7FFFFFFF Edi=0 Esi=327ED68 Ebp=327ECE4 Esp=327ECD8 Eip=940CE5

ADDR: 9343F2 CODE: 790b jns 0x9343ff
Eax=0 Ebx=0 Ecx=7FFFFFE0 Edx=1F Edi=35A67B0 Esi=35A67BC Ebp=327F9E8 Esp=327ECF0 Eip=9343F2

ADDR: 93440A CODE: 0f821b220000 jb 0x93662b
Eax=1F Ebx=0 Ecx=20 Edx=1F Edi=35A67B0 Esi=35A67BC Ebp=327F9E8 Esp=327ECF0 Eip=93440A

ADDR: 934421 CODE: 0f84f1000000 jz 0x934518
Eax=40 Ebx=0 Ecx=20 Edx=1F Edi=35A67B0 Esi=35A67BC Ebp=327F9E8 Esp=327ECF0 Eip=934421

ADDR: 934491 CODE: 7423 jz 0x9344b6
Eax=40 Ebx=0 Ecx=35A6700 Edx=0 Edi=4 Esi=35A67BC Ebp=327F9E8 Esp=327ECF0 Eip=934491

ADDR: 93449B CODE: 72ca jb 0x934467
Eax=8 Ebx=0 Ecx=35A6700 Edx=0 Edi=4 Esi=35A67BC Ebp=327F9E8 Esp=327ECF0 Eip=93449B

ADDR: 9344A1 CODE: 72c4 jb 0x934467
Eax=35A6708 Ebx=0 Ecx=35A6700 Edx=0 Edi=4 Esi=35A67BC Ebp=327F9E8 Esp=327ECF0 Eip=9344A1

ADDR: 9344AE CODE: 72e3 jb 0x934493
Eax=35A6708 Ebx=0 Ecx=35A6708 Edx=1 Edi=4 Esi=35A67BC Ebp=327F9E8 Esp=327ECF0 Eip=9344AE

ADDR: 93449B CODE: 72ca jb 0x934467
Eax=A4 Ebx=0 Ecx=35A6708 Edx=1 Edi=4 Esi=35A67BC Ebp=327F9E8 Esp=327ECF0 Eip=93449B

ADDR: 9344A1 CODE: 72c4 jb 0x934467
Eax=35A67AC Ebx=0 Ecx=35A6708 Edx=1 Edi=4 Esi=35A67BC Ebp=327F9E8 Esp=327ECF0 Eip=9344A1

ADDR: 9344AE CODE: 72e3 jb 0x934493
Eax=35A67AC Ebx=0 Ecx=35A67AC Edx=2 Edi=4 Esi=35A67BC Ebp=327F9E8 Esp=327ECF0 Eip=9344AE

ADDR: 93449B CODE: 72ca jb 0x934467
Eax=C Ebx=0 Ecx=35A67AC Edx=2 Edi=4 Esi=35A67BC Ebp=327F9E8 Esp=327ECF0 Eip=93449B

ADDR: 9344A1 CODE: 72c4 jb 0x934467
Eax=35A67B8 Ebx=0 Ecx=35A67AC Edx=2 Edi=4 Esi=35A67BC Ebp=327F9E8 Esp=327ECF0 Eip=9344A1

ADDR: 9344AE CODE: 72e3 jb 0x934493
Eax=35A67B8 Ebx=0 Ecx=35A67B8 Edx=3 Edi=4 Esi=35A67BC Ebp=327F9E8 Esp=327ECF0 Eip=9344AE

ADDR: 93449B CODE: 72ca jb 0x934467
Eax=C Ebx=0 Ecx=35A67B8 Edx=3 Edi=4 Esi=35A67BC Ebp=327F9E8 Esp=327ECF0 Eip=93449B

ADDR: 9344A1 CODE: 72c4 jb 0x934467
Eax=35A67C4 Ebx=0 Ecx=35A67B8 Edx=3 Edi=4 Esi=35A67BC Ebp=327F9E8 Esp=327ECF0 Eip=9344A1

ADDR: 9344AE CODE: 72e3 jb 0x934493
Eax=35A67C4 Ebx=0 Ecx=35A67C4 Edx=4 Edi=4 Esi=35A67BC Ebp=327F9E8 Esp=327ECF0 Eip=9344AE

ADDR: 9344C1 CODE: 72a4 jb 0x934467
Eax=40 Ebx=0 Ecx=35A67C4 Edx=35A67C8 Edi=4 Esi=35A67BC Ebp=327F9E8 Esp=327ECF0 Eip=9344C1

ADDR: 9344DE CODE: 7607 jbe 0x9344e7
Eax=35A6818 Ebx=0 Ecx=35A67C4 Edx=35A6808 Edi=4 Esi=0 Ebp=327F9E8 Esp=327ECF0 Eip=9344DE

ADDR: 77896586 CODE: 7608 jbe 0x77896590
Eax=922AF8 Ebx=0 Ecx=40 Edx=40 Edi=35A67C8 Esi=922AB8 Ebp=327F9E8 Esp=327ECD8 Eip=77896586

ADDR: 7789658A CODE: 0f8294020000 jb 0x77896824
Eax=922AF8 Ebx=0 Ecx=40 Edx=40 Edi=35A67C8 Esi=922AB8 Ebp=327F9E8 Esp=327ECD8 Eip=7789658A

ADDR: 77896593 CODE: 0f82d2040000 jb 0x77896a6b
Eax=922AF8 Ebx=0 Ecx=40 Edx=40 Edi=35A67C8 Esi=922AB8 Ebp=327F9E8 Esp=327ECD8 Eip=77896593

ADDR: 7789659F CODE: 7313 jae 0x778965b4
Eax=922AF8 Ebx=0 Ecx=40 Edx=40 Edi=35A67C8 Esi=922AB8 Ebp=327F9E8 Esp=327ECD8 Eip=7789659F

ADDR: 778965A9 CODE: 0f828e040000 jb 0x77896a3d
Eax=922AF8 Ebx=0 Ecx=40 Edx=40 Edi=35A67C8 Esi=922AB8 Ebp=327F9E8 Esp=327ECD8 Eip=778965A9

ADDR: 77896A3F CODE: 745f jz 0x77896aa0
Eax=922AF8 Ebx=0 Ecx=40 Edx=40 Edi=35A67C8 Esi=922AB8 Ebp=327F9E8 Esp=327ECD8 Eip=77896A3F

ADDR: 77896A48 CODE: 7421 jz 0x77896a6b
Eax=922AF8 Ebx=0 Ecx=40 Edx=2 Edi=35A67C8 Esi=922AB8 Ebp=327F9E8 Esp=327ECD8 Eip=77896A48

ADDR: 77896A6E CODE: 7430 jz 0x77896aa0
Eax=922AF8 Ebx=0 Ecx=0 Edx=0 Edi=35A6808 Esi=922AF8 Ebp=327F9E8 Esp=327ECD8 Eip=77896A6E

ADDR: 93452B CODE: 0f880c210000 js 0x93663d
Eax=35A67C8 Ebx=0 Ecx=0 Edx=0 Edi=5 Esi=0 Ebp=327F9E8 Esp=327ECF0 Eip=93452B

ADDR: 934558 CODE: 741f jz 0x934579
Eax=35A67C8 Ebx=0 Ecx=0 Edx=35A6700 Edi=5 Esi=0 Ebp=327F9E8 Esp=327ECF0 Eip=934558

ADDR: 934562 CODE: 0f82ca200000 jb 0x936632
Eax=8 Ebx=0 Ecx=0 Edx=35A6700 Edi=5 Esi=0 Ebp=327F9E8 Esp=327ECF0 Eip=934562

ADDR: 93456C CODE: 0f82c0200000 jb 0x936632
Eax=35A6708 Ebx=0 Ecx=0 Edx=35A6700 Edi=5 Esi=0 Ebp=327F9E8 Esp=327ECF0 Eip=93456C

ADDR: 934577 CODE: 72e1 jb 0x93455a
Eax=35A6708 Ebx=0 Ecx=1 Edx=35A6708 Edi=5 Esi=0 Ebp=327F9E8 Esp=327ECF0 Eip=934577

ADDR: 934562 CODE: 0f82ca200000 jb 0x936632
Eax=A4 Ebx=0 Ecx=1 Edx=35A6708 Edi=5 Esi=0 Ebp=327F9E8 Esp=327ECF0 Eip=934562

ADDR: 93456C CODE: 0f82c0200000 jb 0x936632
Eax=35A67AC Ebx=0 Ecx=1 Edx=35A6708 Edi=5 Esi=0 Ebp=327F9E8 Esp=327ECF0 Eip=93456C

ADDR: 934577 CODE: 72e1 jb 0x93455a
Eax=35A67AC Ebx=0 Ecx=2 Edx=35A67AC Edi=5 Esi=0 Ebp=327F9E8 Esp=327ECF0 Eip=934577

ADDR: 934562 CODE: 0f82ca200000 jb 0x936632
Eax=C Ebx=0 Ecx=2 Edx=35A67AC Edi=5 Esi=0 Ebp=327F9E8 Esp=327ECF0 Eip=934562

ADDR: 93456C CODE: 0f82c0200000 jb 0x936632
Eax=35A67B8 Ebx=0 Ecx=2 Edx=35A67AC Edi=5 Esi=0 Ebp=327F9E8 Esp=327ECF0 Eip=93456C

ADDR: 934577 CODE: 72e1 jb 0x93455a
Eax=35A67B8 Ebx=0 Ecx=3 Edx=35A67B8 Edi=5 Esi=0 Ebp=327F9E8 Esp=327ECF0 Eip=934577

ADDR: 934562 CODE: 0f82ca200000 jb 0x936632
Eax=C Ebx=0 Ecx=3 Edx=35A67B8 Edi=5 Esi=0 Ebp=327F9E8 Esp=327ECF0 Eip=934562

ADDR: 93456C CODE: 0f82c0200000 jb 0x936632
Eax=35A67C4 Ebx=0 Ecx=3 Edx=35A67B8 Edi=5 Esi=0 Ebp=327F9E8 Esp=327ECF0 Eip=93456C

ADDR: 934577 CODE: 72e1 jb 0x93455a
Eax=35A67C4 Ebx=0 Ecx=4 Edx=35A67C4 Edi=5 Esi=0 Ebp=327F9E8 Esp=327ECF0 Eip=934577

ADDR: 934562 CODE: 0f82ca200000 jb 0x936632
Eax=44 Ebx=0 Ecx=4 Edx=35A67C4 Edi=5 Esi=0 Ebp=327F9E8 Esp=327ECF0 Eip=934562

ADDR: 93456C CODE: 0f82c0200000 jb 0x936632
Eax=35A6808 Ebx=0 Ecx=4 Edx=35A67C4 Edi=5 Esi=0 Ebp=327F9E8 Esp=327ECF0 Eip=93456C

ADDR: 934577 CODE: 72e1 jb 0x93455a
Eax=35A6808 Ebx=0 Ecx=5 Edx=35A6808 Edi=5 Esi=0 Ebp=327F9E8 Esp=327ECF0 Eip=934577

ADDR: 93457E CODE: 0f82ae200000 jb 0x936632
Eax=35A6808 Ebx=0 Ecx=5 Edx=35A6808 Edi=5 Esi=35A680C Ebp=327F9E8 Esp=327ECF0 Eip=93457E

ADDR: 934595 CODE: 0f8771fcffff ja 0x93420c
Eax=35A6810 Ebx=0 Ecx=35A6818 Edx=35A6808 Edi=5 Esi=35A680C Ebp=327F9E8 Esp=327ECF0 Eip=934595

ADDR: 9345E9 CODE: 741f jz 0x93460a
Eax=1 Ebx=0 Ecx=0 Edx=35A6700 Edi=6 Esi=35A680C Ebp=327F9E8 Esp=327ECF0 Eip=9345E9

ADDR: 9345F3 CODE: 0f8239200000 jb 0x936632
Eax=8 Ebx=0 Ecx=0 Edx=35A6700 Edi=6 Esi=35A680C Ebp=327F9E8 Esp=327ECF0 Eip=9345F3

ADDR: 9345FD CODE: 0f822f200000 jb 0x936632
Eax=35A6708 Ebx=0 Ecx=0 Edx=35A6700 Edi=6 Esi=35A680C Ebp=327F9E8 Esp=327ECF0 Eip=9345FD

ADDR: 934608 CODE: 72e1 jb 0x9345eb
Eax=35A6708 Ebx=0 Ecx=1 Edx=35A6708 Edi=6 Esi=35A680C Ebp=327F9E8 Esp=327ECF0 Eip=934608

ADDR: 9345F3 CODE: 0f8239200000 jb 0x936632
Eax=A4 Ebx=0 Ecx=1 Edx=35A6708 Edi=6 Esi=35A680C Ebp=327F9E8 Esp=327ECF0 Eip=9345F3

ADDR: 9345FD CODE: 0f822f200000 jb 0x936632
Eax=35A67AC Ebx=0 Ecx=1 Edx=35A6708 Edi=6 Esi=35A680C Ebp=327F9E8 Esp=327ECF0 Eip=9345FD

ADDR: 934608 CODE: 72e1 jb 0x9345eb
Eax=35A67AC Ebx=0 Ecx=2 Edx=35A67AC Edi=6 Esi=35A680C Ebp=327F9E8 Esp=327ECF0 Eip=934608

ADDR: 9345F3 CODE: 0f8239200000 jb 0x936632
Eax=C Ebx=0 Ecx=2 Edx=35A67AC Edi=6 Esi=35A680C Ebp=327F9E8 Esp=327ECF0 Eip=9345F3

ADDR: 9345FD CODE: 0f822f200000 jb 0x936632
Eax=35A67B8 Ebx=0 Ecx=2 Edx=35A67AC Edi=6 Esi=35A680C Ebp=327F9E8 Esp=327ECF0 Eip=9345FD

ADDR: 934608 CODE: 72e1 jb 0x9345eb
Eax=35A67B8 Ebx=0 Ecx=3 Edx=35A67B8 Edi=6 Esi=35A680C Ebp=327F9E8 Esp=327ECF0 Eip=934608

ADDR: 9345F3 CODE: 0f8239200000 jb 0x936632
Eax=C Ebx=0 Ecx=3 Edx=35A67B8 Edi=6 Esi=35A680C Ebp=327F9E8 Esp=327ECF0 Eip=9345F3

ADDR: 9345FD CODE: 0f822f200000 jb 0x936632
Eax=35A67C4 Ebx=0 Ecx=3 Edx=35A67B8 Edi=6 Esi=35A680C Ebp=327F9E8 Esp=327ECF0 Eip=9345FD

ADDR: 934608 CODE: 72e1 jb 0x9345eb
Eax=35A67C4 Ebx=0 Ecx=4 Edx=35A67C4 Edi=6 Esi=35A680C Ebp=327F9E8 Esp=327ECF0 Eip=934608

ADDR: 9345F3 CODE: 0f8239200000 jb 0x936632
Eax=44 Ebx=0 Ecx=4 Edx=35A67C4 Edi=6 Esi=35A680C Ebp=327F9E8 Esp=327ECF0 Eip=9345F3

ADDR: 9345FD CODE: 0f822f200000 jb 0x936632
Eax=35A6808 Ebx=0 Ecx=4 Edx=35A67C4 Edi=6 Esi=35A680C Ebp=327F9E8 Esp=327ECF0 Eip=9345FD

ADDR: 934608 CODE: 72e1 jb 0x9345eb
Eax=35A6808 Ebx=0 Ecx=5 Edx=35A6808 Edi=6 Esi=35A680C Ebp=327F9E8 Esp=327ECF0 Eip=934608

ADDR: 9345F3 CODE: 0f8239200000 jb 0x936632
Eax=8 Ebx=0 Ecx=5 Edx=35A6808 Edi=6 Esi=35A680C Ebp=327F9E8 Esp=327ECF0 Eip=9345F3

ADDR: 9345FD CODE: 0f822f200000 jb 0x936632
Eax=35A6810 Ebx=0 Ecx=5 Edx=35A6808 Edi=6 Esi=35A680C Ebp=327F9E8 Esp=327ECF0 Eip=9345FD

ADDR: 934608 CODE: 72e1 jb 0x9345eb
Eax=35A6810 Ebx=0 Ecx=6 Edx=35A6810 Edi=6 Esi=35A680C Ebp=327F9E8 Esp=327ECF0 Eip=934608

ADDR: 93460F CODE: 0f821d200000 jb 0x936632
Eax=35A6810 Ebx=0 Ecx=6 Edx=35A6810 Edi=6 Esi=35A6814 Ebp=327F9E8 Esp=327ECF0 Eip=93460F

ADDR: 934626 CODE: 0f87e0fbffff ja 0x93420c
Eax=35A6818 Ebx=0 Ecx=35A6818 Edx=35A6810 Edi=6 Esi=35A6814 Ebp=327F9E8 Esp=327ECF0 Eip=934626

ADDR: 934673 CODE: 7210 jb 0x934685
Eax=96F774E0 Ebx=0 Ecx=35A6818 Edx=3D0 Edi=0 Esi=120 Ebp=327F9E8 Esp=327ECF0 Eip=934673

ADDR: 934683 CODE: 730a jae 0x93468f
Eax=120 Ebx=0 Ecx=35A6818 Edx=3D0 Edi=0 Esi=120 Ebp=327F9E8 Esp=327ECF0 Eip=934683

ADDR: 77A24CFF CODE: 0f8426e60500 jz 0x77a8332b
Eax=3550000 Ebx=0 Ecx=35A6818 Edx=3D0 Edi=0 Esi=3550000 Ebp=327ECDC Esp=327ECD0 Eip=77A24CFF

ADDR: 77A24D11 CODE: 0f842be60500 jz 0x77a83342
Eax=3550000 Ebx=0 Ecx=3550000 Edx=120 Edi=0 Esi=3550000 Ebp=327ECDC Esp=327ECD0 Eip=77A24D11

ADDR: 77A24E6C CODE: 760c jbe 0x77a24e7a
Eax=0 Ebx=3550000 Ecx=8 Edx=120 Edi=120 Esi=3550000 Ebp=327ECC0 Esp=327EC48 Eip=77A24E6C

ADDR: 77A24E9D CODE: 742b jz 0x77a24eca
Eax=0 Ebx=3550000 Ecx=0 Edx=0 Edi=120 Esi=3550000 Ebp=327ECC0 Esp=327EC48 Eip=77A24E9D

ADDR: 77A24ED5 CODE: 7445 jz 0x77a24f1c
Eax=0 Ebx=3550000 Ecx=8 Edx=0 Edi=120 Esi=0 Ebp=327ECC0 Esp=327EC48 Eip=77A24ED5

ADDR: 77A24F4B CODE: 0f87f5090000 ja 0x77a25946
Eax=120 Ebx=3550000 Ecx=8 Edx=25 Edi=120 Esi=128 Ebp=327ECC0 Esp=327EC48 Eip=77A24F4B

ADDR: 77A24F6F CODE: 0f84ce090000 jz 0x77a25943
Eax=20 Ebx=3550000 Ecx=5 Edx=0 Edi=120 Esi=128 Ebp=327ECC0 Esp=327EC48 Eip=77A24F6F

ADDR: 77A2594F CODE: 7211 jb 0x77a25962
Eax=3550270 Ebx=3550000 Ecx=5 Edx=25 Edi=120 Esi=128 Ebp=327ECC0 Esp=327EC48 Eip=77A2594F

ADDR: 77A25967 CODE: 0f838c030000 jae 0x77a25cf9
Eax=3550270 Ebx=3550000 Ecx=25 Edx=25 Edi=120 Esi=128 Ebp=327ECC0 Esp=327EC48 Eip=77A25967

ADDR: 77A2597C CODE: 7402 jz 0x77a25980
Eax=3550270 Ebx=3550000 Ecx=25 Edx=25 Edi=120 Esi=128 Ebp=327ECC0 Esp=327EC48 Eip=77A2597C

ADDR: 77A25F44 CODE: 7329 jae 0x77a25f6f
Eax=327EC20 Ebx=A Ecx=3550000 Edx=A Edi=3550000 Esi=25 Ebp=327EC30 Esp=327EAB0 Eip=77A25F44

ADDR: 77A25F53 CODE: 730c jae 0x77a25f61
Eax=327EC20 Ebx=A Ecx=3550001 Edx=25 Edi=3550000 Esi=25 Ebp=327EC30 Esp=327EAB0 Eip=77A25F53

ADDR: 77A26022 CODE: 7415 jz 0x77a26039
Eax=327EC90 Ebx=0 Ecx=3550001 Edx=25 Edi=3550000 Esi=25 Ebp=327EC30 Esp=327EAB0 Eip=77A26022

ADDR: 77A43F37 CODE: 7316 jae 0x77a43f4f
Eax=3550258 Ebx=0 Ecx=355025C Edx=3191000 Edi=3550000 Esi=25 Ebp=327EAA4 Esp=327EAA4 Eip=77A43F37

ADDR: 77A260CB CODE: 7407 jz 0x77a260d4
Eax=1 Ebx=0 Ecx=4720 Edx=3191000 Edi=3550000 Esi=25 Ebp=327EC30 Esp=327EAB0 Eip=77A260CB

ADDR: 77A260DA CODE: 0f8739170000 ja 0x77a27819
Eax=1 Ebx=0 Ecx=4720 Edx=25 Edi=3550000 Esi=25 Ebp=327EC30 Esp=327EAB0 Eip=77A260DA

ADDR: 77A260F4 CODE: 723a jb 0x77a26130
Eax=120 Ebx=0 Ecx=4720 Edx=25 Edi=3550000 Esi=25 Ebp=327EC30 Esp=327EAB0 Eip=77A260F4

ADDR: 77A26136 CODE: 0f87d5000000 ja 0x77a26211
Eax=120 Ebx=0 Ecx=4720 Edx=25 Edi=3550000 Esi=25 Ebp=327EC30 Esp=327EAB0 Eip=77A26136

ADDR: 77A26188 CODE: 7716 ja 0x77a261a0
Eax=3552606 Ebx=5 Ecx=E6 Edx=0 Edi=3550000 Esi=35526DA Ebp=327EC30 Esp=327EAB0 Eip=77A26188

ADDR: 77A26192 CODE: 770c ja 0x77a261a0
Eax=FF00 Ebx=5 Ecx=E6 Edx=0 Edi=3550000 Esi=35526DA Ebp=327EC30 Esp=327EAB0 Eip=77A26192

ADDR: 77A26216 CODE: 0f844f020000 jz 0x77a2646b
Eax=FF00 Ebx=5 Ecx=E6 Edx=25 Edi=3550000 Esi=3550338 Ebp=327EC30 Esp=327EAB0 Eip=77A26216

ADDR: 77A26220 CODE: 0f8445020000 jz 0x77a2646b
Eax=FF00 Ebx=5 Ecx=E6 Edx=25 Edi=3550000 Esi=0 Ebp=327EC30 Esp=327EAB0 Eip=77A26220

ADDR: 77A26485 CODE: 7304 jae 0x77a2648b
Eax=35500C0 Ebx=5 Ecx=80 Edx=25 Edi=3550000 Esi=3550270 Ebp=327EC30 Esp=327EAB0 Eip=77A26485

ADDR: 77A264D3 CODE: 7438 jz 0x77a2650d
Eax=35A6818 Ebx=359EFD98 Ecx=80 Edx=35500C0 Edi=3550000 Esi=3550270 Ebp=327EC30 Esp=327EAB0 Eip=77A264D3

ADDR: 77A264F3 CODE: 7418 jz 0x77a2650d
Eax=FD Ebx=FD0004F9 Ecx=FDFD Edx=35500C0 Edi=3550000 Esi=3550270 Ebp=327EC30 Esp=327EAB0 Eip=77A264F3

ADDR: 77A2651D CODE: 7e07 jle 0x77a26526
Eax=4F9 Ebx=FD0004F9 Ecx=FFFFFB2C Edx=35500C0 Edi=3550000 Esi=3550270 Ebp=327EC30 Esp=327EAB0 Eip=77A2651D

ADDR: 77A2653A CODE: 7438 jz 0x77a26574
Eax=359BB38 Ebx=CA9EF963 Ecx=FFFFFB2C Edx=35500C0 Edi=3550000 Esi=3550270 Ebp=327EC30 Esp=327EAB0 Eip=77A2653A

ADDR: 77A2655A CODE: 7418 jz 0x77a26574
Eax=2 Ebx=2000002 Ecx=202 Edx=35500C0 Edi=3550000 Esi=3550270 Ebp=327EC30 Esp=327EAB0 Eip=77A2655A

ADDR: 77A26584 CODE: 7f07 jg 0x77a2658d
Eax=2 Ebx=2000002 Ecx=23 Edx=35500C0 Edi=3550000 Esi=3550270 Ebp=327EC30 Esp=327EAB0 Eip=77A26584

ADDR: 77A26664 CODE: 7708 ja 0x77a2666e
Eax=3550298 Ebx=0 Ecx=3 Edx=1 Edi=3550000 Esi=3550270 Ebp=327EC30 Esp=327EAB0 Eip=77A26664

ADDR: 77A26664 CODE: 7708 ja 0x77a2666e
Eax=355029C Ebx=0 Ecx=3 Edx=2 Edi=3550000 Esi=3550270 Ebp=327EC30 Esp=327EAB0 Eip=77A26664

ADDR: 77A26664 CODE: 7708 ja 0x77a2666e
Eax=35502A0 Ebx=0 Ecx=3 Edx=3 Edi=3550000 Esi=3550270 Ebp=327EC30 Esp=327EAB0 Eip=77A26664

ADDR: 77A26664 CODE: 7708 ja 0x77a2666e
Eax=35502A4 Ebx=0 Ecx=3 Edx=4 Edi=3550000 Esi=3550270 Ebp=327EC30 Esp=327EAB0 Eip=77A26664

ADDR: 77A26670 CODE: 0f848c110000 jz 0x77a27802
Eax=35502A4 Ebx=0 Ecx=3 Edx=4 Edi=3550000 Esi=3550270 Ebp=327EC30 Esp=327EAB0 Eip=77A26670

ADDR: 77A264D3 CODE: 7438 jz 0x77a2650d
Eax=35A6818 Ebx=359EFD98 Ecx=3 Edx=35500C0 Edi=3550000 Esi=35536A0 Ebp=327EC30 Esp=327EAB0 Eip=77A264D3

ADDR: 77A264F3 CODE: 7418 jz 0x77a2650d
Eax=FD Ebx=FD0004F9 Ecx=FDFD Edx=35500C0 Edi=3550000 Esi=35536A0 Ebp=327EC30 Esp=327EAB0 Eip=77A264F3

ADDR: 77A2651D CODE: 7e07 jle 0x77a26526
Eax=4F9 Ebx=FD0004F9 Ecx=FFFFFB2C Edx=35500C0 Edi=3550000 Esi=35536A0 Ebp=327EC30 Esp=327EAB0 Eip=77A2651D

ADDR: 77A2653A CODE: 7438 jz 0x77a26574
Eax=359BB38 Ebx=CA9EF963 Ecx=FFFFFB2C Edx=35500C0 Edi=3550000 Esi=35536A0 Ebp=327EC30 Esp=327EAB0 Eip=77A2653A

ADDR: 77A2655A CODE: 7418 jz 0x77a26574
Eax=2 Ebx=2000002 Ecx=202 Edx=35500C0 Edi=3550000 Esi=35536A0 Ebp=327EC30 Esp=327EAB0 Eip=77A2655A

ADDR: 77A26584 CODE: 7f07 jg 0x77a2658d
Eax=2 Ebx=2000002 Ecx=23 Edx=35500C0 Edi=3550000 Esi=35536A0 Ebp=327EC30 Esp=327EAB0 Eip=77A26584

ADDR: 77A26664 CODE: 7708 ja 0x77a2666e
Eax=35536C4 Ebx=0 Ecx=3B Edx=0 Edi=3550000 Esi=35536A0 Ebp=327EC30 Esp=327EAB0 Eip=77A26664

ADDR: 77A26664 CODE: 7708 ja 0x77a2666e
Eax=35536C8 Ebx=0 Ecx=3B Edx=1 Edi=3550000 Esi=35536A0 Ebp=327EC30 Esp=327EAB0 Eip=77A26664

ADDR: 77A26664 CODE: 7708 ja 0x77a2666e
Eax=35536CC Ebx=0 Ecx=3B Edx=2 Edi=3550000 Esi=35536A0 Ebp=327EC30 Esp=327EAB0 Eip=77A26664

ADDR: 77A26664 CODE: 7708 ja 0x77a2666e
Eax=35536D0 Ebx=0 Ecx=3B Edx=3 Edi=3550000 Esi=35536A0 Ebp=327EC30 Esp=327EAB0 Eip=77A26664

ADDR: 77A26664 CODE: 7708 ja 0x77a2666e
Eax=35536D4 Ebx=0 Ecx=3B Edx=4 Edi=3550000 Esi=35536A0 Ebp=327EC30 Esp=327EAB0 Eip=77A26664

ADDR: 77A26664 CODE: 7708 ja 0x77a2666e
Eax=35536D8 Ebx=0 Ecx=3B Edx=5 Edi=3550000 Esi=35536A0 Ebp=327EC30 Esp=327EAB0 Eip=77A26664

ADDR: 77A26664 CODE: 7708 ja 0x77a2666e
Eax=35536DC Ebx=0 Ecx=3B Edx=6 Edi=3550000 Esi=35536A0 Ebp=327EC30 Esp=327EAB0 Eip=77A26664

ADDR: 77A26664 CODE: 7708 ja 0x77a2666e
Eax=35536E0 Ebx=0 Ecx=3B Edx=7 Edi=3550000 Esi=35536A0 Ebp=327EC30 Esp=327EAB0 Eip=77A26664

ADDR: 77A26664 CODE: 7708 ja 0x77a2666e
Eax=35536E4 Ebx=0 Ecx=3B Edx=8 Edi=3550000 Esi=35536A0 Ebp=327EC30 Esp=327EAB0 Eip=77A26664

ADDR: 77A26664 CODE: 7708 ja 0x77a2666e
Eax=35536E8 Ebx=0 Ecx=3B Edx=9 Edi=3550000 Esi=35536A0 Ebp=327EC30 Esp=327EAB0 Eip=77A26664

ADDR: 77A26664 CODE: 7708 ja 0x77a2666e
Eax=35536EC Ebx=0 Ecx=3B Edx=A Edi=3550000 Esi=35536A0 Ebp=327EC30 Esp=327EAB0 Eip=77A26664

ADDR: 77A26664 CODE: 7708 ja 0x77a2666e
Eax=35536F0 Ebx=0 Ecx=3B Edx=B Edi=3550000 Esi=35536A0 Ebp=327EC30 Esp=327EAB0 Eip=77A26664

ADDR: 77A26664 CODE: 7708 ja 0x77a2666e
Eax=35536F4 Ebx=0 Ecx=3B Edx=C Edi=3550000 Esi=35536A0 Ebp=327EC30 Esp=327EAB0 Eip=77A26664

ADDR: 77A26664 CODE: 7708 ja 0x77a2666e
Eax=35536F8 Ebx=0 Ecx=3B Edx=D Edi=3550000 Esi=35536A0 Ebp=327EC30 Esp=327EAB0 Eip=77A26664

ADDR: 77A26664 CODE: 7708 ja 0x77a2666e
Eax=35536FC Ebx=0 Ecx=3B Edx=E Edi=3550000 Esi=35536A0 Ebp=327EC30 Esp=327EAB0 Eip=77A26664

ADDR: 77A26664 CODE: 7708 ja 0x77a2666e
Eax=3553700 Ebx=0 Ecx=3B Edx=F Edi=3550000 Esi=35536A0 Ebp=327EC30 Esp=327EAB0 Eip=77A26664

ADDR: 77A26664 CODE: 7708 ja 0x77a2666e
Eax=3553704 Ebx=0 Ecx=3B Edx=10 Edi=3550000 Esi=35536A0 Ebp=327EC30 Esp=327EAB0 Eip=77A26664

ADDR: 77A26664 CODE: 7708 ja 0x77a2666e
Eax=3553708 Ebx=0 Ecx=3B Edx=11 Edi=3550000 Esi=35536A0 Ebp=327EC30 Esp=327EAB0 Eip=77A26664

ADDR: 77A26664 CODE: 7708 ja 0x77a2666e
Eax=355370C Ebx=0 Ecx=3B Edx=12 Edi=3550000 Esi=35536A0 Ebp=327EC30 Esp=327EAB0 Eip=77A26664

ADDR: 77A26664 CODE: 7708 ja 0x77a2666e
Eax=3553710 Ebx=0 Ecx=3B Edx=13 Edi=3550000 Esi=35536A0 Ebp=327EC30 Esp=327EAB0 Eip=77A26664

ADDR: 77A26664 CODE: 7708 ja 0x77a2666e
Eax=3553714 Ebx=0 Ecx=3B Edx=14 Edi=3550000 Esi=35536A0 Ebp=327EC30 Esp=327EAB0 Eip=77A26664

ADDR: 77A26664 CODE: 7708 ja 0x77a2666e
Eax=3553718 Ebx=0 Ecx=3B Edx=15 Edi=3550000 Esi=35536A0 Ebp=327EC30 Esp=327EAB0 Eip=77A26664

ADDR: 77A26664 CODE: 7708 ja 0x77a2666e
Eax=355371C Ebx=0 Ecx=3B Edx=16 Edi=3550000 Esi=35536A0 Ebp=327EC30 Esp=327EAB0 Eip=77A26664

ADDR: 77A26664 CODE: 7708 ja 0x77a2666e
Eax=3553720 Ebx=0 Ecx=3B Edx=17 Edi=3550000 Esi=35536A0 Ebp=327EC30 Esp=327EAB0 Eip=77A26664

ADDR: 77A26664 CODE: 7708 ja 0x77a2666e
Eax=3553724 Ebx=0 Ecx=3B Edx=18 Edi=3550000 Esi=35536A0 Ebp=327EC30 Esp=327EAB0 Eip=77A26664

ADDR: 77A26664 CODE: 7708 ja 0x77a2666e
Eax=3553728 Ebx=0 Ecx=3B Edx=19 Edi=3550000 Esi=35536A0 Ebp=327EC30 Esp=327EAB0 Eip=77A26664

ADDR: 77A26664 CODE: 7708 ja 0x77a2666e
Eax=355372C Ebx=0 Ecx=3B Edx=1A Edi=3550000 Esi=35536A0 Ebp=327EC30 Esp=327EAB0 Eip=77A26664

ADDR: 77A26664 CODE: 7708 ja 0x77a2666e
Eax=3553730 Ebx=0 Ecx=3B Edx=1B Edi=3550000 Esi=35536A0 Ebp=327EC30 Esp=327EAB0 Eip=77A26664

ADDR: 77A26664 CODE: 7708 ja 0x77a2666e
Eax=3553734 Ebx=0 Ecx=3B Edx=1C Edi=3550000 Esi=35536A0 Ebp=327EC30 Esp=327EAB0 Eip=77A26664

ADDR: 77A26664 CODE: 7708 ja 0x77a2666e
Eax=3553738 Ebx=0 Ecx=3B Edx=1D Edi=3550000 Esi=35536A0 Ebp=327EC30 Esp=327EAB0 Eip=77A26664

ADDR: 77A26664 CODE: 7708 ja 0x77a2666e
Eax=355373C Ebx=0 Ecx=3B Edx=1E Edi=3550000 Esi=35536A0 Ebp=327EC30 Esp=327EAB0 Eip=77A26664

ADDR: 77A26664 CODE: 7708 ja 0x77a2666e
Eax=3553740 Ebx=0 Ecx=3B Edx=1F Edi=3550000 Esi=35536A0 Ebp=327EC30 Esp=327EAB0 Eip=77A26664

ADDR: 77A26664 CODE: 7708 ja 0x77a2666e
Eax=3553744 Ebx=0 Ecx=3B Edx=20 Edi=3550000 Esi=35536A0 Ebp=327EC30 Esp=327EAB0 Eip=77A26664

ADDR: 77A26664 CODE: 7708 ja 0x77a2666e
Eax=3553748 Ebx=0 Ecx=3B Edx=21 Edi=3550000 Esi=35536A0 Ebp=327EC30 Esp=327EAB0 Eip=77A26664

ADDR: 77A26664 CODE: 7708 ja 0x77a2666e
Eax=355374C Ebx=0 Ecx=3B Edx=22 Edi=3550000 Esi=35536A0 Ebp=327EC30 Esp=327EAB0 Eip=77A26664

ADDR: 77A26679 CODE: 7422 jz 0x77a2669d
Eax=3553750 Ebx=2000000 Ecx=3B Edx=23 Edi=3550000 Esi=35536A0 Ebp=327EC30 Esp=327EAB0 Eip=77A26679

ADDR: 77A266A7 CODE: 740c jz 0x77a266b5
Eax=0 Ebx=2000000 Ecx=3B Edx=23 Edi=3550000 Esi=35536A0 Ebp=327EC30 Esp=327EAB0 Eip=77A266A7

ADDR: 77A266D1 CODE: 7402 jz 0x77a266d5
Eax=19 Ebx=2 Ecx=3B Edx=479 Edi=3550000 Esi=35536A0 Ebp=327EC30 Esp=327EAB0 Eip=77A266D1

ADDR: 77A266E0 CODE: 0f841c110000 jz 0x77a27802
Eax=35A6820 Ebx=2 Ecx=3B Edx=479 Edi=3550000 Esi=35536A0 Ebp=327EC30 Esp=327EAB0 Eip=77A266E0

ADDR: 77A266F2 CODE: 0f844d020000 jz 0x77a26945
Eax=35A6820 Ebx=2 Ecx=3B Edx=479 Edi=3550000 Esi=35536A0 Ebp=327EC30 Esp=327EAB0 Eip=77A266F2

ADDR: 77A26702 CODE: 741f jz 0x77a26723
Eax=35A6820 Ebx=35A6818 Ecx=3B Edx=479 Edi=3550000 Esi=35536A0 Ebp=327EC30 Esp=327EAB0 Eip=77A26702

ADDR: 77A26714 CODE: 740a jz 0x77a26720
Eax=C89EF9FD Ebx=35A6818 Ecx=3B Edx=479 Edi=3550000 Esi=35536A0 Ebp=327EC30 Esp=327EAB0 Eip=77A26714

ADDR: 77A26729 CODE: 0f8200020000 jb 0x77a2692f
Eax=35A6820 Ebx=35A6818 Ecx=3B Edx=479 Edi=3550000 Esi=4F9 Ebp=327EC30 Esp=327EAB0 Eip=77A26729

ADDR: 77A26761 CODE: 0f841c010000 jz 0x77a26883
Eax=35A6820 Ebx=35A6818 Ecx=3550270 Edx=35A6820 Edi=3550000 Esi=4F9 Ebp=327EC30 Esp=327EAB0 Eip=77A26761

ADDR: 77A26778 CODE: 730b jae 0x77a26785
Eax=4F9 Ebx=35A6818 Ecx=3550270 Edx=35A6820 Edi=3550000 Esi=80 Ebp=327EC30 Esp=327EAB0 Eip=77A26778

ADDR: 77A26778 CODE: 730b jae 0x77a26785
Eax=4F9 Ebx=35A6818 Ecx=35536A0 Edx=35536A0 Edi=3550000 Esi=800 Ebp=327EC30 Esp=327EAB0 Eip=77A26778

ADDR: 77A2680D CODE: 0f83db000000 jae 0x77a268ee
Eax=7FF Ebx=35A6818 Ecx=35536A0 Edx=479 Edi=3550000 Esi=35500C0 Ebp=327EC30 Esp=327EAB0 Eip=77A2680D

ADDR: 77A26816 CODE: 0f84a3000000 jz 0x77a268bf
Eax=7FF Ebx=35A6818 Ecx=35536A0 Edx=479 Edi=3550000 Esi=35500C0 Ebp=327EC30 Esp=327EAB0 Eip=77A26816

ADDR: 77A26895 CODE: 7475 jz 0x77a2690c
Eax=35500C0 Ebx=35A6818 Ecx=358E9B8 Edx=FDFFFFFF Edi=3550000 Esi=23 Ebp=327EC30 Esp=327EAB0 Eip=77A26895

ADDR: 77A26ACC CODE: 7418 jz 0x77a26ae6
Eax=35500C0 Ebx=35A6818 Ecx=358E900 Edx=FDFFFFFF Edi=3550000 Esi=1 Ebp=327EC30 Esp=327EAB0 Eip=77A26ACC

ADDR: 77A26B12 CODE: 7305 jae 0x77a26b19
Eax=8 Ebx=35A6818 Ecx=25 Edx=4D4 Edi=3550000 Esi=1 Ebp=327EC30 Esp=327EAB0 Eip=77A26B12

ADDR: 77A26B27 CODE: 741e jz 0x77a26b47
Eax=8 Ebx=35A6818 Ecx=25 Edx=4D4 Edi=3550000 Esi=1 Ebp=327EC30 Esp=327EAB0 Eip=77A26B27

ADDR: 77A26CA1 CODE: 741a jz 0x77a26cbd
Eax=0 Ebx=35A6818 Ecx=25 Edx=4D4 Edi=3550000 Esi=1 Ebp=327EC30 Esp=327EAB0 Eip=77A26CA1

ADDR: 77A26D47 CODE: 0f845d050000 jz 0x77a272aa
Eax=9F Ebx=35A6940 Ecx=100000 Edx=4D4 Edi=3550000 Esi=35A8FE0 Ebp=327EC30 Esp=327EAB0 Eip=77A26D47

ADDR: 77A26D81 CODE: 0f8496020000 jz 0x77a2701d
Eax=35500C0 Ebx=35A6940 Ecx=100000 Edx=4D4 Edi=3550000 Esi=3550270 Ebp=327EC30 Esp=327EAB0 Eip=77A26D81

ADDR: 77A26D8C CODE: 7304 jae 0x77a26d92
Eax=35500C0 Ebx=35A6940 Ecx=80 Edx=4D4 Edi=3550000 Esi=3550270 Ebp=327EC30 Esp=327EAB0 Eip=77A26D8C

ADDR: 77A26D8C CODE: 7304 jae 0x77a26d92
Eax=35536A0 Ebx=35A6940 Ecx=800 Edx=4D4 Edi=3550000 Esi=35536A0 Ebp=327EC30 Esp=327EAB0 Eip=77A26D8C

ADDR: 77A26DD5 CODE: 743b jz 0x77a26e12
Eax=358E9B0 Ebx=35A6940 Ecx=358E9B8 Edx=C49EF96D Edi=3550000 Esi=35536A0 Ebp=327EC30 Esp=327EAB0 Eip=77A26DD5

ADDR: 77A26DF8 CODE: 7418 jz 0x77a26e12
Eax=C Ebx=35A6940 Ecx=C0C Edx=C00000C Edi=3550000 Esi=35536A0 Ebp=327EC30 Esp=327EAB0 Eip=77A26DF8

ADDR: 77A26E22 CODE: 7e08 jle 0x77a26e2c
Eax=C Ebx=35A6940 Ecx=4C8 Edx=C00000C Edi=3550000 Esi=35536A0 Ebp=327EC30 Esp=327EAB0 Eip=77A26E22

ADDR: 77A26FF9 CODE: 740b jz 0x77a27006
Eax=C Ebx=35A6940 Ecx=35500C0 Edx=C00000C Edi=3550000 Esi=35536A0 Ebp=327EC30 Esp=327EAB0 Eip=77A26FF9

ADDR: 77A27024 CODE: 7435 jz 0x77a2705b
Eax=35500C0 Ebx=35A6940 Ecx=35500C0 Edx=C00000C Edi=3550000 Esi=4D4 Ebp=327EC30 Esp=327EAB0 Eip=77A27024

ADDR: 77A27094 CODE: 0f84fc000000 jz 0x77a27196
Eax=4D4 Ebx=35A6940 Ecx=3550270 Edx=358E9B8 Edi=3550000 Esi=35500C0 Ebp=327EC30 Esp=327EAB0 Eip=77A27094

ADDR: 77A270A5 CODE: 730a jae 0x77a270b1
Eax=4D4 Ebx=35A6940 Ecx=3550270 Edx=358E9B8 Edi=3550000 Esi=80 Ebp=327EC30 Esp=327EAB0 Eip=77A270A5

ADDR: 77A270A5 CODE: 730a jae 0x77a270b1
Eax=4D4 Ebx=35A6940 Ecx=35536A0 Edx=35536A0 Edi=3550000 Esi=800 Ebp=327EC30 Esp=327EAB0 Eip=77A270A5

ADDR: 77A270FF CODE: 7464 jz 0x77a27165
Eax=0 Ebx=35A6940 Ecx=35536A0 Edx=4D4 Edi=3550000 Esi=454 Ebp=327EC30 Esp=327EAB0 Eip=77A270FF

ADDR: 77A2719A CODE: 0f8497040000 jz 0x77a27637
Eax=35536C4 Ebx=35A6940 Ecx=14 Edx=100000 Edi=3550000 Esi=22 Ebp=327EC30 Esp=327EAB0 Eip=77A2719A

ADDR: 77A26B7F CODE: 0f841c0b0000 jz 0x77a276a1
Eax=8 Ebx=35A6820 Ecx=128 Edx=35A681F Edi=3550000 Esi=128 Ebp=327EC30 Esp=327EAB0 Eip=77A26B7F

ADDR: 77A26B89 CODE: 7413 jz 0x77a26b9e
Eax=8 Ebx=35A6820 Ecx=128 Edx=35A681F Edi=3550000 Esi=128 Ebp=327EC30 Esp=327EAB0 Eip=77A26B89

ADDR: 77A26BA2 CODE: 0f84b7000000 jz 0x77a26c5f
Eax=C89EF961 Ebx=35A6820 Ecx=35A6818 Edx=35A681F Edi=3550000 Esi=128 Ebp=327EC30 Esp=327EAB0 Eip=77A26BA2

ADDR: 77A26BC7 CODE: 762c jbe 0x77a26bf5
Eax=C89EF961 Ebx=35A6820 Ecx=35A6818 Edx=1 Edi=3550000 Esi=128 Ebp=327EC30 Esp=327EAB0 Eip=77A26BC7

ADDR: 77A26BE7 CODE: 7606 jbe 0x77a26bef
Eax=2A58 Ebx=35A6820 Ecx=585A8 Edx=1 Edi=3550000 Esi=128 Ebp=327EC30 Esp=327EAB0 Eip=77A26BE7

ADDR: 77A26C05 CODE: 7249 jb 0x77a26c50
Eax=2A58 Ebx=35A6820 Ecx=585A8 Edx=1 Edi=3550000 Esi=128 Ebp=327EC30 Esp=327EAB0 Eip=77A26C05

ADDR: 77A27B53 CODE: 746e jz 0x77a27bc3
Eax=FFFFFFFE Ebx=3550258 Ecx=FFFFFFFF Edx=1 Edi=355025C Esi=FFFFFFFE Ebp=327EAA4 Esp=327EA90 Eip=77A27B53

ADDR: 77A26C63 CODE: 0f84150e0000 jz 0x77a27a7e
Eax=0 Ebx=35A6820 Ecx=FFFFFFFF Edx=1 Edi=3550000 Esi=128 Ebp=327EC30 Esp=327EAB0 Eip=77A26C63

ADDR: 77A5B3CA CODE: 744f jz 0x77a5b41b
Eax=120 Ebx=35A6820 Ecx=35A6820 Edx=120 Edi=3550000 Esi=128 Ebp=327EC30 Esp=327EAA0 Eip=77A5B3CA

ADDR: 77A5B3D8 CODE: 7231 jb 0x77a5b40b
Eax=0 Ebx=35A6820 Ecx=35A6820 Edx=120 Edi=35A6820 Esi=128 Ebp=327EC30 Esp=327EA9C Eip=77A5B3D8

ADDR: 77A5B3DF CODE: 740c jz 0x77a5b3ed
Eax=0 Ebx=35A6820 Ecx=0 Edx=120 Edi=35A6820 Esi=128 Ebp=327EC30 Esp=327EA9C Eip=77A5B3DF

ADDR: 77A5B403 CODE: 7406 jz 0x77a5b40b
Eax=0 Ebx=35A6820 Ecx=48 Edx=0 Edi=35A6820 Esi=128 Ebp=327EC30 Esp=327EA9C Eip=77A5B403

ADDR: 77A5B409 CODE: 740a jz 0x77a5b415
Eax=0 Ebx=35A6820 Ecx=0 Edx=0 Edi=35A6940 Esi=128 Ebp=327EC30 Esp=327EA9C Eip=77A5B409

ADDR: 77A27AAD CODE: 741e jz 0x77a27acd
Eax=35A6820 Ebx=35A6820 Ecx=0 Edx=0 Edi=3550000 Esi=128 Ebp=327EC30 Esp=327EAAC Eip=77A27AAD

ADDR: 77A27A91 CODE: 743b jz 0x77a27ace
Eax=0 Ebx=35A6820 Ecx=0 Edx=0 Edi=3550000 Esi=128 Ebp=327EC30 Esp=327EAB0 Eip=77A27A91

ADDR: 77A27AD6 CODE: 741f jz 0x77a27af7
Eax=7FFE0388 Ebx=35A6820 Ecx=0 Edx=0 Edi=3550000 Esi=128 Ebp=327EC30 Esp=327EAB0 Eip=77A27AD6

ADDR: 77A25D13 CODE: 7445 jz 0x77a25d5a
Eax=35A6820 Ebx=3550000 Ecx=19BAFD24 Edx=0 Edi=35A6820 Esi=128 Ebp=327ECC0 Esp=327EC48 Eip=77A25D13

ADDR: 77A25D1D CODE: 0f8474000000 jz 0x77a25d97
Eax=35A6820 Ebx=3550000 Ecx=120 Edx=0 Edi=35A6820 Esi=128 Ebp=327ECC0 Esp=327EC48 Eip=77A25D1D

ADDR: 77A25DA5 CODE: 7415 jz 0x77a25dbc
Eax=0 Ebx=3550000 Ecx=8 Edx=0 Edi=35A6820 Esi=128 Ebp=327ECC0 Esp=327EC48 Eip=77A25DA5

ADDR: 77A25DC4 CODE: 0f8492000000 jz 0x77a25e5c
Eax=7FFE0380 Ebx=3550000 Ecx=8 Edx=0 Edi=35A6820 Esi=128 Ebp=327ECC0 Esp=327EC48 Eip=77A25DC4

ADDR: 77A25E63 CODE: 743b jz 0x77a25ea0
Eax=0 Ebx=3550000 Ecx=8 Edx=0 Edi=35A6820 Esi=128 Ebp=327ECC0 Esp=327EC48 Eip=77A25E63

ADDR: 9346C2 CODE: 0f8239010000 jb 0x934801
Eax=7 Ebx=0 Ecx=35A6824 Edx=0 Edi=0 Esi=35A6820 Ebp=327F9E8 Esp=327ECF0 Eip=9346C2

ADDR: 9346D5 CODE: 0f8226010000 jb 0x934801
Eax=118 Ebx=0 Ecx=35A6824 Edx=35A6828 Edi=0 Esi=35A6820 Ebp=327F9E8 Esp=327ECF0 Eip=9346D5

ADDR: 77896586 CODE: 7608 jbe 0x77896590
Eax=35A6818 Ebx=0 Ecx=118 Edx=118 Edi=35A6828 Esi=35A6700 Ebp=327F9E8 Esp=327ECD8 Eip=77896586

ADDR: 7789658A CODE: 0f8294020000 jb 0x77896824
Eax=35A6818 Ebx=0 Ecx=118 Edx=118 Edi=35A6828 Esi=35A6700 Ebp=327F9E8 Esp=327ECD8 Eip=7789658A

ADDR: 77896593 CODE: 0f82d2040000 jb 0x77896a6b
Eax=35A6818 Ebx=0 Ecx=118 Edx=118 Edi=35A6828 Esi=35A6700 Ebp=327F9E8 Esp=327ECD8 Eip=77896593

ADDR: 7789659F CODE: 7313 jae 0x778965b4
Eax=35A6818 Ebx=0 Ecx=118 Edx=118 Edi=35A6828 Esi=35A6700 Ebp=327F9E8 Esp=327ECD8 Eip=7789659F

ADDR: 778965BC CODE: 7309 jae 0x778965c7
Eax=35A6818 Ebx=0 Ecx=118 Edx=118 Edi=35A6828 Esi=35A6700 Ebp=327F9E8 Esp=327ECD8 Eip=778965BC

ADDR: 934712 CODE: 0f84701c0000 jz 0x936388
Eax=35A6828 Ebx=0 Ecx=120 Edx=118 Edi=0 Esi=35A6820 Ebp=327F9E8 Esp=327ECF0 Eip=934712

ADDR: 77A24CFF CODE: 0f8426e60500 jz 0x77a8332b
Eax=3550000 Ebx=0 Ecx=120 Edx=118 Edi=0 Esi=3550000 Ebp=327ECDC Esp=327ECD0 Eip=77A24CFF

ADDR: 77A24D11 CODE: 0f842be60500 jz 0x77a83342
Eax=3550000 Ebx=0 Ecx=3550000 Edx=128 Edi=0 Esi=3550000 Ebp=327ECDC Esp=327ECD0 Eip=77A24D11

ADDR: 77A24E6C CODE: 760c jbe 0x77a24e7a
Eax=0 Ebx=3550000 Ecx=0 Edx=128 Edi=128 Esi=3550000 Ebp=327ECC0 Esp=327EC48 Eip=77A24E6C

ADDR: 77A24E9D CODE: 742b jz 0x77a24eca
Eax=0 Ebx=3550000 Ecx=0 Edx=0 Edi=128 Esi=3550000 Ebp=327ECC0 Esp=327EC48 Eip=77A24E9D

ADDR: 77A24ED5 CODE: 7445 jz 0x77a24f1c
Eax=0 Ebx=3550000 Ecx=0 Edx=0 Edi=128 Esi=0 Ebp=327ECC0 Esp=327EC48 Eip=77A24ED5

ADDR: 77A24F4B CODE: 0f87f5090000 ja 0x77a25946
Eax=128 Ebx=3550000 Ecx=0 Edx=26 Edi=128 Esi=130 Ebp=327ECC0 Esp=327EC48 Eip=77A24F4B

ADDR: 77A24F6F CODE: 0f84ce090000 jz 0x77a25943
Eax=40 Ebx=3550000 Ecx=6 Edx=0 Edi=128 Esi=130 Ebp=327ECC0 Esp=327EC48 Eip=77A24F6F

ADDR: 77A2594F CODE: 7211 jb 0x77a25962
Eax=3550270 Ebx=3550000 Ecx=6 Edx=26 Edi=128 Esi=130 Ebp=327ECC0 Esp=327EC48 Eip=77A2594F

ADDR: 77A25967 CODE: 0f838c030000 jae 0x77a25cf9
Eax=3550270 Ebx=3550000 Ecx=26 Edx=26 Edi=128 Esi=130 Ebp=327ECC0 Esp=327EC48 Eip=77A25967

ADDR: 77A2597C CODE: 7402 jz 0x77a25980
Eax=3550270 Ebx=3550000 Ecx=26 Edx=26 Edi=128 Esi=130 Ebp=327ECC0 Esp=327EC48 Eip=77A2597C

ADDR: 77A25F44 CODE: 7329 jae 0x77a25f6f
Eax=327EC20 Ebx=2 Ecx=3550000 Edx=2 Edi=3550000 Esi=26 Ebp=327EC30 Esp=327EAB0 Eip=77A25F44

ADDR: 77A25F53 CODE: 730c jae 0x77a25f61
Eax=327EC20 Ebx=2 Ecx=3550001 Edx=26 Edi=3550000 Esi=26 Ebp=327EC30 Esp=327EAB0 Eip=77A25F53

ADDR: 77A26022 CODE: 7415 jz 0x77a26039
Eax=327EC90 Ebx=0 Ecx=3550001 Edx=26 Edi=3550000 Esi=26 Ebp=327EC30 Esp=327EAB0 Eip=77A26022

ADDR: 77A43F37 CODE: 7316 jae 0x77a43f4f
Eax=3550258 Ebx=0 Ecx=355025C Edx=3191000 Edi=3550000 Esi=26 Ebp=327EAA4 Esp=327EAA4 Eip=77A43F37

ADDR: 77A260CB CODE: 7407 jz 0x77a260d4
Eax=1 Ebx=0 Ecx=4720 Edx=3191000 Edi=3550000 Esi=26 Ebp=327EC30 Esp=327EAB0 Eip=77A260CB

ADDR: 77A260DA CODE: 0f8739170000 ja 0x77a27819
Eax=1 Ebx=0 Ecx=4720 Edx=26 Edi=3550000 Esi=26 Ebp=327EC30 Esp=327EAB0 Eip=77A260DA

ADDR: 77A260F4 CODE: 723a jb 0x77a26130
Eax=128 Ebx=0 Ecx=4720 Edx=26 Edi=3550000 Esi=26 Ebp=327EC30 Esp=327EAB0 Eip=77A260F4

ADDR: 77A26136 CODE: 0f87d5000000 ja 0x77a26211
Eax=128 Ebx=0 Ecx=4720 Edx=26 Edi=3550000 Esi=26 Ebp=327EC30 Esp=327EAB0 Eip=77A26136

ADDR: 77A26188 CODE: 7716 ja 0x77a261a0
Eax=3552605 Ebx=6 Ecx=A5 Edx=0 Edi=3550000 Esi=35526DC Ebp=327EC30 Esp=327EAB0 Eip=77A26188

ADDR: 77A26192 CODE: 770c ja 0x77a261a0
Eax=FF00 Ebx=6 Ecx=A5 Edx=0 Edi=3550000 Esi=35526DC Ebp=327EC30 Esp=327EAB0 Eip=77A26192

ADDR: 77A26216 CODE: 0f844f020000 jz 0x77a2646b
Eax=FF00 Ebx=6 Ecx=A5 Edx=26 Edi=3550000 Esi=355033C Ebp=327EC30 Esp=327EAB0 Eip=77A26216

ADDR: 77A26220 CODE: 0f8445020000 jz 0x77a2646b
Eax=FF00 Ebx=6 Ecx=A5 Edx=26 Edi=3550000 Esi=0 Ebp=327EC30 Esp=327EAB0 Eip=77A26220

ADDR: 77A26485 CODE: 7304 jae 0x77a2648b
Eax=35500C0 Ebx=6 Ecx=80 Edx=26 Edi=3550000 Esi=3550270 Ebp=327EC30 Esp=327EAB0 Eip=77A26485

ADDR: 77A264D3 CODE: 7438 jz 0x77a2650d
Eax=35A6940 Ebx=189EFDB5 Ecx=80 Edx=35500C0 Edi=3550000 Esi=3550270 Ebp=327EC30 Esp=327EAB0 Eip=77A264D3

ADDR: 77A264F3 CODE: 7418 jz 0x77a2650d
Eax=D0 Ebx=D00004D4 Ecx=D0D0 Edx=35500C0 Edi=3550000 Esi=3550270 Ebp=327EC30 Esp=327EAB0 Eip=77A264F3

ADDR: 77A2651D CODE: 7e07 jle 0x77a26526
Eax=4D4 Ebx=D00004D4 Ecx=FFFFFB52 Edx=35500C0 Edi=3550000 Esi=3550270 Ebp=327EC30 Esp=327EAB0 Eip=77A2651D

ADDR: 77A2653A CODE: 7438 jz 0x77a26574
Eax=359BB38 Ebx=CA9EF963 Ecx=FFFFFB52 Edx=35500C0 Edi=3550000 Esi=3550270 Ebp=327EC30 Esp=327EAB0 Eip=77A2653A

ADDR: 77A2655A CODE: 7418 jz 0x77a26574
Eax=2 Ebx=2000002 Ecx=202 Edx=35500C0 Edi=3550000 Esi=3550270 Ebp=327EC30 Esp=327EAB0 Eip=77A2655A

ADDR: 77A26584 CODE: 7f07 jg 0x77a2658d
Eax=2 Ebx=2000002 Ecx=24 Edx=35500C0 Edi=3550000 Esi=3550270 Ebp=327EC30 Esp=327EAB0 Eip=77A26584

ADDR: 77A26664 CODE: 7708 ja 0x77a2666e
Eax=3550298 Ebx=0 Ecx=3 Edx=1 Edi=3550000 Esi=3550270 Ebp=327EC30 Esp=327EAB0 Eip=77A26664

ADDR: 77A26664 CODE: 7708 ja 0x77a2666e
Eax=355029C Ebx=0 Ecx=3 Edx=2 Edi=3550000 Esi=3550270 Ebp=327EC30 Esp=327EAB0 Eip=77A26664

ADDR: 77A26664 CODE: 7708 ja 0x77a2666e
Eax=35502A0 Ebx=0 Ecx=3 Edx=3 Edi=3550000 Esi=3550270 Ebp=327EC30 Esp=327EAB0 Eip=77A26664

ADDR: 77A26664 CODE: 7708 ja 0x77a2666e
Eax=35502A4 Ebx=0 Ecx=3 Edx=4 Edi=3550000 Esi=3550270 Ebp=327EC30 Esp=327EAB0 Eip=77A26664

ADDR: 77A26670 CODE: 0f848c110000 jz 0x77a27802
Eax=35502A4 Ebx=0 Ecx=3 Edx=4 Edi=3550000 Esi=3550270 Ebp=327EC30 Esp=327EAB0 Eip=77A26670

ADDR: 77A264D3 CODE: 7438 jz 0x77a2650d
Eax=35A6940 Ebx=189EFDB5 Ecx=3 Edx=35500C0 Edi=3550000 Esi=35536A0 Ebp=327EC30 Esp=327EAB0 Eip=77A264D3

ADDR: 77A264F3 CODE: 7418 jz 0x77a2650d
Eax=D0 Ebx=D00004D4 Ecx=D0D0 Edx=35500C0 Edi=3550000 Esi=35536A0 Ebp=327EC30 Esp=327EAB0 Eip=77A264F3

ADDR: 77A2651D CODE: 7e07 jle 0x77a26526
Eax=4D4 Ebx=D00004D4 Ecx=FFFFFB52 Edx=35500C0 Edi=3550000 Esi=35536A0 Ebp=327EC30 Esp=327EAB0 Eip=77A2651D

ADDR: 77A2653A CODE: 7438 jz 0x77a26574
Eax=359BB38 Ebx=CA9EF963 Ecx=FFFFFB52 Edx=35500C0 Edi=3550000 Esi=35536A0 Ebp=327EC30 Esp=327EAB0 Eip=77A2653A

ADDR: 77A2655A CODE: 7418 jz 0x77a26574
Eax=2 Ebx=2000002 Ecx=202 Edx=35500C0 Edi=3550000 Esi=35536A0 Ebp=327EC30 Esp=327EAB0 Eip=77A2655A

ADDR: 77A26584 CODE: 7f07 jg 0x77a2658d
Eax=2 Ebx=2000002 Ecx=24 Edx=35500C0 Edi=3550000 Esi=35536A0 Ebp=327EC30 Esp=327EAB0 Eip=77A26584

ADDR: 77A26664 CODE: 7708 ja 0x77a2666e
Eax=35536C4 Ebx=0 Ecx=3B Edx=0 Edi=3550000 Esi=35536A0 Ebp=327EC30 Esp=327EAB0 Eip=77A26664

ADDR: 77A26664 CODE: 7708 ja 0x77a2666e
Eax=35536C8 Ebx=0 Ecx=3B Edx=1 Edi=3550000 Esi=35536A0 Ebp=327EC30 Esp=327EAB0 Eip=77A26664

ADDR: 77A26664 CODE: 7708 ja 0x77a2666e
Eax=35536CC Ebx=0 Ecx=3B Edx=2 Edi=3550000 Esi=35536A0 Ebp=327EC30 Esp=327EAB0 Eip=77A26664

ADDR: 77A26664 CODE: 7708 ja 0x77a2666e
Eax=35536D0 Ebx=0 Ecx=3B Edx=3 Edi=3550000 Esi=35536A0 Ebp=327EC30 Esp=327EAB0 Eip=77A26664

ADDR: 77A26664 CODE: 7708 ja 0x77a2666e
Eax=35536D4 Ebx=0 Ecx=3B Edx=4 Edi=3550000 Esi=35536A0 Ebp=327EC30 Esp=327EAB0 Eip=77A26664

ADDR: 77A26664 CODE: 7708 ja 0x77a2666e
Eax=35536D8 Ebx=0 Ecx=3B Edx=5 Edi=3550000 Esi=35536A0 Ebp=327EC30 Esp=327EAB0 Eip=77A26664

ADDR: 77A26664 CODE: 7708 ja 0x77a2666e
Eax=35536DC Ebx=0 Ecx=3B Edx=6 Edi=3550000 Esi=35536A0 Ebp=327EC30 Esp=327EAB0 Eip=77A26664

ADDR: 77A26664 CODE: 7708 ja 0x77a2666e
Eax=35536E0 Ebx=0 Ecx=3B Edx=7 Edi=3550000 Esi=35536A0 Ebp=327EC30 Esp=327EAB0 Eip=77A26664

ADDR: 77A26664 CODE: 7708 ja 0x77a2666e
Eax=35536E4 Ebx=0 Ecx=3B Edx=8 Edi=3550000 Esi=35536A0 Ebp=327EC30 Esp=327EAB0 Eip=77A26664

ADDR: 77A26664 CODE: 7708 ja 0x77a2666e
Eax=35536E8 Ebx=0 Ecx=3B Edx=9 Edi=3550000 Esi=35536A0 Ebp=327EC30 Esp=327EAB0 Eip=77A26664

ADDR: 77A26664 CODE: 7708 ja 0x77a2666e
Eax=35536EC Ebx=0 Ecx=3B Edx=A Edi=3550000 Esi=35536A0 Ebp=327EC30 Esp=327EAB0 Eip=77A26664

ADDR: 77A26664 CODE: 7708 ja 0x77a2666e
Eax=35536F0 Ebx=0 Ecx=3B Edx=B Edi=3550000 Esi=35536A0 Ebp=327EC30 Esp=327EAB0 Eip=77A26664

ADDR: 77A26664 CODE: 7708 ja 0x77a2666e
Eax=35536F4 Ebx=0 Ecx=3B Edx=C Edi=3550000 Esi=35536A0 Ebp=327EC30 Esp=327EAB0 Eip=77A26664

ADDR: 77A26664 CODE: 7708 ja 0x77a2666e
Eax=35536F8 Ebx=0 Ecx=3B Edx=D Edi=3550000 Esi=35536A0 Ebp=327EC30 Esp=327EAB0 Eip=77A26664

ADDR: 77A26664 CODE: 7708 ja 0x77a2666e
Eax=35536FC Ebx=0 Ecx=3B Edx=E Edi=3550000 Esi=35536A0 Ebp=327EC30 Esp=327EAB0 Eip=77A26664

ADDR: 77A26664 CODE: 7708 ja 0x77a2666e
Eax=3553700 Ebx=0 Ecx=3B Edx=F Edi=3550000 Esi=35536A0 Ebp=327EC30 Esp=327EAB0 Eip=77A26664

ADDR: 77A26664 CODE: 7708 ja 0x77a2666e
Eax=3553704 Ebx=0 Ecx=3B Edx=10 Edi=3550000 Esi=35536A0 Ebp=327EC30 Esp=327EAB0 Eip=77A26664

ADDR: 77A26664 CODE: 7708 ja 0x77a2666e
Eax=3553708 Ebx=0 Ecx=3B Edx=11 Edi=3550000 Esi=35536A0 Ebp=327EC30 Esp=327EAB0 Eip=77A26664

ADDR: 77A26664 CODE: 7708 ja 0x77a2666e
Eax=355370C Ebx=0 Ecx=3B Edx=12 Edi=3550000 Esi=35536A0 Ebp=327EC30 Esp=327EAB0 Eip=77A26664

ADDR: 77A26664 CODE: 7708 ja 0x77a2666e
Eax=3553710 Ebx=0 Ecx=3B Edx=13 Edi=3550000 Esi=35536A0 Ebp=327EC30 Esp=327EAB0 Eip=77A26664

ADDR: 77A26664 CODE: 7708 ja 0x77a2666e
Eax=3553714 Ebx=0 Ecx=3B Edx=14 Edi=3550000 Esi=35536A0 Ebp=327EC30 Esp=327EAB0 Eip=77A26664

ADDR: 77A26664 CODE: 7708 ja 0x77a2666e
Eax=3553718 Ebx=0 Ecx=3B Edx=15 Edi=3550000 Esi=35536A0 Ebp=327EC30 Esp=327EAB0 Eip=77A26664

ADDR: 77A26664 CODE: 7708 ja 0x77a2666e
Eax=355371C Ebx=0 Ecx=3B Edx=16 Edi=3550000 Esi=35536A0 Ebp=327EC30 Esp=327EAB0 Eip=77A26664

ADDR: 77A26664 CODE: 7708 ja 0x77a2666e
Eax=3553720 Ebx=0 Ecx=3B Edx=17 Edi=3550000 Esi=35536A0 Ebp=327EC30 Esp=327EAB0 Eip=77A26664

ADDR: 77A26664 CODE: 7708 ja 0x77a2666e
Eax=3553724 Ebx=0 Ecx=3B Edx=18 Edi=3550000 Esi=35536A0 Ebp=327EC30 Esp=327EAB0 Eip=77A26664

ADDR: 77A26664 CODE: 7708 ja 0x77a2666e
Eax=3553728 Ebx=0 Ecx=3B Edx=19 Edi=3550000 Esi=35536A0 Ebp=327EC30 Esp=327EAB0 Eip=77A26664

ADDR: 77A26664 CODE: 7708 ja 0x77a2666e
Eax=355372C Ebx=0 Ecx=3B Edx=1A Edi=3550000 Esi=35536A0 Ebp=327EC30 Esp=327EAB0 Eip=77A26664

ADDR: 77A26664 CODE: 7708 ja 0x77a2666e
Eax=3553730 Ebx=0 Ecx=3B Edx=1B Edi=3550000 Esi=35536A0 Ebp=327EC30 Esp=327EAB0 Eip=77A26664

ADDR: 77A26664 CODE: 7708 ja 0x77a2666e
Eax=3553734 Ebx=0 Ecx=3B Edx=1C Edi=3550000 Esi=35536A0 Ebp=327EC30 Esp=327EAB0 Eip=77A26664

ADDR: 77A26664 CODE: 7708 ja 0x77a2666e
Eax=3553738 Ebx=0 Ecx=3B Edx=1D Edi=3550000 Esi=35536A0 Ebp=327EC30 Esp=327EAB0 Eip=77A26664

ADDR: 77A26664 CODE: 7708 ja 0x77a2666e
Eax=355373C Ebx=0 Ecx=3B Edx=1E Edi=3550000 Esi=35536A0 Ebp=327EC30 Esp=327EAB0 Eip=77A26664

ADDR: 77A26664 CODE: 7708 ja 0x77a2666e
Eax=3553740 Ebx=0 Ecx=3B Edx=1F Edi=3550000 Esi=35536A0 Ebp=327EC30 Esp=327EAB0 Eip=77A26664

ADDR: 77A26664 CODE: 7708 ja 0x77a2666e
Eax=3553744 Ebx=0 Ecx=3B Edx=20 Edi=3550000 Esi=35536A0 Ebp=327EC30 Esp=327EAB0 Eip=77A26664

ADDR: 77A26664 CODE: 7708 ja 0x77a2666e
Eax=3553748 Ebx=0 Ecx=3B Edx=21 Edi=3550000 Esi=35536A0 Ebp=327EC30 Esp=327EAB0 Eip=77A26664

ADDR: 77A26679 CODE: 7422 jz 0x77a2669d
Eax=355374C Ebx=100000 Ecx=3B Edx=22 Edi=3550000 Esi=35536A0 Ebp=327EC30 Esp=327EAB0 Eip=77A26679

ADDR: 77A266A7 CODE: 740c jz 0x77a266b5
Eax=10 Ebx=100000 Ecx=3B Edx=22 Edi=3550000 Esi=35536A0 Ebp=327EC30 Esp=327EAB0 Eip=77A266A7

ADDR: 77A266D1 CODE: 7402 jz 0x77a266d5
Eax=14 Ebx=100000 Ecx=3B Edx=454 Edi=3550000 Esi=35536A0 Ebp=327EC30 Esp=327EAB0 Eip=77A266D1

ADDR: 77A266E0 CODE: 0f841c110000 jz 0x77a27802
Eax=35A6948 Ebx=100000 Ecx=3B Edx=454 Edi=3550000 Esi=35536A0 Ebp=327EC30 Esp=327EAB0 Eip=77A266E0

ADDR: 77A266F2 CODE: 0f844d020000 jz 0x77a26945
Eax=35A6948 Ebx=100000 Ecx=3B Edx=454 Edi=3550000 Esi=35536A0 Ebp=327EC30 Esp=327EAB0 Eip=77A266F2

ADDR: 77A26702 CODE: 741f jz 0x77a26723
Eax=35A6948 Ebx=35A6940 Ecx=3B Edx=454 Edi=3550000 Esi=35536A0 Ebp=327EC30 Esp=327EAB0 Eip=77A26702

ADDR: 77A26714 CODE: 740a jz 0x77a26720
Eax=C89EF9D0 Ebx=35A6940 Ecx=3B Edx=454 Edi=3550000 Esi=35536A0 Ebp=327EC30 Esp=327EAB0 Eip=77A26714

ADDR: 77A26729 CODE: 0f8200020000 jb 0x77a2692f
Eax=35A6948 Ebx=35A6940 Ecx=3B Edx=454 Edi=3550000 Esi=4D4 Ebp=327EC30 Esp=327EAB0 Eip=77A26729

ADDR: 77A26761 CODE: 0f841c010000 jz 0x77a26883
Eax=35A6948 Ebx=35A6940 Ecx=3550270 Edx=35A6948 Edi=3550000 Esi=4D4 Ebp=327EC30 Esp=327EAB0 Eip=77A26761

ADDR: 77A26778 CODE: 730b jae 0x77a26785
Eax=4D4 Ebx=35A6940 Ecx=3550270 Edx=35A6948 Edi=3550000 Esi=80 Ebp=327EC30 Esp=327EAB0 Eip=77A26778

ADDR: 77A26778 CODE: 730b jae 0x77a26785
Eax=4D4 Ebx=35A6940 Ecx=35536A0 Edx=35536A0 Edi=3550000 Esi=800 Ebp=327EC30 Esp=327EAB0 Eip=77A26778

ADDR: 77A2680D CODE: 0f83db000000 jae 0x77a268ee
Eax=7FF Ebx=35A6940 Ecx=35536A0 Edx=454 Edi=3550000 Esi=35500C0 Ebp=327EC30 Esp=327EAB0 Eip=77A2680D

ADDR: 77A26816 CODE: 0f84a3000000 jz 0x77a268bf
Eax=7FF Ebx=35A6940 Ecx=35536A0 Edx=454 Edi=3550000 Esi=35500C0 Ebp=327EC30 Esp=327EAB0 Eip=77A26816

ADDR: 77A26895 CODE: 7475 jz 0x77a2690c
Eax=35500C0 Ebx=35A6940 Ecx=358E9B8 Edx=FFEFFFFF Edi=3550000 Esi=22 Ebp=327EC30 Esp=327EAB0 Eip=77A26895

ADDR: 77A26ACC CODE: 7418 jz 0x77a26ae6
Eax=35500C0 Ebx=35A6940 Ecx=358E900 Edx=FFEFFFFF Edi=3550000 Esi=1 Ebp=327EC30 Esp=327EAB0 Eip=77A26ACC

ADDR: 77A26B12 CODE: 7305 jae 0x77a26b19
Eax=8 Ebx=35A6940 Ecx=26 Edx=4AE Edi=3550000 Esi=1 Ebp=327EC30 Esp=327EAB0 Eip=77A26B12

ADDR: 77A26B27 CODE: 741e jz 0x77a26b47
Eax=8 Ebx=35A6940 Ecx=26 Edx=4AE Edi=3550000 Esi=1 Ebp=327EC30 Esp=327EAB0 Eip=77A26B27

ADDR: 77A26CA1 CODE: 741a jz 0x77a26cbd
Eax=0 Ebx=35A6940 Ecx=26 Edx=4AE Edi=3550000 Esi=1 Ebp=327EC30 Esp=327EAB0 Eip=77A26CA1

ADDR: 77A26D47 CODE: 0f845d050000 jz 0x77a272aa
Eax=9F Ebx=35A6A70 Ecx=100000 Edx=4AE Edi=3550000 Esi=35A8FE0 Ebp=327EC30 Esp=327EAB0 Eip=77A26D47

ADDR: 77A26D81 CODE: 0f8496020000 jz 0x77a2701d
Eax=35500C0 Ebx=35A6A70 Ecx=100000 Edx=4AE Edi=3550000 Esi=3550270 Ebp=327EC30 Esp=327EAB0 Eip=77A26D81

ADDR: 77A26D8C CODE: 7304 jae 0x77a26d92
Eax=35500C0 Ebx=35A6A70 Ecx=80 Edx=4AE Edi=3550000 Esi=3550270 Ebp=327EC30 Esp=327EAB0 Eip=77A26D8C

ADDR: 77A26D8C CODE: 7304 jae 0x77a26d92
Eax=35536A0 Ebx=35A6A70 Ecx=800 Edx=4AE Edi=3550000 Esi=35536A0 Ebp=327EC30 Esp=327EAB0 Eip=77A26D8C

ADDR: 77A26DD5 CODE: 743b jz 0x77a26e12
Eax=358E9B0 Ebx=35A6A70 Ecx=358E9B8 Edx=C49EF96D Edi=3550000 Esi=35536A0 Ebp=327EC30 Esp=327EAB0 Eip=77A26DD5

ADDR: 77A26DF8 CODE: 7418 jz 0x77a26e12
Eax=C Ebx=35A6A70 Ecx=C0C Edx=C00000C Edi=3550000 Esi=35536A0 Ebp=327EC30 Esp=327EAB0 Eip=77A26DF8

ADDR: 77A26E22 CODE: 7e08 jle 0x77a26e2c
Eax=C Ebx=35A6A70 Ecx=4A2 Edx=C00000C Edi=3550000 Esi=35536A0 Ebp=327EC30 Esp=327EAB0 Eip=77A26E22

ADDR: 77A26FF9 CODE: 740b jz 0x77a27006
Eax=C Ebx=35A6A70 Ecx=35500C0 Edx=C00000C Edi=3550000 Esi=35536A0 Ebp=327EC30 Esp=327EAB0 Eip=77A26FF9

ADDR: 77A27024 CODE: 7435 jz 0x77a2705b
Eax=35500C0 Ebx=35A6A70 Ecx=35500C0 Edx=C00000C Edi=3550000 Esi=4AE Ebp=327EC30 Esp=327EAB0 Eip=77A27024

ADDR: 77A27094 CODE: 0f84fc000000 jz 0x77a27196
Eax=4AE Ebx=35A6A70 Ecx=3550270 Edx=358E9B8 Edi=3550000 Esi=35500C0 Ebp=327EC30 Esp=327EAB0 Eip=77A27094

ADDR: 77A270A5 CODE: 730a jae 0x77a270b1
Eax=4AE Ebx=35A6A70 Ecx=3550270 Edx=358E9B8 Edi=3550000 Esi=80 Ebp=327EC30 Esp=327EAB0 Eip=77A270A5

ADDR: 77A270A5 CODE: 730a jae 0x77a270b1
Eax=4AE Ebx=35A6A70 Ecx=35536A0 Edx=35536A0 Edi=3550000 Esi=800 Ebp=327EC30 Esp=327EAB0 Eip=77A270A5

ADDR: 77A270FF CODE: 7464 jz 0x77a27165
Eax=0 Ebx=35A6A70 Ecx=35536A0 Edx=4AE Edi=3550000 Esi=42E Ebp=327EC30 Esp=327EAB0 Eip=77A270FF

ADDR: 77A2719A CODE: 0f8497040000 jz 0x77a27637
Eax=35536C4 Ebx=35A6A70 Ecx=E Edx=4000 Edi=3550000 Esi=21 Ebp=327EC30 Esp=327EAB0 Eip=77A2719A

ADDR: 77A26B7F CODE: 0f841c0b0000 jz 0x77a276a1
Eax=8 Ebx=35A6948 Ecx=130 Edx=35A6947 Edi=3550000 Esi=130 Ebp=327EC30 Esp=327EAB0 Eip=77A26B7F

ADDR: 77A26B89 CODE: 7413 jz 0x77a26b9e
Eax=8 Ebx=35A6948 Ecx=130 Edx=35A6947 Edi=3550000 Esi=130 Ebp=327EC30 Esp=327EAB0 Eip=77A26B89

ADDR: 77A26BA2 CODE: 0f84b7000000 jz 0x77a26c5f
Eax=C89EF961 Ebx=35A6948 Ecx=35A6940 Edx=35A6947 Edi=3550000 Esi=130 Ebp=327EC30 Esp=327EAB0 Eip=77A26BA2

ADDR: 77A26BC7 CODE: 762c jbe 0x77a26bf5
Eax=C89EF961 Ebx=35A6948 Ecx=35A6940 Edx=1 Edi=3550000 Esi=130 Ebp=327EC30 Esp=327EAB0 Eip=77A26BC7

ADDR: 77A26C05 CODE: 7249 jb 0x77a26c50
Eax=C89EF961 Ebx=35A6948 Ecx=35A6940 Edx=1 Edi=3550000 Esi=130 Ebp=327EC30 Esp=327EAB0 Eip=77A26C05

ADDR: 77A27B53 CODE: 746e jz 0x77a27bc3
Eax=FFFFFFFE Ebx=3550258 Ecx=FFFFFFFF Edx=1 Edi=355025C Esi=FFFFFFFE Ebp=327EAA4 Esp=327EA90 Eip=77A27B53

ADDR: 77A26C63 CODE: 0f84150e0000 jz 0x77a27a7e
Eax=0 Ebx=35A6948 Ecx=FFFFFFFF Edx=1 Edi=3550000 Esi=130 Ebp=327EC30 Esp=327EAB0 Eip=77A26C63

ADDR: 77A27AAD CODE: 741e jz 0x77a27acd
Eax=0 Ebx=35A6948 Ecx=FFFFFFFF Edx=1 Edi=3550000 Esi=130 Ebp=327EC30 Esp=327EAAC Eip=77A27AAD

ADDR: 77A27A91 CODE: 743b jz 0x77a27ace
Eax=0 Ebx=35A6948 Ecx=FFFFFFFF Edx=1 Edi=3550000 Esi=130 Ebp=327EC30 Esp=327EAB0 Eip=77A27A91

ADDR: 77A27AD6 CODE: 741f jz 0x77a27af7
Eax=7FFE0388 Ebx=35A6948 Ecx=FFFFFFFF Edx=1 Edi=3550000 Esi=130 Ebp=327EC30 Esp=327EAB0 Eip=77A27AD6

ADDR: 77A25D13 CODE: 7445 jz 0x77a25d5a
Eax=35A6948 Ebx=3550000 Ecx=19BAFD24 Edx=1 Edi=35A6948 Esi=130 Ebp=327ECC0 Esp=327EC48 Eip=77A25D13

ADDR: 77A25D1D CODE: 0f8474000000 jz 0x77a25d97
Eax=35A6948 Ebx=3550000 Ecx=128 Edx=0 Edi=35A6948 Esi=130 Ebp=327ECC0 Esp=327EC48 Eip=77A25D1D

ADDR: 77A25DA5 CODE: 7415 jz 0x77a25dbc
Eax=0 Ebx=3550000 Ecx=0 Edx=0 Edi=35A6948 Esi=130 Ebp=327ECC0 Esp=327EC48 Eip=77A25DA5

ADDR: 77A25DC4 CODE: 0f8492000000 jz 0x77a25e5c
Eax=7FFE0380 Ebx=3550000 Ecx=0 Edx=0 Edi=35A6948 Esi=130 Ebp=327ECC0 Esp=327EC48 Eip=77A25DC4

ADDR: 77A25E63 CODE: 743b jz 0x77a25ea0
Eax=0 Ebx=3550000 Ecx=0 Edx=0 Edi=35A6948 Esi=130 Ebp=327ECC0 Esp=327EC48 Eip=77A25E63

ADDR: 934738 CODE: 0f844a1c0000 jz 0x936388
Eax=35A6948 Ebx=0 Ecx=0 Edx=0 Edi=0 Esi=35A6820 Ebp=327F9E8 Esp=327ECF0 Eip=934738

ADDR: 93474A CODE: 7408 jz 0x934754
Eax=0 Ebx=0 Ecx=120 Edx=0 Edi=0 Esi=35A6820 Ebp=327F9E8 Esp=327ECF0 Eip=93474A

ADDR: 934752 CODE: 72f8 jb 0x93474c
Eax=1 Ebx=0 Ecx=120 Edx=7 Edi=0 Esi=35A6820 Ebp=327F9E8 Esp=327ECF0 Eip=934752

ADDR: 934752 CODE: 72f8 jb 0x93474c
Eax=2 Ebx=0 Ecx=120 Edx=7 Edi=0 Esi=35A6820 Ebp=327F9E8 Esp=327ECF0 Eip=934752

ADDR: 934752 CODE: 72f8 jb 0x93474c
Eax=3 Ebx=0 Ecx=120 Edx=7 Edi=0 Esi=35A6820 Ebp=327F9E8 Esp=327ECF0 Eip=934752

ADDR: 934752 CODE: 72f8 jb 0x93474c
Eax=4 Ebx=0 Ecx=120 Edx=7 Edi=0 Esi=35A6820 Ebp=327F9E8 Esp=327ECF0 Eip=934752

ADDR: 934752 CODE: 72f8 jb 0x93474c
Eax=5 Ebx=0 Ecx=120 Edx=1F Edi=0 Esi=35A6820 Ebp=327F9E8 Esp=327ECF0 Eip=934752

ADDR: 934752 CODE: 72f8 jb 0x93474c
Eax=6 Ebx=0 Ecx=120 Edx=1E Edi=0 Esi=35A6820 Ebp=327F9E8 Esp=327ECF0 Eip=934752

ADDR: 934752 CODE: 72f8 jb 0x93474c
Eax=7 Ebx=0 Ecx=120 Edx=1E Edi=0 Esi=35A6820 Ebp=327F9E8 Esp=327ECF0 Eip=934752

ADDR: 934752 CODE: 72f8 jb 0x93474c
Eax=8 Ebx=0 Ecx=120 Edx=1E Edi=0 Esi=35A6820 Ebp=327F9E8 Esp=327ECF0 Eip=934752

ADDR: 934752 CODE: 72f8 jb 0x93474c
Eax=9 Ebx=0 Ecx=120 Edx=1A Edi=0 Esi=35A6820 Ebp=327F9E8 Esp=327ECF0 Eip=934752

ADDR: 934752 CODE: 72f8 jb 0x93474c
Eax=A Ebx=0 Ecx=120 Edx=1A Edi=0 Esi=35A6820 Ebp=327F9E8 Esp=327ECF0 Eip=934752

ADDR: 934752 CODE: 72f8 jb 0x93474c
Eax=B Ebx=0 Ecx=120 Edx=1A Edi=0 Esi=35A6820 Ebp=327F9E8 Esp=327ECF0 Eip=934752

ADDR: 934752 CODE: 72f8 jb 0x93474c
Eax=C Ebx=0 Ecx=120 Edx=1A Edi=0 Esi=35A6820 Ebp=327F9E8 Esp=327ECF0 Eip=934752

ADDR: 934752 CODE: 72f8 jb 0x93474c
Eax=D Ebx=0 Ecx=120 Edx=1A Edi=0 Esi=35A6820 Ebp=327F9E8 Esp=327ECF0 Eip=934752

ADDR: 934752 CODE: 72f8 jb 0x93474c
Eax=E Ebx=0 Ecx=120 Edx=1A Edi=0 Esi=35A6820 Ebp=327F9E8 Esp=327ECF0 Eip=934752

ADDR: 934752 CODE: 72f8 jb 0x93474c
Eax=F Ebx=0 Ecx=120 Edx=1A Edi=0 Esi=35A6820 Ebp=327F9E8 Esp=327ECF0 Eip=934752

ADDR: 934752 CODE: 72f8 jb 0x93474c
Eax=10 Ebx=0 Ecx=120 Edx=1A Edi=0 Esi=35A6820 Ebp=327F9E8 Esp=327ECF0 Eip=934752

ADDR: 934752 CODE: 72f8 jb 0x93474c
Eax=11 Ebx=0 Ecx=120 Edx=BA Edi=0 Esi=35A6820 Ebp=327F9E8 Esp=327ECF0 Eip=934752

ADDR: 934752 CODE: 72f8 jb 0x93474c
Eax=12 Ebx=0 Ecx=120 Edx=BA Edi=0 Esi=35A6820 Ebp=327F9E8 Esp=327ECF0 Eip=934752

ADDR: 934752 CODE: 72f8 jb 0x93474c
Eax=13 Ebx=0 Ecx=120 Edx=BA Edi=0 Esi=35A6820 Ebp=327F9E8 Esp=327ECF0 Eip=934752

ADDR: 934752 CODE: 72f8 jb 0x93474c
Eax=14 Ebx=0 Ecx=120 Edx=BA Edi=0 Esi=35A6820 Ebp=327F9E8 Esp=327ECF0 Eip=934752

ADDR: 934752 CODE: 72f8 jb 0x93474c
Eax=15 Ebx=0 Ecx=120 Edx=2F Edi=0 Esi=35A6820 Ebp=327F9E8 Esp=327ECF0 Eip=934752

ADDR: 934752 CODE: 72f8 jb 0x93474c
Eax=16 Ebx=0 Ecx=120 Edx=B8 Edi=0 Esi=35A6820 Ebp=327F9E8 Esp=327ECF0 Eip=934752

ADDR: 934752 CODE: 72f8 jb 0x93474c
Eax=17 Ebx=0 Ecx=120 Edx=21 Edi=0 Esi=35A6820 Ebp=327F9E8 Esp=327ECF0 Eip=934752

ADDR: 934752 CODE: 72f8 jb 0x93474c
Eax=18 Ebx=0 Ecx=120 Edx=E5 Edi=0 Esi=35A6820 Ebp=327F9E8 Esp=327ECF0 Eip=934752

ADDR: 934752 CODE: 72f8 jb 0x93474c
Eax=19 Ebx=0 Ecx=120 Edx=CA Edi=0 Esi=35A6820 Ebp=327F9E8 Esp=327ECF0 Eip=934752

ADDR: 934752 CODE: 72f8 jb 0x93474c
Eax=1A Ebx=0 Ecx=120 Edx=43 Edi=0 Esi=35A6820 Ebp=327F9E8 Esp=327ECF0 Eip=934752

ADDR: 934752 CODE: 72f8 jb 0x93474c
Eax=1B Ebx=0 Ecx=120 Edx=85 Edi=0 Esi=35A6820 Ebp=327F9E8 Esp=327ECF0 Eip=934752

ADDR: 934752 CODE: 72f8 jb 0x93474c
Eax=1C Ebx=0 Ecx=120 Edx=D2 Edi=0 Esi=35A6820 Ebp=327F9E8 Esp=327ECF0 Eip=934752

ADDR: 934752 CODE: 72f8 jb 0x93474c
Eax=1D Ebx=0 Ecx=120 Edx=F6 Edi=0 Esi=35A6820 Ebp=327F9E8 Esp=327ECF0 Eip=934752

ADDR: 934752 CODE: 72f8 jb 0x93474c
Eax=1E Ebx=0 Ecx=120 Edx=B8 Edi=0 Esi=35A6820 Ebp=327F9E8 Esp=327ECF0 Eip=934752

ADDR: 934752 CODE: 72f8 jb 0x93474c
Eax=1F Ebx=0 Ecx=120 Edx=31 Edi=0 Esi=35A6820 Ebp=327F9E8 Esp=327ECF0 Eip=934752

ADDR: 934752 CODE: 72f8 jb 0x93474c
Eax=20 Ebx=0 Ecx=120 Edx=5F Edi=0 Esi=35A6820 Ebp=327F9E8 Esp=327ECF0 Eip=934752

ADDR: 934752 CODE: 72f8 jb 0x93474c
Eax=21 Ebx=0 Ecx=120 Edx=7 Edi=0 Esi=35A6820 Ebp=327F9E8 Esp=327ECF0 Eip=934752

ADDR: 934752 CODE: 72f8 jb 0x93474c
Eax=22 Ebx=0 Ecx=120 Edx=9F Edi=0 Esi=35A6820 Ebp=327F9E8 Esp=327ECF0 Eip=934752

ADDR: 934752 CODE: 72f8 jb 0x93474c
Eax=23 Ebx=0 Ecx=120 Edx=12 Edi=0 Esi=35A6820 Ebp=327F9E8 Esp=327ECF0 Eip=934752

ADDR: 934752 CODE: 72f8 jb 0x93474c
Eax=24 Ebx=0 Ecx=120 Edx=3D Edi=0 Esi=35A6820 Ebp=327F9E8 Esp=327ECF0 Eip=934752

ADDR: 934752 CODE: 72f8 jb 0x93474c
Eax=25 Ebx=0 Ecx=120 Edx=1F Edi=0 Esi=35A6820 Ebp=327F9E8 Esp=327ECF0 Eip=934752

ADDR: 934752 CODE: 72f8 jb 0x93474c
Eax=26 Ebx=0 Ecx=120 Edx=C6 Edi=0 Esi=35A6820 Ebp=327F9E8 Esp=327ECF0 Eip=934752

ADDR: 934752 CODE: 72f8 jb 0x93474c
Eax=27 Ebx=0 Ecx=120 Edx=18 Edi=0 Esi=35A6820 Ebp=327F9E8 Esp=327ECF0 Eip=934752

ADDR: 934752 CODE: 72f8 jb 0x93474c
Eax=28 Ebx=0 Ecx=120 Edx=A7 Edi=0 Esi=35A6820 Ebp=327F9E8 Esp=327ECF0 Eip=934752

ADDR: 934752 CODE: 72f8 jb 0x93474c
Eax=29 Ebx=0 Ecx=120 Edx=B6 Edi=0 Esi=35A6820 Ebp=327F9E8 Esp=327ECF0 Eip=934752

ADDR: 934752 CODE: 72f8 jb 0x93474c
Eax=2A Ebx=0 Ecx=120 Edx=DF Edi=0 Esi=35A6820 Ebp=327F9E8 Esp=327ECF0 Eip=934752

ADDR: 934752 CODE: 72f8 jb 0x93474c
Eax=2B Ebx=0 Ecx=120 Edx=89 Edi=0 Esi=35A6820 Ebp=327F9E8 Esp=327ECF0 Eip=934752

ADDR: 934752 CODE: 72f8 jb 0x93474c
Eax=2C Ebx=0 Ecx=120 Edx=55 Edi=0 Esi=35A6820 Ebp=327F9E8 Esp=327ECF0 Eip=934752

ADDR: 934752 CODE: 72f8 jb 0x93474c
Eax=2D Ebx=0 Ecx=120 Edx=6C Edi=0 Esi=35A6820 Ebp=327F9E8 Esp=327ECF0 Eip=934752

ADDR: 934752 CODE: 72f8 jb 0x93474c
Eax=2E Ebx=0 Ecx=120 Edx=9D Edi=0 Esi=35A6820 Ebp=327F9E8 Esp=327ECF0 Eip=934752

ADDR: 934752 CODE: 72f8 jb 0x93474c
Eax=2F Ebx=0 Ecx=120 Edx=7B Edi=0 Esi=35A6820 Ebp=327F9E8 Esp=327ECF0 Eip=934752

ADDR: 934752 CODE: 72f8 jb 0x93474c
Eax=30 Ebx=0 Ecx=120 Edx=3F Edi=0 Esi=35A6820 Ebp=327F9E8 Esp=327ECF0 Eip=934752

ADDR: 934752 CODE: 72f8 jb 0x93474c
Eax=31 Ebx=0 Ecx=120 Edx=84 Edi=0 Esi=35A6820 Ebp=327F9E8 Esp=327ECF0 Eip=934752

ADDR: 934752 CODE: 72f8 jb 0x93474c
Eax=32 Ebx=0 Ecx=120 Edx=AA Edi=0 Esi=35A6820 Ebp=327F9E8 Esp=327ECF0 Eip=934752

ADDR: 934752 CODE: 72f8 jb 0x93474c
Eax=33 Ebx=0 Ecx=120 Edx=19 Edi=0 Esi=35A6820 Ebp=327F9E8 Esp=327ECF0 Eip=934752

ADDR: 934752 CODE: 72f8 jb 0x93474c
Eax=34 Ebx=0 Ecx=120 Edx=55 Edi=0 Esi=35A6820 Ebp=327F9E8 Esp=327ECF0 Eip=934752

ADDR: 934752 CODE: 72f8 jb 0x93474c
Eax=35 Ebx=0 Ecx=120 Edx=FC Edi=0 Esi=35A6820 Ebp=327F9E8 Esp=327ECF0 Eip=934752

ADDR: 934752 CODE: 72f8 jb 0x93474c
Eax=36 Ebx=0 Ecx=120 Edx=F4 Edi=0 Esi=35A6820 Ebp=327F9E8 Esp=327ECF0 Eip=934752

ADDR: 934752 CODE: 72f8 jb 0x93474c
Eax=37 Ebx=0 Ecx=120 Edx=AD Edi=0 Esi=35A6820 Ebp=327F9E8 Esp=327ECF0 Eip=934752

ADDR: 934752 CODE: 72f8 jb 0x93474c
Eax=38 Ebx=0 Ecx=120 Edx=8E Edi=0 Esi=35A6820 Ebp=327F9E8 Esp=327ECF0 Eip=934752

ADDR: 934752 CODE: 72f8 jb 0x93474c
Eax=39 Ebx=0 Ecx=120 Edx=14 Edi=0 Esi=35A6820 Ebp=327F9E8 Esp=327ECF0 Eip=934752

ADDR: 934752 CODE: 72f8 jb 0x93474c
Eax=3A Ebx=0 Ecx=120 Edx=76 Edi=0 Esi=35A6820 Ebp=327F9E8 Esp=327ECF0 Eip=934752

ADDR: 934752 CODE: 72f8 jb 0x93474c
Eax=3B Ebx=0 Ecx=120 Edx=20 Edi=0 Esi=35A6820 Ebp=327F9E8 Esp=327ECF0 Eip=934752

ADDR: 934752 CODE: 72f8 jb 0x93474c
Eax=3C Ebx=0 Ecx=120 Edx=4E Edi=0 Esi=35A6820 Ebp=327F9E8 Esp=327ECF0 Eip=934752

ADDR: 934752 CODE: 72f8 jb 0x93474c
Eax=3D Ebx=0 Ecx=120 Edx=35 Edi=0 Esi=35A6820 Ebp=327F9E8 Esp=327ECF0 Eip=934752

ADDR: 934752 CODE: 72f8 jb 0x93474c
Eax=3E Ebx=0 Ecx=120 Edx=EF Edi=0 Esi=35A6820 Ebp=327F9E8 Esp=327ECF0 Eip=934752

ADDR: 934752 CODE: 72f8 jb 0x93474c
Eax=3F Ebx=0 Ecx=120 Edx=3C Edi=0 Esi=35A6820 Ebp=327F9E8 Esp=327ECF0 Eip=934752

ADDR: 934752 CODE: 72f8 jb 0x93474c
Eax=40 Ebx=0 Ecx=120 Edx=CD Edi=0 Esi=35A6820 Ebp=327F9E8 Esp=327ECF0 Eip=934752

ADDR: 934752 CODE: 72f8 jb 0x93474c
Eax=41 Ebx=0 Ecx=120 Edx=D3 Edi=0 Esi=35A6820 Ebp=327F9E8 Esp=327ECF0 Eip=934752

ADDR: 934752 CODE: 72f8 jb 0x93474c
Eax=42 Ebx=0 Ecx=120 Edx=F1 Edi=0 Esi=35A6820 Ebp=327F9E8 Esp=327ECF0 Eip=934752

ADDR: 934752 CODE: 72f8 jb 0x93474c
Eax=43 Ebx=0 Ecx=120 Edx=B3 Edi=0 Esi=35A6820 Ebp=327F9E8 Esp=327ECF0 Eip=934752

ADDR: 934752 CODE: 72f8 jb 0x93474c
Eax=44 Ebx=0 Ecx=120 Edx=E0 Edi=0 Esi=35A6820 Ebp=327F9E8 Esp=327ECF0 Eip=934752

ADDR: 934752 CODE: 72f8 jb 0x93474c
Eax=45 Ebx=0 Ecx=120 Edx=E0 Edi=0 Esi=35A6820 Ebp=327F9E8 Esp=327ECF0 Eip=934752

ADDR: 934752 CODE: 72f8 jb 0x93474c
Eax=46 Ebx=0 Ecx=120 Edx=E0 Edi=0 Esi=35A6820 Ebp=327F9E8 Esp=327ECF0 Eip=934752

ADDR: 934752 CODE: 72f8 jb 0x93474c
Eax=47 Ebx=0 Ecx=120 Edx=E0 Edi=0 Esi=35A6820 Ebp=327F9E8 Esp=327ECF0 Eip=934752

ADDR: 934752 CODE: 72f8 jb 0x93474c
Eax=48 Ebx=0 Ecx=120 Edx=E0 Edi=0 Esi=35A6820 Ebp=327F9E8 Esp=327ECF0 Eip=934752

ADDR: 934752 CODE: 72f8 jb 0x93474c
Eax=49 Ebx=0 Ecx=120 Edx=E0 Edi=0 Esi=35A6820 Ebp=327F9E8 Esp=327ECF0 Eip=934752

ADDR: 934752 CODE: 72f8 jb 0x93474c
Eax=4A Ebx=0 Ecx=120 Edx=E0 Edi=0 Esi=35A6820 Ebp=327F9E8 Esp=327ECF0 Eip=934752

ADDR: 934752 CODE: 72f8 jb 0x93474c
Eax=4B Ebx=0 Ecx=120 Edx=E0 Edi=0 Esi=35A6820 Ebp=327F9E8 Esp=327ECF0 Eip=934752

ADDR: 934752 CODE: 72f8 jb 0x93474c
Eax=4C Ebx=0 Ecx=120 Edx=E0 Edi=0 Esi=35A6820 Ebp=327F9E8 Esp=327ECF0 Eip=934752

ADDR: 934752 CODE: 72f8 jb 0x93474c
Eax=4D Ebx=0 Ecx=120 Edx=E0 Edi=0 Esi=35A6820 Ebp=327F9E8 Esp=327ECF0 Eip=934752

ADDR: 934752 CODE: 72f8 jb 0x93474c
Eax=4E Ebx=0 Ecx=120 Edx=E0 Edi=0 Esi=35A6820 Ebp=327F9E8 Esp=327ECF0 Eip=934752

ADDR: 934752 CODE: 72f8 jb 0x93474c
Eax=4F Ebx=0 Ecx=120 Edx=E0 Edi=0 Esi=35A6820 Ebp=327F9E8 Esp=327ECF0 Eip=934752

ADDR: 934752 CODE: 72f8 jb 0x93474c
Eax=50 Ebx=0 Ecx=120 Edx=E0 Edi=0 Esi=35A6820 Ebp=327F9E8 Esp=327ECF0 Eip=934752

ADDR: 934752 CODE: 72f8 jb 0x93474c
Eax=51 Ebx=0 Ecx=120 Edx=E0 Edi=0 Esi=35A6820 Ebp=327F9E8 Esp=327ECF0 Eip=934752

ADDR: 934752 CODE: 72f8 jb 0x93474c
Eax=52 Ebx=0 Ecx=120 Edx=E0 Edi=0 Esi=35A6820 Ebp=327F9E8 Esp=327ECF0 Eip=934752

ADDR: 934752 CODE: 72f8 jb 0x93474c
Eax=53 Ebx=0 Ecx=120 Edx=E0 Edi=0 Esi=35A6820 Ebp=327F9E8 Esp=327ECF0 Eip=934752

ADDR: 934752 CODE: 72f8 jb 0x93474c
Eax=54 Ebx=0 Ecx=120 Edx=E0 Edi=0 Esi=35A6820 Ebp=327F9E8 Esp=327ECF0 Eip=934752

ADDR: 934752 CODE: 72f8 jb 0x93474c
Eax=55 Ebx=0 Ecx=120 Edx=E0 Edi=0 Esi=35A6820 Ebp=327F9E8 Esp=327ECF0 Eip=934752

ADDR: 934752 CODE: 72f8 jb 0x93474c
Eax=56 Ebx=0 Ecx=120 Edx=E0 Edi=0 Esi=35A6820 Ebp=327F9E8 Esp=327ECF0 Eip=934752

ADDR: 934752 CODE: 72f8 jb 0x93474c
Eax=57 Ebx=0 Ecx=120 Edx=E0 Edi=0 Esi=35A6820 Ebp=327F9E8 Esp=327ECF0 Eip=934752

ADDR: 934752 CODE: 72f8 jb 0x93474c
Eax=58 Ebx=0 Ecx=120 Edx=E0 Edi=0 Esi=35A6820 Ebp=327F9E8 Esp=327ECF0 Eip=934752

ADDR: 934752 CODE: 72f8 jb 0x93474c
Eax=59 Ebx=0 Ecx=120 Edx=E0 Edi=0 Esi=35A6820 Ebp=327F9E8 Esp=327ECF0 Eip=934752

ADDR: 934752 CODE: 72f8 jb 0x93474c
Eax=5A Ebx=0 Ecx=120 Edx=E0 Edi=0 Esi=35A6820 Ebp=327F9E8 Esp=327ECF0 Eip=934752

ADDR: 934752 CODE: 72f8 jb 0x93474c
Eax=5B Ebx=0 Ecx=120 Edx=E0 Edi=0 Esi=35A6820 Ebp=327F9E8 Esp=327ECF0 Eip=934752

ADDR: 934752 CODE: 72f8 jb 0x93474c
Eax=5C Ebx=0 Ecx=120 Edx=E0 Edi=0 Esi=35A6820 Ebp=327F9E8 Esp=327ECF0 Eip=934752

ADDR: 934752 CODE: 72f8 jb 0x93474c
Eax=5D Ebx=0 Ecx=120 Edx=E0 Edi=0 Esi=35A6820 Ebp=327F9E8 Esp=327ECF0 Eip=934752

ADDR: 934752 CODE: 72f8 jb 0x93474c
Eax=5E Ebx=0 Ecx=120 Edx=E0 Edi=0 Esi=35A6820 Ebp=327F9E8 Esp=327ECF0 Eip=934752

ADDR: 934752 CODE: 72f8 jb 0x93474c
Eax=5F Ebx=0 Ecx=120 Edx=E0 Edi=0 Esi=35A6820 Ebp=327F9E8 Esp=327ECF0 Eip=934752

ADDR: 934752 CODE: 72f8 jb 0x93474c
Eax=60 Ebx=0 Ecx=120 Edx=E0 Edi=0 Esi=35A6820 Ebp=327F9E8 Esp=327ECF0 Eip=934752

ADDR: 934752 CODE: 72f8 jb 0x93474c
Eax=61 Ebx=0 Ecx=120 Edx=E0 Edi=0 Esi=35A6820 Ebp=327F9E8 Esp=327ECF0 Eip=934752

ADDR: 934752 CODE: 72f8 jb 0x93474c
Eax=62 Ebx=0 Ecx=120 Edx=E0 Edi=0 Esi=35A6820 Ebp=327F9E8 Esp=327ECF0 Eip=934752

ADDR: 934752 CODE: 72f8 jb 0x93474c
Eax=63 Ebx=0 Ecx=120 Edx=E0 Edi=0 Esi=35A6820 Ebp=327F9E8 Esp=327ECF0 Eip=934752

ADDR: 934752 CODE: 72f8 jb 0x93474c
Eax=64 Ebx=0 Ecx=120 Edx=E0 Edi=0 Esi=35A6820 Ebp=327F9E8 Esp=327ECF0 Eip=934752

ADDR: 934752 CODE: 72f8 jb 0x93474c
Eax=65 Ebx=0 Ecx=120 Edx=E0 Edi=0 Esi=35A6820 Ebp=327F9E8 Esp=327ECF0 Eip=934752

ADDR: 934752 CODE: 72f8 jb 0x93474c
Eax=66 Ebx=0 Ecx=120 Edx=E0 Edi=0 Esi=35A6820 Ebp=327F9E8 Esp=327ECF0 Eip=934752

ADDR: 934752 CODE: 72f8 jb 0x93474c
Eax=67 Ebx=0 Ecx=120 Edx=E0 Edi=0 Esi=35A6820 Ebp=327F9E8 Esp=327ECF0 Eip=934752

ADDR: 934752 CODE: 72f8 jb 0x93474c
Eax=68 Ebx=0 Ecx=120 Edx=E0 Edi=0 Esi=35A6820 Ebp=327F9E8 Esp=327ECF0 Eip=934752

ADDR: 934752 CODE: 72f8 jb 0x93474c
Eax=69 Ebx=0 Ecx=120 Edx=E0 Edi=0 Esi=35A6820 Ebp=327F9E8 Esp=327ECF0 Eip=934752

ADDR: 934752 CODE: 72f8 jb 0x93474c
Eax=6A Ebx=0 Ecx=120 Edx=E0 Edi=0 Esi=35A6820 Ebp=327F9E8 Esp=327ECF0 Eip=934752

ADDR: 934752 CODE: 72f8 jb 0x93474c
Eax=6B Ebx=0 Ecx=120 Edx=E0 Edi=0 Esi=35A6820 Ebp=327F9E8 Esp=327ECF0 Eip=934752

ADDR: 934752 CODE: 72f8 jb 0x93474c
Eax=6C Ebx=0 Ecx=120 Edx=E0 Edi=0 Esi=35A6820 Ebp=327F9E8 Esp=327ECF0 Eip=934752

ADDR: 934752 CODE: 72f8 jb 0x93474c
Eax=6D Ebx=0 Ecx=120 Edx=E0 Edi=0 Esi=35A6820 Ebp=327F9E8 Esp=327ECF0 Eip=934752

ADDR: 934752 CODE: 72f8 jb 0x93474c
Eax=6E Ebx=0 Ecx=120 Edx=E0 Edi=0 Esi=35A6820 Ebp=327F9E8 Esp=327ECF0 Eip=934752

ADDR: 934752 CODE: 72f8 jb 0x93474c
Eax=6F Ebx=0 Ecx=120 Edx=E0 Edi=0 Esi=35A6820 Ebp=327F9E8 Esp=327ECF0 Eip=934752

ADDR: 934752 CODE: 72f8 jb 0x93474c
Eax=70 Ebx=0 Ecx=120 Edx=E0 Edi=0 Esi=35A6820 Ebp=327F9E8 Esp=327ECF0 Eip=934752

ADDR: 934752 CODE: 72f8 jb 0x93474c
Eax=71 Ebx=0 Ecx=120 Edx=E0 Edi=0 Esi=35A6820 Ebp=327F9E8 Esp=327ECF0 Eip=934752

ADDR: 934752 CODE: 72f8 jb 0x93474c
Eax=72 Ebx=0 Ecx=120 Edx=E0 Edi=0 Esi=35A6820 Ebp=327F9E8 Esp=327ECF0 Eip=934752

ADDR: 934752 CODE: 72f8 jb 0x93474c
Eax=73 Ebx=0 Ecx=120 Edx=E0 Edi=0 Esi=35A6820 Ebp=327F9E8 Esp=327ECF0 Eip=934752

ADDR: 934752 CODE: 72f8 jb 0x93474c
Eax=74 Ebx=0 Ecx=120 Edx=E0 Edi=0 Esi=35A6820 Ebp=327F9E8 Esp=327ECF0 Eip=934752

ADDR: 934752 CODE: 72f8 jb 0x93474c
Eax=75 Ebx=0 Ecx=120 Edx=E0 Edi=0 Esi=35A6820 Ebp=327F9E8 Esp=327ECF0 Eip=934752

ADDR: 934752 CODE: 72f8 jb 0x93474c
Eax=76 Ebx=0 Ecx=120 Edx=E0 Edi=0 Esi=35A6820 Ebp=327F9E8 Esp=327ECF0 Eip=934752

ADDR: 934752 CODE: 72f8 jb 0x93474c
Eax=77 Ebx=0 Ecx=120 Edx=E0 Edi=0 Esi=35A6820 Ebp=327F9E8 Esp=327ECF0 Eip=934752

ADDR: 934752 CODE: 72f8 jb 0x93474c
Eax=78 Ebx=0 Ecx=120 Edx=E0 Edi=0 Esi=35A6820 Ebp=327F9E8 Esp=327ECF0 Eip=934752

ADDR: 934752 CODE: 72f8 jb 0x93474c
Eax=79 Ebx=0 Ecx=120 Edx=E0 Edi=0 Esi=35A6820 Ebp=327F9E8 Esp=327ECF0 Eip=934752

ADDR: 934752 CODE: 72f8 jb 0x93474c
Eax=7A Ebx=0 Ecx=120 Edx=E0 Edi=0 Esi=35A6820 Ebp=327F9E8 Esp=327ECF0 Eip=934752

ADDR: 934752 CODE: 72f8 jb 0x93474c
Eax=7B Ebx=0 Ecx=120 Edx=E0 Edi=0 Esi=35A6820 Ebp=327F9E8 Esp=327ECF0 Eip=934752

ADDR: 934752 CODE: 72f8 jb 0x93474c
Eax=7C Ebx=0 Ecx=120 Edx=E0 Edi=0 Esi=35A6820 Ebp=327F9E8 Esp=327ECF0 Eip=934752

ADDR: 934752 CODE: 72f8 jb 0x93474c
Eax=7D Ebx=0 Ecx=120 Edx=E0 Edi=0 Esi=35A6820 Ebp=327F9E8 Esp=327ECF0 Eip=934752

ADDR: 934752 CODE: 72f8 jb 0x93474c
Eax=7E Ebx=0 Ecx=120 Edx=E0 Edi=0 Esi=35A6820 Ebp=327F9E8 Esp=327ECF0 Eip=934752

ADDR: 934752 CODE: 72f8 jb 0x93474c
Eax=7F Ebx=0 Ecx=120 Edx=E0 Edi=0 Esi=35A6820 Ebp=327F9E8 Esp=327ECF0 Eip=934752

ADDR: 934752 CODE: 72f8 jb 0x93474c
Eax=80 Ebx=0 Ecx=120 Edx=E0 Edi=0 Esi=35A6820 Ebp=327F9E8 Esp=327ECF0 Eip=934752

ADDR: 934752 CODE: 72f8 jb 0x93474c
Eax=81 Ebx=0 Ecx=120 Edx=E0 Edi=0 Esi=35A6820 Ebp=327F9E8 Esp=327ECF0 Eip=934752

ADDR: 934752 CODE: 72f8 jb 0x93474c
Eax=82 Ebx=0 Ecx=120 Edx=E0 Edi=0 Esi=35A6820 Ebp=327F9E8 Esp=327ECF0 Eip=934752

ADDR: 934752 CODE: 72f8 jb 0x93474c
Eax=83 Ebx=0 Ecx=120 Edx=E0 Edi=0 Esi=35A6820 Ebp=327F9E8 Esp=327ECF0 Eip=934752

ADDR: 934752 CODE: 72f8 jb 0x93474c
Eax=84 Ebx=0 Ecx=120 Edx=E0 Edi=0 Esi=35A6820 Ebp=327F9E8 Esp=327ECF0 Eip=934752

ADDR: 934752 CODE: 72f8 jb 0x93474c
Eax=85 Ebx=0 Ecx=120 Edx=E0 Edi=0 Esi=35A6820 Ebp=327F9E8 Esp=327ECF0 Eip=934752

ADDR: 934752 CODE: 72f8 jb 0x93474c
Eax=86 Ebx=0 Ecx=120 Edx=E0 Edi=0 Esi=35A6820 Ebp=327F9E8 Esp=327ECF0 Eip=934752

ADDR: 934752 CODE: 72f8 jb 0x93474c
Eax=87 Ebx=0 Ecx=120 Edx=E0 Edi=0 Esi=35A6820 Ebp=327F9E8 Esp=327ECF0 Eip=934752

ADDR: 934752 CODE: 72f8 jb 0x93474c
Eax=88 Ebx=0 Ecx=120 Edx=E0 Edi=0 Esi=35A6820 Ebp=327F9E8 Esp=327ECF0 Eip=934752

ADDR: 934752 CODE: 72f8 jb 0x93474c
Eax=89 Ebx=0 Ecx=120 Edx=E0 Edi=0 Esi=35A6820 Ebp=327F9E8 Esp=327ECF0 Eip=934752

ADDR: 934752 CODE: 72f8 jb 0x93474c
Eax=8A Ebx=0 Ecx=120 Edx=E0 Edi=0 Esi=35A6820 Ebp=327F9E8 Esp=327ECF0 Eip=934752

ADDR: 934752 CODE: 72f8 jb 0x93474c
Eax=8B Ebx=0 Ecx=120 Edx=E0 Edi=0 Esi=35A6820 Ebp=327F9E8 Esp=327ECF0 Eip=934752

ADDR: 934752 CODE: 72f8 jb 0x93474c
Eax=8C Ebx=0 Ecx=120 Edx=E0 Edi=0 Esi=35A6820 Ebp=327F9E8 Esp=327ECF0 Eip=934752

ADDR: 934752 CODE: 72f8 jb 0x93474c
Eax=8D Ebx=0 Ecx=120 Edx=E0 Edi=0 Esi=35A6820 Ebp=327F9E8 Esp=327ECF0 Eip=934752

ADDR: 934752 CODE: 72f8 jb 0x93474c
Eax=8E Ebx=0 Ecx=120 Edx=E0 Edi=0 Esi=35A6820 Ebp=327F9E8 Esp=327ECF0 Eip=934752

ADDR: 934752 CODE: 72f8 jb 0x93474c
Eax=8F Ebx=0 Ecx=120 Edx=E0 Edi=0 Esi=35A6820 Ebp=327F9E8 Esp=327ECF0 Eip=934752

ADDR: 934752 CODE: 72f8 jb 0x93474c
Eax=90 Ebx=0 Ecx=120 Edx=E0 Edi=0 Esi=35A6820 Ebp=327F9E8 Esp=327ECF0 Eip=934752

ADDR: 934752 CODE: 72f8 jb 0x93474c
Eax=91 Ebx=0 Ecx=120 Edx=E0 Edi=0 Esi=35A6820 Ebp=327F9E8 Esp=327ECF0 Eip=934752

ADDR: 934752 CODE: 72f8 jb 0x93474c
Eax=92 Ebx=0 Ecx=120 Edx=E0 Edi=0 Esi=35A6820 Ebp=327F9E8 Esp=327ECF0 Eip=934752

ADDR: 934752 CODE: 72f8 jb 0x93474c
Eax=93 Ebx=0 Ecx=120 Edx=E0 Edi=0 Esi=35A6820 Ebp=327F9E8 Esp=327ECF0 Eip=934752

ADDR: 934752 CODE: 72f8 jb 0x93474c
Eax=94 Ebx=0 Ecx=120 Edx=E0 Edi=0 Esi=35A6820 Ebp=327F9E8 Esp=327ECF0 Eip=934752

ADDR: 934752 CODE: 72f8 jb 0x93474c
Eax=95 Ebx=0 Ecx=120 Edx=F4 Edi=0 Esi=35A6820 Ebp=327F9E8 Esp=327ECF0 Eip=934752

ADDR: 934752 CODE: 72f8 jb 0x93474c
Eax=96 Ebx=0 Ecx=120 Edx=F6 Edi=0 Esi=35A6820 Ebp=327F9E8 Esp=327ECF0 Eip=934752

ADDR: 934752 CODE: 72f8 jb 0x93474c
Eax=97 Ebx=0 Ecx=120 Edx=F9 Edi=0 Esi=35A6820 Ebp=327F9E8 Esp=327ECF0 Eip=934752

ADDR: 934752 CODE: 72f8 jb 0x93474c
Eax=98 Ebx=0 Ecx=120 Edx=F5 Edi=0 Esi=35A6820 Ebp=327F9E8 Esp=327ECF0 Eip=934752

ADDR: 934752 CODE: 72f8 jb 0x93474c
Eax=99 Ebx=0 Ecx=120 Edx=E3 Edi=0 Esi=35A6820 Ebp=327F9E8 Esp=327ECF0 Eip=934752

ADDR: 934752 CODE: 72f8 jb 0x93474c
Eax=9A Ebx=0 Ecx=120 Edx=FA Edi=0 Esi=35A6820 Ebp=327F9E8 Esp=327ECF0 Eip=934752

ADDR: 934752 CODE: 72f8 jb 0x93474c
Eax=9B Ebx=0 Ecx=120 Edx=E6 Edi=0 Esi=35A6820 Ebp=327F9E8 Esp=327ECF0 Eip=934752

ADDR: 934752 CODE: 72f8 jb 0x93474c
Eax=9C Ebx=0 Ecx=120 Edx=EF Edi=0 Esi=35A6820 Ebp=327F9E8 Esp=327ECF0 Eip=934752

ADDR: 934752 CODE: 72f8 jb 0x93474c
Eax=9D Ebx=0 Ecx=120 Edx=EC Edi=0 Esi=35A6820 Ebp=327F9E8 Esp=327ECF0 Eip=934752

ADDR: 934752 CODE: 72f8 jb 0x93474c
Eax=9E Ebx=0 Ecx=120 Edx=F9 Edi=0 Esi=35A6820 Ebp=327F9E8 Esp=327ECF0 Eip=934752

ADDR: 934752 CODE: 72f8 jb 0x93474c
Eax=9F Ebx=0 Ecx=120 Edx=FF Edi=0 Esi=35A6820 Ebp=327F9E8 Esp=327ECF0 Eip=934752

ADDR: 934752 CODE: 72f8 jb 0x93474c
Eax=A0 Ebx=0 Ecx=120 Edx=E2 Edi=0 Esi=35A6820 Ebp=327F9E8 Esp=327ECF0 Eip=934752

ADDR: 934752 CODE: 72f8 jb 0x93474c
Eax=A1 Ebx=0 Ecx=120 Edx=FD Edi=0 Esi=35A6820 Ebp=327F9E8 Esp=327ECF0 Eip=934752

ADDR: 934752 CODE: 72f8 jb 0x93474c
Eax=A2 Ebx=0 Ecx=120 Edx=E2 Edi=0 Esi=35A6820 Ebp=327F9E8 Esp=327ECF0 Eip=934752

ADDR: 934752 CODE: 72f8 jb 0x93474c
Eax=A3 Ebx=0 Ecx=120 Edx=FD Edi=0 Esi=35A6820 Ebp=327F9E8 Esp=327ECF0 Eip=934752

ADDR: 934752 CODE: 72f8 jb 0x93474c
Eax=A4 Ebx=0 Ecx=120 Edx=E2 Edi=0 Esi=35A6820 Ebp=327F9E8 Esp=327ECF0 Eip=934752

ADDR: 934752 CODE: 72f8 jb 0x93474c
Eax=A5 Ebx=0 Ecx=120 Edx=FD Edi=0 Esi=35A6820 Ebp=327F9E8 Esp=327ECF0 Eip=934752

ADDR: 934752 CODE: 72f8 jb 0x93474c
Eax=A6 Ebx=0 Ecx=120 Edx=E2 Edi=0 Esi=35A6820 Ebp=327F9E8 Esp=327ECF0 Eip=934752

ADDR: 934752 CODE: 72f8 jb 0x93474c
Eax=A7 Ebx=0 Ecx=120 Edx=FD Edi=0 Esi=35A6820 Ebp=327F9E8 Esp=327ECF0 Eip=934752

ADDR: 934752 CODE: 72f8 jb 0x93474c
Eax=A8 Ebx=0 Ecx=120 Edx=E2 Edi=0 Esi=35A6820 Ebp=327F9E8 Esp=327ECF0 Eip=934752

ADDR: 934752 CODE: 72f8 jb 0x93474c
Eax=A9 Ebx=0 Ecx=120 Edx=FD Edi=0 Esi=35A6820 Ebp=327F9E8 Esp=327ECF0 Eip=934752

ADDR: 934752 CODE: 72f8 jb 0x93474c
Eax=AA Ebx=0 Ecx=120 Edx=E2 Edi=0 Esi=35A6820 Ebp=327F9E8 Esp=327ECF0 Eip=934752

ADDR: 934752 CODE: 72f8 jb 0x93474c
Eax=AB Ebx=0 Ecx=120 Edx=FD Edi=0 Esi=35A6820 Ebp=327F9E8 Esp=327ECF0 Eip=934752

ADDR: 934752 CODE: 72f8 jb 0x93474c
Eax=AC Ebx=0 Ecx=120 Edx=E2 Edi=0 Esi=35A6820 Ebp=327F9E8 Esp=327ECF0 Eip=934752

ADDR: 934752 CODE: 72f8 jb 0x93474c
Eax=AD Ebx=0 Ecx=120 Edx=FD Edi=0 Esi=35A6820 Ebp=327F9E8 Esp=327ECF0 Eip=934752

ADDR: 934752 CODE: 72f8 jb 0x93474c
Eax=AE Ebx=0 Ecx=120 Edx=E2 Edi=0 Esi=35A6820 Ebp=327F9E8 Esp=327ECF0 Eip=934752

ADDR: 934752 CODE: 72f8 jb 0x93474c
Eax=AF Ebx=0 Ecx=120 Edx=FD Edi=0 Esi=35A6820 Ebp=327F9E8 Esp=327ECF0 Eip=934752

ADDR: 934752 CODE: 72f8 jb 0x93474c
Eax=B0 Ebx=0 Ecx=120 Edx=E2 Edi=0 Esi=35A6820 Ebp=327F9E8 Esp=327ECF0 Eip=934752

ADDR: 934752 CODE: 72f8 jb 0x93474c
Eax=B1 Ebx=0 Ecx=120 Edx=FD Edi=0 Esi=35A6820 Ebp=327F9E8 Esp=327ECF0 Eip=934752

ADDR: 934752 CODE: 72f8 jb 0x93474c
Eax=B2 Ebx=0 Ecx=120 Edx=E2 Edi=0 Esi=35A6820 Ebp=327F9E8 Esp=327ECF0 Eip=934752

ADDR: 934752 CODE: 72f8 jb 0x93474c
Eax=B3 Ebx=0 Ecx=120 Edx=FD Edi=0 Esi=35A6820 Ebp=327F9E8 Esp=327ECF0 Eip=934752

ADDR: 934752 CODE: 72f8 jb 0x93474c
Eax=B4 Ebx=0 Ecx=120 Edx=E2 Edi=0 Esi=35A6820 Ebp=327F9E8 Esp=327ECF0 Eip=934752

ADDR: 934752 CODE: 72f8 jb 0x93474c
Eax=B5 Ebx=0 Ecx=120 Edx=EA Edi=0 Esi=35A6820 Ebp=327F9E8 Esp=327ECF0 Eip=934752

ADDR: 934752 CODE: 72f8 jb 0x93474c
Eax=B6 Ebx=0 Ecx=120 Edx=EA Edi=0 Esi=35A6820 Ebp=327F9E8 Esp=327ECF0 Eip=934752

ADDR: 934752 CODE: 72f8 jb 0x93474c
Eax=B7 Ebx=0 Ecx=120 Edx=EA Edi=0 Esi=35A6820 Ebp=327F9E8 Esp=327ECF0 Eip=934752

ADDR: 934752 CODE: 72f8 jb 0x93474c
Eax=B8 Ebx=0 Ecx=120 Edx=EA Edi=0 Esi=35A6820 Ebp=327F9E8 Esp=327ECF0 Eip=934752

ADDR: 934752 CODE: 72f8 jb 0x93474c
Eax=B9 Ebx=0 Ecx=120 Edx=B4 Edi=0 Esi=35A6820 Ebp=327F9E8 Esp=327ECF0 Eip=934752

ADDR: 934752 CODE: 72f8 jb 0x93474c
Eax=BA Ebx=0 Ecx=120 Edx=D4 Edi=0 Esi=35A6820 Ebp=327F9E8 Esp=327ECF0 Eip=934752

ADDR: 934752 CODE: 72f8 jb 0x93474c
Eax=BB Ebx=0 Ecx=120 Edx=BD Edi=0 Esi=35A6820 Ebp=327F9E8 Esp=327ECF0 Eip=934752

ADDR: 934752 CODE: 72f8 jb 0x93474c
Eax=BC Ebx=0 Ecx=120 Edx=16 Edi=0 Esi=35A6820 Ebp=327F9E8 Esp=327ECF0 Eip=934752

ADDR: 934752 CODE: 72f8 jb 0x93474c
Eax=BD Ebx=0 Ecx=120 Edx=69 Edi=0 Esi=35A6820 Ebp=327F9E8 Esp=327ECF0 Eip=934752

ADDR: 934752 CODE: 72f8 jb 0x93474c
Eax=BE Ebx=0 Ecx=120 Edx=7A Edi=0 Esi=35A6820 Ebp=327F9E8 Esp=327ECF0 Eip=934752

ADDR: 934752 CODE: 72f8 jb 0x93474c
Eax=BF Ebx=0 Ecx=120 Edx=8B Edi=0 Esi=35A6820 Ebp=327F9E8 Esp=327ECF0 Eip=934752

ADDR: 934752 CODE: 72f8 jb 0x93474c
Eax=C0 Ebx=0 Ecx=120 Edx=8C Edi=0 Esi=35A6820 Ebp=327F9E8 Esp=327ECF0 Eip=934752

ADDR: 934752 CODE: 72f8 jb 0x93474c
Eax=C1 Ebx=0 Ecx=120 Edx=84 Edi=0 Esi=35A6820 Ebp=327F9E8 Esp=327ECF0 Eip=934752

ADDR: 934752 CODE: 72f8 jb 0x93474c
Eax=C2 Ebx=0 Ecx=120 Edx=84 Edi=0 Esi=35A6820 Ebp=327F9E8 Esp=327ECF0 Eip=934752

ADDR: 934752 CODE: 72f8 jb 0x93474c
Eax=C3 Ebx=0 Ecx=120 Edx=84 Edi=0 Esi=35A6820 Ebp=327F9E8 Esp=327ECF0 Eip=934752

ADDR: 934752 CODE: 72f8 jb 0x93474c
Eax=C4 Ebx=0 Ecx=120 Edx=84 Edi=0 Esi=35A6820 Ebp=327F9E8 Esp=327ECF0 Eip=934752

ADDR: 934752 CODE: 72f8 jb 0x93474c
Eax=C5 Ebx=0 Ecx=120 Edx=5F Edi=0 Esi=35A6820 Ebp=327F9E8 Esp=327ECF0 Eip=934752

ADDR: 934752 CODE: 72f8 jb 0x93474c
Eax=C6 Ebx=0 Ecx=120 Edx=23 Edi=0 Esi=35A6820 Ebp=327F9E8 Esp=327ECF0 Eip=934752

ADDR: 934752 CODE: 72f8 jb 0x93474c
Eax=C7 Ebx=0 Ecx=120 Edx=D1 Edi=0 Esi=35A6820 Ebp=327F9E8 Esp=327ECF0 Eip=934752

ADDR: 934752 CODE: 72f8 jb 0x93474c
Eax=C8 Ebx=0 Ecx=120 Edx=AD Edi=0 Esi=35A6820 Ebp=327F9E8 Esp=327ECF0 Eip=934752

ADDR: 934752 CODE: 72f8 jb 0x93474c
Eax=C9 Ebx=0 Ecx=120 Edx=63 Edi=0 Esi=35A6820 Ebp=327F9E8 Esp=327ECF0 Eip=934752

ADDR: 934752 CODE: 72f8 jb 0x93474c
Eax=CA Ebx=0 Ecx=120 Edx=60 Edi=0 Esi=35A6820 Ebp=327F9E8 Esp=327ECF0 Eip=934752

ADDR: 934752 CODE: 72f8 jb 0x93474c
Eax=CB Ebx=0 Ecx=120 Edx=60 Edi=0 Esi=35A6820 Ebp=327F9E8 Esp=327ECF0 Eip=934752

ADDR: 934752 CODE: 72f8 jb 0x93474c
Eax=CC Ebx=0 Ecx=120 Edx=60 Edi=0 Esi=35A6820 Ebp=327F9E8 Esp=327ECF0 Eip=934752

ADDR: 934752 CODE: 72f8 jb 0x93474c
Eax=CD Ebx=0 Ecx=120 Edx=20 Edi=0 Esi=35A6820 Ebp=327F9E8 Esp=327ECF0 Eip=934752

ADDR: 934752 CODE: 72f8 jb 0x93474c
Eax=CE Ebx=0 Ecx=120 Edx=20 Edi=0 Esi=35A6820 Ebp=327F9E8 Esp=327ECF0 Eip=934752

ADDR: 934752 CODE: 72f8 jb 0x93474c
Eax=CF Ebx=0 Ecx=120 Edx=20 Edi=0 Esi=35A6820 Ebp=327F9E8 Esp=327ECF0 Eip=934752

ADDR: 934752 CODE: 72f8 jb 0x93474c
Eax=D0 Ebx=0 Ecx=120 Edx=20 Edi=0 Esi=35A6820 Ebp=327F9E8 Esp=327ECF0 Eip=934752

ADDR: 934752 CODE: 72f8 jb 0x93474c
Eax=D1 Ebx=0 Ecx=120 Edx=73 Edi=0 Esi=35A6820 Ebp=327F9E8 Esp=327ECF0 Eip=934752

ADDR: 934752 CODE: 72f8 jb 0x93474c
Eax=D2 Ebx=0 Ecx=120 Edx=73 Edi=0 Esi=35A6820 Ebp=327F9E8 Esp=327ECF0 Eip=934752

ADDR: 934752 CODE: 72f8 jb 0x93474c
Eax=D3 Ebx=0 Ecx=120 Edx=16 Edi=0 Esi=35A6820 Ebp=327F9E8 Esp=327ECF0 Eip=934752

ADDR: 934752 CODE: 72f8 jb 0x93474c
Eax=D4 Ebx=0 Ecx=120 Edx=16 Edi=0 Esi=35A6820 Ebp=327F9E8 Esp=327ECF0 Eip=934752

ADDR: 934752 CODE: 72f8 jb 0x93474c
Eax=D5 Ebx=0 Ecx=120 Edx=75 Edi=0 Esi=35A6820 Ebp=327F9E8 Esp=327ECF0 Eip=934752

ADDR: 934752 CODE: 72f8 jb 0x93474c
Eax=D6 Ebx=0 Ecx=120 Edx=75 Edi=0 Esi=35A6820 Ebp=327F9E8 Esp=327ECF0 Eip=934752

ADDR: 934752 CODE: 72f8 jb 0x93474c
Eax=D7 Ebx=0 Ecx=120 Edx=0 Edi=0 Esi=35A6820 Ebp=327F9E8 Esp=327ECF0 Eip=934752

ADDR: 934752 CODE: 72f8 jb 0x93474c
Eax=D8 Ebx=0 Ecx=120 Edx=0 Edi=0 Esi=35A6820 Ebp=327F9E8 Esp=327ECF0 Eip=934752

ADDR: 934752 CODE: 72f8 jb 0x93474c
Eax=D9 Ebx=0 Ecx=120 Edx=72 Edi=0 Esi=35A6820 Ebp=327F9E8 Esp=327ECF0 Eip=934752

ADDR: 934752 CODE: 72f8 jb 0x93474c
Eax=DA Ebx=0 Ecx=120 Edx=72 Edi=0 Esi=35A6820 Ebp=327F9E8 Esp=327ECF0 Eip=934752

ADDR: 934752 CODE: 72f8 jb 0x93474c
Eax=DB Ebx=0 Ecx=120 Edx=1B Edi=0 Esi=35A6820 Ebp=327F9E8 Esp=327ECF0 Eip=934752

ADDR: 934752 CODE: 72f8 jb 0x93474c
Eax=DC Ebx=0 Ecx=120 Edx=1B Edi=0 Esi=35A6820 Ebp=327F9E8 Esp=327ECF0 Eip=934752

ADDR: 934752 CODE: 72f8 jb 0x93474c
Eax=DD Ebx=0 Ecx=120 Edx=6F Edi=0 Esi=35A6820 Ebp=327F9E8 Esp=327ECF0 Eip=934752

ADDR: 934752 CODE: 72f8 jb 0x93474c
Eax=DE Ebx=0 Ecx=120 Edx=6F Edi=0 Esi=35A6820 Ebp=327F9E8 Esp=327ECF0 Eip=934752

ADDR: 934752 CODE: 72f8 jb 0x93474c
Eax=DF Ebx=0 Ecx=120 Edx=16 Edi=0 Esi=35A6820 Ebp=327F9E8 Esp=327ECF0 Eip=934752

ADDR: 934752 CODE: 72f8 jb 0x93474c
Eax=E0 Ebx=0 Ecx=120 Edx=16 Edi=0 Esi=35A6820 Ebp=327F9E8 Esp=327ECF0 Eip=934752

ADDR: 934752 CODE: 72f8 jb 0x93474c
Eax=E1 Ebx=0 Ecx=120 Edx=3B Edi=0 Esi=35A6820 Ebp=327F9E8 Esp=327ECF0 Eip=934752

ADDR: 934752 CODE: 72f8 jb 0x93474c
Eax=E2 Ebx=0 Ecx=120 Edx=3B Edi=0 Esi=35A6820 Ebp=327F9E8 Esp=327ECF0 Eip=934752

ADDR: 934752 CODE: 72f8 jb 0x93474c
Eax=E3 Ebx=0 Ecx=120 Edx=68 Edi=0 Esi=35A6820 Ebp=327F9E8 Esp=327ECF0 Eip=934752

ADDR: 934752 CODE: 72f8 jb 0x93474c
Eax=E4 Ebx=0 Ecx=120 Edx=68 Edi=0 Esi=35A6820 Ebp=327F9E8 Esp=327ECF0 Eip=934752

ADDR: 934752 CODE: 72f8 jb 0x93474c
Eax=E5 Ebx=0 Ecx=120 Edx=38 Edi=0 Esi=35A6820 Ebp=327F9E8 Esp=327ECF0 Eip=934752

ADDR: 934752 CODE: 72f8 jb 0x93474c
Eax=E6 Ebx=0 Ecx=120 Edx=38 Edi=0 Esi=35A6820 Ebp=327F9E8 Esp=327ECF0 Eip=934752

ADDR: 934752 CODE: 72f8 jb 0x93474c
Eax=E7 Ebx=0 Ecx=120 Edx=68 Edi=0 Esi=35A6820 Ebp=327F9E8 Esp=327ECF0 Eip=934752

ADDR: 934752 CODE: 72f8 jb 0x93474c
Eax=E8 Ebx=0 Ecx=120 Edx=68 Edi=0 Esi=35A6820 Ebp=327F9E8 Esp=327ECF0 Eip=934752

ADDR: 934752 CODE: 72f8 jb 0x93474c
Eax=E9 Ebx=0 Ecx=120 Edx=45 Edi=0 Esi=35A6820 Ebp=327F9E8 Esp=327ECF0 Eip=934752

ADDR: 934752 CODE: 72f8 jb 0x93474c
Eax=EA Ebx=0 Ecx=120 Edx=45 Edi=0 Esi=35A6820 Ebp=327F9E8 Esp=327ECF0 Eip=934752

ADDR: 934752 CODE: 72f8 jb 0x93474c
Eax=EB Ebx=0 Ecx=120 Edx=2 Edi=0 Esi=35A6820 Ebp=327F9E8 Esp=327ECF0 Eip=934752

ADDR: 934752 CODE: 72f8 jb 0x93474c
Eax=EC Ebx=0 Ecx=120 Edx=2 Edi=0 Esi=35A6820 Ebp=327F9E8 Esp=327ECF0 Eip=934752

ADDR: 934752 CODE: 72f8 jb 0x93474c
Eax=ED Ebx=0 Ecx=120 Edx=67 Edi=0 Esi=35A6820 Ebp=327F9E8 Esp=327ECF0 Eip=934752

ADDR: 934752 CODE: 72f8 jb 0x93474c
Eax=EE Ebx=0 Ecx=120 Edx=67 Edi=0 Esi=35A6820 Ebp=327F9E8 Esp=327ECF0 Eip=934752

ADDR: 934752 CODE: 72f8 jb 0x93474c
Eax=EF Ebx=0 Ecx=120 Edx=9 Edi=0 Esi=35A6820 Ebp=327F9E8 Esp=327ECF0 Eip=934752

ADDR: 934752 CODE: 72f8 jb 0x93474c
Eax=F0 Ebx=0 Ecx=120 Edx=9 Edi=0 Esi=35A6820 Ebp=327F9E8 Esp=327ECF0 Eip=934752

ADDR: 934752 CODE: 72f8 jb 0x93474c
Eax=F1 Ebx=0 Ecx=120 Edx=7C Edi=0 Esi=35A6820 Ebp=327F9E8 Esp=327ECF0 Eip=934752

ADDR: 934752 CODE: 72f8 jb 0x93474c
Eax=F2 Ebx=0 Ecx=120 Edx=7C Edi=0 Esi=35A6820 Ebp=327F9E8 Esp=327ECF0 Eip=934752

ADDR: 934752 CODE: 72f8 jb 0x93474c
Eax=F3 Ebx=0 Ecx=120 Edx=15 Edi=0 Esi=35A6820 Ebp=327F9E8 Esp=327ECF0 Eip=934752

ADDR: 934752 CODE: 72f8 jb 0x93474c
Eax=F4 Ebx=0 Ecx=120 Edx=15 Edi=0 Esi=35A6820 Ebp=327F9E8 Esp=327ECF0 Eip=934752

ADDR: 934752 CODE: 72f8 jb 0x93474c
Eax=F5 Ebx=0 Ecx=120 Edx=7B Edi=0 Esi=35A6820 Ebp=327F9E8 Esp=327ECF0 Eip=934752

ADDR: 934752 CODE: 72f8 jb 0x93474c
Eax=F6 Ebx=0 Ecx=120 Edx=7B Edi=0 Esi=35A6820 Ebp=327F9E8 Esp=327ECF0 Eip=934752

ADDR: 934752 CODE: 72f8 jb 0x93474c
Eax=F7 Ebx=0 Ecx=120 Edx=1E Edi=0 Esi=35A6820 Ebp=327F9E8 Esp=327ECF0 Eip=934752

ADDR: 934752 CODE: 72f8 jb 0x93474c
Eax=F8 Ebx=0 Ecx=120 Edx=1E Edi=0 Esi=35A6820 Ebp=327F9E8 Esp=327ECF0 Eip=934752

ADDR: 934752 CODE: 72f8 jb 0x93474c
Eax=F9 Ebx=0 Ecx=120 Edx=52 Edi=0 Esi=35A6820 Ebp=327F9E8 Esp=327ECF0 Eip=934752

ADDR: 934752 CODE: 72f8 jb 0x93474c
Eax=FA Ebx=0 Ecx=120 Edx=52 Edi=0 Esi=35A6820 Ebp=327F9E8 Esp=327ECF0 Eip=934752

ADDR: 934752 CODE: 72f8 jb 0x93474c
Eax=FB Ebx=0 Ecx=120 Edx=3D Edi=0 Esi=35A6820 Ebp=327F9E8 Esp=327ECF0 Eip=934752

ADDR: 934752 CODE: 72f8 jb 0x93474c
Eax=FC Ebx=0 Ecx=120 Edx=3D Edi=0 Esi=35A6820 Ebp=327F9E8 Esp=327ECF0 Eip=934752

ADDR: 934752 CODE: 72f8 jb 0x93474c
Eax=FD Ebx=0 Ecx=120 Edx=5E Edi=0 Esi=35A6820 Ebp=327F9E8 Esp=327ECF0 Eip=934752

ADDR: 934752 CODE: 72f8 jb 0x93474c
Eax=FE Ebx=0 Ecx=120 Edx=5E Edi=0 Esi=35A6820 Ebp=327F9E8 Esp=327ECF0 Eip=934752

ADDR: 934752 CODE: 72f8 jb 0x93474c
Eax=FF Ebx=0 Ecx=120 Edx=3F Edi=0 Esi=35A6820 Ebp=327F9E8 Esp=327ECF0 Eip=934752

ADDR: 934752 CODE: 72f8 jb 0x93474c
Eax=100 Ebx=0 Ecx=120 Edx=3F Edi=0 Esi=35A6820 Ebp=327F9E8 Esp=327ECF0 Eip=934752

ADDR: 934752 CODE: 72f8 jb 0x93474c
Eax=101 Ebx=0 Ecx=120 Edx=53 Edi=0 Esi=35A6820 Ebp=327F9E8 Esp=327ECF0 Eip=934752

ADDR: 934752 CODE: 72f8 jb 0x93474c
Eax=102 Ebx=0 Ecx=120 Edx=53 Edi=0 Esi=35A6820 Ebp=327F9E8 Esp=327ECF0 Eip=934752

ADDR: 934752 CODE: 72f8 jb 0x93474c
Eax=103 Ebx=0 Ecx=120 Edx=0 Edi=0 Esi=35A6820 Ebp=327F9E8 Esp=327ECF0 Eip=934752

ADDR: 934752 CODE: 72f8 jb 0x93474c
Eax=104 Ebx=0 Ecx=120 Edx=0 Edi=0 Esi=35A6820 Ebp=327F9E8 Esp=327ECF0 Eip=934752

ADDR: 934752 CODE: 72f8 jb 0x93474c
Eax=105 Ebx=0 Ecx=120 Edx=74 Edi=0 Esi=35A6820 Ebp=327F9E8 Esp=327ECF0 Eip=934752

ADDR: 934752 CODE: 72f8 jb 0x93474c
Eax=106 Ebx=0 Ecx=120 Edx=74 Edi=0 Esi=35A6820 Ebp=327F9E8 Esp=327ECF0 Eip=934752

ADDR: 934752 CODE: 72f8 jb 0x93474c
Eax=107 Ebx=0 Ecx=120 Edx=15 Edi=0 Esi=35A6820 Ebp=327F9E8 Esp=327ECF0 Eip=934752

ADDR: 934752 CODE: 72f8 jb 0x93474c
Eax=108 Ebx=0 Ecx=120 Edx=15 Edi=0 Esi=35A6820 Ebp=327F9E8 Esp=327ECF0 Eip=934752

ADDR: 934752 CODE: 72f8 jb 0x93474c
Eax=109 Ebx=0 Ecx=120 Edx=61 Edi=0 Esi=35A6820 Ebp=327F9E8 Esp=327ECF0 Eip=934752

ADDR: 934752 CODE: 72f8 jb 0x93474c
Eax=10A Ebx=0 Ecx=120 Edx=61 Edi=0 Esi=35A6820 Ebp=327F9E8 Esp=327ECF0 Eip=934752

ADDR: 934752 CODE: 72f8 jb 0x93474c
Eax=10B Ebx=0 Ecx=120 Edx=14 Edi=0 Esi=35A6820 Ebp=327F9E8 Esp=327ECF0 Eip=934752

ADDR: 934752 CODE: 72f8 jb 0x93474c
Eax=10C Ebx=0 Ecx=120 Edx=14 Edi=0 Esi=35A6820 Ebp=327F9E8 Esp=327ECF0 Eip=934752

ADDR: 934752 CODE: 72f8 jb 0x93474c
Eax=10D Ebx=0 Ecx=120 Edx=67 Edi=0 Esi=35A6820 Ebp=327F9E8 Esp=327ECF0 Eip=934752

ADDR: 934752 CODE: 72f8 jb 0x93474c
Eax=10E Ebx=0 Ecx=120 Edx=67 Edi=0 Esi=35A6820 Ebp=327F9E8 Esp=327ECF0 Eip=934752

ADDR: 934752 CODE: 72f8 jb 0x93474c
Eax=10F Ebx=0 Ecx=120 Edx=67 Edi=0 Esi=35A6820 Ebp=327F9E8 Esp=327ECF0 Eip=934752

ADDR: 934752 CODE: 72f8 jb 0x93474c
Eax=110 Ebx=0 Ecx=120 Edx=67 Edi=0 Esi=35A6820 Ebp=327F9E8 Esp=327ECF0 Eip=934752

ADDR: 934752 CODE: 72f8 jb 0x93474c
Eax=111 Ebx=0 Ecx=120 Edx=63 Edi=0 Esi=35A6820 Ebp=327F9E8 Esp=327ECF0 Eip=934752

ADDR: 934752 CODE: 72f8 jb 0x93474c
Eax=112 Ebx=0 Ecx=120 Edx=63 Edi=0 Esi=35A6820 Ebp=327F9E8 Esp=327ECF0 Eip=934752

ADDR: 934752 CODE: 72f8 jb 0x93474c
Eax=113 Ebx=0 Ecx=120 Edx=63 Edi=0 Esi=35A6820 Ebp=327F9E8 Esp=327ECF0 Eip=934752

ADDR: 934752 CODE: 72f8 jb 0x93474c
Eax=114 Ebx=0 Ecx=120 Edx=63 Edi=0 Esi=35A6820 Ebp=327F9E8 Esp=327ECF0 Eip=934752

ADDR: 934752 CODE: 72f8 jb 0x93474c
Eax=115 Ebx=0 Ecx=120 Edx=62 Edi=0 Esi=35A6820 Ebp=327F9E8 Esp=327ECF0 Eip=934752

ADDR: 934752 CODE: 72f8 jb 0x93474c
Eax=116 Ebx=0 Ecx=120 Edx=62 Edi=0 Esi=35A6820 Ebp=327F9E8 Esp=327ECF0 Eip=934752

ADDR: 934752 CODE: 72f8 jb 0x93474c
Eax=117 Ebx=0 Ecx=120 Edx=62 Edi=0 Esi=35A6820 Ebp=327F9E8 Esp=327ECF0 Eip=934752

ADDR: 934752 CODE: 72f8 jb 0x93474c
Eax=118 Ebx=0 Ecx=120 Edx=62 Edi=0 Esi=35A6820 Ebp=327F9E8 Esp=327ECF0 Eip=934752

ADDR: 934752 CODE: 72f8 jb 0x93474c
Eax=119 Ebx=0 Ecx=120 Edx=66 Edi=0 Esi=35A6820 Ebp=327F9E8 Esp=327ECF0 Eip=934752

ADDR: 934752 CODE: 72f8 jb 0x93474c
Eax=11A Ebx=0 Ecx=120 Edx=66 Edi=0 Esi=35A6820 Ebp=327F9E8 Esp=327ECF0 Eip=934752

ADDR: 934752 CODE: 72f8 jb 0x93474c
Eax=11B Ebx=0 Ecx=120 Edx=66 Edi=0 Esi=35A6820 Ebp=327F9E8 Esp=327ECF0 Eip=934752

ADDR: 934752 CODE: 72f8 jb 0x93474c
Eax=11C Ebx=0 Ecx=120 Edx=66 Edi=0 Esi=35A6820 Ebp=327F9E8 Esp=327ECF0 Eip=934752

ADDR: 934752 CODE: 72f8 jb 0x93474c
Eax=11D Ebx=0 Ecx=120 Edx=62 Edi=0 Esi=35A6820 Ebp=327F9E8 Esp=327ECF0 Eip=934752

ADDR: 934752 CODE: 72f8 jb 0x93474c
Eax=11E Ebx=0 Ecx=120 Edx=62 Edi=0 Esi=35A6820 Ebp=327F9E8 Esp=327ECF0 Eip=934752

ADDR: 934752 CODE: 72f8 jb 0x93474c
Eax=11F Ebx=0 Ecx=120 Edx=62 Edi=0 Esi=35A6820 Ebp=327F9E8 Esp=327ECF0 Eip=934752

ADDR: 934752 CODE: 72f8 jb 0x93474c
Eax=120 Ebx=0 Ecx=120 Edx=62 Edi=0 Esi=35A6820 Ebp=327F9E8 Esp=327ECF0 Eip=934752

ADDR: 9347A2 CODE: 0f84f3010000 jz 0x93499b
Eax=0 Ebx=0 Ecx=120 Edx=62 Edi=0 Esi=35A6820 Ebp=327F9E8 Esp=327ECF0 Eip=9347A2

ADDR: 9349A8 CODE: 0f8443040000 jz 0x934df1
Eax=24 Ebx=0 Ecx=120 Edx=62 Edi=0 Esi=35A6820 Ebp=327F9E8 Esp=327ECF0 Eip=9349A8

ADDR: 77A24CFF CODE: 0f8426e60500 jz 0x77a8332b
Eax=3550000 Ebx=0 Ecx=120 Edx=0 Edi=0 Esi=3550000 Ebp=327ECDC Esp=327ECD0 Eip=77A24CFF

ADDR: 77A24D11 CODE: 0f842be60500 jz 0x77a83342
Eax=3550000 Ebx=0 Ecx=3550000 Edx=18 Edi=0 Esi=3550000 Ebp=327ECDC Esp=327ECD0 Eip=77A24D11

ADDR: 77A24E6C CODE: 760c jbe 0x77a24e7a
Eax=0 Ebx=3550000 Ecx=8 Edx=18 Edi=18 Esi=3550000 Ebp=327ECC0 Esp=327EC48 Eip=77A24E6C

ADDR: 77A24E9D CODE: 742b jz 0x77a24eca
Eax=0 Ebx=3550000 Ecx=0 Edx=0 Edi=18 Esi=3550000 Ebp=327ECC0 Esp=327EC48 Eip=77A24E9D

ADDR: 77A24ED5 CODE: 7445 jz 0x77a24f1c
Eax=0 Ebx=3550000 Ecx=8 Edx=0 Edi=18 Esi=0 Ebp=327ECC0 Esp=327EC48 Eip=77A24ED5

ADDR: 77A24F4B CODE: 0f87f5090000 ja 0x77a25946
Eax=18 Ebx=3550000 Ecx=8 Edx=4 Edi=18 Esi=20 Ebp=327ECC0 Esp=327EC48 Eip=77A24F4B

ADDR: 77A24F6F CODE: 0f84ce090000 jz 0x77a25943
Eax=10 Ebx=3550000 Ecx=4 Edx=FC Edi=18 Esi=20 Ebp=327ECC0 Esp=327EC48 Eip=77A24F6F

ADDR: 77A24FAE CODE: 744c jz 0x77a24ffc
Eax=3552600 Ebx=33A01C8 Ecx=0 Edx=33A0000 Edi=18 Esi=20 Ebp=327ECC0 Esp=327EC48 Eip=77A24FAE

ADDR: 77A25057 CODE: 0f84bb010000 jz 0x77a25218
Eax=358BD68 Ebx=33A01C8 Ecx=33A0890 Edx=33A0000 Edi=18 Esi=20 Ebp=327ECC0 Esp=327EC48 Eip=77A25057

ADDR: 77A25077 CODE: 797c jns 0x77a250f5
Eax=E Ebx=358BD78 Ecx=33A07D0 Edx=33A0000 Edi=33A0000 Esi=20 Ebp=327ECC0 Esp=327EC48 Eip=77A25077

ADDR: 77A25118 CODE: 0f84c7000000 jz 0x77a251e5
Eax=E Ebx=358BD78 Ecx=33A07D0 Edx=0 Edi=64 Esi=E0026 Ebp=327ECC0 Esp=327EC48 Eip=77A25118

ADDR: 77A2512E CODE: 740a jz 0x77a2513a
Eax=E0026 Ebx=358BD78 Ecx=800E0026 Edx=0 Edi=64 Esi=E0026 Ebp=327ECC0 Esp=327EC48 Eip=77A2512E

ADDR: 77A2513D CODE: 0f84a2000000 jz 0x77a251e5
Eax=E0026 Ebx=358BD78 Ecx=800E0026 Edx=0 Edi=64 Esi=E0026 Ebp=327ECC0 Esp=327EC48 Eip=77A2513D

ADDR: 77A2514E CODE: 0f848f000000 jz 0x77a251e3
Eax=35A32F0 Ebx=358BD78 Ecx=358BD68 Edx=0 Edi=64 Esi=E0026 Ebp=327ECC0 Esp=327EC48 Eip=77A2514E

ADDR: 77A25162 CODE: 747f jz 0x77a251e3
Eax=33A0890 Ebx=358BD78 Ecx=358BD68 Edx=0 Edi=64 Esi=E0026 Ebp=327ECC0 Esp=327EC48 Eip=77A25162

ADDR: 77A45F14 CODE: 741a jz 0x77a45f30
Eax=CF Ebx=358BD78 Ecx=E0 Edx=CFE0 Edi=E0 Esi=3191000 Ebp=327EC40 Esp=327EC34 Eip=77A45F14

ADDR: 77A7545A CODE: 730d jae 0x77a75469
Eax=35A3304 Ebx=358BD78 Ecx=35A330C Edx=E Edi=FFFFFFFF Esi=3E Ebp=327EC38 Esp=327EC28 Eip=77A7545A

ADDR: 77A754A7 CODE: 7313 jae 0x77a754bc
Eax=35A3310 Ebx=3BFEFF0F Ecx=20 Edx=35A330C Edi=FFFFFFFF Esi=16 Ebp=327EC38 Esp=327EC28 Eip=77A754A7

ADDR: 77A251C3 CODE: 7422 jz 0x77a251e7
Eax=35A3630 Ebx=358BD78 Ecx=200028 Edx=35A32F0 Edi=1A Esi=35A3658 Ebp=327ECC0 Esp=327EC48 Eip=77A251C3

ADDR: 77A251EB CODE: 7420 jz 0x77a2520d
Eax=35A3630 Ebx=358BD78 Ecx=200028 Edx=35A32F0 Edi=1A Esi=35A3658 Ebp=327ECC0 Esp=327EC48 Eip=77A251EB

ADDR: 77A25CAD CODE: 7412 jz 0x77a25cc1
Eax=35A3630 Ebx=358BD78 Ecx=200028 Edx=35A32F0 Edi=35A3660 Esi=35A3658 Ebp=327ECC0 Esp=327EC48 Eip=77A25CAD

ADDR: 77A5B3CA CODE: 744f jz 0x77a5b41b
Eax=18 Ebx=358BD78 Ecx=35A3660 Edx=18 Edi=35A3660 Esi=35A3658 Ebp=327ECC0 Esp=327EC38 Eip=77A5B3CA

ADDR: 77A5B3D8 CODE: 7231 jb 0x77a5b40b
Eax=0 Ebx=358BD78 Ecx=35A3660 Edx=18 Edi=35A3660 Esi=35A3658 Ebp=327ECC0 Esp=327EC34 Eip=77A5B3D8

ADDR: 77A5B3DF CODE: 740c jz 0x77a5b3ed
Eax=0 Ebx=358BD78 Ecx=0 Edx=18 Edi=35A3660 Esi=35A3658 Ebp=327ECC0 Esp=327EC34 Eip=77A5B3DF

ADDR: 77A5B403 CODE: 7406 jz 0x77a5b40b
Eax=0 Ebx=358BD78 Ecx=6 Edx=0 Edi=35A3660 Esi=35A3658 Ebp=327ECC0 Esp=327EC34 Eip=77A5B403

ADDR: 77A5B409 CODE: 740a jz 0x77a5b415
Eax=0 Ebx=358BD78 Ecx=0 Edx=0 Edi=35A3678 Esi=35A3658 Ebp=327ECC0 Esp=327EC34 Eip=77A5B409

ADDR: 77A25CD2 CODE: 7308 jae 0x77a25cdc
Eax=4 Ebx=358BD78 Ecx=18 Edx=8 Edi=35A3660 Esi=35A3658 Ebp=327ECC0 Esp=327EC48 Eip=77A25CD2

ADDR: 77A25D1D CODE: 0f8474000000 jz 0x77a25d97
Eax=4 Ebx=3550000 Ecx=18 Edx=0 Edi=35A3660 Esi=35A3658 Ebp=327ECC0 Esp=327EC48 Eip=77A25D1D

ADDR: 77A25DA5 CODE: 7415 jz 0x77a25dbc
Eax=0 Ebx=3550000 Ecx=8 Edx=0 Edi=35A3660 Esi=35A3658 Ebp=327ECC0 Esp=327EC48 Eip=77A25DA5

ADDR: 77A25DC4 CODE: 0f8492000000 jz 0x77a25e5c
Eax=7FFE0380 Ebx=3550000 Ecx=8 Edx=0 Edi=35A3660 Esi=35A3658 Ebp=327ECC0 Esp=327EC48 Eip=77A25DC4

ADDR: 77A25E63 CODE: 743b jz 0x77a25ea0
Eax=0 Ebx=3550000 Ecx=8 Edx=0 Edi=35A3660 Esi=35A3658 Ebp=327ECC0 Esp=327EC48 Eip=77A25E63

ADDR: 77A24CFF CODE: 0f8426e60500 jz 0x77a8332b
Eax=3550000 Ebx=0 Ecx=8 Edx=0 Edi=128 Esi=3550000 Ebp=327ECDC Esp=327ECD0 Eip=77A24CFF

ADDR: 77A24D11 CODE: 0f842be60500 jz 0x77a83342
Eax=3550000 Ebx=0 Ecx=3550000 Edx=128 Edi=128 Esi=3550000 Ebp=327ECDC Esp=327ECD0 Eip=77A24D11

ADDR: 77A24E6C CODE: 760c jbe 0x77a24e7a
Eax=0 Ebx=3550000 Ecx=8 Edx=128 Edi=128 Esi=3550000 Ebp=327ECC0 Esp=327EC48 Eip=77A24E6C

ADDR: 77A24E9D CODE: 742b jz 0x77a24eca
Eax=0 Ebx=3550000 Ecx=0 Edx=0 Edi=128 Esi=3550000 Ebp=327ECC0 Esp=327EC48 Eip=77A24E9D

ADDR: 77A24ED5 CODE: 7445 jz 0x77a24f1c
Eax=0 Ebx=3550000 Ecx=8 Edx=0 Edi=128 Esi=0 Ebp=327ECC0 Esp=327EC48 Eip=77A24ED5

ADDR: 77A24F4B CODE: 0f87f5090000 ja 0x77a25946
Eax=128 Ebx=3550000 Ecx=8 Edx=26 Edi=128 Esi=130 Ebp=327ECC0 Esp=327EC48 Eip=77A24F4B

ADDR: 77A24F6F CODE: 0f84ce090000 jz 0x77a25943
Eax=40 Ebx=3550000 Ecx=6 Edx=0 Edi=128 Esi=130 Ebp=327ECC0 Esp=327EC48 Eip=77A24F6F

ADDR: 77A2594F CODE: 7211 jb 0x77a25962
Eax=3550270 Ebx=3550000 Ecx=6 Edx=26 Edi=128 Esi=130 Ebp=327ECC0 Esp=327EC48 Eip=77A2594F

ADDR: 77A25967 CODE: 0f838c030000 jae 0x77a25cf9
Eax=3550270 Ebx=3550000 Ecx=26 Edx=26 Edi=128 Esi=130 Ebp=327ECC0 Esp=327EC48 Eip=77A25967

ADDR: 77A2597C CODE: 7402 jz 0x77a25980
Eax=3550270 Ebx=3550000 Ecx=26 Edx=26 Edi=128 Esi=130 Ebp=327ECC0 Esp=327EC48 Eip=77A2597C

ADDR: 77A25F44 CODE: 7329 jae 0x77a25f6f
Eax=327EC20 Ebx=A Ecx=3550000 Edx=A Edi=3550000 Esi=26 Ebp=327EC30 Esp=327EAB0 Eip=77A25F44

ADDR: 77A25F53 CODE: 730c jae 0x77a25f61
Eax=327EC20 Ebx=A Ecx=3550001 Edx=26 Edi=3550000 Esi=26 Ebp=327EC30 Esp=327EAB0 Eip=77A25F53

ADDR: 77A26022 CODE: 7415 jz 0x77a26039
Eax=327EC90 Ebx=0 Ecx=3550001 Edx=26 Edi=3550000 Esi=26 Ebp=327EC30 Esp=327EAB0 Eip=77A26022

ADDR: 77A43F37 CODE: 7316 jae 0x77a43f4f
Eax=3550258 Ebx=0 Ecx=355025C Edx=3191000 Edi=3550000 Esi=26 Ebp=327EAA4 Esp=327EAA4 Eip=77A43F37

ADDR: 77A260CB CODE: 7407 jz 0x77a260d4
Eax=1 Ebx=0 Ecx=4720 Edx=3191000 Edi=3550000 Esi=26 Ebp=327EC30 Esp=327EAB0 Eip=77A260CB

ADDR: 77A260DA CODE: 0f8739170000 ja 0x77a27819
Eax=1 Ebx=0 Ecx=4720 Edx=26 Edi=3550000 Esi=26 Ebp=327EC30 Esp=327EAB0 Eip=77A260DA

ADDR: 77A260F4 CODE: 723a jb 0x77a26130
Eax=128 Ebx=0 Ecx=4720 Edx=26 Edi=3550000 Esi=26 Ebp=327EC30 Esp=327EAB0 Eip=77A260F4

ADDR: 77A26136 CODE: 0f87d5000000 ja 0x77a26211
Eax=128 Ebx=0 Ecx=4720 Edx=26 Edi=3550000 Esi=26 Ebp=327EC30 Esp=327EAB0 Eip=77A26136

ADDR: 77A26188 CODE: 7716 ja 0x77a261a0
Eax=3552606 Ebx=6 Ecx=C6 Edx=0 Edi=3550000 Esi=35526DC Ebp=327EC30 Esp=327EAB0 Eip=77A26188

ADDR: 77A26192 CODE: 770c ja 0x77a261a0
Eax=FF00 Ebx=6 Ecx=C6 Edx=0 Edi=3550000 Esi=35526DC Ebp=327EC30 Esp=327EAB0 Eip=77A26192

ADDR: 77A26216 CODE: 0f844f020000 jz 0x77a2646b
Eax=FF00 Ebx=6 Ecx=C6 Edx=26 Edi=3550000 Esi=355033C Ebp=327EC30 Esp=327EAB0 Eip=77A26216

ADDR: 77A26220 CODE: 0f8445020000 jz 0x77a2646b
Eax=FF00 Ebx=6 Ecx=C6 Edx=26 Edi=3550000 Esi=0 Ebp=327EC30 Esp=327EAB0 Eip=77A26220

ADDR: 77A26485 CODE: 7304 jae 0x77a2648b
Eax=35500C0 Ebx=6 Ecx=80 Edx=26 Edi=3550000 Esi=3550270 Ebp=327EC30 Esp=327EAB0 Eip=77A26485

ADDR: 77A264D3 CODE: 7438 jz 0x77a2650d
Eax=3592D78 Ebx=D69EFF79 Ecx=80 Edx=35500C0 Edi=3550000 Esi=3550270 Ebp=327EC30 Esp=327EAB0 Eip=77A264D3

ADDR: 77A264F3 CODE: 7418 jz 0x77a2650d
Eax=1E Ebx=1E000618 Ecx=1E1E Edx=35500C0 Edi=3550000 Esi=3550270 Ebp=327EC30 Esp=327EAB0 Eip=77A264F3

ADDR: 77A2651D CODE: 7e07 jle 0x77a26526
Eax=618 Ebx=1E000618 Ecx=FFFFFA0E Edx=35500C0 Edi=3550000 Esi=3550270 Ebp=327EC30 Esp=327EAB0 Eip=77A2651D

ADDR: 77A2653A CODE: 7438 jz 0x77a26574
Eax=359BB38 Ebx=CA9EF963 Ecx=FFFFFA0E Edx=35500C0 Edi=3550000 Esi=3550270 Ebp=327EC30 Esp=327EAB0 Eip=77A2653A

ADDR: 77A2655A CODE: 7418 jz 0x77a26574
Eax=2 Ebx=2000002 Ecx=202 Edx=35500C0 Edi=3550000 Esi=3550270 Ebp=327EC30 Esp=327EAB0 Eip=77A2655A

ADDR: 77A26584 CODE: 7f07 jg 0x77a2658d
Eax=2 Ebx=2000002 Ecx=24 Edx=35500C0 Edi=3550000 Esi=3550270 Ebp=327EC30 Esp=327EAB0 Eip=77A26584

ADDR: 77A26664 CODE: 7708 ja 0x77a2666e
Eax=3550298 Ebx=0 Ecx=3 Edx=1 Edi=3550000 Esi=3550270 Ebp=327EC30 Esp=327EAB0 Eip=77A26664

ADDR: 77A26664 CODE: 7708 ja 0x77a2666e
Eax=355029C Ebx=0 Ecx=3 Edx=2 Edi=3550000 Esi=3550270 Ebp=327EC30 Esp=327EAB0 Eip=77A26664

ADDR: 77A26664 CODE: 7708 ja 0x77a2666e
Eax=35502A0 Ebx=0 Ecx=3 Edx=3 Edi=3550000 Esi=3550270 Ebp=327EC30 Esp=327EAB0 Eip=77A26664

ADDR: 77A26664 CODE: 7708 ja 0x77a2666e
Eax=35502A4 Ebx=0 Ecx=3 Edx=4 Edi=3550000 Esi=3550270 Ebp=327EC30 Esp=327EAB0 Eip=77A26664

ADDR: 77A26670 CODE: 0f848c110000 jz 0x77a27802
Eax=35502A4 Ebx=0 Ecx=3 Edx=4 Edi=3550000 Esi=3550270 Ebp=327EC30 Esp=327EAB0 Eip=77A26670

ADDR: 77A264D3 CODE: 7438 jz 0x77a2650d
Eax=3592D78 Ebx=D69EFF79 Ecx=3 Edx=35500C0 Edi=3550000 Esi=35536A0 Ebp=327EC30 Esp=327EAB0 Eip=77A264D3

ADDR: 77A264F3 CODE: 7418 jz 0x77a2650d
Eax=1E Ebx=1E000618 Ecx=1E1E Edx=35500C0 Edi=3550000 Esi=35536A0 Ebp=327EC30 Esp=327EAB0 Eip=77A264F3

ADDR: 77A2651D CODE: 7e07 jle 0x77a26526
Eax=618 Ebx=1E000618 Ecx=FFFFFA0E Edx=35500C0 Edi=3550000 Esi=35536A0 Ebp=327EC30 Esp=327EAB0 Eip=77A2651D

ADDR: 77A2653A CODE: 7438 jz 0x77a26574
Eax=359BB38 Ebx=CA9EF963 Ecx=FFFFFA0E Edx=35500C0 Edi=3550000 Esi=35536A0 Ebp=327EC30 Esp=327EAB0 Eip=77A2653A

ADDR: 77A2655A CODE: 7418 jz 0x77a26574
Eax=2 Ebx=2000002 Ecx=202 Edx=35500C0 Edi=3550000 Esi=35536A0 Ebp=327EC30 Esp=327EAB0 Eip=77A2655A

ADDR: 77A26584 CODE: 7f07 jg 0x77a2658d
Eax=2 Ebx=2000002 Ecx=24 Edx=35500C0 Edi=3550000 Esi=35536A0 Ebp=327EC30 Esp=327EAB0 Eip=77A26584

ADDR: 77A26664 CODE: 7708 ja 0x77a2666e
Eax=35536C4 Ebx=0 Ecx=3B Edx=0 Edi=3550000 Esi=35536A0 Ebp=327EC30 Esp=327EAB0 Eip=77A26664

ADDR: 77A26664 CODE: 7708 ja 0x77a2666e
Eax=35536C8 Ebx=0 Ecx=3B Edx=1 Edi=3550000 Esi=35536A0 Ebp=327EC30 Esp=327EAB0 Eip=77A26664

ADDR: 77A26664 CODE: 7708 ja 0x77a2666e
Eax=35536CC Ebx=0 Ecx=3B Edx=2 Edi=3550000 Esi=35536A0 Ebp=327EC30 Esp=327EAB0 Eip=77A26664

ADDR: 77A26664 CODE: 7708 ja 0x77a2666e
Eax=35536D0 Ebx=0 Ecx=3B Edx=3 Edi=3550000 Esi=35536A0 Ebp=327EC30 Esp=327EAB0 Eip=77A26664

ADDR: 77A26664 CODE: 7708 ja 0x77a2666e
Eax=35536D4 Ebx=0 Ecx=3B Edx=4 Edi=3550000 Esi=35536A0 Ebp=327EC30 Esp=327EAB0 Eip=77A26664

ADDR: 77A26664 CODE: 7708 ja 0x77a2666e
Eax=35536D8 Ebx=0 Ecx=3B Edx=5 Edi=3550000 Esi=35536A0 Ebp=327EC30 Esp=327EAB0 Eip=77A26664

ADDR: 77A26664 CODE: 7708 ja 0x77a2666e
Eax=35536DC Ebx=0 Ecx=3B Edx=6 Edi=3550000 Esi=35536A0 Ebp=327EC30 Esp=327EAB0 Eip=77A26664

ADDR: 77A26664 CODE: 7708 ja 0x77a2666e
Eax=35536E0 Ebx=0 Ecx=3B Edx=7 Edi=3550000 Esi=35536A0 Ebp=327EC30 Esp=327EAB0 Eip=77A26664

ADDR: 77A26664 CODE: 7708 ja 0x77a2666e
Eax=35536E4 Ebx=0 Ecx=3B Edx=8 Edi=3550000 Esi=35536A0 Ebp=327EC30 Esp=327EAB0 Eip=77A26664

ADDR: 77A26664 CODE: 7708 ja 0x77a2666e
Eax=35536E8 Ebx=0 Ecx=3B Edx=9 Edi=3550000 Esi=35536A0 Ebp=327EC30 Esp=327EAB0 Eip=77A26664

ADDR: 77A26664 CODE: 7708 ja 0x77a2666e
Eax=35536EC Ebx=0 Ecx=3B Edx=A Edi=3550000 Esi=35536A0 Ebp=327EC30 Esp=327EAB0 Eip=77A26664

ADDR: 77A26664 CODE: 7708 ja 0x77a2666e
Eax=35536F0 Ebx=0 Ecx=3B Edx=B Edi=3550000 Esi=35536A0 Ebp=327EC30 Esp=327EAB0 Eip=77A26664

ADDR: 77A26664 CODE: 7708 ja 0x77a2666e
Eax=35536F4 Ebx=0 Ecx=3B Edx=C Edi=3550000 Esi=35536A0 Ebp=327EC30 Esp=327EAB0 Eip=77A26664

ADDR: 77A26679 CODE: 7422 jz 0x77a2669d
Eax=35536F8 Ebx=400000 Ecx=3B Edx=D Edi=3550000 Esi=35536A0 Ebp=327EC30 Esp=327EAB0 Eip=77A26679

ADDR: 77A266A7 CODE: 740c jz 0x77a266b5
Eax=40 Ebx=400000 Ecx=3B Edx=D Edi=3550000 Esi=35536A0 Ebp=327EC30 Esp=327EAB0 Eip=77A266A7

ADDR: 77A266D1 CODE: 7402 jz 0x77a266d5
Eax=16 Ebx=400000 Ecx=3B Edx=1B6 Edi=3550000 Esi=35536A0 Ebp=327EC30 Esp=327EAB0 Eip=77A266D1

ADDR: 77A266E0 CODE: 0f841c110000 jz 0x77a27802
Eax=358D618 Ebx=400000 Ecx=3B Edx=1B6 Edi=3550000 Esi=35536A0 Ebp=327EC30 Esp=327EAB0 Eip=77A266E0

ADDR: 77A266F2 CODE: 0f844d020000 jz 0x77a26945
Eax=358D618 Ebx=400000 Ecx=3B Edx=1B6 Edi=3550000 Esi=35536A0 Ebp=327EC30 Esp=327EAB0 Eip=77A266F2

ADDR: 77A26702 CODE: 741f jz 0x77a26723
Eax=358D618 Ebx=358D610 Ecx=3B Edx=1B6 Edi=3550000 Esi=35536A0 Ebp=327EC30 Esp=327EAB0 Eip=77A26702

ADDR: 77A26714 CODE: 740a jz 0x77a26720
Eax=C89EF934 Ebx=358D610 Ecx=3B Edx=1B6 Edi=3550000 Esi=35536A0 Ebp=327EC30 Esp=327EAB0 Eip=77A26714

ADDR: 77A26729 CODE: 0f8200020000 jb 0x77a2692f
Eax=358D618 Ebx=358D610 Ecx=3B Edx=1B6 Edi=3550000 Esi=236 Ebp=327EC30 Esp=327EAB0 Eip=77A26729

ADDR: 77A26761 CODE: 0f841c010000 jz 0x77a26883
Eax=358D618 Ebx=358D610 Ecx=3550270 Edx=358D618 Edi=3550000 Esi=236 Ebp=327EC30 Esp=327EAB0 Eip=77A26761

ADDR: 77A26778 CODE: 730b jae 0x77a26785
Eax=236 Ebx=358D610 Ecx=3550270 Edx=358D618 Edi=3550000 Esi=80 Ebp=327EC30 Esp=327EAB0 Eip=77A26778

ADDR: 77A26778 CODE: 730b jae 0x77a26785
Eax=236 Ebx=358D610 Ecx=35536A0 Edx=35536A0 Edi=3550000 Esi=800 Ebp=327EC30 Esp=327EAB0 Eip=77A26778

ADDR: 77A2680D CODE: 0f83db000000 jae 0x77a268ee
Eax=7FF Ebx=358D610 Ecx=35536A0 Edx=1B6 Edi=3550000 Esi=35A6B08 Ebp=327EC30 Esp=327EAB0 Eip=77A2680D

ADDR: 77A26816 CODE: 0f84a3000000 jz 0x77a268bf
Eax=7FF Ebx=358D610 Ecx=35536A0 Edx=1B6 Edi=3550000 Esi=35A6B08 Ebp=327EC30 Esp=327EAB0 Eip=77A26816

ADDR: 77A26829 CODE: 743c jz 0x77a26867
Eax=7FF Ebx=509EFDFD Ecx=35536A0 Edx=1B6 Edi=3550000 Esi=35A6B08 Ebp=327EC30 Esp=327EAB0 Eip=77A26829

ADDR: 77A26849 CODE: 7419 jz 0x77a26864
Eax=98 Ebx=9800049C Ecx=9898 Edx=1B6 Edi=3550000 Esi=35A6B08 Ebp=327EC30 Esp=327EAB0 Eip=77A26849

ADDR: 77A26895 CODE: 7475 jz 0x77a2690c
Eax=35A6B08 Ebx=358D610 Ecx=358CF38 Edx=FFBFFFFF Edi=3550000 Esi=D Ebp=327EC30 Esp=327EAB0 Eip=77A26895

ADDR: 77A26ACC CODE: 7418 jz 0x77a26ae6
Eax=35A6B08 Ebx=358D610 Ecx=358CF00 Edx=FFBFFFFF Edi=3550000 Esi=1 Ebp=327EC30 Esp=327EAB0 Eip=77A26ACC

ADDR: 77A26B12 CODE: 7305 jae 0x77a26b19
Eax=8 Ebx=358D610 Ecx=26 Edx=210 Edi=3550000 Esi=1 Ebp=327EC30 Esp=327EAB0 Eip=77A26B12

ADDR: 77A26B27 CODE: 741e jz 0x77a26b47
Eax=8 Ebx=358D610 Ecx=26 Edx=210 Edi=3550000 Esi=1 Ebp=327EC30 Esp=327EAB0 Eip=77A26B27

ADDR: 77A26CA1 CODE: 741a jz 0x77a26cbd
Eax=0 Ebx=358D610 Ecx=26 Edx=210 Edi=3550000 Esi=1 Ebp=327EC30 Esp=327EAB0 Eip=77A26CA1

ADDR: 77A26D47 CODE: 0f845d050000 jz 0x77a272aa
Eax=9F Ebx=358D740 Ecx=100000 Edx=210 Edi=3550000 Esi=358E7C0 Ebp=327EC30 Esp=327EAB0 Eip=77A26D47

ADDR: 77A26D81 CODE: 0f8496020000 jz 0x77a2701d
Eax=35500C0 Ebx=358D740 Ecx=100000 Edx=210 Edi=3550000 Esi=3550270 Ebp=327EC30 Esp=327EAB0 Eip=77A26D81

ADDR: 77A26D8C CODE: 7304 jae 0x77a26d92
Eax=35500C0 Ebx=358D740 Ecx=80 Edx=210 Edi=3550000 Esi=3550270 Ebp=327EC30 Esp=327EAB0 Eip=77A26D8C

ADDR: 77A26D8C CODE: 7304 jae 0x77a26d92
Eax=35536A0 Ebx=358D740 Ecx=800 Edx=210 Edi=3550000 Esi=35536A0 Ebp=327EC30 Esp=327EAB0 Eip=77A26D8C

ADDR: 77A26DD5 CODE: 743b jz 0x77a26e12
Eax=3592D78 Ebx=358D740 Ecx=3592D80 Edx=D69EFF79 Edi=3550000 Esi=35536A0 Ebp=327EC30 Esp=327EAB0 Eip=77A26DD5

ADDR: 77A26DF8 CODE: 7418 jz 0x77a26e12
Eax=1E Ebx=358D740 Ecx=1E1E Edx=1E000618 Edi=3550000 Esi=35536A0 Ebp=327EC30 Esp=327EAB0 Eip=77A26DF8

ADDR: 77A26E22 CODE: 7e08 jle 0x77a26e2c
Eax=618 Ebx=358D740 Ecx=FFFFFBF8 Edx=1E000618 Edi=3550000 Esi=35536A0 Ebp=327EC30 Esp=327EAB0 Eip=77A26E22

ADDR: 77A26E43 CODE: 743b jz 0x77a26e80
Eax=359BB38 Ebx=358D740 Ecx=FFFFFBF8 Edx=CA9EF963 Edi=3550000 Esi=35536A0 Ebp=327EC30 Esp=327EAB0 Eip=77A26E43

ADDR: 77A26E66 CODE: 7418 jz 0x77a26e80
Eax=2 Ebx=358D740 Ecx=202 Edx=2000002 Edi=3550000 Esi=35536A0 Ebp=327EC30 Esp=327EAB0 Eip=77A26E66

ADDR: 77A26E90 CODE: 7f0a jg 0x77a26e9c
Eax=2 Ebx=358D740 Ecx=20E Edx=2000002 Edi=3550000 Esi=35536A0 Ebp=327EC30 Esp=327EAB0 Eip=77A26E90

ADDR: 77A26F7D CODE: 7708 ja 0x77a26f87
Eax=3B Ebx=358D740 Ecx=0 Edx=C Edi=3550000 Esi=35536F4 Ebp=327EC30 Esp=327EAB0 Eip=77A26F7D

ADDR: 77A26F7D CODE: 7708 ja 0x77a26f87
Eax=3B Ebx=358D740 Ecx=0 Edx=D Edi=3550000 Esi=35536F8 Ebp=327EC30 Esp=327EAB0 Eip=77A26F7D

ADDR: 77A26F7D CODE: 7708 ja 0x77a26f87
Eax=3B Ebx=358D740 Ecx=0 Edx=E Edi=3550000 Esi=35536FC Ebp=327EC30 Esp=327EAB0 Eip=77A26F7D

ADDR: 77A26F7D CODE: 7708 ja 0x77a26f87
Eax=3B Ebx=358D740 Ecx=0 Edx=F Edi=3550000 Esi=3553700 Ebp=327EC30 Esp=327EAB0 Eip=77A26F7D

ADDR: 77A26F7D CODE: 7708 ja 0x77a26f87
Eax=3B Ebx=358D740 Ecx=0 Edx=10 Edi=3550000 Esi=3553704 Ebp=327EC30 Esp=327EAB0 Eip=77A26F7D

ADDR: 77A26F7D CODE: 7708 ja 0x77a26f87
Eax=3B Ebx=358D740 Ecx=0 Edx=11 Edi=3550000 Esi=3553708 Ebp=327EC30 Esp=327EAB0 Eip=77A26F7D

ADDR: 77A26F7D CODE: 7708 ja 0x77a26f87
Eax=3B Ebx=358D740 Ecx=0 Edx=12 Edi=3550000 Esi=355370C Ebp=327EC30 Esp=327EAB0 Eip=77A26F7D

ADDR: 77A26F7D CODE: 7708 ja 0x77a26f87
Eax=3B Ebx=358D740 Ecx=0 Edx=13 Edi=3550000 Esi=3553710 Ebp=327EC30 Esp=327EAB0 Eip=77A26F7D

ADDR: 77A26F7D CODE: 7708 ja 0x77a26f87
Eax=3B Ebx=358D740 Ecx=0 Edx=14 Edi=3550000 Esi=3553714 Ebp=327EC30 Esp=327EAB0 Eip=77A26F7D

ADDR: 77A26F7D CODE: 7708 ja 0x77a26f87
Eax=3B Ebx=358D740 Ecx=0 Edx=15 Edi=3550000 Esi=3553718 Ebp=327EC30 Esp=327EAB0 Eip=77A26F7D

ADDR: 77A26F7D CODE: 7708 ja 0x77a26f87
Eax=3B Ebx=358D740 Ecx=0 Edx=16 Edi=3550000 Esi=355371C Ebp=327EC30 Esp=327EAB0 Eip=77A26F7D

ADDR: 77A26F7D CODE: 7708 ja 0x77a26f87
Eax=3B Ebx=358D740 Ecx=0 Edx=17 Edi=3550000 Esi=3553720 Ebp=327EC30 Esp=327EAB0 Eip=77A26F7D

ADDR: 77A26F7D CODE: 7708 ja 0x77a26f87
Eax=3B Ebx=358D740 Ecx=0 Edx=18 Edi=3550000 Esi=3553724 Ebp=327EC30 Esp=327EAB0 Eip=77A26F7D

ADDR: 77A26F7D CODE: 7708 ja 0x77a26f87
Eax=3B Ebx=358D740 Ecx=0 Edx=19 Edi=3550000 Esi=3553728 Ebp=327EC30 Esp=327EAB0 Eip=77A26F7D

ADDR: 77A26F7D CODE: 7708 ja 0x77a26f87
Eax=3B Ebx=358D740 Ecx=0 Edx=1A Edi=3550000 Esi=355372C Ebp=327EC30 Esp=327EAB0 Eip=77A26F7D

ADDR: 77A26F7D CODE: 7708 ja 0x77a26f87
Eax=3B Ebx=358D740 Ecx=0 Edx=1B Edi=3550000 Esi=3553730 Ebp=327EC30 Esp=327EAB0 Eip=77A26F7D

ADDR: 77A26F7D CODE: 7708 ja 0x77a26f87
Eax=3B Ebx=358D740 Ecx=0 Edx=1C Edi=3550000 Esi=3553734 Ebp=327EC30 Esp=327EAB0 Eip=77A26F7D

ADDR: 77A26F7D CODE: 7708 ja 0x77a26f87
Eax=3B Ebx=358D740 Ecx=0 Edx=1D Edi=3550000 Esi=3553738 Ebp=327EC30 Esp=327EAB0 Eip=77A26F7D

ADDR: 77A26F7D CODE: 7708 ja 0x77a26f87
Eax=3B Ebx=358D740 Ecx=0 Edx=1E Edi=3550000 Esi=355373C Ebp=327EC30 Esp=327EAB0 Eip=77A26F7D

ADDR: 77A26F7D CODE: 7708 ja 0x77a26f87
Eax=3B Ebx=358D740 Ecx=0 Edx=1F Edi=3550000 Esi=3553740 Ebp=327EC30 Esp=327EAB0 Eip=77A26F7D

ADDR: 77A26F92 CODE: 7422 jz 0x77a26fb6
Eax=3B Ebx=358D740 Ecx=10000000 Edx=20 Edi=3550000 Esi=3553744 Ebp=327EC30 Esp=327EAB0 Eip=77A26F92

ADDR: 77A26FC0 CODE: 740c jz 0x77a26fce
Eax=0 Ebx=358D740 Ecx=10000000 Edx=20 Edi=3550000 Esi=3553744 Ebp=327EC30 Esp=327EAB0 Eip=77A26FC0

ADDR: 77A26FED CODE: 7402 jz 0x77a26ff1
Eax=1C Ebx=358D740 Ecx=10 Edx=41C Edi=3550000 Esi=35536A0 Ebp=327EC30 Esp=327EAB0 Eip=77A26FED

ADDR: 77A26FF9 CODE: 740b jz 0x77a27006
Eax=35537B4 Ebx=358D740 Ecx=35A6B08 Edx=41C Edi=3550000 Esi=35536A0 Ebp=327EC30 Esp=327EAB0 Eip=77A26FF9

ADDR: 77A27024 CODE: 7435 jz 0x77a2705b
Eax=35500C0 Ebx=358D740 Ecx=35A6B08 Edx=41C Edi=3550000 Esi=210 Ebp=327EC30 Esp=327EAB0 Eip=77A27024

ADDR: 77A2702A CODE: 7413 jz 0x77a2703f
Eax=35500C0 Ebx=358D740 Ecx=35A6B08 Edx=41C Edi=3550000 Esi=210 Ebp=327EC30 Esp=327EAB0 Eip=77A2702A

ADDR: 77A27035 CODE: 740c jz 0x77a27043
Eax=35500C0 Ebx=358D740 Ecx=35A6B08 Edx=509EFDFD Edi=3550000 Esi=210 Ebp=327EC30 Esp=327EAB0 Eip=77A27035

ADDR: 77A2704F CODE: 760a jbe 0x77a2705b
Eax=49C Ebx=358D740 Ecx=35A6B08 Edx=9800049C Edi=3550000 Esi=210 Ebp=327EC30 Esp=327EAB0 Eip=77A2704F

ADDR: 77A27094 CODE: 0f84fc000000 jz 0x77a27196
Eax=210 Ebx=358D740 Ecx=3550270 Edx=358CF38 Edi=3550000 Esi=35A6B08 Ebp=327EC30 Esp=327EAB0 Eip=77A27094

ADDR: 77A270A5 CODE: 730a jae 0x77a270b1
Eax=210 Ebx=358D740 Ecx=3550270 Edx=358CF38 Edi=3550000 Esi=80 Ebp=327EC30 Esp=327EAB0 Eip=77A270A5

ADDR: 77A270A5 CODE: 730a jae 0x77a270b1
Eax=210 Ebx=358D740 Ecx=35536A0 Edx=35536A0 Edi=3550000 Esi=800 Ebp=327EC30 Esp=327EAB0 Eip=77A270A5

ADDR: 77A270FF CODE: 7464 jz 0x77a27165
Eax=0 Ebx=358D740 Ecx=35536A0 Edx=210 Edi=3550000 Esi=190 Ebp=327EC30 Esp=327EAB0 Eip=77A270FF

ADDR: 77A2719A CODE: 0f8497040000 jz 0x77a27637
Eax=35536C4 Ebx=358D740 Ecx=10 Edx=10000 Edi=3550000 Esi=C Ebp=327EC30 Esp=327EAB0 Eip=77A2719A

ADDR: 77A26B7F CODE: 0f841c0b0000 jz 0x77a276a1
Eax=8 Ebx=358D618 Ecx=130 Edx=358D617 Edi=3550000 Esi=130 Ebp=327EC30 Esp=327EAB0 Eip=77A26B7F

ADDR: 77A26B89 CODE: 7413 jz 0x77a26b9e
Eax=8 Ebx=358D618 Ecx=130 Edx=358D617 Edi=3550000 Esi=130 Ebp=327EC30 Esp=327EAB0 Eip=77A26B89

ADDR: 77A26BA2 CODE: 0f84b7000000 jz 0x77a26c5f
Eax=C89EF961 Ebx=358D618 Ecx=358D610 Edx=358D617 Edi=3550000 Esi=130 Ebp=327EC30 Esp=327EAB0 Eip=77A26BA2

ADDR: 77A26BC7 CODE: 762c jbe 0x77a26bf5
Eax=C89EF961 Ebx=358D618 Ecx=358D610 Edx=1 Edi=3550000 Esi=130 Ebp=327EC30 Esp=327EAB0 Eip=77A26BC7

ADDR: 77A26C05 CODE: 7249 jb 0x77a26c50
Eax=C89EF961 Ebx=358D618 Ecx=358D610 Edx=1 Edi=3550000 Esi=130 Ebp=327EC30 Esp=327EAB0 Eip=77A26C05

ADDR: 77A27B53 CODE: 746e jz 0x77a27bc3
Eax=FFFFFFFE Ebx=3550258 Ecx=FFFFFFFF Edx=1 Edi=355025C Esi=FFFFFFFE Ebp=327EAA4 Esp=327EA90 Eip=77A27B53

ADDR: 77A26C63 CODE: 0f84150e0000 jz 0x77a27a7e
Eax=0 Ebx=358D618 Ecx=FFFFFFFF Edx=1 Edi=3550000 Esi=130 Ebp=327EC30 Esp=327EAB0 Eip=77A26C63

ADDR: 77A5B3CA CODE: 744f jz 0x77a5b41b
Eax=128 Ebx=358D618 Ecx=358D618 Edx=128 Edi=3550000 Esi=130 Ebp=327EC30 Esp=327EAA0 Eip=77A5B3CA

ADDR: 77A5B3D8 CODE: 7231 jb 0x77a5b40b
Eax=0 Ebx=358D618 Ecx=358D618 Edx=128 Edi=358D618 Esi=130 Ebp=327EC30 Esp=327EA9C Eip=77A5B3D8

ADDR: 77A5B3DF CODE: 740c jz 0x77a5b3ed
Eax=0 Ebx=358D618 Ecx=0 Edx=128 Edi=358D618 Esi=130 Ebp=327EC30 Esp=327EA9C Eip=77A5B3DF

ADDR: 77A5B403 CODE: 7406 jz 0x77a5b40b
Eax=0 Ebx=358D618 Ecx=4A Edx=0 Edi=358D618 Esi=130 Ebp=327EC30 Esp=327EA9C Eip=77A5B403

ADDR: 77A5B409 CODE: 740a jz 0x77a5b415
Eax=0 Ebx=358D618 Ecx=0 Edx=0 Edi=358D740 Esi=130 Ebp=327EC30 Esp=327EA9C Eip=77A5B409

ADDR: 77A27AAD CODE: 741e jz 0x77a27acd
Eax=358D618 Ebx=358D618 Ecx=0 Edx=0 Edi=3550000 Esi=130 Ebp=327EC30 Esp=327EAAC Eip=77A27AAD

ADDR: 77A27A91 CODE: 743b jz 0x77a27ace
Eax=0 Ebx=358D618 Ecx=0 Edx=0 Edi=3550000 Esi=130 Ebp=327EC30 Esp=327EAB0 Eip=77A27A91

ADDR: 77A27AD6 CODE: 741f jz 0x77a27af7
Eax=7FFE0388 Ebx=358D618 Ecx=0 Edx=0 Edi=3550000 Esi=130 Ebp=327EC30 Esp=327EAB0 Eip=77A27AD6

ADDR: 77A25D13 CODE: 7445 jz 0x77a25d5a
Eax=358D618 Ebx=3550000 Ecx=19BAFD24 Edx=0 Edi=358D618 Esi=130 Ebp=327ECC0 Esp=327EC48 Eip=77A25D13

ADDR: 77A25D1D CODE: 0f8474000000 jz 0x77a25d97
Eax=358D618 Ebx=3550000 Ecx=128 Edx=0 Edi=358D618 Esi=130 Ebp=327ECC0 Esp=327EC48 Eip=77A25D1D

ADDR: 77A25DA5 CODE: 7415 jz 0x77a25dbc
Eax=0 Ebx=3550000 Ecx=8 Edx=0 Edi=358D618 Esi=130 Ebp=327ECC0 Esp=327EC48 Eip=77A25DA5

ADDR: 77A25DC4 CODE: 0f8492000000 jz 0x77a25e5c
Eax=7FFE0380 Ebx=3550000 Ecx=8 Edx=0 Edi=358D618 Esi=130 Ebp=327ECC0 Esp=327EC48 Eip=77A25DC4

ADDR: 77A25E63 CODE: 743b jz 0x77a25ea0
Eax=0 Ebx=3550000 Ecx=8 Edx=0 Edi=358D618 Esi=130 Ebp=327ECC0 Esp=327EC48 Eip=77A25E63

ADDR: 77896586 CODE: 7608 jbe 0x77896590
Eax=35A6A70 Ebx=0 Ecx=128 Edx=128 Edi=358D618 Esi=35A6948 Ebp=327F9E8 Esp=327ECD8 Eip=77896586

ADDR: 77896593 CODE: 0f82d2040000 jb 0x77896a6b
Eax=35A6A70 Ebx=0 Ecx=128 Edx=128 Edi=358D618 Esi=35A6948 Ebp=327F9E8 Esp=327ECD8 Eip=77896593

ADDR: 7789659F CODE: 7313 jae 0x778965b4
Eax=35A6A70 Ebx=0 Ecx=128 Edx=128 Edi=358D618 Esi=35A6948 Ebp=327F9E8 Esp=327ECD8 Eip=7789659F

ADDR: 778965BC CODE: 7309 jae 0x778965c7
Eax=35A6A70 Ebx=0 Ecx=128 Edx=128 Edi=358D618 Esi=35A6948 Ebp=327F9E8 Esp=327ECD8 Eip=778965BC

ADDR: 77A24CFF CODE: 0f8426e60500 jz 0x77a8332b
Eax=3550000 Ebx=0 Ecx=0 Edx=128 Edi=128 Esi=3550000 Ebp=327ECDC Esp=327ECD0 Eip=77A24CFF

ADDR: 77A24D11 CODE: 0f842be60500 jz 0x77a83342
Eax=3550000 Ebx=0 Ecx=3550000 Edx=A0 Edi=128 Esi=3550000 Ebp=327ECDC Esp=327ECD0 Eip=77A24D11

ADDR: 77A24E6C CODE: 760c jbe 0x77a24e7a
Eax=0 Ebx=3550000 Ecx=8 Edx=A0 Edi=A0 Esi=3550000 Ebp=327ECC0 Esp=327EC48 Eip=77A24E6C

ADDR: 77A24E9D CODE: 742b jz 0x77a24eca
Eax=0 Ebx=3550000 Ecx=0 Edx=0 Edi=A0 Esi=3550000 Ebp=327ECC0 Esp=327EC48 Eip=77A24E9D

ADDR: 77A24ED5 CODE: 7445 jz 0x77a24f1c
Eax=0 Ebx=3550000 Ecx=8 Edx=0 Edi=A0 Esi=0 Ebp=327ECC0 Esp=327EC48 Eip=77A24ED5

ADDR: 77A24F4B CODE: 0f87f5090000 ja 0x77a25946
Eax=A0 Ebx=3550000 Ecx=8 Edx=15 Edi=A0 Esi=A8 Ebp=327ECC0 Esp=327EC48 Eip=77A24F4B

ADDR: 77A24F6F CODE: 0f84ce090000 jz 0x77a25943
Eax=20 Ebx=3550000 Ecx=5 Edx=88 Edi=A0 Esi=A8 Ebp=327ECC0 Esp=327EC48 Eip=77A24F6F

ADDR: 77A2594F CODE: 7211 jb 0x77a25962
Eax=3550270 Ebx=3550000 Ecx=5 Edx=15 Edi=A0 Esi=A8 Ebp=327ECC0 Esp=327EC48 Eip=77A2594F

ADDR: 77A25967 CODE: 0f838c030000 jae 0x77a25cf9
Eax=3550270 Ebx=3550000 Ecx=15 Edx=15 Edi=A0 Esi=A8 Ebp=327ECC0 Esp=327EC48 Eip=77A25967

ADDR: 77A2597C CODE: 7402 jz 0x77a25980
Eax=3550270 Ebx=3550000 Ecx=15 Edx=15 Edi=A0 Esi=A8 Ebp=327ECC0 Esp=327EC48 Eip=77A2597C

ADDR: 77A25F44 CODE: 7329 jae 0x77a25f6f
Eax=327EC20 Ebx=A Ecx=3550000 Edx=A Edi=3550000 Esi=15 Ebp=327EC30 Esp=327EAB0 Eip=77A25F44

ADDR: 77A25F53 CODE: 730c jae 0x77a25f61
Eax=327EC20 Ebx=A Ecx=3550001 Edx=15 Edi=3550000 Esi=15 Ebp=327EC30 Esp=327EAB0 Eip=77A25F53

ADDR: 77A26022 CODE: 7415 jz 0x77a26039
Eax=327EC90 Ebx=0 Ecx=3550001 Edx=15 Edi=3550000 Esi=15 Ebp=327EC30 Esp=327EAB0 Eip=77A26022

ADDR: 77A43F37 CODE: 7316 jae 0x77a43f4f
Eax=3550258 Ebx=0 Ecx=355025C Edx=3191000 Edi=3550000 Esi=15 Ebp=327EAA4 Esp=327EAA4 Eip=77A43F37

ADDR: 77A260CB CODE: 7407 jz 0x77a260d4
Eax=1 Ebx=0 Ecx=4720 Edx=3191000 Edi=3550000 Esi=15 Ebp=327EC30 Esp=327EAB0 Eip=77A260CB

ADDR: 77A260DA CODE: 0f8739170000 ja 0x77a27819
Eax=1 Ebx=0 Ecx=4720 Edx=15 Edi=3550000 Esi=15 Ebp=327EC30 Esp=327EAB0 Eip=77A260DA

ADDR: 77A260F4 CODE: 723a jb 0x77a26130
Eax=A0 Ebx=0 Ecx=4720 Edx=15 Edi=3550000 Esi=15 Ebp=327EC30 Esp=327EAB0 Eip=77A260F4

ADDR: 77A26136 CODE: 0f87d5000000 ja 0x77a26211
Eax=A0 Ebx=0 Ecx=4720 Edx=15 Edi=3550000 Esi=15 Ebp=327EC30 Esp=327EAB0 Eip=77A26136

ADDR: 77A26188 CODE: 7716 ja 0x77a261a0
Eax=3552607 Ebx=5 Ecx=167 Edx=88 Edi=3550000 Esi=35526BA Ebp=327EC30 Esp=327EAB0 Eip=77A26188

ADDR: 77A26192 CODE: 770c ja 0x77a261a0
Eax=FF00 Ebx=5 Ecx=167 Edx=88 Edi=3550000 Esi=35526BA Ebp=327EC30 Esp=327EAB0 Eip=77A26192

ADDR: 77A26216 CODE: 0f844f020000 jz 0x77a2646b
Eax=FF00 Ebx=5 Ecx=167 Edx=15 Edi=3550000 Esi=35502F8 Ebp=327EC30 Esp=327EAB0 Eip=77A26216

ADDR: 77A26220 CODE: 0f8445020000 jz 0x77a2646b
Eax=FF00 Ebx=5 Ecx=167 Edx=15 Edi=3550000 Esi=0 Ebp=327EC30 Esp=327EAB0 Eip=77A26220

ADDR: 77A26485 CODE: 7304 jae 0x77a2648b
Eax=35500C0 Ebx=5 Ecx=80 Edx=15 Edi=3550000 Esi=3550270 Ebp=327EC30 Esp=327EAB0 Eip=77A26485

ADDR: 77A264D3 CODE: 7438 jz 0x77a2650d
Eax=3592D78 Ebx=D69EFF79 Ecx=80 Edx=35500C0 Edi=3550000 Esi=3550270 Ebp=327EC30 Esp=327EAB0 Eip=77A264D3

ADDR: 77A264F3 CODE: 7418 jz 0x77a2650d
Eax=1E Ebx=1E000618 Ecx=1E1E Edx=35500C0 Edi=3550000 Esi=3550270 Ebp=327EC30 Esp=327EAB0 Eip=77A264F3

ADDR: 77A2651D CODE: 7e07 jle 0x77a26526
Eax=618 Ebx=1E000618 Ecx=FFFFF9FD Edx=35500C0 Edi=3550000 Esi=3550270 Ebp=327EC30 Esp=327EAB0 Eip=77A2651D

ADDR: 77A2653A CODE: 7438 jz 0x77a26574
Eax=359BB38 Ebx=CA9EF963 Ecx=FFFFF9FD Edx=35500C0 Edi=3550000 Esi=3550270 Ebp=327EC30 Esp=327EAB0 Eip=77A2653A

ADDR: 77A2655A CODE: 7418 jz 0x77a26574
Eax=2 Ebx=2000002 Ecx=202 Edx=35500C0 Edi=3550000 Esi=3550270 Ebp=327EC30 Esp=327EAB0 Eip=77A2655A

ADDR: 77A26584 CODE: 7f07 jg 0x77a2658d
Eax=2 Ebx=2000002 Ecx=13 Edx=35500C0 Edi=3550000 Esi=3550270 Ebp=327EC30 Esp=327EAB0 Eip=77A26584

ADDR: 77A26679 CODE: 7422 jz 0x77a2669d
Eax=3550294 Ebx=20000000 Ecx=3 Edx=0 Edi=3550000 Esi=3550270 Ebp=327EC30 Esp=327EAB0 Eip=77A26679

ADDR: 77A266A7 CODE: 740c jz 0x77a266b5
Eax=0 Ebx=20000000 Ecx=3 Edx=0 Edi=3550000 Esi=3550270 Ebp=327EC30 Esp=327EAB0 Eip=77A266A7

ADDR: 77A266D1 CODE: 7402 jz 0x77a266d5
Eax=1D Ebx=20 Ecx=3 Edx=1D Edi=3550000 Esi=3550270 Ebp=327EC30 Esp=327EAB0 Eip=77A266D1

ADDR: 77A266E0 CODE: 0f841c110000 jz 0x77a27802
Eax=358CF38 Ebx=20 Ecx=3 Edx=1D Edi=3550000 Esi=3550270 Ebp=327EC30 Esp=327EAB0 Eip=77A266E0

ADDR: 77A266F2 CODE: 0f844d020000 jz 0x77a26945
Eax=358CF38 Ebx=20 Ecx=3 Edx=1D Edi=3550000 Esi=3550270 Ebp=327EC30 Esp=327EAB0 Eip=77A266F2

ADDR: 77A26702 CODE: 741f jz 0x77a26723
Eax=358CF38 Ebx=358CF30 Ecx=3 Edx=1D Edi=3550000 Esi=3550270 Ebp=327EC30 Esp=327EAB0 Eip=77A26702

ADDR: 77A26714 CODE: 740a jz 0x77a26720
Eax=C89EF91D Ebx=358CF30 Ecx=3 Edx=1D Edi=3550000 Esi=3550270 Ebp=327EC30 Esp=327EAB0 Eip=77A26714

ADDR: 77A26729 CODE: 0f8200020000 jb 0x77a2692f
Eax=358CF38 Ebx=358CF30 Ecx=3 Edx=1D Edi=3550000 Esi=1D Ebp=327EC30 Esp=327EAB0 Eip=77A26729

ADDR: 77A26761 CODE: 0f841c010000 jz 0x77a26883
Eax=358CF38 Ebx=358CF30 Ecx=3550270 Edx=358CF38 Edi=3550000 Esi=1D Ebp=327EC30 Esp=327EAB0 Eip=77A26761

ADDR: 77A26778 CODE: 730b jae 0x77a26785
Eax=1D Ebx=358CF30 Ecx=3550270 Edx=358CF38 Edi=3550000 Esi=80 Ebp=327EC30 Esp=327EAB0 Eip=77A26778

ADDR: 77A2680D CODE: 0f83db000000 jae 0x77a268ee
Eax=80 Ebx=358CF30 Ecx=3550270 Edx=1D Edi=3550000 Esi=358D748 Ebp=327EC30 Esp=327EAB0 Eip=77A2680D

ADDR: 77A26816 CODE: 0f84a3000000 jz 0x77a268bf
Eax=80 Ebx=358CF30 Ecx=3550270 Edx=1D Edi=3550000 Esi=358D748 Ebp=327EC30 Esp=327EAB0 Eip=77A26816

ADDR: 77A26829 CODE: 743c jz 0x77a26867
Eax=80 Ebx=DA9EFB71 Ecx=3550270 Edx=1D Edi=3550000 Esi=358D748 Ebp=327EC30 Esp=327EAB0 Eip=77A26829

ADDR: 77A26849 CODE: 7419 jz 0x77a26864
Eax=12 Ebx=12000210 Ecx=1212 Edx=1D Edi=3550000 Esi=358D748 Ebp=327EC30 Esp=327EAB0 Eip=77A26849

ADDR: 77A26895 CODE: 7475 jz 0x77a2690c
Eax=358D748 Ebx=358CF30 Ecx=358E9B8 Edx=DFFFFFFF Edi=3550000 Esi=0 Ebp=327EC30 Esp=327EAB0 Eip=77A26895

ADDR: 77A26ACC CODE: 7418 jz 0x77a26ae6
Eax=358D748 Ebx=358CF30 Ecx=358E900 Edx=DFFFFFFF Edi=3550000 Esi=1 Ebp=327EC30 Esp=327EAB0 Eip=77A26ACC

ADDR: 77A26B12 CODE: 7305 jae 0x77a26b19
Eax=8 Ebx=358CF30 Ecx=15 Edx=8 Edi=3550000 Esi=1 Ebp=327EC30 Esp=327EAB0 Eip=77A26B12

ADDR: 77A26B27 CODE: 741e jz 0x77a26b47
Eax=8 Ebx=358CF30 Ecx=15 Edx=8 Edi=3550000 Esi=1 Ebp=327EC30 Esp=327EAB0 Eip=77A26B27

ADDR: 77A26CA1 CODE: 741a jz 0x77a26cbd
Eax=0 Ebx=358CF30 Ecx=15 Edx=8 Edi=3550000 Esi=1 Ebp=327EC30 Esp=327EAB0 Eip=77A26CA1

ADDR: 77A26D47 CODE: 0f845d050000 jz 0x77a272aa
Eax=9F Ebx=358CFD8 Ecx=100000 Edx=8 Edi=3550000 Esi=358D018 Ebp=327EC30 Esp=327EAB0 Eip=77A26D47

ADDR: 77A26D81 CODE: 0f8496020000 jz 0x77a2701d
Eax=35500C0 Ebx=358CFD8 Ecx=100000 Edx=8 Edi=3550000 Esi=3550270 Ebp=327EC30 Esp=327EAB0 Eip=77A26D81

ADDR: 77A26D8C CODE: 7304 jae 0x77a26d92
Eax=35500C0 Ebx=358CFD8 Ecx=80 Edx=8 Edi=3550000 Esi=3550270 Ebp=327EC30 Esp=327EAB0 Eip=77A26D8C

ADDR: 77A26DD5 CODE: 743b jz 0x77a26e12
Eax=3592D78 Ebx=358CFD8 Ecx=3592D80 Edx=D69EFF79 Edi=3550000 Esi=3550270 Ebp=327EC30 Esp=327EAB0 Eip=77A26DD5

ADDR: 77A26DF8 CODE: 7418 jz 0x77a26e12
Eax=1E Ebx=358CFD8 Ecx=1E1E Edx=1E000618 Edi=3550000 Esi=3550270 Ebp=327EC30 Esp=327EAB0 Eip=77A26DF8

ADDR: 77A26E22 CODE: 7e08 jle 0x77a26e2c
Eax=618 Ebx=358CFD8 Ecx=FFFFF9F0 Edx=1E000618 Edi=3550000 Esi=3550270 Ebp=327EC30 Esp=327EAB0 Eip=77A26E22

ADDR: 77A26E43 CODE: 743b jz 0x77a26e80
Eax=359BB38 Ebx=358CFD8 Ecx=FFFFF9F0 Edx=CA9EF963 Edi=3550000 Esi=3550270 Ebp=327EC30 Esp=327EAB0 Eip=77A26E43

ADDR: 77A26E66 CODE: 7418 jz 0x77a26e80
Eax=2 Ebx=358CFD8 Ecx=202 Edx=2000002 Edi=3550000 Esi=3550270 Ebp=327EC30 Esp=327EAB0 Eip=77A26E66

ADDR: 77A26E90 CODE: 7f0a jg 0x77a26e9c
Eax=2 Ebx=358CFD8 Ecx=6 Edx=2000002 Edi=3550000 Esi=3550270 Ebp=327EC30 Esp=327EAB0 Eip=77A26E90

ADDR: 77A26F92 CODE: 7422 jz 0x77a26fb6
Eax=3 Ebx=358CFD8 Ecx=1300 Edx=0 Edi=3550000 Esi=3550294 Ebp=327EC30 Esp=327EAB0 Eip=77A26F92

ADDR: 77A26F99 CODE: 7409 jz 0x77a26fa4
Eax=0 Ebx=358CFD8 Ecx=1300 Edx=0 Edi=3550000 Esi=3550294 Ebp=327EC30 Esp=327EAB0 Eip=77A26F99

ADDR: 77A26FED CODE: 7402 jz 0x77a26ff1
Eax=8 Ebx=358CFD8 Ecx=13 Edx=8 Edi=3550000 Esi=3550270 Ebp=327EC30 Esp=327EAB0 Eip=77A26FED

ADDR: 77A26FF9 CODE: 740b jz 0x77a27006
Eax=35502A4 Ebx=358CFD8 Ecx=35607A8 Edx=8 Edi=3550000 Esi=3550270 Ebp=327EC30 Esp=327EAB0 Eip=77A26FF9

ADDR: 77A27024 CODE: 7435 jz 0x77a2705b
Eax=35500C0 Ebx=358CFD8 Ecx=35607A8 Edx=8 Edi=3550000 Esi=8 Ebp=327EC30 Esp=327EAB0 Eip=77A27024

ADDR: 77A2702A CODE: 7413 jz 0x77a2703f
Eax=35500C0 Ebx=358CFD8 Ecx=35607A8 Edx=8 Edi=3550000 Esi=8 Ebp=327EC30 Esp=327EAB0 Eip=77A2702A

ADDR: 77A27035 CODE: 740c jz 0x77a27043
Eax=35500C0 Ebx=358CFD8 Ecx=35607A8 Edx=C09EF969 Edi=3550000 Esi=8 Ebp=327EC30 Esp=327EAB0 Eip=77A27035

ADDR: 77A2704F CODE: 760a jbe 0x77a2705b
Eax=8 Ebx=358CFD8 Ecx=35607A8 Edx=8000008 Edi=3550000 Esi=8 Ebp=327EC30 Esp=327EAB0 Eip=77A2704F

ADDR: 77A27094 CODE: 0f84fc000000 jz 0x77a27196
Eax=8 Ebx=358CFD8 Ecx=3550270 Edx=356E140 Edi=3550000 Esi=35607A8 Ebp=327EC30 Esp=327EAB0 Eip=77A27094

ADDR: 77A270A5 CODE: 730a jae 0x77a270b1
Eax=8 Ebx=358CFD8 Ecx=3550270 Edx=356E140 Edi=3550000 Esi=80 Ebp=327EC30 Esp=327EAB0 Eip=77A270A5

ADDR: 77A270FF CODE: 7464 jz 0x77a27165
Eax=35607A8 Ebx=358CFD8 Ecx=3550270 Edx=8 Edi=3550000 Esi=8 Ebp=327EC30 Esp=327EAB0 Eip=77A270FF

ADDR: 77A27113 CODE: 743e jz 0x77a27153
Eax=35607A0 Ebx=358CFD8 Ecx=3550270 Edx=C09EF969 Edi=3550000 Esi=8 Ebp=327EC30 Esp=327EAB0 Eip=77A27113

ADDR: 77A27136 CODE: 7418 jz 0x77a27150
Eax=8 Ebx=358CFD8 Ecx=808 Edx=8000008 Edi=3550000 Esi=8 Ebp=327EC30 Esp=327EAB0 Eip=77A27136

ADDR: 77A27163 CODE: 7f0f jg 0x77a27174
Eax=8 Ebx=358CFD8 Ecx=3550270 Edx=0 Edi=3550000 Esi=8 Ebp=327EC30 Esp=327EAB0 Eip=77A27163

ADDR: 77A2719A CODE: 0f8497040000 jz 0x77a27637
Eax=35502A4 Ebx=358CFD8 Ecx=358CFE0 Edx=20 Edi=3550000 Esi=8 Ebp=327EC30 Esp=327EAB0 Eip=77A2719A

ADDR: 77A26B7F CODE: 0f841c0b0000 jz 0x77a276a1
Eax=8 Ebx=358CF38 Ecx=A8 Edx=358CF37 Edi=3550000 Esi=A8 Ebp=327EC30 Esp=327EAB0 Eip=77A26B7F

ADDR: 77A26B89 CODE: 7413 jz 0x77a26b9e
Eax=8 Ebx=358CF38 Ecx=A8 Edx=358CF37 Edi=3550000 Esi=A8 Ebp=327EC30 Esp=327EAB0 Eip=77A26B89

ADDR: 77A26BA2 CODE: 0f84b7000000 jz 0x77a26c5f
Eax=C89EF961 Ebx=358CF38 Ecx=358CF30 Edx=358CF37 Edi=3550000 Esi=A8 Ebp=327EC30 Esp=327EAB0 Eip=77A26BA2

ADDR: 77A26BC7 CODE: 762c jbe 0x77a26bf5
Eax=C89EF961 Ebx=358CF38 Ecx=358CF30 Edx=1 Edi=3550000 Esi=A8 Ebp=327EC30 Esp=327EAB0 Eip=77A26BC7

ADDR: 77A26BE7 CODE: 7606 jbe 0x77a26bef
Eax=6A18 Ebx=358CF38 Ecx=545E8 Edx=1 Edi=3550000 Esi=A8 Ebp=327EC30 Esp=327EAB0 Eip=77A26BE7

ADDR: 77A26C05 CODE: 7249 jb 0x77a26c50
Eax=6A18 Ebx=358CF38 Ecx=545E8 Edx=1 Edi=3550000 Esi=A8 Ebp=327EC30 Esp=327EAB0 Eip=77A26C05

ADDR: 77A27B53 CODE: 746e jz 0x77a27bc3
Eax=FFFFFFFE Ebx=3550258 Ecx=FFFFFFFF Edx=1 Edi=355025C Esi=FFFFFFFE Ebp=327EAA4 Esp=327EA90 Eip=77A27B53

ADDR: 77A26C63 CODE: 0f84150e0000 jz 0x77a27a7e
Eax=0 Ebx=358CF38 Ecx=FFFFFFFF Edx=1 Edi=3550000 Esi=A8 Ebp=327EC30 Esp=327EAB0 Eip=77A26C63

ADDR: 77A5B3CA CODE: 744f jz 0x77a5b41b
Eax=A0 Ebx=358CF38 Ecx=358CF38 Edx=A0 Edi=3550000 Esi=A8 Ebp=327EC30 Esp=327EAA0 Eip=77A5B3CA

ADDR: 77A5B3D8 CODE: 7231 jb 0x77a5b40b
Eax=0 Ebx=358CF38 Ecx=358CF38 Edx=A0 Edi=358CF38 Esi=A8 Ebp=327EC30 Esp=327EA9C Eip=77A5B3D8

ADDR: 77A5B3DF CODE: 740c jz 0x77a5b3ed
Eax=0 Ebx=358CF38 Ecx=0 Edx=A0 Edi=358CF38 Esi=A8 Ebp=327EC30 Esp=327EA9C Eip=77A5B3DF

ADDR: 77A5B403 CODE: 7406 jz 0x77a5b40b
Eax=0 Ebx=358CF38 Ecx=28 Edx=0 Edi=358CF38 Esi=A8 Ebp=327EC30 Esp=327EA9C Eip=77A5B403

ADDR: 77A5B409 CODE: 740a jz 0x77a5b415
Eax=0 Ebx=358CF38 Ecx=0 Edx=0 Edi=358CFD8 Esi=A8 Ebp=327EC30 Esp=327EA9C Eip=77A5B409

ADDR: 77A27AAD CODE: 741e jz 0x77a27acd
Eax=358CF38 Ebx=358CF38 Ecx=0 Edx=0 Edi=3550000 Esi=A8 Ebp=327EC30 Esp=327EAAC Eip=77A27AAD

ADDR: 77A27A91 CODE: 743b jz 0x77a27ace
Eax=0 Ebx=358CF38 Ecx=0 Edx=0 Edi=3550000 Esi=A8 Ebp=327EC30 Esp=327EAB0 Eip=77A27A91

ADDR: 77A27AD6 CODE: 741f jz 0x77a27af7
Eax=7FFE0388 Ebx=358CF38 Ecx=0 Edx=0 Edi=3550000 Esi=A8 Ebp=327EC30 Esp=327EAB0 Eip=77A27AD6

ADDR: 77A25D13 CODE: 7445 jz 0x77a25d5a
Eax=358CF38 Ebx=3550000 Ecx=19BAFD24 Edx=0 Edi=358CF38 Esi=A8 Ebp=327ECC0 Esp=327EC48 Eip=77A25D13

ADDR: 77A25D1D CODE: 0f8474000000 jz 0x77a25d97
Eax=358CF38 Ebx=3550000 Ecx=A0 Edx=0 Edi=358CF38 Esi=A8 Ebp=327ECC0 Esp=327EC48 Eip=77A25D1D

ADDR: 77A25DA5 CODE: 7415 jz 0x77a25dbc
Eax=0 Ebx=3550000 Ecx=8 Edx=0 Edi=358CF38 Esi=A8 Ebp=327ECC0 Esp=327EC48 Eip=77A25DA5

ADDR: 77A25DC4 CODE: 0f8492000000 jz 0x77a25e5c
Eax=7FFE0380 Ebx=3550000 Ecx=8 Edx=0 Edi=358CF38 Esi=A8 Ebp=327ECC0 Esp=327EC48 Eip=77A25DC4

ADDR: 77A25E63 CODE: 743b jz 0x77a25ea0
Eax=0 Ebx=3550000 Ecx=8 Edx=0 Edi=358CF38 Esi=A8 Ebp=327ECC0 Esp=327EC48 Eip=77A25E63

ADDR: 934E88 CODE: 74c7 jz 0x934e51
Eax=358CF38 Ebx=0 Ecx=8 Edx=0 Edi=128 Esi=35A3660 Ebp=327F9E8 Esp=327ECF0 Eip=934E88

ADDR: 77A24CFF CODE: 0f8426e60500 jz 0x77a8332b
Eax=3550000 Ebx=0 Ecx=0 Edx=0 Edi=35A3660 Esi=3550000 Ebp=327ECDC Esp=327ECD0 Eip=77A24CFF

ADDR: 77A24D11 CODE: 0f842be60500 jz 0x77a83342
Eax=3550000 Ebx=0 Ecx=3550000 Edx=8 Edi=35A3660 Esi=3550000 Ebp=327ECDC Esp=327ECD0 Eip=77A24D11

ADDR: 77A24E6C CODE: 760c jbe 0x77a24e7a
Eax=0 Ebx=3550000 Ecx=8 Edx=8 Edi=8 Esi=3550000 Ebp=327ECC0 Esp=327EC48 Eip=77A24E6C

ADDR: 77A24E9D CODE: 742b jz 0x77a24eca
Eax=0 Ebx=3550000 Ecx=0 Edx=0 Edi=8 Esi=3550000 Ebp=327ECC0 Esp=327EC48 Eip=77A24E9D

ADDR: 77A24ED5 CODE: 7445 jz 0x77a24f1c
Eax=0 Ebx=3550000 Ecx=8 Edx=0 Edi=8 Esi=0 Ebp=327ECC0 Esp=327EC48 Eip=77A24ED5

ADDR: 77A24F4B CODE: 0f87f5090000 ja 0x77a25946
Eax=8 Ebx=3550000 Ecx=8 Edx=2 Edi=8 Esi=10 Ebp=327ECC0 Esp=327EC48 Eip=77A24F4B

ADDR: 77A24F6F CODE: 0f84ce090000 jz 0x77a25943
Eax=4 Ebx=3550000 Ecx=2 Edx=FC Edi=8 Esi=10 Ebp=327ECC0 Esp=327EC48 Eip=77A24F6F

ADDR: 77A24FAE CODE: 744c jz 0x77a24ffc
Eax=3552600 Ebx=33A01C0 Ecx=0 Edx=33A0000 Edi=8 Esi=10 Ebp=327ECC0 Esp=327EC48 Eip=77A24FAE

ADDR: 77A25057 CODE: 0f84bb010000 jz 0x77a25218
Eax=3555D98 Ebx=33A01C0 Ecx=33A0A98 Edx=33A0000 Edi=8 Esi=10 Ebp=327ECC0 Esp=327EC48 Eip=77A25057

ADDR: 77A25077 CODE: 797c jns 0x77a250f5
Eax=33 Ebx=3555DA8 Ecx=33A07D0 Edx=33A0000 Edi=33A0000 Esi=10 Ebp=327ECC0 Esp=327EC48 Eip=77A25077

ADDR: 77A25118 CODE: 0f84c7000000 jz 0x77a251e5
Eax=33 Ebx=3555DA8 Ecx=33A07D0 Edx=0 Edi=64 Esi=33001F Ebp=327ECC0 Esp=327EC48 Eip=77A25118

ADDR: 77A2512E CODE: 740a jz 0x77a2513a
Eax=33001F Ebx=3555DA8 Ecx=8033001F Edx=0 Edi=64 Esi=33001F Ebp=327ECC0 Esp=327EC48 Eip=77A2512E

ADDR: 77A2513D CODE: 0f84a2000000 jz 0x77a251e5
Eax=33001F Ebx=3555DA8 Ecx=8033001F Edx=0 Edi=64 Esi=33001F Ebp=327ECC0 Esp=327EC48 Eip=77A2513D

ADDR: 77A2514E CODE: 0f848f000000 jz 0x77a251e3
Eax=3589AC8 Ebx=3555DA8 Ecx=3555D98 Edx=0 Edi=64 Esi=33001F Ebp=327ECC0 Esp=327EC48 Eip=77A2514E

ADDR: 77A25162 CODE: 747f jz 0x77a251e3
Eax=33A0A98 Ebx=3555DA8 Ecx=3555D98 Edx=0 Edi=64 Esi=33001F Ebp=327ECC0 Esp=327EC48 Eip=77A25162

ADDR: 77A45F14 CODE: 741a jz 0x77a45f30
Eax=CF Ebx=3555DA8 Ecx=E1 Edx=CFE1 Edi=E1 Esi=3191000 Ebp=327EC40 Esp=327EC34 Eip=77A45F14

ADDR: 77A7545A CODE: 730d jae 0x77a75469
Eax=3589ADC Ebx=3555DA8 Ecx=3589AE4 Edx=33 Edi=FFFFFFFF Esi=3D Ebp=327EC38 Esp=327EC28 Eip=77A7545A

ADDR: 77A75463 CODE: 7334 jae 0x77a75499
Eax=3589AE8 Ebx=3589AE8 Ecx=20 Edx=3589AE8 Edi=FFFFFFFF Esi=1D Ebp=327EC38 Esp=327EC28 Eip=77A75463

ADDR: 77A754A7 CODE: 7313 jae 0x77a754bc
Eax=3589AE8 Ebx=FFF7FFFF Ecx=1D Edx=3589AE8 Edi=FFFFFFFF Esi=2 Ebp=327EC38 Esp=327EC28 Eip=77A754A7

ADDR: 77A251C3 CODE: 7422 jz 0x77a251e7
Eax=3589DF8 Ebx=3555DA8 Ecx=100028 Edx=3589AC8 Edi=33 Esi=3589E20 Ebp=327ECC0 Esp=327EC48 Eip=77A251C3

ADDR: 77A251EB CODE: 7420 jz 0x77a2520d
Eax=3589DF8 Ebx=3555DA8 Ecx=100028 Edx=3589AC8 Edi=33 Esi=3589E20 Ebp=327ECC0 Esp=327EC48 Eip=77A251EB

ADDR: 77A25CAD CODE: 7412 jz 0x77a25cc1
Eax=3589DF8 Ebx=3555DA8 Ecx=100028 Edx=3589AC8 Edi=3589E28 Esi=3589E20 Ebp=327ECC0 Esp=327EC48 Eip=77A25CAD

ADDR: 77A5B3CA CODE: 744f jz 0x77a5b41b
Eax=8 Ebx=3555DA8 Ecx=3589E28 Edx=8 Edi=3589E28 Esi=3589E20 Ebp=327ECC0 Esp=327EC38 Eip=77A5B3CA

ADDR: 77A5B3D8 CODE: 7231 jb 0x77a5b40b
Eax=0 Ebx=3555DA8 Ecx=3589E28 Edx=8 Edi=3589E28 Esi=3589E20 Ebp=327ECC0 Esp=327EC34 Eip=77A5B3D8

ADDR: 77A5B3DF CODE: 740c jz 0x77a5b3ed
Eax=0 Ebx=3555DA8 Ecx=0 Edx=8 Edi=3589E28 Esi=3589E20 Ebp=327ECC0 Esp=327EC34 Eip=77A5B3DF

ADDR: 77A5B403 CODE: 7406 jz 0x77a5b40b
Eax=0 Ebx=3555DA8 Ecx=2 Edx=0 Edi=3589E28 Esi=3589E20 Ebp=327ECC0 Esp=327EC34 Eip=77A5B403

ADDR: 77A5B409 CODE: 740a jz 0x77a5b415
Eax=0 Ebx=3555DA8 Ecx=0 Edx=0 Edi=3589E30 Esi=3589E20 Ebp=327ECC0 Esp=327EC34 Eip=77A5B409

ADDR: 77A25CD2 CODE: 7308 jae 0x77a25cdc
Eax=2 Ebx=3555DA8 Ecx=8 Edx=8 Edi=3589E28 Esi=3589E20 Ebp=327ECC0 Esp=327EC48 Eip=77A25CD2

ADDR: 77A25D1D CODE: 0f8474000000 jz 0x77a25d97
Eax=2 Ebx=3550000 Ecx=8 Edx=0 Edi=3589E28 Esi=3589E20 Ebp=327ECC0 Esp=327EC48 Eip=77A25D1D

ADDR: 77A25DA5 CODE: 7415 jz 0x77a25dbc
Eax=0 Ebx=3550000 Ecx=8 Edx=0 Edi=3589E28 Esi=3589E20 Ebp=327ECC0 Esp=327EC48 Eip=77A25DA5

ADDR: 77A25DC4 CODE: 0f8492000000 jz 0x77a25e5c
Eax=7FFE0380 Ebx=3550000 Ecx=8 Edx=0 Edi=3589E28 Esi=3589E20 Ebp=327ECC0 Esp=327EC48 Eip=77A25DC4

ADDR: 77A25E63 CODE: 743b jz 0x77a25ea0
Eax=0 Ebx=3550000 Ecx=8 Edx=0 Edi=3589E28 Esi=3589E20 Ebp=327ECC0 Esp=327EC48 Eip=77A25E63

ADDR: 77A27C5F CODE: 743d jz 0x77a27c9e
Eax=3550000 Ebx=0 Ecx=C81ECB17 Edx=3589E28 Edi=35A6948 Esi=0 Ebp=327ECDC Esp=327ECD0 Eip=77A27C5F

ADDR: 77A27C66 CODE: 0f8460b70500 jz 0x77a833cc
Eax=3550000 Ebx=0 Ecx=C81ECB17 Edx=3589E28 Edi=35A6948 Esi=3550000 Ebp=327ECDC Esp=327ECD0 Eip=77A27C66

ADDR: 77A27C77 CODE: 0f8465b70500 jz 0x77a833e2
Eax=3550000 Ebx=0 Ecx=3550000 Edx=35A6948 Edi=35A6948 Esi=3550000 Ebp=327ECDC Esp=327ECD0 Eip=77A27C77

ADDR: 77A6E4E4 CODE: 7409 jz 0x77a6e4ef
Eax=0 Ebx=0 Ecx=3550000 Edx=35A6948 Edi=0 Esi=3550000 Ebp=327ECBC Esp=327EC70 Eip=77A6E4E4

ADDR: 77A6E68F CODE: 0f8ddb040000 jge 0x77a6eb70
Eax=0 Ebx=0 Ecx=3550000 Edx=35A6948 Edi=35A6940 Esi=3550000 Ebp=327ECBC Esp=327EC70 Eip=77A6E68F

ADDR: 77A27DB3 CODE: 7435 jz 0x77a27dea
Eax=35A6940 Ebx=0 Ecx=3550000 Edx=2 Edi=3550000 Esi=3550000 Ebp=327EC60 Esp=327EB38 Eip=77A27DB3

ADDR: 77A27DFA CODE: 7415 jz 0x77a27e11
Eax=0 Ebx=0 Ecx=3550000 Edx=2 Edi=3550000 Esi=3 Ebp=327EC60 Esp=327EB38 Eip=77A27DFA

ADDR: 77A27E19 CODE: 7439 jz 0x77a27e54
Eax=7FFE0380 Ebx=0 Ecx=3550000 Edx=2 Edi=3550000 Esi=3 Ebp=327EC60 Esp=327EB38 Eip=77A27E19

ADDR: 77A27E7C CODE: 731f jae 0x77a27e9d
Eax=355025C Ebx=35A6940 Ecx=3550258 Edx=3191000 Edi=3550000 Esi=3 Ebp=327EC60 Esp=327EB38 Eip=77A27E7C

ADDR: 77A27F2F CODE: 741c jz 0x77a27f4d
Eax=4720 Ebx=35A6940 Ecx=3550258 Edx=3191000 Edi=3550000 Esi=3 Ebp=327EC60 Esp=327EB38 Eip=77A27F2F

ADDR: 77A27F41 CODE: 740a jz 0x77a27f4d
Eax=C89EF927 Ebx=35A6940 Ecx=3550258 Edx=3191000 Edi=3550000 Esi=3 Ebp=327EC60 Esp=327EB38 Eip=77A27F41

ADDR: 77A27F5B CODE: 7304 jae 0x77a27f61
Eax=3550270 Ebx=35A6940 Ecx=26 Edx=3191000 Edi=3550000 Esi=80 Ebp=327EC60 Esp=327EB38 Eip=77A27F5B

ADDR: 77A27F6C CODE: 731d jae 0x77a27f8b
Eax=3550270 Ebx=35A6940 Ecx=26 Edx=26 Edi=3550000 Esi=80 Ebp=327EC60 Esp=327EB38 Eip=77A27F6C

ADDR: 77A27F79 CODE: 7402 jz 0x77a27f7d
Eax=3550270 Ebx=35A6940 Ecx=26 Edx=26 Edi=3550000 Esi=80 Ebp=327EC60 Esp=327EB38 Eip=77A27F79

ADDR: 77A27FC4 CODE: 7404 jz 0x77a27fca
Eax=3550301 Ebx=35A6940 Ecx=26 Edx=26 Edi=3550000 Esi=35A6942 Ebp=327EC60 Esp=327EB38 Eip=77A27FC4

ADDR: 77A27FCE CODE: 0f84db0e0000 jz 0x77a28eaf
Eax=3550301 Ebx=35A6940 Ecx=26 Edx=26 Edi=3550000 Esi=35A6942 Ebp=327EC60 Esp=327EB38 Eip=77A27FCE

ADDR: 77A27FDE CODE: 7335 jae 0x77a28015
Eax=26 Ebx=35A6940 Ecx=26 Edx=26 Edi=3550000 Esi=35A6942 Ebp=327EC60 Esp=327EB38 Eip=77A27FDE

ADDR: 77A2800F CODE: 7604 jbe 0x77a28015
Eax=C6 Ebx=35A6940 Ecx=35526DC Edx=0 Edi=3550000 Esi=35A6942 Ebp=327EC60 Esp=327EB38 Eip=77A2800F

ADDR: 77A28098 CODE: 0f8402030000 jz 0x77a283a0
Eax=8E96 Ebx=35A6940 Ecx=128 Edx=26 Edi=3550000 Esi=35A6818 Ebp=327EC60 Esp=327EB38 Eip=77A28098

ADDR: 77A283AA CODE: 7447 jz 0x77a283f3
Eax=9F Ebx=35A6940 Ecx=100000 Edx=26 Edi=3550000 Esi=35A6A70 Ebp=327EC60 Esp=327EB38 Eip=77A283AA

ADDR: 77A283D2 CODE: 741c jz 0x77a283f0
Eax=130100 Ebx=35A6940 Ecx=1313 Edx=13 Edi=3550000 Esi=35A6A70 Ebp=327EC60 Esp=327EB38 Eip=77A283D2

ADDR: 77A28866 CODE: 7234 jb 0x77a2889c
Eax=9F Ebx=35A6940 Ecx=100000 Edx=26 Edi=3550000 Esi=35A6A70 Ebp=327EC60 Esp=327EB38 Eip=77A28866

ADDR: 77A288A4 CODE: 7629 jbe 0x77a288cf
Eax=D69 Ebx=35A6940 Ecx=100000 Edx=26 Edi=3550000 Esi=35A6A70 Ebp=327EC60 Esp=327EB38 Eip=77A288A4

ADDR: 77A288D5 CODE: 0f8750050000 ja 0x77a28e2b
Eax=D69 Ebx=35A6940 Ecx=100000 Edx=26 Edi=3550000 Esi=35A6A70 Ebp=327EC60 Esp=327EB38 Eip=77A288D5

ADDR: 77A288DF CODE: 0f844d040000 jz 0x77a28d32
Eax=D69 Ebx=35A6940 Ecx=100000 Edx=26 Edi=3550000 Esi=35A6A70 Ebp=327EC60 Esp=327EB38 Eip=77A288DF

ADDR: 77A28904 CODE: 0f8489020000 jz 0x77a28b93
Eax=26 Ebx=35A6940 Ecx=100000 Edx=35500C0 Edi=3550000 Esi=3550270 Ebp=327EC60 Esp=327EB38 Eip=77A28904

ADDR: 77A28915 CODE: 720d jb 0x77a28924
Eax=26 Ebx=35A6940 Ecx=80 Edx=35500C0 Edi=3550000 Esi=3550270 Ebp=327EC60 Esp=327EB38 Eip=77A28915

ADDR: 77A28963 CODE: 7438 jz 0x77a2899d
Eax=3592D78 Ebx=D69EFF79 Ecx=80 Edx=35500C0 Edi=3550000 Esi=3550270 Ebp=327EC60 Esp=327EB38 Eip=77A28963

ADDR: 77A28983 CODE: 7418 jz 0x77a2899d
Eax=1E Ebx=1E000618 Ecx=1E1E Edx=35500C0 Edi=3550000 Esi=3550270 Ebp=327EC60 Esp=327EB38 Eip=77A28983

ADDR: 77A289AD CODE: 7e07 jle 0x77a289b6
Eax=618 Ebx=1E000618 Ecx=FFFFFA0E Edx=35500C0 Edi=3550000 Esi=3550270 Ebp=327EC60 Esp=327EB38 Eip=77A289AD

ADDR: 77A289CA CODE: 7438 jz 0x77a28a04
Eax=359BB38 Ebx=CA9EF963 Ecx=FFFFFA0E Edx=35500C0 Edi=3550000 Esi=3550270 Ebp=327EC60 Esp=327EB38 Eip=77A289CA

ADDR: 77A289EA CODE: 7418 jz 0x77a28a04
Eax=2 Ebx=2000002 Ecx=202 Edx=35500C0 Edi=3550000 Esi=3550270 Ebp=327EC60 Esp=327EB38 Eip=77A289EA

ADDR: 77A28A14 CODE: 7f07 jg 0x77a28a1d
Eax=2 Ebx=2000002 Ecx=24 Edx=35500C0 Edi=3550000 Esi=3550270 Ebp=327EC60 Esp=327EB38 Eip=77A28A14

ADDR: 77A28AF4 CODE: 7708 ja 0x77a28afe
Eax=3550298 Ebx=0 Ecx=3 Edx=1 Edi=3550000 Esi=3550270 Ebp=327EC60 Esp=327EB38 Eip=77A28AF4

ADDR: 77A28AF4 CODE: 7708 ja 0x77a28afe
Eax=355029C Ebx=0 Ecx=3 Edx=2 Edi=3550000 Esi=3550270 Ebp=327EC60 Esp=327EB38 Eip=77A28AF4

ADDR: 77A28AF4 CODE: 7708 ja 0x77a28afe
Eax=35502A0 Ebx=0 Ecx=3 Edx=3 Edi=3550000 Esi=3550270 Ebp=327EC60 Esp=327EB38 Eip=77A28AF4

ADDR: 77A28AF4 CODE: 7708 ja 0x77a28afe
Eax=35502A4 Ebx=0 Ecx=3 Edx=4 Edi=3550000 Esi=3550270 Ebp=327EC60 Esp=327EB38 Eip=77A28AF4

ADDR: 77A28B00 CODE: 7474 jz 0x77a28b76
Eax=35502A4 Ebx=0 Ecx=3 Edx=4 Edi=3550000 Esi=3550270 Ebp=327EC60 Esp=327EB38 Eip=77A28B00

ADDR: 77A28963 CODE: 7438 jz 0x77a2899d
Eax=3592D78 Ebx=D69EFF79 Ecx=3 Edx=35500C0 Edi=3550000 Esi=35536A0 Ebp=327EC60 Esp=327EB38 Eip=77A28963

ADDR: 77A28983 CODE: 7418 jz 0x77a2899d
Eax=1E Ebx=1E000618 Ecx=1E1E Edx=35500C0 Edi=3550000 Esi=35536A0 Ebp=327EC60 Esp=327EB38 Eip=77A28983

ADDR: 77A289AD CODE: 7e07 jle 0x77a289b6
Eax=618 Ebx=1E000618 Ecx=FFFFFA0E Edx=35500C0 Edi=3550000 Esi=35536A0 Ebp=327EC60 Esp=327EB38 Eip=77A289AD

ADDR: 77A289CA CODE: 7438 jz 0x77a28a04
Eax=359BB38 Ebx=CA9EF963 Ecx=FFFFFA0E Edx=35500C0 Edi=3550000 Esi=35536A0 Ebp=327EC60 Esp=327EB38 Eip=77A289CA

ADDR: 77A289EA CODE: 7418 jz 0x77a28a04
Eax=2 Ebx=2000002 Ecx=202 Edx=35500C0 Edi=3550000 Esi=35536A0 Ebp=327EC60 Esp=327EB38 Eip=77A289EA

ADDR: 77A28A14 CODE: 7f07 jg 0x77a28a1d
Eax=2 Ebx=2000002 Ecx=24 Edx=35500C0 Edi=3550000 Esi=35536A0 Ebp=327EC60 Esp=327EB38 Eip=77A28A14

ADDR: 77A28AF4 CODE: 7708 ja 0x77a28afe
Eax=35536C4 Ebx=0 Ecx=3B Edx=0 Edi=3550000 Esi=35536A0 Ebp=327EC60 Esp=327EB38 Eip=77A28AF4

ADDR: 77A28AF4 CODE: 7708 ja 0x77a28afe
Eax=35536C8 Ebx=0 Ecx=3B Edx=1 Edi=3550000 Esi=35536A0 Ebp=327EC60 Esp=327EB38 Eip=77A28AF4

ADDR: 77A28AF4 CODE: 7708 ja 0x77a28afe
Eax=35536CC Ebx=0 Ecx=3B Edx=2 Edi=3550000 Esi=35536A0 Ebp=327EC60 Esp=327EB38 Eip=77A28AF4

ADDR: 77A28AF4 CODE: 7708 ja 0x77a28afe
Eax=35536D0 Ebx=0 Ecx=3B Edx=3 Edi=3550000 Esi=35536A0 Ebp=327EC60 Esp=327EB38 Eip=77A28AF4

ADDR: 77A28AF4 CODE: 7708 ja 0x77a28afe
Eax=35536D4 Ebx=0 Ecx=3B Edx=4 Edi=3550000 Esi=35536A0 Ebp=327EC60 Esp=327EB38 Eip=77A28AF4

ADDR: 77A28AF4 CODE: 7708 ja 0x77a28afe
Eax=35536D8 Ebx=0 Ecx=3B Edx=5 Edi=3550000 Esi=35536A0 Ebp=327EC60 Esp=327EB38 Eip=77A28AF4

ADDR: 77A28AF4 CODE: 7708 ja 0x77a28afe
Eax=35536DC Ebx=0 Ecx=3B Edx=6 Edi=3550000 Esi=35536A0 Ebp=327EC60 Esp=327EB38 Eip=77A28AF4

ADDR: 77A28AF4 CODE: 7708 ja 0x77a28afe
Eax=35536E0 Ebx=0 Ecx=3B Edx=7 Edi=3550000 Esi=35536A0 Ebp=327EC60 Esp=327EB38 Eip=77A28AF4

ADDR: 77A28AF4 CODE: 7708 ja 0x77a28afe
Eax=35536E4 Ebx=0 Ecx=3B Edx=8 Edi=3550000 Esi=35536A0 Ebp=327EC60 Esp=327EB38 Eip=77A28AF4

ADDR: 77A28AF4 CODE: 7708 ja 0x77a28afe
Eax=35536E8 Ebx=0 Ecx=3B Edx=9 Edi=3550000 Esi=35536A0 Ebp=327EC60 Esp=327EB38 Eip=77A28AF4

ADDR: 77A28AF4 CODE: 7708 ja 0x77a28afe
Eax=35536EC Ebx=0 Ecx=3B Edx=A Edi=3550000 Esi=35536A0 Ebp=327EC60 Esp=327EB38 Eip=77A28AF4

ADDR: 77A28AF4 CODE: 7708 ja 0x77a28afe
Eax=35536F0 Ebx=0 Ecx=3B Edx=B Edi=3550000 Esi=35536A0 Ebp=327EC60 Esp=327EB38 Eip=77A28AF4

ADDR: 77A28B05 CODE: 7422 jz 0x77a28b29
Eax=35536F4 Ebx=10000 Ecx=3B Edx=C Edi=3550000 Esi=35536A0 Ebp=327EC60 Esp=327EB38 Eip=77A28B05

ADDR: 77A28B33 CODE: 740c jz 0x77a28b41
Eax=1 Ebx=10000 Ecx=3B Edx=C Edi=3550000 Esi=35536A0 Ebp=327EC60 Esp=327EB38 Eip=77A28B33

ADDR: 77A28B5D CODE: 7402 jz 0x77a28b61
Eax=10 Ebx=10000 Ecx=3B Edx=190 Edi=3550000 Esi=35536A0 Ebp=327EC60 Esp=327EB38 Eip=77A28B5D

ADDR: 77A28B6C CODE: 740b jz 0x77a28b79
Eax=35537B4 Ebx=35A6940 Ecx=358D748 Edx=190 Edi=3550000 Esi=35536A0 Ebp=327EC60 Esp=327EB38 Eip=77A28B6C

ADDR: 77A28B9A CODE: 7439 jz 0x77a28bd5
Eax=35537B4 Ebx=35A6940 Ecx=358D748 Edx=35500C0 Edi=3550000 Esi=26 Ebp=327EC60 Esp=327EB38 Eip=77A28B9A

ADDR: 77A28BA0 CODE: 741a jz 0x77a28bbc
Eax=35537B4 Ebx=35A6940 Ecx=358D748 Edx=35500C0 Edi=3550000 Esi=26 Ebp=327EC60 Esp=327EB38 Eip=77A28BA0

ADDR: 77A28BAB CODE: 7406 jz 0x77a28bb3
Eax=35537B4 Ebx=35A6940 Ecx=358D748 Edx=DA9EFB71 Edi=3550000 Esi=26 Ebp=327EC60 Esp=327EB38 Eip=77A28BAB

ADDR: 77A28BC9 CODE: 760a jbe 0x77a28bd5
Eax=210 Ebx=35A6940 Ecx=358D748 Edx=12000210 Edi=3550000 Esi=26 Ebp=327EC60 Esp=327EB38 Eip=77A28BC9

ADDR: 77A28C11 CODE: 0f84f2000000 jz 0x77a28d09
Eax=26 Ebx=35A6940 Ecx=3550270 Edx=358E9B8 Edi=3550000 Esi=358D748 Ebp=327EC60 Esp=327EB38 Eip=77A28C11

ADDR: 77A28C25 CODE: 7306 jae 0x77a28c2d
Eax=80 Ebx=35A6940 Ecx=3550270 Edx=358E9B8 Edi=3550000 Esi=26 Ebp=327EC60 Esp=327EB38 Eip=77A28C25

ADDR: 77A28C78 CODE: 745f jz 0x77a28cd9
Eax=0 Ebx=35A6940 Ecx=3550270 Edx=26 Edi=3550000 Esi=26 Ebp=327EC60 Esp=327EB38 Eip=77A28C78

ADDR: 77A28D0D CODE: 0f8422010000 jz 0x77a28e35
Eax=3550294 Ebx=35A6940 Ecx=6 Edx=40 Edi=3550000 Esi=1 Ebp=327EC60 Esp=327EB38 Eip=77A28D0D

ADDR: 77A28E3A CODE: 7469 jz 0x77a28ea5
Eax=C89EF961 Ebx=35A6940 Ecx=6 Edx=40 Edi=3550000 Esi=1 Ebp=327EC60 Esp=327EB38 Eip=77A28E3A

ADDR: 77A290B5 CODE: 7416 jz 0x77a290cd
Eax=C89EF961 Ebx=35A6940 Ecx=6 Edx=40 Edi=3550000 Esi=0 Ebp=327EC60 Esp=327EB34 Eip=77A290B5

ADDR: 77A290D1 CODE: 0f84ba000000 jz 0x77a29191
Eax=C89EF961 Ebx=35A6940 Ecx=6 Edx=40 Edi=3550000 Esi=0 Ebp=327EC60 Esp=327EB34 Eip=77A290D1

ADDR: 77A290F6 CODE: 762c jbe 0x77a29124
Eax=C89EF961 Ebx=35A6940 Ecx=6 Edx=1 Edi=3550000 Esi=0 Ebp=327EC60 Esp=327EB34 Eip=77A290F6

ADDR: 77A29134 CODE: 7250 jb 0x77a29186
Eax=C89EF961 Ebx=35A6940 Ecx=6 Edx=1 Edi=3550000 Esi=0 Ebp=327EC60 Esp=327EB34 Eip=77A29134

ADDR: 77A27B53 CODE: 746e jz 0x77a27bc3
Eax=FFFFFFFE Ebx=3550258 Ecx=FFFFFFFF Edx=1 Edi=355025C Esi=FFFFFFFE Ebp=327EB28 Esp=327EB14 Eip=77A27B53

ADDR: 77A6EB89 CODE: 7436 jz 0x77a6ebc1
Eax=1 Ebx=0 Ecx=19BAFD74 Edx=1 Edi=35A6940 Esi=3550000 Ebp=327ECBC Esp=327EC70 Eip=77A6EB89

ADDR: 77A6EB90 CODE: 7405 jz 0x77a6eb97
Eax=0 Ebx=0 Ecx=19BAFD74 Edx=1 Edi=35A6940 Esi=3550000 Ebp=327ECBC Esp=327EC70 Eip=77A6EB90

ADDR: 77A6EB9C CODE: 7402 jz 0x77a6eba0
Eax=0 Ebx=0 Ecx=19BAFD74 Edx=1 Edi=35A6940 Esi=3550000 Ebp=327ECBC Esp=327EC70 Eip=77A6EB9C

ADDR: 77A6EBA9 CODE: 7413 jz 0x77a6ebbe
Eax=0 Ebx=0 Ecx=3550000 Edx=3550000 Edi=35A6940 Esi=3550000 Ebp=327ECBC Esp=327EC70 Eip=77A6EBA9

ADDR: 934F6F CODE: 746c jz 0x934fdd
Eax=0 Ebx=0 Ecx=3550000 Edx=3550000 Edi=35A3660 Esi=0 Ebp=327F9E8 Esp=327ECF0 Eip=934F6F

ADDR: 934FE9 CODE: 7c70 jl 0x93505b
Eax=0 Ebx=0 Ecx=3550000 Edx=3550000 Edi=35A3660 Esi=10000000 Ebp=327F9E8 Esp=327ECF0 Eip=934FE9

ADDR: 934FF9 CODE: 0f827f130000 jb 0x93637e
Eax=12C Ebx=0 Ecx=A0 Edx=3550000 Edi=35A3660 Esi=8 Ebp=327F9E8 Esp=327ECF0 Eip=934FF9

ADDR: 935004 CODE: 0f8274130000 jb 0x93637e
Eax=12C Ebx=0 Ecx=A0 Edx=130 Edi=35A3660 Esi=8 Ebp=327F9E8 Esp=327ECF0 Eip=935004

ADDR: 93500E CODE: 0f826a130000 jb 0x93637e
Eax=12C Ebx=0 Ecx=1D0 Edx=130 Edi=35A3660 Esi=8 Ebp=327F9E8 Esp=327ECF0 Eip=93500E

ADDR: 935019 CODE: 0f825f130000 jb 0x93637e
Eax=1D4 Ebx=0 Ecx=1D0 Edx=130 Edi=35A3660 Esi=8 Ebp=327F9E8 Esp=327ECF0 Eip=935019

ADDR: 93502A CODE: 0f824e130000 jb 0x93637e
Eax=1D4 Ebx=0 Ecx=1DC Edx=130 Edi=35A3660 Esi=8 Ebp=327F9E8 Esp=327ECF0 Eip=93502A

ADDR: 77A24CFF CODE: 0f8426e60500 jz 0x77a8332b
Eax=3550000 Ebx=0 Ecx=1DC Edx=130 Edi=35A3660 Esi=3550000 Ebp=327ECDC Esp=327ECD0 Eip=77A24CFF

ADDR: 77A24D11 CODE: 0f842be60500 jz 0x77a83342
Eax=3550000 Ebx=0 Ecx=3550000 Edx=1DC Edi=35A3660 Esi=3550000 Ebp=327ECDC Esp=327ECD0 Eip=77A24D11

ADDR: 77A24E6C CODE: 760c jbe 0x77a24e7a
Eax=0 Ebx=3550000 Ecx=8 Edx=1DC Edi=1DC Esi=3550000 Ebp=327ECC0 Esp=327EC48 Eip=77A24E6C

ADDR: 77A24E9D CODE: 742b jz 0x77a24eca
Eax=0 Ebx=3550000 Ecx=0 Edx=0 Edi=1DC Esi=3550000 Ebp=327ECC0 Esp=327EC48 Eip=77A24E9D

ADDR: 77A24ED5 CODE: 7445 jz 0x77a24f1c
Eax=0 Ebx=3550000 Ecx=8 Edx=0 Edi=1DC Esi=0 Ebp=327ECC0 Esp=327EC48 Eip=77A24ED5

ADDR: 77A24F4B CODE: 0f87f5090000 ja 0x77a25946
Eax=1DC Ebx=3550000 Ecx=8 Edx=3D Edi=1DC Esi=1E8 Ebp=327ECC0 Esp=327EC48 Eip=77A24F4B

ADDR: 77A24F6F CODE: 0f84ce090000 jz 0x77a25943
Eax=20 Ebx=3550000 Ecx=5 Edx=0 Edi=1DC Esi=1E8 Ebp=327ECC0 Esp=327EC48 Eip=77A24F6F

ADDR: 77A2594F CODE: 7211 jb 0x77a25962
Eax=3550270 Ebx=3550000 Ecx=5 Edx=3D Edi=1DC Esi=1E8 Ebp=327ECC0 Esp=327EC48 Eip=77A2594F

ADDR: 77A25967 CODE: 0f838c030000 jae 0x77a25cf9
Eax=3550270 Ebx=3550000 Ecx=3D Edx=3D Edi=1DC Esi=1E8 Ebp=327ECC0 Esp=327EC48 Eip=77A25967

ADDR: 77A2597C CODE: 7402 jz 0x77a25980
Eax=3550270 Ebx=3550000 Ecx=3D Edx=3D Edi=1DC Esi=1E8 Ebp=327ECC0 Esp=327EC48 Eip=77A2597C

ADDR: 77A25F44 CODE: 7329 jae 0x77a25f6f
Eax=327EC20 Ebx=A Ecx=3550000 Edx=A Edi=3550000 Esi=3D Ebp=327EC30 Esp=327EAB0 Eip=77A25F44

ADDR: 77A25F53 CODE: 730c jae 0x77a25f61
Eax=327EC20 Ebx=A Ecx=3550001 Edx=3D Edi=3550000 Esi=3D Ebp=327EC30 Esp=327EAB0 Eip=77A25F53

ADDR: 77A26022 CODE: 7415 jz 0x77a26039
Eax=327EC90 Ebx=0 Ecx=3550001 Edx=3D Edi=3550000 Esi=3D Ebp=327EC30 Esp=327EAB0 Eip=77A26022

ADDR: 77A43F37 CODE: 7316 jae 0x77a43f4f
Eax=3550258 Ebx=0 Ecx=355025C Edx=3191000 Edi=3550000 Esi=3D Ebp=327EAA4 Esp=327EAA4 Eip=77A43F37

ADDR: 77A260CB CODE: 7407 jz 0x77a260d4
Eax=1 Ebx=0 Ecx=4720 Edx=3191000 Edi=3550000 Esi=3D Ebp=327EC30 Esp=327EAB0 Eip=77A260CB

ADDR: 77A260DA CODE: 0f8739170000 ja 0x77a27819
Eax=1 Ebx=0 Ecx=4720 Edx=3D Edi=3550000 Esi=3D Ebp=327EC30 Esp=327EAB0 Eip=77A260DA

ADDR: 77A260F4 CODE: 723a jb 0x77a26130
Eax=1DC Ebx=0 Ecx=4720 Edx=3D Edi=3550000 Esi=3D Ebp=327EC30 Esp=327EAB0 Eip=77A260F4

ADDR: 77A26136 CODE: 0f87d5000000 ja 0x77a26211
Eax=1DC Ebx=0 Ecx=4720 Edx=3D Edi=3550000 Esi=3D Ebp=327EC30 Esp=327EAB0 Eip=77A26136

ADDR: 77A26188 CODE: 7716 ja 0x77a261a0
Eax=3552601 Ebx=5 Ecx=81 Edx=0 Edi=3550000 Esi=355270A Ebp=327EC30 Esp=327EAB0 Eip=77A26188

ADDR: 77A26192 CODE: 770c ja 0x77a261a0
Eax=FF00 Ebx=5 Ecx=81 Edx=0 Edi=3550000 Esi=355270A Ebp=327EC30 Esp=327EAB0 Eip=77A26192

ADDR: 77A26216 CODE: 0f844f020000 jz 0x77a2646b
Eax=FF00 Ebx=5 Ecx=81 Edx=3D Edi=3550000 Esi=3550398 Ebp=327EC30 Esp=327EAB0 Eip=77A26216

ADDR: 77A26220 CODE: 0f8445020000 jz 0x77a2646b
Eax=FF00 Ebx=5 Ecx=81 Edx=3D Edi=3550000 Esi=0 Ebp=327EC30 Esp=327EAB0 Eip=77A26220

ADDR: 77A26485 CODE: 7304 jae 0x77a2648b
Eax=35500C0 Ebx=5 Ecx=80 Edx=3D Edi=3550000 Esi=3550270 Ebp=327EC30 Esp=327EAB0 Eip=77A26485

ADDR: 77A264D3 CODE: 7438 jz 0x77a2650d
Eax=3592D78 Ebx=D69EFF79 Ecx=80 Edx=35500C0 Edi=3550000 Esi=3550270 Ebp=327EC30 Esp=327EAB0 Eip=77A264D3

ADDR: 77A264F3 CODE: 7418 jz 0x77a2650d
Eax=1E Ebx=1E000618 Ecx=1E1E Edx=35500C0 Edi=3550000 Esi=3550270 Ebp=327EC30 Esp=327EAB0 Eip=77A264F3

ADDR: 77A2651D CODE: 7e07 jle 0x77a26526
Eax=618 Ebx=1E000618 Ecx=FFFFFA25 Edx=35500C0 Edi=3550000 Esi=3550270 Ebp=327EC30 Esp=327EAB0 Eip=77A2651D

ADDR: 77A2653A CODE: 7438 jz 0x77a26574
Eax=359BB38 Ebx=CA9EF963 Ecx=FFFFFA25 Edx=35500C0 Edi=3550000 Esi=3550270 Ebp=327EC30 Esp=327EAB0 Eip=77A2653A

ADDR: 77A2655A CODE: 7418 jz 0x77a26574
Eax=2 Ebx=2000002 Ecx=202 Edx=35500C0 Edi=3550000 Esi=3550270 Ebp=327EC30 Esp=327EAB0 Eip=77A2655A

ADDR: 77A26584 CODE: 7f07 jg 0x77a2658d
Eax=2 Ebx=2000002 Ecx=3B Edx=35500C0 Edi=3550000 Esi=3550270 Ebp=327EC30 Esp=327EAB0 Eip=77A26584

ADDR: 77A26664 CODE: 7708 ja 0x77a2666e
Eax=3550298 Ebx=0 Ecx=3 Edx=1 Edi=3550000 Esi=3550270 Ebp=327EC30 Esp=327EAB0 Eip=77A26664

ADDR: 77A26664 CODE: 7708 ja 0x77a2666e
Eax=355029C Ebx=0 Ecx=3 Edx=2 Edi=3550000 Esi=3550270 Ebp=327EC30 Esp=327EAB0 Eip=77A26664

ADDR: 77A26664 CODE: 7708 ja 0x77a2666e
Eax=35502A0 Ebx=0 Ecx=3 Edx=3 Edi=3550000 Esi=3550270 Ebp=327EC30 Esp=327EAB0 Eip=77A26664

ADDR: 77A26664 CODE: 7708 ja 0x77a2666e
Eax=35502A4 Ebx=0 Ecx=3 Edx=4 Edi=3550000 Esi=3550270 Ebp=327EC30 Esp=327EAB0 Eip=77A26664

ADDR: 77A26670 CODE: 0f848c110000 jz 0x77a27802
Eax=35502A4 Ebx=0 Ecx=3 Edx=4 Edi=3550000 Esi=3550270 Ebp=327EC30 Esp=327EAB0 Eip=77A26670

ADDR: 77A264D3 CODE: 7438 jz 0x77a2650d
Eax=3592D78 Ebx=D69EFF79 Ecx=3 Edx=35500C0 Edi=3550000 Esi=35536A0 Ebp=327EC30 Esp=327EAB0 Eip=77A264D3

ADDR: 77A264F3 CODE: 7418 jz 0x77a2650d
Eax=1E Ebx=1E000618 Ecx=1E1E Edx=35500C0 Edi=3550000 Esi=35536A0 Ebp=327EC30 Esp=327EAB0 Eip=77A264F3

ADDR: 77A2651D CODE: 7e07 jle 0x77a26526
Eax=618 Ebx=1E000618 Ecx=FFFFFA25 Edx=35500C0 Edi=3550000 Esi=35536A0 Ebp=327EC30 Esp=327EAB0 Eip=77A2651D

ADDR: 77A2653A CODE: 7438 jz 0x77a26574
Eax=359BB38 Ebx=CA9EF963 Ecx=FFFFFA25 Edx=35500C0 Edi=3550000 Esi=35536A0 Ebp=327EC30 Esp=327EAB0 Eip=77A2653A

ADDR: 77A2655A CODE: 7418 jz 0x77a26574
Eax=2 Ebx=2000002 Ecx=202 Edx=35500C0 Edi=3550000 Esi=35536A0 Ebp=327EC30 Esp=327EAB0 Eip=77A2655A

ADDR: 77A26584 CODE: 7f07 jg 0x77a2658d
Eax=2 Ebx=2000002 Ecx=3B Edx=35500C0 Edi=3550000 Esi=35536A0 Ebp=327EC30 Esp=327EAB0 Eip=77A26584

ADDR: 77A26664 CODE: 7708 ja 0x77a2666e
Eax=35536C4 Ebx=0 Ecx=3B Edx=0 Edi=3550000 Esi=35536A0 Ebp=327EC30 Esp=327EAB0 Eip=77A26664

ADDR: 77A26664 CODE: 7708 ja 0x77a2666e
Eax=35536C8 Ebx=0 Ecx=3B Edx=1 Edi=3550000 Esi=35536A0 Ebp=327EC30 Esp=327EAB0 Eip=77A26664

ADDR: 77A26664 CODE: 7708 ja 0x77a2666e
Eax=35536CC Ebx=0 Ecx=3B Edx=2 Edi=3550000 Esi=35536A0 Ebp=327EC30 Esp=327EAB0 Eip=77A26664

ADDR: 77A26664 CODE: 7708 ja 0x77a2666e
Eax=35536D0 Ebx=0 Ecx=3B Edx=3 Edi=3550000 Esi=35536A0 Ebp=327EC30 Esp=327EAB0 Eip=77A26664

ADDR: 77A26664 CODE: 7708 ja 0x77a2666e
Eax=35536D4 Ebx=0 Ecx=3B Edx=4 Edi=3550000 Esi=35536A0 Ebp=327EC30 Esp=327EAB0 Eip=77A26664

ADDR: 77A26664 CODE: 7708 ja 0x77a2666e
Eax=35536D8 Ebx=0 Ecx=3B Edx=5 Edi=3550000 Esi=35536A0 Ebp=327EC30 Esp=327EAB0 Eip=77A26664

ADDR: 77A26664 CODE: 7708 ja 0x77a2666e
Eax=35536DC Ebx=0 Ecx=3B Edx=6 Edi=3550000 Esi=35536A0 Ebp=327EC30 Esp=327EAB0 Eip=77A26664

ADDR: 77A26664 CODE: 7708 ja 0x77a2666e
Eax=35536E0 Ebx=0 Ecx=3B Edx=7 Edi=3550000 Esi=35536A0 Ebp=327EC30 Esp=327EAB0 Eip=77A26664

ADDR: 77A26664 CODE: 7708 ja 0x77a2666e
Eax=35536E4 Ebx=0 Ecx=3B Edx=8 Edi=3550000 Esi=35536A0 Ebp=327EC30 Esp=327EAB0 Eip=77A26664

ADDR: 77A26664 CODE: 7708 ja 0x77a2666e
Eax=35536E8 Ebx=0 Ecx=3B Edx=9 Edi=3550000 Esi=35536A0 Ebp=327EC30 Esp=327EAB0 Eip=77A26664

ADDR: 77A26664 CODE: 7708 ja 0x77a2666e
Eax=35536EC Ebx=0 Ecx=3B Edx=A Edi=3550000 Esi=35536A0 Ebp=327EC30 Esp=327EAB0 Eip=77A26664

ADDR: 77A26664 CODE: 7708 ja 0x77a2666e
Eax=35536F0 Ebx=0 Ecx=3B Edx=B Edi=3550000 Esi=35536A0 Ebp=327EC30 Esp=327EAB0 Eip=77A26664

ADDR: 77A26679 CODE: 7422 jz 0x77a2669d
Eax=35536F4 Ebx=10000 Ecx=3B Edx=C Edi=3550000 Esi=35536A0 Ebp=327EC30 Esp=327EAB0 Eip=77A26679

ADDR: 77A266A7 CODE: 740c jz 0x77a266b5
Eax=1 Ebx=10000 Ecx=3B Edx=C Edi=3550000 Esi=35536A0 Ebp=327EC30 Esp=327EAB0 Eip=77A266A7

ADDR: 77A266D1 CODE: 7402 jz 0x77a266d5
Eax=10 Ebx=10000 Ecx=3B Edx=190 Edi=3550000 Esi=35536A0 Ebp=327EC30 Esp=327EAB0 Eip=77A266D1

ADDR: 77A266E0 CODE: 0f841c110000 jz 0x77a27802
Eax=358D748 Ebx=10000 Ecx=3B Edx=190 Edi=3550000 Esi=35536A0 Ebp=327EC30 Esp=327EAB0 Eip=77A266E0

ADDR: 77A266F2 CODE: 0f844d020000 jz 0x77a26945
Eax=358D748 Ebx=10000 Ecx=3B Edx=190 Edi=3550000 Esi=35536A0 Ebp=327EC30 Esp=327EAB0 Eip=77A266F2

ADDR: 77A26702 CODE: 741f jz 0x77a26723
Eax=358D748 Ebx=358D740 Ecx=3B Edx=190 Edi=3550000 Esi=35536A0 Ebp=327EC30 Esp=327EAB0 Eip=77A26702

ADDR: 77A26714 CODE: 740a jz 0x77a26720
Eax=C89EF912 Ebx=358D740 Ecx=3B Edx=190 Edi=3550000 Esi=35536A0 Ebp=327EC30 Esp=327EAB0 Eip=77A26714

ADDR: 77A26729 CODE: 0f8200020000 jb 0x77a2692f
Eax=358D748 Ebx=358D740 Ecx=3B Edx=190 Edi=3550000 Esi=210 Ebp=327EC30 Esp=327EAB0 Eip=77A26729

ADDR: 77A26761 CODE: 0f841c010000 jz 0x77a26883
Eax=358D748 Ebx=358D740 Ecx=3550270 Edx=358D748 Edi=3550000 Esi=210 Ebp=327EC30 Esp=327EAB0 Eip=77A26761

ADDR: 77A26778 CODE: 730b jae 0x77a26785
Eax=210 Ebx=358D740 Ecx=3550270 Edx=358D748 Edi=3550000 Esi=80 Ebp=327EC30 Esp=327EAB0 Eip=77A26778

ADDR: 77A26778 CODE: 730b jae 0x77a26785
Eax=210 Ebx=358D740 Ecx=35536A0 Edx=35536A0 Edi=3550000 Esi=800 Ebp=327EC30 Esp=327EAB0 Eip=77A26778

ADDR: 77A2680D CODE: 0f83db000000 jae 0x77a268ee
Eax=7FF Ebx=358D740 Ecx=35536A0 Edx=190 Edi=3550000 Esi=35A6B08 Ebp=327EC30 Esp=327EAB0 Eip=77A2680D

ADDR: 77A26816 CODE: 0f84a3000000 jz 0x77a268bf
Eax=7FF Ebx=358D740 Ecx=35536A0 Edx=190 Edi=3550000 Esi=35A6B08 Ebp=327EC30 Esp=327EAB0 Eip=77A26816

ADDR: 77A26829 CODE: 743c jz 0x77a26867
Eax=7FF Ebx=509EFDFD Ecx=35536A0 Edx=190 Edi=3550000 Esi=35A6B08 Ebp=327EC30 Esp=327EAB0 Eip=77A26829

ADDR: 77A26849 CODE: 7419 jz 0x77a26864
Eax=98 Ebx=9800049C Ecx=9898 Edx=190 Edi=3550000 Esi=35A6B08 Ebp=327EC30 Esp=327EAB0 Eip=77A26849

ADDR: 77A26895 CODE: 7475 jz 0x77a2690c
Eax=35A6B08 Ebx=358D740 Ecx=35A6948 Edx=FFFEFFFF Edi=3550000 Esi=C Ebp=327EC30 Esp=327EAB0 Eip=77A26895

ADDR: 77A26ACC CODE: 7418 jz 0x77a26ae6
Eax=35A6B08 Ebx=358D740 Ecx=35A6900 Edx=FFFEFFFF Edi=3550000 Esi=1 Ebp=327EC30 Esp=327EAB0 Eip=77A26ACC

ADDR: 77A26B12 CODE: 7305 jae 0x77a26b19
Eax=C Ebx=358D740 Ecx=3D Edx=1D3 Edi=3550000 Esi=1 Ebp=327EC30 Esp=327EAB0 Eip=77A26B12

ADDR: 77A26B27 CODE: 741e jz 0x77a26b47
Eax=C Ebx=358D740 Ecx=3D Edx=1D3 Edi=3550000 Esi=1 Ebp=327EC30 Esp=327EAB0 Eip=77A26B27

ADDR: 77A26CA1 CODE: 741a jz 0x77a26cbd
Eax=0 Ebx=358D740 Ecx=3D Edx=1D3 Edi=3550000 Esi=1 Ebp=327EC30 Esp=327EAB0 Eip=77A26CA1

ADDR: 77A26D47 CODE: 0f845d050000 jz 0x77a272aa
Eax=9F Ebx=358D928 Ecx=100000 Edx=1D3 Edi=3550000 Esi=358E7C0 Ebp=327EC30 Esp=327EAB0 Eip=77A26D47

ADDR: 77A26D81 CODE: 0f8496020000 jz 0x77a2701d
Eax=35500C0 Ebx=358D928 Ecx=100000 Edx=1D3 Edi=3550000 Esi=3550270 Ebp=327EC30 Esp=327EAB0 Eip=77A26D81

ADDR: 77A26D8C CODE: 7304 jae 0x77a26d92
Eax=35500C0 Ebx=358D928 Ecx=80 Edx=1D3 Edi=3550000 Esi=3550270 Ebp=327EC30 Esp=327EAB0 Eip=77A26D8C

ADDR: 77A26D8C CODE: 7304 jae 0x77a26d92
Eax=35536A0 Ebx=358D928 Ecx=800 Edx=1D3 Edi=3550000 Esi=35536A0 Ebp=327EC30 Esp=327EAB0 Eip=77A26D8C

ADDR: 77A26DD5 CODE: 743b jz 0x77a26e12
Eax=3592D78 Ebx=358D928 Ecx=3592D80 Edx=D69EFF79 Edi=3550000 Esi=35536A0 Ebp=327EC30 Esp=327EAB0 Eip=77A26DD5

ADDR: 77A26DF8 CODE: 7418 jz 0x77a26e12
Eax=1E Ebx=358D928 Ecx=1E1E Edx=1E000618 Edi=3550000 Esi=35536A0 Ebp=327EC30 Esp=327EAB0 Eip=77A26DF8

ADDR: 77A26E22 CODE: 7e08 jle 0x77a26e2c
Eax=618 Ebx=358D928 Ecx=FFFFFBBB Edx=1E000618 Edi=3550000 Esi=35536A0 Ebp=327EC30 Esp=327EAB0 Eip=77A26E22

ADDR: 77A26E43 CODE: 743b jz 0x77a26e80
Eax=359BB38 Ebx=358D928 Ecx=FFFFFBBB Edx=CA9EF963 Edi=3550000 Esi=35536A0 Ebp=327EC30 Esp=327EAB0 Eip=77A26E43

ADDR: 77A26E66 CODE: 7418 jz 0x77a26e80
Eax=2 Ebx=358D928 Ecx=202 Edx=2000002 Edi=3550000 Esi=35536A0 Ebp=327EC30 Esp=327EAB0 Eip=77A26E66

ADDR: 77A26E90 CODE: 7f0a jg 0x77a26e9c
Eax=2 Ebx=358D928 Ecx=1D1 Edx=2000002 Edi=3550000 Esi=35536A0 Ebp=327EC30 Esp=327EAB0 Eip=77A26E90

ADDR: 77A26F7D CODE: 7708 ja 0x77a26f87
Eax=3B Ebx=358D928 Ecx=0 Edx=A Edi=3550000 Esi=35536EC Ebp=327EC30 Esp=327EAB0 Eip=77A26F7D

ADDR: 77A26F7D CODE: 7708 ja 0x77a26f87
Eax=3B Ebx=358D928 Ecx=0 Edx=B Edi=3550000 Esi=35536F0 Ebp=327EC30 Esp=327EAB0 Eip=77A26F7D

ADDR: 77A26F7D CODE: 7708 ja 0x77a26f87
Eax=3B Ebx=358D928 Ecx=0 Edx=C Edi=3550000 Esi=35536F4 Ebp=327EC30 Esp=327EAB0 Eip=77A26F7D

ADDR: 77A26F7D CODE: 7708 ja 0x77a26f87
Eax=3B Ebx=358D928 Ecx=0 Edx=D Edi=3550000 Esi=35536F8 Ebp=327EC30 Esp=327EAB0 Eip=77A26F7D

ADDR: 77A26F7D CODE: 7708 ja 0x77a26f87
Eax=3B Ebx=358D928 Ecx=0 Edx=E Edi=3550000 Esi=35536FC Ebp=327EC30 Esp=327EAB0 Eip=77A26F7D

ADDR: 77A26F7D CODE: 7708 ja 0x77a26f87
Eax=3B Ebx=358D928 Ecx=0 Edx=F Edi=3550000 Esi=3553700 Ebp=327EC30 Esp=327EAB0 Eip=77A26F7D

ADDR: 77A26F7D CODE: 7708 ja 0x77a26f87
Eax=3B Ebx=358D928 Ecx=0 Edx=10 Edi=3550000 Esi=3553704 Ebp=327EC30 Esp=327EAB0 Eip=77A26F7D

ADDR: 77A26F7D CODE: 7708 ja 0x77a26f87
Eax=3B Ebx=358D928 Ecx=0 Edx=11 Edi=3550000 Esi=3553708 Ebp=327EC30 Esp=327EAB0 Eip=77A26F7D

ADDR: 77A26F7D CODE: 7708 ja 0x77a26f87
Eax=3B Ebx=358D928 Ecx=0 Edx=12 Edi=3550000 Esi=355370C Ebp=327EC30 Esp=327EAB0 Eip=77A26F7D

ADDR: 77A26F7D CODE: 7708 ja 0x77a26f87
Eax=3B Ebx=358D928 Ecx=0 Edx=13 Edi=3550000 Esi=3553710 Ebp=327EC30 Esp=327EAB0 Eip=77A26F7D

ADDR: 77A26F7D CODE: 7708 ja 0x77a26f87
Eax=3B Ebx=358D928 Ecx=0 Edx=14 Edi=3550000 Esi=3553714 Ebp=327EC30 Esp=327EAB0 Eip=77A26F7D

ADDR: 77A26F7D CODE: 7708 ja 0x77a26f87
Eax=3B Ebx=358D928 Ecx=0 Edx=15 Edi=3550000 Esi=3553718 Ebp=327EC30 Esp=327EAB0 Eip=77A26F7D

ADDR: 77A26F7D CODE: 7708 ja 0x77a26f87
Eax=3B Ebx=358D928 Ecx=0 Edx=16 Edi=3550000 Esi=355371C Ebp=327EC30 Esp=327EAB0 Eip=77A26F7D

ADDR: 77A26F7D CODE: 7708 ja 0x77a26f87
Eax=3B Ebx=358D928 Ecx=0 Edx=17 Edi=3550000 Esi=3553720 Ebp=327EC30 Esp=327EAB0 Eip=77A26F7D

ADDR: 77A26F7D CODE: 7708 ja 0x77a26f87
Eax=3B Ebx=358D928 Ecx=0 Edx=18 Edi=3550000 Esi=3553724 Ebp=327EC30 Esp=327EAB0 Eip=77A26F7D

ADDR: 77A26F7D CODE: 7708 ja 0x77a26f87
Eax=3B Ebx=358D928 Ecx=0 Edx=19 Edi=3550000 Esi=3553728 Ebp=327EC30 Esp=327EAB0 Eip=77A26F7D

ADDR: 77A26F7D CODE: 7708 ja 0x77a26f87
Eax=3B Ebx=358D928 Ecx=0 Edx=1A Edi=3550000 Esi=355372C Ebp=327EC30 Esp=327EAB0 Eip=77A26F7D

ADDR: 77A26F7D CODE: 7708 ja 0x77a26f87
Eax=3B Ebx=358D928 Ecx=0 Edx=1B Edi=3550000 Esi=3553730 Ebp=327EC30 Esp=327EAB0 Eip=77A26F7D

ADDR: 77A26F7D CODE: 7708 ja 0x77a26f87
Eax=3B Ebx=358D928 Ecx=0 Edx=1C Edi=3550000 Esi=3553734 Ebp=327EC30 Esp=327EAB0 Eip=77A26F7D

ADDR: 77A26F7D CODE: 7708 ja 0x77a26f87
Eax=3B Ebx=358D928 Ecx=0 Edx=1D Edi=3550000 Esi=3553738 Ebp=327EC30 Esp=327EAB0 Eip=77A26F7D

ADDR: 77A26F7D CODE: 7708 ja 0x77a26f87
Eax=3B Ebx=358D928 Ecx=0 Edx=1E Edi=3550000 Esi=355373C Ebp=327EC30 Esp=327EAB0 Eip=77A26F7D

ADDR: 77A26F7D CODE: 7708 ja 0x77a26f87
Eax=3B Ebx=358D928 Ecx=0 Edx=1F Edi=3550000 Esi=3553740 Ebp=327EC30 Esp=327EAB0 Eip=77A26F7D

ADDR: 77A26F92 CODE: 7422 jz 0x77a26fb6
Eax=3B Ebx=358D928 Ecx=10000000 Edx=20 Edi=3550000 Esi=3553744 Ebp=327EC30 Esp=327EAB0 Eip=77A26F92

ADDR: 77A26FC0 CODE: 740c jz 0x77a26fce
Eax=0 Ebx=358D928 Ecx=10000000 Edx=20 Edi=3550000 Esi=3553744 Ebp=327EC30 Esp=327EAB0 Eip=77A26FC0

ADDR: 77A26FED CODE: 7402 jz 0x77a26ff1
Eax=1C Ebx=358D928 Ecx=10 Edx=41C Edi=3550000 Esi=35536A0 Ebp=327EC30 Esp=327EAB0 Eip=77A26FED

ADDR: 77A26FF9 CODE: 740b jz 0x77a27006
Eax=35537B4 Ebx=358D928 Ecx=35A6B08 Edx=41C Edi=3550000 Esi=35536A0 Ebp=327EC30 Esp=327EAB0 Eip=77A26FF9

ADDR: 77A27024 CODE: 7435 jz 0x77a2705b
Eax=35500C0 Ebx=358D928 Ecx=35A6B08 Edx=41C Edi=3550000 Esi=1D3 Ebp=327EC30 Esp=327EAB0 Eip=77A27024

ADDR: 77A2702A CODE: 7413 jz 0x77a2703f
Eax=35500C0 Ebx=358D928 Ecx=35A6B08 Edx=41C Edi=3550000 Esi=1D3 Ebp=327EC30 Esp=327EAB0 Eip=77A2702A

ADDR: 77A27035 CODE: 740c jz 0x77a27043
Eax=35500C0 Ebx=358D928 Ecx=35A6B08 Edx=509EFDFD Edi=3550000 Esi=1D3 Ebp=327EC30 Esp=327EAB0 Eip=77A27035

ADDR: 77A2704F CODE: 760a jbe 0x77a2705b
Eax=49C Ebx=358D928 Ecx=35A6B08 Edx=9800049C Edi=3550000 Esi=1D3 Ebp=327EC30 Esp=327EAB0 Eip=77A2704F

ADDR: 77A27094 CODE: 0f84fc000000 jz 0x77a27196
Eax=1D3 Ebx=358D928 Ecx=3550270 Edx=35A6948 Edi=3550000 Esi=35A6B08 Ebp=327EC30 Esp=327EAB0 Eip=77A27094

ADDR: 77A270A5 CODE: 730a jae 0x77a270b1
Eax=1D3 Ebx=358D928 Ecx=3550270 Edx=35A6948 Edi=3550000 Esi=80 Ebp=327EC30 Esp=327EAB0 Eip=77A270A5

ADDR: 77A270A5 CODE: 730a jae 0x77a270b1
Eax=1D3 Ebx=358D928 Ecx=35536A0 Edx=35536A0 Edi=3550000 Esi=800 Ebp=327EC30 Esp=327EAB0 Eip=77A270A5

ADDR: 77A270FF CODE: 7464 jz 0x77a27165
Eax=0 Ebx=358D928 Ecx=35536A0 Edx=1D3 Edi=3550000 Esi=153 Ebp=327EC30 Esp=327EAB0 Eip=77A270FF

ADDR: 77A2719A CODE: 0f8497040000 jz 0x77a27637
Eax=35536C4 Ebx=358D928 Ecx=13 Edx=80000 Edi=3550000 Esi=A Ebp=327EC30 Esp=327EAB0 Eip=77A2719A

ADDR: 77A26B7F CODE: 0f841c0b0000 jz 0x77a276a1
Eax=C Ebx=358D748 Ecx=1E8 Edx=358D747 Edi=3550000 Esi=1E8 Ebp=327EC30 Esp=327EAB0 Eip=77A26B7F

ADDR: 77A26B89 CODE: 7413 jz 0x77a26b9e
Eax=C Ebx=358D748 Ecx=1E8 Edx=358D747 Edi=3550000 Esi=1E8 Ebp=327EC30 Esp=327EAB0 Eip=77A26B89

ADDR: 77A26BA2 CODE: 0f84b7000000 jz 0x77a26c5f
Eax=C89EF961 Ebx=358D748 Ecx=358D740 Edx=358D747 Edi=3550000 Esi=1E8 Ebp=327EC30 Esp=327EAB0 Eip=77A26BA2

ADDR: 77A26BC7 CODE: 762c jbe 0x77a26bf5
Eax=C89EF961 Ebx=358D748 Ecx=358D740 Edx=1 Edi=3550000 Esi=1E8 Ebp=327EC30 Esp=327EAB0 Eip=77A26BC7

ADDR: 77A26BE7 CODE: 7606 jbe 0x77a26bef
Eax=6960 Ebx=358D748 Ecx=546A0 Edx=1 Edi=3550000 Esi=1E8 Ebp=327EC30 Esp=327EAB0 Eip=77A26BE7

ADDR: 77A26C05 CODE: 7249 jb 0x77a26c50
Eax=6960 Ebx=358D748 Ecx=546A0 Edx=1 Edi=3550000 Esi=1E8 Ebp=327EC30 Esp=327EAB0 Eip=77A26C05

ADDR: 77A27B53 CODE: 746e jz 0x77a27bc3
Eax=FFFFFFFE Ebx=3550258 Ecx=FFFFFFFF Edx=1 Edi=355025C Esi=FFFFFFFE Ebp=327EAA4 Esp=327EA90 Eip=77A27B53

ADDR: 77A26C63 CODE: 0f84150e0000 jz 0x77a27a7e
Eax=0 Ebx=358D748 Ecx=FFFFFFFF Edx=1 Edi=3550000 Esi=1E8 Ebp=327EC30 Esp=327EAB0 Eip=77A26C63

ADDR: 77A5B3CA CODE: 744f jz 0x77a5b41b
Eax=1E0 Ebx=358D748 Ecx=358D748 Edx=1E0 Edi=3550000 Esi=1E8 Ebp=327EC30 Esp=327EAA0 Eip=77A5B3CA

ADDR: 77A5B3D8 CODE: 7231 jb 0x77a5b40b
Eax=0 Ebx=358D748 Ecx=358D748 Edx=1E0 Edi=358D748 Esi=1E8 Ebp=327EC30 Esp=327EA9C Eip=77A5B3D8

ADDR: 77A5B3DF CODE: 740c jz 0x77a5b3ed
Eax=0 Ebx=358D748 Ecx=0 Edx=1E0 Edi=358D748 Esi=1E8 Ebp=327EC30 Esp=327EA9C Eip=77A5B3DF

ADDR: 77A5B403 CODE: 7406 jz 0x77a5b40b
Eax=0 Ebx=358D748 Ecx=78 Edx=0 Edi=358D748 Esi=1E8 Ebp=327EC30 Esp=327EA9C Eip=77A5B403

ADDR: 77A5B409 CODE: 740a jz 0x77a5b415
Eax=0 Ebx=358D748 Ecx=0 Edx=0 Edi=358D928 Esi=1E8 Ebp=327EC30 Esp=327EA9C Eip=77A5B409

ADDR: 77A27AAD CODE: 741e jz 0x77a27acd
Eax=358D748 Ebx=358D748 Ecx=0 Edx=0 Edi=3550000 Esi=1E8 Ebp=327EC30 Esp=327EAAC Eip=77A27AAD

ADDR: 77A27A91 CODE: 743b jz 0x77a27ace
Eax=0 Ebx=358D748 Ecx=0 Edx=0 Edi=3550000 Esi=1E8 Ebp=327EC30 Esp=327EAB0 Eip=77A27A91

ADDR: 77A27AD6 CODE: 741f jz 0x77a27af7
Eax=7FFE0388 Ebx=358D748 Ecx=0 Edx=0 Edi=3550000 Esi=1E8 Ebp=327EC30 Esp=327EAB0 Eip=77A27AD6

ADDR: 77A25D13 CODE: 7445 jz 0x77a25d5a
Eax=358D748 Ebx=3550000 Ecx=19BAFD24 Edx=0 Edi=358D748 Esi=1E8 Ebp=327ECC0 Esp=327EC48 Eip=77A25D13

ADDR: 77A25D1D CODE: 0f8474000000 jz 0x77a25d97
Eax=358D748 Ebx=3550000 Ecx=1DC Edx=0 Edi=358D748 Esi=1E8 Ebp=327ECC0 Esp=327EC48 Eip=77A25D1D

ADDR: 77A25DA5 CODE: 7415 jz 0x77a25dbc
Eax=0 Ebx=3550000 Ecx=8 Edx=0 Edi=358D748 Esi=1E8 Ebp=327ECC0 Esp=327EC48 Eip=77A25DA5

ADDR: 77A25DC4 CODE: 0f8492000000 jz 0x77a25e5c
Eax=7FFE0380 Ebx=3550000 Ecx=8 Edx=0 Edi=358D748 Esi=1E8 Ebp=327ECC0 Esp=327EC48 Eip=77A25DC4

ADDR: 77A25E63 CODE: 743b jz 0x77a25ea0
Eax=0 Ebx=3550000 Ecx=8 Edx=0 Edi=358D748 Esi=1E8 Ebp=327ECC0 Esp=327EC48 Eip=77A25E63

ADDR: 9351CB CODE: 0f8292000000 jb 0x935263
Eax=358D74C Ebx=0 Ecx=8 Edx=0 Edi=35A3660 Esi=358D748 Ebp=327F9E8 Esp=327ECF0 Eip=9351CB

ADDR: 77896586 CODE: 7608 jbe 0x77896590
Eax=358D740 Ebx=0 Ecx=128 Edx=128 Edi=358D74C Esi=358D618 Ebp=327F9E8 Esp=327ECD8 Eip=77896586

ADDR: 7789658A CODE: 0f8294020000 jb 0x77896824
Eax=358D740 Ebx=0 Ecx=128 Edx=128 Edi=358D74C Esi=358D618 Ebp=327F9E8 Esp=327ECD8 Eip=7789658A

ADDR: 77896593 CODE: 0f82d2040000 jb 0x77896a6b
Eax=358D740 Ebx=0 Ecx=128 Edx=128 Edi=358D74C Esi=358D618 Ebp=327F9E8 Esp=327ECD8 Eip=77896593

ADDR: 7789659F CODE: 7313 jae 0x778965b4
Eax=358D740 Ebx=0 Ecx=128 Edx=128 Edi=358D74C Esi=358D618 Ebp=327F9E8 Esp=327ECD8 Eip=7789659F

ADDR: 778965BC CODE: 7309 jae 0x778965c7
Eax=358D740 Ebx=0 Ecx=128 Edx=128 Edi=358D74C Esi=358D618 Ebp=327F9E8 Esp=327ECD8 Eip=778965BC

ADDR: 9351E8 CODE: 7279 jb 0x935263
Eax=358D74C Ebx=0 Ecx=358D74C Edx=358D874 Edi=35A3660 Esi=358D748 Ebp=327F9E8 Esp=327ECF0 Eip=9351E8

ADDR: 9351FA CODE: 7267 jb 0x935263
Eax=358D878 Ebx=0 Ecx=358D74C Edx=358D874 Edi=35A3660 Esi=358D748 Ebp=327F9E8 Esp=327ECF0 Eip=9351FA

ADDR: 77896586 CODE: 7608 jbe 0x77896590
Eax=358CFD8 Ebx=0 Ecx=A0 Edx=A0 Edi=358D878 Esi=358CF38 Ebp=327F9E8 Esp=327ECD8 Eip=77896586

ADDR: 7789658A CODE: 0f8294020000 jb 0x77896824
Eax=358CFD8 Ebx=0 Ecx=A0 Edx=A0 Edi=358D878 Esi=358CF38 Ebp=327F9E8 Esp=327ECD8 Eip=7789658A

ADDR: 77896593 CODE: 0f82d2040000 jb 0x77896a6b
Eax=358CFD8 Ebx=0 Ecx=A0 Edx=A0 Edi=358D878 Esi=358CF38 Ebp=327F9E8 Esp=327ECD8 Eip=77896593

ADDR: 7789659F CODE: 7313 jae 0x778965b4
Eax=358CFD8 Ebx=0 Ecx=A0 Edx=A0 Edi=358D878 Esi=358CF38 Ebp=327F9E8 Esp=327ECD8 Eip=7789659F

ADDR: 778965BC CODE: 7309 jae 0x778965c7
Eax=358CFD8 Ebx=0 Ecx=A0 Edx=A0 Edi=358D878 Esi=358CF38 Ebp=327F9E8 Esp=327ECD8 Eip=778965BC

ADDR: 93521E CODE: 7243 jb 0x935263
Eax=358D878 Ebx=0 Ecx=358D918 Edx=358D878 Edi=35A3660 Esi=358D748 Ebp=327F9E8 Esp=327ECF0 Eip=93521E

ADDR: 93522A CODE: 7237 jb 0x935263
Eax=358D91C Ebx=0 Ecx=358D918 Edx=358D878 Edi=35A3660 Esi=358D748 Ebp=327F9E8 Esp=327ECF0 Eip=93522A

ADDR: 77896586 CODE: 7608 jbe 0x77896590
Eax=3589E30 Ebx=0 Ecx=8 Edx=8 Edi=358D91C Esi=3589E28 Ebp=327F9E8 Esp=327ECD8 Eip=77896586

ADDR: 7789658A CODE: 0f8294020000 jb 0x77896824
Eax=3589E30 Ebx=0 Ecx=8 Edx=8 Edi=358D91C Esi=3589E28 Ebp=327F9E8 Esp=327ECD8 Eip=7789658A

ADDR: 77896593 CODE: 0f82d2040000 jb 0x77896a6b
Eax=3589E30 Ebx=0 Ecx=8 Edx=8 Edi=358D91C Esi=3589E28 Ebp=327F9E8 Esp=327ECD8 Eip=77896593

ADDR: 77896A6E CODE: 7430 jz 0x77896aa0
Eax=3589E30 Ebx=0 Ecx=8 Edx=8 Edi=358D91C Esi=3589E28 Ebp=327F9E8 Esp=327ECD8 Eip=77896A6E

ADDR: 77896A75 CODE: 740f jz 0x77896a86
Eax=8 Ebx=0 Ecx=2 Edx=8 Edi=358D91C Esi=3589E28 Ebp=327F9E8 Esp=327ECD8 Eip=77896A75

ADDR: 77896A8B CODE: 7413 jz 0x77896aa0
Eax=8 Ebx=0 Ecx=0 Edx=C81ECB17 Edi=358D924 Esi=3589E30 Ebp=327F9E8 Esp=327ECD8 Eip=77896A8B

ADDR: 93524B CODE: 7216 jb 0x935263
Eax=358D924 Ebx=0 Ecx=358D91C Edx=C81ECB17 Edi=35A3660 Esi=358D748 Ebp=327F9E8 Esp=327ECF0 Eip=93524B

ADDR: 9352AC CODE: 76eb jbe 0x935299
Eax=1 Ebx=0 Ecx=358D748 Edx=C81ECB17 Edi=35A3660 Esi=358D748 Ebp=327F9E8 Esp=327ECF0 Eip=9352AC

ADDR: 9352C3 CODE: 0f82ab100000 jb 0x936374
Eax=35A6704 Ebx=0 Ecx=358D748 Edx=35A6700 Edi=35A3660 Esi=0 Ebp=327F9E8 Esp=327ECF0 Eip=9352C3

ADDR: 9352D3 CODE: 0f829b100000 jb 0x936374
Eax=35A6704 Ebx=0 Ecx=358D748 Edx=35A6708 Edi=35A3660 Esi=0 Ebp=327F9E8 Esp=327ECF0 Eip=9352D3

ADDR: 9352DF CODE: 72d5 jb 0x9352b6
Eax=1 Ebx=0 Ecx=358D748 Edx=35A6708 Edi=35A3660 Esi=1 Ebp=327F9E8 Esp=327ECF0 Eip=9352DF

ADDR: 9352EE CODE: 0f8280100000 jb 0x936374
Eax=35A670C Ebx=0 Ecx=358D748 Edx=35A6708 Edi=35A3660 Esi=1 Ebp=327F9E8 Esp=327ECF0 Eip=9352EE

ADDR: 9352FB CODE: 769c jbe 0x935299
Eax=35A670C Ebx=0 Ecx=358D748 Edx=35A6708 Edi=35A3660 Esi=1 Ebp=327F9E8 Esp=327ECF0 Eip=9352FB

ADDR: 93532E CODE: 0f8240100000 jb 0x936374
Eax=35A6704 Ebx=0 Ecx=358D748 Edx=35A6700 Edi=35A3660 Esi=35A6820 Ebp=327F9E8 Esp=327ECF0 Eip=93532E

ADDR: 93533E CODE: 0f8230100000 jb 0x936374
Eax=35A6704 Ebx=0 Ecx=358D748 Edx=35A6708 Edi=35A3660 Esi=35A6820 Ebp=327F9E8 Esp=327ECF0 Eip=93533E

ADDR: 935354 CODE: 72b9 jb 0x93530f
Eax=1 Ebx=0 Ecx=358D748 Edx=35A6708 Edi=35A3660 Esi=35A6820 Ebp=327F9E8 Esp=327ECF0 Eip=935354

ADDR: 93532E CODE: 0f8240100000 jb 0x936374
Eax=35A670C Ebx=0 Ecx=358D748 Edx=35A6708 Edi=35A3660 Esi=35A6820 Ebp=327F9E8 Esp=327ECF0 Eip=93532E

ADDR: 93533E CODE: 0f8230100000 jb 0x936374
Eax=35A670C Ebx=0 Ecx=358D748 Edx=35A67AC Edi=35A3660 Esi=35A6820 Ebp=327F9E8 Esp=327ECF0 Eip=93533E

ADDR: 935354 CODE: 72b9 jb 0x93530f
Eax=2 Ebx=0 Ecx=358D748 Edx=35A67AC Edi=35A3660 Esi=35A6820 Ebp=327F9E8 Esp=327ECF0 Eip=935354

ADDR: 93535D CODE: 0f8211100000 jb 0x936374
Eax=35A67B0 Ebx=0 Ecx=358D748 Edx=35A67AC Edi=35A3660 Esi=8 Ebp=327F9E8 Esp=327ECF0 Eip=93535D

ADDR: 93536F CODE: 0f82ff0f0000 jb 0x936374
Eax=F0 Ebx=0 Ecx=358D748 Edx=35A67AC Edi=35A3660 Esi=8 Ebp=327F9E8 Esp=327ECF0 Eip=93536F

ADDR: 93537A CODE: 0f82f40f0000 jb 0x936374
Eax=F0 Ebx=0 Ecx=F4 Edx=35A67AC Edi=35A3660 Esi=8 Ebp=327F9E8 Esp=327ECF0 Eip=93537A

ADDR: 93538A CODE: 0f82e40f0000 jb 0x936374
Eax=F0 Ebx=0 Ecx=F4 Edx=35A67AC Edi=35A3660 Esi=FC Ebp=327F9E8 Esp=327ECF0 Eip=93538A

ADDR: 935396 CODE: 760a jbe 0x9353a2
Eax=F0 Ebx=0 Ecx=F4 Edx=35A67AC Edi=35A3660 Esi=FC Ebp=327F9E8 Esp=327ECF0 Eip=935396

ADDR: 77A24CFF CODE: 0f8426e60500 jz 0x77a8332b
Eax=3550000 Ebx=0 Ecx=F4 Edx=35A67AC Edi=35A3660 Esi=3550000 Ebp=327ECDC Esp=327ECD0 Eip=77A24CFF

ADDR: 77A24D11 CODE: 0f842be60500 jz 0x77a83342
Eax=3550000 Ebx=0 Ecx=3550000 Edx=FC Edi=35A3660 Esi=3550000 Ebp=327ECDC Esp=327ECD0 Eip=77A24D11

ADDR: 77A24E6C CODE: 760c jbe 0x77a24e7a
Eax=0 Ebx=3550000 Ecx=8 Edx=FC Edi=FC Esi=3550000 Ebp=327ECC0 Esp=327EC48 Eip=77A24E6C

ADDR: 77A24E9D CODE: 742b jz 0x77a24eca
Eax=0 Ebx=3550000 Ecx=0 Edx=0 Edi=FC Esi=3550000 Ebp=327ECC0 Esp=327EC48 Eip=77A24E9D

ADDR: 77A24ED5 CODE: 7445 jz 0x77a24f1c
Eax=0 Ebx=3550000 Ecx=8 Edx=0 Edi=FC Esi=0 Ebp=327ECC0 Esp=327EC48 Eip=77A24ED5

ADDR: 77A24F4B CODE: 0f87f5090000 ja 0x77a25946
Eax=FC Ebx=3550000 Ecx=8 Edx=21 Edi=FC Esi=108 Ebp=327ECC0 Esp=327EC48 Eip=77A24F4B

ADDR: 77A24F6F CODE: 0f84ce090000 jz 0x77a25943
Eax=2 Ebx=3550000 Ecx=1 Edx=0 Edi=FC Esi=108 Ebp=327ECC0 Esp=327EC48 Eip=77A24F6F

ADDR: 77A2594F CODE: 7211 jb 0x77a25962
Eax=3550270 Ebx=3550000 Ecx=1 Edx=21 Edi=FC Esi=108 Ebp=327ECC0 Esp=327EC48 Eip=77A2594F

ADDR: 77A25967 CODE: 0f838c030000 jae 0x77a25cf9
Eax=3550270 Ebx=3550000 Ecx=21 Edx=21 Edi=FC Esi=108 Ebp=327ECC0 Esp=327EC48 Eip=77A25967

ADDR: 77A2597C CODE: 7402 jz 0x77a25980
Eax=3550270 Ebx=3550000 Ecx=21 Edx=21 Edi=FC Esi=108 Ebp=327ECC0 Esp=327EC48 Eip=77A2597C

ADDR: 77A25F44 CODE: 7329 jae 0x77a25f6f
Eax=327EC20 Ebx=A Ecx=3550000 Edx=A Edi=3550000 Esi=21 Ebp=327EC30 Esp=327EAB0 Eip=77A25F44

ADDR: 77A25F53 CODE: 730c jae 0x77a25f61
Eax=327EC20 Ebx=A Ecx=3550001 Edx=21 Edi=3550000 Esi=21 Ebp=327EC30 Esp=327EAB0 Eip=77A25F53

ADDR: 77A26022 CODE: 7415 jz 0x77a26039
Eax=327EC90 Ebx=0 Ecx=3550001 Edx=21 Edi=3550000 Esi=21 Ebp=327EC30 Esp=327EAB0 Eip=77A26022

ADDR: 77A43F37 CODE: 7316 jae 0x77a43f4f
Eax=3550258 Ebx=0 Ecx=355025C Edx=3191000 Edi=3550000 Esi=21 Ebp=327EAA4 Esp=327EAA4 Eip=77A43F37

ADDR: 77A260CB CODE: 7407 jz 0x77a260d4
Eax=1 Ebx=0 Ecx=4720 Edx=3191000 Edi=3550000 Esi=21 Ebp=327EC30 Esp=327EAB0 Eip=77A260CB

ADDR: 77A260DA CODE: 0f8739170000 ja 0x77a27819
Eax=1 Ebx=0 Ecx=4720 Edx=21 Edi=3550000 Esi=21 Ebp=327EC30 Esp=327EAB0 Eip=77A260DA

ADDR: 77A260F4 CODE: 723a jb 0x77a26130
Eax=FC Ebx=0 Ecx=4720 Edx=21 Edi=3550000 Esi=21 Ebp=327EC30 Esp=327EAB0 Eip=77A260F4

ADDR: 77A26136 CODE: 0f87d5000000 ja 0x77a26211
Eax=FC Ebx=0 Ecx=4720 Edx=21 Edi=3550000 Esi=21 Ebp=327EC30 Esp=327EAB0 Eip=77A26136

ADDR: 77A26188 CODE: 7716 ja 0x77a261a0
Eax=3552603 Ebx=1 Ecx=103 Edx=0 Edi=3550000 Esi=35526D2 Ebp=327EC30 Esp=327EAB0 Eip=77A26188

ADDR: 77A26192 CODE: 770c ja 0x77a261a0
Eax=FF00 Ebx=1 Ecx=103 Edx=0 Edi=3550000 Esi=35526D2 Ebp=327EC30 Esp=327EAB0 Eip=77A26192

ADDR: 77A26216 CODE: 0f844f020000 jz 0x77a2646b
Eax=FF00 Ebx=1 Ecx=103 Edx=21 Edi=3550000 Esi=3550328 Ebp=327EC30 Esp=327EAB0 Eip=77A26216

ADDR: 77A26220 CODE: 0f8445020000 jz 0x77a2646b
Eax=FF00 Ebx=1 Ecx=103 Edx=21 Edi=3550000 Esi=0 Ebp=327EC30 Esp=327EAB0 Eip=77A26220

ADDR: 77A26485 CODE: 7304 jae 0x77a2648b
Eax=35500C0 Ebx=1 Ecx=80 Edx=21 Edi=3550000 Esi=3550270 Ebp=327EC30 Esp=327EAB0 Eip=77A26485

ADDR: 77A264D3 CODE: 7438 jz 0x77a2650d
Eax=3592D78 Ebx=D69EFF79 Ecx=80 Edx=35500C0 Edi=3550000 Esi=3550270 Ebp=327EC30 Esp=327EAB0 Eip=77A264D3

ADDR: 77A264F3 CODE: 7418 jz 0x77a2650d
Eax=1E Ebx=1E000618 Ecx=1E1E Edx=35500C0 Edi=3550000 Esi=3550270 Ebp=327EC30 Esp=327EAB0 Eip=77A264F3

ADDR: 77A2651D CODE: 7e07 jle 0x77a26526
Eax=618 Ebx=1E000618 Ecx=FFFFFA09 Edx=35500C0 Edi=3550000 Esi=3550270 Ebp=327EC30 Esp=327EAB0 Eip=77A2651D

ADDR: 77A2653A CODE: 7438 jz 0x77a26574
Eax=359BB38 Ebx=CA9EF963 Ecx=FFFFFA09 Edx=35500C0 Edi=3550000 Esi=3550270 Ebp=327EC30 Esp=327EAB0 Eip=77A2653A

ADDR: 77A2655A CODE: 7418 jz 0x77a26574
Eax=2 Ebx=2000002 Ecx=202 Edx=35500C0 Edi=3550000 Esi=3550270 Ebp=327EC30 Esp=327EAB0 Eip=77A2655A

ADDR: 77A26584 CODE: 7f07 jg 0x77a2658d
Eax=2 Ebx=2000002 Ecx=1F Edx=35500C0 Edi=3550000 Esi=3550270 Ebp=327EC30 Esp=327EAB0 Eip=77A26584

ADDR: 77A26679 CODE: 7422 jz 0x77a2669d
Eax=3550298 Ebx=40 Ecx=3 Edx=1 Edi=3550000 Esi=3550270 Ebp=327EC30 Esp=327EAB0 Eip=77A26679

ADDR: 77A26680 CODE: 7409 jz 0x77a2668b
Eax=40 Ebx=40 Ecx=3 Edx=1 Edi=3550000 Esi=3550270 Ebp=327EC30 Esp=327EAB0 Eip=77A26680

ADDR: 77A266D1 CODE: 7402 jz 0x77a266d5
Eax=6 Ebx=40 Ecx=3 Edx=26 Edi=3550000 Esi=3550270 Ebp=327EC30 Esp=327EAB0 Eip=77A266D1

ADDR: 77A266E0 CODE: 0f841c110000 jz 0x77a27802
Eax=35A6948 Ebx=40 Ecx=3 Edx=26 Edi=3550000 Esi=3550270 Ebp=327EC30 Esp=327EAB0 Eip=77A266E0

ADDR: 77A266F2 CODE: 0f844d020000 jz 0x77a26945
Eax=35A6948 Ebx=40 Ecx=3 Edx=26 Edi=3550000 Esi=3550270 Ebp=327EC30 Esp=327EAB0 Eip=77A266F2

ADDR: 77A26702 CODE: 741f jz 0x77a26723
Eax=35A6948 Ebx=35A6940 Ecx=3 Edx=26 Edi=3550000 Esi=3550270 Ebp=327EC30 Esp=327EAB0 Eip=77A26702

ADDR: 77A26714 CODE: 740a jz 0x77a26720
Eax=C89EF926 Ebx=35A6940 Ecx=3 Edx=26 Edi=3550000 Esi=3550270 Ebp=327EC30 Esp=327EAB0 Eip=77A26714

ADDR: 77A26729 CODE: 0f8200020000 jb 0x77a2692f
Eax=35A6948 Ebx=35A6940 Ecx=3 Edx=26 Edi=3550000 Esi=26 Ebp=327EC30 Esp=327EAB0 Eip=77A26729

ADDR: 77A26761 CODE: 0f841c010000 jz 0x77a26883
Eax=35A6948 Ebx=35A6940 Ecx=3550270 Edx=35A6948 Edi=3550000 Esi=26 Ebp=327EC30 Esp=327EAB0 Eip=77A26761

ADDR: 77A26778 CODE: 730b jae 0x77a26785
Eax=26 Ebx=35A6940 Ecx=3550270 Edx=35A6948 Edi=3550000 Esi=80 Ebp=327EC30 Esp=327EAB0 Eip=77A26778

ADDR: 77A2680D CODE: 0f83db000000 jae 0x77a268ee
Eax=80 Ebx=35A6940 Ecx=3550270 Edx=26 Edi=3550000 Esi=358D930 Ebp=327EC30 Esp=327EAB0 Eip=77A2680D

ADDR: 77A26816 CODE: 0f84a3000000 jz 0x77a268bf
Eax=80 Ebx=35A6940 Ecx=3550270 Edx=26 Edi=3550000 Esi=358D930 Ebp=327EC30 Esp=327EAB0 Eip=77A26816

ADDR: 77A26829 CODE: 743c jz 0x77a26867
Eax=80 Ebx=1A9EF8B2 Ecx=3550270 Edx=26 Edi=3550000 Esi=358D930 Ebp=327EC30 Esp=327EAB0 Eip=77A26829

ADDR: 77A26849 CODE: 7419 jz 0x77a26864
Eax=D2 Ebx=D20001D3 Ecx=D2D2 Edx=26 Edi=3550000 Esi=358D930 Ebp=327EC30 Esp=327EAB0 Eip=77A26849

ADDR: 77A26895 CODE: 7475 jz 0x77a2690c
Eax=358D930 Ebx=35A6940 Ecx=358E9B8 Edx=FFFFFFBF Edi=3550000 Esi=1 Ebp=327EC30 Esp=327EAB0 Eip=77A26895

ADDR: 77A26ACC CODE: 7418 jz 0x77a26ae6
Eax=358D930 Ebx=35A6940 Ecx=358E900 Edx=FFFFFFBF Edi=3550000 Esi=1 Ebp=327EC30 Esp=327EAB0 Eip=77A26ACC

ADDR: 77A26B12 CODE: 7305 jae 0x77a26b19
Eax=C Ebx=35A6940 Ecx=21 Edx=5 Edi=3550000 Esi=1 Ebp=327EC30 Esp=327EAB0 Eip=77A26B12

ADDR: 77A26B27 CODE: 741e jz 0x77a26b47
Eax=C Ebx=35A6940 Ecx=21 Edx=5 Edi=3550000 Esi=1 Ebp=327EC30 Esp=327EAB0 Eip=77A26B27

ADDR: 77A26CA1 CODE: 741a jz 0x77a26cbd
Eax=0 Ebx=35A6940 Ecx=21 Edx=5 Edi=3550000 Esi=1 Ebp=327EC30 Esp=327EAB0 Eip=77A26CA1

ADDR: 77A26D47 CODE: 0f845d050000 jz 0x77a272aa
Eax=9F Ebx=35A6A48 Ecx=100000 Edx=5 Edi=3550000 Esi=35A6A70 Ebp=327EC30 Esp=327EAB0 Eip=77A26D47

ADDR: 77A26D81 CODE: 0f8496020000 jz 0x77a2701d
Eax=35500C0 Ebx=35A6A48 Ecx=100000 Edx=5 Edi=3550000 Esi=3550270 Ebp=327EC30 Esp=327EAB0 Eip=77A26D81

ADDR: 77A26D8C CODE: 7304 jae 0x77a26d92
Eax=35500C0 Ebx=35A6A48 Ecx=80 Edx=5 Edi=3550000 Esi=3550270 Ebp=327EC30 Esp=327EAB0 Eip=77A26D8C

ADDR: 77A26DD5 CODE: 743b jz 0x77a26e12
Eax=3592D78 Ebx=35A6A48 Ecx=3592D80 Edx=D69EFF79 Edi=3550000 Esi=3550270 Ebp=327EC30 Esp=327EAB0 Eip=77A26DD5

ADDR: 77A26DF8 CODE: 7418 jz 0x77a26e12
Eax=1E Ebx=35A6A48 Ecx=1E1E Edx=1E000618 Edi=3550000 Esi=3550270 Ebp=327EC30 Esp=327EAB0 Eip=77A26DF8

ADDR: 77A26E22 CODE: 7e08 jle 0x77a26e2c
Eax=618 Ebx=35A6A48 Ecx=FFFFF9ED Edx=1E000618 Edi=3550000 Esi=3550270 Ebp=327EC30 Esp=327EAB0 Eip=77A26E22

ADDR: 77A26E43 CODE: 743b jz 0x77a26e80
Eax=359BB38 Ebx=35A6A48 Ecx=FFFFF9ED Edx=CA9EF963 Edi=3550000 Esi=3550270 Ebp=327EC30 Esp=327EAB0 Eip=77A26E43

ADDR: 77A26E66 CODE: 7418 jz 0x77a26e80
Eax=2 Ebx=35A6A48 Ecx=202 Edx=2000002 Edi=3550000 Esi=3550270 Ebp=327EC30 Esp=327EAB0 Eip=77A26E66

ADDR: 77A26E90 CODE: 7f0a jg 0x77a26e9c
Eax=2 Ebx=35A6A48 Ecx=3 Edx=2000002 Edi=3550000 Esi=3550270 Ebp=327EC30 Esp=327EAB0 Eip=77A26E90

ADDR: 77A26F92 CODE: 7422 jz 0x77a26fb6
Eax=3 Ebx=35A6A48 Ecx=13E0 Edx=0 Edi=3550000 Esi=3550294 Ebp=327EC30 Esp=327EAB0 Eip=77A26F92

ADDR: 77A26F99 CODE: 7409 jz 0x77a26fa4
Eax=E0 Ebx=35A6A48 Ecx=13E0 Edx=0 Edi=3550000 Esi=3550294 Ebp=327EC30 Esp=327EAB0 Eip=77A26F99

ADDR: 77A26FED CODE: 7402 jz 0x77a26ff1
Eax=5 Ebx=35A6A48 Ecx=13E0 Edx=5 Edi=3550000 Esi=3550270 Ebp=327EC30 Esp=327EAB0 Eip=77A26FED

ADDR: 77A26FF9 CODE: 740b jz 0x77a27006
Eax=35502A4 Ebx=35A6A48 Ecx=358A470 Edx=5 Edi=3550000 Esi=3550270 Ebp=327EC30 Esp=327EAB0 Eip=77A26FF9

ADDR: 77A27024 CODE: 7435 jz 0x77a2705b
Eax=35500C0 Ebx=35A6A48 Ecx=358A470 Edx=5 Edi=3550000 Esi=5 Ebp=327EC30 Esp=327EAB0 Eip=77A27024

ADDR: 77A2702A CODE: 7413 jz 0x77a2703f
Eax=35500C0 Ebx=35A6A48 Ecx=358A470 Edx=5 Edi=3550000 Esi=5 Ebp=327EC30 Esp=327EAB0 Eip=77A2702A

ADDR: 77A27035 CODE: 740c jz 0x77a27043
Eax=35500C0 Ebx=35A6A48 Ecx=358A470 Edx=CD9EF964 Edi=3550000 Esi=5 Ebp=327EC30 Esp=327EAB0 Eip=77A27035

ADDR: 77A2704F CODE: 760a jbe 0x77a2705b
Eax=5 Ebx=35A6A48 Ecx=358A470 Edx=5000005 Edi=3550000 Esi=5 Ebp=327EC30 Esp=327EAB0 Eip=77A2704F

ADDR: 77A27094 CODE: 0f84fc000000 jz 0x77a27196
Eax=5 Ebx=35A6A48 Ecx=3550270 Edx=355FE50 Edi=3550000 Esi=358A470 Ebp=327EC30 Esp=327EAB0 Eip=77A27094

ADDR: 77A270A5 CODE: 730a jae 0x77a270b1
Eax=5 Ebx=35A6A48 Ecx=3550270 Edx=355FE50 Edi=3550000 Esi=80 Ebp=327EC30 Esp=327EAB0 Eip=77A270A5

ADDR: 77A270FF CODE: 7464 jz 0x77a27165
Eax=358A470 Ebx=35A6A48 Ecx=3550270 Edx=5 Edi=3550000 Esi=5 Ebp=327EC30 Esp=327EAB0 Eip=77A270FF

ADDR: 77A27113 CODE: 743e jz 0x77a27153
Eax=358A468 Ebx=35A6A48 Ecx=3550270 Edx=CD9EF964 Edi=3550000 Esi=5 Ebp=327EC30 Esp=327EAB0 Eip=77A27113

ADDR: 77A27136 CODE: 7418 jz 0x77a27150
Eax=5 Ebx=35A6A48 Ecx=505 Edx=5000005 Edi=3550000 Esi=5 Ebp=327EC30 Esp=327EAB0 Eip=77A27136

ADDR: 77A27163 CODE: 7f0f jg 0x77a27174
Eax=5 Ebx=35A6A48 Ecx=3550270 Edx=0 Edi=3550000 Esi=5 Ebp=327EC30 Esp=327EAB0 Eip=77A27163

ADDR: 77A2719A CODE: 0f8497040000 jz 0x77a27637
Eax=35502A4 Ebx=35A6A48 Ecx=35A6A50 Edx=14 Edi=3550000 Esi=5 Ebp=327EC30 Esp=327EAB0 Eip=77A2719A

ADDR: 77A26B7F CODE: 0f841c0b0000 jz 0x77a276a1
Eax=C Ebx=35A6948 Ecx=108 Edx=35A6947 Edi=3550000 Esi=108 Ebp=327EC30 Esp=327EAB0 Eip=77A26B7F

ADDR: 77A26B89 CODE: 7413 jz 0x77a26b9e
Eax=C Ebx=35A6948 Ecx=108 Edx=35A6947 Edi=3550000 Esi=108 Ebp=327EC30 Esp=327EAB0 Eip=77A26B89

ADDR: 77A26BA2 CODE: 0f84b7000000 jz 0x77a26c5f
Eax=C89EF961 Ebx=35A6948 Ecx=35A6940 Edx=35A6947 Edi=3550000 Esi=108 Ebp=327EC30 Esp=327EAB0 Eip=77A26BA2

ADDR: 77A26BC7 CODE: 762c jbe 0x77a26bf5
Eax=C89EF961 Ebx=35A6948 Ecx=35A6940 Edx=1 Edi=3550000 Esi=108 Ebp=327EC30 Esp=327EAB0 Eip=77A26BC7

ADDR: 77A26C05 CODE: 7249 jb 0x77a26c50
Eax=C89EF961 Ebx=35A6948 Ecx=35A6940 Edx=1 Edi=3550000 Esi=108 Ebp=327EC30 Esp=327EAB0 Eip=77A26C05

ADDR: 77A27B53 CODE: 746e jz 0x77a27bc3
Eax=FFFFFFFE Ebx=3550258 Ecx=FFFFFFFF Edx=1 Edi=355025C Esi=FFFFFFFE Ebp=327EAA4 Esp=327EA90 Eip=77A27B53

ADDR: 77A26C63 CODE: 0f84150e0000 jz 0x77a27a7e
Eax=0 Ebx=35A6948 Ecx=FFFFFFFF Edx=1 Edi=3550000 Esi=108 Ebp=327EC30 Esp=327EAB0 Eip=77A26C63

ADDR: 77A5B3CA CODE: 744f jz 0x77a5b41b
Eax=100 Ebx=35A6948 Ecx=35A6948 Edx=100 Edi=3550000 Esi=108 Ebp=327EC30 Esp=327EAA0 Eip=77A5B3CA

ADDR: 77A5B3D8 CODE: 7231 jb 0x77a5b40b
Eax=0 Ebx=35A6948 Ecx=35A6948 Edx=100 Edi=35A6948 Esi=108 Ebp=327EC30 Esp=327EA9C Eip=77A5B3D8

ADDR: 77A5B3DF CODE: 740c jz 0x77a5b3ed
Eax=0 Ebx=35A6948 Ecx=0 Edx=100 Edi=35A6948 Esi=108 Ebp=327EC30 Esp=327EA9C Eip=77A5B3DF

ADDR: 77A5B403 CODE: 7406 jz 0x77a5b40b
Eax=0 Ebx=35A6948 Ecx=40 Edx=0 Edi=35A6948 Esi=108 Ebp=327EC30 Esp=327EA9C Eip=77A5B403

ADDR: 77A5B409 CODE: 740a jz 0x77a5b415
Eax=0 Ebx=35A6948 Ecx=0 Edx=0 Edi=35A6A48 Esi=108 Ebp=327EC30 Esp=327EA9C Eip=77A5B409

ADDR: 77A27AAD CODE: 741e jz 0x77a27acd
Eax=35A6948 Ebx=35A6948 Ecx=0 Edx=0 Edi=3550000 Esi=108 Ebp=327EC30 Esp=327EAAC Eip=77A27AAD

ADDR: 77A27A91 CODE: 743b jz 0x77a27ace
Eax=0 Ebx=35A6948 Ecx=0 Edx=0 Edi=3550000 Esi=108 Ebp=327EC30 Esp=327EAB0 Eip=77A27A91

ADDR: 77A27AD6 CODE: 741f jz 0x77a27af7
Eax=7FFE0388 Ebx=35A6948 Ecx=0 Edx=0 Edi=3550000 Esi=108 Ebp=327EC30 Esp=327EAB0 Eip=77A27AD6

ADDR: 77A25D13 CODE: 7445 jz 0x77a25d5a
Eax=35A6948 Ebx=3550000 Ecx=19BAFD24 Edx=0 Edi=35A6948 Esi=108 Ebp=327ECC0 Esp=327EC48 Eip=77A25D13

ADDR: 77A25D1D CODE: 0f8474000000 jz 0x77a25d97
Eax=35A6948 Ebx=3550000 Ecx=FC Edx=0 Edi=35A6948 Esi=108 Ebp=327ECC0 Esp=327EC48 Eip=77A25D1D

ADDR: 77A25DA5 CODE: 7415 jz 0x77a25dbc
Eax=0 Ebx=3550000 Ecx=8 Edx=0 Edi=35A6948 Esi=108 Ebp=327ECC0 Esp=327EC48 Eip=77A25DA5

ADDR: 77A25DC4 CODE: 0f8492000000 jz 0x77a25e5c
Eax=7FFE0380 Ebx=3550000 Ecx=8 Edx=0 Edi=35A6948 Esi=108 Ebp=327ECC0 Esp=327EC48 Eip=77A25DC4

ADDR: 77A25E63 CODE: 743b jz 0x77a25ea0
Eax=0 Ebx=3550000 Ecx=8 Edx=0 Edi=35A6948 Esi=108 Ebp=327ECC0 Esp=327EC48 Eip=77A25E63

ADDR: 772EFCEF CODE: 7403 jz 0x772efcf4
Eax=1 Ebx=0 Ecx=1 Edx=921B14 Edi=35A3660 Esi=327ED6C Ebp=327ECCC Esp=327ECC8 Eip=772EFCEF

ADDR: 772EFD03 CODE: 7418 jz 0x772efd1d
Eax=1 Ebx=0 Ecx=1 Edx=921B14 Edi=35A3660 Esi=327ED6C Ebp=327ECCC Esp=327ECC8 Eip=772EFD03

ADDR: 772EFD07 CODE: 7423 jz 0x772efd2c
Eax=1 Ebx=0 Ecx=1 Edx=921B14 Edi=35A3660 Esi=327ED6C Ebp=327ECCC Esp=327ECC8 Eip=772EFD07

ADDR: 772EFD0B CODE: 7426 jz 0x772efd33
Eax=1 Ebx=0 Ecx=1 Edx=921B14 Edi=35A3660 Esi=327ED6C Ebp=327ECCC Esp=327ECC8 Eip=772EFD0B

ADDR: 772EFD0F CODE: 0f841d730700 jz 0x77367032
Eax=1 Ebx=0 Ecx=1 Edx=921B14 Edi=35A3660 Esi=327ED6C Ebp=327ECCC Esp=327ECC8 Eip=772EFD0F

ADDR: 772EFC2A CODE: 741c jz 0x772efc48
Eax=1 Ebx=0 Ecx=1 Edx=921B14 Edi=35A3660 Esi=0 Ebp=327ECDC Esp=327ECD8 Eip=772EFC2A

ADDR: 772EFC62 CODE: 7447 jz 0x772efcab
Eax=0 Ebx=1 Ecx=1 Edx=921B14 Edi=35A3660 Esi=0 Ebp=327ECCC Esp=327ECB8 Eip=772EFC62

ADDR: 77A57314 CODE: 7422 jz 0x77a57338
Eax=327ECC0 Ebx=1 Ecx=1 Edx=327ECC0 Edi=921B14 Esi=0 Ebp=327ECCC Esp=327ECA8 Eip=77A57314

ADDR: 77A57328 CODE: 7605 jbe 0x77a5732f
Eax=0 Ebx=1 Ecx=14 Edx=327ECC0 Edi=921B28 Esi=0 Ebp=327ECCC Esp=327ECA8 Eip=77A57328

ADDR: 77A6A71E CODE: 7410 jz 0x77a6a730
Eax=0 Ebx=327ECC0 Ecx=12 Edx=327ECC0 Edi=3 Esi=779E1710 Ebp=327EBF0 Esp=327EBE4 Eip=77A6A71E

ADDR: 77A6A738 CODE: 7443 jz 0x77a6a77d
Eax=7FFE0384 Ebx=327ECC0 Ecx=12 Edx=327ECC0 Edi=3 Esi=779E1710 Ebp=327EBF0 Esp=327EBE4 Eip=77A6A738

ADDR: 77A6A78A CODE: 7419 jz 0x77a6a7a5
Eax=9 Ebx=327ECC0 Ecx=0 Edx=327ECC0 Edi=3 Esi=779E1710 Ebp=327EBF0 Esp=327EBE4 Eip=77A6A78A

ADDR: 77A6A7A8 CODE: 7401 jz 0x77a6a7ab
Eax=9 Ebx=327ECC0 Ecx=0 Edx=327ECC0 Edi=3 Esi=779E1710 Ebp=327EBF0 Esp=327EBE4 Eip=77A6A7A8

ADDR: 77A5B3CA CODE: 744f jz 0x77a5b41b
Eax=327EC28 Ebx=327ECC0 Ecx=327EC28 Edx=50 Edi=921B14 Esi=327ECC8 Ebp=327EC84 Esp=327EBE8 Eip=77A5B3CA

ADDR: 77A5B3D8 CODE: 7231 jb 0x77a5b40b
Eax=0 Ebx=327ECC0 Ecx=327EC28 Edx=50 Edi=327EC28 Esi=327ECC8 Ebp=327EC84 Esp=327EBE4 Eip=77A5B3D8

ADDR: 77A5B3DF CODE: 740c jz 0x77a5b3ed
Eax=0 Ebx=327ECC0 Ecx=0 Edx=50 Edi=327EC28 Esi=327ECC8 Ebp=327EC84 Esp=327EBE4 Eip=77A5B3DF

ADDR: 77A5B403 CODE: 7406 jz 0x77a5b40b
Eax=0 Ebx=327ECC0 Ecx=14 Edx=0 Edi=327EC28 Esi=327ECC8 Ebp=327EC84 Esp=327EBE4 Eip=77A5B403

ADDR: 77A5B409 CODE: 740a jz 0x77a5b415
Eax=0 Ebx=327ECC0 Ecx=0 Edx=0 Edi=327EC78 Esi=327ECC8 Ebp=327EC84 Esp=327EBE4 Eip=77A5B409

ADDR: 77A1FEB5 CODE: 7432 jz 0x77a1fee9
Eax=327EC28 Ebx=0 Ecx=0 Edx=0 Edi=921B14 Esi=327ECC8 Ebp=327EC84 Esp=327EC10 Eip=77A1FEB5

ADDR: 77A1FEFD CODE: 7407 jz 0x77a1ff06
Eax=327EC28 Ebx=1 Ecx=0 Edx=0 Edi=921B14 Esi=327ECC8 Ebp=327EC84 Esp=327EC10 Eip=77A1FEFD

ADDR: 77A1FF0D CODE: 74f0 jz 0x77a1feff
Eax=1 Ebx=1 Ecx=0 Edx=0 Edi=921B14 Esi=327ECC8 Ebp=327EC84 Esp=327EC10 Eip=77A1FF0D

ADDR: 77A24618 CODE: 7902 jns 0x77a2461c
Eax=3191000 Ebx=327EC28 Ecx=FFFFE000 Edx=0 Edi=327EC1C Esi=327ECC0 Ebp=327EAC0 Esp=327EA90 Eip=77A24618

ADDR: 77A24638 CODE: 7902 jns 0x77a2463c
Eax=3191000 Ebx=327EC28 Ecx=FFFFE000 Edx=0 Edi=327EC1C Esi=327ECC0 Ebp=327EAC0 Esp=327EA90 Eip=77A24638

ADDR: 77A24618 CODE: 7902 jns 0x77a2461c
Eax=3191000 Ebx=327ECC0 Ecx=FFFFE000 Edx=0 Edi=327EAF0 Esi=327ECC0 Ebp=327E848 Esp=327E818 Eip=77A24618

ADDR: 77A24638 CODE: 7902 jns 0x77a2463c
Eax=3191000 Ebx=327ECC0 Ecx=FFFFE000 Edx=0 Edi=327EAF0 Esi=327ECC0 Ebp=327E848 Esp=327E818 Eip=77A24638

ADDR: 77A24020 CODE: 7415 jz 0x77a24037
Eax=0 Ebx=327ECC0 Ecx=318E000 Edx=0 Edi=327EAF0 Esi=0 Ebp=327EAC0 Esp=327E858 Eip=77A24020

ADDR: 77A2403E CODE: 7445 jz 0x77a24085
Eax=7FFE0384 Ebx=327ECC0 Ecx=318E000 Edx=0 Edi=327EAF0 Esi=0 Ebp=327EAC0 Esp=327E858 Eip=77A2403E

ADDR: 77A2409F CODE: 0f8280010000 jb 0x77a24225
Eax=7FFE0384 Ebx=327ECC0 Ecx=318E000 Edx=12 Edi=327EAF0 Esi=0 Ebp=327EAC0 Esp=327E858 Eip=77A2409F

ADDR: 77A24230 CODE: 7415 jz 0x77a24247
Eax=0 Ebx=327ECC0 Ecx=54004E Edx=12 Edi=327EAF0 Esi=0 Ebp=327EAC0 Esp=327E858 Eip=77A24230

ADDR: 77A2424F CODE: 7445 jz 0x77a24296
Eax=7FFE0384 Ebx=327ECC0 Ecx=54004E Edx=12 Edi=327EAF0 Esi=0 Ebp=327EAC0 Esp=327E858 Eip=77A2424F

ADDR: 77A242A1 CODE: 7469 jz 0x77a2430c
Eax=327ECC0 Ebx=327ECC0 Ecx=54004E Edx=12 Edi=327EAF0 Esi=0 Ebp=327EAC0 Esp=327E858 Eip=77A242A1

ADDR: 77A20EA0 CODE: 7407 jz 0x77a20ea9
Eax=0 Ebx=0 Ecx=0 Edx=327ECC0 Edi=327E86C Esi=0 Ebp=327E82C Esp=327E6E0 Eip=77A20EA0

ADDR: 77A20EE3 CODE: 0f84d4020000 jz 0x77a211bd
Eax=0 Ebx=0 Ecx=0 Edx=327ECC0 Edi=327E86C Esi=0 Ebp=327E82C Esp=327E6E0 Eip=77A20EE3

ADDR: 77A20F5E CODE: 0f8403170600 jz 0x77a82667
Eax=0 Ebx=0 Ecx=0 Edx=327ECC0 Edi=327E86C Esi=0 Ebp=327E82C Esp=327E6E0 Eip=77A20F5E

ADDR: 77A20F66 CODE: 0f8494020000 jz 0x77a21200
Eax=0 Ebx=0 Ecx=0 Edx=327ECC0 Edi=327E86C Esi=0 Ebp=327E82C Esp=327E6E0 Eip=77A20F66

ADDR: 77A20F8A CODE: 742a jz 0x77a20fb6
Eax=779E128C Ebx=0 Ecx=921B14 Edx=327ECC0 Edi=327E86C Esi=0 Ebp=327E82C Esp=327E6E0 Eip=77A20F8A

ADDR: 77A20F90 CODE: 7424 jz 0x77a20fb6
Eax=779E128C Ebx=0 Ecx=921B14 Edx=327ECC0 Edi=327E86C Esi=0 Ebp=327E82C Esp=327E6E0 Eip=77A20F90

ADDR: 77A2209A CODE: 7405 jz 0x77a220a1
Eax=327E6F4 Ebx=0 Ecx=921B14 Edx=327ECC0 Edi=327E86C Esi=0 Ebp=327E6C8 Esp=327E664 Eip=77A2209A

ADDR: 77A220B0 CODE: 0f84ad030000 jz 0x77a22463
Eax=327E6F4 Ebx=0 Ecx=0 Edx=327ECC0 Edi=327E86C Esi=0 Ebp=327E6C8 Esp=327E664 Eip=77A220B0

ADDR: 77A220C2 CODE: 742a jz 0x77a220ee
Eax=327E6F4 Ebx=0 Ecx=0 Edx=327ECC0 Edi=327E6EC Esi=FFFE Ebp=327E6C8 Esp=327E65C Eip=77A220C2

ADDR: 77A220D7 CODE: 7746 ja 0x77a2211f
Eax=14 Ebx=0 Ecx=12 Edx=327ECC0 Edi=327E6EC Esi=FFFE Ebp=327E6C8 Esp=327E65C Eip=77A220D7

ADDR: 77A220DC CODE: 7741 ja 0x77a2211f
Eax=14 Ebx=0 Ecx=12 Edx=327ECC0 Edi=327E6EC Esi=FFFE Ebp=327E6C8 Esp=327E65C Eip=77A220DC

ADDR: 77A220F3 CODE: 7441 jz 0x77a22136
Eax=14 Ebx=0 Ecx=12 Edx=779E1294 Edi=327E6EC Esi=FFFE Ebp=327E6C8 Esp=327E65C Eip=77A220F3

ADDR: 77A22108 CODE: 7715 ja 0x77a2211f
Eax=4 Ebx=0 Ecx=2 Edx=779E1294 Edi=327E6EC Esi=FFFE Ebp=327E6C8 Esp=327E65C Eip=77A22108

ADDR: 77A2210D CODE: 7710 ja 0x77a2211f
Eax=4 Ebx=0 Ecx=2 Edx=779E1294 Edi=327E6EC Esi=FFFE Ebp=327E6C8 Esp=327E65C Eip=77A2210D

ADDR: 77A2216A CODE: 740f jz 0x77a2217b
Eax=1 Ebx=9 Ecx=779EA680 Edx=779E1294 Edi=921B14 Esi=1 Ebp=327E6C8 Esp=327E658 Eip=77A2216A

ADDR: 77A2218C CODE: 0f84b1010000 jz 0x77a22343
Eax=FFFFFFFE Ebx=9 Ecx=779EA680 Edx=779E1294 Edi=921B24 Esi=1 Ebp=327E6C8 Esp=327E658 Eip=77A2218C

ADDR: 77A22356 CODE: 0f8421ffffff jz 0x77a2227d
Eax=2E Ebx=9 Ecx=0 Edx=779E1294 Edi=921B24 Esi=1 Ebp=327E6C8 Esp=327E658 Eip=77A22356

ADDR: 77A22361 CODE: 741d jz 0x77a22380
Eax=2E Ebx=9 Ecx=FFFFFFFE Edx=779E1294 Edi=921B24 Esi=1 Ebp=327E6C8 Esp=327E658 Eip=77A22361

ADDR: 77A22383 CODE: 0f8491feffff jz 0x77a2221a
Eax=2E Ebx=9 Ecx=FFFFFFFE Edx=779E1294 Edi=921B24 Esi=1 Ebp=327E6C8 Esp=327E658 Eip=77A22383

ADDR: 77A22383 CODE: 0f8491feffff jz 0x77a2221a
Eax=2E Ebx=10008 Ecx=FFFFFFFE Edx=779E1294 Edi=921B22 Esi=1 Ebp=327E6C8 Esp=327E658 Eip=77A22383

ADDR: 77A22383 CODE: 0f8491feffff jz 0x77a2221a
Eax=2E Ebx=20007 Ecx=FFFFFFFE Edx=779E1294 Edi=921B20 Esi=1 Ebp=327E6C8 Esp=327E658 Eip=77A22383

ADDR: 77A22383 CODE: 0f8491feffff jz 0x77a2221a
Eax=2E Ebx=30006 Ecx=FFFFFFFE Edx=779E1294 Edi=921B1E Esi=1 Ebp=327E6C8 Esp=327E658 Eip=77A22383

ADDR: 77A22225 CODE: 0f8415020000 jz 0x77a22440
Eax=2E Ebx=6000A Ecx=FFFFFFFE Edx=779E1294 Edi=921B1E Esi=1 Ebp=327E6C8 Esp=327E658 Eip=77A22225

ADDR: 77A20FAC CODE: 0f8868020000 js 0x77a2121a
Eax=0 Ebx=0 Ecx=1A9D1114 Edx=779E1294 Edi=327E86C Esi=0 Ebp=327E82C Esp=327E6E0 Eip=77A20FAC

ADDR: 77A20FD7 CODE: 7215 jb 0x77a20fee
Eax=12 Ebx=0 Ecx=921B14 Edx=779E1294 Edi=327E86C Esi=0 Ebp=327E82C Esp=327E6E0 Eip=77A20FD7

ADDR: 77A20FDF CODE: 0f84a8160600 jz 0x77a8268d
Eax=12 Ebx=0 Ecx=921B14 Edx=6E Edi=327E86C Esi=0 Ebp=327E82C Esp=327E6E0 Eip=77A20FDF

ADDR: 77A20FE8 CODE: 0f849f160600 jz 0x77a8268d
Eax=12 Ebx=0 Ecx=921B14 Edx=6E Edi=327E86C Esi=0 Ebp=327E82C Esp=327E6E0 Eip=77A20FE8

ADDR: 77A20FF2 CODE: 0f82be010000 jb 0x77a211b6
Eax=12 Ebx=0 Ecx=921B14 Edx=6E Edi=327E86C Esi=0 Ebp=327E82C Esp=327E6E0 Eip=77A20FF2

ADDR: 77A20FFC CODE: 0f84b4010000 jz 0x77a211b6
Eax=12 Ebx=0 Ecx=921B14 Edx=6E Edi=327E86C Esi=0 Ebp=327E82C Esp=327E6E0 Eip=77A20FFC

ADDR: 77A210A1 CODE: 785e js 0x77a21101
Eax=0 Ebx=0 Ecx=921B14 Edx=6E Edi=327E86C Esi=0 Ebp=327E82C Esp=327E6E0 Eip=77A210A1

ADDR: 77A210A7 CODE: 7422 jz 0x77a210cb
Eax=0 Ebx=0 Ecx=921B14 Edx=6E Edi=327E86C Esi=0 Ebp=327E82C Esp=327E6E0 Eip=77A210A7

ADDR: 77A210B3 CODE: 7416 jz 0x77a210cb
Eax=318E000 Ebx=0 Ecx=921B14 Edx=6E Edi=327E86C Esi=0 Ebp=327E82C Esp=327E6E0 Eip=77A210B3

ADDR: 77A210D8 CODE: 0f842f010000 jz 0x77a2120d
Eax=3555DC8 Ebx=0 Ecx=921B14 Edx=6E Edi=327E86C Esi=0 Ebp=327E82C Esp=327E6E0 Eip=77A210D8

ADDR: 77A5B3CA CODE: 744f jz 0x77a5b41b
Eax=327E63C Ebx=327E754 Ecx=327E63C Edx=3C Edi=327E86C Esi=327E6EC Ebp=327E6CC Esp=327E618 Eip=77A5B3CA

ADDR: 77A5B3D8 CODE: 7231 jb 0x77a5b40b
Eax=0 Ebx=327E754 Ecx=327E63C Edx=3C Edi=327E63C Esi=327E6EC Ebp=327E6CC Esp=327E614 Eip=77A5B3D8

ADDR: 77A5B3DF CODE: 740c jz 0x77a5b3ed
Eax=0 Ebx=327E754 Ecx=0 Edx=3C Edi=327E63C Esi=327E6EC Ebp=327E6CC Esp=327E614 Eip=77A5B3DF

ADDR: 77A5B403 CODE: 7406 jz 0x77a5b40b
Eax=0 Ebx=327E754 Ecx=F Edx=0 Edi=327E63C Esi=327E6EC Ebp=327E6CC Esp=327E614 Eip=77A5B403

ADDR: 77A5B409 CODE: 740a jz 0x77a5b415
Eax=0 Ebx=327E754 Ecx=0 Edx=0 Edi=327E678 Esi=327E6EC Ebp=327E6CC Esp=327E614 Eip=77A5B409

ADDR: 77A216FF CODE: 0f840c030000 jz 0x77a21a11
Eax=318E000 Ebx=327E754 Ecx=3191000 Edx=0 Edi=0 Esi=327E6EC Ebp=327E60C Esp=327E5C0 Eip=77A216FF

ADDR: 77A21721 CODE: 0f8422140600 jz 0x77a82b49
Eax=318E000 Ebx=327E754 Ecx=3191000 Edx=0 Edi=0 Esi=327E6EC Ebp=327E60C Esp=327E5C0 Eip=77A21721

ADDR: 77A2173C CODE: 0f84d1030000 jz 0x77a21b13
Eax=327E638 Ebx=327E754 Ecx=3191000 Edx=3 Edi=0 Esi=327E6EC Ebp=327E60C Esp=327E5C0 Eip=77A2173C

ADDR: 77A21744 CODE: 0f84ff130600 jz 0x77a82b49
Eax=327E638 Ebx=327E754 Ecx=3191000 Edx=3 Edi=0 Esi=327E6EC Ebp=327E60C Esp=327E5C0 Eip=77A21744

ADDR: 77A2174D CODE: 0f82f6130600 jb 0x77a82b49
Eax=327E638 Ebx=327E754 Ecx=3191000 Edx=3 Edi=0 Esi=327E6EC Ebp=327E60C Esp=327E5C0 Eip=77A2174D

ADDR: 77A21756 CODE: 7412 jz 0x77a2176a
Eax=327E638 Ebx=327E754 Ecx=3191000 Edx=3 Edi=0 Esi=327E6EC Ebp=327E60C Esp=327E5C0 Eip=77A21756

ADDR: 77A21761 CODE: 0f87c7130600 ja 0x77a82b2e
Eax=327E664 Ebx=327E754 Ecx=327E678 Edx=3 Edi=0 Esi=327E6EC Ebp=327E60C Esp=327E5C0 Eip=77A21761

ADDR: 77A217D3 CODE: 7406 jz 0x77a217db
Eax=3191184 Ebx=0 Ecx=318E000 Edx=3191000 Edi=0 Esi=327E6EC Ebp=327E60C Esp=327E5C0 Eip=77A217D3

ADDR: 77A217E9 CODE: 0f8437010000 jz 0x77a21926
Eax=3191184 Ebx=0 Ecx=318E000 Edx=3191000 Edi=3280000 Esi=0 Ebp=327E60C Esp=327E5C0 Eip=77A217E9

ADDR: 77A21B6B CODE: 0f8241120600 jb 0x77a82db2
Eax=327E5D8 Ebx=20F0 Ecx=3280000 Edx=0 Edi=0 Esi=3280000 Ebp=327E5AC Esp=327E570 Eip=77A21B6B

ADDR: 77A21B75 CODE: 0f8237120600 jb 0x77a82db2
Eax=327E5D8 Ebx=20F0 Ecx=3280000 Edx=0 Edi=0 Esi=3280000 Ebp=327E5AC Esp=327E570 Eip=77A21B75

ADDR: 77A21B88 CODE: 0f84d9000000 jz 0x77a21c67
Eax=94 Ebx=20F0 Ecx=3280000 Edx=0 Edi=0 Esi=3280000 Ebp=327E5AC Esp=327E570 Eip=77A21B88

ADDR: 77A21B93 CODE: 0f84ce000000 jz 0x77a21c67
Eax=94 Ebx=20F0 Ecx=3280094 Edx=0 Edi=0 Esi=3280000 Ebp=327E5AC Esp=327E570 Eip=77A21B93

ADDR: 77A21B9E CODE: 0f84c3000000 jz 0x77a21c67
Eax=94 Ebx=20F0 Ecx=3280094 Edx=0 Edi=9 Esi=3280000 Ebp=327E5AC Esp=327E570 Eip=77A21B9E

ADDR: 77A21BB5 CODE: 720f jb 0x77a21bc6
Eax=90 Ebx=20F0 Ecx=3280094 Edx=0 Edi=9 Esi=3280000 Ebp=327E5AC Esp=327E570 Eip=77A21BB5

ADDR: 77A21BB7 CODE: 0f87da110600 ja 0x77a82d97
Eax=90 Ebx=20F0 Ecx=3280094 Edx=0 Edi=9 Esi=3280000 Ebp=327E5AC Esp=327E570 Eip=77A21BB7

ADDR: 77A21BC0 CODE: 0f87d1110600 ja 0x77a82d97
Eax=90 Ebx=20F0 Ecx=3280094 Edx=0 Edi=9 Esi=3280000 Ebp=327E5AC Esp=327E570 Eip=77A21BC0

ADDR: 77A21BD4 CODE: 0f82c0110600 jb 0x77a82d9a
Eax=90 Ebx=20F0 Ecx=3280094 Edx=A4 Edi=9 Esi=3280000 Ebp=327E5AC Esp=327E570 Eip=77A21BD4

ADDR: 77A21BDC CODE: 0f83b8110600 jae 0x77a82d9a
Eax=90 Ebx=20F0 Ecx=3280094 Edx=A4 Edi=9 Esi=3280000 Ebp=327E5AC Esp=327E570 Eip=77A21BDC

ADDR: 77A21BE5 CODE: 0f87af110600 ja 0x77a82d9a
Eax=90 Ebx=20F0 Ecx=3280094 Edx=A4 Edi=9 Esi=3280000 Ebp=327E5AC Esp=327E570 Eip=77A21BE5

ADDR: 77A21BF3 CODE: 0f847a110600 jz 0x77a82d73
Eax=90 Ebx=20F0 Ecx=2 Edx=32800A4 Edi=9 Esi=3280000 Ebp=327E5AC Esp=327E570 Eip=77A21BF3

ADDR: 77A21C00 CODE: 7265 jb 0x77a21c67
Eax=2 Ebx=1 Ecx=2 Edx=32800A4 Edi=9 Esi=3280000 Ebp=327E5AC Esp=327E570 Eip=77A21C00

ADDR: 77A5A5A6 CODE: 7479 jz 0x77a5a621
Eax=10 Ebx=32800A4 Ecx=2 Edx=32800A4 Edi=9 Esi=3280124 Ebp=327E554 Esp=327E53C Eip=77A5A5A6

ADDR: 77A5A5AC CODE: 7473 jz 0x77a5a621
Eax=10 Ebx=32800A4 Ecx=2 Edx=32800A4 Edi=9 Esi=3280124 Ebp=327E554 Esp=327E53C Eip=77A5A5AC

ADDR: 77A78DEB CODE: 730a jae 0x77a78df7
Eax=EF47AAA Ebx=32800A4 Ecx=77A3D550 Edx=10400 Edi=9 Esi=3280124 Ebp=327E554 Esp=327E538 Eip=77A78DEB

ADDR: 77A5A601 CODE: 76b5 jbe 0x77a5a5b8
Eax=EF47AAA Ebx=32800A4 Ecx=77A3D550 Edx=10400 Edi=9 Esi=3280124 Ebp=327E554 Esp=327E53C Eip=77A5A601

ADDR: 77A5A5BF CODE: 7449 jz 0x77a5a60a
Eax=4 Ebx=32800A4 Ecx=77A3D550 Edx=10400 Edi=9 Esi=3280124 Ebp=327E554 Esp=327E53C Eip=77A5A5BF

ADDR: 77A3D561 CODE: 7605 jbe 0x77a3d568
Eax=5 Ebx=32800A4 Ecx=2 Edx=10400 Edi=3 Esi=3280124 Ebp=327E52C Esp=327E52C Eip=77A3D561

ADDR: 77A5A5E4 CODE: 741f jz 0x77a5a605
Eax=FFFFFFFF Ebx=32800A4 Ecx=32800E4 Edx=10400 Edi=3 Esi=3280124 Ebp=327E554 Esp=327E53C Eip=77A5A5E4

ADDR: 77A5A5E6 CODE: 790e jns 0x77a5a5f6
Eax=FFFFFFFF Ebx=32800A4 Ecx=32800E4 Edx=10400 Edi=3 Esi=3280124 Ebp=327E554 Esp=327E53C Eip=77A5A5E6

ADDR: 77A5A5F2 CODE: 740b jz 0x77a5a5ff
Eax=FFFFFFFF Ebx=32800A4 Ecx=32800E4 Edx=10400 Edi=3 Esi=32800D4 Ebp=327E554 Esp=327E53C Eip=77A5A5F2

ADDR: 77A5A601 CODE: 76b5 jbe 0x77a5a5b8
Eax=FFFFFFFF Ebx=32800A4 Ecx=32800E4 Edx=10400 Edi=4 Esi=32800D4 Ebp=327E554 Esp=327E53C Eip=77A5A601

ADDR: 77A5A5BF CODE: 7449 jz 0x77a5a60a
Eax=2 Ebx=32800A4 Ecx=32800E4 Edx=10400 Edi=4 Esi=32800D4 Ebp=327E554 Esp=327E53C Eip=77A5A5BF

ADDR: 77A3D561 CODE: 7605 jbe 0x77a3d568
Eax=2 Ebx=32800A4 Ecx=2 Edx=10400 Edi=1 Esi=32800D4 Ebp=327E52C Esp=327E52C Eip=77A3D561

ADDR: 77A5A5E4 CODE: 741f jz 0x77a5a605
Eax=0 Ebx=32800A4 Ecx=32800B4 Edx=10400 Edi=1 Esi=32800D4 Ebp=327E554 Esp=327E53C Eip=77A5A5E4

ADDR: 77A21C25 CODE: 7440 jz 0x77a21c67
Eax=32800B4 Ebx=1 Ecx=32800B4 Edx=10400 Edi=9 Esi=3280000 Ebp=327E5AC Esp=327E570 Eip=77A21C25

ADDR: 77A21C2C CODE: 7439 jz 0x77a21c67
Eax=32800B4 Ebx=1 Ecx=AE0 Edx=10400 Edi=9 Esi=3280000 Ebp=327E5AC Esp=327E570 Eip=77A21C2C

ADDR: 77A21C39 CODE: 7244 jb 0x77a21c7f
Eax=32800B4 Ebx=C4 Ecx=AE0 Edx=20F0 Edi=BA4 Esi=3280000 Ebp=327E5AC Esp=327E570 Eip=77A21C39

ADDR: 77A21C3D CODE: 7340 jae 0x77a21c7f
Eax=32800B4 Ebx=C4 Ecx=AE0 Edx=20F0 Edi=BA4 Esi=3280000 Ebp=327E5AC Esp=327E570 Eip=77A21C3D

ADDR: 77A21C41 CODE: 773c ja 0x77a21c7f
Eax=32800B4 Ebx=C4 Ecx=AE0 Edx=20F0 Edi=BA4 Esi=3280000 Ebp=327E5AC Esp=327E570 Eip=77A21C41

ADDR: 77A21848 CODE: 0f88fd000000 js 0x77a2194b
Eax=0 Ebx=2 Ecx=1A9D1114 Edx=327E5DC Edi=3280000 Esi=0 Ebp=327E60C Esp=327E5C0 Eip=77A21848

ADDR: 77A21879 CODE: 0f82bc130600 jb 0x77a82c3b
Eax=1 Ebx=C4 Ecx=1 Edx=327E5DC Edi=3280000 Esi=0 Ebp=327E60C Esp=327E5C0 Eip=77A21879

ADDR: 77A21CED CODE: 7464 jz 0x77a21d53
Eax=327E601 Ebx=327E5E8 Ecx=3280AE0 Edx=327E5E4 Edi=3280AE0 Esi=327E688 Ebp=327E5A0 Esp=327E540 Eip=77A21CED

ADDR: 77A21D6D CODE: 0f848a000000 jz 0x77a21dfd
Eax=327E601 Ebx=327E5E8 Ecx=1 Edx=327E5E4 Edi=3280AE0 Esi=327E688 Ebp=327E5A0 Esp=327E540 Eip=77A21D6D

ADDR: 77A21D80 CODE: 0f842a010000 jz 0x77a21eb0
Eax=327E601 Ebx=0 Ecx=3390004 Edx=327E5E4 Edi=3280AE0 Esi=327E688 Ebp=327E5A0 Esp=327E540 Eip=77A21D80

ADDR: 77A21D88 CODE: 0f8422010000 jz 0x77a21eb0
Eax=327E601 Ebx=0 Ecx=3390004 Edx=327E5E4 Edi=3280AE0 Esi=327E688 Ebp=327E5A0 Esp=327E540 Eip=77A21D88

ADDR: 77A21D9C CODE: 0f870b010000 ja 0x77a21ead
Eax=327E601 Ebx=0 Ecx=921B14 Edx=327E5E4 Edi=3280AE0 Esi=9 Ebp=327E5A0 Esp=327E540 Eip=77A21D9C

ADDR: 77A21DA4 CODE: 744d jz 0x77a21df3
Eax=327E601 Ebx=0 Ecx=921B14 Edx=327E5E4 Edi=3280AE0 Esi=9 Ebp=327E5A0 Esp=327E540 Eip=77A21DA4

ADDR: 77A21DA8 CODE: 7436 jz 0x77a21de0
Eax=327E601 Ebx=0 Ecx=921B14 Edx=327E5E4 Edi=3280AE0 Esi=9 Ebp=327E5A0 Esp=327E540 Eip=77A21DA8

ADDR: 77A68F7B CODE: 7243 jb 0x77a68fc0
Eax=327E601 Ebx=0 Ecx=3390004 Edx=6E Edi=921B16 Esi=3390004 Ebp=327E5A0 Esp=327E538 Eip=77A68F7B

ADDR: 77A68F81 CODE: 7705 ja 0x77a68f88
Eax=327E601 Ebx=0 Ecx=3390004 Edx=6E Edi=921B16 Esi=3390004 Ebp=327E5A0 Esp=327E538 Eip=77A68F81

ADDR: 77A68F7B CODE: 7243 jb 0x77a68fc0
Eax=4E Ebx=4E Ecx=3390004 Edx=74 Edi=921B18 Esi=3390004 Ebp=327E5A0 Esp=327E538 Eip=77A68F7B

ADDR: 77A68F81 CODE: 7705 ja 0x77a68f88
Eax=4E Ebx=4E Ecx=3390004 Edx=74 Edi=921B18 Esi=3390004 Ebp=327E5A0 Esp=327E538 Eip=77A68F81

ADDR: 77A68F7B CODE: 7243 jb 0x77a68fc0
Eax=54 Ebx=4E1386 Ecx=3390004 Edx=64 Edi=921B1A Esi=3390004 Ebp=327E5A0 Esp=327E538 Eip=77A68F7B

ADDR: 77A68F81 CODE: 7705 ja 0x77a68f88
Eax=54 Ebx=4E1386 Ecx=3390004 Edx=64 Edi=921B1A Esi=3390004 Ebp=327E5A0 Esp=327E538 Eip=77A68F81

ADDR: 77A68F7B CODE: 7243 jb 0x77a68fc0
Eax=44 Ebx=26BCCE3E Ecx=3390004 Edx=6C Edi=921B1C Esi=3390004 Ebp=327E5A0 Esp=327E538 Eip=77A68F7B

ADDR: 77A68F81 CODE: 7705 ja 0x77a68f88
Eax=44 Ebx=26BCCE3E Ecx=3390004 Edx=6C Edi=921B1C Esi=3390004 Ebp=327E5A0 Esp=327E538 Eip=77A68F81

ADDR: 77A68F7B CODE: 7243 jb 0x77a68fc0
Eax=4C Ebx=56B4C18E Ecx=3390004 Edx=6C Edi=921B1E Esi=3390004 Ebp=327E5A0 Esp=327E538 Eip=77A68F7B

ADDR: 77A68F81 CODE: 7705 ja 0x77a68f88
Eax=4C Ebx=56B4C18E Ecx=3390004 Edx=6C Edi=921B1E Esi=3390004 Ebp=327E5A0 Esp=327E538 Eip=77A68F81

ADDR: 77A68F7B CODE: 7243 jb 0x77a68fc0
Eax=4C Ebx=1809A23E Ecx=3390004 Edx=2E Edi=921B20 Esi=3390004 Ebp=327E5A0 Esp=327E538 Eip=77A68F7B

ADDR: 77A68F7B CODE: 7243 jb 0x77a68fc0
Eax=2E Ebx=8C9CED70 Ecx=3390004 Edx=64 Edi=921B22 Esi=3390004 Ebp=327E5A0 Esp=327E538 Eip=77A68F7B

ADDR: 77A68F81 CODE: 7705 ja 0x77a68f88
Eax=2E Ebx=8C9CED70 Ecx=3390004 Edx=64 Edi=921B22 Esi=3390004 Ebp=327E5A0 Esp=327E538 Eip=77A68F81

ADDR: 77A68F7B CODE: 7243 jb 0x77a68fc0
Eax=44 Ebx=880E6ED4 Ecx=3390004 Edx=6C Edi=921B24 Esi=3390004 Ebp=327E5A0 Esp=327E538 Eip=77A68F7B

ADDR: 77A68F81 CODE: 7705 ja 0x77a68f88
Eax=44 Ebx=880E6ED4 Ecx=3390004 Edx=6C Edi=921B24 Esi=3390004 Ebp=327E5A0 Esp=327E538 Eip=77A68F81

ADDR: 77A68F7B CODE: 7243 jb 0x77a68fc0
Eax=4C Ebx=EA614678 Ecx=3390004 Edx=6C Edi=921B26 Esi=3390004 Ebp=327E5A0 Esp=327E538 Eip=77A68F7B

ADDR: 77A68F81 CODE: 7705 ja 0x77a68f88
Eax=4C Ebx=EA614678 Ecx=3390004 Edx=6C Edi=921B26 Esi=3390004 Ebp=327E5A0 Esp=327E538 Eip=77A68F81

ADDR: 77A21E0F CODE: 0f8431010000 jz 0x77a21f46
Eax=1 Ebx=F46857D4 Ecx=0 Edx=327E5E4 Edi=3280AE0 Esi=0 Ebp=327E5A0 Esp=327E540 Eip=77A21E0F

ADDR: 77A21F4F CODE: 0f84aafdffff jz 0x77a21cff
Eax=1 Ebx=F46857D4 Ecx=1 Edx=327E5E4 Edi=3280AE0 Esi=0 Ebp=327E5A0 Esp=327E540 Eip=77A21F4F

ADDR: 77A5A5A6 CODE: 7479 jz 0x77a5a621
Eax=18 Ebx=3280B0C Ecx=2 Edx=327E5E4 Edi=2 Esi=3280B24 Ebp=327E524 Esp=327E50C Eip=77A5A5A6

ADDR: 77A5A5AC CODE: 7473 jz 0x77a5a621
Eax=18 Ebx=3280B0C Ecx=2 Edx=327E5E4 Edi=2 Esi=3280B24 Ebp=327E524 Esp=327E50C Eip=77A5A5AC

ADDR: 77A78DEB CODE: 730a jae 0x77a78df7
Eax=EF47AAA Ebx=3280B0C Ecx=77A3D550 Edx=10400 Edi=2 Esi=3280B24 Ebp=327E524 Esp=327E508 Eip=77A78DEB

ADDR: 77A5A601 CODE: 76b5 jbe 0x77a5a5b8
Eax=EF47AAA Ebx=3280B0C Ecx=77A3D550 Edx=10400 Edi=2 Esi=3280B24 Ebp=327E524 Esp=327E50C Eip=77A5A601

ADDR: 77A5A5BF CODE: 7449 jz 0x77a5a60a
Eax=1 Ebx=3280B0C Ecx=77A3D550 Edx=10400 Edi=2 Esi=3280B24 Ebp=327E524 Esp=327E50C Eip=77A5A5BF

ADDR: 77A3D561 CODE: 7605 jbe 0x77a3d568
Eax=BBF34EA2 Ebx=3280B0C Ecx=F46857D4 Edx=10400 Edi=0 Esi=3280B24 Ebp=327E4FC Esp=327E4FC Eip=77A3D561

ADDR: 77A5A5E4 CODE: 741f jz 0x77a5a605
Eax=1 Ebx=3280B0C Ecx=3280B0C Edx=10400 Edi=0 Esi=3280B24 Ebp=327E524 Esp=327E50C Eip=77A5A5E4

ADDR: 77A5A5E6 CODE: 790e jns 0x77a5a5f6
Eax=1 Ebx=3280B0C Ecx=3280B0C Edx=10400 Edi=0 Esi=3280B24 Ebp=327E524 Esp=327E50C Eip=77A5A5E6

ADDR: 77A5A601 CODE: 76b5 jbe 0x77a5a5b8
Eax=1 Ebx=3280B24 Ecx=3280B0C Edx=10400 Edi=1 Esi=3280B24 Ebp=327E524 Esp=327E50C Eip=77A5A601

ADDR: 77A5A5BF CODE: 7449 jz 0x77a5a60a
Eax=0 Ebx=3280B24 Ecx=3280B0C Edx=10400 Edi=1 Esi=3280B24 Ebp=327E524 Esp=327E50C Eip=77A5A5BF

ADDR: 77A5A60C CODE: 7422 jz 0x77a5a630
Eax=0 Ebx=3280B24 Ecx=3280B0C Edx=10400 Edi=1 Esi=3280B24 Ebp=327E524 Esp=327E50C Eip=77A5A60C

ADDR: 77A3D561 CODE: 7605 jbe 0x77a3d568
Eax=F1C4BC4F Ebx=3280B24 Ecx=F46857D4 Edx=10400 Edi=1 Esi=3280B24 Ebp=327E4FC Esp=327E4FC Eip=77A3D561

ADDR: 77A21F87 CODE: 0f84c6fdffff jz 0x77a21d53
Eax=0 Ebx=3280B0C Ecx=3280B24 Edx=10400 Edi=3280AE0 Esi=0 Ebp=327E5A0 Esp=327E540 Eip=77A21F87

ADDR: 77A218BC CODE: 0f8961010000 jns 0x77a21a23
Eax=C0150008 Ebx=C4 Ecx=1A9D1114 Edx=10400 Edi=327E638 Esi=0 Ebp=327E60C Esp=327E5C0 Eip=77A218BC

ADDR: 77A218F3 CODE: 7679 jbe 0x77a2196e
Eax=318E000 Ebx=2 Ecx=0 Edx=3191000 Edi=327E638 Esi=0 Ebp=327E60C Esp=327E5C0 Eip=77A218F3

ADDR: 77A21973 CODE: 0f8424120600 jz 0x77a82b9d
Eax=2 Ebx=2 Ecx=0 Edx=3191000 Edi=327E638 Esi=0 Ebp=327E60C Esp=327E5C0 Eip=77A21973

ADDR: 77A2197C CODE: 0f84fe000000 jz 0x77a21a80
Eax=1 Ebx=2 Ecx=0 Edx=3191000 Edi=327E638 Esi=0 Ebp=327E60C Esp=327E5C0 Eip=77A2197C

ADDR: 77A219A3 CODE: 0f844cffffff jz 0x77a218f5
Eax=318E000 Ebx=2 Ecx=2FF0000 Edx=3191000 Edi=327E638 Esi=0 Ebp=327E60C Esp=327E5C0 Eip=77A219A3

ADDR: 77A21B6B CODE: 0f8241120600 jb 0x77a82db2
Eax=327E5D8 Ebx=32E8 Ecx=2FF0000 Edx=0 Edi=0 Esi=2FF0000 Ebp=327E5AC Esp=327E570 Eip=77A21B6B

ADDR: 77A21B75 CODE: 0f8237120600 jb 0x77a82db2
Eax=327E5D8 Ebx=32E8 Ecx=2FF0000 Edx=0 Edi=0 Esi=2FF0000 Ebp=327E5AC Esp=327E570 Eip=77A21B75

ADDR: 77A21B88 CODE: 0f84d9000000 jz 0x77a21c67
Eax=DC Ebx=32E8 Ecx=2FF0000 Edx=0 Edi=0 Esi=2FF0000 Ebp=327E5AC Esp=327E570 Eip=77A21B88

ADDR: 77A21B93 CODE: 0f84ce000000 jz 0x77a21c67
Eax=DC Ebx=32E8 Ecx=2FF00DC Edx=0 Edi=0 Esi=2FF0000 Ebp=327E5AC Esp=327E570 Eip=77A21B93

ADDR: 77A21B9E CODE: 0f84c3000000 jz 0x77a21c67
Eax=DC Ebx=32E8 Ecx=2FF00DC Edx=0 Edi=9 Esi=2FF0000 Ebp=327E5AC Esp=327E570 Eip=77A21B9E

ADDR: 77A21BB5 CODE: 720f jb 0x77a21bc6
Eax=90 Ebx=32E8 Ecx=2FF00DC Edx=0 Edi=9 Esi=2FF0000 Ebp=327E5AC Esp=327E570 Eip=77A21BB5

ADDR: 77A21BB7 CODE: 0f87da110600 ja 0x77a82d97
Eax=90 Ebx=32E8 Ecx=2FF00DC Edx=0 Edi=9 Esi=2FF0000 Ebp=327E5AC Esp=327E570 Eip=77A21BB7

ADDR: 77A21BC0 CODE: 0f87d1110600 ja 0x77a82d97
Eax=90 Ebx=32E8 Ecx=2FF00DC Edx=0 Edi=9 Esi=2FF0000 Ebp=327E5AC Esp=327E570 Eip=77A21BC0

ADDR: 77A21BD4 CODE: 0f82c0110600 jb 0x77a82d9a
Eax=90 Ebx=32E8 Ecx=2FF00DC Edx=EC Edi=9 Esi=2FF0000 Ebp=327E5AC Esp=327E570 Eip=77A21BD4

ADDR: 77A21BDC CODE: 0f83b8110600 jae 0x77a82d9a
Eax=90 Ebx=32E8 Ecx=2FF00DC Edx=EC Edi=9 Esi=2FF0000 Ebp=327E5AC Esp=327E570 Eip=77A21BDC

ADDR: 77A21BE5 CODE: 0f87af110600 ja 0x77a82d9a
Eax=90 Ebx=32E8 Ecx=2FF00DC Edx=EC Edi=9 Esi=2FF0000 Ebp=327E5AC Esp=327E570 Eip=77A21BE5

ADDR: 77A21BF3 CODE: 0f847a110600 jz 0x77a82d73
Eax=90 Ebx=32E8 Ecx=2 Edx=2FF00EC Edi=9 Esi=2FF0000 Ebp=327E5AC Esp=327E570 Eip=77A21BF3

ADDR: 77A21C00 CODE: 7265 jb 0x77a21c67
Eax=2 Ebx=1 Ecx=2 Edx=2FF00EC Edi=9 Esi=2FF0000 Ebp=327E5AC Esp=327E570 Eip=77A21C00

ADDR: 77A5A5A6 CODE: 7479 jz 0x77a5a621
Eax=10 Ebx=2FF00EC Ecx=2 Edx=2FF00EC Edi=9 Esi=2FF016C Ebp=327E554 Esp=327E53C Eip=77A5A5A6

ADDR: 77A5A5AC CODE: 7473 jz 0x77a5a621
Eax=10 Ebx=2FF00EC Ecx=2 Edx=2FF00EC Edi=9 Esi=2FF016C Ebp=327E554 Esp=327E53C Eip=77A5A5AC

ADDR: 77A78DEB CODE: 730a jae 0x77a78df7
Eax=EF47AAA Ebx=2FF00EC Ecx=77A3D550 Edx=10400 Edi=9 Esi=2FF016C Ebp=327E554 Esp=327E538 Eip=77A78DEB

ADDR: 77A5A601 CODE: 76b5 jbe 0x77a5a5b8
Eax=EF47AAA Ebx=2FF00EC Ecx=77A3D550 Edx=10400 Edi=9 Esi=2FF016C Ebp=327E554 Esp=327E53C Eip=77A5A601

ADDR: 77A5A5BF CODE: 7449 jz 0x77a5a60a
Eax=4 Ebx=2FF00EC Ecx=77A3D550 Edx=10400 Edi=9 Esi=2FF016C Ebp=327E554 Esp=327E53C Eip=77A5A5BF

ADDR: 77A3D561 CODE: 7605 jbe 0x77a3d568
Eax=5 Ebx=2FF00EC Ecx=2 Edx=10400 Edi=3 Esi=2FF016C Ebp=327E52C Esp=327E52C Eip=77A3D561

ADDR: 77A5A5E4 CODE: 741f jz 0x77a5a605
Eax=FFFFFFFF Ebx=2FF00EC Ecx=2FF012C Edx=10400 Edi=3 Esi=2FF016C Ebp=327E554 Esp=327E53C Eip=77A5A5E4

ADDR: 77A5A5E6 CODE: 790e jns 0x77a5a5f6
Eax=FFFFFFFF Ebx=2FF00EC Ecx=2FF012C Edx=10400 Edi=3 Esi=2FF016C Ebp=327E554 Esp=327E53C Eip=77A5A5E6

ADDR: 77A5A5F2 CODE: 740b jz 0x77a5a5ff
Eax=FFFFFFFF Ebx=2FF00EC Ecx=2FF012C Edx=10400 Edi=3 Esi=2FF011C Ebp=327E554 Esp=327E53C Eip=77A5A5F2

ADDR: 77A5A601 CODE: 76b5 jbe 0x77a5a5b8
Eax=FFFFFFFF Ebx=2FF00EC Ecx=2FF012C Edx=10400 Edi=4 Esi=2FF011C Ebp=327E554 Esp=327E53C Eip=77A5A601

ADDR: 77A5A5BF CODE: 7449 jz 0x77a5a60a
Eax=2 Ebx=2FF00EC Ecx=2FF012C Edx=10400 Edi=4 Esi=2FF011C Ebp=327E554 Esp=327E53C Eip=77A5A5BF

ADDR: 77A3D561 CODE: 7605 jbe 0x77a3d568
Eax=2 Ebx=2FF00EC Ecx=2 Edx=10400 Edi=1 Esi=2FF011C Ebp=327E52C Esp=327E52C Eip=77A3D561

ADDR: 77A5A5E4 CODE: 741f jz 0x77a5a605
Eax=0 Ebx=2FF00EC Ecx=2FF00FC Edx=10400 Edi=1 Esi=2FF011C Ebp=327E554 Esp=327E53C Eip=77A5A5E4

ADDR: 77A21C25 CODE: 7440 jz 0x77a21c67
Eax=2FF00FC Ebx=1 Ecx=2FF00FC Edx=10400 Edi=9 Esi=2FF0000 Ebp=327E5AC Esp=327E570 Eip=77A21C25

ADDR: 77A21C2C CODE: 7439 jz 0x77a21c67
Eax=2FF00FC Ebx=1 Ecx=1724 Edx=10400 Edi=9 Esi=2FF0000 Ebp=327E5AC Esp=327E570 Eip=77A21C2C

ADDR: 77A21C39 CODE: 7244 jb 0x77a21c7f
Eax=2FF00FC Ebx=7A0 Ecx=1724 Edx=32E8 Edi=1EC4 Esi=2FF0000 Ebp=327E5AC Esp=327E570 Eip=77A21C39

ADDR: 77A21C3D CODE: 7340 jae 0x77a21c7f
Eax=2FF00FC Ebx=7A0 Ecx=1724 Edx=32E8 Edi=1EC4 Esi=2FF0000 Ebp=327E5AC Esp=327E570 Eip=77A21C3D

ADDR: 77A21C41 CODE: 773c ja 0x77a21c7f
Eax=2FF00FC Ebx=7A0 Ecx=1724 Edx=32E8 Edi=1EC4 Esi=2FF0000 Ebp=327E5AC Esp=327E570 Eip=77A21C41

ADDR: 77A219C9 CODE: 0f88db000000 js 0x77a21aaa
Eax=0 Ebx=3 Ecx=1A9D1114 Edx=327E5DC Edi=327E638 Esi=0 Ebp=327E60C Esp=327E5C0 Eip=77A219C9

ADDR: 77A21A06 CODE: 0f8384feffff jae 0x77a21890
Eax=0 Ebx=7A0 Ecx=0 Edx=FFFFFFFC Edi=327E638 Esi=0 Ebp=327E60C Esp=327E5C0 Eip=77A21A06

ADDR: 77A21CED CODE: 7464 jz 0x77a21d53
Eax=327E601 Ebx=327E5E8 Ecx=2FF1724 Edx=327E5E4 Edi=2FF1724 Esi=327E688 Ebp=327E5A0 Esp=327E540 Eip=77A21CED

ADDR: 77A21D6D CODE: 0f848a000000 jz 0x77a21dfd
Eax=327E601 Ebx=327E5E8 Ecx=1 Edx=327E5E4 Edi=2FF1724 Esi=327E688 Ebp=327E5A0 Esp=327E540 Eip=77A21D6D

ADDR: 77A21E0F CODE: 0f8431010000 jz 0x77a21f46
Eax=327E601 Ebx=327E5E8 Ecx=FFFFF9FF Edx=327E5E4 Edi=2FF1724 Esi=6F8 Ebp=327E5A0 Esp=327E540 Eip=77A21E0F

ADDR: 77A21E3F CODE: 0f860effffff jbe 0x77a21d53
Eax=2FF1E7C Ebx=327E5E8 Ecx=0 Edx=2FF1E24 Edi=2FF1724 Esi=6F8 Ebp=327E5A0 Esp=327E540 Eip=77A21E3F

ADDR: 77A21E54 CODE: 0f87c1000000 ja 0x77a21f1b
Eax=8C Ebx=2FF1E7C Ecx=0 Edx=7A0 Edi=2FF1724 Esi=6F8 Ebp=327E5A0 Esp=327E540 Eip=77A21E54

ADDR: 77A21EA6 CODE: 72a8 jb 0x77a21e50
Eax=2FF1E24 Ebx=2FF1E80 Ecx=1 Edx=7A0 Edi=2FF1724 Esi=2FF17B0 Ebp=327E5A0 Esp=327E540 Eip=77A21EA6

ADDR: 77A218BC CODE: 0f8961010000 jns 0x77a21a23
Eax=C0150008 Ebx=7A0 Ecx=1A9D1114 Edx=7A0 Edi=327E638 Esi=0 Ebp=327E60C Esp=327E5C0 Eip=77A218BC

ADDR: 77A218F3 CODE: 7679 jbe 0x77a2196e
Eax=318E000 Ebx=3 Ecx=0 Edx=3191000 Edi=327E638 Esi=0 Ebp=327E60C Esp=327E5C0 Eip=77A218F3

ADDR: 77A218F8 CODE: 0f8773120600 ja 0x77a82b71
Eax=318E000 Ebx=3 Ecx=0 Edx=3191000 Edi=327E638 Esi=0 Ebp=327E60C Esp=327E5C0 Eip=77A218F8

ADDR: 77A213D9 CODE: 795e jns 0x77a21439
Eax=C0150008 Ebx=327E754 Ecx=0 Edx=3191000 Edi=0 Esi=C0150008 Ebp=327E6CC Esp=327E628 Eip=77A213D9

ADDR: 77A213E1 CODE: 0f8439140600 jz 0x77a82820
Eax=C0150008 Ebx=327E754 Ecx=0 Edx=3191000 Edi=0 Esi=C0150008 Ebp=327E6CC Esp=327E628 Eip=77A213E1

ADDR: 77A213EF CODE: 7411 jz 0x77a21402
Eax=327E6C0 Ebx=327E754 Ecx=327E6C0 Edx=3191000 Edi=0 Esi=C0150008 Ebp=327E6CC Esp=327E628 Eip=77A213EF

ADDR: 77A21407 CODE: 7405 jz 0x77a2140e
Eax=2 Ebx=327E754 Ecx=327E6C0 Edx=3191000 Edi=0 Esi=C0150008 Ebp=327E6CC Esp=327E628 Eip=77A21407

ADDR: 77A210FB CODE: 0f8997010000 jns 0x77a21298
Eax=C0150008 Ebx=0 Ecx=1A9D1114 Edx=3191000 Edi=327E86C Esi=C0150008 Ebp=327E82C Esp=327E6E0 Eip=77A210FB

ADDR: 77A21109 CODE: 7425 jz 0x77a21130
Eax=C0150008 Ebx=0 Ecx=1A9D1114 Edx=3191000 Edi=327E86C Esi=C0150008 Ebp=327E82C Esp=327E6E0 Eip=77A21109

ADDR: 77A21111 CODE: 740d jz 0x77a21120
Eax=327E76C Ebx=0 Ecx=1A9D1114 Edx=3191000 Edi=327E86C Esi=C0150008 Ebp=327E82C Esp=327E6E0 Eip=77A21111

ADDR: 77A21129 CODE: 7405 jz 0x77a21130
Eax=327E76C Ebx=0 Ecx=1A9D1114 Edx=3191000 Edi=327E86C Esi=C0150008 Ebp=327E82C Esp=327E6E0 Eip=77A21129

ADDR: 77A5B3CA CODE: 744f jz 0x77a5b41b
Eax=327E754 Ebx=0 Ecx=327E754 Edx=2C Edi=327E86C Esi=C0150008 Ebp=327E82C Esp=327E6D0 Eip=77A5B3CA

ADDR: 77A5B3D8 CODE: 7231 jb 0x77a5b40b
Eax=0 Ebx=0 Ecx=327E754 Edx=2C Edi=327E754 Esi=C0150008 Ebp=327E82C Esp=327E6CC Eip=77A5B3D8

ADDR: 77A5B3DF CODE: 740c jz 0x77a5b3ed
Eax=0 Ebx=0 Ecx=0 Edx=2C Edi=327E754 Esi=C0150008 Ebp=327E82C Esp=327E6CC Eip=77A5B3DF

ADDR: 77A5B403 CODE: 7406 jz 0x77a5b40b
Eax=0 Ebx=0 Ecx=B Edx=0 Edi=327E754 Esi=C0150008 Ebp=327E82C Esp=327E6CC Eip=77A5B403

ADDR: 77A5B409 CODE: 740a jz 0x77a5b415
Eax=0 Ebx=0 Ecx=0 Edx=0 Edi=327E780 Esi=C0150008 Ebp=327E82C Esp=327E6CC Eip=77A5B409

ADDR: 77A21153 CODE: 741a jz 0x77a2116f
Eax=327E780 Ebx=0 Ecx=0 Edx=0 Edi=327E86C Esi=C0150008 Ebp=327E82C Esp=327E6E0 Eip=77A21153

ADDR: 77A21179 CODE: 7405 jz 0x77a21180
Eax=327E780 Ebx=0 Ecx=0 Edx=0 Edi=327E86C Esi=C0150008 Ebp=327E82C Esp=327E6E0 Eip=77A21179

ADDR: 77A21197 CODE: 0f8460160600 jz 0x77a827fd
Eax=20 Ebx=0 Ecx=0 Edx=0 Edi=327E86C Esi=C0150008 Ebp=327E82C Esp=327E6E0 Eip=77A21197

ADDR: 77A242D2 CODE: 7827 js 0x77a242fb
Eax=C0150008 Ebx=327ECC0 Ecx=1A9D1114 Edx=0 Edi=327EAF0 Esi=0 Ebp=327EAC0 Esp=327E858 Eip=77A242D2

ADDR: 77A24308 CODE: 7402 jz 0x77a2430c
Eax=C0150008 Ebx=327ECC0 Ecx=1A9D1114 Edx=0 Edi=327EAF0 Esi=0 Ebp=327EAC0 Esp=327E858 Eip=77A24308

ADDR: 77A2430E CODE: 0f88eb010000 js 0x77a244ff
Eax=C0150008 Ebx=327ECC0 Ecx=1A9D1114 Edx=0 Edi=327EAF0 Esi=0 Ebp=327EAC0 Esp=327E858 Eip=77A2430E

ADDR: 77A24324 CODE: 7457 jz 0x77a2437d
Eax=C0150008 Ebx=327ECC0 Ecx=1A9D1100 Edx=0 Edi=327EAF0 Esi=0 Ebp=327EAC0 Esp=327E858 Eip=77A24324

ADDR: 77A2438A CODE: 7220 jb 0x77a243ac
Eax=921B24 Ebx=327ECC0 Ecx=1A9D1100 Edx=921B14 Edi=327EAF0 Esi=0 Ebp=327EAC0 Esp=327E858 Eip=77A2438A

ADDR: 77A24396 CODE: 0f84b3010000 jz 0x77a2454f
Eax=921B24 Ebx=327ECC0 Ecx=6C Edx=921B14 Edi=327EAF0 Esi=0 Ebp=327EAC0 Esp=327E858 Eip=77A24396

ADDR: 77A2439F CODE: 0f84aa010000 jz 0x77a2454f
Eax=921B24 Ebx=327ECC0 Ecx=6C Edx=921B14 Edi=327EAF0 Esi=0 Ebp=327EAC0 Esp=327E858 Eip=77A2439F

ADDR: 77A243AA CODE: 73e4 jae 0x77a24390
Eax=921B22 Ebx=327ECC0 Ecx=6C Edx=921B14 Edi=327EAF0 Esi=0 Ebp=327EAC0 Esp=327E858 Eip=77A243AA

ADDR: 77A24396 CODE: 0f84b3010000 jz 0x77a2454f
Eax=921B22 Ebx=327ECC0 Ecx=6C Edx=921B14 Edi=327EAF0 Esi=0 Ebp=327EAC0 Esp=327E858 Eip=77A24396

ADDR: 77A2439F CODE: 0f84aa010000 jz 0x77a2454f
Eax=921B22 Ebx=327ECC0 Ecx=6C Edx=921B14 Edi=327EAF0 Esi=0 Ebp=327EAC0 Esp=327E858 Eip=77A2439F

ADDR: 77A243AA CODE: 73e4 jae 0x77a24390
Eax=921B20 Ebx=327ECC0 Ecx=6C Edx=921B14 Edi=327EAF0 Esi=0 Ebp=327EAC0 Esp=327E858 Eip=77A243AA

ADDR: 77A24396 CODE: 0f84b3010000 jz 0x77a2454f
Eax=921B20 Ebx=327ECC0 Ecx=64 Edx=921B14 Edi=327EAF0 Esi=0 Ebp=327EAC0 Esp=327E858 Eip=77A24396

ADDR: 77A2439F CODE: 0f84aa010000 jz 0x77a2454f
Eax=921B20 Ebx=327ECC0 Ecx=64 Edx=921B14 Edi=327EAF0 Esi=0 Ebp=327EAC0 Esp=327E858 Eip=77A2439F

ADDR: 77A243AA CODE: 73e4 jae 0x77a24390
Eax=921B1E Ebx=327ECC0 Ecx=64 Edx=921B14 Edi=327EAF0 Esi=0 Ebp=327EAC0 Esp=327E858 Eip=77A243AA

ADDR: 77A24396 CODE: 0f84b3010000 jz 0x77a2454f
Eax=921B1E Ebx=327ECC0 Ecx=2E Edx=921B14 Edi=327EAF0 Esi=0 Ebp=327EAC0 Esp=327E858 Eip=77A24396

ADDR: 77A2439F CODE: 0f84aa010000 jz 0x77a2454f
Eax=921B1E Ebx=327ECC0 Ecx=2E Edx=921B14 Edi=327EAF0 Esi=0 Ebp=327EAC0 Esp=327E858 Eip=77A2439F

ADDR: 77A243AA CODE: 73e4 jae 0x77a24390
Eax=921B1C Ebx=327ECC0 Ecx=2E Edx=921B14 Edi=327EAF0 Esi=0 Ebp=327EAC0 Esp=327E858 Eip=77A243AA

ADDR: 77A24396 CODE: 0f84b3010000 jz 0x77a2454f
Eax=921B1C Ebx=327ECC0 Ecx=6C Edx=921B14 Edi=327EAF0 Esi=0 Ebp=327EAC0 Esp=327E858 Eip=77A24396

ADDR: 77A2439F CODE: 0f84aa010000 jz 0x77a2454f
Eax=921B1C Ebx=327ECC0 Ecx=6C Edx=921B14 Edi=327EAF0 Esi=0 Ebp=327EAC0 Esp=327E858 Eip=77A2439F

ADDR: 77A243AA CODE: 73e4 jae 0x77a24390
Eax=921B1A Ebx=327ECC0 Ecx=6C Edx=921B14 Edi=327EAF0 Esi=0 Ebp=327EAC0 Esp=327E858 Eip=77A243AA

ADDR: 77A24396 CODE: 0f84b3010000 jz 0x77a2454f
Eax=921B1A Ebx=327ECC0 Ecx=6C Edx=921B14 Edi=327EAF0 Esi=0 Ebp=327EAC0 Esp=327E858 Eip=77A24396

ADDR: 77A2439F CODE: 0f84aa010000 jz 0x77a2454f
Eax=921B1A Ebx=327ECC0 Ecx=6C Edx=921B14 Edi=327EAF0 Esi=0 Ebp=327EAC0 Esp=327E858 Eip=77A2439F

ADDR: 77A243AA CODE: 73e4 jae 0x77a24390
Eax=921B18 Ebx=327ECC0 Ecx=6C Edx=921B14 Edi=327EAF0 Esi=0 Ebp=327EAC0 Esp=327E858 Eip=77A243AA

ADDR: 77A24396 CODE: 0f84b3010000 jz 0x77a2454f
Eax=921B18 Ebx=327ECC0 Ecx=64 Edx=921B14 Edi=327EAF0 Esi=0 Ebp=327EAC0 Esp=327E858 Eip=77A24396

ADDR: 77A2439F CODE: 0f84aa010000 jz 0x77a2454f
Eax=921B18 Ebx=327ECC0 Ecx=64 Edx=921B14 Edi=327EAF0 Esi=0 Ebp=327EAC0 Esp=327E858 Eip=77A2439F

ADDR: 77A243AA CODE: 73e4 jae 0x77a24390
Eax=921B16 Ebx=327ECC0 Ecx=64 Edx=921B14 Edi=327EAF0 Esi=0 Ebp=327EAC0 Esp=327E858 Eip=77A243AA

ADDR: 77A24396 CODE: 0f84b3010000 jz 0x77a2454f
Eax=921B16 Ebx=327ECC0 Ecx=74 Edx=921B14 Edi=327EAF0 Esi=0 Ebp=327EAC0 Esp=327E858 Eip=77A24396

ADDR: 77A2439F CODE: 0f84aa010000 jz 0x77a2454f
Eax=921B16 Ebx=327ECC0 Ecx=74 Edx=921B14 Edi=327EAF0 Esi=0 Ebp=327EAC0 Esp=327E858 Eip=77A2439F

ADDR: 77A243AA CODE: 73e4 jae 0x77a24390
Eax=921B14 Ebx=327ECC0 Ecx=74 Edx=921B14 Edi=327EAF0 Esi=0 Ebp=327EAC0 Esp=327E858 Eip=77A243AA

ADDR: 77A24396 CODE: 0f84b3010000 jz 0x77a2454f
Eax=921B14 Ebx=327ECC0 Ecx=6E Edx=921B14 Edi=327EAF0 Esi=0 Ebp=327EAC0 Esp=327E858 Eip=77A24396

ADDR: 77A2439F CODE: 0f84aa010000 jz 0x77a2454f
Eax=921B14 Ebx=327ECC0 Ecx=6E Edx=921B14 Edi=327EAF0 Esi=0 Ebp=327EAC0 Esp=327E858 Eip=77A2439F

ADDR: 77A243AA CODE: 73e4 jae 0x77a24390
Eax=921B12 Ebx=327ECC0 Ecx=6E Edx=921B14 Edi=327EAF0 Esi=0 Ebp=327EAC0 Esp=327E858 Eip=77A243AA

ADDR: 77A243BD CODE: 7446 jz 0x77a24405
Eax=12 Ebx=327ECC0 Ecx=327EAE8 Edx=921B14 Edi=327EAF0 Esi=0 Ebp=327EAC0 Esp=327E858 Eip=77A243BD

ADDR: 77A20D4B CODE: 0f876e180600 ja 0x77a825bf
Eax=100 Ebx=327ECC0 Ecx=327EAF0 Edx=14 Edi=327EAF0 Esi=327EAF0 Ebp=327EAC0 Esp=327E850 Eip=77A20D4B

ADDR: 77A243D3 CODE: 782a js 0x77a243ff
Eax=0 Ebx=327ECC0 Ecx=327EAF0 Edx=14 Edi=327EAF0 Esi=0 Ebp=327EAC0 Esp=327E858 Eip=77A243D3

ADDR: 77A5AD36 CODE: 7608 jbe 0x77a5ad40
Eax=921B26 Ebx=327ECC0 Ecx=12 Edx=12 Edi=327EAF8 Esi=921B14 Ebp=327E844 Esp=327E83C Eip=77A5AD36

ADDR: 77A5AD3A CODE: 0f827c010000 jb 0x77a5aebc
Eax=921B26 Ebx=327ECC0 Ecx=12 Edx=12 Edi=327EAF8 Esi=921B14 Ebp=327E844 Esp=327E83C Eip=77A5AD3A

ADDR: 77A5AD51 CODE: 7229 jb 0x77a5ad7c
Eax=921B26 Ebx=327ECC0 Ecx=4 Edx=2 Edi=327EAF8 Esi=921B14 Ebp=327E844 Esp=327E83C Eip=77A5AD51

ADDR: 77A24407 CODE: 0f88f2000000 js 0x77a244ff
Eax=327EAF8 Ebx=327ECC0 Ecx=327EAE8 Edx=0 Edi=327EAF0 Esi=0 Ebp=327EAC0 Esp=327E858 Eip=77A24407

ADDR: 77A24413 CODE: 0f849b000000 jz 0x77a244b4
Eax=327EAF8 Ebx=327ECC0 Ecx=327EAE8 Edx=0 Edi=327EAF0 Esi=0 Ebp=327EAC0 Esp=327E858 Eip=77A24413

ADDR: 77A244C7 CODE: 7224 jb 0x77a244ed
Eax=921B24 Ebx=327ECC0 Ecx=327EAE8 Edx=921B14 Edi=327EAF0 Esi=0 Ebp=327EAC0 Esp=327E858 Eip=77A244C7

ADDR: 77A244D6 CODE: 0f84af000000 jz 0x77a2458b
Eax=921B24 Ebx=327ECC0 Ecx=6C Edx=921B14 Edi=327EAF0 Esi=0 Ebp=327EAC0 Esp=327E858 Eip=77A244D6

ADDR: 77A244DF CODE: 740c jz 0x77a244ed
Eax=921B24 Ebx=327ECC0 Ecx=6C Edx=921B14 Edi=327EAF0 Esi=0 Ebp=327EAC0 Esp=327E858 Eip=77A244DF

ADDR: 77A244E4 CODE: 7407 jz 0x77a244ed
Eax=921B24 Ebx=327ECC0 Ecx=6C Edx=921B14 Edi=327EAF0 Esi=0 Ebp=327EAC0 Esp=327E858 Eip=77A244E4

ADDR: 77A244EB CODE: 73e3 jae 0x77a244d0
Eax=921B22 Ebx=327ECC0 Ecx=6C Edx=921B14 Edi=327EAF0 Esi=0 Ebp=327EAC0 Esp=327E858 Eip=77A244EB

ADDR: 77A244D6 CODE: 0f84af000000 jz 0x77a2458b
Eax=921B22 Ebx=327ECC0 Ecx=6C Edx=921B14 Edi=327EAF0 Esi=0 Ebp=327EAC0 Esp=327E858 Eip=77A244D6

ADDR: 77A244DF CODE: 740c jz 0x77a244ed
Eax=921B22 Ebx=327ECC0 Ecx=6C Edx=921B14 Edi=327EAF0 Esi=0 Ebp=327EAC0 Esp=327E858 Eip=77A244DF

ADDR: 77A244E4 CODE: 7407 jz 0x77a244ed
Eax=921B22 Ebx=327ECC0 Ecx=6C Edx=921B14 Edi=327EAF0 Esi=0 Ebp=327EAC0 Esp=327E858 Eip=77A244E4

ADDR: 77A244EB CODE: 73e3 jae 0x77a244d0
Eax=921B20 Ebx=327ECC0 Ecx=6C Edx=921B14 Edi=327EAF0 Esi=0 Ebp=327EAC0 Esp=327E858 Eip=77A244EB

ADDR: 77A244D6 CODE: 0f84af000000 jz 0x77a2458b
Eax=921B20 Ebx=327ECC0 Ecx=64 Edx=921B14 Edi=327EAF0 Esi=0 Ebp=327EAC0 Esp=327E858 Eip=77A244D6

ADDR: 77A244DF CODE: 740c jz 0x77a244ed
Eax=921B20 Ebx=327ECC0 Ecx=64 Edx=921B14 Edi=327EAF0 Esi=0 Ebp=327EAC0 Esp=327E858 Eip=77A244DF

ADDR: 77A244E4 CODE: 7407 jz 0x77a244ed
Eax=921B20 Ebx=327ECC0 Ecx=64 Edx=921B14 Edi=327EAF0 Esi=0 Ebp=327EAC0 Esp=327E858 Eip=77A244E4

ADDR: 77A244EB CODE: 73e3 jae 0x77a244d0
Eax=921B1E Ebx=327ECC0 Ecx=64 Edx=921B14 Edi=327EAF0 Esi=0 Ebp=327EAC0 Esp=327E858 Eip=77A244EB

ADDR: 77A244D6 CODE: 0f84af000000 jz 0x77a2458b
Eax=921B1E Ebx=327ECC0 Ecx=2E Edx=921B14 Edi=327EAF0 Esi=0 Ebp=327EAC0 Esp=327E858 Eip=77A244D6

ADDR: 77A24598 CODE: 7216 jb 0x77a245b0
Eax=327EB08 Ebx=327ECC0 Ecx=327EAF8 Edx=921B14 Edi=327EAF0 Esi=0 Ebp=327EAC0 Esp=327E858 Eip=77A24598

ADDR: 77A24526 CODE: 7412 jz 0x77a2453a
Eax=327EB08 Ebx=327ECC0 Ecx=0 Edx=FFFE Edi=327EAF0 Esi=0 Ebp=327EAC0 Esp=327E858 Eip=77A24526

ADDR: 77A24618 CODE: 7902 jns 0x77a2461c
Eax=3191000 Ebx=327ECC0 Ecx=FFFFE000 Edx=0 Edi=327EAF0 Esi=0 Ebp=327E848 Esp=327E818 Eip=77A24618

ADDR: 77A24638 CODE: 7902 jns 0x77a2463c
Eax=3191000 Ebx=327ECC0 Ecx=FFFFE000 Edx=0 Edi=327EAF0 Esi=0 Ebp=327E848 Esp=327E818 Eip=77A24638

ADDR: 77A20A1E CODE: 782e js 0x77a20a4e
Eax=0 Ebx=327EC28 Ecx=1A9D1114 Edx=0 Edi=327EC1C Esi=0 Ebp=327EC04 Esp=327EAD0 Eip=77A20A1E

ADDR: 77A1FFF7 CODE: 7411 jz 0x77a2000a
Eax=327EAE4 Ebx=20 Ecx=327EAF0 Edx=327EC28 Edi=327EC1C Esi=327EAF0 Ebp=327EABC Esp=327E980 Eip=77A1FFF7

ADDR: 77A24ACC CODE: 7429 jz 0x77a24af7
Eax=327EAF0 Ebx=0 Ecx=327EAF0 Edx=0 Edi=327EAF8 Esi=9 Ebp=327E96C Esp=327E948 Eip=77A24ACC

ADDR: 77A68F7B CODE: 7243 jb 0x77a68fc0
Eax=327EAF0 Ebx=0 Ecx=3390004 Edx=6E Edi=327EAFA Esi=3390004 Ebp=327E96C Esp=327E940 Eip=77A68F7B

ADDR: 77A68F81 CODE: 7705 ja 0x77a68f88
Eax=327EAF0 Ebx=0 Ecx=3390004 Edx=6E Edi=327EAFA Esi=3390004 Ebp=327E96C Esp=327E940 Eip=77A68F81

ADDR: 77A68F7B CODE: 7243 jb 0x77a68fc0
Eax=0 Ebx=4E Ecx=3390004 Edx=74 Edi=327EAFC Esi=3390004 Ebp=327E96C Esp=327E940 Eip=77A68F7B

ADDR: 77A68F81 CODE: 7705 ja 0x77a68f88
Eax=0 Ebx=4E Ecx=3390004 Edx=74 Edi=327EAFC Esi=3390004 Ebp=327E96C Esp=327E940 Eip=77A68F81

ADDR: 77A68F7B CODE: 7243 jb 0x77a68fc0
Eax=4E1332 Ebx=4E1386 Ecx=3390004 Edx=64 Edi=327EAFE Esi=3390004 Ebp=327E96C Esp=327E940 Eip=77A68F7B

ADDR: 77A68F81 CODE: 7705 ja 0x77a68f88
Eax=4E1332 Ebx=4E1386 Ecx=3390004 Edx=64 Edi=327EAFE Esi=3390004 Ebp=327E96C Esp=327E940 Eip=77A68F81

ADDR: 77A68F7B CODE: 7243 jb 0x77a68fc0
Eax=26BCCDFA Ebx=26BCCE3E Ecx=3390004 Edx=6C Edi=327EB00 Esi=3390004 Ebp=327E96C Esp=327E940 Eip=77A68F7B

ADDR: 77A68F81 CODE: 7705 ja 0x77a68f88
Eax=26BCCDFA Ebx=26BCCE3E Ecx=3390004 Edx=6C Edi=327EB00 Esi=3390004 Ebp=327E96C Esp=327E940 Eip=77A68F81

ADDR: 77A68F7B CODE: 7243 jb 0x77a68fc0
Eax=56B4C142 Ebx=56B4C18E Ecx=3390004 Edx=6C Edi=327EB02 Esi=3390004 Ebp=327E96C Esp=327E940 Eip=77A68F7B

ADDR: 77A68F81 CODE: 7705 ja 0x77a68f88
Eax=56B4C142 Ebx=56B4C18E Ecx=3390004 Edx=6C Edi=327EB02 Esi=3390004 Ebp=327E96C Esp=327E940 Eip=77A68F81

ADDR: 77A68F7B CODE: 7243 jb 0x77a68fc0
Eax=1809A1F2 Ebx=1809A23E Ecx=3390004 Edx=2E Edi=327EB04 Esi=3390004 Ebp=327E96C Esp=327E940 Eip=77A68F7B

ADDR: 77A68F7B CODE: 7243 jb 0x77a68fc0
Eax=8C9CED42 Ebx=8C9CED70 Ecx=3390004 Edx=64 Edi=327EB06 Esi=3390004 Ebp=327E96C Esp=327E940 Eip=77A68F7B

ADDR: 77A68F81 CODE: 7705 ja 0x77a68f88
Eax=8C9CED42 Ebx=8C9CED70 Ecx=3390004 Edx=64 Edi=327EB06 Esi=3390004 Ebp=327E96C Esp=327E940 Eip=77A68F81

ADDR: 77A68F7B CODE: 7243 jb 0x77a68fc0
Eax=880E6E90 Ebx=880E6ED4 Ecx=3390004 Edx=6C Edi=327EB08 Esi=3390004 Ebp=327E96C Esp=327E940 Eip=77A68F7B

ADDR: 77A68F81 CODE: 7705 ja 0x77a68f88
Eax=880E6E90 Ebx=880E6ED4 Ecx=3390004 Edx=6C Edi=327EB08 Esi=3390004 Ebp=327E96C Esp=327E940 Eip=77A68F81

ADDR: 77A68F7B CODE: 7243 jb 0x77a68fc0
Eax=EA61462C Ebx=EA614678 Ecx=3390004 Edx=6C Edi=327EB0A Esi=3390004 Ebp=327E96C Esp=327E940 Eip=77A68F7B

ADDR: 77A68F81 CODE: 7705 ja 0x77a68f88
Eax=EA61462C Ebx=EA614678 Ecx=3390004 Edx=6C Edi=327EB0A Esi=3390004 Ebp=327E96C Esp=327E940 Eip=77A68F81

ADDR: 77A2EA1E CODE: 0f83d9010000 jae 0x77a2ebfd
Eax=327EAF0 Ebx=F46857D4 Ecx=F46857D4 Edx=6C Edi=77B091DC Esi=0 Ebp=327E93C Esp=327E8E0 Eip=77A2EA1E

ADDR: 77A24B29 CODE: 0f849a000000 jz 0x77a24bc9
Eax=77B08840 Ebx=F46857D4 Ecx=F4685700 Edx=6C Edi=35524AC Esi=0 Ebp=327E96C Esp=327E948 Eip=77A24B29

ADDR: 77A24B3C CODE: 7406 jz 0x77a24b44
Eax=77B08840 Ebx=F46857D4 Ecx=F4685700 Edx=6C Edi=35524AC Esi=3552470 Ebp=327E96C Esp=327E948 Eip=77A24B3C

ADDR: 77A24B4A CODE: 7418 jz 0x77a24b64
Eax=77B08840 Ebx=F46857D4 Ecx=0 Edx=6C Edi=35524AC Esi=3552470 Ebp=327E96C Esp=327E948 Eip=77A24B4A

ADDR: 77A24861 CODE: 7360 jae 0x77a248c3
Eax=12 Ebx=327EB0A Ecx=355249C Edx=12 Edi=35524AC Esi=327EAF8 Ebp=327E934 Esp=327E924 Eip=77A24861

ADDR: 77A2486C CODE: 7445 jz 0x77a248b3
Eax=12 Ebx=327EB0A Ecx=7476C0E8 Edx=12 Edi=35524AC Esi=327EAF8 Ebp=327E934 Esp=327E924 Eip=77A2486C

ADDR: 77A2487B CODE: 7424 jz 0x77a248a1
Eax=6E Ebx=327EB0A Ecx=7476C0E8 Edx=6E Edi=35524AC Esi=327EAF8 Ebp=327E934 Esp=327E924 Eip=77A2487B

ADDR: 77A248A6 CODE: 72c9 jb 0x77a24871
Eax=6E Ebx=327EB0A Ecx=7476C0E8 Edx=6E Edi=35524AC Esi=327EAFA Ebp=327E934 Esp=327E924 Eip=77A248A6

ADDR: 77A2487B CODE: 7424 jz 0x77a248a1
Eax=74 Ebx=327EB0A Ecx=7476C0E8 Edx=74 Edi=35524AC Esi=327EAFA Ebp=327E934 Esp=327E924 Eip=77A2487B

ADDR: 77A248A6 CODE: 72c9 jb 0x77a24871
Eax=74 Ebx=327EB0A Ecx=7476C0E8 Edx=74 Edi=35524AC Esi=327EAFC Ebp=327E934 Esp=327E924 Eip=77A248A6

ADDR: 77A2487B CODE: 7424 jz 0x77a248a1
Eax=64 Ebx=327EB0A Ecx=7476C0E8 Edx=64 Edi=35524AC Esi=327EAFC Ebp=327E934 Esp=327E924 Eip=77A2487B

ADDR: 77A248A6 CODE: 72c9 jb 0x77a24871
Eax=64 Ebx=327EB0A Ecx=7476C0E8 Edx=64 Edi=35524AC Esi=327EAFE Ebp=327E934 Esp=327E924 Eip=77A248A6

ADDR: 77A2487B CODE: 7424 jz 0x77a248a1
Eax=6C Ebx=327EB0A Ecx=7476C0E8 Edx=6C Edi=35524AC Esi=327EAFE Ebp=327E934 Esp=327E924 Eip=77A2487B

ADDR: 77A248A6 CODE: 72c9 jb 0x77a24871
Eax=6C Ebx=327EB0A Ecx=7476C0E8 Edx=6C Edi=35524AC Esi=327EB00 Ebp=327E934 Esp=327E924 Eip=77A248A6

ADDR: 77A2487B CODE: 7424 jz 0x77a248a1
Eax=6C Ebx=327EB0A Ecx=7476C0E8 Edx=6C Edi=35524AC Esi=327EB00 Ebp=327E934 Esp=327E924 Eip=77A2487B

ADDR: 77A248A6 CODE: 72c9 jb 0x77a24871
Eax=6C Ebx=327EB0A Ecx=7476C0E8 Edx=6C Edi=35524AC Esi=327EB02 Ebp=327E934 Esp=327E924 Eip=77A248A6

ADDR: 77A2487B CODE: 7424 jz 0x77a248a1
Eax=2E Ebx=327EB0A Ecx=7476C0E8 Edx=2E Edi=35524AC Esi=327EB02 Ebp=327E934 Esp=327E924 Eip=77A2487B

ADDR: 77A248A6 CODE: 72c9 jb 0x77a24871
Eax=2E Ebx=327EB0A Ecx=7476C0E8 Edx=2E Edi=35524AC Esi=327EB04 Ebp=327E934 Esp=327E924 Eip=77A248A6

ADDR: 77A2487B CODE: 7424 jz 0x77a248a1
Eax=64 Ebx=327EB0A Ecx=7476C0E8 Edx=64 Edi=35524AC Esi=327EB04 Ebp=327E934 Esp=327E924 Eip=77A2487B

ADDR: 77A248A6 CODE: 72c9 jb 0x77a24871
Eax=64 Ebx=327EB0A Ecx=7476C0E8 Edx=64 Edi=35524AC Esi=327EB06 Ebp=327E934 Esp=327E924 Eip=77A248A6

ADDR: 77A2487B CODE: 7424 jz 0x77a248a1
Eax=6C Ebx=327EB0A Ecx=7476C0E8 Edx=6C Edi=35524AC Esi=327EB06 Ebp=327E934 Esp=327E924 Eip=77A2487B

ADDR: 77A248A6 CODE: 72c9 jb 0x77a24871
Eax=6C Ebx=327EB0A Ecx=7476C0E8 Edx=6C Edi=35524AC Esi=327EB08 Ebp=327E934 Esp=327E924 Eip=77A248A6

ADDR: 77A2487B CODE: 7424 jz 0x77a248a1
Eax=6C Ebx=327EB0A Ecx=7476C0E8 Edx=6C Edi=35524AC Esi=327EB08 Ebp=327E934 Esp=327E924 Eip=77A2487B

ADDR: 77A248A6 CODE: 72c9 jb 0x77a24871
Eax=6C Ebx=327EB0A Ecx=7476C0E8 Edx=6C Edi=35524AC Esi=327EB0A Ebp=327E934 Esp=327E924 Eip=77A248A6

ADDR: 77A24BB1 CODE: 740f jz 0x77a24bc2
Eax=3552530 Ebx=F46857D4 Ecx=7476C001 Edx=6C Edi=35524AC Esi=3552470 Ebp=327E96C Esp=327E948 Eip=77A24BB1

ADDR: 77A24B91 CODE: 7436 jz 0x77a24bc9
Eax=327EC1C Ebx=F46857D4 Ecx=7476C001 Edx=6C Edi=35524AC Esi=3552470 Ebp=327E96C Esp=327E948 Eip=77A24B91

ADDR: 77A24B9A CODE: 7432 jz 0x77a24bce
Eax=327EC1C Ebx=F46857D4 Ecx=327EAE4 Edx=6C Edi=35524AC Esi=0 Ebp=327E96C Esp=327E948 Eip=77A24B9A

ADDR: 77A24BE7 CODE: 7474 jz 0x77a24c5d
Eax=0 Ebx=F46857D4 Ecx=1 Edx=6C Edi=0 Esi=0 Ebp=327E96C Esp=327E948 Eip=77A24BE7

ADDR: 77A24C5F CODE: 7415 jz 0x77a24c76
Eax=0 Ebx=F46857D4 Ecx=1 Edx=6C Edi=0 Esi=0 Ebp=327E96C Esp=327E948 Eip=77A24C5F

ADDR: 77A24C7E CODE: 7453 jz 0x77a24cd3
Eax=7FFE0384 Ebx=F46857D4 Ecx=1 Edx=6C Edi=0 Esi=0 Ebp=327E96C Esp=327E948 Eip=77A24C7E

ADDR: 77A6A71E CODE: 7410 jz 0x77a6a730
Eax=0 Ebx=20 Ecx=1 Edx=6C Edi=4 Esi=779E171C Ebp=327E960 Esp=327E954 Eip=77A6A71E

ADDR: 77A6A738 CODE: 7443 jz 0x77a6a77d
Eax=7FFE0384 Ebx=20 Ecx=1 Edx=6C Edi=4 Esi=779E171C Ebp=327E960 Esp=327E954 Eip=77A6A738

ADDR: 77A6A78A CODE: 7419 jz 0x77a6a7a5
Eax=9 Ebx=20 Ecx=0 Edx=6C Edi=4 Esi=779E171C Ebp=327E960 Esp=327E954 Eip=77A6A78A

ADDR: 77A6A7A8 CODE: 7401 jz 0x77a6a7ab
Eax=9 Ebx=20 Ecx=0 Edx=6C Edi=4 Esi=779E171C Ebp=327E960 Esp=327E954 Eip=77A6A7A8

ADDR: 77A20A3F CODE: 780d js 0x77a20a4e
Eax=0 Ebx=327EC28 Ecx=1A9D1114 Edx=6C Edi=327EC1C Esi=0 Ebp=327EC04 Esp=327EAD0 Eip=77A20A3F

ADDR: 77A20A48 CODE: 0f8c6e1a0600 jl 0x77a824bc
Eax=0 Ebx=327EC28 Ecx=1A9D1114 Edx=6C Edi=327EC1C Esi=0 Ebp=327EC04 Esp=327EAD0 Eip=77A20A48

ADDR: 77A20A85 CODE: 7412 jz 0x77a20a99
Eax=0 Ebx=327EC28 Ecx=1A9D1114 Edx=6C Edi=327EC1C Esi=0 Ebp=327EC04 Esp=327EAD0 Eip=77A20A85

ADDR: 77A24618 CODE: 7902 jns 0x77a2461c
Eax=3191000 Ebx=327EC28 Ecx=FFFFE000 Edx=0 Edi=327EC1C Esi=0 Ebp=327EAC0 Esp=327EA90 Eip=77A24618

ADDR: 77A24638 CODE: 7902 jns 0x77a2463c
Eax=3191000 Ebx=327EC28 Ecx=FFFFE000 Edx=0 Edi=327EC1C Esi=0 Ebp=327EAC0 Esp=327EA90 Eip=77A24638

ADDR: 77A1FF35 CODE: 7837 js 0x77a1ff6e
Eax=0 Ebx=1 Ecx=1A9D1114 Edx=0 Edi=0 Esi=0 Ebp=327EC84 Esp=327EC10 Eip=77A1FF35

ADDR: 77A1FF3D CODE: 7409 jz 0x77a1ff48
Eax=0 Ebx=1 Ecx=1A9D1114 Edx=0 Edi=3552470 Esi=0 Ebp=327EC84 Esp=327EC10 Eip=77A1FF3D

ADDR: 77A1FF60 CODE: 7405 jz 0x77a1ff67
Eax=0 Ebx=1 Ecx=327ECC8 Edx=0 Edi=3552470 Esi=0 Ebp=327EC84 Esp=327EC10 Eip=77A1FF60

ADDR: 77A24785 CODE: 7408 jz 0x77a2478f
Eax=3552530 Ebx=1 Ecx=3552470 Edx=0 Edi=3552470 Esi=3552470 Ebp=327EC84 Esp=327EC00 Eip=77A24785

ADDR: 77A1FF73 CODE: 7409 jz 0x77a1ff7e
Eax=3552530 Ebx=1 Ecx=3552470 Edx=0 Edi=3552470 Esi=0 Ebp=327EC84 Esp=327EC10 Eip=77A1FF73

ADDR: 77A6A71E CODE: 7410 jz 0x77a6a730
Eax=0 Ebx=1 Ecx=3552470 Edx=0 Edi=4 Esi=779E171C Ebp=327EBF0 Esp=327EBE4 Eip=77A6A71E

ADDR: 77A6A738 CODE: 7443 jz 0x77a6a77d
Eax=7FFE0384 Ebx=1 Ecx=3552470 Edx=0 Edi=4 Esi=779E171C Ebp=327EBF0 Esp=327EBE4 Eip=77A6A738

ADDR: 77A6A78A CODE: 7419 jz 0x77a6a7a5
Eax=9 Ebx=1 Ecx=0 Edx=0 Edi=4 Esi=779E171C Ebp=327EBF0 Esp=327EBE4 Eip=77A6A78A

ADDR: 77A6A7A8 CODE: 7401 jz 0x77a6a7ab
Eax=9 Ebx=1 Ecx=0 Edx=0 Edi=4 Esi=779E171C Ebp=327EBF0 Esp=327EBE4 Eip=77A6A7A8

ADDR: 772EFCCC CODE: 7805 js 0x772efcd3
Eax=0 Ebx=1 Ecx=1A9D1114 Edx=0 Edi=35A3660 Esi=0 Ebp=327ECCC Esp=327ECB8 Eip=772EFCCC

ADDR: 77A1A015 CODE: 0f84af000000 jz 0x77a1a0ca
Eax=327ECA0 Ebx=327ECA4 Ecx=779E0000 Edx=327ECA4 Edi=779E0000 Esi=0 Ebp=327EC8C Esp=327EC80 Eip=77A1A015

ADDR: 77A1A02E CODE: 0f8496000000 jz 0x77a1a0ca
Eax=327ECA0 Ebx=327ECA4 Ecx=327ECA0 Edx=327ECA4 Edi=779E0000 Esi=3552470 Ebp=327EC8C Esp=327EC80 Eip=77A1A02E

ADDR: 77A19CF5 CODE: 7819 js 0x77a19d10
Eax=0 Ebx=1 Ecx=327ECA0 Edx=327ECA4 Edi=35A3660 Esi=0 Ebp=327ECA8 Esp=327EC98 Eip=77A19CF5

ADDR: 77A2EA1E CODE: 0f83d9010000 jae 0x77a2ebfd
Eax=0 Ebx=77B091DC Ecx=3552470 Edx=327ECA4 Edi=77B091DC Esi=3552470 Ebp=327EC7C Esp=327EC20 Eip=77A2EA1E

ADDR: 77A19449 CODE: 7408 jz 0x77a19453
Eax=0 Ebx=77B091DC Ecx=3552530 Edx=327ECA4 Edi=0 Esi=3552470 Ebp=327ECA8 Esp=327EC88 Eip=77A19449

ADDR: 77A24785 CODE: 7408 jz 0x77a2478f
Eax=3552530 Ebx=1 Ecx=3552470 Edx=327ECA4 Edi=3552470 Esi=3552470 Ebp=327ECA8 Esp=327EC88 Eip=77A24785

ADDR: 772EFC90 CODE: 7841 js 0x772efcd3
Eax=0 Ebx=1 Ecx=3552470 Edx=327ECA4 Edi=35A3660 Esi=0 Ebp=327ECCC Esp=327ECB8 Eip=772EFC90

ADDR: 772EFC9A CODE: 7402 jz 0x772efc9e
Eax=779E0000 Ebx=1 Ecx=327ED6C Edx=327ECA4 Edi=35A3660 Esi=0 Ebp=327ECCC Esp=327ECB8 Eip=772EFC9A

ADDR: 772EECC2 CODE: 766a jbe 0x772eed2e
Eax=1 Ebx=0 Ecx=327ED6C Edx=327ECA4 Edi=FFFF Esi=FC Ebp=327ECCC Esp=327ECB8 Eip=772EECC2

ADDR: 77A57294 CODE: 741e jz 0x77a572b4
Eax=327ECC0 Ebx=0 Ecx=327ED6C Edx=327ECC0 Edi=924EE8 Esi=FC Ebp=327ECCC Esp=327ECA8 Eip=77A57294

ADDR: 77A572A5 CODE: 7605 jbe 0x77a572ac
Eax=0 Ebx=0 Ecx=19 Edx=327ECC0 Edi=924F01 Esi=FC Ebp=327ECCC Esp=327ECA8 Eip=77A572A5

ADDR: 772EECD6 CODE: 0f8487000000 jz 0x772eed63
Eax=0 Ebx=779E0000 Ecx=18 Edx=327ECC0 Edi=FFFF Esi=FC Ebp=327ECCC Esp=327ECB8 Eip=772EECD6

ADDR: 77A2FA1B CODE: 7418 jz 0x77a2fa35
Eax=9354C7 Ebx=779E0000 Ecx=327ECC0 Edx=327ECC0 Edi=FFFF Esi=327ECC0 Ebp=327EC98 Esp=327EBB8 Eip=77A2FA1B

ADDR: 77A2FA41 CODE: 0f8490000000 jz 0x77a2fad7
Eax=9354C7 Ebx=779E0000 Ecx=327ECC0 Edx=327ECC0 Edi=FFFF Esi=327ECC0 Ebp=327EC98 Esp=327EBB8 Eip=77A2FA41

ADDR: 77A2FA53 CODE: 720f jb 0x77a2fa64
Eax=19 Ebx=18 Ecx=327ECC0 Edx=327ECC0 Edi=19 Esi=327ECC0 Ebp=327EC98 Esp=327EBB8 Eip=77A2FA53

ADDR: 77A2FA62 CODE: 747b jz 0x77a2fadf
Eax=924EE8 Ebx=18 Ecx=327ECC0 Edx=327ECC0 Edi=19 Esi=327ECC0 Ebp=327EC98 Esp=327EBB8 Eip=77A2FA62

ADDR: 77A2FAFD CODE: 0f8401030000 jz 0x77a2fe04
Eax=924EE8 Ebx=779E0000 Ecx=1000 Edx=327ECC0 Edi=0 Esi=35A6947 Ebp=327EC98 Esp=327EBB8 Eip=77A2FAFD

ADDR: 77A2FC16 CODE: 0f84e8010000 jz 0x77a2fe04
Eax=3552530 Ebx=779E0000 Ecx=1000 Edx=3552470 Edi=0 Esi=9 Ebp=327EC98 Esp=327EBB8 Eip=77A2FC16

ADDR: 77A2FC31 CODE: 7d26 jge 0x77a2fc59
Eax=3191000 Ebx=779E0000 Ecx=1000 Edx=3552470 Edi=0 Esi=9 Ebp=327EC98 Esp=327EBB8 Eip=77A2FC31

ADDR: 77A2EA1E CODE: 0f83d9010000 jae 0x77a2ebfd
Eax=3191000 Ebx=327EBE0 Ecx=9354C7 Edx=327EBE0 Edi=77B091DC Esi=9 Ebp=327EB94 Esp=327EB40 Eip=77A2EA1E

ADDR: 77A962D3 CODE: 740e jz 0x77a962e3
Eax=35525D0 Ebx=327EBE0 Ecx=9354C7 Edx=327EBE0 Edi=9354C7 Esi=3557F18 Ebp=327EBAC Esp=327EBA0 Eip=77A962D3

ADDR: 77A962EE CODE: 7304 jae 0x77a962f4
Eax=35525D0 Ebx=327EBE0 Ecx=0 Edx=327EBE0 Edi=9354C7 Esi=3557F18 Ebp=327EBAC Esp=327EBA0 Eip=77A962EE

ADDR: 77A96303 CODE: 7408 jz 0x77a9630d
Eax=355C840 Ebx=327EBE0 Ecx=0 Edx=327EBE0 Edi=9354C7 Esi=3557F18 Ebp=327EBAC Esp=327EBA0 Eip=77A96303

ADDR: 77A962EE CODE: 7304 jae 0x77a962f4
Eax=355C840 Ebx=327EBE0 Ecx=0 Edx=327EBE0 Edi=9354C7 Esi=355C840 Ebp=327EBAC Esp=327EBA0 Eip=77A962EE

ADDR: 77A96303 CODE: 7408 jz 0x77a9630d
Eax=355B300 Ebx=327EBE0 Ecx=0 Edx=327EBE0 Edi=9354C7 Esi=355C840 Ebp=327EBAC Esp=327EBA0 Eip=77A96303

ADDR: 77A962EE CODE: 7304 jae 0x77a962f4
Eax=355B300 Ebx=327EBE0 Ecx=0 Edx=327EBE0 Edi=9354C7 Esi=355B300 Ebp=327EBAC Esp=327EBA0 Eip=77A962EE

ADDR: 77A96303 CODE: 7408 jz 0x77a9630d
Eax=355C540 Ebx=327EBE0 Ecx=0 Edx=327EBE0 Edi=9354C7 Esi=355B300 Ebp=327EBAC Esp=327EBA0 Eip=77A96303

ADDR: 77A962EE CODE: 7304 jae 0x77a962f4
Eax=355C540 Ebx=327EBE0 Ecx=0 Edx=327EBE0 Edi=9354C7 Esi=355C540 Ebp=327EBAC Esp=327EBA0 Eip=77A962EE

ADDR: 77A96303 CODE: 7408 jz 0x77a9630d
Eax=35525D0 Ebx=327EBE0 Ecx=0 Edx=327EBE0 Edi=9354C7 Esi=355C540 Ebp=327EBAC Esp=327EBA0 Eip=77A96303

ADDR: 77A962EE CODE: 7304 jae 0x77a962f4
Eax=35525D0 Ebx=327EBE0 Ecx=0 Edx=327EBE0 Edi=9354C7 Esi=35525D0 Ebp=327EBAC Esp=327EBA0 Eip=77A962EE

ADDR: 77A962FC CODE: 7217 jb 0x77a96315
Eax=96D000 Ebx=327EBE0 Ecx=0 Edx=327EBE0 Edi=9354C7 Esi=35525D0 Ebp=327EBAC Esp=327EBA0 Eip=77A962FC

ADDR: 77A96317 CODE: 742c jz 0x77a96345
Eax=96D000 Ebx=327EBE0 Ecx=0 Edx=327EBE0 Edi=9354C7 Esi=35525D0 Ebp=327EBAC Esp=327EBA0 Eip=77A96317

ADDR: 77A96323 CODE: 740f jz 0x77a96334
Eax=3552628 Ebx=327EBE0 Ecx=3552568 Edx=327EBE0 Edi=9354C7 Esi=35525D0 Ebp=327EBAC Esp=327EBA0 Eip=77A96323

ADDR: 77A9633B CODE: 7408 jz 0x77a96345
Eax=3552628 Ebx=327EBE0 Ecx=3552568 Edx=0 Edi=9354C7 Esi=35525D0 Ebp=327EBAC Esp=327EBA0 Eip=77A9633B

ADDR: 77A5B3CA CODE: 744f jz 0x77a5b41b
Eax=327EB48 Ebx=1 Ecx=327EB48 Edx=50 Edi=35504B0 Esi=327EB48 Ebp=327EB0C Esp=327EAF0 Eip=77A5B3CA

ADDR: 77A5B3D8 CODE: 7231 jb 0x77a5b40b
Eax=0 Ebx=1 Ecx=327EB48 Edx=50 Edi=327EB48 Esi=327EB48 Ebp=327EB0C Esp=327EAEC Eip=77A5B3D8

ADDR: 77A5B3DF CODE: 740c jz 0x77a5b3ed
Eax=0 Ebx=1 Ecx=0 Edx=50 Edi=327EB48 Esi=327EB48 Ebp=327EB0C Esp=327EAEC Eip=77A5B3DF

ADDR: 77A5B403 CODE: 7406 jz 0x77a5b40b
Eax=0 Ebx=1 Ecx=14 Edx=0 Edi=327EB48 Esi=327EB48 Ebp=327EB0C Esp=327EAEC Eip=77A5B403

ADDR: 77A5B409 CODE: 740a jz 0x77a5b415
Eax=0 Ebx=1 Ecx=0 Edx=0 Edi=327EB98 Esi=327EB48 Ebp=327EB0C Esp=327EAEC Eip=77A5B409

ADDR: 77A11961 CODE: 743d jz 0x77a119a0
Eax=327EB48 Ebx=327EBE8 Ecx=3552568 Edx=0 Edi=3552470 Esi=924EE8 Ebp=327EBA0 Esp=327EB14 Eip=77A11961

ADDR: 77A1196A CODE: 7434 jz 0x77a119a0
Eax=0 Ebx=327EBE8 Ecx=3552568 Edx=0 Edi=3552470 Esi=924EE8 Ebp=327EBA0 Esp=327EB14 Eip=77A1196A

ADDR: 77A6A043 CODE: 741e jz 0x77a6a063
Eax=0 Ebx=327EBE8 Ecx=3552500 Edx=0 Edi=3552470 Esi=924EE8 Ebp=327EBA0 Esp=327EB18 Eip=77A6A043

ADDR: 77A2D2E2 CODE: 740c jz 0x77a2d2f0
Eax=327EAD4 Ebx=779E0000 Ecx=779E0000 Edx=924E01 Edi=3552470 Esi=327EAD4 Ebp=327EAC0 Esp=327EAB0 Eip=77A2D2E2

ADDR: 77A2DA4F CODE: 0f84636a0500 jz 0x77a844b8
Eax=327EA84 Ebx=779E0000 Ecx=0 Edx=327EAB8 Edi=3552470 Esi=327EAD4 Ebp=327EA94 Esp=327EA60 Eip=77A2DA4F

ADDR: 77A2DA6B CODE: 0f84476a0500 jz 0x77a844b8
Eax=779E0000 Ebx=1 Ecx=0 Edx=327EAB8 Edi=3552470 Esi=327EAD4 Ebp=327EA94 Esp=327EA60 Eip=77A2DA6B

ADDR: 77A2DA74 CODE: 0f843e6a0500 jz 0x77a844b8
Eax=779E0000 Ebx=1 Ecx=0 Edx=327EAB8 Edi=3552470 Esi=327EAD4 Ebp=327EA94 Esp=327EA60 Eip=77A2DA74

ADDR: 77A2DA80 CODE: 746b jz 0x77a2daed
Eax=779E0000 Ebx=1 Ecx=0 Edx=327EAB8 Edi=0 Esi=327EAD4 Ebp=327EA94 Esp=327EA60 Eip=77A2DA80

ADDR: 77A2DAA5 CODE: 0f83b9690500 jae 0x77a84464
Eax=779E0000 Ebx=0 Ecx=E0 Edx=5A4D Edi=0 Esi=0 Ebp=327EA94 Esp=327EA60 Eip=77A2DAA5

ADDR: 77A2DAB2 CODE: 0f82bc690500 jb 0x77a84474
Eax=779E0000 Ebx=0 Ecx=779E00E0 Edx=5A4D Edi=0 Esi=0 Ebp=327EA94 Esp=327EA60 Eip=77A2DAB2

ADDR: 77A2DAD5 CODE: 7802 js 0x77a2dad9
Eax=0 Ebx=0 Ecx=779E00E0 Edx=327EAB8 Edi=0 Esi=0 Ebp=327EA94 Esp=327EA60 Eip=77A2DAD5

ADDR: 77A2D305 CODE: 743b jz 0x77a2d342
Eax=0 Ebx=779E0000 Ecx=19BAFB80 Edx=779E00E0 Edi=3552470 Esi=327EAD4 Ebp=327EAC0 Esp=327EAB0 Eip=77A2D305

ADDR: 77A2D321 CODE: 7353 jae 0x77a2d376
Eax=10B Ebx=779E0000 Ecx=0 Edx=779E00E0 Edi=3552470 Esi=327EAD4 Ebp=327EAC0 Esp=327EAAC Eip=77A2D321

ADDR: 77A2D329 CODE: 741f jz 0x77a2d34a
Eax=10B Ebx=779E0000 Ecx=0 Edx=779E00E0 Edi=110360 Esi=327EAD4 Ebp=327EAC0 Esp=327EAAC Eip=77A2D329

ADDR: 77A2D338 CODE: 741e jz 0x77a2d358
Eax=327EB00 Ebx=779E0000 Ecx=132E0 Edx=779E00E0 Edi=110360 Esi=327EAD4 Ebp=327EAC0 Esp=327EAAC Eip=77A2D338

ADDR: 77A2D2AD CODE: 7807 js 0x77a2d2b6
Eax=0 Ebx=924EE8 Ecx=132E0 Edx=779E00E0 Edi=3552470 Esi=779E0000 Ebp=327EAD8 Esp=327EAD4 Eip=77A2D2AD

ADDR: 77A041B4 CODE: 7443 jz 0x77a041f9
Eax=77AF0360 Ebx=924EE8 Ecx=132E0 Edx=779E00E0 Edi=77AF0360 Esi=779E0000 Ebp=327EB08 Esp=327EAF0 Eip=77A041B4

ADDR: 77A041B8 CODE: 744d jz 0x77a04207
Eax=77AF0360 Ebx=924EE8 Ecx=132E0 Edx=779E00E0 Edi=77AF0360 Esi=779E0000 Ebp=327EB08 Esp=327EAF0 Eip=77A041B8

ADDR: 77A6A71E CODE: 7410 jz 0x77a6a730
Eax=0 Ebx=924EE8 Ecx=132E0 Edx=779E00E0 Edi=2 Esi=779E1704 Ebp=327EAD0 Esp=327EAC4 Eip=77A6A71E

ADDR: 77A6A738 CODE: 7443 jz 0x77a6a77d
Eax=7FFE0384 Ebx=924EE8 Ecx=132E0 Edx=779E00E0 Edi=2 Esi=779E1704 Ebp=327EAD0 Esp=327EAC4 Eip=77A6A738

ADDR: 77A6A78A CODE: 7419 jz 0x77a6a7a5
Eax=5 Ebx=924EE8 Ecx=0 Edx=779E00E0 Edi=2 Esi=779E1704 Ebp=327EAD0 Esp=327EAC4 Eip=77A6A78A

ADDR: 77A6A7A8 CODE: 7401 jz 0x77a6a7ab
Eax=5 Ebx=924EE8 Ecx=0 Edx=779E00E0 Edi=2 Esi=779E1704 Ebp=327EAD0 Esp=327EAC4 Eip=77A6A7A8

ADDR: 77A042BA CODE: 720b jb 0x77a042c7
Eax=9A5 Ebx=0 Ecx=924EE8 Edx=924EE8 Edi=9A4 Esi=FFFFFFFF Ebp=327EAD8 Esp=327EAC8 Eip=77A042BA

ADDR: 77A042CC CODE: 7859 js 0x77a04327
Eax=9A4 Ebx=0 Ecx=779E0000 Edx=924EE8 Edi=9A4 Esi=4D2 Ebp=327EAD8 Esp=327EAC8 Eip=77A042CC

ADDR: 77A04307 CODE: 744c jz 0x77a04355
Eax=FFFFFFFF Ebx=0 Ecx=924EE8 Edx=924E4E Edi=9A4 Esi=4D2 Ebp=327EAD8 Esp=327EAC8 Eip=77A04307

ADDR: 77A04309 CODE: 7905 jns 0x77a04310
Eax=FFFFFFFF Ebx=0 Ecx=924EE8 Edx=924E4E Edi=9A4 Esi=4D2 Ebp=327EAD8 Esp=327EAC8 Eip=77A04309

ADDR: 77A04325 CODE: 7da9 jge 0x77a042d0
Eax=4D1 Ebx=0 Ecx=779E0000 Edx=924EE8 Edi=4D1 Esi=268 Ebp=327EAD8 Esp=327EAC8 Eip=77A04325

ADDR: 77A042E8 CODE: 7412 jz 0x77a042fc
Eax=77AF991C Ebx=0 Ecx=924EE8 Edx=924E4E Edi=4D1 Esi=268 Ebp=327EAD8 Esp=327EAC8 Eip=77A042E8

ADDR: 77A04307 CODE: 744c jz 0x77a04355
Eax=FFFFFFFF Ebx=0 Ecx=924EEA Edx=924E51 Edi=4D1 Esi=268 Ebp=327EAD8 Esp=327EAC8 Eip=77A04307

ADDR: 77A04309 CODE: 7905 jns 0x77a04310
Eax=FFFFFFFF Ebx=0 Ecx=924EEA Edx=924E51 Edi=4D1 Esi=268 Ebp=327EAD8 Esp=327EAC8 Eip=77A04309

ADDR: 77A04325 CODE: 7da9 jge 0x77a042d0
Eax=267 Ebx=0 Ecx=779E0000 Edx=924EE8 Edi=267 Esi=133 Ebp=327EAD8 Esp=327EAC8 Eip=77A04325

ADDR: 77A042E8 CODE: 7412 jz 0x77a042fc
Eax=77AF7FE2 Ebx=0 Ecx=924EE8 Edx=924E4E Edi=267 Esi=133 Ebp=327EAD8 Esp=327EAC8 Eip=77A042E8

ADDR: 77A04307 CODE: 744c jz 0x77a04355
Eax=1 Ebx=0 Ecx=924EEA Edx=924E51 Edi=267 Esi=133 Ebp=327EAD8 Esp=327EAC8 Eip=77A04307

ADDR: 77A04309 CODE: 7905 jns 0x77a04310
Eax=1 Ebx=0 Ecx=924EEA Edx=924E51 Edi=267 Esi=133 Ebp=327EAD8 Esp=327EAC8 Eip=77A04309

ADDR: 77A04325 CODE: 7da9 jge 0x77a042d0
Eax=39B Ebx=134 Ecx=779E0000 Edx=924EE8 Edi=267 Esi=1CD Ebp=327EAD8 Esp=327EAC8 Eip=77A04325

ADDR: 77A042E8 CODE: 7412 jz 0x77a042fc
Eax=77AF8BA9 Ebx=134 Ecx=924EE8 Edx=924E4E Edi=267 Esi=1CD Ebp=327EAD8 Esp=327EAC8 Eip=77A042E8

ADDR: 77A04307 CODE: 744c jz 0x77a04355
Eax=1 Ebx=134 Ecx=924EEA Edx=924E51 Edi=267 Esi=1CD Ebp=327EAD8 Esp=327EAC8 Eip=77A04307

ADDR: 77A04309 CODE: 7905 jns 0x77a04310
Eax=1 Ebx=134 Ecx=924EEA Edx=924E51 Edi=267 Esi=1CD Ebp=327EAD8 Esp=327EAC8 Eip=77A04309

ADDR: 77A04325 CODE: 7da9 jge 0x77a042d0
Eax=435 Ebx=1CE Ecx=779E0000 Edx=924EE8 Edi=267 Esi=21A Ebp=327EAD8 Esp=327EAC8 Eip=77A04325

ADDR: 77A042E8 CODE: 7412 jz 0x77a042fc
Eax=77AF9275 Ebx=1CE Ecx=924EE8 Edx=924E4E Edi=267 Esi=21A Ebp=327EAD8 Esp=327EAC8 Eip=77A042E8

ADDR: 77A04307 CODE: 744c jz 0x77a04355
Eax=FFFFFFFF Ebx=1CE Ecx=924EEA Edx=924E51 Edi=267 Esi=21A Ebp=327EAD8 Esp=327EAC8 Eip=77A04307

ADDR: 77A04309 CODE: 7905 jns 0x77a04310
Eax=FFFFFFFF Ebx=1CE Ecx=924EEA Edx=924E51 Edi=267 Esi=21A Ebp=327EAD8 Esp=327EAC8 Eip=77A04309

ADDR: 77A04325 CODE: 7da9 jge 0x77a042d0
Eax=3E7 Ebx=1CE Ecx=779E0000 Edx=924EE8 Edi=219 Esi=1F3 Ebp=327EAD8 Esp=327EAC8 Eip=77A04325

ADDR: 77A042E8 CODE: 7412 jz 0x77a042fc
Eax=77AF8F33 Ebx=1CE Ecx=924EE8 Edx=924E4E Edi=219 Esi=1F3 Ebp=327EAD8 Esp=327EAC8 Eip=77A042E8

ADDR: 77A042E8 CODE: 7412 jz 0x77a042fc
Eax=77AF8F35 Ebx=1CE Ecx=924EEA Edx=924E51 Edi=219 Esi=1F3 Ebp=327EAD8 Esp=327EAC8 Eip=77A042E8

ADDR: 77A042E8 CODE: 7412 jz 0x77a042fc
Eax=77AF8F37 Ebx=1CE Ecx=924EEC Edx=924E65 Edi=219 Esi=1F3 Ebp=327EAD8 Esp=327EAC8 Eip=77A042E8

ADDR: 77A042E8 CODE: 7412 jz 0x77a042fc
Eax=77AF8F39 Ebx=1CE Ecx=924EEE Edx=924E79 Edi=219 Esi=1F3 Ebp=327EAD8 Esp=327EAC8 Eip=77A042E8

ADDR: 77A04307 CODE: 744c jz 0x77a04355
Eax=1 Ebx=1CE Ecx=924EEE Edx=924E53 Edi=219 Esi=1F3 Ebp=327EAD8 Esp=327EAC8 Eip=77A04307

ADDR: 77A04309 CODE: 7905 jns 0x77a04310
Eax=1 Ebx=1CE Ecx=924EEE Edx=924E53 Edi=219 Esi=1F3 Ebp=327EAD8 Esp=327EAC8 Eip=77A04309

ADDR: 77A04325 CODE: 7da9 jge 0x77a042d0
Eax=40D Ebx=1F4 Ecx=779E0000 Edx=924EE8 Edi=219 Esi=206 Ebp=327EAD8 Esp=327EAC8 Eip=77A04325

ADDR: 77A042E8 CODE: 7412 jz 0x77a042fc
Eax=77AF90EE Ebx=1F4 Ecx=924EE8 Edx=924E4E Edi=219 Esi=206 Ebp=327EAD8 Esp=327EAC8 Eip=77A042E8

ADDR: 77A042E8 CODE: 7412 jz 0x77a042fc
Eax=77AF90F0 Ebx=1F4 Ecx=924EEA Edx=924E51 Edi=219 Esi=206 Ebp=327EAD8 Esp=327EAC8 Eip=77A042E8

ADDR: 77A042E8 CODE: 7412 jz 0x77a042fc
Eax=77AF90F2 Ebx=1F4 Ecx=924EEC Edx=924E65 Edi=219 Esi=206 Ebp=327EAD8 Esp=327EAC8 Eip=77A042E8

ADDR: 77A042E8 CODE: 7412 jz 0x77a042fc
Eax=77AF90F4 Ebx=1F4 Ecx=924EEE Edx=924E79 Edi=219 Esi=206 Ebp=327EAD8 Esp=327EAC8 Eip=77A042E8

ADDR: 77A042E8 CODE: 7412 jz 0x77a042fc
Eax=77AF90F6 Ebx=1F4 Ecx=924EF0 Edx=924E79 Edi=219 Esi=206 Ebp=327EAD8 Esp=327EAC8 Eip=77A042E8

ADDR: 77A042E8 CODE: 7412 jz 0x77a042fc
Eax=77AF90F8 Ebx=1F4 Ecx=924EF2 Edx=924E74 Edi=219 Esi=206 Ebp=327EAD8 Esp=327EAC8 Eip=77A042E8

ADDR: 77A042E8 CODE: 7412 jz 0x77a042fc
Eax=77AF90FA Ebx=1F4 Ecx=924EF4 Edx=924E6D Edi=219 Esi=206 Ebp=327EAD8 Esp=327EAC8 Eip=77A042E8

ADDR: 77A04307 CODE: 744c jz 0x77a04355
Eax=FFFFFFFF Ebx=1F4 Ecx=924EF4 Edx=924E49 Edi=219 Esi=206 Ebp=327EAD8 Esp=327EAC8 Eip=77A04307

ADDR: 77A04309 CODE: 7905 jns 0x77a04310
Eax=FFFFFFFF Ebx=1F4 Ecx=924EF4 Edx=924E49 Edi=219 Esi=206 Ebp=327EAD8 Esp=327EAC8 Eip=77A04309

ADDR: 77A04325 CODE: 7da9 jge 0x77a042d0
Eax=3F9 Ebx=1F4 Ecx=779E0000 Edx=924EE8 Edi=205 Esi=1FC Ebp=327EAD8 Esp=327EAC8 Eip=77A04325

ADDR: 77A042E8 CODE: 7412 jz 0x77a042fc
Eax=77AF8FF7 Ebx=1F4 Ecx=924EE8 Edx=924E4E Edi=205 Esi=1FC Ebp=327EAD8 Esp=327EAC8 Eip=77A042E8

ADDR: 77A042E8 CODE: 7412 jz 0x77a042fc
Eax=77AF8FF9 Ebx=1F4 Ecx=924EEA Edx=924E51 Edi=205 Esi=1FC Ebp=327EAD8 Esp=327EAC8 Eip=77A042E8

ADDR: 77A042E8 CODE: 7412 jz 0x77a042fc
Eax=77AF8FFB Ebx=1F4 Ecx=924EEC Edx=924E65 Edi=205 Esi=1FC Ebp=327EAD8 Esp=327EAC8 Eip=77A042E8

ADDR: 77A042E8 CODE: 7412 jz 0x77a042fc
Eax=77AF8FFD Ebx=1F4 Ecx=924EEE Edx=924E79 Edi=205 Esi=1FC Ebp=327EAD8 Esp=327EAC8 Eip=77A042E8

ADDR: 77A04307 CODE: 744c jz 0x77a04355
Eax=1 Ebx=1F4 Ecx=924EF0 Edx=924E79 Edi=205 Esi=1FC Ebp=327EAD8 Esp=327EAC8 Eip=77A04307

ADDR: 77A04309 CODE: 7905 jns 0x77a04310
Eax=1 Ebx=1F4 Ecx=924EF0 Edx=924E79 Edi=205 Esi=1FC Ebp=327EAD8 Esp=327EAC8 Eip=77A04309

ADDR: 77A04325 CODE: 7da9 jge 0x77a042d0
Eax=402 Ebx=1FD Ecx=779E0000 Edx=924EE8 Edi=205 Esi=201 Ebp=327EAD8 Esp=327EAC8 Eip=77A04325

ADDR: 77A042E8 CODE: 7412 jz 0x77a042fc
Eax=77AF9062 Ebx=1FD Ecx=924EE8 Edx=924E4E Edi=205 Esi=201 Ebp=327EAD8 Esp=327EAC8 Eip=77A042E8

ADDR: 77A042E8 CODE: 7412 jz 0x77a042fc
Eax=77AF9064 Ebx=1FD Ecx=924EEA Edx=924E51 Edi=205 Esi=201 Ebp=327EAD8 Esp=327EAC8 Eip=77A042E8

ADDR: 77A042E8 CODE: 7412 jz 0x77a042fc
Eax=77AF9066 Ebx=1FD Ecx=924EEC Edx=924E65 Edi=205 Esi=201 Ebp=327EAD8 Esp=327EAC8 Eip=77A042E8

ADDR: 77A042E8 CODE: 7412 jz 0x77a042fc
Eax=77AF9068 Ebx=1FD Ecx=924EEE Edx=924E79 Edi=205 Esi=201 Ebp=327EAD8 Esp=327EAC8 Eip=77A042E8

ADDR: 77A042E8 CODE: 7412 jz 0x77a042fc
Eax=77AF906A Ebx=1FD Ecx=924EF0 Edx=924E79 Edi=205 Esi=201 Ebp=327EAD8 Esp=327EAC8 Eip=77A042E8

ADDR: 77A04307 CODE: 744c jz 0x77a04355
Eax=1 Ebx=1FD Ecx=924EF0 Edx=924E73 Edi=205 Esi=201 Ebp=327EAD8 Esp=327EAC8 Eip=77A04307

ADDR: 77A04309 CODE: 7905 jns 0x77a04310
Eax=1 Ebx=1FD Ecx=924EF0 Edx=924E73 Edi=205 Esi=201 Ebp=327EAD8 Esp=327EAC8 Eip=77A04309

ADDR: 77A04325 CODE: 7da9 jge 0x77a042d0
Eax=407 Ebx=202 Ecx=779E0000 Edx=924EE8 Edi=205 Esi=203 Ebp=327EAD8 Esp=327EAC8 Eip=77A04325

ADDR: 77A042E8 CODE: 7412 jz 0x77a042fc
Eax=77AF909A Ebx=202 Ecx=924EE8 Edx=924E4E Edi=205 Esi=203 Ebp=327EAD8 Esp=327EAC8 Eip=77A042E8

ADDR: 77A042E8 CODE: 7412 jz 0x77a042fc
Eax=77AF909C Ebx=202 Ecx=924EEA Edx=924E51 Edi=205 Esi=203 Ebp=327EAD8 Esp=327EAC8 Eip=77A042E8

ADDR: 77A042E8 CODE: 7412 jz 0x77a042fc
Eax=77AF909E Ebx=202 Ecx=924EEC Edx=924E65 Edi=205 Esi=203 Ebp=327EAD8 Esp=327EAC8 Eip=77A042E8

ADDR: 77A042E8 CODE: 7412 jz 0x77a042fc
Eax=77AF90A0 Ebx=202 Ecx=924EEE Edx=924E79 Edi=205 Esi=203 Ebp=327EAD8 Esp=327EAC8 Eip=77A042E8

ADDR: 77A042E8 CODE: 7412 jz 0x77a042fc
Eax=77AF90A2 Ebx=202 Ecx=924EF0 Edx=924E79 Edi=205 Esi=203 Ebp=327EAD8 Esp=327EAC8 Eip=77A042E8

ADDR: 77A042E8 CODE: 7412 jz 0x77a042fc
Eax=77AF90A4 Ebx=202 Ecx=924EF2 Edx=924E74 Edi=205 Esi=203 Ebp=327EAD8 Esp=327EAC8 Eip=77A042E8

ADDR: 77A042E8 CODE: 7412 jz 0x77a042fc
Eax=77AF90A6 Ebx=202 Ecx=924EF4 Edx=924E6D Edi=205 Esi=203 Ebp=327EAD8 Esp=327EAC8 Eip=77A042E8

ADDR: 77A04307 CODE: 744c jz 0x77a04355
Eax=1 Ebx=202 Ecx=924EF4 Edx=924E49 Edi=205 Esi=203 Ebp=327EAD8 Esp=327EAC8 Eip=77A04307

ADDR: 77A04309 CODE: 7905 jns 0x77a04310
Eax=1 Ebx=202 Ecx=924EF4 Edx=924E49 Edi=205 Esi=203 Ebp=327EAD8 Esp=327EAC8 Eip=77A04309

ADDR: 77A04325 CODE: 7da9 jge 0x77a042d0
Eax=409 Ebx=204 Ecx=779E0000 Edx=924EE8 Edi=205 Esi=204 Ebp=327EAD8 Esp=327EAC8 Eip=77A04325

ADDR: 77A042E8 CODE: 7412 jz 0x77a042fc
Eax=77AF90BA Ebx=204 Ecx=924EE8 Edx=924E4E Edi=205 Esi=204 Ebp=327EAD8 Esp=327EAC8 Eip=77A042E8

ADDR: 77A042E8 CODE: 7412 jz 0x77a042fc
Eax=77AF90BC Ebx=204 Ecx=924EEA Edx=924E51 Edi=205 Esi=204 Ebp=327EAD8 Esp=327EAC8 Eip=77A042E8

ADDR: 77A042E8 CODE: 7412 jz 0x77a042fc
Eax=77AF90BE Ebx=204 Ecx=924EEC Edx=924E65 Edi=205 Esi=204 Ebp=327EAD8 Esp=327EAC8 Eip=77A042E8

ADDR: 77A042E8 CODE: 7412 jz 0x77a042fc
Eax=77AF90C0 Ebx=204 Ecx=924EEE Edx=924E79 Edi=205 Esi=204 Ebp=327EAD8 Esp=327EAC8 Eip=77A042E8

ADDR: 77A042E8 CODE: 7412 jz 0x77a042fc
Eax=77AF90C2 Ebx=204 Ecx=924EF0 Edx=924E79 Edi=205 Esi=204 Ebp=327EAD8 Esp=327EAC8 Eip=77A042E8

ADDR: 77A042E8 CODE: 7412 jz 0x77a042fc
Eax=77AF90C4 Ebx=204 Ecx=924EF2 Edx=924E74 Edi=205 Esi=204 Ebp=327EAD8 Esp=327EAC8 Eip=77A042E8

ADDR: 77A042E8 CODE: 7412 jz 0x77a042fc
Eax=77AF90C6 Ebx=204 Ecx=924EF4 Edx=924E6D Edi=205 Esi=204 Ebp=327EAD8 Esp=327EAC8 Eip=77A042E8

ADDR: 77A042E8 CODE: 7412 jz 0x77a042fc
Eax=77AF90C8 Ebx=204 Ecx=924EF6 Edx=924E6E Edi=205 Esi=204 Ebp=327EAD8 Esp=327EAC8 Eip=77A042E8

ADDR: 77A042E8 CODE: 7412 jz 0x77a042fc
Eax=77AF90CA Ebx=204 Ecx=924EF8 Edx=924E6F Edi=205 Esi=204 Ebp=327EAD8 Esp=327EAC8 Eip=77A042E8

ADDR: 77A042E8 CODE: 7412 jz 0x77a042fc
Eax=77AF90CC Ebx=204 Ecx=924EFA Edx=924E6D Edi=205 Esi=204 Ebp=327EAD8 Esp=327EAC8 Eip=77A042E8

ADDR: 77A042E8 CODE: 7412 jz 0x77a042fc
Eax=77AF90CE Ebx=204 Ecx=924EFC Edx=924E74 Edi=205 Esi=204 Ebp=327EAD8 Esp=327EAC8 Eip=77A042E8

ADDR: 77A042E8 CODE: 7412 jz 0x77a042fc
Eax=77AF90D0 Ebx=204 Ecx=924EFE Edx=924E6F Edi=205 Esi=204 Ebp=327EAD8 Esp=327EAC8 Eip=77A042E8

ADDR: 77A042E8 CODE: 7412 jz 0x77a042fc
Eax=77AF90D2 Ebx=204 Ecx=924F00 Edx=924E00 Edi=205 Esi=204 Ebp=327EAD8 Esp=327EAC8 Eip=77A042E8

ADDR: 77A04307 CODE: 744c jz 0x77a04355
Eax=0 Ebx=204 Ecx=924F00 Edx=924E00 Edi=205 Esi=204 Ebp=327EAD8 Esp=327EAC8 Eip=77A04307

ADDR: 77A041F7 CODE: 7937 jns 0x77a04230
Eax=20B Ebx=924EE8 Ecx=924F00 Edx=924E00 Edi=77AF0360 Esi=20B Ebp=327EB08 Esp=327EAF0 Eip=77A041F7

ADDR: 77A04233 CODE: 7215 jb 0x77a0424a
Eax=20B Ebx=924EE8 Ecx=924F00 Edx=924E00 Edi=77AF0360 Esi=20B Ebp=327EB08 Esp=327EAF0 Eip=77A04233

ADDR: 77A0425F CODE: 7217 jb 0x77a04278
Eax=327EBE8 Ebx=924EE8 Ecx=77A54EE0 Edx=924E00 Edi=77AF0360 Esi=20B Ebp=327EB08 Esp=327EAF0 Eip=77A0425F

ADDR: 77A6A107 CODE: 7417 jz 0x77a6a120
Eax=0 Ebx=327EBE8 Ecx=77A54EE0 Edx=924E00 Edi=3552470 Esi=0 Ebp=327EBA0 Esp=327EB18 Eip=77A6A107

ADDR: 77A6A10B CODE: 7813 js 0x77a6a120
Eax=0 Ebx=327EBE8 Ecx=77A54EE0 Edx=924E00 Edi=3552470 Esi=0 Ebp=327EBA0 Esp=327EB18 Eip=77A6A10B

ADDR: 77A6A111 CODE: 7405 jz 0x77a6a118
Eax=0 Ebx=327EBE8 Ecx=77A54EE0 Edx=924E00 Edi=3552470 Esi=0 Ebp=327EBA0 Esp=327EB18 Eip=77A6A111

ADDR: 77A2AB9C CODE: 7314 jae 0x77a2abb2
Eax=1 Ebx=779E0000 Ecx=779E0000 Edx=924E00 Edi=3552470 Esi=0 Ebp=327EB10 Esp=327EAF0 Eip=77A2AB9C

ADDR: 77A2ABBB CODE: 73e1 jae 0x77a2ab9e
Eax=77B8A000 Ebx=779E0000 Ecx=779E0000 Edx=924E00 Edi=3552470 Esi=0 Ebp=327EB10 Esp=327EAF0 Eip=77A2ABBB

ADDR: 77A2ABAB CODE: 74e2 jz 0x77a2ab8f
Eax=77B8A000 Ebx=779E0000 Ecx=779E0000 Edx=924E00 Edi=327EB10 Esi=77B0C370 Ebp=327EB10 Esp=327EAF0 Eip=77A2ABAB

ADDR: 77A6A12B CODE: 7903 jns 0x77a6a130
Eax=77B8A000 Ebx=327EBE8 Ecx=327EB48 Edx=924E00 Edi=3552470 Esi=0 Ebp=327EBA0 Esp=327EB18 Eip=77A6A12B

ADDR: 77A2FCB6 CODE: 7405 jz 0x77a2fcbd
Eax=0 Ebx=0 Ecx=3552568 Edx=924E00 Edi=3552470 Esi=9 Ebp=327EC98 Esp=327EBB8 Eip=77A2FCB6

ADDR: 77A24785 CODE: 7408 jz 0x77a2478f
Eax=3552628 Ebx=0 Ecx=3552568 Edx=924E00 Edi=3552470 Esi=3552568 Ebp=327EC98 Esp=327EBA8 Eip=77A24785

ADDR: 77A2FCBF CODE: 7854 js 0x77a2fd15
Eax=3552628 Ebx=0 Ecx=3552568 Edx=924E00 Edi=3552470 Esi=9 Ebp=327EC98 Esp=327EBB8 Eip=77A2FCBF

ADDR: 77A2FD52 CODE: 7419 jz 0x77a2fd6d
Eax=3552628 Ebx=0 Ecx=3552568 Edx=924E00 Edi=3552470 Esi=9354C7 Ebp=327EC98 Esp=327EBB8 Eip=77A2FD52

ADDR: 77A2FD74 CODE: 74ab jz 0x77a2fd21
Eax=3552628 Ebx=0 Ecx=3552568 Edx=924E00 Edi=3552470 Esi=9354C7 Ebp=327EC98 Esp=327EBB8 Eip=77A2FD74

ADDR: 77A2FD27 CODE: 0f84a3000000 jz 0x77a2fdd0
Eax=3552628 Ebx=0 Ecx=3552568 Edx=924E00 Edi=3552470 Esi=9354C7 Ebp=327EC98 Esp=327EBB8 Eip=77A2FD27

ADDR: 77A24785 CODE: 7408 jz 0x77a2478f
Eax=3552530 Ebx=0 Ecx=3552470 Edx=924E00 Edi=3552470 Esi=3552470 Ebp=327EC98 Esp=327EBA8 Eip=77A24785

ADDR: 77A2FE16 CODE: 7411 jz 0x77a2fe29
Eax=3552530 Ebx=0 Ecx=3552470 Edx=924E00 Edi=3552470 Esi=924EE8 Ebp=327EC98 Esp=327EBB8 Eip=77A2FE16

ADDR: 77A2FE2B CODE: 7868 js 0x77a2fe95
Eax=3552530 Ebx=0 Ecx=3552470 Edx=924E00 Edi=3552470 Esi=924EE8 Ebp=327EC98 Esp=327EBB8 Eip=77A2FE2B

ADDR: 77A2FE38 CODE: 745b jz 0x77a2fe95
Eax=FA0000 Ebx=0 Ecx=3552470 Edx=924E00 Edi=3552470 Esi=924EE8 Ebp=327EC98 Esp=327EBB8 Eip=77A2FE38

ADDR: 772EED03 CODE: 7853 js 0x772eed58
Eax=0 Ebx=779E0000 Ecx=1A9D1114 Edx=924E00 Edi=FFFF Esi=FC Ebp=327ECCC Esp=327ECB8 Eip=772EED03

ADDR: 772EED07 CODE: 0f84c67b0700 jz 0x773668d3
Eax=0 Ebx=779E0000 Ecx=1A9D1114 Edx=924E00 Edi=FFFF Esi=FC Ebp=327ECCC Esp=327ECB8 Eip=772EED07

ADDR: 772EED1F CODE: 0f84bc7b0700 jz 0x773668e1
Eax=779E0000 Ebx=779E0000 Ecx=1A9D1114 Edx=924E00 Edi=FFFF Esi=FC Ebp=327ECCC Esp=327ECB8 Eip=772EED1F

ADDR: 9354CB CODE: 7495 jz 0x935462
Eax=77A54EE0 Ebx=0 Ecx=1A9D1114 Edx=924E00 Edi=35A3660 Esi=77A54EE0 Ebp=327F9E8 Esp=327ECF0 Eip=9354CB

ADDR: 77A78DEB CODE: 730a jae 0x77a78df7
Eax=EF4A9DC Ebx=0 Ecx=77A54EE0 Edx=55555555 Edi=35A3660 Esi=77A54EE0 Ebp=327F9E8 Esp=327ECDC Eip=77A78DEB

