ADDR: 2A3280 CODE: 7404 jz 0x2a3286
Eax=54592 Ebx=2517000 Ecx=A9B1784 Edx=140000 Edi=BB40E64E Esi=FFFF0000 Ebp=236FD68 Esp=236FD50 Eip=2A3280

ADDR: 772C3FB9 CODE: 7306 jae 0x772c3fc1
Eax=236FD48 Ebx=2517000 Ecx=F564E87B Edx=140000 Edi=2A2C90 Esi=2A2C90 Ebp=236FCD4 Esp=236FCD4 Eip=772C3FB9

ADDR: 772A4CFF CODE: 0f8426e60500 jz 0x7730332b
Eax=7FFFFFF Ebx=0 Ecx=0 Edx=0 Edi=0 Esi=2700000 Ebp=236FBC8 Esp=236FBC0 Eip=772A4CFF

ADDR: 772A4D11 CODE: 0f842be60500 jz 0x77303342
Eax=7FFFFFF Ebx=0 Ecx=2700000 Edx=80 Edi=0 Esi=2700000 Ebp=236FBC8 Esp=236FBC0 Eip=772A4D11

ADDR: 772A4E6C CODE: 760c jbe 0x772a4e7a
Eax=0 Ebx=2700000 Ecx=0 Edx=80 Edi=80 Esi=2700000 Ebp=236FBB0 Esp=236FB38 Eip=772A4E6C

ADDR: 772A4E9D CODE: 742b jz 0x772a4eca
Eax=0 Ebx=2700000 Ecx=0 Edx=0 Edi=80 Esi=2700000 Ebp=236FBB0 Esp=236FB38 Eip=772A4E9D

ADDR: 772A4ED5 CODE: 7445 jz 0x772a4f1c
Eax=0 Ebx=2700000 Ecx=0 Edx=0 Edi=80 Esi=0 Ebp=236FBB0 Esp=236FB38 Eip=772A4ED5

ADDR: 772A4F4B CODE: 0f87f5090000 ja 0x772a5946
Eax=80 Ebx=2700000 Ecx=0 Edx=11 Edi=80 Esi=88 Ebp=236FBB0 Esp=236FB38 Eip=772A4F4B

ADDR: 772A4F6F CODE: 0f84ce090000 jz 0x772a5943
Eax=2 Ebx=2700000 Ecx=1 Edx=0 Edi=80 Esi=88 Ebp=236FBB0 Esp=236FB38 Eip=772A4F6F

ADDR: 772A594F CODE: 7211 jb 0x772a5962
Eax=2700270 Ebx=2700000 Ecx=1 Edx=11 Edi=80 Esi=88 Ebp=236FBB0 Esp=236FB38 Eip=772A594F

ADDR: 772A5967 CODE: 0f838c030000 jae 0x772a5cf9
Eax=2700270 Ebx=2700000 Ecx=11 Edx=11 Edi=80 Esi=88 Ebp=236FBB0 Esp=236FB38 Eip=772A5967

ADDR: 772A597C CODE: 7402 jz 0x772a5980
Eax=2700270 Ebx=2700000 Ecx=11 Edx=11 Edi=80 Esi=88 Ebp=236FBB0 Esp=236FB38 Eip=772A597C

ADDR: 772A5F44 CODE: 7329 jae 0x772a5f6f
Eax=236FB10 Ebx=2 Ecx=2700000 Edx=2 Edi=2700000 Esi=11 Ebp=236FB20 Esp=236F9A0 Eip=772A5F44

ADDR: 772A5F53 CODE: 730c jae 0x772a5f61
Eax=236FB10 Ebx=2 Ecx=2700001 Edx=11 Edi=2700000 Esi=11 Ebp=236FB20 Esp=236F9A0 Eip=772A5F53

ADDR: 772A6022 CODE: 7415 jz 0x772a6039
Eax=236FB80 Ebx=0 Ecx=2700001 Edx=11 Edi=2700000 Esi=11 Ebp=236FB20 Esp=236F9A0 Eip=772A6022

ADDR: 772C3F37 CODE: 7316 jae 0x772c3f4f
Eax=2700258 Ebx=0 Ecx=270025C Edx=251A000 Edi=2700000 Esi=11 Ebp=236F994 Esp=236F994 Eip=772C3F37

ADDR: 772A60CB CODE: 7407 jz 0x772a60d4
Eax=1 Ebx=0 Ecx=6858 Edx=251A000 Edi=2700000 Esi=11 Ebp=236FB20 Esp=236F9A0 Eip=772A60CB

ADDR: 772A60DA CODE: 0f8739170000 ja 0x772a7819
Eax=1 Ebx=0 Ecx=6858 Edx=11 Edi=2700000 Esi=11 Ebp=236FB20 Esp=236F9A0 Eip=772A60DA

ADDR: 772A60F4 CODE: 723a jb 0x772a6130
Eax=80 Ebx=0 Ecx=6858 Edx=11 Edi=2700000 Esi=11 Ebp=236FB20 Esp=236F9A0 Eip=772A60F4

ADDR: 772A6136 CODE: 0f87d5000000 ja 0x772a6211
Eax=80 Ebx=0 Ecx=6858 Edx=11 Edi=2700000 Esi=11 Ebp=236FB20 Esp=236F9A0 Eip=772A6136

ADDR: 772A6188 CODE: 7716 ja 0x772a61a0
Eax=2702604 Ebx=1 Ecx=104 Edx=0 Edi=2700000 Esi=27026B2 Ebp=236FB20 Esp=236F9A0 Eip=772A6188

ADDR: 772A6192 CODE: 770c ja 0x772a61a0
Eax=FF00 Ebx=1 Ecx=104 Edx=0 Edi=2700000 Esi=27026B2 Ebp=236FB20 Esp=236F9A0 Eip=772A6192

ADDR: 772A6216 CODE: 0f844f020000 jz 0x772a646b
Eax=FF00 Ebx=1 Ecx=104 Edx=11 Edi=2700000 Esi=27002E8 Ebp=236FB20 Esp=236F9A0 Eip=772A6216

ADDR: 772A6220 CODE: 0f8445020000 jz 0x772a646b
Eax=FF00 Ebx=1 Ecx=104 Edx=11 Edi=2700000 Esi=0 Ebp=236FB20 Esp=236F9A0 Eip=772A6220

ADDR: 772A6485 CODE: 7304 jae 0x772a648b
Eax=27000C0 Ebx=1 Ecx=80 Edx=11 Edi=2700000 Esi=2700270 Ebp=236FB20 Esp=236F9A0 Eip=772A6485

ADDR: 772A64D3 CODE: 7438 jz 0x772a650d
Eax=2714DC0 Ebx=85B1AFE0 Ecx=80 Edx=27000C0 Edi=2700000 Esi=2700270 Ebp=236FB20 Esp=236F9A0 Eip=772A64D3

ADDR: 772A64F3 CODE: 7418 jz 0x772a650d
Eax=46 Ebx=46000244 Ecx=4646 Edx=27000C0 Edi=2700000 Esi=2700270 Ebp=236FB20 Esp=236F9A0 Eip=772A64F3

ADDR: 772A651D CODE: 7e07 jle 0x772a6526
Eax=244 Ebx=46000244 Ecx=FFFFFDCD Edx=27000C0 Edi=2700000 Esi=2700270 Ebp=236FB20 Esp=236F9A0 Eip=772A651D

ADDR: 772A653A CODE: 7438 jz 0x772a6574
Eax=27095A8 Ebx=C1B1ADA6 Ecx=FFFFFDCD Edx=27000C0 Edi=2700000 Esi=2700270 Ebp=236FB20 Esp=236F9A0 Eip=772A653A

ADDR: 772A655A CODE: 7418 jz 0x772a6574
Eax=2 Ebx=2000002 Ecx=202 Edx=27000C0 Edi=2700000 Esi=2700270 Ebp=236FB20 Esp=236F9A0 Eip=772A655A

ADDR: 772A6584 CODE: 7f07 jg 0x772a658d
Eax=2 Ebx=2000002 Ecx=F Edx=27000C0 Edi=2700000 Esi=2700270 Ebp=236FB20 Esp=236F9A0 Eip=772A6584

ADDR: 772A6679 CODE: 7422 jz 0x772a669d
Eax=2700294 Ebx=58C0000 Ecx=3 Edx=0 Edi=2700000 Esi=2700270 Ebp=236FB20 Esp=236F9A0 Eip=772A6679

ADDR: 772A66A7 CODE: 740c jz 0x772a66b5
Eax=8C Ebx=58C0000 Ecx=3 Edx=0 Edi=2700000 Esi=2700270 Ebp=236FB20 Esp=236F9A0 Eip=772A66A7

ADDR: 772A66D1 CODE: 7402 jz 0x772a66d5
Eax=12 Ebx=58C0000 Ecx=3 Edx=12 Edi=2700000 Esi=2700270 Ebp=236FB20 Esp=236F9A0 Eip=772A66D1

ADDR: 772A66E0 CODE: 0f841c110000 jz 0x772a7802
Eax=27093E0 Ebx=58C0000 Ecx=3 Edx=12 Edi=2700000 Esi=2700270 Ebp=236FB20 Esp=236F9A0 Eip=772A66E0

ADDR: 772A66F2 CODE: 0f844d020000 jz 0x772a6945
Eax=27093E0 Ebx=58C0000 Ecx=3 Edx=12 Edi=2700000 Esi=2700270 Ebp=236FB20 Esp=236F9A0 Eip=772A66F2

ADDR: 772A6702 CODE: 741f jz 0x772a6723
Eax=27093E0 Ebx=27093D8 Ecx=3 Edx=12 Edi=2700000 Esi=2700270 Ebp=236FB20 Esp=236F9A0 Eip=772A6702

ADDR: 772A6714 CODE: 740a jz 0x772a6720
Eax=C3B1AD12 Ebx=27093D8 Ecx=3 Edx=12 Edi=2700000 Esi=2700270 Ebp=236FB20 Esp=236F9A0 Eip=772A6714

ADDR: 772A6729 CODE: 0f8200020000 jb 0x772a692f
Eax=27093E0 Ebx=27093D8 Ecx=3 Edx=12 Edi=2700000 Esi=12 Ebp=236FB20 Esp=236F9A0 Eip=772A6729

ADDR: 772A6761 CODE: 0f841c010000 jz 0x772a6883
Eax=27093E0 Ebx=27093D8 Ecx=2700270 Edx=27093E0 Edi=2700000 Esi=12 Ebp=236FB20 Esp=236F9A0 Eip=772A6761

ADDR: 772A6778 CODE: 730b jae 0x772a6785
Eax=12 Ebx=27093D8 Ecx=2700270 Edx=27093E0 Edi=2700000 Esi=80 Ebp=236FB20 Esp=236F9A0 Eip=772A6778

ADDR: 772A680D CODE: 0f83db000000 jae 0x772a68ee
Eax=80 Ebx=27093D8 Ecx=2700270 Edx=12 Edi=2700000 Esi=270A030 Ebp=236FB20 Esp=236F9A0 Eip=772A680D

ADDR: 772A6816 CODE: 0f84a3000000 jz 0x772a68bf
Eax=80 Ebx=27093D8 Ecx=2700270 Edx=12 Edi=2700000 Esi=270A030 Ebp=236FB20 Esp=236F9A0 Eip=772A6816

ADDR: 772A6829 CODE: 743c jz 0x772a6867
Eax=80 Ebx=D1B1ADB6 Ecx=2700270 Edx=12 Edi=2700000 Esi=270A030 Ebp=236FB20 Esp=236F9A0 Eip=772A6829

ADDR: 772A6849 CODE: 7419 jz 0x772a6864
Eax=12 Ebx=12000012 Ecx=1212 Edx=12 Edi=2700000 Esi=270A030 Ebp=236FB20 Esp=236F9A0 Eip=772A6849

ADDR: 772A6895 CODE: 7475 jz 0x772a690c
Eax=270A030 Ebx=27093D8 Ecx=2709CD8 Edx=12 Edi=2700000 Esi=270A030 Ebp=236FB20 Esp=236F9A0 Eip=772A6895

ADDR: 772A6ACC CODE: 7418 jz 0x772a6ae6
Eax=270A030 Ebx=27093D8 Ecx=2709C00 Edx=12 Edi=2700000 Esi=1 Ebp=236FB20 Esp=236F9A0 Eip=772A6ACC

ADDR: 772A6B12 CODE: 7305 jae 0x772a6b19
Eax=8 Ebx=27093D8 Ecx=11 Edx=1 Edi=2700000 Esi=1 Ebp=236FB20 Esp=236F9A0 Eip=772A6B12

ADDR: 772A6B27 CODE: 741e jz 0x772a6b47
Eax=8 Ebx=27093D8 Ecx=11 Edx=1 Edi=2700000 Esi=1 Ebp=236FB20 Esp=236F9A0 Eip=772A6B27

ADDR: 772A6B3E CODE: 0f833b010000 jae 0x772a6c7f
Eax=10 Ebx=27093D8 Ecx=11 Edx=1 Edi=2700000 Esi=1 Ebp=236FB20 Esp=236F9A0 Eip=772A6B3E

ADDR: 772A6B7F CODE: 0f841c0b0000 jz 0x772a76a1
Eax=10 Ebx=27093E0 Ecx=90 Edx=27093DF Edi=2700000 Esi=90 Ebp=236FB20 Esp=236F9A0 Eip=772A6B7F

ADDR: 772A6B89 CODE: 7413 jz 0x772a6b9e
Eax=10 Ebx=27093E0 Ecx=90 Edx=27093DF Edi=2700000 Esi=90 Ebp=236FB20 Esp=236F9A0 Eip=772A6B89

ADDR: 772A6BA2 CODE: 0f84b7000000 jz 0x772a6c5f
Eax=C3B1ADA4 Ebx=27093E0 Ecx=27093D8 Edx=27093DF Edi=2700000 Esi=90 Ebp=236FB20 Esp=236F9A0 Eip=772A6BA2

ADDR: 772A6BC7 CODE: 762c jbe 0x772a6bf5
Eax=C3B1ADA4 Ebx=27093E0 Ecx=27093D8 Edx=1 Edi=2700000 Esi=90 Ebp=236FB20 Esp=236F9A0 Eip=772A6BC7

ADDR: 772A6BE7 CODE: 7606 jbe 0x772a6bef
Eax=1F60 Ebx=27093E0 Ecx=150A0 Edx=1 Edi=2700000 Esi=90 Ebp=236FB20 Esp=236F9A0 Eip=772A6BE7

ADDR: 772A6C05 CODE: 7249 jb 0x772a6c50
Eax=1F60 Ebx=27093E0 Ecx=150A0 Edx=1 Edi=2700000 Esi=90 Ebp=236FB20 Esp=236F9A0 Eip=772A6C05

ADDR: 772A7B53 CODE: 746e jz 0x772a7bc3
Eax=FFFFFFFE Ebx=2700258 Ecx=FFFFFFFF Edx=1 Edi=270025C Esi=FFFFFFFE Ebp=236F994 Esp=236F980 Eip=772A7B53

ADDR: 772A6C63 CODE: 0f84150e0000 jz 0x772a7a7e
Eax=0 Ebx=27093E0 Ecx=FFFFFFFF Edx=1 Edi=2700000 Esi=90 Ebp=236FB20 Esp=236F9A0 Eip=772A6C63

ADDR: 772A7AAD CODE: 741e jz 0x772a7acd
Eax=0 Ebx=27093E0 Ecx=FFFFFFFF Edx=1 Edi=2700000 Esi=90 Ebp=236FB20 Esp=236F99C Eip=772A7AAD

ADDR: 772A7A91 CODE: 743b jz 0x772a7ace
Eax=0 Ebx=27093E0 Ecx=FFFFFFFF Edx=1 Edi=2700000 Esi=90 Ebp=236FB20 Esp=236F9A0 Eip=772A7A91

ADDR: 772A7AD6 CODE: 741f jz 0x772a7af7
Eax=7FFE0388 Ebx=27093E0 Ecx=FFFFFFFF Edx=1 Edi=2700000 Esi=90 Ebp=236FB20 Esp=236F9A0 Eip=772A7AD6

ADDR: 772A5D13 CODE: 7445 jz 0x772a5d5a
Eax=27093E0 Ebx=2700000 Ecx=ADFBAD06 Edx=1 Edi=27093E0 Esi=88 Ebp=236FBB0 Esp=236FB38 Eip=772A5D13

ADDR: 772A5D1D CODE: 0f8474000000 jz 0x772a5d97
Eax=27093E0 Ebx=2700000 Ecx=80 Edx=0 Edi=27093E0 Esi=88 Ebp=236FBB0 Esp=236FB38 Eip=772A5D1D

ADDR: 772A5DA5 CODE: 7415 jz 0x772a5dbc
Eax=0 Ebx=2700000 Ecx=0 Edx=0 Edi=27093E0 Esi=88 Ebp=236FBB0 Esp=236FB38 Eip=772A5DA5

ADDR: 772A5DC4 CODE: 0f8492000000 jz 0x772a5e5c
Eax=7FFE0380 Ebx=2700000 Ecx=0 Edx=0 Edi=27093E0 Esi=88 Ebp=236FBB0 Esp=236FB38 Eip=772A5DC4

ADDR: 772A5E63 CODE: 743b jz 0x772a5ea0
Eax=0 Ebx=2700000 Ecx=0 Edx=0 Edi=27093E0 Esi=88 Ebp=236FBB0 Esp=236FB38 Eip=772A5E63

ADDR: 771544BB CODE: 7416 jz 0x771544d3
Eax=27093E0 Ebx=0 Ecx=80 Edx=0 Edi=0 Esi=80 Ebp=236FC20 Esp=236FC0C Eip=771544BB

ADDR: 771544BF CODE: 7312 jae 0x771544d3
Eax=27093E0 Ebx=0 Ecx=80 Edx=0 Edi=0 Esi=80 Ebp=236FC20 Esp=236FC0C Eip=771544BF

ADDR: 77195361 CODE: 0f843c010000 jz 0x771954a3
Eax=0 Ebx=0 Ecx=80 Edx=0 Edi=27093E0 Esi=80 Ebp=236FC20 Esp=236FBFC Eip=77195361

ADDR: 77195370 CODE: 0f86df000000 jbe 0x77195455
Eax=0 Ebx=0 Ecx=80 Edx=0 Edi=27093E0 Esi=80 Ebp=236FC20 Esp=236FBFC Eip=77195370

ADDR: 7719537C CODE: 0f828b000000 jb 0x7719540d
Eax=0 Ebx=0 Ecx=80 Edx=0 Edi=27093E0 Esi=80 Ebp=236FC20 Esp=236FBFC Eip=7719537C

ADDR: 7719538A CODE: 7309 jae 0x77195395
Eax=0 Ebx=0 Ecx=80 Edx=0 Edi=27093E0 Esi=80 Ebp=236FC20 Esp=236FBFC Eip=7719538A

ADDR: 771596BA CODE: 7417 jz 0x771596d3
Eax=0 Ebx=0 Ecx=0 Edx=0 Edi=0 Esi=27093E0 Ebp=236FC1C Esp=236FC1C Eip=771596BA

ADDR: 77159897 CODE: 0f843b710500 jz 0x771b09d8
Eax=0 Ebx=0 Ecx=0 Edx=0 Edi=0 Esi=27093E0 Ebp=236FC4C Esp=236FC2C Eip=77159897

ADDR: 771598B9 CODE: 0f8416ffffff jz 0x771597d5
Eax=27093E0 Ebx=2709460 Ecx=27093E0 Edx=5CECC1B7 Edi=0 Esi=27093E0 Ebp=236FC4C Esp=236FC2C Eip=771598B9

ADDR: 772A7B53 CODE: 746e jz 0x772a7bc3
Eax=FFFFFFFE Ebx=77235C18 Ecx=FFFFFFFF Edx=5CECC1B7 Edi=77235C1C Esi=FFFFFFFE Ebp=236FC44 Esp=236FC30 Eip=772A7B53

ADDR: 771594A4 CODE: 7458 jz 0x771594fe
Eax=64D7B29A Ebx=2517000 Ecx=17 Edx=5CECC1B7 Edi=2 Esi=76E65A70 Ebp=236FCAC Esp=236FC94 Eip=771594A4

ADDR: 772F8DEB CODE: 730a jae 0x772f8df7
Eax=EDCCB4E Ebx=2517000 Ecx=76E65A70 Edx=404000 Edi=2 Esi=76E65A70 Ebp=236FCAC Esp=236FC88 Eip=772F8DEB

ADDR: 772F09B7 CODE: 747f jz 0x772f0a38
Eax=2 Ebx=251AFB4 Ecx=76E65A70 Edx=251AFB4 Edi=2 Esi=76E65A70 Ebp=236FC60 Esp=236FC54 Eip=772F09B7

ADDR: 772F09BE CODE: 7378 jae 0x772f0a38
Eax=2 Ebx=251AFB4 Ecx=76E65A70 Edx=251AFB4 Edi=2 Esi=76E65A70 Ebp=236FC60 Esp=236FC54 Eip=772F09BE

ADDR: 76E65A83 CODE: 790d jns 0x76e65a92
Eax=0 Ebx=2517000 Ecx=270A188 Edx=0 Edi=2 Esi=76E65A70 Ebp=236FC84 Esp=236FC84 Eip=76E65A83

ADDR: 771595B4 CODE: 7458 jz 0x7715960e
Eax=64D7B29A Ebx=2517000 Ecx=17 Edx=1 Edi=2 Esi=76E65A70 Ebp=236FCC4 Esp=236FCAC Eip=771595B4

ADDR: 772F8DEB CODE: 730a jae 0x772f8df7
Eax=EDCCB4E Ebx=2517000 Ecx=76E65A70 Edx=404000 Edi=2 Esi=76E65A70 Ebp=236FCC4 Esp=236FCA0 Eip=772F8DEB

ADDR: 772F09B7 CODE: 747f jz 0x772f0a38
Eax=2 Ebx=251AFB4 Ecx=76E65A70 Edx=251AFB4 Edi=2 Esi=76E65A70 Ebp=236FC78 Esp=236FC6C Eip=772F09B7

ADDR: 772F09BE CODE: 7378 jae 0x772f0a38
Eax=2 Ebx=251AFB4 Ecx=76E65A70 Edx=251AFB4 Edi=2 Esi=76E65A70 Ebp=236FC78 Esp=236FC6C Eip=772F09BE

ADDR: 76E65A83 CODE: 790d jns 0x76e65a92
Eax=0 Ebx=2517000 Ecx=270A188 Edx=0 Edi=2 Esi=76E65A70 Ebp=236FC9C Esp=236FC9C Eip=76E65A83

ADDR: 772F8DEB CODE: 730a jae 0x772f8df7
Eax=EE2DAF6 Ebx=2517000 Ecx=7716D7B0 Edx=400040 Edi=1 Esi=7716D7B0 Ebp=236FCF8 Esp=236FCC4 Eip=772F8DEB

ADDR: 7716D7DF CODE: 0f84d3000000 jz 0x7716d8b8
Eax=EE2DAF6 Ebx=1 Ecx=1 Edx=400040 Edi=1 Esi=7716D7B0 Ebp=236FCC0 Esp=236FCA4 Eip=7716D7DF

ADDR: 7716D7E8 CODE: 0f84ca000000 jz 0x7716d8b8
Eax=EE2DAF6 Ebx=1 Ecx=1 Edx=400040 Edi=1 Esi=7716D7B0 Ebp=236FCC0 Esp=236FCA4 Eip=7716D7E8

ADDR: 76E6B590 CODE: 776a ja 0x76e6b5fc
Eax=7FFF Ebx=1 Ecx=1 Edx=400040 Edi=0 Esi=104 Ebp=236FC90 Esp=236FC84 Eip=76E6B590

ADDR: 76E6B594 CODE: 746a jz 0x76e6b600
Eax=7FFF Ebx=1 Ecx=1 Edx=400040 Edi=0 Esi=104 Ebp=236FC90 Esp=236FC84 Eip=76E6B594

ADDR: 77299D6B CODE: 741e jz 0x77299d8b
Eax=0 Ebx=0 Ecx=270258C Edx=400040 Edi=2702568 Esi=104 Ebp=236FC6C Esp=236FC54 Eip=77299D6B

ADDR: 77299DDC CODE: 0f84216e0600 jz 0x77300c03
Eax=270258C Ebx=0 Ecx=270258C Edx=400040 Edi=2702568 Esi=236FC88 Ebp=236FC44 Esp=236FC3C Eip=77299DDC

ADDR: 77299DF8 CODE: 772b ja 0x77299e25
Eax=3E Ebx=77235850 Ecx=206 Edx=2706290 Edi=236FC88 Esi=3E Ebp=236FC44 Esp=236FC38 Eip=77299DF8

ADDR: 772DAD36 CODE: 7608 jbe 0x772dad40
Eax=27062CE Ebx=77235850 Ecx=3E Edx=3E Edi=77235850 Esi=2706290 Ebp=236FC24 Esp=236FC1C Eip=772DAD36

ADDR: 772DAD3A CODE: 0f827c010000 jb 0x772daebc
Eax=27062CE Ebx=77235850 Ecx=3E Edx=3E Edi=77235850 Esi=2706290 Ebp=236FC24 Esp=236FC1C Eip=772DAD3A

ADDR: 772DAD51 CODE: 7229 jb 0x772dad7c
Eax=27062CE Ebx=77235850 Ecx=F Edx=2 Edi=77235850 Esi=2706290 Ebp=236FC24 Esp=236FC1C Eip=772DAD51

ADDR: 77299E15 CODE: 7708 ja 0x77299e1f
Eax=206 Ebx=77235850 Ecx=40 Edx=2 Edi=2702568 Esi=3E Ebp=236FC44 Esp=236FC3C Eip=77299E15

ADDR: 77299D81 CODE: 7737 ja 0x77299dba
Eax=3E Ebx=0 Ecx=270258C Edx=2 Edi=2702568 Esi=236FC88 Ebp=236FC6C Esp=236FC54 Eip=77299D81

ADDR: 76E6B5C9 CODE: 7810 js 0x76e6b5db
Eax=0 Ebx=0 Ecx=77235850 Edx=2 Edi=1F Esi=104 Ebp=236FC90 Esp=236FC7C Eip=76E6B5C9

ADDR: 772BB707 CODE: 74e5 jz 0x772bb6ee
Eax=0 Ebx=0 Ecx=0 Edx=0 Edi=1F Esi=104 Ebp=236FC70 Esp=236FC58 Eip=772BB707

ADDR: 7716D8DC CODE: 7405 jz 0x7716d8e3
Eax=27062D0 Ebx=1 Ecx=AFCD5626 Edx=0 Edi=0 Esi=77235850 Ebp=236FCC0 Esp=236FCA4 Eip=7716D8DC

ADDR: 7716DA91 CODE: 7408 jz 0x7716da9b
Eax=236FCBC Ebx=1 Ecx=0 Edx=236FCB8 Edi=0 Esi=27062D0 Ebp=236FC90 Esp=236FC70 Eip=7716DA91

ADDR: 7716DACF CODE: 7409 jz 0x7716dada
Eax=63 Ebx=1 Ecx=0 Edx=63 Edi=0 Esi=27062D2 Ebp=236FC90 Esp=236FC70 Eip=7716DACF

ADDR: 7716DAE3 CODE: 741f jz 0x7716db04
Eax=63 Ebx=1 Ecx=0 Edx=63 Edi=0 Esi=27062D4 Ebp=236FC90 Esp=236FC70 Eip=7716DAE3

ADDR: 7716DACF CODE: 7409 jz 0x7716dada
Eax=3A Ebx=1 Ecx=0 Edx=3A Edi=0 Esi=27062D4 Ebp=236FC90 Esp=236FC70 Eip=7716DACF

ADDR: 7716DAE3 CODE: 741f jz 0x7716db04
Eax=3A Ebx=1 Ecx=0 Edx=3A Edi=0 Esi=27062D6 Ebp=236FC90 Esp=236FC70 Eip=7716DAE3

ADDR: 7716DACF CODE: 7409 jz 0x7716dada
Eax=5C Ebx=1 Ecx=0 Edx=5C Edi=0 Esi=27062D6 Ebp=236FC90 Esp=236FC70 Eip=7716DACF

ADDR: 7716DAE3 CODE: 741f jz 0x7716db04
Eax=5C Ebx=1 Ecx=0 Edx=5C Edi=0 Esi=27062D8 Ebp=236FC90 Esp=236FC70 Eip=7716DAE3

ADDR: 7716DACF CODE: 7409 jz 0x7716dada
Eax=77 Ebx=1 Ecx=0 Edx=77 Edi=0 Esi=27062D8 Ebp=236FC90 Esp=236FC70 Eip=7716DACF

ADDR: 7716DAE3 CODE: 741f jz 0x7716db04
Eax=77 Ebx=1 Ecx=0 Edx=77 Edi=0 Esi=27062DA Ebp=236FC90 Esp=236FC70 Eip=7716DAE3

ADDR: 7716DACF CODE: 7409 jz 0x7716dada
Eax=69 Ebx=1 Ecx=0 Edx=69 Edi=0 Esi=27062DA Ebp=236FC90 Esp=236FC70 Eip=7716DACF

ADDR: 7716DAE3 CODE: 741f jz 0x7716db04
Eax=69 Ebx=1 Ecx=0 Edx=69 Edi=0 Esi=27062DC Ebp=236FC90 Esp=236FC70 Eip=7716DAE3

ADDR: 7716DACF CODE: 7409 jz 0x7716dada
Eax=6E Ebx=1 Ecx=0 Edx=6E Edi=0 Esi=27062DC Ebp=236FC90 Esp=236FC70 Eip=7716DACF

ADDR: 7716DAE3 CODE: 741f jz 0x7716db04
Eax=6E Ebx=1 Ecx=0 Edx=6E Edi=0 Esi=27062DE Ebp=236FC90 Esp=236FC70 Eip=7716DAE3

ADDR: 7716DACF CODE: 7409 jz 0x7716dada
Eax=64 Ebx=1 Ecx=0 Edx=64 Edi=0 Esi=27062DE Ebp=236FC90 Esp=236FC70 Eip=7716DACF

ADDR: 7716DAE3 CODE: 741f jz 0x7716db04
Eax=64 Ebx=1 Ecx=0 Edx=64 Edi=0 Esi=27062E0 Ebp=236FC90 Esp=236FC70 Eip=7716DAE3

ADDR: 7716DACF CODE: 7409 jz 0x7716dada
Eax=6F Ebx=1 Ecx=0 Edx=6F Edi=0 Esi=27062E0 Ebp=236FC90 Esp=236FC70 Eip=7716DACF

ADDR: 7716DAE3 CODE: 741f jz 0x7716db04
Eax=6F Ebx=1 Ecx=0 Edx=6F Edi=0 Esi=27062E2 Ebp=236FC90 Esp=236FC70 Eip=7716DAE3

ADDR: 7716DACF CODE: 7409 jz 0x7716dada
Eax=77 Ebx=1 Ecx=0 Edx=77 Edi=0 Esi=27062E2 Ebp=236FC90 Esp=236FC70 Eip=7716DACF

ADDR: 7716DAE3 CODE: 741f jz 0x7716db04
Eax=77 Ebx=1 Ecx=0 Edx=77 Edi=0 Esi=27062E4 Ebp=236FC90 Esp=236FC70 Eip=7716DAE3

ADDR: 7716DACF CODE: 7409 jz 0x7716dada
Eax=73 Ebx=1 Ecx=0 Edx=73 Edi=0 Esi=27062E4 Ebp=236FC90 Esp=236FC70 Eip=7716DACF

ADDR: 7716DAE3 CODE: 741f jz 0x7716db04
Eax=73 Ebx=1 Ecx=0 Edx=73 Edi=0 Esi=27062E6 Ebp=236FC90 Esp=236FC70 Eip=7716DAE3

ADDR: 7716DACF CODE: 7409 jz 0x7716dada
Eax=5C Ebx=1 Ecx=0 Edx=5C Edi=0 Esi=27062E6 Ebp=236FC90 Esp=236FC70 Eip=7716DACF

ADDR: 7716DAE3 CODE: 741f jz 0x7716db04
Eax=5C Ebx=1 Ecx=0 Edx=5C Edi=0 Esi=27062E8 Ebp=236FC90 Esp=236FC70 Eip=7716DAE3

ADDR: 7716DACF CODE: 7409 jz 0x7716dada
Eax=73 Ebx=1 Ecx=0 Edx=73 Edi=0 Esi=27062E8 Ebp=236FC90 Esp=236FC70 Eip=7716DACF

ADDR: 7716DAE3 CODE: 741f jz 0x7716db04
Eax=73 Ebx=1 Ecx=0 Edx=73 Edi=0 Esi=27062EA Ebp=236FC90 Esp=236FC70 Eip=7716DAE3

ADDR: 7716DACF CODE: 7409 jz 0x7716dada
Eax=79 Ebx=1 Ecx=0 Edx=79 Edi=0 Esi=27062EA Ebp=236FC90 Esp=236FC70 Eip=7716DACF

ADDR: 7716DAE3 CODE: 741f jz 0x7716db04
Eax=79 Ebx=1 Ecx=0 Edx=79 Edi=0 Esi=27062EC Ebp=236FC90 Esp=236FC70 Eip=7716DAE3

ADDR: 7716DACF CODE: 7409 jz 0x7716dada
Eax=73 Ebx=1 Ecx=0 Edx=73 Edi=0 Esi=27062EC Ebp=236FC90 Esp=236FC70 Eip=7716DACF

ADDR: 7716DAE3 CODE: 741f jz 0x7716db04
Eax=73 Ebx=1 Ecx=0 Edx=73 Edi=0 Esi=27062EE Ebp=236FC90 Esp=236FC70 Eip=7716DAE3

ADDR: 7716DACF CODE: 7409 jz 0x7716dada
Eax=77 Ebx=1 Ecx=0 Edx=77 Edi=0 Esi=27062EE Ebp=236FC90 Esp=236FC70 Eip=7716DACF

ADDR: 7716DAE3 CODE: 741f jz 0x7716db04
Eax=77 Ebx=1 Ecx=0 Edx=77 Edi=0 Esi=27062F0 Ebp=236FC90 Esp=236FC70 Eip=7716DAE3

ADDR: 7716DACF CODE: 7409 jz 0x7716dada
Eax=6F Ebx=1 Ecx=0 Edx=6F Edi=0 Esi=27062F0 Ebp=236FC90 Esp=236FC70 Eip=7716DACF

ADDR: 7716DAE3 CODE: 741f jz 0x7716db04
Eax=6F Ebx=1 Ecx=0 Edx=6F Edi=0 Esi=27062F2 Ebp=236FC90 Esp=236FC70 Eip=7716DAE3

ADDR: 7716DACF CODE: 7409 jz 0x7716dada
Eax=77 Ebx=1 Ecx=0 Edx=77 Edi=0 Esi=27062F2 Ebp=236FC90 Esp=236FC70 Eip=7716DACF

ADDR: 7716DAE3 CODE: 741f jz 0x7716db04
Eax=77 Ebx=1 Ecx=0 Edx=77 Edi=0 Esi=27062F4 Ebp=236FC90 Esp=236FC70 Eip=7716DAE3

ADDR: 7716DACF CODE: 7409 jz 0x7716dada
Eax=36 Ebx=1 Ecx=0 Edx=36 Edi=0 Esi=27062F4 Ebp=236FC90 Esp=236FC70 Eip=7716DACF

ADDR: 7716DAE3 CODE: 741f jz 0x7716db04
Eax=36 Ebx=1 Ecx=0 Edx=36 Edi=0 Esi=27062F6 Ebp=236FC90 Esp=236FC70 Eip=7716DAE3

ADDR: 7716DACF CODE: 7409 jz 0x7716dada
Eax=34 Ebx=1 Ecx=0 Edx=34 Edi=0 Esi=27062F6 Ebp=236FC90 Esp=236FC70 Eip=7716DACF

ADDR: 7716DAE3 CODE: 741f jz 0x7716db04
Eax=34 Ebx=1 Ecx=0 Edx=34 Edi=0 Esi=27062F8 Ebp=236FC90 Esp=236FC70 Eip=7716DAE3

ADDR: 7716DACF CODE: 7409 jz 0x7716dada
Eax=5C Ebx=1 Ecx=0 Edx=5C Edi=0 Esi=27062F8 Ebp=236FC90 Esp=236FC70 Eip=7716DACF

ADDR: 7716DAE3 CODE: 741f jz 0x7716db04
Eax=5C Ebx=1 Ecx=0 Edx=5C Edi=0 Esi=27062FA Ebp=236FC90 Esp=236FC70 Eip=7716DAE3

ADDR: 7716DACF CODE: 7409 jz 0x7716dada
Eax=6E Ebx=1 Ecx=0 Edx=6E Edi=0 Esi=27062FA Ebp=236FC90 Esp=236FC70 Eip=7716DACF

ADDR: 7716DAE3 CODE: 741f jz 0x7716db04
Eax=6E Ebx=1 Ecx=0 Edx=6E Edi=0 Esi=27062FC Ebp=236FC90 Esp=236FC70 Eip=7716DAE3

ADDR: 7716DACF CODE: 7409 jz 0x7716dada
Eax=6F Ebx=1 Ecx=0 Edx=6F Edi=0 Esi=27062FC Ebp=236FC90 Esp=236FC70 Eip=7716DACF

ADDR: 7716DAE3 CODE: 741f jz 0x7716db04
Eax=6F Ebx=1 Ecx=0 Edx=6F Edi=0 Esi=27062FE Ebp=236FC90 Esp=236FC70 Eip=7716DAE3

ADDR: 7716DACF CODE: 7409 jz 0x7716dada
Eax=74 Ebx=1 Ecx=0 Edx=74 Edi=0 Esi=27062FE Ebp=236FC90 Esp=236FC70 Eip=7716DACF

ADDR: 7716DAE3 CODE: 741f jz 0x7716db04
Eax=74 Ebx=1 Ecx=0 Edx=74 Edi=0 Esi=2706300 Ebp=236FC90 Esp=236FC70 Eip=7716DAE3

ADDR: 7716DACF CODE: 7409 jz 0x7716dada
Eax=65 Ebx=1 Ecx=0 Edx=65 Edi=0 Esi=2706300 Ebp=236FC90 Esp=236FC70 Eip=7716DACF

ADDR: 7716DAE3 CODE: 741f jz 0x7716db04
Eax=65 Ebx=1 Ecx=0 Edx=65 Edi=0 Esi=2706302 Ebp=236FC90 Esp=236FC70 Eip=7716DAE3

ADDR: 7716DACF CODE: 7409 jz 0x7716dada
Eax=70 Ebx=1 Ecx=0 Edx=70 Edi=0 Esi=2706302 Ebp=236FC90 Esp=236FC70 Eip=7716DACF

ADDR: 7716DAE3 CODE: 741f jz 0x7716db04
Eax=70 Ebx=1 Ecx=0 Edx=70 Edi=0 Esi=2706304 Ebp=236FC90 Esp=236FC70 Eip=7716DAE3

ADDR: 7716DACF CODE: 7409 jz 0x7716dada
Eax=61 Ebx=1 Ecx=0 Edx=61 Edi=0 Esi=2706304 Ebp=236FC90 Esp=236FC70 Eip=7716DACF

ADDR: 7716DAE3 CODE: 741f jz 0x7716db04
Eax=61 Ebx=1 Ecx=0 Edx=61 Edi=0 Esi=2706306 Ebp=236FC90 Esp=236FC70 Eip=7716DAE3

ADDR: 7716DACF CODE: 7409 jz 0x7716dada
Eax=64 Ebx=1 Ecx=0 Edx=64 Edi=0 Esi=2706306 Ebp=236FC90 Esp=236FC70 Eip=7716DACF

ADDR: 7716DAE3 CODE: 741f jz 0x7716db04
Eax=64 Ebx=1 Ecx=0 Edx=64 Edi=0 Esi=2706308 Ebp=236FC90 Esp=236FC70 Eip=7716DAE3

ADDR: 7716DACF CODE: 7409 jz 0x7716dada
Eax=2E Ebx=1 Ecx=0 Edx=2E Edi=0 Esi=2706308 Ebp=236FC90 Esp=236FC70 Eip=7716DACF

ADDR: 7716DAE3 CODE: 741f jz 0x7716db04
Eax=2E Ebx=1 Ecx=0 Edx=2E Edi=0 Esi=270630A Ebp=236FC90 Esp=236FC70 Eip=7716DAE3

ADDR: 7716DACF CODE: 7409 jz 0x7716dada
Eax=65 Ebx=1 Ecx=0 Edx=65 Edi=0 Esi=270630A Ebp=236FC90 Esp=236FC70 Eip=7716DACF

ADDR: 7716DAE3 CODE: 741f jz 0x7716db04
Eax=65 Ebx=1 Ecx=0 Edx=65 Edi=0 Esi=270630C Ebp=236FC90 Esp=236FC70 Eip=7716DAE3

ADDR: 7716DACF CODE: 7409 jz 0x7716dada
Eax=78 Ebx=1 Ecx=0 Edx=78 Edi=0 Esi=270630C Ebp=236FC90 Esp=236FC70 Eip=7716DACF

ADDR: 7716DAE3 CODE: 741f jz 0x7716db04
Eax=78 Ebx=1 Ecx=0 Edx=78 Edi=0 Esi=270630E Ebp=236FC90 Esp=236FC70 Eip=7716DAE3

ADDR: 7716DACF CODE: 7409 jz 0x7716dada
Eax=65 Ebx=1 Ecx=0 Edx=65 Edi=0 Esi=270630E Ebp=236FC90 Esp=236FC70 Eip=7716DACF

ADDR: 7716DAE3 CODE: 741f jz 0x7716db04
Eax=65 Ebx=1 Ecx=0 Edx=65 Edi=0 Esi=2706310 Ebp=236FC90 Esp=236FC70 Eip=7716DAE3

ADDR: 7716DAF0 CODE: 7406 jz 0x7716daf8
Eax=22 Ebx=0 Ecx=0 Edx=236FCB8 Edi=0 Esi=2706312 Ebp=236FC90 Esp=236FC70 Eip=7716DAF0

ADDR: 7716DACF CODE: 7409 jz 0x7716dada
Eax=0 Ebx=0 Ecx=0 Edx=0 Edi=0 Esi=2706312 Ebp=236FC90 Esp=236FC70 Eip=7716DACF

ADDR: 7716DAE3 CODE: 741f jz 0x7716db04
Eax=0 Ebx=0 Ecx=0 Edx=0 Edi=0 Esi=2706314 Ebp=236FC90 Esp=236FC70 Eip=7716DAE3

ADDR: 7716DB1A CODE: 7421 jz 0x7716db3d
Eax=0 Ebx=0 Ecx=0 Edx=0 Edi=0 Esi=2706312 Ebp=236FC90 Esp=236FC70 Eip=7716DB1A

ADDR: 7716DB40 CODE: 0f84df000000 jz 0x7716dc25
Eax=0 Ebx=0 Ecx=0 Edx=0 Edi=0 Esi=2706312 Ebp=236FC90 Esp=236FC70 Eip=7716DB40

ADDR: 7716DC27 CODE: 7403 jz 0x7716dc2c
Eax=0 Ebx=0 Ecx=0 Edx=0 Edi=0 Esi=2706312 Ebp=236FC90 Esp=236FC70 Eip=7716DC27

ADDR: 7716DC4A CODE: 7337 jae 0x7716dc83
Eax=236FCBC Ebx=1 Ecx=2 Edx=20 Edi=0 Esi=20 Ebp=236FC8C Esp=236FC88 Eip=7716DC4A

ADDR: 7716DC56 CODE: 732b jae 0x7716dc83
Eax=7FFFFFFF Ebx=1 Ecx=2 Edx=1 Edi=0 Esi=20 Ebp=236FC8C Esp=236FC88 Eip=7716DC56

ADDR: 7716DC65 CODE: 761c jbe 0x7716dc83
Eax=FFFFFFF7 Ebx=1 Ecx=8 Edx=1 Edi=0 Esi=40 Ebp=236FC8C Esp=236FC88 Eip=7716DC65

ADDR: 771583CE CODE: 740d jz 0x771583dd
Eax=48 Ebx=1 Ecx=1 Edx=1 Edi=0 Esi=48 Ebp=236FC78 Esp=236FC74 Eip=771583CE

ADDR: 771583DB CODE: 7259 jb 0x77158436
Eax=38E38E3 Ebx=1 Ecx=1 Edx=8 Edi=0 Esi=48 Ebp=236FC78 Esp=236FC74 Eip=771583DB

ADDR: 772A4CFF CODE: 0f8426e60500 jz 0x7730332b
Eax=38E38E3 Ebx=1 Ecx=1 Edx=8 Edi=0 Esi=2700000 Ebp=236FC60 Esp=236FC58 Eip=772A4CFF

ADDR: 772A4D11 CODE: 0f842be60500 jz 0x77303342
Eax=38E38E3 Ebx=1 Ecx=2700000 Edx=48 Edi=0 Esi=2700000 Ebp=236FC60 Esp=236FC58 Eip=772A4D11

ADDR: 772A4E6C CODE: 760c jbe 0x772a4e7a
Eax=0 Ebx=2700000 Ecx=8 Edx=48 Edi=48 Esi=2700000 Ebp=236FC48 Esp=236FBD0 Eip=772A4E6C

ADDR: 772A4E9D CODE: 742b jz 0x772a4eca
Eax=0 Ebx=2700000 Ecx=0 Edx=0 Edi=48 Esi=2700000 Ebp=236FC48 Esp=236FBD0 Eip=772A4E9D

ADDR: 772A4ED5 CODE: 7445 jz 0x772a4f1c
Eax=0 Ebx=2700000 Ecx=8 Edx=0 Edi=48 Esi=0 Ebp=236FC48 Esp=236FBD0 Eip=772A4ED5

ADDR: 772A4F4B CODE: 0f87f5090000 ja 0x772a5946
Eax=48 Ebx=2700000 Ecx=8 Edx=A Edi=48 Esi=50 Ebp=236FC48 Esp=236FBD0 Eip=772A4F4B

ADDR: 772A4F6F CODE: 0f84ce090000 jz 0x772a5943
Eax=4 Ebx=2700000 Ecx=2 Edx=2 Edi=48 Esi=50 Ebp=236FC48 Esp=236FBD0 Eip=772A4F6F

ADDR: 772A594F CODE: 7211 jb 0x772a5962
Eax=2700270 Ebx=2700000 Ecx=2 Edx=A Edi=48 Esi=50 Ebp=236FC48 Esp=236FBD0 Eip=772A594F

ADDR: 772A5967 CODE: 0f838c030000 jae 0x772a5cf9
Eax=2700270 Ebx=2700000 Ecx=A Edx=A Edi=48 Esi=50 Ebp=236FC48 Esp=236FBD0 Eip=772A5967

ADDR: 772A597C CODE: 7402 jz 0x772a5980
Eax=2700270 Ebx=2700000 Ecx=A Edx=A Edi=48 Esi=50 Ebp=236FC48 Esp=236FBD0 Eip=772A597C

ADDR: 772A5F44 CODE: 7329 jae 0x772a5f6f
Eax=236FBA8 Ebx=A Ecx=2700000 Edx=A Edi=2700000 Esi=A Ebp=236FBB8 Esp=236FA38 Eip=772A5F44

ADDR: 772A5F53 CODE: 730c jae 0x772a5f61
Eax=236FBA8 Ebx=A Ecx=2700001 Edx=A Edi=2700000 Esi=A Ebp=236FBB8 Esp=236FA38 Eip=772A5F53

ADDR: 772A6022 CODE: 7415 jz 0x772a6039
Eax=236FC18 Ebx=0 Ecx=2700001 Edx=A Edi=2700000 Esi=A Ebp=236FBB8 Esp=236FA38 Eip=772A6022

ADDR: 772C3F37 CODE: 7316 jae 0x772c3f4f
Eax=2700258 Ebx=0 Ecx=270025C Edx=251A000 Edi=2700000 Esi=A Ebp=236FA2C Esp=236FA2C Eip=772C3F37

ADDR: 772A60CB CODE: 7407 jz 0x772a60d4
Eax=1 Ebx=0 Ecx=6858 Edx=251A000 Edi=2700000 Esi=A Ebp=236FBB8 Esp=236FA38 Eip=772A60CB

ADDR: 772A60DA CODE: 0f8739170000 ja 0x772a7819
Eax=1 Ebx=0 Ecx=6858 Edx=A Edi=2700000 Esi=A Ebp=236FBB8 Esp=236FA38 Eip=772A60DA

ADDR: 772A60F4 CODE: 723a jb 0x772a6130
Eax=48 Ebx=0 Ecx=6858 Edx=A Edi=2700000 Esi=A Ebp=236FBB8 Esp=236FA38 Eip=772A60F4

ADDR: 772A6136 CODE: 0f87d5000000 ja 0x772a6211
Eax=48 Ebx=0 Ecx=6858 Edx=A Edi=2700000 Esi=A Ebp=236FBB8 Esp=236FA38 Eip=772A6136

ADDR: 772A6188 CODE: 7716 ja 0x772a61a0
Eax=2702609 Ebx=2 Ecx=129 Edx=2 Edi=2700000 Esi=27026A4 Ebp=236FBB8 Esp=236FA38 Eip=772A6188

ADDR: 772A6192 CODE: 770c ja 0x772a61a0
Eax=FF00 Ebx=2 Ecx=129 Edx=2 Edi=2700000 Esi=27026A4 Ebp=236FBB8 Esp=236FA38 Eip=772A6192

ADDR: 772A6216 CODE: 0f844f020000 jz 0x772a646b
Eax=FF00 Ebx=2 Ecx=129 Edx=A Edi=2700000 Esi=27002CC Ebp=236FBB8 Esp=236FA38 Eip=772A6216

ADDR: 772A6220 CODE: 0f8445020000 jz 0x772a646b
Eax=FF00 Ebx=2 Ecx=129 Edx=A Edi=2700000 Esi=0 Ebp=236FBB8 Esp=236FA38 Eip=772A6220

ADDR: 772A6485 CODE: 7304 jae 0x772a648b
Eax=27000C0 Ebx=2 Ecx=80 Edx=A Edi=2700000 Esi=2700270 Ebp=236FBB8 Esp=236FA38 Eip=772A6485

ADDR: 772A64D3 CODE: 7438 jz 0x772a650d
Eax=2714DC0 Ebx=85B1AFE0 Ecx=80 Edx=27000C0 Edi=2700000 Esi=2700270 Ebp=236FBB8 Esp=236FA38 Eip=772A64D3

ADDR: 772A64F3 CODE: 7418 jz 0x772a650d
Eax=46 Ebx=46000244 Ecx=4646 Edx=27000C0 Edi=2700000 Esi=2700270 Ebp=236FBB8 Esp=236FA38 Eip=772A64F3

ADDR: 772A651D CODE: 7e07 jle 0x772a6526
Eax=244 Ebx=46000244 Ecx=FFFFFDC6 Edx=27000C0 Edi=2700000 Esi=2700270 Ebp=236FBB8 Esp=236FA38 Eip=772A651D

ADDR: 772A653A CODE: 7438 jz 0x772a6574
Eax=27095A8 Ebx=C1B1ADA6 Ecx=FFFFFDC6 Edx=27000C0 Edi=2700000 Esi=2700270 Ebp=236FBB8 Esp=236FA38 Eip=772A653A

ADDR: 772A655A CODE: 7418 jz 0x772a6574
Eax=2 Ebx=2000002 Ecx=202 Edx=27000C0 Edi=2700000 Esi=2700270 Ebp=236FBB8 Esp=236FA38 Eip=772A655A

ADDR: 772A6584 CODE: 7f07 jg 0x772a658d
Eax=2 Ebx=2000002 Ecx=8 Edx=27000C0 Edi=2700000 Esi=2700270 Ebp=236FBB8 Esp=236FA38 Eip=772A6584

ADDR: 772A6679 CODE: 7422 jz 0x772a669d
Eax=2700294 Ebx=58CA000 Ecx=3 Edx=0 Edi=2700000 Esi=2700270 Ebp=236FBB8 Esp=236FA38 Eip=772A6679

ADDR: 772A6680 CODE: 7409 jz 0x772a668b
Eax=0 Ebx=58CA000 Ecx=3 Edx=0 Edi=2700000 Esi=2700270 Ebp=236FBB8 Esp=236FA38 Eip=772A6680

ADDR: 772A66D1 CODE: 7402 jz 0x772a66d5
Eax=D Ebx=58CA0 Ecx=3 Edx=D Edi=2700000 Esi=2700270 Ebp=236FBB8 Esp=236FA38 Eip=772A66D1

ADDR: 772A66E0 CODE: 0f841c110000 jz 0x772a7802
Eax=270C908 Ebx=58CA0 Ecx=3 Edx=D Edi=2700000 Esi=2700270 Ebp=236FBB8 Esp=236FA38 Eip=772A66E0

ADDR: 772A66F2 CODE: 0f844d020000 jz 0x772a6945
Eax=270C908 Ebx=58CA0 Ecx=3 Edx=D Edi=2700000 Esi=2700270 Ebp=236FBB8 Esp=236FA38 Eip=772A66F2

ADDR: 772A6702 CODE: 741f jz 0x772a6723
Eax=270C908 Ebx=270C900 Ecx=3 Edx=D Edi=2700000 Esi=2700270 Ebp=236FBB8 Esp=236FA38 Eip=772A6702

ADDR: 772A6714 CODE: 740a jz 0x772a6720
Eax=C3B1AD0D Ebx=270C900 Ecx=3 Edx=D Edi=2700000 Esi=2700270 Ebp=236FBB8 Esp=236FA38 Eip=772A6714

ADDR: 772A6729 CODE: 0f8200020000 jb 0x772a692f
Eax=270C908 Ebx=270C900 Ecx=3 Edx=D Edi=2700000 Esi=D Ebp=236FBB8 Esp=236FA38 Eip=772A6729

ADDR: 772A6761 CODE: 0f841c010000 jz 0x772a6883
Eax=270C908 Ebx=270C900 Ecx=2700270 Edx=270C908 Edi=2700000 Esi=D Ebp=236FBB8 Esp=236FA38 Eip=772A6761

ADDR: 772A6778 CODE: 730b jae 0x772a6785
Eax=D Ebx=270C900 Ecx=2700270 Edx=270C908 Edi=2700000 Esi=80 Ebp=236FBB8 Esp=236FA38 Eip=772A6778

ADDR: 772A680D CODE: 0f83db000000 jae 0x772a68ee
Eax=80 Ebx=270C900 Ecx=2700270 Edx=D Edi=2700000 Esi=2707E48 Ebp=236FBB8 Esp=236FA38 Eip=772A680D

ADDR: 772A6816 CODE: 0f84a3000000 jz 0x772a68bf
Eax=80 Ebx=270C900 Ecx=2700270 Edx=D Edi=2700000 Esi=2707E48 Ebp=236FBB8 Esp=236FA38 Eip=772A6816

ADDR: 772A6829 CODE: 743c jz 0x772a6867
Eax=80 Ebx=CEB1ADA9 Ecx=2700270 Edx=D Edi=2700000 Esi=2707E48 Ebp=236FBB8 Esp=236FA38 Eip=772A6829

ADDR: 772A6849 CODE: 7419 jz 0x772a6864
Eax=D Ebx=D00000D Ecx=D0D Edx=D Edi=2700000 Esi=2707E48 Ebp=236FBB8 Esp=236FA38 Eip=772A6849

ADDR: 772A6895 CODE: 7475 jz 0x772a690c
Eax=2707E48 Ebx=270C900 Ecx=270AFE8 Edx=D Edi=2700000 Esi=2707E48 Ebp=236FBB8 Esp=236FA38 Eip=772A6895

ADDR: 772A6ACC CODE: 7418 jz 0x772a6ae6
Eax=2707E48 Ebx=270C900 Ecx=270AF00 Edx=D Edi=2700000 Esi=1 Ebp=236FBB8 Esp=236FA38 Eip=772A6ACC

ADDR: 772A6B12 CODE: 7305 jae 0x772a6b19
Eax=8 Ebx=270C900 Ecx=A Edx=3 Edi=2700000 Esi=1 Ebp=236FBB8 Esp=236FA38 Eip=772A6B12

ADDR: 772A6B27 CODE: 741e jz 0x772a6b47
Eax=8 Ebx=270C900 Ecx=A Edx=3 Edi=2700000 Esi=1 Ebp=236FBB8 Esp=236FA38 Eip=772A6B27

ADDR: 772A6CA1 CODE: 741a jz 0x772a6cbd
Eax=0 Ebx=270C900 Ecx=A Edx=3 Edi=2700000 Esi=1 Ebp=236FBB8 Esp=236FA38 Eip=772A6CA1

ADDR: 772A6D47 CODE: 0f845d050000 jz 0x772a72aa
Eax=B1 Ebx=270C950 Ecx=100000 Edx=3 Edi=2700000 Esi=270C968 Ebp=236FBB8 Esp=236FA38 Eip=772A6D47

ADDR: 772A6D81 CODE: 0f8496020000 jz 0x772a701d
Eax=27000C0 Ebx=270C950 Ecx=100000 Edx=3 Edi=2700000 Esi=2700270 Ebp=236FBB8 Esp=236FA38 Eip=772A6D81

ADDR: 772A6D8C CODE: 7304 jae 0x772a6d92
Eax=27000C0 Ebx=270C950 Ecx=80 Edx=3 Edi=2700000 Esi=2700270 Ebp=236FBB8 Esp=236FA38 Eip=772A6D8C

ADDR: 772A6DD5 CODE: 743b jz 0x772a6e12
Eax=2714DC0 Ebx=270C950 Ecx=2714DC8 Edx=85B1AFE0 Edi=2700000 Esi=2700270 Ebp=236FBB8 Esp=236FA38 Eip=772A6DD5

ADDR: 772A6DF8 CODE: 7418 jz 0x772a6e12
Eax=46 Ebx=270C950 Ecx=4646 Edx=46000244 Edi=2700000 Esi=2700270 Ebp=236FBB8 Esp=236FA38 Eip=772A6DF8

ADDR: 772A6E22 CODE: 7e08 jle 0x772a6e2c
Eax=244 Ebx=270C950 Ecx=FFFFFDBF Edx=46000244 Edi=2700000 Esi=2700270 Ebp=236FBB8 Esp=236FA38 Eip=772A6E22

ADDR: 772A6E43 CODE: 743b jz 0x772a6e80
Eax=27095A8 Ebx=270C950 Ecx=FFFFFDBF Edx=C1B1ADA6 Edi=2700000 Esi=2700270 Ebp=236FBB8 Esp=236FA38 Eip=772A6E43

ADDR: 772A6E66 CODE: 7418 jz 0x772a6e80
Eax=2 Ebx=270C950 Ecx=202 Edx=2000002 Edi=2700000 Esi=2700270 Ebp=236FBB8 Esp=236FA38 Eip=772A6E66

ADDR: 772A6E90 CODE: 7f0a jg 0x772a6e9c
Eax=2 Ebx=270C950 Ecx=1 Edx=2000002 Edi=2700000 Esi=2700270 Ebp=236FBB8 Esp=236FA38 Eip=772A6E90

ADDR: 772A6F92 CODE: 7422 jz 0x772a6fb6
Eax=3 Ebx=270C950 Ecx=58CA318 Edx=0 Edi=2700000 Esi=2700294 Ebp=236FBB8 Esp=236FA38 Eip=772A6F92

ADDR: 772A6F99 CODE: 7409 jz 0x772a6fa4
Eax=18 Ebx=270C950 Ecx=58CA318 Edx=0 Edi=2700000 Esi=2700294 Ebp=236FBB8 Esp=236FA38 Eip=772A6F99

ADDR: 772A6FED CODE: 7402 jz 0x772a6ff1
Eax=3 Ebx=270C950 Ecx=58CA318 Edx=3 Edi=2700000 Esi=2700270 Ebp=236FBB8 Esp=236FA38 Eip=772A6FED

ADDR: 772A6FF9 CODE: 740b jz 0x772a7006
Eax=27002A4 Ebx=270C950 Ecx=270F8E0 Edx=3 Edi=2700000 Esi=2700270 Ebp=236FBB8 Esp=236FA38 Eip=772A6FF9

ADDR: 772A7024 CODE: 7435 jz 0x772a705b
Eax=27000C0 Ebx=270C950 Ecx=270F8E0 Edx=3 Edi=2700000 Esi=3 Ebp=236FBB8 Esp=236FA38 Eip=772A7024

ADDR: 772A702A CODE: 7413 jz 0x772a703f
Eax=27000C0 Ebx=270C950 Ecx=270F8E0 Edx=3 Edi=2700000 Esi=3 Ebp=236FBB8 Esp=236FA38 Eip=772A702A

ADDR: 772A7035 CODE: 740c jz 0x772a7043
Eax=27000C0 Ebx=270C950 Ecx=270F8E0 Edx=C0B1ADA7 Edi=2700000 Esi=3 Ebp=236FBB8 Esp=236FA38 Eip=772A7035

ADDR: 772A704F CODE: 760a jbe 0x772a705b
Eax=3 Ebx=270C950 Ecx=270F8E0 Edx=3000003 Edi=2700000 Esi=3 Ebp=236FBB8 Esp=236FA38 Eip=772A704F

ADDR: 772A7094 CODE: 0f84fc000000 jz 0x772a7196
Eax=3 Ebx=270C950 Ecx=2700270 Edx=270F980 Edi=2700000 Esi=270F8E0 Ebp=236FBB8 Esp=236FA38 Eip=772A7094

ADDR: 772A70A5 CODE: 730a jae 0x772a70b1
Eax=3 Ebx=270C950 Ecx=2700270 Edx=270F980 Edi=2700000 Esi=80 Ebp=236FBB8 Esp=236FA38 Eip=772A70A5

ADDR: 772A70FF CODE: 7464 jz 0x772a7165
Eax=270F8E0 Ebx=270C950 Ecx=2700270 Edx=3 Edi=2700000 Esi=3 Ebp=236FBB8 Esp=236FA38 Eip=772A70FF

ADDR: 772A7113 CODE: 743e jz 0x772a7153
Eax=270F8D8 Ebx=270C950 Ecx=2700270 Edx=C0B1ADA7 Edi=2700000 Esi=3 Ebp=236FBB8 Esp=236FA38 Eip=772A7113

ADDR: 772A7136 CODE: 7418 jz 0x772a7150
Eax=3 Ebx=270C950 Ecx=303 Edx=3000003 Edi=2700000 Esi=3 Ebp=236FBB8 Esp=236FA38 Eip=772A7136

ADDR: 772A7163 CODE: 7f0f jg 0x772a7174
Eax=3 Ebx=270C950 Ecx=2700270 Edx=0 Edi=2700000 Esi=3 Ebp=236FBB8 Esp=236FA38 Eip=772A7163

ADDR: 772A719A CODE: 0f8497040000 jz 0x772a7637
Eax=27002A4 Ebx=270C950 Ecx=270C958 Edx=C Edi=2700000 Esi=3 Ebp=236FBB8 Esp=236FA38 Eip=772A719A

ADDR: 772A6B7F CODE: 0f841c0b0000 jz 0x772a76a1
Eax=8 Ebx=270C908 Ecx=50 Edx=270C907 Edi=2700000 Esi=50 Ebp=236FBB8 Esp=236FA38 Eip=772A6B7F

ADDR: 772A6B89 CODE: 7413 jz 0x772a6b9e
Eax=8 Ebx=270C908 Ecx=50 Edx=270C907 Edi=2700000 Esi=50 Ebp=236FBB8 Esp=236FA38 Eip=772A6B89

ADDR: 772A6BA2 CODE: 0f84b7000000 jz 0x772a6c5f
Eax=C3B1ADA4 Ebx=270C908 Ecx=270C900 Edx=270C907 Edi=2700000 Esi=50 Ebp=236FBB8 Esp=236FA38 Eip=772A6BA2

ADDR: 772A6BC7 CODE: 762c jbe 0x772a6bf5
Eax=C3B1ADA4 Ebx=270C908 Ecx=270C900 Edx=1 Edi=2700000 Esi=50 Ebp=236FBB8 Esp=236FA38 Eip=772A6BC7

ADDR: 772A6C05 CODE: 7249 jb 0x772a6c50
Eax=C3B1ADA4 Ebx=270C908 Ecx=270C900 Edx=1 Edi=2700000 Esi=50 Ebp=236FBB8 Esp=236FA38 Eip=772A6C05

ADDR: 772A7B53 CODE: 746e jz 0x772a7bc3
Eax=FFFFFFFE Ebx=2700258 Ecx=FFFFFFFF Edx=1 Edi=270025C Esi=FFFFFFFE Ebp=236FA2C Esp=236FA18 Eip=772A7B53

ADDR: 772A6C63 CODE: 0f84150e0000 jz 0x772a7a7e
Eax=0 Ebx=270C908 Ecx=FFFFFFFF Edx=1 Edi=2700000 Esi=50 Ebp=236FBB8 Esp=236FA38 Eip=772A6C63

ADDR: 772DB3CA CODE: 744f jz 0x772db41b
Eax=48 Ebx=270C908 Ecx=270C908 Edx=48 Edi=2700000 Esi=50 Ebp=236FBB8 Esp=236FA28 Eip=772DB3CA

ADDR: 772DB3D8 CODE: 7231 jb 0x772db40b
Eax=0 Ebx=270C908 Ecx=270C908 Edx=48 Edi=270C908 Esi=50 Ebp=236FBB8 Esp=236FA24 Eip=772DB3D8

ADDR: 772DB3DF CODE: 740c jz 0x772db3ed
Eax=0 Ebx=270C908 Ecx=0 Edx=48 Edi=270C908 Esi=50 Ebp=236FBB8 Esp=236FA24 Eip=772DB3DF

ADDR: 772DB403 CODE: 7406 jz 0x772db40b
Eax=0 Ebx=270C908 Ecx=12 Edx=0 Edi=270C908 Esi=50 Ebp=236FBB8 Esp=236FA24 Eip=772DB403

ADDR: 772DB409 CODE: 740a jz 0x772db415
Eax=0 Ebx=270C908 Ecx=0 Edx=0 Edi=270C950 Esi=50 Ebp=236FBB8 Esp=236FA24 Eip=772DB409

ADDR: 772A7AAD CODE: 741e jz 0x772a7acd
Eax=270C908 Ebx=270C908 Ecx=0 Edx=0 Edi=2700000 Esi=50 Ebp=236FBB8 Esp=236FA34 Eip=772A7AAD

ADDR: 772A7A91 CODE: 743b jz 0x772a7ace
Eax=0 Ebx=270C908 Ecx=0 Edx=0 Edi=2700000 Esi=50 Ebp=236FBB8 Esp=236FA38 Eip=772A7A91

ADDR: 772A7AD6 CODE: 741f jz 0x772a7af7
Eax=7FFE0388 Ebx=270C908 Ecx=0 Edx=0 Edi=2700000 Esi=50 Ebp=236FBB8 Esp=236FA38 Eip=772A7AD6

ADDR: 772A5D13 CODE: 7445 jz 0x772a5d5a
Eax=270C908 Ebx=2700000 Ecx=ADFBAD9E Edx=0 Edi=270C908 Esi=50 Ebp=236FC48 Esp=236FBD0 Eip=772A5D13

ADDR: 772A5D1D CODE: 0f8474000000 jz 0x772a5d97
Eax=270C908 Ebx=2700000 Ecx=48 Edx=0 Edi=270C908 Esi=50 Ebp=236FC48 Esp=236FBD0 Eip=772A5D1D

ADDR: 772A5DA5 CODE: 7415 jz 0x772a5dbc
Eax=0 Ebx=2700000 Ecx=8 Edx=0 Edi=270C908 Esi=50 Ebp=236FC48 Esp=236FBD0 Eip=772A5DA5

ADDR: 772A5DC4 CODE: 0f8492000000 jz 0x772a5e5c
Eax=7FFE0380 Ebx=2700000 Ecx=8 Edx=0 Edi=270C908 Esi=50 Ebp=236FC48 Esp=236FBD0 Eip=772A5DC4

ADDR: 772A5E63 CODE: 743b jz 0x772a5ea0
Eax=0 Ebx=2700000 Ecx=8 Edx=0 Edi=270C908 Esi=50 Ebp=236FC48 Esp=236FBD0 Eip=772A5E63

ADDR: 771596BA CODE: 7417 jz 0x771596d3
Eax=0 Ebx=1 Ecx=8 Edx=0 Edi=0 Esi=270C908 Ebp=236FC74 Esp=236FC74 Eip=771596BA

ADDR: 7716DA91 CODE: 7408 jz 0x7716da9b
Eax=236FCBC Ebx=1 Ecx=270C910 Edx=236FCB8 Edi=270C908 Esi=27062D0 Ebp=236FC90 Esp=236FC70 Eip=7716DA91

ADDR: 7716DACF CODE: 7409 jz 0x7716dada
Eax=63 Ebx=1 Ecx=270C910 Edx=63 Edi=270C90C Esi=27062D2 Ebp=236FC90 Esp=236FC70 Eip=7716DACF

ADDR: 7716DAE3 CODE: 741f jz 0x7716db04
Eax=63 Ebx=1 Ecx=270C912 Edx=63 Edi=270C90C Esi=27062D4 Ebp=236FC90 Esp=236FC70 Eip=7716DAE3

ADDR: 7716DACF CODE: 7409 jz 0x7716dada
Eax=3A Ebx=1 Ecx=270C912 Edx=3A Edi=270C90C Esi=27062D4 Ebp=236FC90 Esp=236FC70 Eip=7716DACF

ADDR: 7716DAE3 CODE: 741f jz 0x7716db04
Eax=3A Ebx=1 Ecx=270C914 Edx=3A Edi=270C90C Esi=27062D6 Ebp=236FC90 Esp=236FC70 Eip=7716DAE3

ADDR: 7716DACF CODE: 7409 jz 0x7716dada
Eax=5C Ebx=1 Ecx=270C914 Edx=5C Edi=270C90C Esi=27062D6 Ebp=236FC90 Esp=236FC70 Eip=7716DACF

ADDR: 7716DAE3 CODE: 741f jz 0x7716db04
Eax=5C Ebx=1 Ecx=270C916 Edx=5C Edi=270C90C Esi=27062D8 Ebp=236FC90 Esp=236FC70 Eip=7716DAE3

ADDR: 7716DACF CODE: 7409 jz 0x7716dada
Eax=77 Ebx=1 Ecx=270C916 Edx=77 Edi=270C90C Esi=27062D8 Ebp=236FC90 Esp=236FC70 Eip=7716DACF

ADDR: 7716DAE3 CODE: 741f jz 0x7716db04
Eax=77 Ebx=1 Ecx=270C918 Edx=77 Edi=270C90C Esi=27062DA Ebp=236FC90 Esp=236FC70 Eip=7716DAE3

ADDR: 7716DACF CODE: 7409 jz 0x7716dada
Eax=69 Ebx=1 Ecx=270C918 Edx=69 Edi=270C90C Esi=27062DA Ebp=236FC90 Esp=236FC70 Eip=7716DACF

ADDR: 7716DAE3 CODE: 741f jz 0x7716db04
Eax=69 Ebx=1 Ecx=270C91A Edx=69 Edi=270C90C Esi=27062DC Ebp=236FC90 Esp=236FC70 Eip=7716DAE3

ADDR: 7716DACF CODE: 7409 jz 0x7716dada
Eax=6E Ebx=1 Ecx=270C91A Edx=6E Edi=270C90C Esi=27062DC Ebp=236FC90 Esp=236FC70 Eip=7716DACF

ADDR: 7716DAE3 CODE: 741f jz 0x7716db04
Eax=6E Ebx=1 Ecx=270C91C Edx=6E Edi=270C90C Esi=27062DE Ebp=236FC90 Esp=236FC70 Eip=7716DAE3

ADDR: 7716DACF CODE: 7409 jz 0x7716dada
Eax=64 Ebx=1 Ecx=270C91C Edx=64 Edi=270C90C Esi=27062DE Ebp=236FC90 Esp=236FC70 Eip=7716DACF

ADDR: 7716DAE3 CODE: 741f jz 0x7716db04
Eax=64 Ebx=1 Ecx=270C91E Edx=64 Edi=270C90C Esi=27062E0 Ebp=236FC90 Esp=236FC70 Eip=7716DAE3

ADDR: 7716DACF CODE: 7409 jz 0x7716dada
Eax=6F Ebx=1 Ecx=270C91E Edx=6F Edi=270C90C Esi=27062E0 Ebp=236FC90 Esp=236FC70 Eip=7716DACF

ADDR: 7716DAE3 CODE: 741f jz 0x7716db04
Eax=6F Ebx=1 Ecx=270C920 Edx=6F Edi=270C90C Esi=27062E2 Ebp=236FC90 Esp=236FC70 Eip=7716DAE3

ADDR: 7716DACF CODE: 7409 jz 0x7716dada
Eax=77 Ebx=1 Ecx=270C920 Edx=77 Edi=270C90C Esi=27062E2 Ebp=236FC90 Esp=236FC70 Eip=7716DACF

ADDR: 7716DAE3 CODE: 741f jz 0x7716db04
Eax=77 Ebx=1 Ecx=270C922 Edx=77 Edi=270C90C Esi=27062E4 Ebp=236FC90 Esp=236FC70 Eip=7716DAE3

ADDR: 7716DACF CODE: 7409 jz 0x7716dada
Eax=73 Ebx=1 Ecx=270C922 Edx=73 Edi=270C90C Esi=27062E4 Ebp=236FC90 Esp=236FC70 Eip=7716DACF

ADDR: 7716DAE3 CODE: 741f jz 0x7716db04
Eax=73 Ebx=1 Ecx=270C924 Edx=73 Edi=270C90C Esi=27062E6 Ebp=236FC90 Esp=236FC70 Eip=7716DAE3

ADDR: 7716DACF CODE: 7409 jz 0x7716dada
Eax=5C Ebx=1 Ecx=270C924 Edx=5C Edi=270C90C Esi=27062E6 Ebp=236FC90 Esp=236FC70 Eip=7716DACF

ADDR: 7716DAE3 CODE: 741f jz 0x7716db04
Eax=5C Ebx=1 Ecx=270C926 Edx=5C Edi=270C90C Esi=27062E8 Ebp=236FC90 Esp=236FC70 Eip=7716DAE3

ADDR: 7716DACF CODE: 7409 jz 0x7716dada
Eax=73 Ebx=1 Ecx=270C926 Edx=73 Edi=270C90C Esi=27062E8 Ebp=236FC90 Esp=236FC70 Eip=7716DACF

ADDR: 7716DAE3 CODE: 741f jz 0x7716db04
Eax=73 Ebx=1 Ecx=270C928 Edx=73 Edi=270C90C Esi=27062EA Ebp=236FC90 Esp=236FC70 Eip=7716DAE3

ADDR: 7716DACF CODE: 7409 jz 0x7716dada
Eax=79 Ebx=1 Ecx=270C928 Edx=79 Edi=270C90C Esi=27062EA Ebp=236FC90 Esp=236FC70 Eip=7716DACF

ADDR: 7716DAE3 CODE: 741f jz 0x7716db04
Eax=79 Ebx=1 Ecx=270C92A Edx=79 Edi=270C90C Esi=27062EC Ebp=236FC90 Esp=236FC70 Eip=7716DAE3

ADDR: 7716DACF CODE: 7409 jz 0x7716dada
Eax=73 Ebx=1 Ecx=270C92A Edx=73 Edi=270C90C Esi=27062EC Ebp=236FC90 Esp=236FC70 Eip=7716DACF

ADDR: 7716DAE3 CODE: 741f jz 0x7716db04
Eax=73 Ebx=1 Ecx=270C92C Edx=73 Edi=270C90C Esi=27062EE Ebp=236FC90 Esp=236FC70 Eip=7716DAE3

ADDR: 7716DACF CODE: 7409 jz 0x7716dada
Eax=77 Ebx=1 Ecx=270C92C Edx=77 Edi=270C90C Esi=27062EE Ebp=236FC90 Esp=236FC70 Eip=7716DACF

ADDR: 7716DAE3 CODE: 741f jz 0x7716db04
Eax=77 Ebx=1 Ecx=270C92E Edx=77 Edi=270C90C Esi=27062F0 Ebp=236FC90 Esp=236FC70 Eip=7716DAE3

ADDR: 7716DACF CODE: 7409 jz 0x7716dada
Eax=6F Ebx=1 Ecx=270C92E Edx=6F Edi=270C90C Esi=27062F0 Ebp=236FC90 Esp=236FC70 Eip=7716DACF

ADDR: 7716DAE3 CODE: 741f jz 0x7716db04
Eax=6F Ebx=1 Ecx=270C930 Edx=6F Edi=270C90C Esi=27062F2 Ebp=236FC90 Esp=236FC70 Eip=7716DAE3

ADDR: 7716DACF CODE: 7409 jz 0x7716dada
Eax=77 Ebx=1 Ecx=270C930 Edx=77 Edi=270C90C Esi=27062F2 Ebp=236FC90 Esp=236FC70 Eip=7716DACF

ADDR: 7716DAE3 CODE: 741f jz 0x7716db04
Eax=77 Ebx=1 Ecx=270C932 Edx=77 Edi=270C90C Esi=27062F4 Ebp=236FC90 Esp=236FC70 Eip=7716DAE3

ADDR: 7716DACF CODE: 7409 jz 0x7716dada
Eax=36 Ebx=1 Ecx=270C932 Edx=36 Edi=270C90C Esi=27062F4 Ebp=236FC90 Esp=236FC70 Eip=7716DACF

ADDR: 7716DAE3 CODE: 741f jz 0x7716db04
Eax=36 Ebx=1 Ecx=270C934 Edx=36 Edi=270C90C Esi=27062F6 Ebp=236FC90 Esp=236FC70 Eip=7716DAE3

ADDR: 7716DACF CODE: 7409 jz 0x7716dada
Eax=34 Ebx=1 Ecx=270C934 Edx=34 Edi=270C90C Esi=27062F6 Ebp=236FC90 Esp=236FC70 Eip=7716DACF

ADDR: 7716DAE3 CODE: 741f jz 0x7716db04
Eax=34 Ebx=1 Ecx=270C936 Edx=34 Edi=270C90C Esi=27062F8 Ebp=236FC90 Esp=236FC70 Eip=7716DAE3

ADDR: 7716DACF CODE: 7409 jz 0x7716dada
Eax=5C Ebx=1 Ecx=270C936 Edx=5C Edi=270C90C Esi=27062F8 Ebp=236FC90 Esp=236FC70 Eip=7716DACF

ADDR: 7716DAE3 CODE: 741f jz 0x7716db04
Eax=5C Ebx=1 Ecx=270C938 Edx=5C Edi=270C90C Esi=27062FA Ebp=236FC90 Esp=236FC70 Eip=7716DAE3

ADDR: 7716DACF CODE: 7409 jz 0x7716dada
Eax=6E Ebx=1 Ecx=270C938 Edx=6E Edi=270C90C Esi=27062FA Ebp=236FC90 Esp=236FC70 Eip=7716DACF

ADDR: 7716DAE3 CODE: 741f jz 0x7716db04
Eax=6E Ebx=1 Ecx=270C93A Edx=6E Edi=270C90C Esi=27062FC Ebp=236FC90 Esp=236FC70 Eip=7716DAE3

ADDR: 7716DACF CODE: 7409 jz 0x7716dada
Eax=6F Ebx=1 Ecx=270C93A Edx=6F Edi=270C90C Esi=27062FC Ebp=236FC90 Esp=236FC70 Eip=7716DACF

ADDR: 7716DAE3 CODE: 741f jz 0x7716db04
Eax=6F Ebx=1 Ecx=270C93C Edx=6F Edi=270C90C Esi=27062FE Ebp=236FC90 Esp=236FC70 Eip=7716DAE3

ADDR: 7716DACF CODE: 7409 jz 0x7716dada
Eax=74 Ebx=1 Ecx=270C93C Edx=74 Edi=270C90C Esi=27062FE Ebp=236FC90 Esp=236FC70 Eip=7716DACF

ADDR: 7716DAE3 CODE: 741f jz 0x7716db04
Eax=74 Ebx=1 Ecx=270C93E Edx=74 Edi=270C90C Esi=2706300 Ebp=236FC90 Esp=236FC70 Eip=7716DAE3

ADDR: 7716DACF CODE: 7409 jz 0x7716dada
Eax=65 Ebx=1 Ecx=270C93E Edx=65 Edi=270C90C Esi=2706300 Ebp=236FC90 Esp=236FC70 Eip=7716DACF

ADDR: 7716DAE3 CODE: 741f jz 0x7716db04
Eax=65 Ebx=1 Ecx=270C940 Edx=65 Edi=270C90C Esi=2706302 Ebp=236FC90 Esp=236FC70 Eip=7716DAE3

ADDR: 7716DACF CODE: 7409 jz 0x7716dada
Eax=70 Ebx=1 Ecx=270C940 Edx=70 Edi=270C90C Esi=2706302 Ebp=236FC90 Esp=236FC70 Eip=7716DACF

ADDR: 7716DAE3 CODE: 741f jz 0x7716db04
Eax=70 Ebx=1 Ecx=270C942 Edx=70 Edi=270C90C Esi=2706304 Ebp=236FC90 Esp=236FC70 Eip=7716DAE3

ADDR: 7716DACF CODE: 7409 jz 0x7716dada
Eax=61 Ebx=1 Ecx=270C942 Edx=61 Edi=270C90C Esi=2706304 Ebp=236FC90 Esp=236FC70 Eip=7716DACF

ADDR: 7716DAE3 CODE: 741f jz 0x7716db04
Eax=61 Ebx=1 Ecx=270C944 Edx=61 Edi=270C90C Esi=2706306 Ebp=236FC90 Esp=236FC70 Eip=7716DAE3

ADDR: 7716DACF CODE: 7409 jz 0x7716dada
Eax=64 Ebx=1 Ecx=270C944 Edx=64 Edi=270C90C Esi=2706306 Ebp=236FC90 Esp=236FC70 Eip=7716DACF

ADDR: 7716DAE3 CODE: 741f jz 0x7716db04
Eax=64 Ebx=1 Ecx=270C946 Edx=64 Edi=270C90C Esi=2706308 Ebp=236FC90 Esp=236FC70 Eip=7716DAE3

ADDR: 7716DACF CODE: 7409 jz 0x7716dada
Eax=2E Ebx=1 Ecx=270C946 Edx=2E Edi=270C90C Esi=2706308 Ebp=236FC90 Esp=236FC70 Eip=7716DACF

ADDR: 7716DAE3 CODE: 741f jz 0x7716db04
Eax=2E Ebx=1 Ecx=270C948 Edx=2E Edi=270C90C Esi=270630A Ebp=236FC90 Esp=236FC70 Eip=7716DAE3

ADDR: 7716DACF CODE: 7409 jz 0x7716dada
Eax=65 Ebx=1 Ecx=270C948 Edx=65 Edi=270C90C Esi=270630A Ebp=236FC90 Esp=236FC70 Eip=7716DACF

ADDR: 7716DAE3 CODE: 741f jz 0x7716db04
Eax=65 Ebx=1 Ecx=270C94A Edx=65 Edi=270C90C Esi=270630C Ebp=236FC90 Esp=236FC70 Eip=7716DAE3

ADDR: 7716DACF CODE: 7409 jz 0x7716dada
Eax=78 Ebx=1 Ecx=270C94A Edx=78 Edi=270C90C Esi=270630C Ebp=236FC90 Esp=236FC70 Eip=7716DACF

ADDR: 7716DAE3 CODE: 741f jz 0x7716db04
Eax=78 Ebx=1 Ecx=270C94C Edx=78 Edi=270C90C Esi=270630E Ebp=236FC90 Esp=236FC70 Eip=7716DAE3

ADDR: 7716DACF CODE: 7409 jz 0x7716dada
Eax=65 Ebx=1 Ecx=270C94C Edx=65 Edi=270C90C Esi=270630E Ebp=236FC90 Esp=236FC70 Eip=7716DACF

ADDR: 7716DAE3 CODE: 741f jz 0x7716db04
Eax=65 Ebx=1 Ecx=270C94E Edx=65 Edi=270C90C Esi=2706310 Ebp=236FC90 Esp=236FC70 Eip=7716DAE3

ADDR: 7716DAF0 CODE: 7406 jz 0x7716daf8
Eax=22 Ebx=0 Ecx=270C94E Edx=236FCB8 Edi=270C90C Esi=2706312 Ebp=236FC90 Esp=236FC70 Eip=7716DAF0

ADDR: 7716DACF CODE: 7409 jz 0x7716dada
Eax=0 Ebx=0 Ecx=270C94E Edx=0 Edi=270C90C Esi=2706312 Ebp=236FC90 Esp=236FC70 Eip=7716DACF

ADDR: 7716DAE3 CODE: 741f jz 0x7716db04
Eax=0 Ebx=0 Ecx=270C950 Edx=0 Edi=270C90C Esi=2706314 Ebp=236FC90 Esp=236FC70 Eip=7716DAE3

ADDR: 7716DB1A CODE: 7421 jz 0x7716db3d
Eax=0 Ebx=0 Ecx=270C950 Edx=0 Edi=270C90C Esi=2706312 Ebp=236FC90 Esp=236FC70 Eip=7716DB1A

ADDR: 7716DB40 CODE: 0f84df000000 jz 0x7716dc25
Eax=0 Ebx=0 Ecx=270C950 Edx=0 Edi=270C90C Esi=2706312 Ebp=236FC90 Esp=236FC70 Eip=7716DB40

ADDR: 7716DC27 CODE: 7403 jz 0x7716dc2c
Eax=0 Ebx=0 Ecx=270C950 Edx=0 Edi=270C90C Esi=2706312 Ebp=236FC90 Esp=236FC70 Eip=7716DC27

ADDR: 771596BA CODE: 7417 jz 0x771596d3
Eax=0 Ebx=1 Ecx=236FCB0 Edx=0 Edi=0 Esi=236FCB0 Ebp=236FC90 Esp=236FC90 Eip=771596BA

ADDR: 771594A4 CODE: 7458 jz 0x771594fe
Eax=64D7B29A Ebx=2517000 Ecx=17 Edx=0 Edi=2 Esi=76E65A70 Ebp=236FCC0 Esp=236FCA8 Eip=771594A4

ADDR: 772F8DEB CODE: 730a jae 0x772f8df7
Eax=EDCCB4E Ebx=2517000 Ecx=76E65A70 Edx=404000 Edi=2 Esi=76E65A70 Ebp=236FCC0 Esp=236FC9C Eip=772F8DEB

ADDR: 772F09B7 CODE: 747f jz 0x772f0a38
Eax=2 Ebx=251AFB4 Ecx=76E65A70 Edx=251AFB4 Edi=2 Esi=76E65A70 Ebp=236FC74 Esp=236FC68 Eip=772F09B7

ADDR: 772F09BE CODE: 7378 jae 0x772f0a38
Eax=2 Ebx=251AFB4 Ecx=76E65A70 Edx=251AFB4 Edi=2 Esi=76E65A70 Ebp=236FC74 Esp=236FC68 Eip=772F09BE

ADDR: 76E65A83 CODE: 790d jns 0x76e65a92
Eax=0 Ebx=2517000 Ecx=270A188 Edx=0 Edi=2 Esi=76E65A70 Ebp=236FC98 Esp=236FC98 Eip=76E65A83

ADDR: 771595B4 CODE: 7458 jz 0x7715960e
Eax=64D7B29A Ebx=2517000 Ecx=17 Edx=0 Edi=2 Esi=76E65A70 Ebp=236FCAC Esp=236FC94 Eip=771595B4

ADDR: 772F8DEB CODE: 730a jae 0x772f8df7
Eax=EDCCB4E Ebx=2517000 Ecx=76E65A70 Edx=404000 Edi=2 Esi=76E65A70 Ebp=236FCAC Esp=236FC88 Eip=772F8DEB

ADDR: 772F09B7 CODE: 747f jz 0x772f0a38
Eax=2 Ebx=251AFB4 Ecx=76E65A70 Edx=251AFB4 Edi=2 Esi=76E65A70 Ebp=236FC60 Esp=236FC54 Eip=772F09B7

ADDR: 772F09BE CODE: 7378 jae 0x772f0a38
Eax=2 Ebx=251AFB4 Ecx=76E65A70 Edx=251AFB4 Edi=2 Esi=76E65A70 Ebp=236FC60 Esp=236FC54 Eip=772F09BE

ADDR: 76E65A83 CODE: 790d jns 0x76e65a92
Eax=0 Ebx=2517000 Ecx=270A188 Edx=0 Edi=2 Esi=76E65A70 Ebp=236FC84 Esp=236FC84 Eip=76E65A83

ADDR: 77173DEF CODE: 0f84d5000000 jz 0x77173eca
Eax=10000 Ebx=2517000 Ecx=30000 Edx=0 Edi=281600 Esi=0 Ebp=236FCA0 Esp=236FC90 Eip=77173DEF

ADDR: 77173ED0 CODE: 7409 jz 0x77173edb
Eax=10000 Ebx=2517000 Ecx=30000 Edx=0 Edi=281600 Esi=0 Ebp=236FCA0 Esp=236FC88 Eip=77173ED0

ADDR: 771A6A8B CODE: 7403 jz 0x771a6a90
Eax=1027F Ebx=2517000 Ecx=10 Edx=0 Edi=281600 Esi=0 Ebp=236FC80 Esp=236FC70 Eip=771A6A8B

ADDR: 771A6A92 CODE: 7403 jz 0x771a6a97
Eax=1027F Ebx=2517000 Ecx=18 Edx=0 Edi=281600 Esi=0 Ebp=236FC80 Esp=236FC70 Eip=771A6A92

ADDR: 771A6A99 CODE: 7403 jz 0x771a6a9e
Eax=1027F Ebx=2517000 Ecx=1C Edx=0 Edi=281600 Esi=0 Ebp=236FC80 Esp=236FC70 Eip=771A6A99

ADDR: 771A6AA0 CODE: 7403 jz 0x771a6aa5
Eax=1027F Ebx=2517000 Ecx=1E Edx=0 Edi=281600 Esi=0 Ebp=236FC80 Esp=236FC70 Eip=771A6AA0

ADDR: 771A6AA7 CODE: 7406 jz 0x771a6aaf
Eax=1027F Ebx=2517000 Ecx=1F Edx=0 Edi=281600 Esi=0 Ebp=236FC80 Esp=236FC70 Eip=771A6AA7

ADDR: 771A6ACF CODE: 0f84a7ae0000 jz 0x771b197c
Eax=1027F Ebx=C00 Ecx=8001F Edx=0 Edi=200 Esi=200 Ebp=236FC80 Esp=236FC64 Eip=771A6ACF

ADDR: 771A6B0E CODE: 0f8c43010000 jl 0x771a6c57
Eax=10000 Ebx=C00 Ecx=9001F Edx=1000 Edi=30000 Esi=9001F Ebp=236FC80 Esp=236FC64 Eip=771A6B0E

ADDR: 771A6B2F CODE: 7403 jz 0x771a6b34
Eax=10 Ebx=C00 Ecx=1F80 Edx=1000 Edi=0 Esi=9001F Ebp=236FC80 Esp=236FC64 Eip=771A6B2F

ADDR: 771A6B3A CODE: 7403 jz 0x771a6b3f
Eax=18 Ebx=C00 Ecx=1F80 Edx=1000 Edi=0 Esi=9001F Ebp=236FC80 Esp=236FC64 Eip=771A6B3A

ADDR: 771A6B45 CODE: 7403 jz 0x771a6b4a
Eax=1C Ebx=C00 Ecx=1F80 Edx=1000 Edi=0 Esi=9001F Ebp=236FC80 Esp=236FC64 Eip=771A6B45

ADDR: 771A6B4C CODE: 7403 jz 0x771a6b51
Eax=1E Ebx=C00 Ecx=1F80 Edx=1000 Edi=0 Esi=9001F Ebp=236FC80 Esp=236FC64 Eip=771A6B4C

ADDR: 771A6B57 CODE: 7405 jz 0x771a6b5e
Eax=1F Ebx=C00 Ecx=1F80 Edx=1000 Edi=0 Esi=9001F Ebp=236FC80 Esp=236FC64 Eip=771A6B57

ADDR: 771A6B67 CODE: 0f8469ae0000 jz 0x771b19d6
Eax=8001F Ebx=6000 Ecx=1F80 Edx=0 Edi=0 Esi=9001F Ebp=236FC80 Esp=236FC64 Eip=771A6B67

ADDR: 771B19E1 CODE: 7424 jz 0x771b1a07
Eax=8001F Ebx=40 Ecx=FFFFFFC0 Edx=0 Edi=0 Esi=9001F Ebp=236FC80 Esp=236FC64 Eip=771B19E1

ADDR: 771B19E9 CODE: 7412 jz 0x771b19fd
Eax=8001F Ebx=40 Ecx=FFFF8000 Edx=0 Edi=0 Esi=9001F Ebp=236FC80 Esp=236FC64 Eip=771B19E9

ADDR: 771594A4 CODE: 7458 jz 0x771594fe
Eax=64D7B29A Ebx=2517000 Ecx=17 Edx=0 Edi=2 Esi=76E65A70 Ebp=236FCA8 Esp=236FC90 Eip=771594A4

ADDR: 772F8DEB CODE: 730a jae 0x772f8df7
Eax=EDCCB4E Ebx=2517000 Ecx=76E65A70 Edx=404000 Edi=2 Esi=76E65A70 Ebp=236FCA8 Esp=236FC84 Eip=772F8DEB

ADDR: 772F09B7 CODE: 747f jz 0x772f0a38
Eax=2 Ebx=251AFB4 Ecx=76E65A70 Edx=251AFB4 Edi=2 Esi=76E65A70 Ebp=236FC5C Esp=236FC50 Eip=772F09B7

ADDR: 772F09BE CODE: 7378 jae 0x772f0a38
Eax=2 Ebx=251AFB4 Ecx=76E65A70 Edx=251AFB4 Edi=2 Esi=76E65A70 Ebp=236FC5C Esp=236FC50 Eip=772F09BE

ADDR: 76E65A83 CODE: 790d jns 0x76e65a92
Eax=0 Ebx=2517000 Ecx=270A188 Edx=0 Edi=2 Esi=76E65A70 Ebp=236FC80 Esp=236FC80 Eip=76E65A83

ADDR: 771595B4 CODE: 7458 jz 0x7715960e
Eax=64D7B29A Ebx=2517000 Ecx=17 Edx=0 Edi=2 Esi=76E65A70 Ebp=236FCBC Esp=236FCA4 Eip=771595B4

ADDR: 772F8DEB CODE: 730a jae 0x772f8df7
Eax=EDCCB4E Ebx=2517000 Ecx=76E65A70 Edx=404000 Edi=2 Esi=76E65A70 Ebp=236FCBC Esp=236FC98 Eip=772F8DEB

ADDR: 772F09B7 CODE: 747f jz 0x772f0a38
Eax=2 Ebx=251AFB4 Ecx=76E65A70 Edx=251AFB4 Edi=2 Esi=76E65A70 Ebp=236FC70 Esp=236FC64 Eip=772F09B7

ADDR: 772F09BE CODE: 7378 jae 0x772f0a38
Eax=2 Ebx=251AFB4 Ecx=76E65A70 Edx=251AFB4 Edi=2 Esi=76E65A70 Ebp=236FC70 Esp=236FC64 Eip=772F09BE

ADDR: 76E65A83 CODE: 790d jns 0x76e65a92
Eax=0 Ebx=2517000 Ecx=270A188 Edx=0 Edi=2 Esi=76E65A70 Ebp=236FC94 Esp=236FC94 Eip=76E65A83

ADDR: 772F8DEB CODE: 730a jae 0x772f8df7
Eax=EE2EB74 Ebx=2517000 Ecx=77175BA0 Edx=111001 Edi=77175BA0 Esi=0 Ebp=236FCFC Esp=236FCBC Eip=772F8DEB

ADDR: 771590DC CODE: 7454 jz 0x77159132
Eax=CD7B337 Ebx=2517000 Ecx=17 Edx=111001 Edi=2 Esi=76E500A0 Ebp=236FCB8 Esp=236FC98 Eip=771590DC

ADDR: 772F8DEB CODE: 730a jae 0x772f8df7
Eax=EDCA014 Ebx=2517000 Ecx=76E500A0 Edx=104000 Edi=2 Esi=76E500A0 Ebp=236FCB8 Esp=236FC90 Eip=772F8DEB

ADDR: 772EC686 CODE: 743c jz 0x772ec6c4
Eax=2 Ebx=2517000 Ecx=270A180 Edx=104000 Edi=2 Esi=251A000 Ebp=236FC74 Esp=236FC74 Eip=772EC686

ADDR: 772EC68D CODE: 7335 jae 0x772ec6c4
Eax=2 Ebx=2517000 Ecx=270A180 Edx=104000 Edi=2 Esi=251A000 Ebp=236FC74 Esp=236FC74 Eip=772EC68D

ADDR: 772EC6AC CODE: 740c jz 0x772ec6ba
Eax=270CAA0 Ebx=2517000 Ecx=270A180 Edx=0 Edi=2 Esi=2 Ebp=236FC74 Esp=236FC70 Eip=772EC6AC

ADDR: 772EC6B4 CODE: 7404 jz 0x772ec6ba
Eax=270CAAC Ebx=2517000 Ecx=270A180 Edx=0 Edi=2 Esi=2 Ebp=236FC74 Esp=236FC70 Eip=772EC6B4

ADDR: 76E500BD CODE: 791c jns 0x76e500db
Eax=0 Ebx=2517000 Ecx=236FC88 Edx=0 Edi=2 Esi=251A000 Ebp=236FC8C Esp=236FC84 Eip=76E500BD

ADDR: 77175BCB CODE: 7427 jz 0x77175bf4
Eax=1 Ebx=2517000 Ecx=3 Edx=0 Edi=0 Esi=0 Ebp=236FCB8 Esp=236FCA4 Eip=77175BCB

ADDR: 771590DC CODE: 7454 jz 0x77159132
Eax=CD7B337 Ebx=2517000 Ecx=17 Edx=0 Edi=3 Esi=76E500A0 Ebp=236FCB8 Esp=236FC98 Eip=771590DC

ADDR: 772F8DEB CODE: 730a jae 0x772f8df7
Eax=EDCA014 Ebx=2517000 Ecx=76E500A0 Edx=104000 Edi=3 Esi=76E500A0 Ebp=236FCB8 Esp=236FC90 Eip=772F8DEB

ADDR: 772EC686 CODE: 743c jz 0x772ec6c4
Eax=3 Ebx=2517000 Ecx=270A180 Edx=104000 Edi=3 Esi=251A000 Ebp=236FC74 Esp=236FC74 Eip=772EC686

ADDR: 772EC68D CODE: 7335 jae 0x772ec6c4
Eax=3 Ebx=2517000 Ecx=270A180 Edx=104000 Edi=3 Esi=251A000 Ebp=236FC74 Esp=236FC74 Eip=772EC68D

ADDR: 772EC6AC CODE: 740c jz 0x772ec6ba
Eax=270CAA0 Ebx=2517000 Ecx=270A180 Edx=0 Edi=3 Esi=3 Ebp=236FC74 Esp=236FC70 Eip=772EC6AC

ADDR: 772EC6B4 CODE: 7404 jz 0x772ec6ba
Eax=270CAB0 Ebx=2517000 Ecx=270A180 Edx=0 Edi=3 Esi=3 Ebp=236FC74 Esp=236FC70 Eip=772EC6B4

ADDR: 76E500BD CODE: 791c jns 0x76e500db
Eax=0 Ebx=2517000 Ecx=236FC88 Edx=0 Edi=3 Esi=251A000 Ebp=236FC8C Esp=236FC84 Eip=76E500BD

ADDR: 77175BD4 CODE: 7418 jz 0x77175bee
Eax=270CAF0 Ebx=2517000 Ecx=236FC88 Edx=0 Edi=0 Esi=0 Ebp=236FCB8 Esp=236FCA4 Eip=77175BD4

ADDR: 77175BE6 CODE: 0f8494010000 jz 0x77175d80
Eax=251A000 Ebx=270CE54 Ecx=AFCD5626 Edx=0 Edi=0 Esi=0 Ebp=236FCB8 Esp=236FCA4 Eip=77175BE6

ADDR: 77175C7B CODE: 0f84f0000000 jz 0x77175d71
Eax=1 Ebx=270CE54 Ecx=1 Edx=0 Edi=0 Esi=0 Ebp=236FCB8 Esp=236FCA4 Eip=77175C7B

ADDR: 77175C83 CODE: 0f84ef000000 jz 0x77175d78
Eax=1 Ebx=270CE54 Ecx=1 Edx=0 Edi=0 Esi=0 Ebp=236FCB8 Esp=236FCA4 Eip=77175C83

ADDR: 771594A4 CODE: 7458 jz 0x771594fe
Eax=64D7B29A Ebx=2517000 Ecx=17 Edx=0 Edi=2 Esi=76E65A70 Ebp=236FCB8 Esp=236FCA0 Eip=771594A4

ADDR: 772F8DEB CODE: 730a jae 0x772f8df7
Eax=EDCCB4E Ebx=2517000 Ecx=76E65A70 Edx=404000 Edi=2 Esi=76E65A70 Ebp=236FCB8 Esp=236FC94 Eip=772F8DEB

ADDR: 772F09B7 CODE: 747f jz 0x772f0a38
Eax=2 Ebx=251AFB4 Ecx=76E65A70 Edx=251AFB4 Edi=2 Esi=76E65A70 Ebp=236FC6C Esp=236FC60 Eip=772F09B7

ADDR: 772F09BE CODE: 7378 jae 0x772f0a38
Eax=2 Ebx=251AFB4 Ecx=76E65A70 Edx=251AFB4 Edi=2 Esi=76E65A70 Ebp=236FC6C Esp=236FC60 Eip=772F09BE

ADDR: 76E65A83 CODE: 790d jns 0x76e65a92
Eax=0 Ebx=2517000 Ecx=270A188 Edx=0 Edi=2 Esi=76E65A70 Ebp=236FC90 Esp=236FC90 Eip=76E65A83

ADDR: 2A2ABB CODE: 7405 jz 0x2a2ac2
Eax=1 Ebx=2517000 Ecx=0 Edx=0 Edi=281600 Esi=2A2A40 Ebp=236FD14 Esp=236FD08 Eip=2A2ABB

ADDR: 771595B4 CODE: 7458 jz 0x7715960e
Eax=64D7B29A Ebx=2517000 Ecx=17 Edx=0 Edi=2 Esi=76E65A70 Ebp=236FCC8 Esp=236FCB0 Eip=771595B4

ADDR: 772F8DEB CODE: 730a jae 0x772f8df7
Eax=EDCCB4E Ebx=2517000 Ecx=76E65A70 Edx=404000 Edi=2 Esi=76E65A70 Ebp=236FCC8 Esp=236FCA4 Eip=772F8DEB

ADDR: 772F09B7 CODE: 747f jz 0x772f0a38
Eax=2 Ebx=251AFB4 Ecx=76E65A70 Edx=251AFB4 Edi=2 Esi=76E65A70 Ebp=236FC7C Esp=236FC70 Eip=772F09B7

ADDR: 772F09BE CODE: 7378 jae 0x772f0a38
Eax=2 Ebx=251AFB4 Ecx=76E65A70 Edx=251AFB4 Edi=2 Esi=76E65A70 Ebp=236FC7C Esp=236FC70 Eip=772F09BE

ADDR: 76E65A83 CODE: 790d jns 0x76e65a92
Eax=0 Ebx=2517000 Ecx=270A188 Edx=0 Edi=2 Esi=76E65A70 Ebp=236FCA0 Esp=236FCA0 Eip=76E65A83

ADDR: 772F8DEB CODE: 730a jae 0x772f8df7
Eax=EE2DB92 Ebx=2517000 Ecx=7716DC90 Edx=40000 Edi=281600 Esi=7716DC90 Ebp=236FD00 Esp=236FCCC Eip=772F8DEB

ADDR: 771590DC CODE: 7454 jz 0x77159132
Eax=CD7B337 Ebx=2517000 Ecx=17 Edx=40000 Edi=2 Esi=76E500A0 Ebp=236FCC8 Esp=236FCA0 Eip=771590DC

ADDR: 772F8DEB CODE: 730a jae 0x772f8df7
Eax=EDCA014 Ebx=2517000 Ecx=76E500A0 Edx=104000 Edi=2 Esi=76E500A0 Ebp=236FCC8 Esp=236FC98 Eip=772F8DEB

ADDR: 772EC686 CODE: 743c jz 0x772ec6c4
Eax=2 Ebx=2517000 Ecx=270A180 Edx=104000 Edi=2 Esi=251A000 Ebp=236FC7C Esp=236FC7C Eip=772EC686

ADDR: 772EC68D CODE: 7335 jae 0x772ec6c4
Eax=2 Ebx=2517000 Ecx=270A180 Edx=104000 Edi=2 Esi=251A000 Ebp=236FC7C Esp=236FC7C Eip=772EC68D

ADDR: 772EC6AC CODE: 740c jz 0x772ec6ba
Eax=270CAA0 Ebx=2517000 Ecx=270A180 Edx=0 Edi=2 Esi=2 Ebp=236FC7C Esp=236FC78 Eip=772EC6AC

ADDR: 772EC6B4 CODE: 7404 jz 0x772ec6ba
Eax=270CAAC Ebx=2517000 Ecx=270A180 Edx=0 Edi=2 Esi=2 Ebp=236FC7C Esp=236FC78 Eip=772EC6B4

ADDR: 76E500BD CODE: 791c jns 0x76e500db
Eax=0 Ebx=2517000 Ecx=236FC90 Edx=0 Edi=2 Esi=251A000 Ebp=236FC94 Esp=236FC8C Eip=76E500BD

ADDR: 7716DCB4 CODE: 7404 jz 0x7716dcba
Eax=77235AD4 Ebx=2517000 Ecx=AFCD5626 Edx=0 Edi=281600 Esi=0 Ebp=236FCC8 Esp=236FCB8 Eip=7716DCB4

ADDR: 772AE69A CODE: 7315 jae 0x772ae6b1
Eax=77388764 Ebx=2517000 Ecx=77388760 Edx=251A000 Edi=281600 Esi=2705DC8 Ebp=236FC84 Esp=236FC80 Eip=772AE69A

ADDR: 772A4CFF CODE: 0f8426e60500 jz 0x7730332b
Eax=2517000 Ebx=2700B70 Ecx=77380000 Edx=27023BC Edi=281600 Esi=2700000 Ebp=236FC80 Esp=236FC78 Eip=772A4CFF

ADDR: 772A4D11 CODE: 0f842be60500 jz 0x77303342
Eax=2517000 Ebx=2700B70 Ecx=2700000 Edx=186E Edi=281600 Esi=2700000 Ebp=236FC80 Esp=236FC78 Eip=772A4D11

ADDR: 772A4E6C CODE: 760c jbe 0x772a4e7a
Eax=0 Ebx=2700000 Ecx=180000 Edx=186E Edi=186E Esi=2700000 Ebp=236FC68 Esp=236FBF0 Eip=772A4E6C

ADDR: 772A4E9D CODE: 742b jz 0x772a4eca
Eax=0 Ebx=2700000 Ecx=0 Edx=0 Edi=186E Esi=2700000 Ebp=236FC68 Esp=236FBF0 Eip=772A4E9D

ADDR: 772A4ED5 CODE: 7445 jz 0x772a4f1c
Eax=0 Ebx=2700000 Ecx=180000 Edx=0 Edi=186E Esi=0 Ebp=236FC68 Esp=236FBF0 Eip=772A4ED5

ADDR: 772A4F4B CODE: 0f87f5090000 ja 0x772a5946
Eax=186E Ebx=2700000 Ecx=180000 Edx=30F Edi=186E Esi=1878 Ebp=236FC68 Esp=236FBF0 Eip=772A4F4B

ADDR: 772A4F6F CODE: 0f84ce090000 jz 0x772a5943
Eax=80 Ebx=2700000 Ecx=7 Edx=300 Edi=186E Esi=1878 Ebp=236FC68 Esp=236FBF0 Eip=772A4F6F

ADDR: 772A594F CODE: 7211 jb 0x772a5962
Eax=2700270 Ebx=2700000 Ecx=7 Edx=30F Edi=186E Esi=1878 Ebp=236FC68 Esp=236FBF0 Eip=772A594F

ADDR: 772A5955 CODE: 0f8495030000 jz 0x772a5cf0
Eax=2700270 Ebx=2700000 Ecx=27036A0 Edx=30F Edi=186E Esi=1878 Ebp=236FC68 Esp=236FBF0 Eip=772A5955

ADDR: 772A5960 CODE: 73ef jae 0x772a5951
Eax=27036A0 Ebx=2700000 Ecx=27036A0 Edx=30F Edi=186E Esi=1878 Ebp=236FC68 Esp=236FBF0 Eip=772A5960

ADDR: 772A5967 CODE: 0f838c030000 jae 0x772a5cf9
Eax=27036A0 Ebx=2700000 Ecx=30F Edx=30F Edi=186E Esi=1878 Ebp=236FC68 Esp=236FBF0 Eip=772A5967

ADDR: 772A597C CODE: 7402 jz 0x772a5980
Eax=27036A0 Ebx=2700000 Ecx=30F Edx=28F Edi=186E Esi=1878 Ebp=236FC68 Esp=236FBF0 Eip=772A597C

ADDR: 772A5F44 CODE: 7329 jae 0x772a5f6f
Eax=236FBC8 Ebx=180002 Ecx=2700000 Edx=180002 Edi=2700000 Esi=30F Ebp=236FBD8 Esp=236FA58 Eip=772A5F44

ADDR: 772A5F53 CODE: 730c jae 0x772a5f61
Eax=236FBC8 Ebx=180002 Ecx=2700001 Edx=30F Edi=2700000 Esi=30F Ebp=236FBD8 Esp=236FA58 Eip=772A5F53

ADDR: 772A6022 CODE: 7415 jz 0x772a6039
Eax=236FC38 Ebx=0 Ecx=2700001 Edx=30F Edi=2700000 Esi=30F Ebp=236FBD8 Esp=236FA58 Eip=772A6022

ADDR: 772C3F37 CODE: 7316 jae 0x772c3f4f
Eax=2700258 Ebx=0 Ecx=270025C Edx=251A000 Edi=2700000 Esi=30F Ebp=236FA4C Esp=236FA4C Eip=772C3F37

ADDR: 772A60CB CODE: 7407 jz 0x772a60d4
Eax=1 Ebx=0 Ecx=6858 Edx=251A000 Edi=2700000 Esi=30F Ebp=236FBD8 Esp=236FA58 Eip=772A60CB

ADDR: 772A60DA CODE: 0f8739170000 ja 0x772a7819
Eax=1 Ebx=0 Ecx=6858 Edx=30F Edi=2700000 Esi=30F Ebp=236FBD8 Esp=236FA58 Eip=772A60DA

ADDR: 772A60F4 CODE: 723a jb 0x772a6130
Eax=186E Ebx=0 Ecx=6858 Edx=30F Edi=2700000 Esi=30F Ebp=236FBD8 Esp=236FA58 Eip=772A60F4

ADDR: 772A6136 CODE: 0f87d5000000 ja 0x772a6211
Eax=186E Ebx=0 Ecx=6858 Edx=30F Edi=2700000 Esi=30F Ebp=236FBD8 Esp=236FA58 Eip=772A6136

ADDR: 772A6188 CODE: 7716 ja 0x772a61a0
Eax=2702601 Ebx=7 Ecx=61 Edx=300 Edi=2700000 Esi=2702CAE Ebp=236FBD8 Esp=236FA58 Eip=772A6188

ADDR: 772A6192 CODE: 770c ja 0x772a61a0
Eax=FF00 Ebx=7 Ecx=61 Edx=300 Edi=2700000 Esi=2702CAE Ebp=236FBD8 Esp=236FA58 Eip=772A6192

ADDR: 772A6216 CODE: 0f844f020000 jz 0x772a646b
Eax=FF00 Ebx=7 Ecx=61 Edx=30F Edi=2700000 Esi=27041F0 Ebp=236FBD8 Esp=236FA58 Eip=772A6216

ADDR: 772A6220 CODE: 0f8445020000 jz 0x772a646b
Eax=FF00 Ebx=7 Ecx=61 Edx=30F Edi=2700000 Esi=0 Ebp=236FBD8 Esp=236FA58 Eip=772A6220

ADDR: 772A6485 CODE: 7304 jae 0x772a648b
Eax=27000C0 Ebx=7 Ecx=80 Edx=30F Edi=2700000 Esi=2700270 Ebp=236FBD8 Esp=236FA58 Eip=772A6485

ADDR: 772A6485 CODE: 7304 jae 0x772a648b
Eax=27036A0 Ebx=7 Ecx=800 Edx=30F Edi=2700000 Esi=27036A0 Ebp=236FBD8 Esp=236FA58 Eip=772A6485

ADDR: 772A64D3 CODE: 7438 jz 0x772a650d
Eax=2714DC0 Ebx=85B1AFE0 Ecx=800 Edx=27000C0 Edi=2700000 Esi=27036A0 Ebp=236FBD8 Esp=236FA58 Eip=772A64D3

ADDR: 772A64F3 CODE: 7418 jz 0x772a650d
Eax=46 Ebx=46000244 Ecx=4646 Edx=27000C0 Edi=2700000 Esi=27036A0 Ebp=236FBD8 Esp=236FA58 Eip=772A64F3

ADDR: 772A651D CODE: 7e07 jle 0x772a6526
Eax=244 Ebx=46000244 Ecx=CB Edx=27000C0 Edi=2700000 Esi=27036A0 Ebp=236FBD8 Esp=236FA58 Eip=772A651D

ADDR: 772A66E0 CODE: 0f841c110000 jz 0x772a7802
Eax=27000C0 Ebx=46000244 Ecx=CB Edx=27000C0 Edi=2700000 Esi=27036A0 Ebp=236FBD8 Esp=236FA58 Eip=772A66E0

ADDR: 772A66F2 CODE: 0f844d020000 jz 0x772a6945
Eax=27000C0 Ebx=46000244 Ecx=CB Edx=27000C0 Edi=2700000 Esi=27036A0 Ebp=236FBD8 Esp=236FA58 Eip=772A66F2

ADDR: 772B7EAD CODE: 0f8db7dd0400 jge 0x77305c6a
Eax=2000 Ebx=0 Ecx=2700000 Edx=2000 Edi=2700000 Esi=2000 Ebp=236FA20 Esp=236F9E8 Eip=772B7EAD

ADDR: 772B7ED6 CODE: 73f7 jae 0x772b7ecf
Eax=2715FE8 Ebx=0 Ecx=270008C Edx=0 Edi=2700000 Esi=2000 Ebp=236FA20 Esp=236F9E8 Eip=772B7ED6

ADDR: 772B7A90 CODE: 0f845f020000 jz 0x772b7cf5
Eax=2715FE8 Ebx=0 Ecx=2700000 Edx=2715FE8 Edi=2700000 Esi=270008C Ebp=236FA20 Esp=236F9F8 Eip=772B7A90

ADDR: 772B7AA0 CODE: 0f8dc5de0400 jge 0x7730596b
Eax=2715FE8 Ebx=0 Ecx=2700000 Edx=2715FE8 Edi=2700000 Esi=236FA44 Ebp=236FA20 Esp=236F9F8 Eip=772B7AA0

ADDR: 772B7AE1 CODE: 0f8612020000 jbe 0x772b7cf9
Eax=4000 Ebx=2715FE0 Ecx=E7000 Edx=E9000 Edi=2700000 Esi=236FA44 Ebp=236FA20 Esp=236F9F8 Eip=772B7AE1

ADDR: 772B8CB1 CODE: 0f84d30a0400 jz 0x772f978a
Eax=4000 Ebx=2715FE0 Ecx=2700000 Edx=4 Edi=2700000 Esi=4 Ebp=236F9F0 Esp=236F9C8 Eip=772B8CB1

ADDR: 772B7B24 CODE: 0f84bade0400 jz 0x773059e4
Eax=1 Ebx=2715FE0 Ecx=2000 Edx=7738910C Edi=2700000 Esi=236FA44 Ebp=236FA20 Esp=236F9F8 Eip=772B7B24

ADDR: 772BA7B4 CODE: 0f8432bc0400 jz 0x773063ec
Eax=1 Ebx=271CCC0 Ecx=ADFBB91E Edx=251A000 Edi=0 Esi=2700000 Ebp=236EF40 Esp=236EF30 Eip=772BA7B4

ADDR: 772BA7C1 CODE: 0f843bbc0400 jz 0x77306402
Eax=1 Ebx=271CCC0 Ecx=ADFBB91E Edx=251A000 Edi=0 Esi=2700000 Ebp=236EF40 Esp=236EF30 Eip=772BA7C1

ADDR: 772BA7E6 CODE: 7445 jz 0x772ba82d
Eax=1 Ebx=271CCC0 Ecx=ADFBB91E Edx=1 Edi=0 Esi=2700000 Ebp=236EF40 Esp=236EF30 Eip=772BA7E6

ADDR: 772BA7FF CODE: 0f8483bc0400 jz 0x77306488
Eax=1 Ebx=271CCC0 Ecx=271CCB8 Edx=1 Edi=0 Esi=2700000 Ebp=236EF40 Esp=236EF30 Eip=772BA7FF

ADDR: 772BA80A CODE: 0f84a4bc0400 jz 0x773064b4
Eax=C Ebx=271CCC0 Ecx=271CCB8 Edx=1 Edi=0 Esi=2700000 Ebp=236EF40 Esp=236EF30 Eip=772BA80A

ADDR: 772BA812 CODE: 783f js 0x772ba853
Eax=C Ebx=271CCC0 Ecx=271CCB8 Edx=1 Edi=0 Esi=2700000 Ebp=236EF40 Esp=236EF30 Eip=772BA812

ADDR: 772BA818 CODE: 0f8490000000 jz 0x772ba8ae
Eax=C Ebx=271CCC0 Ecx=271CCB8 Edx=1 Edi=0 Esi=2700000 Ebp=236EF40 Esp=236EF30 Eip=772BA818

ADDR: 772BA823 CODE: 7403 jz 0x772ba828
Eax=BEB0AFDA Ebx=271CCC0 Ecx=271CCB8 Edx=1 Edi=0 Esi=2700000 Ebp=236EF40 Esp=236EF30 Eip=772BA823

ADDR: 772BA879 CODE: 0f845abc0400 jz 0x773064d9
Eax=27E Ebx=271CCC0 Ecx=271CCB8 Edx=C Edi=27E Esi=2700000 Ebp=236EF40 Esp=236EF30 Eip=772BA879

ADDR: 772BA88E CODE: 0f8464bc0400 jz 0x773064f8
Eax=20C Ebx=271CCC0 Ecx=271CCB8 Edx=C Edi=27E Esi=2700000 Ebp=236EF40 Esp=236EF30 Eip=772BA88E

ADDR: 758D7201 CODE: 7493 jz 0x758d7196
Eax=13E4 Ebx=271CCC0 Ecx=C Edx=13E4 Edi=0 Esi=1 Ebp=236EF8C Esp=236EF54 Eip=758D7201

ADDR: 772A9628 CODE: 7416 jz 0x772a9640
Eax=13E4 Ebx=271CCC0 Ecx=C Edx=13E4 Edi=0 Esi=2700000 Ebp=236EF44 Esp=236EF40 Eip=772A9628

ADDR: 772A9647 CODE: 747a jz 0x772a96c3
Eax=13E4 Ebx=271CCC0 Ecx=C Edx=13E4 Edi=0 Esi=2700000 Ebp=236EF44 Esp=236EF40 Eip=772A9647

ADDR: 772A7B53 CODE: 746e jz 0x772a7bc3
Eax=FFFFFFFE Ebx=2700258 Ecx=FFFFFFFF Edx=13E4 Edi=270025C Esi=FFFFFFFE Ebp=236EF34 Esp=236EF20 Eip=772A7B53

ADDR: 772A96EB CODE: 7415 jz 0x772a9702
Eax=0 Ebx=271CCC0 Ecx=FFFFFFFF Edx=13E4 Edi=0 Esi=2700000 Ebp=236EF44 Esp=236EF40 Eip=772A96EB

ADDR: 772A970A CODE: 7416 jz 0x772a9722
Eax=7FFE0380 Ebx=271CCC0 Ecx=FFFFFFFF Edx=13E4 Edi=0 Esi=2700000 Ebp=236EF44 Esp=236EF40 Eip=772A970A

ADDR: 758D71A9 CODE: 0f84d8700100 jz 0x758ee287
Eax=7FFE0301 Ebx=271CCC0 Ecx=FFFFFFFF Edx=13E4 Edi=0 Esi=1 Ebp=236EF8C Esp=236EF54 Eip=758D71A9

ADDR: 29270A CODE: 7466 jz 0x292772
Eax=13E4 Ebx=271CCC0 Ecx=CFFC931B Edx=13E4 Edi=2706312 Esi=9F2 Ebp=236EFA8 Esp=236EF98 Eip=29270A

ADDR: 772F8DEB CODE: 730a jae 0x772f8df7
Eax=EDC9B80 Ebx=271CCC0 Ecx=76E4DC00 Edx=1 Edi=281398 Esi=76E4DC00 Ebp=236EF80 Esp=236EF64 Eip=772F8DEB

ADDR: 76E4DC1C CODE: 0f84be000000 jz 0x76e4dce0
Eax=EDC9B80 Ebx=271CCC0 Ecx=76E4DC00 Edx=0 Edi=281398 Esi=C000000D Ebp=236EF60 Esp=236EF4C Eip=76E4DC1C

ADDR: 76E4DC25 CODE: 0f84a4000000 jz 0x76e4dccf
Eax=EDC9B80 Ebx=271CCC0 Ecx=76E4DC00 Edx=0 Edi=281398 Esi=C000000D Ebp=236EF60 Esp=236EF4C Eip=76E4DC25

ADDR: 772C4E5A CODE: 0f84894f0400 jz 0x77309de9
Eax=0 Ebx=280000 Ecx=0 Edx=1 Edi=0 Esi=0 Ebp=236EF20 Esp=236EEB8 Eip=772C4E5A

ADDR: 772C4E63 CODE: 0f84804f0400 jz 0x77309de9
Eax=0 Ebx=280000 Ecx=0 Edx=1 Edi=0 Esi=0 Ebp=236EF20 Esp=236EEB8 Eip=772C4E63

ADDR: 772C4E78 CODE: 7410 jz 0x772c4e8a
Eax=0 Ebx=280000 Ecx=0 Edx=1 Edi=0 Esi=0 Ebp=236EF20 Esp=236EEB8 Eip=772C4E78

ADDR: 772C4E90 CODE: 0f87344f0400 ja 0x77309dca
Eax=0 Ebx=280000 Ecx=0 Edx=1 Edi=0 Esi=0 Ebp=236EF20 Esp=236EEB8 Eip=772C4E90

ADDR: 772C4EB5 CODE: 0f8491000000 jz 0x772c4f4c
Eax=1 Ebx=280000 Ecx=0 Edx=1 Edi=1 Esi=0 Ebp=236EF20 Esp=236EEB8 Eip=772C4EB5

ADDR: 772ABD93 CODE: 7309 jae 0x772abd9e
Eax=236EED0 Ebx=1 Ecx=4 Edx=236EEF4 Edi=236EEF4 Esi=0 Ebp=236EEA4 Esp=236EDCC Eip=772ABD93

ADDR: 772ABDA1 CODE: 0f87ed0b0000 ja 0x772ac994
Eax=236EED0 Ebx=1 Ecx=4 Edx=236EEF4 Edi=236EEF4 Esi=0 Ebp=236EEA4 Esp=236EDCC Eip=772ABDA1

ADDR: 772ABDAC CODE: 7409 jz 0x772abdb7
Eax=1 Ebx=1 Ecx=4 Edx=236EEF4 Edi=236EEF4 Esi=0 Ebp=236EEA4 Esp=236EDCC Eip=772ABDAC

ADDR: 772ABDBE CODE: 0f84d00b0000 jz 0x772ac994
Eax=1 Ebx=1 Ecx=4 Edx=236EEF4 Edi=236EEF4 Esi=0 Ebp=236EEA4 Esp=236EDCC Eip=772ABDBE

ADDR: 772ABDE3 CODE: 7473 jz 0x772abe58
Eax=FFFFFFFE Ebx=1 Ecx=3 Edx=236EEF4 Edi=236EEF4 Esi=0 Ebp=236EEA4 Esp=236EDCC Eip=772ABDE3

ADDR: 772ABDEB CODE: 776b ja 0x772abe58
Eax=2 Ebx=1 Ecx=3 Edx=236EEF4 Edi=236EEF4 Esi=0 Ebp=236EEA4 Esp=236EDCC Eip=772ABDEB

ADDR: 772ABE03 CODE: 7426 jz 0x772abe2b
Eax=6 Ebx=1 Ecx=3 Edx=236EEF4 Edi=236EEF4 Esi=0 Ebp=236EEA4 Esp=236EDCC Eip=772ABE03

ADDR: 772ABE08 CODE: 7421 jz 0x772abe2b
Eax=6 Ebx=1 Ecx=3 Edx=236EEF4 Edi=236EEF4 Esi=0 Ebp=236EEA4 Esp=236EDCC Eip=772ABE08

ADDR: 772ABE0F CODE: 0f843e010000 jz 0x772abf53
Eax=6 Ebx=1 Ecx=3 Edx=236EEF4 Edi=236EEF4 Esi=0 Ebp=236EEA4 Esp=236EDCC Eip=772ABE0F

ADDR: 772ACB28 CODE: 0f840a020000 jz 0x772acd38
Eax=8 Ebx=0 Ecx=280000 Edx=0 Edi=0 Esi=0 Ebp=236EDBC Esp=236ED7C Eip=772ACB28

ADDR: 772ACB3B CODE: 7409 jz 0x772acb46
Eax=8 Ebx=0 Ecx=280000 Edx=0 Edi=0 Esi=0 Ebp=236EDBC Esp=236ED7C Eip=772ACB3B

ADDR: 772ADA4F CODE: 0f84636a0500 jz 0x773044b8
Eax=236ED50 Ebx=0 Ecx=0 Edx=236ED94 Edi=0 Esi=0 Ebp=236ED60 Esp=236ED2C Eip=772ADA4F

ADDR: 772ADA6B CODE: 0f84476a0500 jz 0x773044b8
Eax=280000 Ebx=1 Ecx=0 Edx=236ED94 Edi=0 Esi=0 Ebp=236ED60 Esp=236ED2C Eip=772ADA6B

ADDR: 772ADA74 CODE: 0f843e6a0500 jz 0x773044b8
Eax=280000 Ebx=1 Ecx=0 Edx=236ED94 Edi=0 Esi=0 Ebp=236ED60 Esp=236ED2C Eip=772ADA74

ADDR: 772ADA80 CODE: 746b jz 0x772adaed
Eax=280000 Ebx=1 Ecx=0 Edx=236ED94 Edi=0 Esi=0 Ebp=236ED60 Esp=236ED2C Eip=772ADA80

ADDR: 772ADAA5 CODE: 0f83b9690500 jae 0x77304464
Eax=280000 Ebx=0 Ecx=100 Edx=5A4D Edi=0 Esi=0 Ebp=236ED60 Esp=236ED2C Eip=772ADAA5

ADDR: 772ADAB2 CODE: 0f82bc690500 jb 0x77304474
Eax=280000 Ebx=0 Ecx=280100 Edx=5A4D Edi=0 Esi=0 Ebp=236ED60 Esp=236ED2C Eip=772ADAB2

ADDR: 772ADAD5 CODE: 7802 js 0x772adad9
Eax=0 Ebx=0 Ecx=280100 Edx=236ED94 Edi=0 Esi=0 Ebp=236ED60 Esp=236ED2C Eip=772ADAD5

ADDR: 772ACB5F CODE: 0f84d3010000 jz 0x772acd38
Eax=0 Ebx=0 Ecx=ADFBBB46 Edx=236ED94 Edi=0 Esi=0 Ebp=236EDBC Esp=236ED7C Eip=772ACB5F

ADDR: 772ACB6A CODE: 7402 jz 0x772acb6e
Eax=0 Ebx=0 Ecx=ADFBBB46 Edx=236ED94 Edi=0 Esi=0 Ebp=236EDBC Esp=236ED7C Eip=772ACB6A

ADDR: 772ADC4C CODE: 0f84d9010000 jz 0x772ade2b
Eax=0 Ebx=0 Ecx=0 Edx=236ED94 Edi=77389440 Esi=0 Ebp=236ED70 Esp=236ED20 Eip=772ADC4C

ADDR: 772ACB92 CODE: 782c js 0x772acbc0
Eax=0 Ebx=0 Ecx=2711BF8 Edx=0 Edi=0 Esi=0 Ebp=236EDBC Esp=236ED7C Eip=772ACB92

ADDR: 772ACBB9 CODE: 7435 jz 0x772acbf0
Eax=51C92 Ebx=0 Ecx=0 Edx=0 Edi=0 Esi=0 Ebp=236EDBC Esp=236ED7C Eip=772ACBB9

ADDR: 772ACBF5 CODE: 7431 jz 0x772acc28
Eax=8 Ebx=0 Ecx=0 Edx=0 Edi=0 Esi=0 Ebp=236EDBC Esp=236ED7C Eip=772ACBF5

ADDR: 772ACBFF CODE: 745d jz 0x772acc5e
Eax=2711BF8 Ebx=0 Ecx=0 Edx=0 Edi=0 Esi=0 Ebp=236EDBC Esp=236ED7C Eip=772ACBFF

ADDR: 772ACC0E CODE: 74b0 jz 0x772acbc0
Eax=2711BF8 Ebx=0 Ecx=0 Edx=0 Edi=2C9090 Esi=0 Ebp=236EDBC Esp=236ED7C Eip=772ACC0E

ADDR: 772ACC12 CODE: 74ac jz 0x772acbc0
Eax=2711BF8 Ebx=0 Ecx=0 Edx=0 Edi=2C9090 Esi=0 Ebp=236EDBC Esp=236ED7C Eip=772ACC12

ADDR: 772ACC1A CODE: 74a4 jz 0x772acbc0
Eax=2711BF8 Ebx=0 Ecx=0 Edx=0 Edi=2C9090 Esi=0 Ebp=236EDBC Esp=236ED7C Eip=772ACC1A

ADDR: 772ACC82 CODE: 0f84af000000 jz 0x772acd37
Eax=11 Ebx=0 Ecx=0 Edx=11 Edi=2C9090 Esi=77389440 Ebp=236EDBC Esp=236ED78 Eip=772ACC82

ADDR: 772ACBCE CODE: 740a jz 0x772acbda
Eax=11 Ebx=0 Ecx=0 Edx=11 Edi=2C9090 Esi=77389440 Ebp=236EDBC Esp=236ED7C Eip=772ACBCE

ADDR: 772ABF7E CODE: 0f84d1000000 jz 0x772ac055
Eax=2C9090 Ebx=1 Ecx=ADFBBB9A Edx=11 Edi=236EEF4 Esi=2C9090 Ebp=236EEA4 Esp=236EDCC Eip=772ABF7E

ADDR: 772ADFE3 CODE: 0f8435650500 jz 0x7730451e
Eax=236EDA4 Ebx=0 Ecx=ADFBBB9A Edx=11 Edi=236EEF4 Esi=2C9090 Ebp=236EDB4 Esp=236ED64 Eip=772ADFE3

ADDR: 772ADFEE CODE: 0f842a650500 jz 0x7730451e
Eax=236EDA4 Ebx=0 Ecx=ADFBBB9A Edx=11 Edi=236EE40 Esi=2C9090 Ebp=236EDB4 Esp=236ED64 Eip=772ADFEE

ADDR: 772ADFFF CODE: 0f8387000000 jae 0x772ae08c
Eax=10000 Ebx=0 Ecx=ADFBBB9A Edx=11 Edi=236EE40 Esi=2C9090 Ebp=236EDB4 Esp=236ED64 Eip=772ADFFF

ADDR: 772AE01C CODE: 780f js 0x772ae02d
Eax=10000 Ebx=0 Ecx=3 Edx=2C9188 Edi=236EE40 Esi=2C9090 Ebp=236EDB4 Esp=236ED64 Eip=772AE01C

ADDR: 772AE01C CODE: 780f js 0x772ae02d
Eax=3 Ebx=0 Ecx=2 Edx=2C918C Edi=236EE40 Esi=2C9090 Ebp=236EDB4 Esp=236ED64 Eip=772AE01C

ADDR: 772AE01C CODE: 780f js 0x772ae02d
Eax=FFFFFFF8 Ebx=0 Ecx=1 Edx=2C9190 Edi=236EE40 Esi=2C9090 Ebp=236EDB4 Esp=236ED64 Eip=772AE01C

ADDR: 772AE01C CODE: 780f js 0x772ae02d
Eax=FFFFFFF6 Ebx=0 Ecx=0 Edx=2C9194 Edi=236EE40 Esi=2C9090 Ebp=236EDB4 Esp=236ED64 Eip=772AE01C

ADDR: 772AE01C CODE: 780f js 0x772ae02d
Eax=FFFFFFEE Ebx=0 Ecx=FFFFFFFF Edx=2C9198 Edi=236EE40 Esi=2C9090 Ebp=236EDB4 Esp=236ED64 Eip=772AE01C

ADDR: 772AE02F CODE: 7906 jns 0x772ae037
Eax=FFFFFFEE Ebx=0 Ecx=FFFFFFFF Edx=2C9198 Edi=236EE40 Esi=2C9090 Ebp=236EDB4 Esp=236ED64 Eip=772AE02F

ADDR: 772AE04E CODE: 780f js 0x772ae05f
Eax=FFFFFFEE Ebx=0 Ecx=4 Edx=2C91A8 Edi=236EE40 Esi=2C9090 Ebp=236EDB4 Esp=236ED64 Eip=772AE04E

ADDR: 772AE04E CODE: 780f js 0x772ae05f
Eax=2 Ebx=0 Ecx=3 Edx=2C91AC Edi=236EE40 Esi=2C9090 Ebp=236EDB4 Esp=236ED64 Eip=772AE04E

ADDR: 772AE04E CODE: 780f js 0x772ae05f
Eax=1 Ebx=0 Ecx=2 Edx=2C91B0 Edi=236EE40 Esi=2C9090 Ebp=236EDB4 Esp=236ED64 Eip=772AE04E

ADDR: 772AE061 CODE: 7821 js 0x772ae084
Eax=0 Ebx=0 Ecx=2 Edx=2C91B4 Edi=236EE40 Esi=2C9090 Ebp=236EDB4 Esp=236ED64 Eip=772AE061

ADDR: 772AC02B CODE: 7907 jns 0x772ac034
Eax=0 Ebx=1 Ecx=ADFBBB92 Edx=2C91B4 Edi=236EEF4 Esi=2C9090 Ebp=236EEA4 Esp=236EDCC Eip=772AC02B

ADDR: 772AC03E CODE: 7408 jz 0x772ac048
Eax=40000 Ebx=1 Ecx=ADFBBB92 Edx=2C91B4 Edi=236EEF4 Esi=2C9090 Ebp=236EEA4 Esp=236EDCC Eip=772AC03E

ADDR: 772AC04C CODE: 740f jz 0x772ac05d
Eax=40000 Ebx=1 Ecx=ADFBBB92 Edx=2C91B4 Edi=236EEF4 Esi=2C9090 Ebp=236EEA4 Esp=236EDCC Eip=772AC04C

ADDR: 772AC068 CODE: 0f84eafdffff jz 0x772abe58
Eax=240000 Ebx=240001 Ecx=ADFBBB92 Edx=2C91B4 Edi=236EEF4 Esi=2C9090 Ebp=236EEA4 Esp=236EDCC Eip=772AC068

ADDR: 772AC089 CODE: 7205 jb 0x772ac090
Eax=6 Ebx=240001 Ecx=3 Edx=2C91B4 Edi=236EEF4 Esi=2C9090 Ebp=236EEA4 Esp=236EDCC Eip=772AC089

ADDR: 772AAEB8 CODE: 0f84defdffff jz 0x772aac9c
Eax=236EE78 Ebx=240001 Ecx=4 Edx=0 Edi=0 Esi=0 Ebp=236EDB8 Esp=236ECE0 Eip=772AAEB8

ADDR: 772AACC7 CODE: 0f84a1010000 jz 0x772aae6e
Eax=0 Ebx=0 Ecx=240001 Edx=0 Edi=0 Esi=1 Ebp=236EDB8 Esp=236ECE0 Eip=772AACC7

ADDR: 772AAE75 CODE: 742f jz 0x772aaea6
Eax=0 Ebx=0 Ecx=240001 Edx=0 Edi=0 Esi=1 Ebp=236EDB8 Esp=236ECE0 Eip=772AAE75

ADDR: 772AACC7 CODE: 0f84a1010000 jz 0x772aae6e
Eax=1 Ebx=0 Ecx=240001 Edx=0 Edi=EEEE Esi=2 Ebp=236EDB8 Esp=236ECE0 Eip=772AACC7

ADDR: 772AACD0 CODE: 0f84c2010000 jz 0x772aae98
Eax=0 Ebx=0 Ecx=240001 Edx=0 Edi=EEEE Esi=2 Ebp=236EDB8 Esp=236ECE0 Eip=772AACD0

ADDR: 772AACC7 CODE: 0f84a1010000 jz 0x772aae6e
Eax=2 Ebx=0 Ecx=240001 Edx=0 Edi=EEEE Esi=3 Ebp=236EDB8 Esp=236ECE0 Eip=772AACC7

ADDR: 772AACD0 CODE: 0f84c2010000 jz 0x772aae98
Eax=1 Ebx=0 Ecx=240001 Edx=0 Edi=EEEE Esi=3 Ebp=236EDB8 Esp=236ECE0 Eip=772AACD0

ADDR: 772AAA2F CODE: 0f84ad000000 jz 0x772aaae2
Eax=251A000 Ebx=0 Ecx=240001 Edx=0 Edi=EEEE Esi=3 Ebp=236ECD8 Esp=236ECC0 Eip=772AAA2F

ADDR: 772AAAA2 CODE: 7473 jz 0x772aab17
Eax=2710710 Ebx=0 Ecx=270F870 Edx=0 Edi=EEEE Esi=3 Ebp=236ECD8 Esp=236ECC0 Eip=772AAAA2

ADDR: 772AAACD CODE: 7448 jz 0x772aab17
Eax=0 Ebx=0 Ecx=270F870 Edx=0 Edi=EEEE Esi=3 Ebp=236ECD8 Esp=236ECC0 Eip=772AAACD

ADDR: 772AAB25 CODE: 7902 jns 0x772aab29
Eax=251A000 Ebx=0 Ecx=FFFFE000 Edx=0 Edi=EEEE Esi=3 Ebp=236ECD8 Esp=236ECC0 Eip=772AAB25

ADDR: 772AAB38 CODE: 7902 jns 0x772aab3c
Eax=2518000 Ebx=0 Ecx=251A000 Edx=FFFFE000 Edi=EEEE Esi=3 Ebp=236ECD8 Esp=236ECC0 Eip=772AAB38

ADDR: 772AAB5D CODE: 7902 jns 0x772aab61
Eax=251A000 Ebx=0 Ecx=FFFFE000 Edx=FFFFE000 Edi=EEEE Esi=3 Ebp=236ECD8 Esp=236ECC0 Eip=772AAB5D

ADDR: 772AAB69 CODE: 0f8473ffffff jz 0x772aaae2
Eax=1 Ebx=0 Ecx=FFFFE000 Edx=FFFFE000 Edi=EEEE Esi=3 Ebp=236ECD8 Esp=236ECC0 Eip=772AAB69

ADDR: 772AACEB CODE: 0f84e4020000 jz 0x772aafd5
Eax=1 Ebx=0 Ecx=FFFFE000 Edx=FFFFE000 Edi=EEEE Esi=3 Ebp=236EDB8 Esp=236ECE0 Eip=772AACEB

ADDR: 772AAD07 CODE: 0f83c8020000 jae 0x772aafd5
Eax=4 Ebx=0 Ecx=0 Edx=FFFFE000 Edi=EEEE Esi=3 Ebp=236EDB8 Esp=236ECE0 Eip=772AAD07

ADDR: 772DB3CA CODE: 744f jz 0x772db41b
Eax=236EC10 Ebx=0 Ecx=236EC10 Edx=AA Edi=236ECF0 Esi=236ECEF Ebp=236ECCC Esp=236EBD8 Eip=772DB3CA

ADDR: 772DB3D8 CODE: 7231 jb 0x772db40b
Eax=0 Ebx=0 Ecx=236EC10 Edx=AA Edi=236EC10 Esi=236ECEF Ebp=236ECCC Esp=236EBD4 Eip=772DB3D8

ADDR: 772DB3DF CODE: 740c jz 0x772db3ed
Eax=0 Ebx=0 Ecx=0 Edx=AA Edi=236EC10 Esi=236ECEF Ebp=236ECCC Esp=236EBD4 Eip=772DB3DF

ADDR: 772DB403 CODE: 7406 jz 0x772db40b
Eax=0 Ebx=0 Ecx=2A Edx=2 Edi=236EC10 Esi=236ECEF Ebp=236ECCC Esp=236EBD4 Eip=772DB403

ADDR: 772DB409 CODE: 740a jz 0x772db415
Eax=0 Ebx=0 Ecx=0 Edx=2 Edi=236ECB8 Esi=236ECEF Ebp=236ECCC Esp=236EBD4 Eip=772DB409

ADDR: 772AA943 CODE: 0f845e970500 jz 0x773040a7
Eax=236EC10 Ebx=0 Ecx=0 Edx=2710710 Edi=236ECF0 Esi=236ECEF Ebp=236ECCC Esp=236EBE8 Eip=772AA943

ADDR: 772AA94B CODE: 0f8456970500 jz 0x773040a7
Eax=236EC10 Ebx=0 Ecx=0 Edx=2710710 Edi=236ECF0 Esi=236ECEF Ebp=236ECCC Esp=236EBE8 Eip=772AA94B

ADDR: 772AA953 CODE: 0f844e970500 jz 0x773040a7
Eax=236EC10 Ebx=0 Ecx=0 Edx=2710710 Edi=236ECF0 Esi=236ECEF Ebp=236ECCC Esp=236EBE8 Eip=772AA953

ADDR: 772AA961 CODE: 0f8340970500 jae 0x773040a7
Eax=236EC10 Ebx=0 Ecx=0 Edx=2710710 Edi=236ECF0 Esi=236ECEF Ebp=236ECCC Esp=236EBE8 Eip=772AA961

ADDR: 772AA96C CODE: 0f843e960500 jz 0x77303fb0
Eax=236EC10 Ebx=0 Ecx=0 Edx=2710710 Edi=236ECF0 Esi=270F870 Ebp=236ECCC Esp=236EBE8 Eip=772AA96C

ADDR: 772AA999 CODE: 7464 jz 0x772aa9ff
Eax=1 Ebx=0 Ecx=2710748 Edx=2710710 Edi=236ECF0 Esi=270F870 Ebp=236ECCC Esp=236EBE8 Eip=772AA999

ADDR: 772AA9BC CODE: 0f84c8960500 jz 0x7730408a
Eax=419 Ebx=0 Ecx=1C Edx=2710710 Edi=236ECF0 Esi=270F870 Ebp=236ECCC Esp=236EBE8 Eip=772AA9BC

ADDR: 772D8923 CODE: 7315 jae 0x772d893a
Eax=1 Ebx=0 Ecx=0 Edx=0 Edi=236ECF0 Esi=270F870 Ebp=236ECCC Esp=236EBE4 Eip=772D8923

ADDR: 772D8928 CODE: 7306 jae 0x772d8930
Eax=1 Ebx=0 Ecx=0 Edx=0 Edi=236ECF0 Esi=270F870 Ebp=236ECCC Esp=236EBE4 Eip=772D8928

ADDR: 772AA9DC CODE: 742a jz 0x772aaa08
Eax=1 Ebx=0 Ecx=2710710 Edx=0 Edi=236ECF0 Esi=270F870 Ebp=236ECCC Esp=236EBE8 Eip=772AA9DC

ADDR: 772AAD32 CODE: 0f849d020000 jz 0x772aafd5
Eax=0 Ebx=0 Ecx=AFCD5626 Edx=0 Edi=419 Esi=3 Ebp=236EDB8 Esp=236ECE0 Eip=772AAD32

ADDR: 772AAD59 CODE: 0f8451ffffff jz 0x772aacb0
Eax=EEEE Ebx=0 Ecx=240001 Edx=0 Edi=419 Esi=2 Ebp=236EDB8 Esp=236ECE0 Eip=772AAD59

ADDR: 772AAD6C CODE: 0f83e1000000 jae 0x772aae53
Eax=0 Ebx=0 Ecx=240001 Edx=0 Edi=419 Esi=2 Ebp=236EDB8 Esp=236ECE0 Eip=772AAD6C

ADDR: 772AB110 CODE: 0f843d0a0000 jz 0x772abb53
Eax=280000 Ebx=0 Ecx=0 Edx=1 Edi=236E1E8 Esi=0 Ebp=236ECC4 Esp=236E1B4 Eip=772AB110

ADDR: 772AB11F CODE: 0f842e0a0000 jz 0x772abb53
Eax=280000 Ebx=0 Ecx=419 Edx=1 Edi=236E1E8 Esi=0 Ebp=236ECC4 Esp=236E1B4 Eip=772AB11F

ADDR: 772AB12D CODE: 0f84200a0000 jz 0x772abb53
Eax=280000 Ebx=0 Ecx=419 Edx=1 Edi=236ED00 Esi=0 Ebp=236ECC4 Esp=236E1B4 Eip=772AB12D

ADDR: 772ACB28 CODE: 0f840a020000 jz 0x772acd38
Eax=4 Ebx=0 Ecx=280000 Edx=419 Edi=0 Esi=0 Ebp=236E1A4 Esp=236E164 Eip=772ACB28

ADDR: 772ACB3B CODE: 7409 jz 0x772acb46
Eax=4 Ebx=0 Ecx=280000 Edx=419 Edi=0 Esi=0 Ebp=236E1A4 Esp=236E164 Eip=772ACB3B

ADDR: 772ACB40 CODE: 0f84f2010000 jz 0x772acd38
Eax=4 Ebx=0 Ecx=280000 Edx=419 Edi=0 Esi=0 Ebp=236E1A4 Esp=236E164 Eip=772ACB40

ADDR: 772ADA4F CODE: 0f84636a0500 jz 0x773044b8
Eax=236E138 Ebx=0 Ecx=0 Edx=236E17C Edi=0 Esi=0 Ebp=236E148 Esp=236E114 Eip=772ADA4F

ADDR: 772ADA6B CODE: 0f84476a0500 jz 0x773044b8
Eax=280000 Ebx=1 Ecx=0 Edx=236E17C Edi=0 Esi=0 Ebp=236E148 Esp=236E114 Eip=772ADA6B

ADDR: 772ADA74 CODE: 0f843e6a0500 jz 0x773044b8
Eax=280000 Ebx=1 Ecx=0 Edx=236E17C Edi=0 Esi=0 Ebp=236E148 Esp=236E114 Eip=772ADA74

ADDR: 772ADA80 CODE: 746b jz 0x772adaed
Eax=280000 Ebx=1 Ecx=0 Edx=236E17C Edi=0 Esi=0 Ebp=236E148 Esp=236E114 Eip=772ADA80

ADDR: 772ADAA5 CODE: 0f83b9690500 jae 0x77304464
Eax=280000 Ebx=0 Ecx=100 Edx=5A4D Edi=0 Esi=0 Ebp=236E148 Esp=236E114 Eip=772ADAA5

ADDR: 772ADAB2 CODE: 0f82bc690500 jb 0x77304474
Eax=280000 Ebx=0 Ecx=280100 Edx=5A4D Edi=0 Esi=0 Ebp=236E148 Esp=236E114 Eip=772ADAB2

ADDR: 772ADAD5 CODE: 7802 js 0x772adad9
Eax=0 Ebx=0 Ecx=280100 Edx=236E17C Edi=0 Esi=0 Ebp=236E148 Esp=236E114 Eip=772ADAD5

ADDR: 772ACB5F CODE: 0f84d3010000 jz 0x772acd38
Eax=0 Ebx=0 Ecx=ADFBB76E Edx=236E17C Edi=0 Esi=0 Ebp=236E1A4 Esp=236E164 Eip=772ACB5F

ADDR: 772ACB6A CODE: 7402 jz 0x772acb6e
Eax=0 Ebx=0 Ecx=ADFBB76E Edx=236E17C Edi=0 Esi=236E258 Ebp=236E1A4 Esp=236E164 Eip=772ACB6A

ADDR: 772ADC4C CODE: 0f84d9010000 jz 0x772ade2b
Eax=0 Ebx=0 Ecx=0 Edx=236E17C Edi=77389440 Esi=236E258 Ebp=236E158 Esp=236E100 Eip=772ADC4C

ADDR: 772ACB92 CODE: 782c js 0x772acbc0
Eax=0 Ebx=0 Ecx=2711BF8 Edx=0 Edi=0 Esi=236E258 Ebp=236E1A4 Esp=236E164 Eip=772ACB92

ADDR: 772ACBB9 CODE: 7435 jz 0x772acbf0
Eax=51C92 Ebx=0 Ecx=0 Edx=0 Edi=0 Esi=236E258 Ebp=236E1A4 Esp=236E164 Eip=772ACBB9

ADDR: 772ACBF5 CODE: 7431 jz 0x772acc28
Eax=4 Ebx=0 Ecx=0 Edx=0 Edi=0 Esi=236E258 Ebp=236E1A4 Esp=236E164 Eip=772ACBF5

ADDR: 772ACC2A CODE: 7432 jz 0x772acc5e
Eax=4 Ebx=0 Ecx=0 Edx=0 Edi=0 Esi=236E258 Ebp=236E1A4 Esp=236E164 Eip=772ACC2A

ADDR: 772ACC33 CODE: 7429 jz 0x772acc5e
Eax=419 Ebx=0 Ecx=0 Edx=0 Edi=0 Esi=236E258 Ebp=236E1A4 Esp=236E164 Eip=772ACC33

ADDR: 772ACC4D CODE: 0f846dffffff jz 0x772acbc0
Eax=2711BF8 Ebx=0 Ecx=0 Edx=0 Edi=4230001 Esi=236E258 Ebp=236E1A4 Esp=236E164 Eip=772ACC4D

ADDR: 772ACC82 CODE: 0f84af000000 jz 0x772acd37
Eax=11 Ebx=0 Ecx=0 Edx=11 Edi=4230001 Esi=77389440 Ebp=236E1A4 Esp=236E160 Eip=772ACC82

ADDR: 772ACBCE CODE: 740a jz 0x772acbda
Eax=11 Ebx=0 Ecx=0 Edx=11 Edi=4230001 Esi=77389440 Ebp=236E1A4 Esp=236E164 Eip=772ACBCE

ADDR: 772AB169 CODE: 7447 jz 0x772ab1b2
Eax=4230001 Ebx=0 Ecx=ADFBB782 Edx=11 Edi=236ED00 Esi=0 Ebp=236ECC4 Esp=236E1B4 Eip=772AB169

ADDR: 772AB178 CODE: 7424 jz 0x772ab19e
Eax=4230001 Ebx=0 Ecx=236ED20 Edx=11 Edi=236ED00 Esi=0 Ebp=236ECC4 Esp=236E1B4 Eip=772AB178

ADDR: 772AADA2 CODE: 0f882a010000 js 0x772aaed2
Eax=0 Ebx=0 Ecx=ADFBBAE2 Edx=11 Edi=419 Esi=2 Ebp=236EDB8 Esp=236ECE0 Eip=772AADA2

ADDR: 772ABD93 CODE: 7309 jae 0x772abd9e
Eax=236EED0 Ebx=2000030 Ecx=3 Edx=236EE78 Edi=236EE78 Esi=2 Ebp=236ECCC Esp=236EBF4 Eip=772ABD93

ADDR: 772ABDA1 CODE: 0f87ed0b0000 ja 0x772ac994
Eax=236EED0 Ebx=2000030 Ecx=3 Edx=236EE78 Edi=236EE78 Esi=2 Ebp=236ECCC Esp=236EBF4 Eip=772ABDA1

ADDR: 772ABDAC CODE: 7409 jz 0x772abdb7
Eax=0 Ebx=2000030 Ecx=3 Edx=236EE78 Edi=236EE78 Esi=2 Ebp=236ECCC Esp=236EBF4 Eip=772ABDAC

ADDR: 772ABDE3 CODE: 7473 jz 0x772abe58
Eax=FDFFFFCF Ebx=2000030 Ecx=3 Edx=236EE78 Edi=236EE78 Esi=2 Ebp=236ECCC Esp=236EBF4 Eip=772ABDE3

ADDR: 772ABE77 CODE: 7418 jz 0x772abe91
Eax=FDFFFFCF Ebx=2000030 Ecx=1 Edx=4230001 Edi=0 Esi=4230001 Ebp=236ECCC Esp=236EBF4 Eip=772ABE77

ADDR: 772ADA4F CODE: 0f84636a0500 jz 0x773044b8
Eax=236EBC8 Ebx=2000030 Ecx=0 Edx=236EC60 Edi=0 Esi=4230000 Ebp=236EBD8 Esp=236EBA4 Eip=772ADA4F

ADDR: 772ADA6B CODE: 0f84476a0500 jz 0x773044b8
Eax=4230000 Ebx=1 Ecx=0 Edx=236EC60 Edi=0 Esi=4230000 Ebp=236EBD8 Esp=236EBA4 Eip=772ADA6B

ADDR: 772ADA74 CODE: 0f843e6a0500 jz 0x773044b8
Eax=4230000 Ebx=1 Ecx=0 Edx=236EC60 Edi=0 Esi=4230000 Ebp=236EBD8 Esp=236EBA4 Eip=772ADA74

ADDR: 772ADA80 CODE: 746b jz 0x772adaed
Eax=4230000 Ebx=1 Ecx=0 Edx=236EC60 Edi=0 Esi=4230000 Ebp=236EBD8 Esp=236EBA4 Eip=772ADA80

ADDR: 772ADAA5 CODE: 0f83b9690500 jae 0x77304464
Eax=4230000 Ebx=0 Ecx=B0 Edx=5A4D Edi=0 Esi=0 Ebp=236EBD8 Esp=236EBA4 Eip=772ADAA5

ADDR: 772ADAB2 CODE: 0f82bc690500 jb 0x77304474
Eax=4230000 Ebx=0 Ecx=42300B0 Edx=5A4D Edi=0 Esi=0 Ebp=236EBD8 Esp=236EBA4 Eip=772ADAB2

ADDR: 772ADAD5 CODE: 7802 js 0x772adad9
Eax=0 Ebx=0 Ecx=42300B0 Edx=236EC60 Edi=0 Esi=0 Ebp=236EBD8 Esp=236EBA4 Eip=772ADAD5

ADDR: 772ABEA8 CODE: 0f8477020000 jz 0x772ac125
Eax=0 Ebx=2000030 Ecx=42300B0 Edx=0 Edi=0 Esi=4230000 Ebp=236ECCC Esp=236EBF4 Eip=772ABEA8

ADDR: 772ABEC4 CODE: 0f865f020000 jbe 0x772ac129
Eax=10B Ebx=2000030 Ecx=42300B0 Edx=10B Edi=0 Esi=4230000 Ebp=236ECCC Esp=236EBF4 Eip=772ABEC4

ADDR: 772ABED2 CODE: 0f8451020000 jz 0x772ac129
Eax=10B Ebx=2000030 Ecx=42300B0 Edx=10B Edi=0 Esi=2000 Ebp=236ECCC Esp=236EBF4 Eip=772ABED2

ADDR: 772ABEF1 CODE: 0f82fd010000 jb 0x772ac0f4
Eax=2D00 Ebx=2000030 Ecx=42300B0 Edx=10B Edi=0 Esi=2000 Ebp=236ECCC Esp=236EBF4 Eip=772ABEF1

ADDR: 772ABF1A CODE: 0f83bb010000 jae 0x772ac0db
Eax=E0 Ebx=2 Ecx=0 Edx=42301A8 Edi=0 Esi=2000 Ebp=236ECCC Esp=236EBF4 Eip=772ABF1A

ADDR: 772ABF25 CODE: 0f82a7010000 jb 0x772ac0d2
Eax=E0 Ebx=2 Ecx=0 Edx=42301A8 Edi=1000 Esi=2000 Ebp=236ECCC Esp=236EBF4 Eip=772ABF25

ADDR: 772ABF32 CODE: 0f839a010000 jae 0x772ac0d2
Eax=1200 Ebx=2 Ecx=0 Edx=42301A8 Edi=1000 Esi=2000 Ebp=236ECCC Esp=236EBF4 Eip=772ABF32

ADDR: 772ABF1A CODE: 0f83bb010000 jae 0x772ac0db
Eax=1200 Ebx=2 Ecx=1 Edx=42301D0 Edi=1000 Esi=2000 Ebp=236ECCC Esp=236EBF4 Eip=772ABF1A

ADDR: 772ABF25 CODE: 0f82a7010000 jb 0x772ac0d2
Eax=1200 Ebx=2 Ecx=1 Edx=42301D0 Edi=2000 Esi=2000 Ebp=236ECCC Esp=236EBF4 Eip=772ABF25

ADDR: 772ABF32 CODE: 0f839a010000 jae 0x772ac0d2
Eax=4E00 Ebx=2 Ecx=1 Edx=42301D0 Edi=2000 Esi=2000 Ebp=236ECCC Esp=236EBF4 Eip=772ABF32

ADDR: 772ABF3A CODE: 0f849b010000 jz 0x772ac0db
Eax=4E00 Ebx=2 Ecx=1 Edx=42301D0 Edi=2000 Esi=2000 Ebp=236ECCC Esp=236EBF4 Eip=772ABF3A

ADDR: 772AC0EE CODE: 7439 jz 0x772ac129
Eax=236EE78 Ebx=2000030 Ecx=1 Edx=42301D0 Edi=4230400 Esi=2000 Ebp=236ECCC Esp=236EBF4 Eip=772AC0EE

ADDR: 772AC127 CODE: 7905 jns 0x772ac12e
Eax=236EE78 Ebx=2000030 Ecx=1 Edx=0 Edi=4230400 Esi=2000 Ebp=236ECCC Esp=236EBF4 Eip=772AC127

ADDR: 772B25CE CODE: 741a jz 0x772b25ea
Eax=0 Ebx=2000030 Ecx=36 Edx=0 Edi=4230400 Esi=2000 Ebp=236EBDC Esp=236EB70 Eip=772B25CE

ADDR: 772B25F4 CODE: 742d jz 0x772b2623
Eax=7FFE0385 Ebx=7FFE0385 Ecx=36 Edx=0 Edi=4230400 Esi=2000 Ebp=236EBDC Esp=236EB70 Eip=772B25F4

ADDR: 772B262D CODE: 0f849b010000 jz 0x772b27ce
Eax=4230001 Ebx=7FFE0385 Ecx=36 Edx=0 Edi=4230400 Esi=7FFE0384 Ebp=236EBDC Esp=236EB70 Eip=772B262D

ADDR: 772B2638 CODE: 0f8490010000 jz 0x772b27ce
Eax=4230001 Ebx=7FFE0385 Ecx=236EC2C Edx=0 Edi=4230400 Esi=7FFE0384 Ebp=236EBDC Esp=236EB70 Eip=772B2638

ADDR: 772B264A CODE: 7407 jz 0x772b2653
Eax=4230001 Ebx=7FFE0385 Ecx=236EC2C Edx=0 Edi=4230400 Esi=7FFE0384 Ebp=236EBDC Esp=236EB70 Eip=772B264A

ADDR: 772B2664 CODE: 7408 jz 0x772b266e
Eax=4230001 Ebx=7FFE0385 Ecx=236EC2C Edx=0 Edi=0 Esi=7FFE0384 Ebp=236EBDC Esp=236EB70 Eip=772B2664

ADDR: 772ADA4F CODE: 0f84636a0500 jz 0x773044b8
Eax=236EB44 Ebx=7FFE0385 Ecx=0 Edx=236EBB0 Edi=0 Esi=7FFE0384 Ebp=236EB54 Esp=236EB20 Eip=772ADA4F

ADDR: 772ADA6B CODE: 0f84476a0500 jz 0x773044b8
Eax=4230000 Ebx=1 Ecx=0 Edx=236EBB0 Edi=0 Esi=7FFE0384 Ebp=236EB54 Esp=236EB20 Eip=772ADA6B

ADDR: 772ADA74 CODE: 0f843e6a0500 jz 0x773044b8
Eax=4230000 Ebx=1 Ecx=0 Edx=236EBB0 Edi=0 Esi=7FFE0384 Ebp=236EB54 Esp=236EB20 Eip=772ADA74

ADDR: 772ADA80 CODE: 746b jz 0x772adaed
Eax=4230000 Ebx=1 Ecx=0 Edx=236EBB0 Edi=0 Esi=7FFE0384 Ebp=236EB54 Esp=236EB20 Eip=772ADA80

ADDR: 772ADAA5 CODE: 0f83b9690500 jae 0x77304464
Eax=4230000 Ebx=0 Ecx=B0 Edx=5A4D Edi=0 Esi=0 Ebp=236EB54 Esp=236EB20 Eip=772ADAA5

ADDR: 772ADAB2 CODE: 0f82bc690500 jb 0x77304474
Eax=4230000 Ebx=0 Ecx=42300B0 Edx=5A4D Edi=0 Esi=0 Ebp=236EB54 Esp=236EB20 Eip=772ADAB2

ADDR: 772ADAD5 CODE: 7802 js 0x772adad9
Eax=0 Ebx=0 Ecx=42300B0 Edx=236EBB0 Edi=0 Esi=0 Ebp=236EB54 Esp=236EB20 Eip=772ADAD5

ADDR: 772B2686 CODE: 7844 js 0x772b26cc
Eax=0 Ebx=7FFE0385 Ecx=0 Edx=236EBB0 Edi=0 Esi=7FFE0384 Ebp=236EBDC Esp=236EB70 Eip=772B2686

ADDR: 772B269E CODE: 740d jz 0x772b26ad
Eax=42300B0 Ebx=7FFE0385 Ecx=0 Edx=10B Edi=0 Esi=7FFE0384 Ebp=236EBDC Esp=236EB70 Eip=772B269E

ADDR: 772B26CA CODE: 792a jns 0x772b26f6
Eax=5000 Ebx=7FFE0385 Ecx=0 Edx=10B Edi=0 Esi=7FFE0384 Ebp=236EBDC Esp=236EB70 Eip=772B26CA

ADDR: 772B272A CODE: 7407 jz 0x772b2733
Eax=2517000 Ebx=7FFE0385 Ecx=0 Edx=4230001 Edi=0 Esi=7FFE0384 Ebp=236EBDC Esp=236EB70 Eip=772B272A

ADDR: 772BA7B4 CODE: 0f8432bc0400 jz 0x773063ec
Eax=3FFFFFF Ebx=2717E20 Ecx=2717E20 Edx=20 Edi=0 Esi=2700000 Ebp=236E5BC Esp=236E5A8 Eip=772BA7B4

ADDR: 772BA7C1 CODE: 0f843bbc0400 jz 0x77306402
Eax=3FFFFFF Ebx=2717E20 Ecx=2717E20 Edx=20 Edi=0 Esi=2700000 Ebp=236E5BC Esp=236E5A8 Eip=772BA7C1

ADDR: 772BA7E6 CODE: 7445 jz 0x772ba82d
Eax=3FFFFFF Ebx=2717E20 Ecx=2717E20 Edx=0 Edi=0 Esi=2700000 Ebp=236E5BC Esp=236E5A8 Eip=772BA7E6

ADDR: 772BA7FF CODE: 0f8483bc0400 jz 0x77306488
Eax=3FFFFFF Ebx=2717E20 Ecx=2717E18 Edx=0 Edi=0 Esi=2700000 Ebp=236E5BC Esp=236E5A8 Eip=772BA7FF

ADDR: 772BA80A CODE: 0f84a4bc0400 jz 0x773064b4
Eax=3FFFF08 Ebx=2717E20 Ecx=2717E18 Edx=0 Edi=0 Esi=2700000 Ebp=236E5BC Esp=236E5A8 Eip=772BA80A

ADDR: 772BA812 CODE: 783f js 0x772ba853
Eax=3FFFF08 Ebx=2717E20 Ecx=2717E18 Edx=0 Edi=0 Esi=2700000 Ebp=236E5BC Esp=236E5A8 Eip=772BA812

ADDR: 772BA818 CODE: 0f8490000000 jz 0x772ba8ae
Eax=3FFFF08 Ebx=2717E20 Ecx=2717E18 Edx=0 Edi=0 Esi=2700000 Ebp=236E5BC Esp=236E5A8 Eip=772BA818

ADDR: 772BA823 CODE: 7403 jz 0x772ba828
Eax=D3B0ADB5 Ebx=2717E20 Ecx=2717E18 Edx=0 Edi=0 Esi=2700000 Ebp=236E5BC Esp=236E5A8 Eip=772BA823

ADDR: 772BA879 CODE: 0f845abc0400 jz 0x773064d9
Eax=11 Ebx=2717E20 Ecx=2717E18 Edx=8 Edi=11 Esi=2700000 Ebp=236E5BC Esp=236E5A8 Eip=772BA879

ADDR: 772BA88E CODE: 0f8464bc0400 jz 0x773064f8
Eax=8 Ebx=2717E20 Ecx=2717E18 Edx=8 Edi=11 Esi=2700000 Ebp=236E5BC Esp=236E5A8 Eip=772BA88E

ADDR: 77155E66 CODE: 0f8683000000 jbe 0x77155eef
Eax=80 Ebx=2717E20 Ecx=2717E20 Edx=80 Edi=0 Esi=100 Ebp=236E5D0 Esp=236E5C0 Eip=77155E66

ADDR: 772B5621 CODE: 0f84b2fb0400 jz 0x773051d9
Eax=80 Ebx=0 Ecx=2717E20 Edx=80 Edi=0 Esi=2700000 Ebp=236E5A8 Esp=236E5A0 Eip=772B5621

ADDR: 772B5630 CODE: 0f84b8fb0400 jz 0x773051ee
Eax=80 Ebx=0 Ecx=2700000 Edx=80 Edi=0 Esi=2700000 Ebp=236E5A8 Esp=236E5A0 Eip=772B5630

ADDR: 772B5800 CODE: 7402 jz 0x772b5804
Eax=2717E20 Ebx=0 Ecx=0 Edx=0 Edi=2700000 Esi=100 Ebp=236E588 Esp=236E500 Eip=772B5800

ADDR: 772B5806 CODE: 7405 jz 0x772b580d
Eax=2717E20 Ebx=0 Ecx=0 Edx=0 Edi=2700000 Esi=100 Ebp=236E588 Esp=236E500 Eip=772B5806

ADDR: 772B581D CODE: 7410 jz 0x772b582f
Eax=2717E20 Ebx=0 Ecx=0 Edx=0 Edi=2700000 Esi=100 Ebp=236E588 Esp=236E500 Eip=772B581D

ADDR: 772B584B CODE: 7425 jz 0x772b5872
Eax=2717E20 Ebx=0 Ecx=0 Edx=0 Edi=2700000 Esi=100 Ebp=236E588 Esp=236E500 Eip=772B584B

ADDR: 772B5876 CODE: 740d jz 0x772b5885
Eax=2717E20 Ebx=0 Ecx=0 Edx=0 Edi=2700000 Esi=100 Ebp=236E588 Esp=236E500 Eip=772B5876

ADDR: 772B5DC4 CODE: 0f84c2010000 jz 0x772b5f8c
Eax=236E4E0 Ebx=2 Ecx=2717E18 Edx=2700000 Edi=2700000 Esi=2717E18 Ebp=236E4F0 Esp=236E408 Eip=772B5DC4

ADDR: 772B5DCE CODE: 0f8db8010000 jge 0x772b5f8c
Eax=236E4E0 Ebx=2 Ecx=2717E18 Edx=2700000 Edi=2700000 Esi=2717E18 Ebp=236E4F0 Esp=236E408 Eip=772B5DCE

ADDR: 772B5FC5 CODE: 7429 jz 0x772b5ff0
Eax=236E4E0 Ebx=2 Ecx=2717E18 Edx=2 Edi=2700000 Esi=2717E18 Ebp=236E4F0 Esp=236E408 Eip=772B5FC5

ADDR: 772B5FF8 CODE: 763a jbe 0x772b6034
Eax=100 Ebx=2 Ecx=2717E18 Edx=2 Edi=2700000 Esi=2717E18 Ebp=236E4F0 Esp=236E408 Eip=772B5FF8

ADDR: 772B6052 CODE: 7305 jae 0x772b6059
Eax=108 Ebx=2700000 Ecx=100 Edx=2 Edi=2700000 Esi=2717E18 Ebp=236E4F0 Esp=236E408 Eip=772B6052

ADDR: 772B6089 CODE: 730f jae 0x772b609a
Eax=270025C Ebx=2700000 Ecx=2700258 Edx=251A000 Edi=2700000 Esi=2717E18 Ebp=236E4F0 Esp=236E408 Eip=772B6089

ADDR: 772B615D CODE: 741c jz 0x772b617b
Eax=6858 Ebx=2700000 Ecx=2717E18 Edx=251A000 Edi=2700000 Esi=2717E18 Ebp=236E4F0 Esp=236E408 Eip=772B615D

ADDR: 772B616F CODE: 740a jz 0x772b617b
Eax=C3B1AD10 Ebx=2700000 Ecx=2717E18 Edx=251A000 Edi=2700000 Esi=2717E18 Ebp=236E4F0 Esp=236E408 Eip=772B616F

ADDR: 772B618C CODE: 7304 jae 0x772b6192
Eax=2700270 Ebx=80 Ecx=11 Edx=251A000 Edi=2700000 Esi=2717E18 Ebp=236E4F0 Esp=236E408 Eip=772B618C

ADDR: 772B61A1 CODE: 731d jae 0x772b61c0
Eax=2700270 Ebx=80 Ecx=11 Edx=11 Edi=2700000 Esi=2717E18 Ebp=236E4F0 Esp=236E408 Eip=772B61A1

ADDR: 772B61AE CODE: 7402 jz 0x772b61b2
Eax=2700270 Ebx=80 Ecx=11 Edx=11 Edi=2700000 Esi=2717E18 Ebp=236E4F0 Esp=236E408 Eip=772B61AE

ADDR: 772B61E0 CODE: 7404 jz 0x772b61e6
Eax=27002E8 Ebx=80 Ecx=11 Edx=11 Edi=2700000 Esi=2717E18 Ebp=236E4F0 Esp=236E408 Eip=772B61E0

ADDR: 772B62AA CODE: 740f jz 0x772b62bb
Eax=2717E1F Ebx=8 Ecx=8 Edx=11 Edi=2700000 Esi=2717E18 Ebp=236E4F0 Esp=236E408 Eip=772B62AA

ADDR: 772B62C1 CODE: 7405 jz 0x772b62c8
Eax=2717E08 Ebx=8 Ecx=8 Edx=11 Edi=2700000 Esi=2717E18 Ebp=236E4F0 Esp=236E408 Eip=772B62C1

ADDR: 772B635A CODE: 7344 jae 0x772b63a0
Eax=802 Ebx=8 Ecx=8 Edx=11 Edi=2700000 Esi=2717E18 Ebp=236E4F0 Esp=236E408 Eip=772B635A

ADDR: 772B638F CODE: 7604 jbe 0x772b6395
Eax=188 Ebx=8 Ecx=27026B2 Edx=11 Edi=2700000 Esi=2717E18 Ebp=236E4F0 Esp=236E408 Eip=772B638F

ADDR: 772B63AD CODE: 0f87ee020000 ja 0x772b66a1
Eax=21 Ebx=21 Ecx=27026B2 Edx=11 Edi=2700000 Esi=2717E18 Ebp=236E4F0 Esp=236E408 Eip=772B63AD

ADDR: 772B66A7 CODE: 7417 jz 0x772b66c0
Eax=2717E1F Ebx=21 Ecx=27026B2 Edx=11 Edi=2700000 Esi=2717E18 Ebp=236E4F0 Esp=236E408 Eip=772B66A7

ADDR: 772B6A9B CODE: 7775 ja 0x772b6b12
Eax=21 Ebx=2700000 Ecx=2700000 Edx=3 Edi=2700000 Esi=2717E18 Ebp=236E3F4 Esp=236E3C8 Eip=772B6A9B

ADDR: 772B6ABD CODE: 7416 jz 0x772b6ad5
Eax=B0 Ebx=2700000 Ecx=2700000 Edx=3 Edi=2717EA0 Esi=2717E18 Ebp=236E3F4 Esp=236E3C8 Eip=772B6ABD

ADDR: 772B6AE3 CODE: 0f821e020000 jb 0x772b6d07
Eax=13 Ebx=2700000 Ecx=2 Edx=3 Edi=2717EA0 Esi=2717E18 Ebp=236E3F4 Esp=236E3C8 Eip=772B6AE3

ADDR: 772B6D0B CODE: 0f8401feffff jz 0x772b6b12
Eax=13 Ebx=2700000 Ecx=2 Edx=3 Edi=2717EA0 Esi=2717E18 Ebp=236E3F4 Esp=236E3C8 Eip=772B6D0B

ADDR: 772B66C4 CODE: 740c jz 0x772b66d2
Eax=C3B1AD00 Ebx=21 Ecx=2 Edx=3 Edi=2700000 Esi=2717E18 Ebp=236E4F0 Esp=236E408 Eip=772B66C4

ADDR: 772B66E5 CODE: 7475 jz 0x772b675c
Eax=C3B1AD01 Ebx=2717E1A Ecx=3 Edx=3 Edi=2700000 Esi=2717E18 Ebp=236E4F0 Esp=236E408 Eip=772B66E5

ADDR: 772B6773 CODE: 7412 jz 0x772b6787
Eax=0 Ebx=2717E1A Ecx=3 Edx=3 Edi=2700000 Esi=2717E18 Ebp=236E4F0 Esp=236E408 Eip=772B6773

ADDR: 772B6790 CODE: 740f jz 0x772b67a1
Eax=270004C Ebx=2717E1A Ecx=3 Edx=3 Edi=2700000 Esi=2717E18 Ebp=236E4F0 Esp=236E408 Eip=772B6790

ADDR: 772A4CFF CODE: 0f8426e60500 jz 0x7730332b
Eax=C3B1ADA4 Ebx=2717E1A Ecx=3 Edx=3 Edi=2700000 Esi=2700000 Ebp=236E3F4 Esp=236E3E8 Eip=772A4CFF

ADDR: 772A4D11 CODE: 0f842be60500 jz 0x77303342
Eax=C3B1ADA4 Ebx=2717E1A Ecx=2700000 Edx=100 Edi=2700000 Esi=2700000 Ebp=236E3F4 Esp=236E3E8 Eip=772A4D11

ADDR: 772A4E6C CODE: 760c jbe 0x772a4e7a
Eax=0 Ebx=2700000 Ecx=3 Edx=100 Edi=100 Esi=2700000 Ebp=236E3D8 Esp=236E360 Eip=772A4E6C

ADDR: 772A4E9D CODE: 742b jz 0x772a4eca
Eax=0 Ebx=2700000 Ecx=0 Edx=0 Edi=100 Esi=2700000 Ebp=236E3D8 Esp=236E360 Eip=772A4E9D

ADDR: 772A4ED5 CODE: 7445 jz 0x772a4f1c
Eax=0 Ebx=2700000 Ecx=3 Edx=0 Edi=100 Esi=0 Ebp=236E3D8 Esp=236E360 Eip=772A4ED5

ADDR: 772A5F44 CODE: 7329 jae 0x772a5f6f
Eax=236E338 Ebx=3 Ecx=2700000 Edx=3 Edi=2700000 Esi=21 Ebp=236E348 Esp=236E1C8 Eip=772A5F44

ADDR: 772A5F53 CODE: 730c jae 0x772a5f61
Eax=236E338 Ebx=3 Ecx=2700001 Edx=21 Edi=2700000 Esi=21 Ebp=236E348 Esp=236E1C8 Eip=772A5F53

ADDR: 772A6022 CODE: 7415 jz 0x772a6039
Eax=236E3A8 Ebx=0 Ecx=2700001 Edx=21 Edi=2700000 Esi=21 Ebp=236E348 Esp=236E1C8 Eip=772A6022

ADDR: 772A60DA CODE: 0f8739170000 ja 0x772a7819
Eax=236E3A8 Ebx=0 Ecx=2700001 Edx=21 Edi=2700000 Esi=21 Ebp=236E348 Esp=236E1C8 Eip=772A60DA

ADDR: 772A60F4 CODE: 723a jb 0x772a6130
Eax=100 Ebx=0 Ecx=2700001 Edx=21 Edi=2700000 Esi=21 Ebp=236E348 Esp=236E1C8 Eip=772A60F4

ADDR: 772A6136 CODE: 0f87d5000000 ja 0x772a6211
Eax=100 Ebx=0 Ecx=2700001 Edx=21 Edi=2700000 Esi=21 Ebp=236E348 Esp=236E1C8 Eip=772A6136

ADDR: 772A6188 CODE: 7716 ja 0x772a61a0
Eax=2702603 Ebx=1 Ecx=83 Edx=0 Edi=2700000 Esi=27026D2 Ebp=236E348 Esp=236E1C8 Eip=772A6188

ADDR: 772A6192 CODE: 770c ja 0x772a61a0
Eax=FF00 Ebx=1 Ecx=83 Edx=0 Edi=2700000 Esi=27026D2 Ebp=236E348 Esp=236E1C8 Eip=772A6192

ADDR: 772A6216 CODE: 0f844f020000 jz 0x772a646b
Eax=FF00 Ebx=1 Ecx=83 Edx=21 Edi=2700000 Esi=0 Ebp=236E348 Esp=236E1C8 Eip=772A6216

ADDR: 772A6485 CODE: 7304 jae 0x772a648b
Eax=27000C0 Ebx=1 Ecx=80 Edx=21 Edi=2700000 Esi=2700270 Ebp=236E348 Esp=236E1C8 Eip=772A6485

ADDR: 772A64D3 CODE: 7438 jz 0x772a650d
Eax=271E1E8 Ebx=7FB1AE1B Ecx=80 Edx=27000C0 Edi=2700000 Esi=2700270 Ebp=236E348 Esp=236E1C8 Eip=772A64D3

ADDR: 772A64F3 CODE: 7418 jz 0x772a650d
Eax=BC Ebx=BC0003BF Ecx=BCBC Edx=27000C0 Edi=2700000 Esi=2700270 Ebp=236E348 Esp=236E1C8 Eip=772A64F3

ADDR: 772A651D CODE: 7e07 jle 0x772a6526
Eax=3BF Ebx=BC0003BF Ecx=FFFFFC62 Edx=27000C0 Edi=2700000 Esi=2700270 Ebp=236E348 Esp=236E1C8 Eip=772A651D

ADDR: 772A653A CODE: 7438 jz 0x772a6574
Eax=2717EA0 Ebx=C1B1ADA6 Ecx=FFFFFC62 Edx=27000C0 Edi=2700000 Esi=2700270 Ebp=236E348 Esp=236E1C8 Eip=772A653A

ADDR: 772A655A CODE: 7418 jz 0x772a6574
Eax=2 Ebx=2000002 Ecx=202 Edx=27000C0 Edi=2700000 Esi=2700270 Ebp=236E348 Esp=236E1C8 Eip=772A655A

ADDR: 772A6584 CODE: 7f07 jg 0x772a658d
Eax=2 Ebx=2000002 Ecx=1F Edx=27000C0 Edi=2700000 Esi=2700270 Ebp=236E348 Esp=236E1C8 Eip=772A6584

ADDR: 772A6664 CODE: 7708 ja 0x772a666e
Eax=2700298 Ebx=0 Ecx=3 Edx=1 Edi=2700000 Esi=2700270 Ebp=236E348 Esp=236E1C8 Eip=772A6664

ADDR: 772A6664 CODE: 7708 ja 0x772a666e
Eax=270029C Ebx=0 Ecx=3 Edx=2 Edi=2700000 Esi=2700270 Ebp=236E348 Esp=236E1C8 Eip=772A6664

ADDR: 772A6664 CODE: 7708 ja 0x772a666e
Eax=27002A0 Ebx=0 Ecx=3 Edx=3 Edi=2700000 Esi=2700270 Ebp=236E348 Esp=236E1C8 Eip=772A6664

ADDR: 772A6664 CODE: 7708 ja 0x772a666e
Eax=27002A4 Ebx=0 Ecx=3 Edx=4 Edi=2700000 Esi=2700270 Ebp=236E348 Esp=236E1C8 Eip=772A6664

ADDR: 772A6670 CODE: 0f848c110000 jz 0x772a7802
Eax=27002A4 Ebx=0 Ecx=3 Edx=4 Edi=2700000 Esi=2700270 Ebp=236E348 Esp=236E1C8 Eip=772A6670

ADDR: 772A64D3 CODE: 7438 jz 0x772a650d
Eax=271E1E8 Ebx=7FB1AE1B Ecx=3 Edx=27000C0 Edi=2700000 Esi=27036A0 Ebp=236E348 Esp=236E1C8 Eip=772A64D3

ADDR: 772A64F3 CODE: 7418 jz 0x772a650d
Eax=BC Ebx=BC0003BF Ecx=BCBC Edx=27000C0 Edi=2700000 Esi=27036A0 Ebp=236E348 Esp=236E1C8 Eip=772A64F3

ADDR: 772A651D CODE: 7e07 jle 0x772a6526
Eax=3BF Ebx=BC0003BF Ecx=FFFFFC62 Edx=27000C0 Edi=2700000 Esi=27036A0 Ebp=236E348 Esp=236E1C8 Eip=772A651D

ADDR: 772A653A CODE: 7438 jz 0x772a6574
Eax=2717EA0 Ebx=C1B1ADA6 Ecx=FFFFFC62 Edx=27000C0 Edi=2700000 Esi=27036A0 Ebp=236E348 Esp=236E1C8 Eip=772A653A

ADDR: 772A655A CODE: 7418 jz 0x772a6574
Eax=2 Ebx=2000002 Ecx=202 Edx=27000C0 Edi=2700000 Esi=27036A0 Ebp=236E348 Esp=236E1C8 Eip=772A655A

ADDR: 772A6584 CODE: 7f07 jg 0x772a658d
Eax=2 Ebx=2000002 Ecx=1F Edx=27000C0 Edi=2700000 Esi=27036A0 Ebp=236E348 Esp=236E1C8 Eip=772A6584

ADDR: 772A6664 CODE: 7708 ja 0x772a666e
Eax=27036C4 Ebx=0 Ecx=3B Edx=0 Edi=2700000 Esi=27036A0 Ebp=236E348 Esp=236E1C8 Eip=772A6664

ADDR: 772A6664 CODE: 7708 ja 0x772a666e
Eax=27036C8 Ebx=0 Ecx=3B Edx=1 Edi=2700000 Esi=27036A0 Ebp=236E348 Esp=236E1C8 Eip=772A6664

ADDR: 772A6664 CODE: 7708 ja 0x772a666e
Eax=27036CC Ebx=0 Ecx=3B Edx=2 Edi=2700000 Esi=27036A0 Ebp=236E348 Esp=236E1C8 Eip=772A6664

ADDR: 772A6664 CODE: 7708 ja 0x772a666e
Eax=27036D0 Ebx=0 Ecx=3B Edx=3 Edi=2700000 Esi=27036A0 Ebp=236E348 Esp=236E1C8 Eip=772A6664

ADDR: 772A6664 CODE: 7708 ja 0x772a666e
Eax=27036D4 Ebx=0 Ecx=3B Edx=4 Edi=2700000 Esi=27036A0 Ebp=236E348 Esp=236E1C8 Eip=772A6664

ADDR: 772A6664 CODE: 7708 ja 0x772a666e
Eax=27036D8 Ebx=0 Ecx=3B Edx=5 Edi=2700000 Esi=27036A0 Ebp=236E348 Esp=236E1C8 Eip=772A6664

ADDR: 772A6664 CODE: 7708 ja 0x772a666e
Eax=27036DC Ebx=0 Ecx=3B Edx=6 Edi=2700000 Esi=27036A0 Ebp=236E348 Esp=236E1C8 Eip=772A6664

ADDR: 772A6664 CODE: 7708 ja 0x772a666e
Eax=27036E0 Ebx=0 Ecx=3B Edx=7 Edi=2700000 Esi=27036A0 Ebp=236E348 Esp=236E1C8 Eip=772A6664

ADDR: 772A6664 CODE: 7708 ja 0x772a666e
Eax=27036E4 Ebx=0 Ecx=3B Edx=8 Edi=2700000 Esi=27036A0 Ebp=236E348 Esp=236E1C8 Eip=772A6664

ADDR: 772A6664 CODE: 7708 ja 0x772a666e
Eax=27036E8 Ebx=0 Ecx=3B Edx=9 Edi=2700000 Esi=27036A0 Ebp=236E348 Esp=236E1C8 Eip=772A6664

ADDR: 772A6664 CODE: 7708 ja 0x772a666e
Eax=27036EC Ebx=0 Ecx=3B Edx=A Edi=2700000 Esi=27036A0 Ebp=236E348 Esp=236E1C8 Eip=772A6664

ADDR: 772A6664 CODE: 7708 ja 0x772a666e
Eax=27036F0 Ebx=0 Ecx=3B Edx=B Edi=2700000 Esi=27036A0 Ebp=236E348 Esp=236E1C8 Eip=772A6664

ADDR: 772A6664 CODE: 7708 ja 0x772a666e
Eax=27036F4 Ebx=0 Ecx=3B Edx=C Edi=2700000 Esi=27036A0 Ebp=236E348 Esp=236E1C8 Eip=772A6664

ADDR: 772A6664 CODE: 7708 ja 0x772a666e
Eax=27036F8 Ebx=0 Ecx=3B Edx=D Edi=2700000 Esi=27036A0 Ebp=236E348 Esp=236E1C8 Eip=772A6664

ADDR: 772A6664 CODE: 7708 ja 0x772a666e
Eax=27036FC Ebx=0 Ecx=3B Edx=E Edi=2700000 Esi=27036A0 Ebp=236E348 Esp=236E1C8 Eip=772A6664

ADDR: 772A6664 CODE: 7708 ja 0x772a666e
Eax=2703700 Ebx=0 Ecx=3B Edx=F Edi=2700000 Esi=27036A0 Ebp=236E348 Esp=236E1C8 Eip=772A6664

ADDR: 772A6664 CODE: 7708 ja 0x772a666e
Eax=2703704 Ebx=0 Ecx=3B Edx=10 Edi=2700000 Esi=27036A0 Ebp=236E348 Esp=236E1C8 Eip=772A6664

ADDR: 772A6664 CODE: 7708 ja 0x772a666e
Eax=2703708 Ebx=0 Ecx=3B Edx=11 Edi=2700000 Esi=27036A0 Ebp=236E348 Esp=236E1C8 Eip=772A6664

ADDR: 772A6664 CODE: 7708 ja 0x772a666e
Eax=270370C Ebx=0 Ecx=3B Edx=12 Edi=2700000 Esi=27036A0 Ebp=236E348 Esp=236E1C8 Eip=772A6664

ADDR: 772A6664 CODE: 7708 ja 0x772a666e
Eax=2703710 Ebx=0 Ecx=3B Edx=13 Edi=2700000 Esi=27036A0 Ebp=236E348 Esp=236E1C8 Eip=772A6664

ADDR: 772A6664 CODE: 7708 ja 0x772a666e
Eax=2703714 Ebx=0 Ecx=3B Edx=14 Edi=2700000 Esi=27036A0 Ebp=236E348 Esp=236E1C8 Eip=772A6664

ADDR: 772A6664 CODE: 7708 ja 0x772a666e
Eax=2703718 Ebx=0 Ecx=3B Edx=15 Edi=2700000 Esi=27036A0 Ebp=236E348 Esp=236E1C8 Eip=772A6664

ADDR: 772A6664 CODE: 7708 ja 0x772a666e
Eax=270371C Ebx=0 Ecx=3B Edx=16 Edi=2700000 Esi=27036A0 Ebp=236E348 Esp=236E1C8 Eip=772A6664

ADDR: 772A6664 CODE: 7708 ja 0x772a666e
Eax=2703720 Ebx=0 Ecx=3B Edx=17 Edi=2700000 Esi=27036A0 Ebp=236E348 Esp=236E1C8 Eip=772A6664

ADDR: 772A6664 CODE: 7708 ja 0x772a666e
Eax=2703724 Ebx=0 Ecx=3B Edx=18 Edi=2700000 Esi=27036A0 Ebp=236E348 Esp=236E1C8 Eip=772A6664

ADDR: 772A6679 CODE: 7422 jz 0x772a669d
Eax=2703728 Ebx=80000000 Ecx=3B Edx=19 Edi=2700000 Esi=27036A0 Ebp=236E348 Esp=236E1C8 Eip=772A6679

ADDR: 772A66A7 CODE: 740c jz 0x772a66b5
Eax=0 Ebx=80000000 Ecx=3B Edx=19 Edi=2700000 Esi=27036A0 Ebp=236E348 Esp=236E1C8 Eip=772A66A7

ADDR: 772A66D1 CODE: 7402 jz 0x772a66d5
Eax=1F Ebx=80 Ecx=3B Edx=33F Edi=2700000 Esi=27036A0 Ebp=236E348 Esp=236E1C8 Eip=772A66D1

ADDR: 772A66E0 CODE: 0f841c110000 jz 0x772a7802
Eax=271E1F0 Ebx=80 Ecx=3B Edx=33F Edi=2700000 Esi=27036A0 Ebp=236E348 Esp=236E1C8 Eip=772A66E0

ADDR: 772A66F2 CODE: 0f844d020000 jz 0x772a6945
Eax=271E1F0 Ebx=80 Ecx=3B Edx=33F Edi=2700000 Esi=27036A0 Ebp=236E348 Esp=236E1C8 Eip=772A66F2

ADDR: 772A6702 CODE: 741f jz 0x772a6723
Eax=271E1F0 Ebx=271E1E8 Ecx=3B Edx=33F Edi=2700000 Esi=27036A0 Ebp=236E348 Esp=236E1C8 Eip=772A6702

ADDR: 772A6714 CODE: 740a jz 0x772a6720
Eax=C3B1ADBC Ebx=271E1E8 Ecx=3B Edx=33F Edi=2700000 Esi=27036A0 Ebp=236E348 Esp=236E1C8 Eip=772A6714

ADDR: 772A6729 CODE: 0f8200020000 jb 0x772a692f
Eax=271E1F0 Ebx=271E1E8 Ecx=3B Edx=33F Edi=2700000 Esi=3BF Ebp=236E348 Esp=236E1C8 Eip=772A6729

ADDR: 772A6761 CODE: 0f841c010000 jz 0x772a6883
Eax=271E1F0 Ebx=271E1E8 Ecx=2700270 Edx=271E1F0 Edi=2700000 Esi=3BF Ebp=236E348 Esp=236E1C8 Eip=772A6761

ADDR: 772A6778 CODE: 730b jae 0x772a6785
Eax=3BF Ebx=271E1E8 Ecx=2700270 Edx=271E1F0 Edi=2700000 Esi=80 Ebp=236E348 Esp=236E1C8 Eip=772A6778

ADDR: 772A6778 CODE: 730b jae 0x772a6785
Eax=3BF Ebx=271E1E8 Ecx=27036A0 Edx=27036A0 Edi=2700000 Esi=800 Ebp=236E348 Esp=236E1C8 Eip=772A6778

ADDR: 772A680D CODE: 0f83db000000 jae 0x772a68ee
Eax=7FF Ebx=271E1E8 Ecx=27036A0 Edx=33F Edi=2700000 Esi=27000C0 Ebp=236E348 Esp=236E1C8 Eip=772A680D

ADDR: 772A6816 CODE: 0f84a3000000 jz 0x772a68bf
Eax=7FF Ebx=271E1E8 Ecx=27036A0 Edx=33F Edi=2700000 Esi=27000C0 Ebp=236E348 Esp=236E1C8 Eip=772A6816

ADDR: 772A6895 CODE: 7475 jz 0x772a690c
Eax=27000C0 Ebx=271E1E8 Ecx=271CB30 Edx=7FFFFFFF Edi=2700000 Esi=19 Ebp=236E348 Esp=236E1C8 Eip=772A6895

ADDR: 772A6ACC CODE: 7418 jz 0x772a6ae6
Eax=27000C0 Ebx=271E1E8 Ecx=271CB00 Edx=7FFFFFFF Edi=2700000 Esi=1 Ebp=236E348 Esp=236E1C8 Eip=772A6ACC

ADDR: 772A6B12 CODE: 7305 jae 0x772a6b19
Eax=8 Ebx=271E1E8 Ecx=21 Edx=39E Edi=2700000 Esi=1 Ebp=236E348 Esp=236E1C8 Eip=772A6B12

ADDR: 772A6B27 CODE: 741e jz 0x772a6b47
Eax=8 Ebx=271E1E8 Ecx=21 Edx=39E Edi=2700000 Esi=1 Ebp=236E348 Esp=236E1C8 Eip=772A6B27

ADDR: 772A6CA1 CODE: 741a jz 0x772a6cbd
Eax=0 Ebx=271E1E8 Ecx=21 Edx=39E Edi=2700000 Esi=1 Ebp=236E348 Esp=236E1C8 Eip=772A6CA1

ADDR: 772A6D47 CODE: 0f845d050000 jz 0x772a72aa
Eax=B1 Ebx=271E2F0 Ecx=100000 Edx=39E Edi=2700000 Esi=271FFE0 Ebp=236E348 Esp=236E1C8 Eip=772A6D47

ADDR: 772A6D81 CODE: 0f8496020000 jz 0x772a701d
Eax=27000C0 Ebx=271E2F0 Ecx=100000 Edx=39E Edi=2700000 Esi=2700270 Ebp=236E348 Esp=236E1C8 Eip=772A6D81

ADDR: 772A6D8C CODE: 7304 jae 0x772a6d92
Eax=27000C0 Ebx=271E2F0 Ecx=80 Edx=39E Edi=2700000 Esi=2700270 Ebp=236E348 Esp=236E1C8 Eip=772A6D8C

ADDR: 772A6D8C CODE: 7304 jae 0x772a6d92
Eax=27036A0 Ebx=271E2F0 Ecx=800 Edx=39E Edi=2700000 Esi=27036A0 Ebp=236E348 Esp=236E1C8 Eip=772A6D8C

ADDR: 772A6DD5 CODE: 743b jz 0x772a6e12
Eax=271CB28 Ebx=271E2F0 Ecx=271CB30 Edx=CFB1ADA8 Edi=2700000 Esi=27036A0 Ebp=236E348 Esp=236E1C8 Eip=772A6DD5

ADDR: 772A6DF8 CODE: 7418 jz 0x772a6e12
Eax=C Ebx=271E2F0 Ecx=C0C Edx=C00000C Edi=2700000 Esi=27036A0 Ebp=236E348 Esp=236E1C8 Eip=772A6DF8

ADDR: 772A6E22 CODE: 7e08 jle 0x772a6e2c
Eax=C Ebx=271E2F0 Ecx=392 Edx=C00000C Edi=2700000 Esi=27036A0 Ebp=236E348 Esp=236E1C8 Eip=772A6E22

ADDR: 772A6FF9 CODE: 740b jz 0x772a7006
Eax=C Ebx=271E2F0 Ecx=27000C0 Edx=C00000C Edi=2700000 Esi=27036A0 Ebp=236E348 Esp=236E1C8 Eip=772A6FF9

ADDR: 772A7024 CODE: 7435 jz 0x772a705b
Eax=27000C0 Ebx=271E2F0 Ecx=27000C0 Edx=C00000C Edi=2700000 Esi=39E Ebp=236E348 Esp=236E1C8 Eip=772A7024

ADDR: 772A7094 CODE: 0f84fc000000 jz 0x772a7196
Eax=39E Ebx=271E2F0 Ecx=2700270 Edx=271CB30 Edi=2700000 Esi=27000C0 Ebp=236E348 Esp=236E1C8 Eip=772A7094

ADDR: 772A70A5 CODE: 730a jae 0x772a70b1
Eax=39E Ebx=271E2F0 Ecx=2700270 Edx=271CB30 Edi=2700000 Esi=80 Ebp=236E348 Esp=236E1C8 Eip=772A70A5

ADDR: 772A70A5 CODE: 730a jae 0x772a70b1
Eax=39E Ebx=271E2F0 Ecx=27036A0 Edx=27036A0 Edi=2700000 Esi=800 Ebp=236E348 Esp=236E1C8 Eip=772A70A5

ADDR: 772A70FF CODE: 7464 jz 0x772a7165
Eax=0 Ebx=271E2F0 Ecx=27036A0 Edx=39E Edi=2700000 Esi=31E Ebp=236E348 Esp=236E1C8 Eip=772A70FF

ADDR: 772A719A CODE: 0f8497040000 jz 0x772a7637
Eax=27036C4 Ebx=271E2F0 Ecx=1E Edx=40000000 Edi=2700000 Esi=18 Ebp=236E348 Esp=236E1C8 Eip=772A719A

ADDR: 772A6B7F CODE: 0f841c0b0000 jz 0x772a76a1
Eax=8 Ebx=271E1F0 Ecx=108 Edx=271E1EF Edi=2700000 Esi=108 Ebp=236E348 Esp=236E1C8 Eip=772A6B7F

ADDR: 772A6B89 CODE: 7413 jz 0x772a6b9e
Eax=8 Ebx=271E1F0 Ecx=108 Edx=271E1EF Edi=2700000 Esi=108 Ebp=236E348 Esp=236E1C8 Eip=772A6B89

ADDR: 772A6BA2 CODE: 0f84b7000000 jz 0x772a6c5f
Eax=C3B1ADA4 Ebx=271E1F0 Ecx=271E1E8 Edx=271E1EF Edi=2700000 Esi=108 Ebp=236E348 Esp=236E1C8 Eip=772A6BA2

ADDR: 772A6C63 CODE: 0f84150e0000 jz 0x772a7a7e
Eax=C3B1ADA4 Ebx=271E1F0 Ecx=271E1E8 Edx=271E1EF Edi=2700000 Esi=108 Ebp=236E348 Esp=236E1C8 Eip=772A6C63

ADDR: 772A7AAD CODE: 741e jz 0x772a7acd
Eax=C3B1ADA4 Ebx=271E1F0 Ecx=271E1E8 Edx=271E1EF Edi=2700000 Esi=108 Ebp=236E348 Esp=236E1C4 Eip=772A7AAD

ADDR: 772A7A91 CODE: 743b jz 0x772a7ace
Eax=0 Ebx=271E1F0 Ecx=271E1E8 Edx=271E1EF Edi=2700000 Esi=108 Ebp=236E348 Esp=236E1C8 Eip=772A7A91

ADDR: 772A7AD6 CODE: 741f jz 0x772a7af7
Eax=7FFE0388 Ebx=271E1F0 Ecx=271E1E8 Edx=271E1EF Edi=2700000 Esi=108 Ebp=236E348 Esp=236E1C8 Eip=772A7AD6

ADDR: 772A5D13 CODE: 7445 jz 0x772a5d5a
Eax=271E1F0 Ebx=2700000 Ecx=ADFBB56E Edx=271E1EF Edi=271E1F0 Esi=108 Ebp=236E3D8 Esp=236E360 Eip=772A5D13

ADDR: 772A5D1D CODE: 0f8474000000 jz 0x772a5d97
Eax=271E1F0 Ebx=2700000 Ecx=100 Edx=0 Edi=271E1F0 Esi=108 Ebp=236E3D8 Esp=236E360 Eip=772A5D1D

ADDR: 772A5DA5 CODE: 7415 jz 0x772a5dbc
Eax=0 Ebx=2700000 Ecx=3 Edx=0 Edi=271E1F0 Esi=108 Ebp=236E3D8 Esp=236E360 Eip=772A5DA5

ADDR: 772A5DC4 CODE: 0f8492000000 jz 0x772a5e5c
Eax=7FFE0380 Ebx=2700000 Ecx=3 Edx=0 Edi=271E1F0 Esi=108 Ebp=236E3D8 Esp=236E360 Eip=772A5DC4

ADDR: 772A5E63 CODE: 743b jz 0x772a5ea0
Eax=0 Ebx=2700000 Ecx=3 Edx=0 Edi=271E1F0 Esi=108 Ebp=236E3D8 Esp=236E360 Eip=772A5E63

ADDR: 772B67F9 CODE: 0f8453010000 jz 0x772b6952
Eax=271E1F0 Ebx=2717E1A Ecx=3 Edx=0 Edi=2700000 Esi=2717E18 Ebp=236E4F0 Esp=236E408 Eip=772B67F9

ADDR: 772B681C CODE: 741f jz 0x772b683d
Eax=271E1F0 Ebx=271E1E8 Ecx=271E1E8 Edx=270004C Edi=2700000 Esi=2717E18 Ebp=236E4F0 Esp=236E408 Eip=772B681C

ADDR: 772B682E CODE: 740d jz 0x772b683d
Eax=C3B1AD20 Ebx=271E1E8 Ecx=271E1E8 Edx=270004C Edi=2700000 Esi=2717E18 Ebp=236E4F0 Esp=236E408 Eip=772B682E

ADDR: 772B6844 CODE: 0f84a6000000 jz 0x772b68f0
Eax=C3B1AD20 Ebx=271E1E8 Ecx=271E1E8 Edx=270004C Edi=2700000 Esi=2717E18 Ebp=236E4F0 Esp=236E408 Eip=772B6844

ADDR: 772B68F6 CODE: 7410 jz 0x772b6908
Eax=270004C Ebx=271E1E8 Ecx=271E1E8 Edx=270004C Edi=2700000 Esi=2717E18 Ebp=236E4F0 Esp=236E408 Eip=772B68F6

ADDR: 772B6913 CODE: 7413 jz 0x772b6928
Eax=C3B1ADA4 Ebx=271E1E8 Ecx=271E1E8 Edx=270004C Edi=2700000 Esi=2717E18 Ebp=236E4F0 Esp=236E408 Eip=772B6913

ADDR: 772A7B53 CODE: 746e jz 0x772a7bc3
Eax=FFFFFFFE Ebx=2700258 Ecx=FFFFFFFF Edx=270004C Edi=270025C Esi=FFFFFFFE Ebp=236E3FC Esp=236E3E8 Eip=772A7B53

ADDR: 772B692E CODE: 7203 jb 0x772b6933
Eax=100 Ebx=271E1E8 Ecx=FFFFFFFF Edx=270004C Edi=2700000 Esi=2717E18 Ebp=236E4F0 Esp=236E408 Eip=772B692E

ADDR: 772DAD36 CODE: 7608 jbe 0x772dad40
Eax=2717EA0 Ebx=271E1F0 Ecx=80 Edx=80 Edi=271E1F0 Esi=2717E20 Ebp=236E3F4 Esp=236E3EC Eip=772DAD36

ADDR: 772DAD3A CODE: 0f827c010000 jb 0x772daebc
Eax=2717EA0 Ebx=271E1F0 Ecx=80 Edx=80 Edi=271E1F0 Esi=2717E20 Ebp=236E3F4 Esp=236E3EC Eip=772DAD3A

ADDR: 772DAD51 CODE: 7229 jb 0x772dad7c
Eax=2717EA0 Ebx=271E1F0 Ecx=20 Edx=0 Edi=271E1F0 Esi=2717E20 Ebp=236E3F4 Esp=236E3EC Eip=772DAD51

ADDR: 772A7C5F CODE: 743d jz 0x772a7c9e
Eax=271E1F0 Ebx=271E1F0 Ecx=0 Edx=0 Edi=2717E20 Esi=2717E20 Ebp=236E3F4 Esp=236E3E8 Eip=772A7C5F

ADDR: 772A7C66 CODE: 0f8460b70500 jz 0x773033cc
Eax=271E1F0 Ebx=271E1F0 Ecx=0 Edx=0 Edi=2717E20 Esi=2700000 Ebp=236E3F4 Esp=236E3E8 Eip=772A7C66

ADDR: 772A7C77 CODE: 0f8465b70500 jz 0x773033e2
Eax=271E1F0 Ebx=271E1F0 Ecx=2700000 Edx=2717E20 Edi=2717E20 Esi=2700000 Ebp=236E3F4 Esp=236E3E8 Eip=772A7C77

ADDR: 772EE4E4 CODE: 7409 jz 0x772ee4ef
Eax=2 Ebx=0 Ecx=2700000 Edx=2717E20 Edi=0 Esi=2700000 Ebp=236E3D4 Esp=236E388 Eip=772EE4E4

ADDR: 772EE68F CODE: 0f8ddb040000 jge 0x772eeb70
Eax=2 Ebx=0 Ecx=2700000 Edx=2717E20 Edi=2717E18 Esi=2700000 Ebp=236E3D4 Esp=236E388 Eip=772EE68F

ADDR: 772A7DB3 CODE: 7435 jz 0x772a7dea
Eax=2717E18 Ebx=0 Ecx=2700000 Edx=2 Edi=2700000 Esi=2700000 Ebp=236E378 Esp=236E250 Eip=772A7DB3

ADDR: 772A7DFA CODE: 7415 jz 0x772a7e11
Eax=0 Ebx=0 Ecx=2700000 Edx=2 Edi=2700000 Esi=3 Ebp=236E378 Esp=236E250 Eip=772A7DFA

ADDR: 772A7E19 CODE: 7439 jz 0x772a7e54
Eax=7FFE0380 Ebx=0 Ecx=2700000 Edx=2 Edi=2700000 Esi=3 Ebp=236E378 Esp=236E250 Eip=772A7E19

ADDR: 772A7E7C CODE: 731f jae 0x772a7e9d
Eax=270025C Ebx=2717E18 Ecx=2700258 Edx=251A000 Edi=2700000 Esi=3 Ebp=236E378 Esp=236E250 Eip=772A7E7C

ADDR: 772A7F2F CODE: 741c jz 0x772a7f4d
Eax=6858 Ebx=2717E18 Ecx=2700258 Edx=251A000 Edi=2700000 Esi=3 Ebp=236E378 Esp=236E250 Eip=772A7F2F

ADDR: 772A7F41 CODE: 740a jz 0x772a7f4d
Eax=C3B1AD10 Ebx=2717E18 Ecx=2700258 Edx=251A000 Edi=2700000 Esi=3 Ebp=236E378 Esp=236E250 Eip=772A7F41

ADDR: 772A7F5B CODE: 7304 jae 0x772a7f61
Eax=2700270 Ebx=2717E18 Ecx=11 Edx=251A000 Edi=2700000 Esi=80 Ebp=236E378 Esp=236E250 Eip=772A7F5B

ADDR: 772A7F6C CODE: 731d jae 0x772a7f8b
Eax=2700270 Ebx=2717E18 Ecx=11 Edx=11 Edi=2700000 Esi=80 Ebp=236E378 Esp=236E250 Eip=772A7F6C

ADDR: 772A7F79 CODE: 7402 jz 0x772a7f7d
Eax=2700270 Ebx=2717E18 Ecx=11 Edx=11 Edi=2700000 Esi=80 Ebp=236E378 Esp=236E250 Eip=772A7F79

ADDR: 772A7FC4 CODE: 7404 jz 0x772a7fca
Eax=2700201 Ebx=2717E18 Ecx=11 Edx=11 Edi=2700000 Esi=2717E1A Ebp=236E378 Esp=236E250 Eip=772A7FC4

ADDR: 772A7FCE CODE: 0f84db0e0000 jz 0x772a8eaf
Eax=2700201 Ebx=2717E18 Ecx=11 Edx=11 Edi=2700000 Esi=2717E1A Ebp=236E378 Esp=236E250 Eip=772A7FCE

ADDR: 772A7FDE CODE: 7335 jae 0x772a8015
Eax=11 Ebx=2717E18 Ecx=11 Edx=11 Edi=2700000 Esi=2717E1A Ebp=236E378 Esp=236E250 Eip=772A7FDE

ADDR: 772A800F CODE: 7604 jbe 0x772a8015
Eax=187 Ebx=2717E18 Ecx=27026B2 Edx=0 Edi=2700000 Esi=2717E1A Ebp=236E378 Esp=236E250 Eip=772A800F

ADDR: 772A8098 CODE: 0f8402030000 jz 0x772a83a0
Eax=6599 Ebx=2717E18 Ecx=90 Edx=11 Edi=2700000 Esi=2717D88 Ebp=236E378 Esp=236E250 Eip=772A8098

ADDR: 772A83AA CODE: 7447 jz 0x772a83f3
Eax=B1 Ebx=2717E18 Ecx=100000 Edx=11 Edi=2700000 Esi=2717EA0 Ebp=236E378 Esp=236E250 Eip=772A83AA

ADDR: 772A83D2 CODE: 741c jz 0x772a83f0
Eax=20000 Ebx=2717E18 Ecx=202 Edx=2 Edi=2700000 Esi=2717EA0 Ebp=236E378 Esp=236E250 Eip=772A83D2

ADDR: 772A840F CODE: 7426 jz 0x772a8437
Eax=B0 Ebx=2717E18 Ecx=100000 Edx=11 Edi=2700000 Esi=2717EA0 Ebp=236E378 Esp=236E250 Eip=772A840F

ADDR: 772A842B CODE: 740a jz 0x772a8437
Eax=20000 Ebx=2717E18 Ecx=202 Edx=2 Edi=2700000 Esi=2717EA0 Ebp=236E378 Esp=236E250 Eip=772A842B

ADDR: 772A843B CODE: 0f8463010000 jz 0x772a85a4
Eax=20000 Ebx=2717E18 Ecx=202 Edx=2 Edi=2700000 Esi=2717EA0 Ebp=236E378 Esp=236E250 Eip=772A843B

ADDR: 772A85DB CODE: 0f840c010000 jz 0x772a86ed
Eax=2 Ebx=2717E18 Ecx=2700270 Edx=2717EA8 Edi=2700000 Esi=2717EA0 Ebp=236E378 Esp=236E250 Eip=772A85DB

ADDR: 772A85EF CODE: 7308 jae 0x772a85f9
Eax=2 Ebx=2717E18 Ecx=2700270 Edx=2717EA8 Edi=2700000 Esi=80 Ebp=236E378 Esp=236E250 Eip=772A85EF

ADDR: 772A8674 CODE: 0f83d7000000 jae 0x772a8751
Eax=80 Ebx=2717E18 Ecx=2700270 Edx=2 Edi=2700000 Esi=270ADB0 Ebp=236E378 Esp=236E250 Eip=772A8674

ADDR: 772A867D CODE: 0f849f000000 jz 0x772a8722
Eax=80 Ebx=2717E18 Ecx=2700270 Edx=2 Edi=2700000 Esi=270ADB0 Ebp=236E378 Esp=236E250 Eip=772A867D

ADDR: 772A8690 CODE: 743f jz 0x772a86d1
Eax=80 Ebx=2717E18 Ecx=2700270 Edx=C1B1ADA6 Edi=2700000 Esi=270ADB0 Ebp=236E378 Esp=236E250 Eip=772A8690

ADDR: 772A86B3 CODE: 7419 jz 0x772a86ce
Eax=2 Ebx=2717E18 Ecx=202 Edx=2000002 Edi=2700000 Esi=270ADB0 Ebp=236E378 Esp=236E250 Eip=772A86B3

ADDR: 772A86FC CODE: 7474 jz 0x772a8772
Eax=270ADB0 Ebx=2717E18 Ecx=27000C0 Edx=0 Edi=2700000 Esi=2717EA0 Ebp=236E378 Esp=236E250 Eip=772A86FC

ADDR: 772A8778 CODE: 0f84ba000000 jz 0x772a8838
Eax=270ADB0 Ebx=2717E18 Ecx=2700000 Edx=0 Edi=2700000 Esi=2717EA0 Ebp=236E378 Esp=236E250 Eip=772A8778

ADDR: 772A8866 CODE: 7234 jb 0x772a889c
Eax=6598 Ebx=2717E18 Ecx=13 Edx=13 Edi=2700000 Esi=2717EA0 Ebp=236E378 Esp=236E250 Eip=772A8866

ADDR: 772A88A4 CODE: 7629 jbe 0x772a88cf
Eax=40B Ebx=2717E18 Ecx=13 Edx=13 Edi=2700000 Esi=2717EA0 Ebp=236E378 Esp=236E250 Eip=772A88A4

ADDR: 772A88D5 CODE: 0f8750050000 ja 0x772a8e2b
Eax=40B Ebx=2717E18 Ecx=13 Edx=13 Edi=2700000 Esi=2717EA0 Ebp=236E378 Esp=236E250 Eip=772A88D5

ADDR: 772A88DF CODE: 0f844d040000 jz 0x772a8d32
Eax=40B Ebx=2717E18 Ecx=13 Edx=13 Edi=2700000 Esi=2717EA0 Ebp=236E378 Esp=236E250 Eip=772A88DF

ADDR: 772A8904 CODE: 0f8489020000 jz 0x772a8b93
Eax=13 Ebx=2717E18 Ecx=13 Edx=27000C0 Edi=2700000 Esi=2700270 Ebp=236E378 Esp=236E250 Eip=772A8904

ADDR: 772A8915 CODE: 720d jb 0x772a8924
Eax=13 Ebx=2717E18 Ecx=80 Edx=27000C0 Edi=2700000 Esi=2700270 Ebp=236E378 Esp=236E250 Eip=772A8915

ADDR: 772A8963 CODE: 7438 jz 0x772a899d
Eax=271E2F0 Ebx=5EB1AE3A Ecx=80 Edx=27000C0 Edi=2700000 Esi=2700270 Ebp=236E378 Esp=236E250 Eip=772A8963

ADDR: 772A8983 CODE: 7418 jz 0x772a899d
Eax=9D Ebx=9D00039E Ecx=9D9D Edx=27000C0 Edi=2700000 Esi=2700270 Ebp=236E378 Esp=236E250 Eip=772A8983

ADDR: 772A89AD CODE: 7e07 jle 0x772a89b6
Eax=39E Ebx=9D00039E Ecx=FFFFFC75 Edx=27000C0 Edi=2700000 Esi=2700270 Ebp=236E378 Esp=236E250 Eip=772A89AD

ADDR: 772A89CA CODE: 7438 jz 0x772a8a04
Eax=270ADA8 Ebx=C1B1ADA6 Ecx=FFFFFC75 Edx=27000C0 Edi=2700000 Esi=2700270 Ebp=236E378 Esp=236E250 Eip=772A89CA

ADDR: 772A89EA CODE: 7418 jz 0x772a8a04
Eax=2 Ebx=2000002 Ecx=202 Edx=27000C0 Edi=2700000 Esi=2700270 Ebp=236E378 Esp=236E250 Eip=772A89EA

ADDR: 772A8A14 CODE: 7f07 jg 0x772a8a1d
Eax=2 Ebx=2000002 Ecx=11 Edx=27000C0 Edi=2700000 Esi=2700270 Ebp=236E378 Esp=236E250 Eip=772A8A14

ADDR: 772A8AF4 CODE: 7708 ja 0x772a8afe
Eax=2700294 Ebx=0 Ecx=3 Edx=0 Edi=2700000 Esi=2700270 Ebp=236E378 Esp=236E250 Eip=772A8AF4

ADDR: 772A8AF4 CODE: 7708 ja 0x772a8afe
Eax=2700298 Ebx=0 Ecx=3 Edx=1 Edi=2700000 Esi=2700270 Ebp=236E378 Esp=236E250 Eip=772A8AF4

ADDR: 772A8AF4 CODE: 7708 ja 0x772a8afe
Eax=270029C Ebx=0 Ecx=3 Edx=2 Edi=2700000 Esi=2700270 Ebp=236E378 Esp=236E250 Eip=772A8AF4

ADDR: 772A8AF4 CODE: 7708 ja 0x772a8afe
Eax=27002A0 Ebx=0 Ecx=3 Edx=3 Edi=2700000 Esi=2700270 Ebp=236E378 Esp=236E250 Eip=772A8AF4

ADDR: 772A8AF4 CODE: 7708 ja 0x772a8afe
Eax=27002A4 Ebx=0 Ecx=3 Edx=4 Edi=2700000 Esi=2700270 Ebp=236E378 Esp=236E250 Eip=772A8AF4

ADDR: 772A8B00 CODE: 7474 jz 0x772a8b76
Eax=27002A4 Ebx=0 Ecx=3 Edx=4 Edi=2700000 Esi=2700270 Ebp=236E378 Esp=236E250 Eip=772A8B00

ADDR: 772A8963 CODE: 7438 jz 0x772a899d
Eax=271E2F0 Ebx=5EB1AE3A Ecx=3 Edx=27000C0 Edi=2700000 Esi=27036A0 Ebp=236E378 Esp=236E250 Eip=772A8963

ADDR: 772A8983 CODE: 7418 jz 0x772a899d
Eax=9D Ebx=9D00039E Ecx=9D9D Edx=27000C0 Edi=2700000 Esi=27036A0 Ebp=236E378 Esp=236E250 Eip=772A8983

ADDR: 772A89AD CODE: 7e07 jle 0x772a89b6
Eax=39E Ebx=9D00039E Ecx=FFFFFC75 Edx=27000C0 Edi=2700000 Esi=27036A0 Ebp=236E378 Esp=236E250 Eip=772A89AD

ADDR: 772A89CA CODE: 7438 jz 0x772a8a04
Eax=270ADA8 Ebx=C1B1ADA6 Ecx=FFFFFC75 Edx=27000C0 Edi=2700000 Esi=27036A0 Ebp=236E378 Esp=236E250 Eip=772A89CA

ADDR: 772A89EA CODE: 7418 jz 0x772a8a04
Eax=2 Ebx=2000002 Ecx=202 Edx=27000C0 Edi=2700000 Esi=27036A0 Ebp=236E378 Esp=236E250 Eip=772A89EA

ADDR: 772A8A14 CODE: 7f07 jg 0x772a8a1d
Eax=2 Ebx=2000002 Ecx=11 Edx=27000C0 Edi=2700000 Esi=27036A0 Ebp=236E378 Esp=236E250 Eip=772A8A14

ADDR: 772A8AF4 CODE: 7708 ja 0x772a8afe
Eax=27036C4 Ebx=0 Ecx=3B Edx=0 Edi=2700000 Esi=27036A0 Ebp=236E378 Esp=236E250 Eip=772A8AF4

ADDR: 772A8AF4 CODE: 7708 ja 0x772a8afe
Eax=27036C8 Ebx=0 Ecx=3B Edx=1 Edi=2700000 Esi=27036A0 Ebp=236E378 Esp=236E250 Eip=772A8AF4

ADDR: 772A8AF4 CODE: 7708 ja 0x772a8afe
Eax=27036CC Ebx=0 Ecx=3B Edx=2 Edi=2700000 Esi=27036A0 Ebp=236E378 Esp=236E250 Eip=772A8AF4

ADDR: 772A8AF4 CODE: 7708 ja 0x772a8afe
Eax=27036D0 Ebx=0 Ecx=3B Edx=3 Edi=2700000 Esi=27036A0 Ebp=236E378 Esp=236E250 Eip=772A8AF4

ADDR: 772A8AF4 CODE: 7708 ja 0x772a8afe
Eax=27036D4 Ebx=0 Ecx=3B Edx=4 Edi=2700000 Esi=27036A0 Ebp=236E378 Esp=236E250 Eip=772A8AF4

ADDR: 772A8AF4 CODE: 7708 ja 0x772a8afe
Eax=27036D8 Ebx=0 Ecx=3B Edx=5 Edi=2700000 Esi=27036A0 Ebp=236E378 Esp=236E250 Eip=772A8AF4

ADDR: 772A8AF4 CODE: 7708 ja 0x772a8afe
Eax=27036DC Ebx=0 Ecx=3B Edx=6 Edi=2700000 Esi=27036A0 Ebp=236E378 Esp=236E250 Eip=772A8AF4

ADDR: 772A8AF4 CODE: 7708 ja 0x772a8afe
Eax=27036E0 Ebx=0 Ecx=3B Edx=7 Edi=2700000 Esi=27036A0 Ebp=236E378 Esp=236E250 Eip=772A8AF4

ADDR: 772A8AF4 CODE: 7708 ja 0x772a8afe
Eax=27036E4 Ebx=0 Ecx=3B Edx=8 Edi=2700000 Esi=27036A0 Ebp=236E378 Esp=236E250 Eip=772A8AF4

ADDR: 772A8AF4 CODE: 7708 ja 0x772a8afe
Eax=27036E8 Ebx=0 Ecx=3B Edx=9 Edi=2700000 Esi=27036A0 Ebp=236E378 Esp=236E250 Eip=772A8AF4

ADDR: 772A8AF4 CODE: 7708 ja 0x772a8afe
Eax=27036EC Ebx=0 Ecx=3B Edx=A Edi=2700000 Esi=27036A0 Ebp=236E378 Esp=236E250 Eip=772A8AF4

ADDR: 772A8AF4 CODE: 7708 ja 0x772a8afe
Eax=27036F0 Ebx=0 Ecx=3B Edx=B Edi=2700000 Esi=27036A0 Ebp=236E378 Esp=236E250 Eip=772A8AF4

ADDR: 772A8AF4 CODE: 7708 ja 0x772a8afe
Eax=27036F4 Ebx=0 Ecx=3B Edx=C Edi=2700000 Esi=27036A0 Ebp=236E378 Esp=236E250 Eip=772A8AF4

ADDR: 772A8AF4 CODE: 7708 ja 0x772a8afe
Eax=27036F8 Ebx=0 Ecx=3B Edx=D Edi=2700000 Esi=27036A0 Ebp=236E378 Esp=236E250 Eip=772A8AF4

ADDR: 772A8AF4 CODE: 7708 ja 0x772a8afe
Eax=27036FC Ebx=0 Ecx=3B Edx=E Edi=2700000 Esi=27036A0 Ebp=236E378 Esp=236E250 Eip=772A8AF4

ADDR: 772A8AF4 CODE: 7708 ja 0x772a8afe
Eax=2703700 Ebx=0 Ecx=3B Edx=F Edi=2700000 Esi=27036A0 Ebp=236E378 Esp=236E250 Eip=772A8AF4

ADDR: 772A8AF4 CODE: 7708 ja 0x772a8afe
Eax=2703704 Ebx=0 Ecx=3B Edx=10 Edi=2700000 Esi=27036A0 Ebp=236E378 Esp=236E250 Eip=772A8AF4

ADDR: 772A8AF4 CODE: 7708 ja 0x772a8afe
Eax=2703708 Ebx=0 Ecx=3B Edx=11 Edi=2700000 Esi=27036A0 Ebp=236E378 Esp=236E250 Eip=772A8AF4

ADDR: 772A8AF4 CODE: 7708 ja 0x772a8afe
Eax=270370C Ebx=0 Ecx=3B Edx=12 Edi=2700000 Esi=27036A0 Ebp=236E378 Esp=236E250 Eip=772A8AF4

ADDR: 772A8AF4 CODE: 7708 ja 0x772a8afe
Eax=2703710 Ebx=0 Ecx=3B Edx=13 Edi=2700000 Esi=27036A0 Ebp=236E378 Esp=236E250 Eip=772A8AF4

ADDR: 772A8AF4 CODE: 7708 ja 0x772a8afe
Eax=2703714 Ebx=0 Ecx=3B Edx=14 Edi=2700000 Esi=27036A0 Ebp=236E378 Esp=236E250 Eip=772A8AF4

ADDR: 772A8AF4 CODE: 7708 ja 0x772a8afe
Eax=2703718 Ebx=0 Ecx=3B Edx=15 Edi=2700000 Esi=27036A0 Ebp=236E378 Esp=236E250 Eip=772A8AF4

ADDR: 772A8AF4 CODE: 7708 ja 0x772a8afe
Eax=270371C Ebx=0 Ecx=3B Edx=16 Edi=2700000 Esi=27036A0 Ebp=236E378 Esp=236E250 Eip=772A8AF4

ADDR: 772A8AF4 CODE: 7708 ja 0x772a8afe
Eax=2703720 Ebx=0 Ecx=3B Edx=17 Edi=2700000 Esi=27036A0 Ebp=236E378 Esp=236E250 Eip=772A8AF4

ADDR: 772A8B05 CODE: 7422 jz 0x772a8b29
Eax=2703724 Ebx=40000000 Ecx=3B Edx=18 Edi=2700000 Esi=27036A0 Ebp=236E378 Esp=236E250 Eip=772A8B05

ADDR: 772A8B33 CODE: 740c jz 0x772a8b41
Eax=0 Ebx=40000000 Ecx=3B Edx=18 Edi=2700000 Esi=27036A0 Ebp=236E378 Esp=236E250 Eip=772A8B33

ADDR: 772A8B5D CODE: 7402 jz 0x772a8b61
Eax=1E Ebx=40 Ecx=3B Edx=31E Edi=2700000 Esi=27036A0 Ebp=236E378 Esp=236E250 Eip=772A8B5D

ADDR: 772A8B6C CODE: 740b jz 0x772a8b79
Eax=27037B4 Ebx=2717E18 Ecx=271E2F8 Edx=31E Edi=2700000 Esi=27036A0 Ebp=236E378 Esp=236E250 Eip=772A8B6C

ADDR: 772A8B9A CODE: 7439 jz 0x772a8bd5
Eax=27037B4 Ebx=2717E18 Ecx=271E2F8 Edx=27000C0 Edi=2700000 Esi=13 Ebp=236E378 Esp=236E250 Eip=772A8B9A

ADDR: 772A8BA0 CODE: 741a jz 0x772a8bbc
Eax=27037B4 Ebx=2717E18 Ecx=271E2F8 Edx=27000C0 Edi=2700000 Esi=13 Ebp=236E378 Esp=236E250 Eip=772A8BA0

ADDR: 772A8BAB CODE: 7406 jz 0x772a8bb3
Eax=27037B4 Ebx=2717E18 Ecx=271E2F8 Edx=5EB1AE3A Edi=2700000 Esi=13 Ebp=236E378 Esp=236E250 Eip=772A8BAB

ADDR: 772A8BC9 CODE: 760a jbe 0x772a8bd5
Eax=39E Ebx=2717E18 Ecx=271E2F8 Edx=9D00039E Edi=2700000 Esi=13 Ebp=236E378 Esp=236E250 Eip=772A8BC9

ADDR: 772A8C11 CODE: 0f84f2000000 jz 0x772a8d09
Eax=13 Ebx=2717E18 Ecx=2700270 Edx=271CB30 Edi=2700000 Esi=271E2F8 Ebp=236E378 Esp=236E250 Eip=772A8C11

ADDR: 772A8C25 CODE: 7306 jae 0x772a8c2d
Eax=80 Ebx=2717E18 Ecx=2700270 Edx=271CB30 Edi=2700000 Esi=13 Ebp=236E378 Esp=236E250 Eip=772A8C25

ADDR: 772A8C78 CODE: 745f jz 0x772a8cd9
Eax=0 Ebx=2717E18 Ecx=2700270 Edx=13 Edi=2700000 Esi=13 Ebp=236E378 Esp=236E250 Eip=772A8C78

ADDR: 772A8D0D CODE: 0f8422010000 jz 0x772a8e35
Eax=2700294 Ebx=2717E18 Ecx=13 Edx=80000 Edi=2700000 Esi=0 Ebp=236E378 Esp=236E250 Eip=772A8D0D

ADDR: 772A8E3A CODE: 7469 jz 0x772a8ea5
Eax=C3B1ADA4 Ebx=2717E18 Ecx=13 Edx=80000 Edi=2700000 Esi=0 Ebp=236E378 Esp=236E250 Eip=772A8E3A

ADDR: 772A90B5 CODE: 7416 jz 0x772a90cd
Eax=C3B1ADA4 Ebx=2717E18 Ecx=13 Edx=80000 Edi=2700000 Esi=0 Ebp=236E378 Esp=236E24C Eip=772A90B5

ADDR: 772A90D1 CODE: 0f84ba000000 jz 0x772a9191
Eax=C3B1ADA4 Ebx=2717E18 Ecx=13 Edx=80000 Edi=2700000 Esi=0 Ebp=236E378 Esp=236E24C Eip=772A90D1

ADDR: 772A90F6 CODE: 762c jbe 0x772a9124
Eax=C3B1ADA4 Ebx=2717E18 Ecx=13 Edx=1 Edi=2700000 Esi=0 Ebp=236E378 Esp=236E24C Eip=772A90F6

ADDR: 772A9134 CODE: 7250 jb 0x772a9186
Eax=C3B1ADA4 Ebx=2717E18 Ecx=13 Edx=1 Edi=2700000 Esi=0 Ebp=236E378 Esp=236E24C Eip=772A9134

ADDR: 772A7B53 CODE: 746e jz 0x772a7bc3
Eax=FFFFFFFE Ebx=2700258 Ecx=FFFFFFFF Edx=1 Edi=270025C Esi=FFFFFFFE Ebp=236E240 Esp=236E22C Eip=772A7B53

ADDR: 772EEB89 CODE: 7436 jz 0x772eebc1
Eax=1 Ebx=0 Ecx=ADFBB55E Edx=1 Edi=2717E18 Esi=2700000 Ebp=236E3D4 Esp=236E388 Eip=772EEB89

ADDR: 772EEB90 CODE: 7405 jz 0x772eeb97
Eax=0 Ebx=0 Ecx=ADFBB55E Edx=1 Edi=2717E18 Esi=2700000 Ebp=236E3D4 Esp=236E388 Eip=772EEB90

ADDR: 772EEB9C CODE: 7402 jz 0x772eeba0
Eax=0 Ebx=0 Ecx=ADFBB55E Edx=1 Edi=2717E18 Esi=2700000 Ebp=236E3D4 Esp=236E388 Eip=772EEB9C

ADDR: 772EEBA9 CODE: 7413 jz 0x772eebbe
Eax=0 Ebx=0 Ecx=2700000 Edx=2700000 Edi=2717E18 Esi=2700000 Ebp=236E3D4 Esp=236E388 Eip=772EEBA9

ADDR: 772B69F6 CODE: 7416 jz 0x772b6a0e
Eax=2717E20 Ebx=271E1F0 Ecx=0 Edx=2700000 Edi=2700000 Esi=2717E20 Ebp=236E4F0 Esp=236E404 Eip=772B69F6

ADDR: 772B6A12 CODE: 740b jz 0x772b6a1f
Eax=2717E20 Ebx=271E1F0 Ecx=0 Edx=2700000 Edi=2700000 Esi=2717E20 Ebp=236E4F0 Esp=236E404 Eip=772B6A12

ADDR: 772B69D7 CODE: 7447 jz 0x772b6a20
Eax=0 Ebx=271E1F0 Ecx=0 Edx=2700000 Edi=2700000 Esi=2717E20 Ebp=236E4F0 Esp=236E408 Eip=772B69D7

ADDR: 772B6A28 CODE: 7436 jz 0x772b6a60
Eax=7FFE0380 Ebx=271E1F0 Ecx=0 Edx=2700000 Edi=2700000 Esi=2717E20 Ebp=236E4F0 Esp=236E408 Eip=772B6A28

ADDR: 772B5BD5 CODE: 7448 jz 0x772b5c1f
Eax=0 Ebx=0 Ecx=ADFBB2D6 Edx=2700000 Edi=2700000 Esi=271E1F0 Ebp=236E588 Esp=236E500 Eip=772B5BD5

ADDR: 772B5C21 CODE: 7434 jz 0x772b5c57
Eax=0 Ebx=0 Ecx=ADFBB2D6 Edx=2700000 Edi=2700000 Esi=271E1F0 Ebp=236E588 Esp=236E500 Eip=772B5C21

ADDR: 772B5C2D CODE: 0f84aa000000 jz 0x772b5cdd
Eax=0 Ebx=271E1F0 Ecx=0 Edx=2700000 Edi=2700000 Esi=271E1F0 Ebp=236E588 Esp=236E500 Eip=772B5C2D

ADDR: 77155F22 CODE: 74cf jz 0x77155ef3
Eax=271E1F0 Ebx=2717E20 Ecx=AFCD5626 Edx=2700000 Edi=0 Esi=100 Ebp=236E5D0 Esp=236E5C0 Eip=77155F22

ADDR: 771544BB CODE: 7416 jz 0x771544d3
Eax=271E1F0 Ebx=80 Ecx=100 Edx=2700000 Edi=0 Esi=100 Ebp=236E5F4 Esp=236E5E0 Eip=771544BB

ADDR: 771544BF CODE: 7312 jae 0x771544d3
Eax=271E1F0 Ebx=80 Ecx=100 Edx=2700000 Edi=0 Esi=100 Ebp=236E5F4 Esp=236E5E0 Eip=771544BF

ADDR: 77195361 CODE: 0f843c010000 jz 0x771954a3
Eax=0 Ebx=80 Ecx=80 Edx=0 Edi=271E270 Esi=80 Ebp=236E5F4 Esp=236E5D0 Eip=77195361

ADDR: 77195370 CODE: 0f86df000000 jbe 0x77195455
Eax=0 Ebx=80 Ecx=80 Edx=0 Edi=271E270 Esi=80 Ebp=236E5F4 Esp=236E5D0 Eip=77195370

ADDR: 7719537C CODE: 0f828b000000 jb 0x7719540d
Eax=0 Ebx=80 Ecx=80 Edx=0 Edi=271E270 Esi=80 Ebp=236E5F4 Esp=236E5D0 Eip=7719537C

ADDR: 7719538A CODE: 7309 jae 0x77195395
Eax=0 Ebx=80 Ecx=80 Edx=0 Edi=271E270 Esi=80 Ebp=236E5F4 Esp=236E5D0 Eip=7719538A

ADDR: 771596BA CODE: 7417 jz 0x771596d3
Eax=0 Ebx=20 Ecx=0 Edx=0 Edi=2717E20 Esi=271E1F0 Ebp=236E5F0 Esp=236E5F0 Eip=771596BA

ADDR: 77159897 CODE: 0f843b710500 jz 0x771b09d8
Eax=0 Ebx=20 Ecx=0 Edx=0 Edi=2717E20 Esi=271E1F0 Ebp=236E620 Esp=236E600 Eip=77159897

ADDR: 771598B9 CODE: 0f8416ffffff jz 0x771597d5
Eax=271E270 Ebx=271E2F0 Ecx=271E1F0 Edx=5CECC1B7 Edi=2717E20 Esi=271E270 Ebp=236E620 Esp=236E600 Eip=771598B9

ADDR: 772A7B53 CODE: 746e jz 0x772a7bc3
Eax=FFFFFFFE Ebx=77235C18 Ecx=FFFFFFFF Edx=5CECC1B7 Edi=77235C1C Esi=FFFFFFFE Ebp=236E618 Esp=236E604 Eip=772A7B53

ADDR: 771594A4 CODE: 7458 jz 0x771594fe
Eax=64D7B29A Ebx=7649B498 Ecx=17 Edx=5CECC1B7 Edi=2 Esi=76E65A70 Ebp=236E65C Esp=236E644 Eip=771594A4

ADDR: 772F8DEB CODE: 730a jae 0x772f8df7
Eax=EDCCB4E Ebx=7649B498 Ecx=76E65A70 Edx=404000 Edi=2 Esi=76E65A70 Ebp=236E65C Esp=236E638 Eip=772F8DEB

ADDR: 772F09B7 CODE: 747f jz 0x772f0a38
Eax=2 Ebx=251AFB4 Ecx=76E65A70 Edx=251AFB4 Edi=2 Esi=76E65A70 Ebp=236E610 Esp=236E604 Eip=772F09B7

ADDR: 772F09BE CODE: 7378 jae 0x772f0a38
Eax=2 Ebx=251AFB4 Ecx=76E65A70 Edx=251AFB4 Edi=2 Esi=76E65A70 Ebp=236E610 Esp=236E604 Eip=772F09BE

ADDR: 76E65A83 CODE: 790d jns 0x76e65a92
Eax=0 Ebx=7649B498 Ecx=270A188 Edx=0 Edi=2 Esi=76E65A70 Ebp=236E634 Esp=236E634 Eip=76E65A83

ADDR: 77162C46 CODE: 740a jz 0x77162c52
Eax=0 Ebx=7649B498 Ecx=7669E500 Edx=0 Edi=76512830 Esi=7649B26C Ebp=236E6F0 Esp=236E6E4 Eip=77162C46

ADDR: 772F8DEB CODE: 730a jae 0x772f8df7
Eax=ECA2506 Ebx=7649B498 Ecx=76512830 Edx=444444 Edi=76512830 Esi=7649B26C Ebp=236E6F0 Esp=236E6E0 Eip=772F8DEB

ADDR: 771595B4 CODE: 7458 jz 0x7715960e
Eax=64D7B29A Ebx=7649B498 Ecx=17 Edx=76A0C8DC Edi=2 Esi=76E65A70 Ebp=236E660 Esp=236E648 Eip=771595B4

ADDR: 772F8DEB CODE: 730a jae 0x772f8df7
Eax=EDCCB4E Ebx=7649B498 Ecx=76E65A70 Edx=404000 Edi=2 Esi=76E65A70 Ebp=236E660 Esp=236E63C Eip=772F8DEB

ADDR: 772F09B7 CODE: 747f jz 0x772f0a38
Eax=2 Ebx=251AFB4 Ecx=76E65A70 Edx=251AFB4 Edi=2 Esi=76E65A70 Ebp=236E614 Esp=236E608 Eip=772F09B7

ADDR: 772F09BE CODE: 7378 jae 0x772f0a38
Eax=2 Ebx=251AFB4 Ecx=76E65A70 Edx=251AFB4 Edi=2 Esi=76E65A70 Ebp=236E614 Esp=236E608 Eip=772F09BE

ADDR: 76E65A83 CODE: 790d jns 0x76e65a92
Eax=0 Ebx=7649B498 Ecx=270A188 Edx=0 Edi=2 Esi=76E65A70 Ebp=236E638 Esp=236E638 Eip=76E65A83

ADDR: 771590DC CODE: 7454 jz 0x77159132
Eax=CD7B337 Ebx=7649B498 Ecx=17 Edx=0 Edi=2 Esi=76E500A0 Ebp=236E6AC Esp=236E650 Eip=771590DC

ADDR: 772F8DEB CODE: 730a jae 0x772f8df7
Eax=EDCA014 Ebx=7649B498 Ecx=76E500A0 Edx=104000 Edi=2 Esi=76E500A0 Ebp=236E6AC Esp=236E648 Eip=772F8DEB

ADDR: 772EC686 CODE: 743c jz 0x772ec6c4
Eax=2 Ebx=7649B498 Ecx=270A180 Edx=104000 Edi=2 Esi=251A000 Ebp=236E62C Esp=236E62C Eip=772EC686

ADDR: 772EC68D CODE: 7335 jae 0x772ec6c4
Eax=2 Ebx=7649B498 Ecx=270A180 Edx=104000 Edi=2 Esi=251A000 Ebp=236E62C Esp=236E62C Eip=772EC68D

ADDR: 772EC6AC CODE: 740c jz 0x772ec6ba
Eax=270CAA0 Ebx=7649B498 Ecx=270A180 Edx=0 Edi=2 Esi=2 Ebp=236E62C Esp=236E628 Eip=772EC6AC

ADDR: 772EC6B4 CODE: 7404 jz 0x772ec6ba
Eax=270CAAC Ebx=7649B498 Ecx=270A180 Edx=0 Edi=2 Esi=2 Ebp=236E62C Esp=236E628 Eip=772EC6B4

ADDR: 76E500BD CODE: 791c jns 0x76e500db
Eax=0 Ebx=7649B498 Ecx=236E640 Edx=0 Edi=2 Esi=251A000 Ebp=236E644 Esp=236E63C Eip=76E500BD

ADDR: 772AE69A CODE: 7315 jae 0x772ae6b1
Eax=77235C1C Ebx=7649B498 Ecx=77235C18 Edx=251A000 Edi=76512830 Esi=76A0C8DC Ebp=236E61C Esp=236E618 Eip=772AE69A

ADDR: 771597A6 CODE: 0f8454720500 jz 0x771b0a00
Eax=236E68C Ebx=76A0C8DC Ecx=236E678 Edx=251A000 Edi=76512830 Esi=76A0C8DC Ebp=236E620 Esp=236E600 Eip=771597A6

ADDR: 771597D3 CODE: 7479 jz 0x7715984e
Eax=236E68C Ebx=271E2F0 Ecx=17 Edx=5CECC1B7 Edi=271E1F0 Esi=271E274 Ebp=236E620 Esp=236E600 Eip=771597D3

ADDR: 772A7B53 CODE: 746e jz 0x772a7bc3
Eax=FFFFFFFE Ebx=77235C18 Ecx=FFFFFFFF Edx=5CECC1B7 Edi=77235C1C Esi=FFFFFFFE Ebp=236E618 Esp=236E604 Eip=772A7B53

ADDR: 771594A4 CODE: 7458 jz 0x771594fe
Eax=64D7B29A Ebx=7649B498 Ecx=17 Edx=5CECC1B7 Edi=2 Esi=76E65A70 Ebp=236E65C Esp=236E644 Eip=771594A4

ADDR: 772F8DEB CODE: 730a jae 0x772f8df7
Eax=EDCCB4E Ebx=7649B498 Ecx=76E65A70 Edx=404000 Edi=2 Esi=76E65A70 Ebp=236E65C Esp=236E638 Eip=772F8DEB

ADDR: 772F09B7 CODE: 747f jz 0x772f0a38
Eax=2 Ebx=251AFB4 Ecx=76E65A70 Edx=251AFB4 Edi=2 Esi=76E65A70 Ebp=236E610 Esp=236E604 Eip=772F09B7

ADDR: 772F09BE CODE: 7378 jae 0x772f0a38
Eax=2 Ebx=251AFB4 Ecx=76E65A70 Edx=251AFB4 Edi=2 Esi=76E65A70 Ebp=236E610 Esp=236E604 Eip=772F09BE

ADDR: 76E65A83 CODE: 790d jns 0x76e65a92
Eax=0 Ebx=7649B498 Ecx=270A188 Edx=0 Edi=2 Esi=76E65A70 Ebp=236E634 Esp=236E634 Eip=76E65A83

ADDR: 77162C46 CODE: 740a jz 0x77162c52
Eax=0 Ebx=7649B498 Ecx=7669E510 Edx=0 Edi=76512850 Esi=7649B270 Ebp=236E6F0 Esp=236E6E4 Eip=77162C46

ADDR: 772F8DEB CODE: 730a jae 0x772f8df7
Eax=ECA250A Ebx=7649B498 Ecx=76512850 Edx=444444 Edi=76512850 Esi=7649B270 Ebp=236E6F0 Esp=236E6E0 Eip=772F8DEB

ADDR: 771595B4 CODE: 7458 jz 0x7715960e
Eax=64D7B29A Ebx=7649B498 Ecx=17 Edx=76A0C8DC Edi=2 Esi=76E65A70 Ebp=236E660 Esp=236E648 Eip=771595B4

ADDR: 772F8DEB CODE: 730a jae 0x772f8df7
Eax=EDCCB4E Ebx=7649B498 Ecx=76E65A70 Edx=404000 Edi=2 Esi=76E65A70 Ebp=236E660 Esp=236E63C Eip=772F8DEB

ADDR: 772F09B7 CODE: 747f jz 0x772f0a38
Eax=2 Ebx=251AFB4 Ecx=76E65A70 Edx=251AFB4 Edi=2 Esi=76E65A70 Ebp=236E614 Esp=236E608 Eip=772F09B7

ADDR: 772F09BE CODE: 7378 jae 0x772f0a38
Eax=2 Ebx=251AFB4 Ecx=76E65A70 Edx=251AFB4 Edi=2 Esi=76E65A70 Ebp=236E614 Esp=236E608 Eip=772F09BE

ADDR: 76E65A83 CODE: 790d jns 0x76e65a92
Eax=0 Ebx=7649B498 Ecx=270A188 Edx=0 Edi=2 Esi=76E65A70 Ebp=236E638 Esp=236E638 Eip=76E65A83

ADDR: 771590DC CODE: 7454 jz 0x77159132
Eax=CD7B337 Ebx=7649B498 Ecx=17 Edx=0 Edi=2 Esi=76E500A0 Ebp=236E6AC Esp=236E650 Eip=771590DC

ADDR: 772F8DEB CODE: 730a jae 0x772f8df7
Eax=EDCA014 Ebx=7649B498 Ecx=76E500A0 Edx=104000 Edi=2 Esi=76E500A0 Ebp=236E6AC Esp=236E648 Eip=772F8DEB

ADDR: 772EC686 CODE: 743c jz 0x772ec6c4
Eax=2 Ebx=7649B498 Ecx=270A180 Edx=104000 Edi=2 Esi=251A000 Ebp=236E62C Esp=236E62C Eip=772EC686

ADDR: 772EC68D CODE: 7335 jae 0x772ec6c4
Eax=2 Ebx=7649B498 Ecx=270A180 Edx=104000 Edi=2 Esi=251A000 Ebp=236E62C Esp=236E62C Eip=772EC68D

ADDR: 772EC6AC CODE: 740c jz 0x772ec6ba
Eax=270CAA0 Ebx=7649B498 Ecx=270A180 Edx=0 Edi=2 Esi=2 Ebp=236E62C Esp=236E628 Eip=772EC6AC

ADDR: 772EC6B4 CODE: 7404 jz 0x772ec6ba
Eax=270CAAC Ebx=7649B498 Ecx=270A180 Edx=0 Edi=2 Esi=2 Ebp=236E62C Esp=236E628 Eip=772EC6B4

ADDR: 76E500BD CODE: 791c jns 0x76e500db
Eax=0 Ebx=7649B498 Ecx=236E640 Edx=0 Edi=2 Esi=251A000 Ebp=236E644 Esp=236E63C Eip=76E500BD

ADDR: 772AE69A CODE: 7315 jae 0x772ae6b1
Eax=77235C1C Ebx=7649B498 Ecx=77235C18 Edx=251A000 Edi=76512850 Esi=76A0C8DC Ebp=236E61C Esp=236E618 Eip=772AE69A

ADDR: 771597A6 CODE: 0f8454720500 jz 0x771b0a00
Eax=236E68C Ebx=76A0C8DC Ecx=236E678 Edx=251A000 Edi=76512850 Esi=76A0C8DC Ebp=236E620 Esp=236E600 Eip=771597A6

ADDR: 771597D3 CODE: 7479 jz 0x7715984e
Eax=236E68C Ebx=271E2F0 Ecx=17 Edx=5CECC1B7 Edi=271E1F0 Esi=271E278 Ebp=236E620 Esp=236E600 Eip=771597D3

ADDR: 772A7B53 CODE: 746e jz 0x772a7bc3
Eax=FFFFFFFE Ebx=77235C18 Ecx=FFFFFFFF Edx=5CECC1B7 Edi=77235C1C Esi=FFFFFFFE Ebp=236E618 Esp=236E604 Eip=772A7B53

ADDR: 771594A4 CODE: 7458 jz 0x771594fe
Eax=64D7B29A Ebx=7649B498 Ecx=17 Edx=5CECC1B7 Edi=2 Esi=76E65A70 Ebp=236E65C Esp=236E644 Eip=771594A4

ADDR: 772F8DEB CODE: 730a jae 0x772f8df7
Eax=EDCCB4E Ebx=7649B498 Ecx=76E65A70 Edx=404000 Edi=2 Esi=76E65A70 Ebp=236E65C Esp=236E638 Eip=772F8DEB

ADDR: 772F09B7 CODE: 747f jz 0x772f0a38
Eax=2 Ebx=251AFB4 Ecx=76E65A70 Edx=251AFB4 Edi=2 Esi=76E65A70 Ebp=236E610 Esp=236E604 Eip=772F09B7

ADDR: 772F09BE CODE: 7378 jae 0x772f0a38
Eax=2 Ebx=251AFB4 Ecx=76E65A70 Edx=251AFB4 Edi=2 Esi=76E65A70 Ebp=236E610 Esp=236E604 Eip=772F09BE

ADDR: 76E65A83 CODE: 790d jns 0x76e65a92
Eax=0 Ebx=7649B498 Ecx=270A188 Edx=0 Edi=2 Esi=76E65A70 Ebp=236E634 Esp=236E634 Eip=76E65A83

ADDR: 77162C46 CODE: 740a jz 0x77162c52
Eax=0 Ebx=7649B498 Ecx=7669E530 Edx=0 Edi=76512870 Esi=7649B274 Ebp=236E6F0 Esp=236E6E4 Eip=77162C46

ADDR: 772F8DEB CODE: 730a jae 0x772f8df7
Eax=ECA250E Ebx=7649B498 Ecx=76512870 Edx=444444 Edi=76512870 Esi=7649B274 Ebp=236E6F0 Esp=236E6E0 Eip=772F8DEB

ADDR: 771595B4 CODE: 7458 jz 0x7715960e
Eax=64D7B29A Ebx=7649B498 Ecx=17 Edx=76A0C8DC Edi=2 Esi=76E65A70 Ebp=236E660 Esp=236E648 Eip=771595B4

ADDR: 772F8DEB CODE: 730a jae 0x772f8df7
Eax=EDCCB4E Ebx=7649B498 Ecx=76E65A70 Edx=404000 Edi=2 Esi=76E65A70 Ebp=236E660 Esp=236E63C Eip=772F8DEB

ADDR: 772F09B7 CODE: 747f jz 0x772f0a38
Eax=2 Ebx=251AFB4 Ecx=76E65A70 Edx=251AFB4 Edi=2 Esi=76E65A70 Ebp=236E614 Esp=236E608 Eip=772F09B7

ADDR: 772F09BE CODE: 7378 jae 0x772f0a38
Eax=2 Ebx=251AFB4 Ecx=76E65A70 Edx=251AFB4 Edi=2 Esi=76E65A70 Ebp=236E614 Esp=236E608 Eip=772F09BE

ADDR: 76E65A83 CODE: 790d jns 0x76e65a92
Eax=0 Ebx=7649B498 Ecx=270A188 Edx=0 Edi=2 Esi=76E65A70 Ebp=236E638 Esp=236E638 Eip=76E65A83

ADDR: 771590DC CODE: 7454 jz 0x77159132
Eax=CD7B337 Ebx=7649B498 Ecx=17 Edx=0 Edi=2 Esi=76E500A0 Ebp=236E6AC Esp=236E650 Eip=771590DC

ADDR: 772F8DEB CODE: 730a jae 0x772f8df7
Eax=EDCA014 Ebx=7649B498 Ecx=76E500A0 Edx=104000 Edi=2 Esi=76E500A0 Ebp=236E6AC Esp=236E648 Eip=772F8DEB

ADDR: 772EC686 CODE: 743c jz 0x772ec6c4
Eax=2 Ebx=7649B498 Ecx=270A180 Edx=104000 Edi=2 Esi=251A000 Ebp=236E62C Esp=236E62C Eip=772EC686

ADDR: 772EC68D CODE: 7335 jae 0x772ec6c4
Eax=2 Ebx=7649B498 Ecx=270A180 Edx=104000 Edi=2 Esi=251A000 Ebp=236E62C Esp=236E62C Eip=772EC68D

ADDR: 772EC6AC CODE: 740c jz 0x772ec6ba
Eax=270CAA0 Ebx=7649B498 Ecx=270A180 Edx=0 Edi=2 Esi=2 Ebp=236E62C Esp=236E628 Eip=772EC6AC

ADDR: 772EC6B4 CODE: 7404 jz 0x772ec6ba
Eax=270CAAC Ebx=7649B498 Ecx=270A180 Edx=0 Edi=2 Esi=2 Ebp=236E62C Esp=236E628 Eip=772EC6B4

ADDR: 76E500BD CODE: 791c jns 0x76e500db
Eax=0 Ebx=7649B498 Ecx=236E640 Edx=0 Edi=2 Esi=251A000 Ebp=236E644 Esp=236E63C Eip=76E500BD

ADDR: 772AE69A CODE: 7315 jae 0x772ae6b1
Eax=77235C1C Ebx=7649B498 Ecx=77235C18 Edx=251A000 Edi=76512870 Esi=76A0C8DC Ebp=236E61C Esp=236E618 Eip=772AE69A

ADDR: 771597A6 CODE: 0f8454720500 jz 0x771b0a00
Eax=236E68C Ebx=76A0C8DC Ecx=236E678 Edx=251A000 Edi=76512870 Esi=76A0C8DC Ebp=236E620 Esp=236E600 Eip=771597A6

ADDR: 771597D3 CODE: 7479 jz 0x7715984e
Eax=236E68C Ebx=271E2F0 Ecx=17 Edx=5CECC1B7 Edi=271E1F0 Esi=271E27C Ebp=236E620 Esp=236E600 Eip=771597D3

ADDR: 772A7B53 CODE: 746e jz 0x772a7bc3
Eax=FFFFFFFE Ebx=77235C18 Ecx=FFFFFFFF Edx=5CECC1B7 Edi=77235C1C Esi=FFFFFFFE Ebp=236E618 Esp=236E604 Eip=772A7B53

ADDR: 771594A4 CODE: 7458 jz 0x771594fe
Eax=64D7B29A Ebx=7649B498 Ecx=17 Edx=5CECC1B7 Edi=2 Esi=76E65A70 Ebp=236E65C Esp=236E644 Eip=771594A4

ADDR: 772F8DEB CODE: 730a jae 0x772f8df7
Eax=EDCCB4E Ebx=7649B498 Ecx=76E65A70 Edx=404000 Edi=2 Esi=76E65A70 Ebp=236E65C Esp=236E638 Eip=772F8DEB

ADDR: 772F09B7 CODE: 747f jz 0x772f0a38
Eax=2 Ebx=251AFB4 Ecx=76E65A70 Edx=251AFB4 Edi=2 Esi=76E65A70 Ebp=236E610 Esp=236E604 Eip=772F09B7

ADDR: 772F09BE CODE: 7378 jae 0x772f0a38
Eax=2 Ebx=251AFB4 Ecx=76E65A70 Edx=251AFB4 Edi=2 Esi=76E65A70 Ebp=236E610 Esp=236E604 Eip=772F09BE

ADDR: 76E65A83 CODE: 790d jns 0x76e65a92
Eax=0 Ebx=7649B498 Ecx=270A188 Edx=0 Edi=2 Esi=76E65A70 Ebp=236E634 Esp=236E634 Eip=76E65A83

ADDR: 77162C46 CODE: 740a jz 0x77162c52
Eax=0 Ebx=7649B498 Ecx=7669E520 Edx=0 Edi=76512890 Esi=7649B278 Ebp=236E6F0 Esp=236E6E4 Eip=77162C46

ADDR: 772F8DEB CODE: 730a jae 0x772f8df7
Eax=ECA2512 Ebx=7649B498 Ecx=76512890 Edx=444444 Edi=76512890 Esi=7649B278 Ebp=236E6F0 Esp=236E6E0 Eip=772F8DEB

ADDR: 771595B4 CODE: 7458 jz 0x7715960e
Eax=64D7B29A Ebx=7649B498 Ecx=17 Edx=76A0C8DC Edi=2 Esi=76E65A70 Ebp=236E660 Esp=236E648 Eip=771595B4

ADDR: 772F8DEB CODE: 730a jae 0x772f8df7
Eax=EDCCB4E Ebx=7649B498 Ecx=76E65A70 Edx=404000 Edi=2 Esi=76E65A70 Ebp=236E660 Esp=236E63C Eip=772F8DEB

ADDR: 772F09B7 CODE: 747f jz 0x772f0a38
Eax=2 Ebx=251AFB4 Ecx=76E65A70 Edx=251AFB4 Edi=2 Esi=76E65A70 Ebp=236E614 Esp=236E608 Eip=772F09B7

ADDR: 772F09BE CODE: 7378 jae 0x772f0a38
Eax=2 Ebx=251AFB4 Ecx=76E65A70 Edx=251AFB4 Edi=2 Esi=76E65A70 Ebp=236E614 Esp=236E608 Eip=772F09BE

ADDR: 76E65A83 CODE: 790d jns 0x76e65a92
Eax=0 Ebx=7649B498 Ecx=270A188 Edx=0 Edi=2 Esi=76E65A70 Ebp=236E638 Esp=236E638 Eip=76E65A83

ADDR: 771590DC CODE: 7454 jz 0x77159132
Eax=CD7B337 Ebx=7649B498 Ecx=17 Edx=0 Edi=2 Esi=76E500A0 Ebp=236E6AC Esp=236E650 Eip=771590DC

ADDR: 772F8DEB CODE: 730a jae 0x772f8df7
Eax=EDCA014 Ebx=7649B498 Ecx=76E500A0 Edx=104000 Edi=2 Esi=76E500A0 Ebp=236E6AC Esp=236E648 Eip=772F8DEB

ADDR: 772EC686 CODE: 743c jz 0x772ec6c4
Eax=2 Ebx=7649B498 Ecx=270A180 Edx=104000 Edi=2 Esi=251A000 Ebp=236E62C Esp=236E62C Eip=772EC686

ADDR: 772EC68D CODE: 7335 jae 0x772ec6c4
Eax=2 Ebx=7649B498 Ecx=270A180 Edx=104000 Edi=2 Esi=251A000 Ebp=236E62C Esp=236E62C Eip=772EC68D

ADDR: 772EC6AC CODE: 740c jz 0x772ec6ba
Eax=270CAA0 Ebx=7649B498 Ecx=270A180 Edx=0 Edi=2 Esi=2 Ebp=236E62C Esp=236E628 Eip=772EC6AC

ADDR: 772EC6B4 CODE: 7404 jz 0x772ec6ba
Eax=270CAAC Ebx=7649B498 Ecx=270A180 Edx=0 Edi=2 Esi=2 Ebp=236E62C Esp=236E628 Eip=772EC6B4

ADDR: 76E500BD CODE: 791c jns 0x76e500db
Eax=0 Ebx=7649B498 Ecx=236E640 Edx=0 Edi=2 Esi=251A000 Ebp=236E644 Esp=236E63C Eip=76E500BD

ADDR: 772AE69A CODE: 7315 jae 0x772ae6b1
Eax=77235C1C Ebx=7649B498 Ecx=77235C18 Edx=251A000 Edi=76512890 Esi=76A0C8DC Ebp=236E61C Esp=236E618 Eip=772AE69A

ADDR: 771597A6 CODE: 0f8454720500 jz 0x771b0a00
Eax=236E68C Ebx=76A0C8DC Ecx=236E678 Edx=251A000 Edi=76512890 Esi=76A0C8DC Ebp=236E620 Esp=236E600 Eip=771597A6

ADDR: 771597D3 CODE: 7479 jz 0x7715984e
Eax=236E68C Ebx=271E2F0 Ecx=17 Edx=5CECC1B7 Edi=271E1F0 Esi=271E280 Ebp=236E620 Esp=236E600 Eip=771597D3

ADDR: 772A7B53 CODE: 746e jz 0x772a7bc3
Eax=FFFFFFFE Ebx=77235C18 Ecx=FFFFFFFF Edx=5CECC1B7 Edi=77235C1C Esi=FFFFFFFE Ebp=236E618 Esp=236E604 Eip=772A7B53

ADDR: 771594A4 CODE: 7458 jz 0x771594fe
Eax=64D7B29A Ebx=7649B498 Ecx=17 Edx=5CECC1B7 Edi=2 Esi=76E65A70 Ebp=236E65C Esp=236E644 Eip=771594A4

ADDR: 772F8DEB CODE: 730a jae 0x772f8df7
Eax=EDCCB4E Ebx=7649B498 Ecx=76E65A70 Edx=404000 Edi=2 Esi=76E65A70 Ebp=236E65C Esp=236E638 Eip=772F8DEB

ADDR: 772F09B7 CODE: 747f jz 0x772f0a38
Eax=2 Ebx=251AFB4 Ecx=76E65A70 Edx=251AFB4 Edi=2 Esi=76E65A70 Ebp=236E610 Esp=236E604 Eip=772F09B7

ADDR: 772F09BE CODE: 7378 jae 0x772f0a38
Eax=2 Ebx=251AFB4 Ecx=76E65A70 Edx=251AFB4 Edi=2 Esi=76E65A70 Ebp=236E610 Esp=236E604 Eip=772F09BE

ADDR: 76E65A83 CODE: 790d jns 0x76e65a92
Eax=0 Ebx=7649B498 Ecx=270A188 Edx=0 Edi=2 Esi=76E65A70 Ebp=236E634 Esp=236E634 Eip=76E65A83

ADDR: 77162C46 CODE: 740a jz 0x77162c52
Eax=0 Ebx=7649B498 Ecx=7669E540 Edx=0 Edi=765128B0 Esi=7649B27C Ebp=236E6F0 Esp=236E6E4 Eip=77162C46

ADDR: 772F8DEB CODE: 730a jae 0x772f8df7
Eax=ECA2516 Ebx=7649B498 Ecx=765128B0 Edx=444444 Edi=765128B0 Esi=7649B27C Ebp=236E6F0 Esp=236E6E0 Eip=772F8DEB

ADDR: 77162C46 CODE: 740a jz 0x77162c52
Eax=5 Ebx=7649B498 Ecx=0 Edx=444444 Edi=76512930 Esi=7649B280 Ebp=236E6F0 Esp=236E6E4 Eip=77162C46

ADDR: 772F8DEB CODE: 730a jae 0x772f8df7
Eax=ECA2526 Ebx=7649B498 Ecx=76512930 Edx=44444440 Edi=76512930 Esi=7649B280 Ebp=236E6F0 Esp=236E6E0 Eip=772F8DEB

ADDR: 771595B4 CODE: 7458 jz 0x7715960e
Eax=64D7B29A Ebx=7649B498 Ecx=17 Edx=76A0C8DC Edi=2 Esi=76E65A70 Ebp=236E660 Esp=236E648 Eip=771595B4

ADDR: 772F8DEB CODE: 730a jae 0x772f8df7
Eax=EDCCB4E Ebx=7649B498 Ecx=76E65A70 Edx=404000 Edi=2 Esi=76E65A70 Ebp=236E660 Esp=236E63C Eip=772F8DEB

ADDR: 772F09B7 CODE: 747f jz 0x772f0a38
Eax=2 Ebx=251AFB4 Ecx=76E65A70 Edx=251AFB4 Edi=2 Esi=76E65A70 Ebp=236E614 Esp=236E608 Eip=772F09B7

ADDR: 772F09BE CODE: 7378 jae 0x772f0a38
Eax=2 Ebx=251AFB4 Ecx=76E65A70 Edx=251AFB4 Edi=2 Esi=76E65A70 Ebp=236E614 Esp=236E608 Eip=772F09BE

ADDR: 76E65A83 CODE: 790d jns 0x76e65a92
Eax=0 Ebx=7649B498 Ecx=270A188 Edx=0 Edi=2 Esi=76E65A70 Ebp=236E638 Esp=236E638 Eip=76E65A83

ADDR: 771590DC CODE: 7454 jz 0x77159132
Eax=CD7B337 Ebx=7649B498 Ecx=17 Edx=0 Edi=2 Esi=76E500A0 Ebp=236E6AC Esp=236E650 Eip=771590DC

ADDR: 772F8DEB CODE: 730a jae 0x772f8df7
Eax=EDCA014 Ebx=7649B498 Ecx=76E500A0 Edx=104000 Edi=2 Esi=76E500A0 Ebp=236E6AC Esp=236E648 Eip=772F8DEB

ADDR: 772EC686 CODE: 743c jz 0x772ec6c4
Eax=2 Ebx=7649B498 Ecx=270A180 Edx=104000 Edi=2 Esi=251A000 Ebp=236E62C Esp=236E62C Eip=772EC686

ADDR: 772EC68D CODE: 7335 jae 0x772ec6c4
Eax=2 Ebx=7649B498 Ecx=270A180 Edx=104000 Edi=2 Esi=251A000 Ebp=236E62C Esp=236E62C Eip=772EC68D

ADDR: 772EC6AC CODE: 740c jz 0x772ec6ba
Eax=270CAA0 Ebx=7649B498 Ecx=270A180 Edx=0 Edi=2 Esi=2 Ebp=236E62C Esp=236E628 Eip=772EC6AC

ADDR: 772EC6B4 CODE: 7404 jz 0x772ec6ba
Eax=270CAAC Ebx=7649B498 Ecx=270A180 Edx=0 Edi=2 Esi=2 Ebp=236E62C Esp=236E628 Eip=772EC6B4

ADDR: 76E500BD CODE: 791c jns 0x76e500db
Eax=0 Ebx=7649B498 Ecx=236E640 Edx=0 Edi=2 Esi=251A000 Ebp=236E644 Esp=236E63C Eip=76E500BD

ADDR: 772AE69A CODE: 7315 jae 0x772ae6b1
Eax=77235C1C Ebx=7649B498 Ecx=77235C18 Edx=251A000 Edi=76512930 Esi=76A0C8DC Ebp=236E61C Esp=236E618 Eip=772AE69A

ADDR: 771597A6 CODE: 0f8454720500 jz 0x771b0a00
Eax=236E68C Ebx=76A0C8DC Ecx=236E678 Edx=251A000 Edi=76512930 Esi=76A0C8DC Ebp=236E620 Esp=236E600 Eip=771597A6

ADDR: 771597D3 CODE: 7479 jz 0x7715984e
Eax=236E68C Ebx=271E2F0 Ecx=17 Edx=5CECC1B7 Edi=271E1F0 Esi=271E284 Ebp=236E620 Esp=236E600 Eip=771597D3

ADDR: 772A7B53 CODE: 746e jz 0x772a7bc3
Eax=FFFFFFFE Ebx=77235C18 Ecx=FFFFFFFF Edx=5CECC1B7 Edi=77235C1C Esi=FFFFFFFE Ebp=236E618 Esp=236E604 Eip=772A7B53

ADDR: 771594A4 CODE: 7458 jz 0x771594fe
Eax=64D7B29A Ebx=7649B498 Ecx=17 Edx=5CECC1B7 Edi=2 Esi=76E65A70 Ebp=236E65C Esp=236E644 Eip=771594A4

ADDR: 772F8DEB CODE: 730a jae 0x772f8df7
Eax=EDCCB4E Ebx=7649B498 Ecx=76E65A70 Edx=404000 Edi=2 Esi=76E65A70 Ebp=236E65C Esp=236E638 Eip=772F8DEB

ADDR: 772F09B7 CODE: 747f jz 0x772f0a38
Eax=2 Ebx=251AFB4 Ecx=76E65A70 Edx=251AFB4 Edi=2 Esi=76E65A70 Ebp=236E610 Esp=236E604 Eip=772F09B7

ADDR: 772F09BE CODE: 7378 jae 0x772f0a38
Eax=2 Ebx=251AFB4 Ecx=76E65A70 Edx=251AFB4 Edi=2 Esi=76E65A70 Ebp=236E610 Esp=236E604 Eip=772F09BE

ADDR: 76E65A83 CODE: 790d jns 0x76e65a92
Eax=0 Ebx=7649B498 Ecx=270A188 Edx=0 Edi=2 Esi=76E65A70 Ebp=236E634 Esp=236E634 Eip=76E65A83

ADDR: 77162C46 CODE: 740a jz 0x77162c52
Eax=0 Ebx=7649B498 Ecx=7669E550 Edx=0 Edi=76512950 Esi=7649B284 Ebp=236E6F0 Esp=236E6E4 Eip=77162C46

ADDR: 772F8DEB CODE: 730a jae 0x772f8df7
Eax=ECA252A Ebx=7649B498 Ecx=76512950 Edx=44444440 Edi=76512950 Esi=7649B284 Ebp=236E6F0 Esp=236E6E0 Eip=772F8DEB

ADDR: 771595B4 CODE: 7458 jz 0x7715960e
Eax=64D7B29A Ebx=7649B498 Ecx=17 Edx=76A0C8DC Edi=2 Esi=76E65A70 Ebp=236E660 Esp=236E648 Eip=771595B4

ADDR: 772F8DEB CODE: 730a jae 0x772f8df7
Eax=EDCCB4E Ebx=7649B498 Ecx=76E65A70 Edx=404000 Edi=2 Esi=76E65A70 Ebp=236E660 Esp=236E63C Eip=772F8DEB

ADDR: 772F09B7 CODE: 747f jz 0x772f0a38
Eax=2 Ebx=251AFB4 Ecx=76E65A70 Edx=251AFB4 Edi=2 Esi=76E65A70 Ebp=236E614 Esp=236E608 Eip=772F09B7

ADDR: 772F09BE CODE: 7378 jae 0x772f0a38
Eax=2 Ebx=251AFB4 Ecx=76E65A70 Edx=251AFB4 Edi=2 Esi=76E65A70 Ebp=236E614 Esp=236E608 Eip=772F09BE

ADDR: 76E65A83 CODE: 790d jns 0x76e65a92
Eax=0 Ebx=7649B498 Ecx=270A188 Edx=0 Edi=2 Esi=76E65A70 Ebp=236E638 Esp=236E638 Eip=76E65A83

ADDR: 771590DC CODE: 7454 jz 0x77159132
Eax=CD7B337 Ebx=7649B498 Ecx=17 Edx=0 Edi=2 Esi=76E500A0 Ebp=236E6AC Esp=236E650 Eip=771590DC

ADDR: 772F8DEB CODE: 730a jae 0x772f8df7
Eax=EDCA014 Ebx=7649B498 Ecx=76E500A0 Edx=104000 Edi=2 Esi=76E500A0 Ebp=236E6AC Esp=236E648 Eip=772F8DEB

ADDR: 772EC686 CODE: 743c jz 0x772ec6c4
Eax=2 Ebx=7649B498 Ecx=270A180 Edx=104000 Edi=2 Esi=251A000 Ebp=236E62C Esp=236E62C Eip=772EC686

ADDR: 772EC68D CODE: 7335 jae 0x772ec6c4
Eax=2 Ebx=7649B498 Ecx=270A180 Edx=104000 Edi=2 Esi=251A000 Ebp=236E62C Esp=236E62C Eip=772EC68D

ADDR: 772EC6AC CODE: 740c jz 0x772ec6ba
Eax=270CAA0 Ebx=7649B498 Ecx=270A180 Edx=0 Edi=2 Esi=2 Ebp=236E62C Esp=236E628 Eip=772EC6AC

ADDR: 772EC6B4 CODE: 7404 jz 0x772ec6ba
Eax=270CAAC Ebx=7649B498 Ecx=270A180 Edx=0 Edi=2 Esi=2 Ebp=236E62C Esp=236E628 Eip=772EC6B4

ADDR: 76E500BD CODE: 791c jns 0x76e500db
Eax=0 Ebx=7649B498 Ecx=236E640 Edx=0 Edi=2 Esi=251A000 Ebp=236E644 Esp=236E63C Eip=76E500BD

ADDR: 772AE69A CODE: 7315 jae 0x772ae6b1
Eax=77235C1C Ebx=7649B498 Ecx=77235C18 Edx=251A000 Edi=76512950 Esi=76A0C8DC Ebp=236E61C Esp=236E618 Eip=772AE69A

ADDR: 771597A6 CODE: 0f8454720500 jz 0x771b0a00
Eax=236E68C Ebx=76A0C8DC Ecx=236E678 Edx=251A000 Edi=76512950 Esi=76A0C8DC Ebp=236E620 Esp=236E600 Eip=771597A6

ADDR: 771597D3 CODE: 7479 jz 0x7715984e
Eax=236E68C Ebx=271E2F0 Ecx=17 Edx=5CECC1B7 Edi=271E1F0 Esi=271E288 Ebp=236E620 Esp=236E600 Eip=771597D3

ADDR: 772A7B53 CODE: 746e jz 0x772a7bc3
Eax=FFFFFFFE Ebx=77235C18 Ecx=FFFFFFFF Edx=5CECC1B7 Edi=77235C1C Esi=FFFFFFFE Ebp=236E618 Esp=236E604 Eip=772A7B53

ADDR: 771594A4 CODE: 7458 jz 0x771594fe
Eax=64D7B29A Ebx=7649B498 Ecx=17 Edx=5CECC1B7 Edi=2 Esi=76E65A70 Ebp=236E65C Esp=236E644 Eip=771594A4

ADDR: 772F8DEB CODE: 730a jae 0x772f8df7
Eax=EDCCB4E Ebx=7649B498 Ecx=76E65A70 Edx=404000 Edi=2 Esi=76E65A70 Ebp=236E65C Esp=236E638 Eip=772F8DEB

ADDR: 772F09B7 CODE: 747f jz 0x772f0a38
Eax=2 Ebx=251AFB4 Ecx=76E65A70 Edx=251AFB4 Edi=2 Esi=76E65A70 Ebp=236E610 Esp=236E604 Eip=772F09B7

ADDR: 772F09BE CODE: 7378 jae 0x772f0a38
Eax=2 Ebx=251AFB4 Ecx=76E65A70 Edx=251AFB4 Edi=2 Esi=76E65A70 Ebp=236E610 Esp=236E604 Eip=772F09BE

ADDR: 76E65A83 CODE: 790d jns 0x76e65a92
Eax=0 Ebx=7649B498 Ecx=270A188 Edx=0 Edi=2 Esi=76E65A70 Ebp=236E634 Esp=236E634 Eip=76E65A83

ADDR: 77162C46 CODE: 740a jz 0x77162c52
Eax=0 Ebx=7649B498 Ecx=7669E560 Edx=0 Edi=76512970 Esi=7649B288 Ebp=236E6F0 Esp=236E6E4 Eip=77162C46

ADDR: 772F8DEB CODE: 730a jae 0x772f8df7
Eax=ECA252E Ebx=7649B498 Ecx=76512970 Edx=44444440 Edi=76512970 Esi=7649B288 Ebp=236E6F0 Esp=236E6E0 Eip=772F8DEB

ADDR: 771595B4 CODE: 7458 jz 0x7715960e
Eax=64D7B29A Ebx=7649B498 Ecx=17 Edx=76A0C8DC Edi=2 Esi=76E65A70 Ebp=236E660 Esp=236E648 Eip=771595B4

ADDR: 772F8DEB CODE: 730a jae 0x772f8df7
Eax=EDCCB4E Ebx=7649B498 Ecx=76E65A70 Edx=404000 Edi=2 Esi=76E65A70 Ebp=236E660 Esp=236E63C Eip=772F8DEB

ADDR: 772F09B7 CODE: 747f jz 0x772f0a38
Eax=2 Ebx=251AFB4 Ecx=76E65A70 Edx=251AFB4 Edi=2 Esi=76E65A70 Ebp=236E614 Esp=236E608 Eip=772F09B7

ADDR: 772F09BE CODE: 7378 jae 0x772f0a38
Eax=2 Ebx=251AFB4 Ecx=76E65A70 Edx=251AFB4 Edi=2 Esi=76E65A70 Ebp=236E614 Esp=236E608 Eip=772F09BE

ADDR: 76E65A83 CODE: 790d jns 0x76e65a92
Eax=0 Ebx=7649B498 Ecx=270A188 Edx=0 Edi=2 Esi=76E65A70 Ebp=236E638 Esp=236E638 Eip=76E65A83

ADDR: 771590DC CODE: 7454 jz 0x77159132
Eax=CD7B337 Ebx=7649B498 Ecx=17 Edx=0 Edi=2 Esi=76E500A0 Ebp=236E6AC Esp=236E650 Eip=771590DC

ADDR: 772F8DEB CODE: 730a jae 0x772f8df7
Eax=EDCA014 Ebx=7649B498 Ecx=76E500A0 Edx=104000 Edi=2 Esi=76E500A0 Ebp=236E6AC Esp=236E648 Eip=772F8DEB

ADDR: 772EC686 CODE: 743c jz 0x772ec6c4
Eax=2 Ebx=7649B498 Ecx=270A180 Edx=104000 Edi=2 Esi=251A000 Ebp=236E62C Esp=236E62C Eip=772EC686

ADDR: 772EC68D CODE: 7335 jae 0x772ec6c4
Eax=2 Ebx=7649B498 Ecx=270A180 Edx=104000 Edi=2 Esi=251A000 Ebp=236E62C Esp=236E62C Eip=772EC68D

ADDR: 772EC6AC CODE: 740c jz 0x772ec6ba
Eax=270CAA0 Ebx=7649B498 Ecx=270A180 Edx=0 Edi=2 Esi=2 Ebp=236E62C Esp=236E628 Eip=772EC6AC

ADDR: 772EC6B4 CODE: 7404 jz 0x772ec6ba
Eax=270CAAC Ebx=7649B498 Ecx=270A180 Edx=0 Edi=2 Esi=2 Ebp=236E62C Esp=236E628 Eip=772EC6B4

ADDR: 76E500BD CODE: 791c jns 0x76e500db
Eax=0 Ebx=7649B498 Ecx=236E640 Edx=0 Edi=2 Esi=251A000 Ebp=236E644 Esp=236E63C Eip=76E500BD

ADDR: 772AE69A CODE: 7315 jae 0x772ae6b1
Eax=77235C1C Ebx=7649B498 Ecx=77235C18 Edx=251A000 Edi=76512970 Esi=76A0C8DC Ebp=236E61C Esp=236E618 Eip=772AE69A

ADDR: 771597A6 CODE: 0f8454720500 jz 0x771b0a00
Eax=236E68C Ebx=76A0C8DC Ecx=236E678 Edx=251A000 Edi=76512970 Esi=76A0C8DC Ebp=236E620 Esp=236E600 Eip=771597A6

ADDR: 771597D3 CODE: 7479 jz 0x7715984e
Eax=236E68C Ebx=271E2F0 Ecx=17 Edx=5CECC1B7 Edi=271E1F0 Esi=271E28C Ebp=236E620 Esp=236E600 Eip=771597D3

ADDR: 772A7B53 CODE: 746e jz 0x772a7bc3
Eax=FFFFFFFE Ebx=77235C18 Ecx=FFFFFFFF Edx=5CECC1B7 Edi=77235C1C Esi=FFFFFFFE Ebp=236E618 Esp=236E604 Eip=772A7B53

ADDR: 771594A4 CODE: 7458 jz 0x771594fe
Eax=64D7B29A Ebx=7649B498 Ecx=17 Edx=5CECC1B7 Edi=2 Esi=76E65A70 Ebp=236E65C Esp=236E644 Eip=771594A4

ADDR: 772F8DEB CODE: 730a jae 0x772f8df7
Eax=EDCCB4E Ebx=7649B498 Ecx=76E65A70 Edx=404000 Edi=2 Esi=76E65A70 Ebp=236E65C Esp=236E638 Eip=772F8DEB

ADDR: 772F09B7 CODE: 747f jz 0x772f0a38
Eax=2 Ebx=251AFB4 Ecx=76E65A70 Edx=251AFB4 Edi=2 Esi=76E65A70 Ebp=236E610 Esp=236E604 Eip=772F09B7

ADDR: 772F09BE CODE: 7378 jae 0x772f0a38
Eax=2 Ebx=251AFB4 Ecx=76E65A70 Edx=251AFB4 Edi=2 Esi=76E65A70 Ebp=236E610 Esp=236E604 Eip=772F09BE

ADDR: 76E65A83 CODE: 790d jns 0x76e65a92
Eax=0 Ebx=7649B498 Ecx=270A188 Edx=0 Edi=2 Esi=76E65A70 Ebp=236E634 Esp=236E634 Eip=76E65A83

ADDR: 77162C46 CODE: 740a jz 0x77162c52
Eax=0 Ebx=7649B498 Ecx=7669E570 Edx=0 Edi=76512990 Esi=7649B28C Ebp=236E6F0 Esp=236E6E4 Eip=77162C46

ADDR: 772F8DEB CODE: 730a jae 0x772f8df7
Eax=ECA2532 Ebx=7649B498 Ecx=76512990 Edx=44444440 Edi=76512990 Esi=7649B28C Ebp=236E6F0 Esp=236E6E0 Eip=772F8DEB

ADDR: 771595B4 CODE: 7458 jz 0x7715960e
Eax=64D7B29A Ebx=7649B498 Ecx=17 Edx=76A0C8DC Edi=2 Esi=76E65A70 Ebp=236E660 Esp=236E648 Eip=771595B4

ADDR: 772F8DEB CODE: 730a jae 0x772f8df7
Eax=EDCCB4E Ebx=7649B498 Ecx=76E65A70 Edx=404000 Edi=2 Esi=76E65A70 Ebp=236E660 Esp=236E63C Eip=772F8DEB

ADDR: 772F09B7 CODE: 747f jz 0x772f0a38
Eax=2 Ebx=251AFB4 Ecx=76E65A70 Edx=251AFB4 Edi=2 Esi=76E65A70 Ebp=236E614 Esp=236E608 Eip=772F09B7

ADDR: 772F09BE CODE: 7378 jae 0x772f0a38
Eax=2 Ebx=251AFB4 Ecx=76E65A70 Edx=251AFB4 Edi=2 Esi=76E65A70 Ebp=236E614 Esp=236E608 Eip=772F09BE

ADDR: 76E65A83 CODE: 790d jns 0x76e65a92
Eax=0 Ebx=7649B498 Ecx=270A188 Edx=0 Edi=2 Esi=76E65A70 Ebp=236E638 Esp=236E638 Eip=76E65A83

ADDR: 771590DC CODE: 7454 jz 0x77159132
Eax=CD7B337 Ebx=7649B498 Ecx=17 Edx=0 Edi=2 Esi=76E500A0 Ebp=236E6AC Esp=236E650 Eip=771590DC

ADDR: 772F8DEB CODE: 730a jae 0x772f8df7
Eax=EDCA014 Ebx=7649B498 Ecx=76E500A0 Edx=104000 Edi=2 Esi=76E500A0 Ebp=236E6AC Esp=236E648 Eip=772F8DEB

ADDR: 772EC686 CODE: 743c jz 0x772ec6c4
Eax=2 Ebx=7649B498 Ecx=270A180 Edx=104000 Edi=2 Esi=251A000 Ebp=236E62C Esp=236E62C Eip=772EC686

ADDR: 772EC68D CODE: 7335 jae 0x772ec6c4
Eax=2 Ebx=7649B498 Ecx=270A180 Edx=104000 Edi=2 Esi=251A000 Ebp=236E62C Esp=236E62C Eip=772EC68D

ADDR: 772EC6AC CODE: 740c jz 0x772ec6ba
Eax=270CAA0 Ebx=7649B498 Ecx=270A180 Edx=0 Edi=2 Esi=2 Ebp=236E62C Esp=236E628 Eip=772EC6AC

ADDR: 772EC6B4 CODE: 7404 jz 0x772ec6ba
Eax=270CAAC Ebx=7649B498 Ecx=270A180 Edx=0 Edi=2 Esi=2 Ebp=236E62C Esp=236E628 Eip=772EC6B4

ADDR: 76E500BD CODE: 791c jns 0x76e500db
Eax=0 Ebx=7649B498 Ecx=236E640 Edx=0 Edi=2 Esi=251A000 Ebp=236E644 Esp=236E63C Eip=76E500BD

ADDR: 772AE69A CODE: 7315 jae 0x772ae6b1
Eax=77235C1C Ebx=7649B498 Ecx=77235C18 Edx=251A000 Edi=76512990 Esi=76A0C8DC Ebp=236E61C Esp=236E618 Eip=772AE69A

ADDR: 771597A6 CODE: 0f8454720500 jz 0x771b0a00
Eax=236E68C Ebx=76A0C8DC Ecx=236E678 Edx=251A000 Edi=76512990 Esi=76A0C8DC Ebp=236E620 Esp=236E600 Eip=771597A6

ADDR: 771597D3 CODE: 7479 jz 0x7715984e
Eax=236E68C Ebx=271E2F0 Ecx=17 Edx=5CECC1B7 Edi=271E1F0 Esi=271E290 Ebp=236E620 Esp=236E600 Eip=771597D3

ADDR: 772A7B53 CODE: 746e jz 0x772a7bc3
Eax=FFFFFFFE Ebx=77235C18 Ecx=FFFFFFFF Edx=5CECC1B7 Edi=77235C1C Esi=FFFFFFFE Ebp=236E618 Esp=236E604 Eip=772A7B53

ADDR: 771594A4 CODE: 7458 jz 0x771594fe
Eax=64D7B29A Ebx=7649B498 Ecx=17 Edx=5CECC1B7 Edi=2 Esi=76E65A70 Ebp=236E65C Esp=236E644 Eip=771594A4

ADDR: 772F8DEB CODE: 730a jae 0x772f8df7
Eax=EDCCB4E Ebx=7649B498 Ecx=76E65A70 Edx=404000 Edi=2 Esi=76E65A70 Ebp=236E65C Esp=236E638 Eip=772F8DEB

ADDR: 772F09B7 CODE: 747f jz 0x772f0a38
Eax=2 Ebx=251AFB4 Ecx=76E65A70 Edx=251AFB4 Edi=2 Esi=76E65A70 Ebp=236E610 Esp=236E604 Eip=772F09B7

ADDR: 772F09BE CODE: 7378 jae 0x772f0a38
Eax=2 Ebx=251AFB4 Ecx=76E65A70 Edx=251AFB4 Edi=2 Esi=76E65A70 Ebp=236E610 Esp=236E604 Eip=772F09BE

ADDR: 76E65A83 CODE: 790d jns 0x76e65a92
Eax=0 Ebx=7649B498 Ecx=270A188 Edx=0 Edi=2 Esi=76E65A70 Ebp=236E634 Esp=236E634 Eip=76E65A83

ADDR: 77162C46 CODE: 740a jz 0x77162c52
Eax=0 Ebx=7649B498 Ecx=7669E5A0 Edx=0 Edi=765129B0 Esi=7649B290 Ebp=236E6F0 Esp=236E6E4 Eip=77162C46

ADDR: 772F8DEB CODE: 730a jae 0x772f8df7
Eax=ECA2536 Ebx=7649B498 Ecx=765129B0 Edx=44444440 Edi=765129B0 Esi=7649B290 Ebp=236E6F0 Esp=236E6E0 Eip=772F8DEB

ADDR: 771595B4 CODE: 7458 jz 0x7715960e
Eax=64D7B29A Ebx=7649B498 Ecx=17 Edx=76A0C8DC Edi=2 Esi=76E65A70 Ebp=236E660 Esp=236E648 Eip=771595B4

ADDR: 772F8DEB CODE: 730a jae 0x772f8df7
Eax=EDCCB4E Ebx=7649B498 Ecx=76E65A70 Edx=404000 Edi=2 Esi=76E65A70 Ebp=236E660 Esp=236E63C Eip=772F8DEB

ADDR: 772F09B7 CODE: 747f jz 0x772f0a38
Eax=2 Ebx=251AFB4 Ecx=76E65A70 Edx=251AFB4 Edi=2 Esi=76E65A70 Ebp=236E614 Esp=236E608 Eip=772F09B7

ADDR: 772F09BE CODE: 7378 jae 0x772f0a38
Eax=2 Ebx=251AFB4 Ecx=76E65A70 Edx=251AFB4 Edi=2 Esi=76E65A70 Ebp=236E614 Esp=236E608 Eip=772F09BE

ADDR: 76E65A83 CODE: 790d jns 0x76e65a92
Eax=0 Ebx=7649B498 Ecx=270A188 Edx=0 Edi=2 Esi=76E65A70 Ebp=236E638 Esp=236E638 Eip=76E65A83

ADDR: 771590DC CODE: 7454 jz 0x77159132
Eax=CD7B337 Ebx=7649B498 Ecx=17 Edx=0 Edi=2 Esi=76E500A0 Ebp=236E6AC Esp=236E650 Eip=771590DC

ADDR: 772F8DEB CODE: 730a jae 0x772f8df7
Eax=EDCA014 Ebx=7649B498 Ecx=76E500A0 Edx=104000 Edi=2 Esi=76E500A0 Ebp=236E6AC Esp=236E648 Eip=772F8DEB

ADDR: 772EC686 CODE: 743c jz 0x772ec6c4
Eax=2 Ebx=7649B498 Ecx=270A180 Edx=104000 Edi=2 Esi=251A000 Ebp=236E62C Esp=236E62C Eip=772EC686

ADDR: 772EC68D CODE: 7335 jae 0x772ec6c4
Eax=2 Ebx=7649B498 Ecx=270A180 Edx=104000 Edi=2 Esi=251A000 Ebp=236E62C Esp=236E62C Eip=772EC68D

ADDR: 772EC6AC CODE: 740c jz 0x772ec6ba
Eax=270CAA0 Ebx=7649B498 Ecx=270A180 Edx=0 Edi=2 Esi=2 Ebp=236E62C Esp=236E628 Eip=772EC6AC

ADDR: 772EC6B4 CODE: 7404 jz 0x772ec6ba
Eax=270CAAC Ebx=7649B498 Ecx=270A180 Edx=0 Edi=2 Esi=2 Ebp=236E62C Esp=236E628 Eip=772EC6B4

ADDR: 76E500BD CODE: 791c jns 0x76e500db
Eax=0 Ebx=7649B498 Ecx=236E640 Edx=0 Edi=2 Esi=251A000 Ebp=236E644 Esp=236E63C Eip=76E500BD

ADDR: 772AE69A CODE: 7315 jae 0x772ae6b1
Eax=77235C1C Ebx=7649B498 Ecx=77235C18 Edx=251A000 Edi=765129B0 Esi=76A0C8DC Ebp=236E61C Esp=236E618 Eip=772AE69A

ADDR: 771597A6 CODE: 0f8454720500 jz 0x771b0a00
Eax=236E68C Ebx=76A0C8DC Ecx=236E678 Edx=251A000 Edi=765129B0 Esi=76A0C8DC Ebp=236E620 Esp=236E600 Eip=771597A6

ADDR: 771597D3 CODE: 7479 jz 0x7715984e
Eax=236E68C Ebx=271E2F0 Ecx=17 Edx=5CECC1B7 Edi=271E1F0 Esi=271E294 Ebp=236E620 Esp=236E600 Eip=771597D3

ADDR: 772A7B53 CODE: 746e jz 0x772a7bc3
Eax=FFFFFFFE Ebx=77235C18 Ecx=FFFFFFFF Edx=5CECC1B7 Edi=77235C1C Esi=FFFFFFFE Ebp=236E618 Esp=236E604 Eip=772A7B53

ADDR: 771594A4 CODE: 7458 jz 0x771594fe
Eax=64D7B29A Ebx=7649B498 Ecx=17 Edx=5CECC1B7 Edi=2 Esi=76E65A70 Ebp=236E65C Esp=236E644 Eip=771594A4

ADDR: 772F8DEB CODE: 730a jae 0x772f8df7
Eax=EDCCB4E Ebx=7649B498 Ecx=76E65A70 Edx=404000 Edi=2 Esi=76E65A70 Ebp=236E65C Esp=236E638 Eip=772F8DEB

ADDR: 772F09B7 CODE: 747f jz 0x772f0a38
Eax=2 Ebx=251AFB4 Ecx=76E65A70 Edx=251AFB4 Edi=2 Esi=76E65A70 Ebp=236E610 Esp=236E604 Eip=772F09B7

ADDR: 772F09BE CODE: 7378 jae 0x772f0a38
Eax=2 Ebx=251AFB4 Ecx=76E65A70 Edx=251AFB4 Edi=2 Esi=76E65A70 Ebp=236E610 Esp=236E604 Eip=772F09BE

ADDR: 76E65A83 CODE: 790d jns 0x76e65a92
Eax=0 Ebx=7649B498 Ecx=270A188 Edx=0 Edi=2 Esi=76E65A70 Ebp=236E634 Esp=236E634 Eip=76E65A83

ADDR: 77162C46 CODE: 740a jz 0x77162c52
Eax=0 Ebx=7649B498 Ecx=7669E5B0 Edx=0 Edi=765129D0 Esi=7649B294 Ebp=236E6F0 Esp=236E6E4 Eip=77162C46

ADDR: 772F8DEB CODE: 730a jae 0x772f8df7
Eax=ECA253A Ebx=7649B498 Ecx=765129D0 Edx=44444440 Edi=765129D0 Esi=7649B294 Ebp=236E6F0 Esp=236E6E0 Eip=772F8DEB

ADDR: 771595B4 CODE: 7458 jz 0x7715960e
Eax=64D7B29A Ebx=7649B498 Ecx=17 Edx=76A0C8DC Edi=2 Esi=76E65A70 Ebp=236E660 Esp=236E648 Eip=771595B4

ADDR: 772F8DEB CODE: 730a jae 0x772f8df7
Eax=EDCCB4E Ebx=7649B498 Ecx=76E65A70 Edx=404000 Edi=2 Esi=76E65A70 Ebp=236E660 Esp=236E63C Eip=772F8DEB

ADDR: 772F09B7 CODE: 747f jz 0x772f0a38
Eax=2 Ebx=251AFB4 Ecx=76E65A70 Edx=251AFB4 Edi=2 Esi=76E65A70 Ebp=236E614 Esp=236E608 Eip=772F09B7

ADDR: 772F09BE CODE: 7378 jae 0x772f0a38
Eax=2 Ebx=251AFB4 Ecx=76E65A70 Edx=251AFB4 Edi=2 Esi=76E65A70 Ebp=236E614 Esp=236E608 Eip=772F09BE

ADDR: 76E65A83 CODE: 790d jns 0x76e65a92
Eax=0 Ebx=7649B498 Ecx=270A188 Edx=0 Edi=2 Esi=76E65A70 Ebp=236E638 Esp=236E638 Eip=76E65A83

ADDR: 771590DC CODE: 7454 jz 0x77159132
Eax=CD7B337 Ebx=7649B498 Ecx=17 Edx=0 Edi=2 Esi=76E500A0 Ebp=236E6AC Esp=236E650 Eip=771590DC

ADDR: 772F8DEB CODE: 730a jae 0x772f8df7
Eax=EDCA014 Ebx=7649B498 Ecx=76E500A0 Edx=104000 Edi=2 Esi=76E500A0 Ebp=236E6AC Esp=236E648 Eip=772F8DEB

ADDR: 772EC686 CODE: 743c jz 0x772ec6c4
Eax=2 Ebx=7649B498 Ecx=270A180 Edx=104000 Edi=2 Esi=251A000 Ebp=236E62C Esp=236E62C Eip=772EC686

ADDR: 772EC68D CODE: 7335 jae 0x772ec6c4
Eax=2 Ebx=7649B498 Ecx=270A180 Edx=104000 Edi=2 Esi=251A000 Ebp=236E62C Esp=236E62C Eip=772EC68D

ADDR: 772EC6AC CODE: 740c jz 0x772ec6ba
Eax=270CAA0 Ebx=7649B498 Ecx=270A180 Edx=0 Edi=2 Esi=2 Ebp=236E62C Esp=236E628 Eip=772EC6AC

ADDR: 772EC6B4 CODE: 7404 jz 0x772ec6ba
Eax=270CAAC Ebx=7649B498 Ecx=270A180 Edx=0 Edi=2 Esi=2 Ebp=236E62C Esp=236E628 Eip=772EC6B4

ADDR: 76E500BD CODE: 791c jns 0x76e500db
Eax=0 Ebx=7649B498 Ecx=236E640 Edx=0 Edi=2 Esi=251A000 Ebp=236E644 Esp=236E63C Eip=76E500BD

ADDR: 772AE69A CODE: 7315 jae 0x772ae6b1
Eax=77235C1C Ebx=7649B498 Ecx=77235C18 Edx=251A000 Edi=765129D0 Esi=76A0C8DC Ebp=236E61C Esp=236E618 Eip=772AE69A

ADDR: 771597A6 CODE: 0f8454720500 jz 0x771b0a00
Eax=236E68C Ebx=76A0C8DC Ecx=236E678 Edx=251A000 Edi=765129D0 Esi=76A0C8DC Ebp=236E620 Esp=236E600 Eip=771597A6

ADDR: 771597D3 CODE: 7479 jz 0x7715984e
Eax=236E68C Ebx=271E2F0 Ecx=17 Edx=5CECC1B7 Edi=271E1F0 Esi=271E298 Ebp=236E620 Esp=236E600 Eip=771597D3

ADDR: 772A7B53 CODE: 746e jz 0x772a7bc3
Eax=FFFFFFFE Ebx=77235C18 Ecx=FFFFFFFF Edx=5CECC1B7 Edi=77235C1C Esi=FFFFFFFE Ebp=236E618 Esp=236E604 Eip=772A7B53

ADDR: 771594A4 CODE: 7458 jz 0x771594fe
Eax=64D7B29A Ebx=7649B498 Ecx=17 Edx=5CECC1B7 Edi=2 Esi=76E65A70 Ebp=236E65C Esp=236E644 Eip=771594A4

ADDR: 772F8DEB CODE: 730a jae 0x772f8df7
Eax=EDCCB4E Ebx=7649B498 Ecx=76E65A70 Edx=404000 Edi=2 Esi=76E65A70 Ebp=236E65C Esp=236E638 Eip=772F8DEB

ADDR: 772F09B7 CODE: 747f jz 0x772f0a38
Eax=2 Ebx=251AFB4 Ecx=76E65A70 Edx=251AFB4 Edi=2 Esi=76E65A70 Ebp=236E610 Esp=236E604 Eip=772F09B7

ADDR: 772F09BE CODE: 7378 jae 0x772f0a38
Eax=2 Ebx=251AFB4 Ecx=76E65A70 Edx=251AFB4 Edi=2 Esi=76E65A70 Ebp=236E610 Esp=236E604 Eip=772F09BE

ADDR: 76E65A83 CODE: 790d jns 0x76e65a92
Eax=0 Ebx=7649B498 Ecx=270A188 Edx=0 Edi=2 Esi=76E65A70 Ebp=236E634 Esp=236E634 Eip=76E65A83

ADDR: 77162C46 CODE: 740a jz 0x77162c52
Eax=0 Ebx=7649B498 Ecx=7669E5C0 Edx=0 Edi=76512A50 Esi=7649B298 Ebp=236E6F0 Esp=236E6E4 Eip=77162C46

ADDR: 772F8DEB CODE: 730a jae 0x772f8df7
Eax=ECA254A Ebx=7649B498 Ecx=76512A50 Edx=44444444 Edi=76512A50 Esi=7649B298 Ebp=236E6F0 Esp=236E6E0 Eip=772F8DEB

ADDR: 771595B4 CODE: 7458 jz 0x7715960e
Eax=64D7B29A Ebx=7649B498 Ecx=17 Edx=76A0C8DC Edi=2 Esi=76E65A70 Ebp=236E660 Esp=236E648 Eip=771595B4

ADDR: 772F8DEB CODE: 730a jae 0x772f8df7
Eax=EDCCB4E Ebx=7649B498 Ecx=76E65A70 Edx=404000 Edi=2 Esi=76E65A70 Ebp=236E660 Esp=236E63C Eip=772F8DEB

ADDR: 772F09B7 CODE: 747f jz 0x772f0a38
Eax=2 Ebx=251AFB4 Ecx=76E65A70 Edx=251AFB4 Edi=2 Esi=76E65A70 Ebp=236E614 Esp=236E608 Eip=772F09B7

ADDR: 772F09BE CODE: 7378 jae 0x772f0a38
Eax=2 Ebx=251AFB4 Ecx=76E65A70 Edx=251AFB4 Edi=2 Esi=76E65A70 Ebp=236E614 Esp=236E608 Eip=772F09BE

ADDR: 76E65A83 CODE: 790d jns 0x76e65a92
Eax=0 Ebx=7649B498 Ecx=270A188 Edx=0 Edi=2 Esi=76E65A70 Ebp=236E638 Esp=236E638 Eip=76E65A83

ADDR: 771590DC CODE: 7454 jz 0x77159132
Eax=CD7B337 Ebx=7649B498 Ecx=17 Edx=0 Edi=2 Esi=76E500A0 Ebp=236E6AC Esp=236E650 Eip=771590DC

ADDR: 772F8DEB CODE: 730a jae 0x772f8df7
Eax=EDCA014 Ebx=7649B498 Ecx=76E500A0 Edx=104000 Edi=2 Esi=76E500A0 Ebp=236E6AC Esp=236E648 Eip=772F8DEB

ADDR: 772EC686 CODE: 743c jz 0x772ec6c4
Eax=2 Ebx=7649B498 Ecx=270A180 Edx=104000 Edi=2 Esi=251A000 Ebp=236E62C Esp=236E62C Eip=772EC686

ADDR: 772EC68D CODE: 7335 jae 0x772ec6c4
Eax=2 Ebx=7649B498 Ecx=270A180 Edx=104000 Edi=2 Esi=251A000 Ebp=236E62C Esp=236E62C Eip=772EC68D

ADDR: 772EC6AC CODE: 740c jz 0x772ec6ba
Eax=270CAA0 Ebx=7649B498 Ecx=270A180 Edx=0 Edi=2 Esi=2 Ebp=236E62C Esp=236E628 Eip=772EC6AC

ADDR: 772EC6B4 CODE: 7404 jz 0x772ec6ba
Eax=270CAAC Ebx=7649B498 Ecx=270A180 Edx=0 Edi=2 Esi=2 Ebp=236E62C Esp=236E628 Eip=772EC6B4

ADDR: 76E500BD CODE: 791c jns 0x76e500db
Eax=0 Ebx=7649B498 Ecx=236E640 Edx=0 Edi=2 Esi=251A000 Ebp=236E644 Esp=236E63C Eip=76E500BD

ADDR: 772AE69A CODE: 7315 jae 0x772ae6b1
Eax=77235C1C Ebx=7649B498 Ecx=77235C18 Edx=251A000 Edi=76512A50 Esi=76A0C8DC Ebp=236E61C Esp=236E618 Eip=772AE69A

ADDR: 771597A6 CODE: 0f8454720500 jz 0x771b0a00
Eax=236E68C Ebx=76A0C8DC Ecx=236E678 Edx=251A000 Edi=76512A50 Esi=76A0C8DC Ebp=236E620 Esp=236E600 Eip=771597A6

ADDR: 771597D3 CODE: 7479 jz 0x7715984e
Eax=236E68C Ebx=271E2F0 Ecx=17 Edx=5CECC1B7 Edi=271E1F0 Esi=271E29C Ebp=236E620 Esp=236E600 Eip=771597D3

ADDR: 772A7B53 CODE: 746e jz 0x772a7bc3
Eax=FFFFFFFE Ebx=77235C18 Ecx=FFFFFFFF Edx=5CECC1B7 Edi=77235C1C Esi=FFFFFFFE Ebp=236E618 Esp=236E604 Eip=772A7B53

ADDR: 771594A4 CODE: 7458 jz 0x771594fe
Eax=64D7B29A Ebx=7649B498 Ecx=17 Edx=5CECC1B7 Edi=2 Esi=76E65A70 Ebp=236E65C Esp=236E644 Eip=771594A4

ADDR: 772F8DEB CODE: 730a jae 0x772f8df7
Eax=EDCCB4E Ebx=7649B498 Ecx=76E65A70 Edx=404000 Edi=2 Esi=76E65A70 Ebp=236E65C Esp=236E638 Eip=772F8DEB

ADDR: 772F09B7 CODE: 747f jz 0x772f0a38
Eax=2 Ebx=251AFB4 Ecx=76E65A70 Edx=251AFB4 Edi=2 Esi=76E65A70 Ebp=236E610 Esp=236E604 Eip=772F09B7

ADDR: 772F09BE CODE: 7378 jae 0x772f0a38
Eax=2 Ebx=251AFB4 Ecx=76E65A70 Edx=251AFB4 Edi=2 Esi=76E65A70 Ebp=236E610 Esp=236E604 Eip=772F09BE

ADDR: 76E65A83 CODE: 790d jns 0x76e65a92
Eax=0 Ebx=7649B498 Ecx=270A188 Edx=0 Edi=2 Esi=76E65A70 Ebp=236E634 Esp=236E634 Eip=76E65A83

ADDR: 77162C46 CODE: 740a jz 0x77162c52
Eax=0 Ebx=7649B498 Ecx=7669E600 Edx=0 Edi=76512A30 Esi=7649B29C Ebp=236E6F0 Esp=236E6E4 Eip=77162C46

ADDR: 772F8DEB CODE: 730a jae 0x772f8df7
Eax=ECA2546 Ebx=7649B498 Ecx=76512A30 Edx=44444444 Edi=76512A30 Esi=7649B29C Ebp=236E6F0 Esp=236E6E0 Eip=772F8DEB

ADDR: 771595B4 CODE: 7458 jz 0x7715960e
Eax=64D7B29A Ebx=7649B498 Ecx=17 Edx=76A0C8DC Edi=2 Esi=76E65A70 Ebp=236E660 Esp=236E648 Eip=771595B4

ADDR: 772F8DEB CODE: 730a jae 0x772f8df7
Eax=EDCCB4E Ebx=7649B498 Ecx=76E65A70 Edx=404000 Edi=2 Esi=76E65A70 Ebp=236E660 Esp=236E63C Eip=772F8DEB

ADDR: 772F09B7 CODE: 747f jz 0x772f0a38
Eax=2 Ebx=251AFB4 Ecx=76E65A70 Edx=251AFB4 Edi=2 Esi=76E65A70 Ebp=236E614 Esp=236E608 Eip=772F09B7

ADDR: 772F09BE CODE: 7378 jae 0x772f0a38
Eax=2 Ebx=251AFB4 Ecx=76E65A70 Edx=251AFB4 Edi=2 Esi=76E65A70 Ebp=236E614 Esp=236E608 Eip=772F09BE

ADDR: 76E65A83 CODE: 790d jns 0x76e65a92
Eax=0 Ebx=7649B498 Ecx=270A188 Edx=0 Edi=2 Esi=76E65A70 Ebp=236E638 Esp=236E638 Eip=76E65A83

ADDR: 771590DC CODE: 7454 jz 0x77159132
Eax=CD7B337 Ebx=7649B498 Ecx=17 Edx=0 Edi=2 Esi=76E500A0 Ebp=236E6AC Esp=236E650 Eip=771590DC

ADDR: 772F8DEB CODE: 730a jae 0x772f8df7
Eax=EDCA014 Ebx=7649B498 Ecx=76E500A0 Edx=104000 Edi=2 Esi=76E500A0 Ebp=236E6AC Esp=236E648 Eip=772F8DEB

ADDR: 772EC686 CODE: 743c jz 0x772ec6c4
Eax=2 Ebx=7649B498 Ecx=270A180 Edx=104000 Edi=2 Esi=251A000 Ebp=236E62C Esp=236E62C Eip=772EC686

ADDR: 772EC68D CODE: 7335 jae 0x772ec6c4
Eax=2 Ebx=7649B498 Ecx=270A180 Edx=104000 Edi=2 Esi=251A000 Ebp=236E62C Esp=236E62C Eip=772EC68D

ADDR: 772EC6AC CODE: 740c jz 0x772ec6ba
Eax=270CAA0 Ebx=7649B498 Ecx=270A180 Edx=0 Edi=2 Esi=2 Ebp=236E62C Esp=236E628 Eip=772EC6AC

ADDR: 772EC6B4 CODE: 7404 jz 0x772ec6ba
Eax=270CAAC Ebx=7649B498 Ecx=270A180 Edx=0 Edi=2 Esi=2 Ebp=236E62C Esp=236E628 Eip=772EC6B4

ADDR: 76E500BD CODE: 791c jns 0x76e500db
Eax=0 Ebx=7649B498 Ecx=236E640 Edx=0 Edi=2 Esi=251A000 Ebp=236E644 Esp=236E63C Eip=76E500BD

ADDR: 772AE69A CODE: 7315 jae 0x772ae6b1
Eax=77235C1C Ebx=7649B498 Ecx=77235C18 Edx=251A000 Edi=76512A30 Esi=76A0C8DC Ebp=236E61C Esp=236E618 Eip=772AE69A

ADDR: 771597A6 CODE: 0f8454720500 jz 0x771b0a00
Eax=236E68C Ebx=76A0C8DC Ecx=236E678 Edx=251A000 Edi=76512A30 Esi=76A0C8DC Ebp=236E620 Esp=236E600 Eip=771597A6

ADDR: 771597D3 CODE: 7479 jz 0x7715984e
Eax=236E68C Ebx=271E2F0 Ecx=17 Edx=5CECC1B7 Edi=271E1F0 Esi=271E2A0 Ebp=236E620 Esp=236E600 Eip=771597D3

ADDR: 772A7B53 CODE: 746e jz 0x772a7bc3
Eax=FFFFFFFE Ebx=77235C18 Ecx=FFFFFFFF Edx=5CECC1B7 Edi=77235C1C Esi=FFFFFFFE Ebp=236E618 Esp=236E604 Eip=772A7B53

ADDR: 771594A4 CODE: 7458 jz 0x771594fe
Eax=64D7B29A Ebx=7649B498 Ecx=17 Edx=5CECC1B7 Edi=2 Esi=76E65A70 Ebp=236E65C Esp=236E644 Eip=771594A4

ADDR: 772F8DEB CODE: 730a jae 0x772f8df7
Eax=EDCCB4E Ebx=7649B498 Ecx=76E65A70 Edx=404000 Edi=2 Esi=76E65A70 Ebp=236E65C Esp=236E638 Eip=772F8DEB

ADDR: 772F09B7 CODE: 747f jz 0x772f0a38
Eax=2 Ebx=251AFB4 Ecx=76E65A70 Edx=251AFB4 Edi=2 Esi=76E65A70 Ebp=236E610 Esp=236E604 Eip=772F09B7

ADDR: 772F09BE CODE: 7378 jae 0x772f0a38
Eax=2 Ebx=251AFB4 Ecx=76E65A70 Edx=251AFB4 Edi=2 Esi=76E65A70 Ebp=236E610 Esp=236E604 Eip=772F09BE

ADDR: 76E65A83 CODE: 790d jns 0x76e65a92
Eax=0 Ebx=7649B498 Ecx=270A188 Edx=0 Edi=2 Esi=76E65A70 Ebp=236E634 Esp=236E634 Eip=76E65A83

ADDR: 77162C46 CODE: 740a jz 0x77162c52
Eax=0 Ebx=7649B498 Ecx=7669E5D0 Edx=0 Edi=765129F0 Esi=7649B2A0 Ebp=236E6F0 Esp=236E6E4 Eip=77162C46

ADDR: 772F8DEB CODE: 730a jae 0x772f8df7
Eax=ECA253E Ebx=7649B498 Ecx=765129F0 Edx=44444440 Edi=765129F0 Esi=7649B2A0 Ebp=236E6F0 Esp=236E6E0 Eip=772F8DEB

ADDR: 771595B4 CODE: 7458 jz 0x7715960e
Eax=64D7B29A Ebx=7649B498 Ecx=17 Edx=76A0C8DC Edi=2 Esi=76E65A70 Ebp=236E660 Esp=236E648 Eip=771595B4

ADDR: 772F8DEB CODE: 730a jae 0x772f8df7
Eax=EDCCB4E Ebx=7649B498 Ecx=76E65A70 Edx=404000 Edi=2 Esi=76E65A70 Ebp=236E660 Esp=236E63C Eip=772F8DEB

ADDR: 772F09B7 CODE: 747f jz 0x772f0a38
Eax=2 Ebx=251AFB4 Ecx=76E65A70 Edx=251AFB4 Edi=2 Esi=76E65A70 Ebp=236E614 Esp=236E608 Eip=772F09B7

ADDR: 772F09BE CODE: 7378 jae 0x772f0a38
Eax=2 Ebx=251AFB4 Ecx=76E65A70 Edx=251AFB4 Edi=2 Esi=76E65A70 Ebp=236E614 Esp=236E608 Eip=772F09BE

ADDR: 76E65A83 CODE: 790d jns 0x76e65a92
Eax=0 Ebx=7649B498 Ecx=270A188 Edx=0 Edi=2 Esi=76E65A70 Ebp=236E638 Esp=236E638 Eip=76E65A83

ADDR: 771590DC CODE: 7454 jz 0x77159132
Eax=CD7B337 Ebx=7649B498 Ecx=17 Edx=0 Edi=2 Esi=76E500A0 Ebp=236E6AC Esp=236E650 Eip=771590DC

ADDR: 772F8DEB CODE: 730a jae 0x772f8df7
Eax=EDCA014 Ebx=7649B498 Ecx=76E500A0 Edx=104000 Edi=2 Esi=76E500A0 Ebp=236E6AC Esp=236E648 Eip=772F8DEB

ADDR: 772EC686 CODE: 743c jz 0x772ec6c4
Eax=2 Ebx=7649B498 Ecx=270A180 Edx=104000 Edi=2 Esi=251A000 Ebp=236E62C Esp=236E62C Eip=772EC686

ADDR: 772EC68D CODE: 7335 jae 0x772ec6c4
Eax=2 Ebx=7649B498 Ecx=270A180 Edx=104000 Edi=2 Esi=251A000 Ebp=236E62C Esp=236E62C Eip=772EC68D

ADDR: 772EC6AC CODE: 740c jz 0x772ec6ba
Eax=270CAA0 Ebx=7649B498 Ecx=270A180 Edx=0 Edi=2 Esi=2 Ebp=236E62C Esp=236E628 Eip=772EC6AC

ADDR: 772EC6B4 CODE: 7404 jz 0x772ec6ba
Eax=270CAAC Ebx=7649B498 Ecx=270A180 Edx=0 Edi=2 Esi=2 Ebp=236E62C Esp=236E628 Eip=772EC6B4

ADDR: 76E500BD CODE: 791c jns 0x76e500db
Eax=0 Ebx=7649B498 Ecx=236E640 Edx=0 Edi=2 Esi=251A000 Ebp=236E644 Esp=236E63C Eip=76E500BD

ADDR: 772AE69A CODE: 7315 jae 0x772ae6b1
Eax=77235C1C Ebx=7649B498 Ecx=77235C18 Edx=251A000 Edi=765129F0 Esi=76A0C8DC Ebp=236E61C Esp=236E618 Eip=772AE69A

ADDR: 771597A6 CODE: 0f8454720500 jz 0x771b0a00
Eax=236E68C Ebx=76A0C8DC Ecx=236E678 Edx=251A000 Edi=765129F0 Esi=76A0C8DC Ebp=236E620 Esp=236E600 Eip=771597A6

ADDR: 771597D3 CODE: 7479 jz 0x7715984e
Eax=236E68C Ebx=271E2F0 Ecx=17 Edx=5CECC1B7 Edi=271E1F0 Esi=271E2A4 Ebp=236E620 Esp=236E600 Eip=771597D3

ADDR: 772A7B53 CODE: 746e jz 0x772a7bc3
Eax=FFFFFFFE Ebx=77235C18 Ecx=FFFFFFFF Edx=5CECC1B7 Edi=77235C1C Esi=FFFFFFFE Ebp=236E618 Esp=236E604 Eip=772A7B53

ADDR: 771594A4 CODE: 7458 jz 0x771594fe
Eax=64D7B29A Ebx=7649B498 Ecx=17 Edx=5CECC1B7 Edi=2 Esi=76E65A70 Ebp=236E65C Esp=236E644 Eip=771594A4

ADDR: 772F8DEB CODE: 730a jae 0x772f8df7
Eax=EDCCB4E Ebx=7649B498 Ecx=76E65A70 Edx=404000 Edi=2 Esi=76E65A70 Ebp=236E65C Esp=236E638 Eip=772F8DEB

ADDR: 772F09B7 CODE: 747f jz 0x772f0a38
Eax=2 Ebx=251AFB4 Ecx=76E65A70 Edx=251AFB4 Edi=2 Esi=76E65A70 Ebp=236E610 Esp=236E604 Eip=772F09B7

ADDR: 772F09BE CODE: 7378 jae 0x772f0a38
Eax=2 Ebx=251AFB4 Ecx=76E65A70 Edx=251AFB4 Edi=2 Esi=76E65A70 Ebp=236E610 Esp=236E604 Eip=772F09BE

ADDR: 76E65A83 CODE: 790d jns 0x76e65a92
Eax=0 Ebx=7649B498 Ecx=270A188 Edx=0 Edi=2 Esi=76E65A70 Ebp=236E634 Esp=236E634 Eip=76E65A83

ADDR: 77162C46 CODE: 740a jz 0x77162c52
Eax=0 Ebx=7649B498 Ecx=7669E5E0 Edx=0 Edi=76512A10 Esi=7649B2A4 Ebp=236E6F0 Esp=236E6E4 Eip=77162C46

ADDR: 772F8DEB CODE: 730a jae 0x772f8df7
Eax=ECA2542 Ebx=7649B498 Ecx=76512A10 Edx=44444444 Edi=76512A10 Esi=7649B2A4 Ebp=236E6F0 Esp=236E6E0 Eip=772F8DEB

ADDR: 771595B4 CODE: 7458 jz 0x7715960e
Eax=64D7B29A Ebx=7649B498 Ecx=17 Edx=76A0C8DC Edi=2 Esi=76E65A70 Ebp=236E660 Esp=236E648 Eip=771595B4

ADDR: 772F8DEB CODE: 730a jae 0x772f8df7
Eax=EDCCB4E Ebx=7649B498 Ecx=76E65A70 Edx=404000 Edi=2 Esi=76E65A70 Ebp=236E660 Esp=236E63C Eip=772F8DEB

ADDR: 772F09B7 CODE: 747f jz 0x772f0a38
Eax=2 Ebx=251AFB4 Ecx=76E65A70 Edx=251AFB4 Edi=2 Esi=76E65A70 Ebp=236E614 Esp=236E608 Eip=772F09B7

ADDR: 772F09BE CODE: 7378 jae 0x772f0a38
Eax=2 Ebx=251AFB4 Ecx=76E65A70 Edx=251AFB4 Edi=2 Esi=76E65A70 Ebp=236E614 Esp=236E608 Eip=772F09BE

ADDR: 76E65A83 CODE: 790d jns 0x76e65a92
Eax=0 Ebx=7649B498 Ecx=270A188 Edx=0 Edi=2 Esi=76E65A70 Ebp=236E638 Esp=236E638 Eip=76E65A83

ADDR: 771590DC CODE: 7454 jz 0x77159132
Eax=CD7B337 Ebx=7649B498 Ecx=17 Edx=0 Edi=2 Esi=76E500A0 Ebp=236E6AC Esp=236E650 Eip=771590DC

ADDR: 772F8DEB CODE: 730a jae 0x772f8df7
Eax=EDCA014 Ebx=7649B498 Ecx=76E500A0 Edx=104000 Edi=2 Esi=76E500A0 Ebp=236E6AC Esp=236E648 Eip=772F8DEB

ADDR: 772EC686 CODE: 743c jz 0x772ec6c4
Eax=2 Ebx=7649B498 Ecx=270A180 Edx=104000 Edi=2 Esi=251A000 Ebp=236E62C Esp=236E62C Eip=772EC686

ADDR: 772EC68D CODE: 7335 jae 0x772ec6c4
Eax=2 Ebx=7649B498 Ecx=270A180 Edx=104000 Edi=2 Esi=251A000 Ebp=236E62C Esp=236E62C Eip=772EC68D

ADDR: 772EC6AC CODE: 740c jz 0x772ec6ba
Eax=270CAA0 Ebx=7649B498 Ecx=270A180 Edx=0 Edi=2 Esi=2 Ebp=236E62C Esp=236E628 Eip=772EC6AC

ADDR: 772EC6B4 CODE: 7404 jz 0x772ec6ba
Eax=270CAAC Ebx=7649B498 Ecx=270A180 Edx=0 Edi=2 Esi=2 Ebp=236E62C Esp=236E628 Eip=772EC6B4

ADDR: 76E500BD CODE: 791c jns 0x76e500db
Eax=0 Ebx=7649B498 Ecx=236E640 Edx=0 Edi=2 Esi=251A000 Ebp=236E644 Esp=236E63C Eip=76E500BD

ADDR: 772AE69A CODE: 7315 jae 0x772ae6b1
Eax=77235C1C Ebx=7649B498 Ecx=77235C18 Edx=251A000 Edi=76512A10 Esi=76A0C8DC Ebp=236E61C Esp=236E618 Eip=772AE69A

ADDR: 771597A6 CODE: 0f8454720500 jz 0x771b0a00
Eax=236E68C Ebx=76A0C8DC Ecx=236E678 Edx=251A000 Edi=76512A10 Esi=76A0C8DC Ebp=236E620 Esp=236E600 Eip=771597A6

ADDR: 771597D3 CODE: 7479 jz 0x7715984e
Eax=236E68C Ebx=271E2F0 Ecx=17 Edx=5CECC1B7 Edi=271E1F0 Esi=271E2A8 Ebp=236E620 Esp=236E600 Eip=771597D3

ADDR: 772A7B53 CODE: 746e jz 0x772a7bc3
Eax=FFFFFFFE Ebx=77235C18 Ecx=FFFFFFFF Edx=5CECC1B7 Edi=77235C1C Esi=FFFFFFFE Ebp=236E618 Esp=236E604 Eip=772A7B53

ADDR: 771594A4 CODE: 7458 jz 0x771594fe
Eax=64D7B29A Ebx=7649B498 Ecx=17 Edx=5CECC1B7 Edi=2 Esi=76E65A70 Ebp=236E65C Esp=236E644 Eip=771594A4

ADDR: 772F8DEB CODE: 730a jae 0x772f8df7
Eax=EDCCB4E Ebx=7649B498 Ecx=76E65A70 Edx=404000 Edi=2 Esi=76E65A70 Ebp=236E65C Esp=236E638 Eip=772F8DEB

ADDR: 772F09B7 CODE: 747f jz 0x772f0a38
Eax=2 Ebx=251AFB4 Ecx=76E65A70 Edx=251AFB4 Edi=2 Esi=76E65A70 Ebp=236E610 Esp=236E604 Eip=772F09B7

ADDR: 772F09BE CODE: 7378 jae 0x772f0a38
Eax=2 Ebx=251AFB4 Ecx=76E65A70 Edx=251AFB4 Edi=2 Esi=76E65A70 Ebp=236E610 Esp=236E604 Eip=772F09BE

ADDR: 76E65A83 CODE: 790d jns 0x76e65a92
Eax=0 Ebx=7649B498 Ecx=270A188 Edx=0 Edi=2 Esi=76E65A70 Ebp=236E634 Esp=236E634 Eip=76E65A83

ADDR: 77162C46 CODE: 740a jz 0x77162c52
Eax=0 Ebx=7649B498 Ecx=7669E5F0 Edx=0 Edi=76512A70 Esi=7649B2A8 Ebp=236E6F0 Esp=236E6E4 Eip=77162C46

ADDR: 772F8DEB CODE: 730a jae 0x772f8df7
Eax=ECA254E Ebx=7649B498 Ecx=76512A70 Edx=44444444 Edi=76512A70 Esi=7649B2A8 Ebp=236E6F0 Esp=236E6E0 Eip=772F8DEB

ADDR: 771595B4 CODE: 7458 jz 0x7715960e
Eax=64D7B29A Ebx=7649B498 Ecx=17 Edx=76A0C8DC Edi=2 Esi=76E65A70 Ebp=236E660 Esp=236E648 Eip=771595B4

ADDR: 772F8DEB CODE: 730a jae 0x772f8df7
Eax=EDCCB4E Ebx=7649B498 Ecx=76E65A70 Edx=404000 Edi=2 Esi=76E65A70 Ebp=236E660 Esp=236E63C Eip=772F8DEB

ADDR: 772F09B7 CODE: 747f jz 0x772f0a38
Eax=2 Ebx=251AFB4 Ecx=76E65A70 Edx=251AFB4 Edi=2 Esi=76E65A70 Ebp=236E614 Esp=236E608 Eip=772F09B7

ADDR: 772F09BE CODE: 7378 jae 0x772f0a38
Eax=2 Ebx=251AFB4 Ecx=76E65A70 Edx=251AFB4 Edi=2 Esi=76E65A70 Ebp=236E614 Esp=236E608 Eip=772F09BE

ADDR: 76E65A83 CODE: 790d jns 0x76e65a92
Eax=0 Ebx=7649B498 Ecx=270A188 Edx=0 Edi=2 Esi=76E65A70 Ebp=236E638 Esp=236E638 Eip=76E65A83

ADDR: 771590DC CODE: 7454 jz 0x77159132
Eax=CD7B337 Ebx=7649B498 Ecx=17 Edx=0 Edi=2 Esi=76E500A0 Ebp=236E6AC Esp=236E650 Eip=771590DC

ADDR: 772F8DEB CODE: 730a jae 0x772f8df7
Eax=EDCA014 Ebx=7649B498 Ecx=76E500A0 Edx=104000 Edi=2 Esi=76E500A0 Ebp=236E6AC Esp=236E648 Eip=772F8DEB

ADDR: 772EC686 CODE: 743c jz 0x772ec6c4
Eax=2 Ebx=7649B498 Ecx=270A180 Edx=104000 Edi=2 Esi=251A000 Ebp=236E62C Esp=236E62C Eip=772EC686

ADDR: 772EC68D CODE: 7335 jae 0x772ec6c4
Eax=2 Ebx=7649B498 Ecx=270A180 Edx=104000 Edi=2 Esi=251A000 Ebp=236E62C Esp=236E62C Eip=772EC68D

ADDR: 772EC6AC CODE: 740c jz 0x772ec6ba
Eax=270CAA0 Ebx=7649B498 Ecx=270A180 Edx=0 Edi=2 Esi=2 Ebp=236E62C Esp=236E628 Eip=772EC6AC

ADDR: 772EC6B4 CODE: 7404 jz 0x772ec6ba
Eax=270CAAC Ebx=7649B498 Ecx=270A180 Edx=0 Edi=2 Esi=2 Ebp=236E62C Esp=236E628 Eip=772EC6B4

ADDR: 76E500BD CODE: 791c jns 0x76e500db
Eax=0 Ebx=7649B498 Ecx=236E640 Edx=0 Edi=2 Esi=251A000 Ebp=236E644 Esp=236E63C Eip=76E500BD

ADDR: 772AE69A CODE: 7315 jae 0x772ae6b1
Eax=77235C1C Ebx=7649B498 Ecx=77235C18 Edx=251A000 Edi=76512A70 Esi=76A0C8DC Ebp=236E61C Esp=236E618 Eip=772AE69A

ADDR: 771597A6 CODE: 0f8454720500 jz 0x771b0a00
Eax=236E68C Ebx=76A0C8DC Ecx=236E678 Edx=251A000 Edi=76512A70 Esi=76A0C8DC Ebp=236E620 Esp=236E600 Eip=771597A6

ADDR: 771597D3 CODE: 7479 jz 0x7715984e
Eax=236E68C Ebx=271E2F0 Ecx=17 Edx=5CECC1B7 Edi=271E1F0 Esi=271E2AC Ebp=236E620 Esp=236E600 Eip=771597D3

ADDR: 772A7B53 CODE: 746e jz 0x772a7bc3
Eax=FFFFFFFE Ebx=77235C18 Ecx=FFFFFFFF Edx=5CECC1B7 Edi=77235C1C Esi=FFFFFFFE Ebp=236E618 Esp=236E604 Eip=772A7B53

ADDR: 771594A4 CODE: 7458 jz 0x771594fe
Eax=64D7B29A Ebx=7649B498 Ecx=17 Edx=5CECC1B7 Edi=2 Esi=76E65A70 Ebp=236E65C Esp=236E644 Eip=771594A4

ADDR: 772F8DEB CODE: 730a jae 0x772f8df7
Eax=EDCCB4E Ebx=7649B498 Ecx=76E65A70 Edx=404000 Edi=2 Esi=76E65A70 Ebp=236E65C Esp=236E638 Eip=772F8DEB

ADDR: 772F09B7 CODE: 747f jz 0x772f0a38
Eax=2 Ebx=251AFB4 Ecx=76E65A70 Edx=251AFB4 Edi=2 Esi=76E65A70 Ebp=236E610 Esp=236E604 Eip=772F09B7

ADDR: 772F09BE CODE: 7378 jae 0x772f0a38
Eax=2 Ebx=251AFB4 Ecx=76E65A70 Edx=251AFB4 Edi=2 Esi=76E65A70 Ebp=236E610 Esp=236E604 Eip=772F09BE

ADDR: 76E65A83 CODE: 790d jns 0x76e65a92
Eax=0 Ebx=7649B498 Ecx=270A188 Edx=0 Edi=2 Esi=76E65A70 Ebp=236E634 Esp=236E634 Eip=76E65A83

ADDR: 77162C46 CODE: 740a jz 0x77162c52
Eax=0 Ebx=7649B498 Ecx=7669E610 Edx=0 Edi=76512A90 Esi=7649B2AC Ebp=236E6F0 Esp=236E6E4 Eip=77162C46

ADDR: 772F8DEB CODE: 730a jae 0x772f8df7
Eax=ECA2552 Ebx=7649B498 Ecx=76512A90 Edx=44444444 Edi=76512A90 Esi=7649B2AC Ebp=236E6F0 Esp=236E6E0 Eip=772F8DEB

ADDR: 771595B4 CODE: 7458 jz 0x7715960e
Eax=64D7B29A Ebx=7649B498 Ecx=17 Edx=76A0C8DC Edi=2 Esi=76E65A70 Ebp=236E660 Esp=236E648 Eip=771595B4

ADDR: 772F8DEB CODE: 730a jae 0x772f8df7
Eax=EDCCB4E Ebx=7649B498 Ecx=76E65A70 Edx=404000 Edi=2 Esi=76E65A70 Ebp=236E660 Esp=236E63C Eip=772F8DEB

ADDR: 772F09B7 CODE: 747f jz 0x772f0a38
Eax=2 Ebx=251AFB4 Ecx=76E65A70 Edx=251AFB4 Edi=2 Esi=76E65A70 Ebp=236E614 Esp=236E608 Eip=772F09B7

ADDR: 772F09BE CODE: 7378 jae 0x772f0a38
Eax=2 Ebx=251AFB4 Ecx=76E65A70 Edx=251AFB4 Edi=2 Esi=76E65A70 Ebp=236E614 Esp=236E608 Eip=772F09BE

ADDR: 76E65A83 CODE: 790d jns 0x76e65a92
Eax=0 Ebx=7649B498 Ecx=270A188 Edx=0 Edi=2 Esi=76E65A70 Ebp=236E638 Esp=236E638 Eip=76E65A83

ADDR: 771590DC CODE: 7454 jz 0x77159132
Eax=CD7B337 Ebx=7649B498 Ecx=17 Edx=0 Edi=2 Esi=76E500A0 Ebp=236E6AC Esp=236E650 Eip=771590DC

ADDR: 772F8DEB CODE: 730a jae 0x772f8df7
Eax=EDCA014 Ebx=7649B498 Ecx=76E500A0 Edx=104000 Edi=2 Esi=76E500A0 Ebp=236E6AC Esp=236E648 Eip=772F8DEB

ADDR: 772EC686 CODE: 743c jz 0x772ec6c4
Eax=2 Ebx=7649B498 Ecx=270A180 Edx=104000 Edi=2 Esi=251A000 Ebp=236E62C Esp=236E62C Eip=772EC686

ADDR: 772EC68D CODE: 7335 jae 0x772ec6c4
Eax=2 Ebx=7649B498 Ecx=270A180 Edx=104000 Edi=2 Esi=251A000 Ebp=236E62C Esp=236E62C Eip=772EC68D

ADDR: 772EC6AC CODE: 740c jz 0x772ec6ba
Eax=270CAA0 Ebx=7649B498 Ecx=270A180 Edx=0 Edi=2 Esi=2 Ebp=236E62C Esp=236E628 Eip=772EC6AC

ADDR: 772EC6B4 CODE: 7404 jz 0x772ec6ba
Eax=270CAAC Ebx=7649B498 Ecx=270A180 Edx=0 Edi=2 Esi=2 Ebp=236E62C Esp=236E628 Eip=772EC6B4

ADDR: 76E500BD CODE: 791c jns 0x76e500db
Eax=0 Ebx=7649B498 Ecx=236E640 Edx=0 Edi=2 Esi=251A000 Ebp=236E644 Esp=236E63C Eip=76E500BD

ADDR: 772AE69A CODE: 7315 jae 0x772ae6b1
Eax=77235C1C Ebx=7649B498 Ecx=77235C18 Edx=251A000 Edi=76512A90 Esi=76A0C8DC Ebp=236E61C Esp=236E618 Eip=772AE69A

ADDR: 771597A6 CODE: 0f8454720500 jz 0x771b0a00
Eax=236E68C Ebx=76A0C8DC Ecx=236E678 Edx=251A000 Edi=76512A90 Esi=76A0C8DC Ebp=236E620 Esp=236E600 Eip=771597A6

ADDR: 771597D3 CODE: 7479 jz 0x7715984e
Eax=236E68C Ebx=271E2F0 Ecx=17 Edx=5CECC1B7 Edi=271E1F0 Esi=271E2B0 Ebp=236E620 Esp=236E600 Eip=771597D3

ADDR: 772A7B53 CODE: 746e jz 0x772a7bc3
Eax=FFFFFFFE Ebx=77235C18 Ecx=FFFFFFFF Edx=5CECC1B7 Edi=77235C1C Esi=FFFFFFFE Ebp=236E618 Esp=236E604 Eip=772A7B53

ADDR: 771594A4 CODE: 7458 jz 0x771594fe
Eax=64D7B29A Ebx=7649B498 Ecx=17 Edx=5CECC1B7 Edi=2 Esi=76E65A70 Ebp=236E65C Esp=236E644 Eip=771594A4

ADDR: 772F8DEB CODE: 730a jae 0x772f8df7
Eax=EDCCB4E Ebx=7649B498 Ecx=76E65A70 Edx=404000 Edi=2 Esi=76E65A70 Ebp=236E65C Esp=236E638 Eip=772F8DEB

ADDR: 772F09B7 CODE: 747f jz 0x772f0a38
Eax=2 Ebx=251AFB4 Ecx=76E65A70 Edx=251AFB4 Edi=2 Esi=76E65A70 Ebp=236E610 Esp=236E604 Eip=772F09B7

ADDR: 772F09BE CODE: 7378 jae 0x772f0a38
Eax=2 Ebx=251AFB4 Ecx=76E65A70 Edx=251AFB4 Edi=2 Esi=76E65A70 Ebp=236E610 Esp=236E604 Eip=772F09BE

ADDR: 76E65A83 CODE: 790d jns 0x76e65a92
Eax=0 Ebx=7649B498 Ecx=270A188 Edx=0 Edi=2 Esi=76E65A70 Ebp=236E634 Esp=236E634 Eip=76E65A83

ADDR: 77162C46 CODE: 740a jz 0x77162c52
Eax=0 Ebx=7649B498 Ecx=7669E640 Edx=0 Edi=76512AB0 Esi=7649B2B0 Ebp=236E6F0 Esp=236E6E4 Eip=77162C46

ADDR: 772F8DEB CODE: 730a jae 0x772f8df7
Eax=ECA2556 Ebx=7649B498 Ecx=76512AB0 Edx=44444444 Edi=76512AB0 Esi=7649B2B0 Ebp=236E6F0 Esp=236E6E0 Eip=772F8DEB

ADDR: 771595B4 CODE: 7458 jz 0x7715960e
Eax=64D7B29A Ebx=7649B498 Ecx=17 Edx=76A0C8DC Edi=2 Esi=76E65A70 Ebp=236E660 Esp=236E648 Eip=771595B4

ADDR: 772F8DEB CODE: 730a jae 0x772f8df7
Eax=EDCCB4E Ebx=7649B498 Ecx=76E65A70 Edx=404000 Edi=2 Esi=76E65A70 Ebp=236E660 Esp=236E63C Eip=772F8DEB

ADDR: 772F09B7 CODE: 747f jz 0x772f0a38
Eax=2 Ebx=251AFB4 Ecx=76E65A70 Edx=251AFB4 Edi=2 Esi=76E65A70 Ebp=236E614 Esp=236E608 Eip=772F09B7

ADDR: 772F09BE CODE: 7378 jae 0x772f0a38
Eax=2 Ebx=251AFB4 Ecx=76E65A70 Edx=251AFB4 Edi=2 Esi=76E65A70 Ebp=236E614 Esp=236E608 Eip=772F09BE

ADDR: 76E65A83 CODE: 790d jns 0x76e65a92
Eax=0 Ebx=7649B498 Ecx=270A188 Edx=0 Edi=2 Esi=76E65A70 Ebp=236E638 Esp=236E638 Eip=76E65A83

ADDR: 771590DC CODE: 7454 jz 0x77159132
Eax=CD7B337 Ebx=7649B498 Ecx=17 Edx=0 Edi=2 Esi=76E500A0 Ebp=236E6AC Esp=236E650 Eip=771590DC

ADDR: 772F8DEB CODE: 730a jae 0x772f8df7
Eax=EDCA014 Ebx=7649B498 Ecx=76E500A0 Edx=104000 Edi=2 Esi=76E500A0 Ebp=236E6AC Esp=236E648 Eip=772F8DEB

ADDR: 772EC686 CODE: 743c jz 0x772ec6c4
Eax=2 Ebx=7649B498 Ecx=270A180 Edx=104000 Edi=2 Esi=251A000 Ebp=236E62C Esp=236E62C Eip=772EC686

ADDR: 772EC68D CODE: 7335 jae 0x772ec6c4
Eax=2 Ebx=7649B498 Ecx=270A180 Edx=104000 Edi=2 Esi=251A000 Ebp=236E62C Esp=236E62C Eip=772EC68D

ADDR: 772EC6AC CODE: 740c jz 0x772ec6ba
Eax=270CAA0 Ebx=7649B498 Ecx=270A180 Edx=0 Edi=2 Esi=2 Ebp=236E62C Esp=236E628 Eip=772EC6AC

ADDR: 772EC6B4 CODE: 7404 jz 0x772ec6ba
Eax=270CAAC Ebx=7649B498 Ecx=270A180 Edx=0 Edi=2 Esi=2 Ebp=236E62C Esp=236E628 Eip=772EC6B4

ADDR: 76E500BD CODE: 791c jns 0x76e500db
Eax=0 Ebx=7649B498 Ecx=236E640 Edx=0 Edi=2 Esi=251A000 Ebp=236E644 Esp=236E63C Eip=76E500BD

ADDR: 772AE69A CODE: 7315 jae 0x772ae6b1
Eax=77235C1C Ebx=7649B498 Ecx=77235C18 Edx=251A000 Edi=76512AB0 Esi=76A0C8DC Ebp=236E61C Esp=236E618 Eip=772AE69A

ADDR: 771597A6 CODE: 0f8454720500 jz 0x771b0a00
Eax=236E68C Ebx=76A0C8DC Ecx=236E678 Edx=251A000 Edi=76512AB0 Esi=76A0C8DC Ebp=236E620 Esp=236E600 Eip=771597A6

ADDR: 771597D3 CODE: 7479 jz 0x7715984e
Eax=236E68C Ebx=271E2F0 Ecx=17 Edx=5CECC1B7 Edi=271E1F0 Esi=271E2B4 Ebp=236E620 Esp=236E600 Eip=771597D3

ADDR: 772A7B53 CODE: 746e jz 0x772a7bc3
Eax=FFFFFFFE Ebx=77235C18 Ecx=FFFFFFFF Edx=5CECC1B7 Edi=77235C1C Esi=FFFFFFFE Ebp=236E618 Esp=236E604 Eip=772A7B53

ADDR: 771594A4 CODE: 7458 jz 0x771594fe
Eax=64D7B29A Ebx=7649B498 Ecx=17 Edx=5CECC1B7 Edi=2 Esi=76E65A70 Ebp=236E65C Esp=236E644 Eip=771594A4

ADDR: 772F8DEB CODE: 730a jae 0x772f8df7
Eax=EDCCB4E Ebx=7649B498 Ecx=76E65A70 Edx=404000 Edi=2 Esi=76E65A70 Ebp=236E65C Esp=236E638 Eip=772F8DEB

ADDR: 772F09B7 CODE: 747f jz 0x772f0a38
Eax=2 Ebx=251AFB4 Ecx=76E65A70 Edx=251AFB4 Edi=2 Esi=76E65A70 Ebp=236E610 Esp=236E604 Eip=772F09B7

ADDR: 772F09BE CODE: 7378 jae 0x772f0a38
Eax=2 Ebx=251AFB4 Ecx=76E65A70 Edx=251AFB4 Edi=2 Esi=76E65A70 Ebp=236E610 Esp=236E604 Eip=772F09BE

ADDR: 76E65A83 CODE: 790d jns 0x76e65a92
Eax=0 Ebx=7649B498 Ecx=270A188 Edx=0 Edi=2 Esi=76E65A70 Ebp=236E634 Esp=236E634 Eip=76E65A83

ADDR: 77162C46 CODE: 740a jz 0x77162c52
Eax=0 Ebx=7649B498 Ecx=7669E650 Edx=0 Edi=76512AD0 Esi=7649B2B4 Ebp=236E6F0 Esp=236E6E4 Eip=77162C46

ADDR: 772F8DEB CODE: 730a jae 0x772f8df7
Eax=ECA255A Ebx=7649B498 Ecx=76512AD0 Edx=44444444 Edi=76512AD0 Esi=7649B2B4 Ebp=236E6F0 Esp=236E6E0 Eip=772F8DEB

ADDR: 771595B4 CODE: 7458 jz 0x7715960e
Eax=64D7B29A Ebx=7649B498 Ecx=17 Edx=76A0C8DC Edi=2 Esi=76E65A70 Ebp=236E660 Esp=236E648 Eip=771595B4

ADDR: 772F8DEB CODE: 730a jae 0x772f8df7
Eax=EDCCB4E Ebx=7649B498 Ecx=76E65A70 Edx=404000 Edi=2 Esi=76E65A70 Ebp=236E660 Esp=236E63C Eip=772F8DEB

ADDR: 772F09B7 CODE: 747f jz 0x772f0a38
Eax=2 Ebx=251AFB4 Ecx=76E65A70 Edx=251AFB4 Edi=2 Esi=76E65A70 Ebp=236E614 Esp=236E608 Eip=772F09B7

ADDR: 772F09BE CODE: 7378 jae 0x772f0a38
Eax=2 Ebx=251AFB4 Ecx=76E65A70 Edx=251AFB4 Edi=2 Esi=76E65A70 Ebp=236E614 Esp=236E608 Eip=772F09BE

ADDR: 76E65A83 CODE: 790d jns 0x76e65a92
Eax=0 Ebx=7649B498 Ecx=270A188 Edx=0 Edi=2 Esi=76E65A70 Ebp=236E638 Esp=236E638 Eip=76E65A83

ADDR: 771590DC CODE: 7454 jz 0x77159132
Eax=CD7B337 Ebx=7649B498 Ecx=17 Edx=0 Edi=2 Esi=76E500A0 Ebp=236E6AC Esp=236E650 Eip=771590DC

ADDR: 772F8DEB CODE: 730a jae 0x772f8df7
Eax=EDCA014 Ebx=7649B498 Ecx=76E500A0 Edx=104000 Edi=2 Esi=76E500A0 Ebp=236E6AC Esp=236E648 Eip=772F8DEB

ADDR: 772EC686 CODE: 743c jz 0x772ec6c4
Eax=2 Ebx=7649B498 Ecx=270A180 Edx=104000 Edi=2 Esi=251A000 Ebp=236E62C Esp=236E62C Eip=772EC686

ADDR: 772EC68D CODE: 7335 jae 0x772ec6c4
Eax=2 Ebx=7649B498 Ecx=270A180 Edx=104000 Edi=2 Esi=251A000 Ebp=236E62C Esp=236E62C Eip=772EC68D

ADDR: 772EC6AC CODE: 740c jz 0x772ec6ba
Eax=270CAA0 Ebx=7649B498 Ecx=270A180 Edx=0 Edi=2 Esi=2 Ebp=236E62C Esp=236E628 Eip=772EC6AC

ADDR: 772EC6B4 CODE: 7404 jz 0x772ec6ba
Eax=270CAAC Ebx=7649B498 Ecx=270A180 Edx=0 Edi=2 Esi=2 Ebp=236E62C Esp=236E628 Eip=772EC6B4

ADDR: 76E500BD CODE: 791c jns 0x76e500db
Eax=0 Ebx=7649B498 Ecx=236E640 Edx=0 Edi=2 Esi=251A000 Ebp=236E644 Esp=236E63C Eip=76E500BD

ADDR: 772AE69A CODE: 7315 jae 0x772ae6b1
Eax=77235C1C Ebx=7649B498 Ecx=77235C18 Edx=251A000 Edi=76512AD0 Esi=76A0C8DC Ebp=236E61C Esp=236E618 Eip=772AE69A

ADDR: 771597A6 CODE: 0f8454720500 jz 0x771b0a00
Eax=236E68C Ebx=76A0C8DC Ecx=236E678 Edx=251A000 Edi=76512AD0 Esi=76A0C8DC Ebp=236E620 Esp=236E600 Eip=771597A6

ADDR: 771597D3 CODE: 7479 jz 0x7715984e
Eax=236E68C Ebx=271E2F0 Ecx=17 Edx=5CECC1B7 Edi=271E1F0 Esi=271E2B8 Ebp=236E620 Esp=236E600 Eip=771597D3

ADDR: 772A7B53 CODE: 746e jz 0x772a7bc3
Eax=FFFFFFFE Ebx=77235C18 Ecx=FFFFFFFF Edx=5CECC1B7 Edi=77235C1C Esi=FFFFFFFE Ebp=236E618 Esp=236E604 Eip=772A7B53

ADDR: 771594A4 CODE: 7458 jz 0x771594fe
Eax=64D7B29A Ebx=7649B498 Ecx=17 Edx=5CECC1B7 Edi=2 Esi=76E65A70 Ebp=236E65C Esp=236E644 Eip=771594A4

ADDR: 772F8DEB CODE: 730a jae 0x772f8df7
Eax=EDCCB4E Ebx=7649B498 Ecx=76E65A70 Edx=404000 Edi=2 Esi=76E65A70 Ebp=236E65C Esp=236E638 Eip=772F8DEB

ADDR: 772F09B7 CODE: 747f jz 0x772f0a38
Eax=2 Ebx=251AFB4 Ecx=76E65A70 Edx=251AFB4 Edi=2 Esi=76E65A70 Ebp=236E610 Esp=236E604 Eip=772F09B7

ADDR: 772F09BE CODE: 7378 jae 0x772f0a38
Eax=2 Ebx=251AFB4 Ecx=76E65A70 Edx=251AFB4 Edi=2 Esi=76E65A70 Ebp=236E610 Esp=236E604 Eip=772F09BE

ADDR: 76E65A83 CODE: 790d jns 0x76e65a92
Eax=0 Ebx=7649B498 Ecx=270A188 Edx=0 Edi=2 Esi=76E65A70 Ebp=236E634 Esp=236E634 Eip=76E65A83

ADDR: 77162C46 CODE: 740a jz 0x77162c52
Eax=0 Ebx=7649B498 Ecx=7669E660 Edx=0 Edi=76512AF0 Esi=7649B2B8 Ebp=236E6F0 Esp=236E6E4 Eip=77162C46

ADDR: 772F8DEB CODE: 730a jae 0x772f8df7
Eax=ECA255E Ebx=7649B498 Ecx=76512AF0 Edx=44444444 Edi=76512AF0 Esi=7649B2B8 Ebp=236E6F0 Esp=236E6E0 Eip=772F8DEB

ADDR: 771595B4 CODE: 7458 jz 0x7715960e
Eax=64D7B29A Ebx=7649B498 Ecx=17 Edx=76A0C8DC Edi=2 Esi=76E65A70 Ebp=236E660 Esp=236E648 Eip=771595B4

ADDR: 772F8DEB CODE: 730a jae 0x772f8df7
Eax=EDCCB4E Ebx=7649B498 Ecx=76E65A70 Edx=404000 Edi=2 Esi=76E65A70 Ebp=236E660 Esp=236E63C Eip=772F8DEB

ADDR: 772F09B7 CODE: 747f jz 0x772f0a38
Eax=2 Ebx=251AFB4 Ecx=76E65A70 Edx=251AFB4 Edi=2 Esi=76E65A70 Ebp=236E614 Esp=236E608 Eip=772F09B7

ADDR: 772F09BE CODE: 7378 jae 0x772f0a38
Eax=2 Ebx=251AFB4 Ecx=76E65A70 Edx=251AFB4 Edi=2 Esi=76E65A70 Ebp=236E614 Esp=236E608 Eip=772F09BE

ADDR: 76E65A83 CODE: 790d jns 0x76e65a92
Eax=0 Ebx=7649B498 Ecx=270A188 Edx=0 Edi=2 Esi=76E65A70 Ebp=236E638 Esp=236E638 Eip=76E65A83

ADDR: 771590DC CODE: 7454 jz 0x77159132
Eax=CD7B337 Ebx=7649B498 Ecx=17 Edx=0 Edi=2 Esi=76E500A0 Ebp=236E6AC Esp=236E650 Eip=771590DC

ADDR: 772F8DEB CODE: 730a jae 0x772f8df7
Eax=EDCA014 Ebx=7649B498 Ecx=76E500A0 Edx=104000 Edi=2 Esi=76E500A0 Ebp=236E6AC Esp=236E648 Eip=772F8DEB

ADDR: 772EC686 CODE: 743c jz 0x772ec6c4
Eax=2 Ebx=7649B498 Ecx=270A180 Edx=104000 Edi=2 Esi=251A000 Ebp=236E62C Esp=236E62C Eip=772EC686

ADDR: 772EC68D CODE: 7335 jae 0x772ec6c4
Eax=2 Ebx=7649B498 Ecx=270A180 Edx=104000 Edi=2 Esi=251A000 Ebp=236E62C Esp=236E62C Eip=772EC68D

ADDR: 772EC6AC CODE: 740c jz 0x772ec6ba
Eax=270CAA0 Ebx=7649B498 Ecx=270A180 Edx=0 Edi=2 Esi=2 Ebp=236E62C Esp=236E628 Eip=772EC6AC

ADDR: 772EC6B4 CODE: 7404 jz 0x772ec6ba
Eax=270CAAC Ebx=7649B498 Ecx=270A180 Edx=0 Edi=2 Esi=2 Ebp=236E62C Esp=236E628 Eip=772EC6B4

ADDR: 76E500BD CODE: 791c jns 0x76e500db
Eax=0 Ebx=7649B498 Ecx=236E640 Edx=0 Edi=2 Esi=251A000 Ebp=236E644 Esp=236E63C Eip=76E500BD

ADDR: 772AE69A CODE: 7315 jae 0x772ae6b1
Eax=77235C1C Ebx=7649B498 Ecx=77235C18 Edx=251A000 Edi=76512AF0 Esi=76A0C8DC Ebp=236E61C Esp=236E618 Eip=772AE69A

ADDR: 771597A6 CODE: 0f8454720500 jz 0x771b0a00
Eax=236E68C Ebx=76A0C8DC Ecx=236E678 Edx=251A000 Edi=76512AF0 Esi=76A0C8DC Ebp=236E620 Esp=236E600 Eip=771597A6

ADDR: 771597D3 CODE: 7479 jz 0x7715984e
Eax=236E68C Ebx=271E2F0 Ecx=17 Edx=5CECC1B7 Edi=271E1F0 Esi=271E2BC Ebp=236E620 Esp=236E600 Eip=771597D3

ADDR: 772A7B53 CODE: 746e jz 0x772a7bc3
Eax=FFFFFFFE Ebx=77235C18 Ecx=FFFFFFFF Edx=5CECC1B7 Edi=77235C1C Esi=FFFFFFFE Ebp=236E618 Esp=236E604 Eip=772A7B53

ADDR: 771594A4 CODE: 7458 jz 0x771594fe
Eax=64D7B29A Ebx=7649B498 Ecx=17 Edx=5CECC1B7 Edi=2 Esi=76E65A70 Ebp=236E65C Esp=236E644 Eip=771594A4

ADDR: 772F8DEB CODE: 730a jae 0x772f8df7
Eax=EDCCB4E Ebx=7649B498 Ecx=76E65A70 Edx=404000 Edi=2 Esi=76E65A70 Ebp=236E65C Esp=236E638 Eip=772F8DEB

ADDR: 772F09B7 CODE: 747f jz 0x772f0a38
Eax=2 Ebx=251AFB4 Ecx=76E65A70 Edx=251AFB4 Edi=2 Esi=76E65A70 Ebp=236E610 Esp=236E604 Eip=772F09B7

ADDR: 772F09BE CODE: 7378 jae 0x772f0a38
Eax=2 Ebx=251AFB4 Ecx=76E65A70 Edx=251AFB4 Edi=2 Esi=76E65A70 Ebp=236E610 Esp=236E604 Eip=772F09BE

ADDR: 76E65A83 CODE: 790d jns 0x76e65a92
Eax=0 Ebx=7649B498 Ecx=270A188 Edx=0 Edi=2 Esi=76E65A70 Ebp=236E634 Esp=236E634 Eip=76E65A83

ADDR: 77162C46 CODE: 740a jz 0x77162c52
Eax=0 Ebx=7649B498 Ecx=7669E670 Edx=0 Edi=76512B10 Esi=7649B2BC Ebp=236E6F0 Esp=236E6E4 Eip=77162C46

ADDR: 772F8DEB CODE: 730a jae 0x772f8df7
Eax=ECA2562 Ebx=7649B498 Ecx=76512B10 Edx=44444444 Edi=76512B10 Esi=7649B2BC Ebp=236E6F0 Esp=236E6E0 Eip=772F8DEB

ADDR: 771595B4 CODE: 7458 jz 0x7715960e
Eax=64D7B29A Ebx=7649B498 Ecx=17 Edx=76A0C8DC Edi=2 Esi=76E65A70 Ebp=236E660 Esp=236E648 Eip=771595B4

ADDR: 772F8DEB CODE: 730a jae 0x772f8df7
Eax=EDCCB4E Ebx=7649B498 Ecx=76E65A70 Edx=404000 Edi=2 Esi=76E65A70 Ebp=236E660 Esp=236E63C Eip=772F8DEB

ADDR: 772F09B7 CODE: 747f jz 0x772f0a38
Eax=2 Ebx=251AFB4 Ecx=76E65A70 Edx=251AFB4 Edi=2 Esi=76E65A70 Ebp=236E614 Esp=236E608 Eip=772F09B7

ADDR: 772F09BE CODE: 7378 jae 0x772f0a38
Eax=2 Ebx=251AFB4 Ecx=76E65A70 Edx=251AFB4 Edi=2 Esi=76E65A70 Ebp=236E614 Esp=236E608 Eip=772F09BE

ADDR: 76E65A83 CODE: 790d jns 0x76e65a92
Eax=0 Ebx=7649B498 Ecx=270A188 Edx=0 Edi=2 Esi=76E65A70 Ebp=236E638 Esp=236E638 Eip=76E65A83

ADDR: 771590DC CODE: 7454 jz 0x77159132
Eax=CD7B337 Ebx=7649B498 Ecx=17 Edx=0 Edi=2 Esi=76E500A0 Ebp=236E6AC Esp=236E650 Eip=771590DC

ADDR: 772F8DEB CODE: 730a jae 0x772f8df7
Eax=EDCA014 Ebx=7649B498 Ecx=76E500A0 Edx=104000 Edi=2 Esi=76E500A0 Ebp=236E6AC Esp=236E648 Eip=772F8DEB

ADDR: 772EC686 CODE: 743c jz 0x772ec6c4
Eax=2 Ebx=7649B498 Ecx=270A180 Edx=104000 Edi=2 Esi=251A000 Ebp=236E62C Esp=236E62C Eip=772EC686

ADDR: 772EC68D CODE: 7335 jae 0x772ec6c4
Eax=2 Ebx=7649B498 Ecx=270A180 Edx=104000 Edi=2 Esi=251A000 Ebp=236E62C Esp=236E62C Eip=772EC68D

ADDR: 772EC6AC CODE: 740c jz 0x772ec6ba
Eax=270CAA0 Ebx=7649B498 Ecx=270A180 Edx=0 Edi=2 Esi=2 Ebp=236E62C Esp=236E628 Eip=772EC6AC

ADDR: 772EC6B4 CODE: 7404 jz 0x772ec6ba
Eax=270CAAC Ebx=7649B498 Ecx=270A180 Edx=0 Edi=2 Esi=2 Ebp=236E62C Esp=236E628 Eip=772EC6B4

ADDR: 76E500BD CODE: 791c jns 0x76e500db
Eax=0 Ebx=7649B498 Ecx=236E640 Edx=0 Edi=2 Esi=251A000 Ebp=236E644 Esp=236E63C Eip=76E500BD

ADDR: 772AE69A CODE: 7315 jae 0x772ae6b1
Eax=77235C1C Ebx=7649B498 Ecx=77235C18 Edx=251A000 Edi=76512B10 Esi=76A0C8DC Ebp=236E61C Esp=236E618 Eip=772AE69A

ADDR: 771597A6 CODE: 0f8454720500 jz 0x771b0a00
Eax=236E68C Ebx=76A0C8DC Ecx=236E678 Edx=251A000 Edi=76512B10 Esi=76A0C8DC Ebp=236E620 Esp=236E600 Eip=771597A6

ADDR: 771597D3 CODE: 7479 jz 0x7715984e
Eax=236E68C Ebx=271E2F0 Ecx=17 Edx=5CECC1B7 Edi=271E1F0 Esi=271E2C0 Ebp=236E620 Esp=236E600 Eip=771597D3

ADDR: 772A7B53 CODE: 746e jz 0x772a7bc3
Eax=FFFFFFFE Ebx=77235C18 Ecx=FFFFFFFF Edx=5CECC1B7 Edi=77235C1C Esi=FFFFFFFE Ebp=236E618 Esp=236E604 Eip=772A7B53

ADDR: 771594A4 CODE: 7458 jz 0x771594fe
Eax=64D7B29A Ebx=7649B498 Ecx=17 Edx=5CECC1B7 Edi=2 Esi=76E65A70 Ebp=236E65C Esp=236E644 Eip=771594A4

ADDR: 772F8DEB CODE: 730a jae 0x772f8df7
Eax=EDCCB4E Ebx=7649B498 Ecx=76E65A70 Edx=404000 Edi=2 Esi=76E65A70 Ebp=236E65C Esp=236E638 Eip=772F8DEB

ADDR: 772F09B7 CODE: 747f jz 0x772f0a38
Eax=2 Ebx=251AFB4 Ecx=76E65A70 Edx=251AFB4 Edi=2 Esi=76E65A70 Ebp=236E610 Esp=236E604 Eip=772F09B7

ADDR: 772F09BE CODE: 7378 jae 0x772f0a38
Eax=2 Ebx=251AFB4 Ecx=76E65A70 Edx=251AFB4 Edi=2 Esi=76E65A70 Ebp=236E610 Esp=236E604 Eip=772F09BE

ADDR: 76E65A83 CODE: 790d jns 0x76e65a92
Eax=0 Ebx=7649B498 Ecx=270A188 Edx=0 Edi=2 Esi=76E65A70 Ebp=236E634 Esp=236E634 Eip=76E65A83

ADDR: 77162C46 CODE: 740a jz 0x77162c52
Eax=0 Ebx=7649B498 Ecx=7669E680 Edx=0 Edi=76512B30 Esi=7649B2C0 Ebp=236E6F0 Esp=236E6E4 Eip=77162C46

ADDR: 772F8DEB CODE: 730a jae 0x772f8df7
Eax=ECA2566 Ebx=7649B498 Ecx=76512B30 Edx=44444444 Edi=76512B30 Esi=7649B2C0 Ebp=236E6F0 Esp=236E6E0 Eip=772F8DEB

ADDR: 771595B4 CODE: 7458 jz 0x7715960e
Eax=64D7B29A Ebx=7649B498 Ecx=17 Edx=76A0C8DC Edi=2 Esi=76E65A70 Ebp=236E660 Esp=236E648 Eip=771595B4

ADDR: 772F8DEB CODE: 730a jae 0x772f8df7
Eax=EDCCB4E Ebx=7649B498 Ecx=76E65A70 Edx=404000 Edi=2 Esi=76E65A70 Ebp=236E660 Esp=236E63C Eip=772F8DEB

ADDR: 772F09B7 CODE: 747f jz 0x772f0a38
Eax=2 Ebx=251AFB4 Ecx=76E65A70 Edx=251AFB4 Edi=2 Esi=76E65A70 Ebp=236E614 Esp=236E608 Eip=772F09B7

ADDR: 772F09BE CODE: 7378 jae 0x772f0a38
Eax=2 Ebx=251AFB4 Ecx=76E65A70 Edx=251AFB4 Edi=2 Esi=76E65A70 Ebp=236E614 Esp=236E608 Eip=772F09BE

ADDR: 76E65A83 CODE: 790d jns 0x76e65a92
Eax=0 Ebx=7649B498 Ecx=270A188 Edx=0 Edi=2 Esi=76E65A70 Ebp=236E638 Esp=236E638 Eip=76E65A83

ADDR: 771590DC CODE: 7454 jz 0x77159132
Eax=CD7B337 Ebx=7649B498 Ecx=17 Edx=0 Edi=2 Esi=76E500A0 Ebp=236E6AC Esp=236E650 Eip=771590DC

ADDR: 772F8DEB CODE: 730a jae 0x772f8df7
Eax=EDCA014 Ebx=7649B498 Ecx=76E500A0 Edx=104000 Edi=2 Esi=76E500A0 Ebp=236E6AC Esp=236E648 Eip=772F8DEB

ADDR: 772EC686 CODE: 743c jz 0x772ec6c4
Eax=2 Ebx=7649B498 Ecx=270A180 Edx=104000 Edi=2 Esi=251A000 Ebp=236E62C Esp=236E62C Eip=772EC686

ADDR: 772EC68D CODE: 7335 jae 0x772ec6c4
Eax=2 Ebx=7649B498 Ecx=270A180 Edx=104000 Edi=2 Esi=251A000 Ebp=236E62C Esp=236E62C Eip=772EC68D

ADDR: 772EC6AC CODE: 740c jz 0x772ec6ba
Eax=270CAA0 Ebx=7649B498 Ecx=270A180 Edx=0 Edi=2 Esi=2 Ebp=236E62C Esp=236E628 Eip=772EC6AC

ADDR: 772EC6B4 CODE: 7404 jz 0x772ec6ba
Eax=270CAAC Ebx=7649B498 Ecx=270A180 Edx=0 Edi=2 Esi=2 Ebp=236E62C Esp=236E628 Eip=772EC6B4

ADDR: 76E500BD CODE: 791c jns 0x76e500db
Eax=0 Ebx=7649B498 Ecx=236E640 Edx=0 Edi=2 Esi=251A000 Ebp=236E644 Esp=236E63C Eip=76E500BD

ADDR: 772AE69A CODE: 7315 jae 0x772ae6b1
Eax=77235C1C Ebx=7649B498 Ecx=77235C18 Edx=251A000 Edi=76512B30 Esi=76A0C8DC Ebp=236E61C Esp=236E618 Eip=772AE69A

ADDR: 771597A6 CODE: 0f8454720500 jz 0x771b0a00
Eax=236E68C Ebx=76A0C8DC Ecx=236E678 Edx=251A000 Edi=76512B30 Esi=76A0C8DC Ebp=236E620 Esp=236E600 Eip=771597A6

ADDR: 771597D3 CODE: 7479 jz 0x7715984e
Eax=236E68C Ebx=271E2F0 Ecx=17 Edx=5CECC1B7 Edi=271E1F0 Esi=271E2C4 Ebp=236E620 Esp=236E600 Eip=771597D3

ADDR: 772A7B53 CODE: 746e jz 0x772a7bc3
Eax=FFFFFFFE Ebx=77235C18 Ecx=FFFFFFFF Edx=5CECC1B7 Edi=77235C1C Esi=FFFFFFFE Ebp=236E618 Esp=236E604 Eip=772A7B53

ADDR: 771594A4 CODE: 7458 jz 0x771594fe
Eax=64D7B29A Ebx=7649B498 Ecx=17 Edx=5CECC1B7 Edi=2 Esi=76E65A70 Ebp=236E65C Esp=236E644 Eip=771594A4

ADDR: 772F8DEB CODE: 730a jae 0x772f8df7
Eax=EDCCB4E Ebx=7649B498 Ecx=76E65A70 Edx=404000 Edi=2 Esi=76E65A70 Ebp=236E65C Esp=236E638 Eip=772F8DEB

ADDR: 772F09B7 CODE: 747f jz 0x772f0a38
Eax=2 Ebx=251AFB4 Ecx=76E65A70 Edx=251AFB4 Edi=2 Esi=76E65A70 Ebp=236E610 Esp=236E604 Eip=772F09B7

ADDR: 772F09BE CODE: 7378 jae 0x772f0a38
Eax=2 Ebx=251AFB4 Ecx=76E65A70 Edx=251AFB4 Edi=2 Esi=76E65A70 Ebp=236E610 Esp=236E604 Eip=772F09BE

ADDR: 76E65A83 CODE: 790d jns 0x76e65a92
Eax=0 Ebx=7649B498 Ecx=270A188 Edx=0 Edi=2 Esi=76E65A70 Ebp=236E634 Esp=236E634 Eip=76E65A83

ADDR: 77162C46 CODE: 740a jz 0x77162c52
Eax=0 Ebx=7649B498 Ecx=7669E690 Edx=0 Edi=76512B50 Esi=7649B2C4 Ebp=236E6F0 Esp=236E6E4 Eip=77162C46

ADDR: 772F8DEB CODE: 730a jae 0x772f8df7
Eax=ECA256A Ebx=7649B498 Ecx=76512B50 Edx=44444444 Edi=76512B50 Esi=7649B2C4 Ebp=236E6F0 Esp=236E6E0 Eip=772F8DEB

ADDR: 771595B4 CODE: 7458 jz 0x7715960e
Eax=64D7B29A Ebx=7649B498 Ecx=17 Edx=76A0C8DC Edi=2 Esi=76E65A70 Ebp=236E660 Esp=236E648 Eip=771595B4

ADDR: 772F8DEB CODE: 730a jae 0x772f8df7
Eax=EDCCB4E Ebx=7649B498 Ecx=76E65A70 Edx=404000 Edi=2 Esi=76E65A70 Ebp=236E660 Esp=236E63C Eip=772F8DEB

ADDR: 772F09B7 CODE: 747f jz 0x772f0a38
Eax=2 Ebx=251AFB4 Ecx=76E65A70 Edx=251AFB4 Edi=2 Esi=76E65A70 Ebp=236E614 Esp=236E608 Eip=772F09B7

ADDR: 772F09BE CODE: 7378 jae 0x772f0a38
Eax=2 Ebx=251AFB4 Ecx=76E65A70 Edx=251AFB4 Edi=2 Esi=76E65A70 Ebp=236E614 Esp=236E608 Eip=772F09BE

ADDR: 76E65A83 CODE: 790d jns 0x76e65a92
Eax=0 Ebx=7649B498 Ecx=270A188 Edx=0 Edi=2 Esi=76E65A70 Ebp=236E638 Esp=236E638 Eip=76E65A83

ADDR: 771590DC CODE: 7454 jz 0x77159132
Eax=CD7B337 Ebx=7649B498 Ecx=17 Edx=0 Edi=2 Esi=76E500A0 Ebp=236E6AC Esp=236E650 Eip=771590DC

ADDR: 772F8DEB CODE: 730a jae 0x772f8df7
Eax=EDCA014 Ebx=7649B498 Ecx=76E500A0 Edx=104000 Edi=2 Esi=76E500A0 Ebp=236E6AC Esp=236E648 Eip=772F8DEB

ADDR: 772EC686 CODE: 743c jz 0x772ec6c4
Eax=2 Ebx=7649B498 Ecx=270A180 Edx=104000 Edi=2 Esi=251A000 Ebp=236E62C Esp=236E62C Eip=772EC686

ADDR: 772EC68D CODE: 7335 jae 0x772ec6c4
Eax=2 Ebx=7649B498 Ecx=270A180 Edx=104000 Edi=2 Esi=251A000 Ebp=236E62C Esp=236E62C Eip=772EC68D

ADDR: 772EC6AC CODE: 740c jz 0x772ec6ba
Eax=270CAA0 Ebx=7649B498 Ecx=270A180 Edx=0 Edi=2 Esi=2 Ebp=236E62C Esp=236E628 Eip=772EC6AC

ADDR: 772EC6B4 CODE: 7404 jz 0x772ec6ba
Eax=270CAAC Ebx=7649B498 Ecx=270A180 Edx=0 Edi=2 Esi=2 Ebp=236E62C Esp=236E628 Eip=772EC6B4

ADDR: 76E500BD CODE: 791c jns 0x76e500db
Eax=0 Ebx=7649B498 Ecx=236E640 Edx=0 Edi=2 Esi=251A000 Ebp=236E644 Esp=236E63C Eip=76E500BD

ADDR: 772AE69A CODE: 7315 jae 0x772ae6b1
Eax=77235C1C Ebx=7649B498 Ecx=77235C18 Edx=251A000 Edi=76512B50 Esi=76A0C8DC Ebp=236E61C Esp=236E618 Eip=772AE69A

ADDR: 771597A6 CODE: 0f8454720500 jz 0x771b0a00
Eax=236E68C Ebx=76A0C8DC Ecx=236E678 Edx=251A000 Edi=76512B50 Esi=76A0C8DC Ebp=236E620 Esp=236E600 Eip=771597A6

ADDR: 771597D3 CODE: 7479 jz 0x7715984e
Eax=236E68C Ebx=271E2F0 Ecx=17 Edx=5CECC1B7 Edi=271E1F0 Esi=271E2C8 Ebp=236E620 Esp=236E600 Eip=771597D3

ADDR: 772A7B53 CODE: 746e jz 0x772a7bc3
Eax=FFFFFFFE Ebx=77235C18 Ecx=FFFFFFFF Edx=5CECC1B7 Edi=77235C1C Esi=FFFFFFFE Ebp=236E618 Esp=236E604 Eip=772A7B53

ADDR: 771594A4 CODE: 7458 jz 0x771594fe
Eax=64D7B29A Ebx=7649B498 Ecx=17 Edx=5CECC1B7 Edi=2 Esi=76E65A70 Ebp=236E65C Esp=236E644 Eip=771594A4

ADDR: 772F8DEB CODE: 730a jae 0x772f8df7
Eax=EDCCB4E Ebx=7649B498 Ecx=76E65A70 Edx=404000 Edi=2 Esi=76E65A70 Ebp=236E65C Esp=236E638 Eip=772F8DEB

ADDR: 772F09B7 CODE: 747f jz 0x772f0a38
Eax=2 Ebx=251AFB4 Ecx=76E65A70 Edx=251AFB4 Edi=2 Esi=76E65A70 Ebp=236E610 Esp=236E604 Eip=772F09B7

ADDR: 772F09BE CODE: 7378 jae 0x772f0a38
Eax=2 Ebx=251AFB4 Ecx=76E65A70 Edx=251AFB4 Edi=2 Esi=76E65A70 Ebp=236E610 Esp=236E604 Eip=772F09BE

ADDR: 76E65A83 CODE: 790d jns 0x76e65a92
Eax=0 Ebx=7649B498 Ecx=270A188 Edx=0 Edi=2 Esi=76E65A70 Ebp=236E634 Esp=236E634 Eip=76E65A83

ADDR: 77162C46 CODE: 740a jz 0x77162c52
Eax=0 Ebx=7649B498 Ecx=7669E6A0 Edx=0 Edi=76512B70 Esi=7649B2C8 Ebp=236E6F0 Esp=236E6E4 Eip=77162C46

ADDR: 772F8DEB CODE: 730a jae 0x772f8df7
Eax=ECA256E Ebx=7649B498 Ecx=76512B70 Edx=44444444 Edi=76512B70 Esi=7649B2C8 Ebp=236E6F0 Esp=236E6E0 Eip=772F8DEB

ADDR: 771595B4 CODE: 7458 jz 0x7715960e
Eax=64D7B29A Ebx=7649B498 Ecx=17 Edx=76A0C8DC Edi=2 Esi=76E65A70 Ebp=236E660 Esp=236E648 Eip=771595B4

ADDR: 772F8DEB CODE: 730a jae 0x772f8df7
Eax=EDCCB4E Ebx=7649B498 Ecx=76E65A70 Edx=404000 Edi=2 Esi=76E65A70 Ebp=236E660 Esp=236E63C Eip=772F8DEB

ADDR: 772F09B7 CODE: 747f jz 0x772f0a38
Eax=2 Ebx=251AFB4 Ecx=76E65A70 Edx=251AFB4 Edi=2 Esi=76E65A70 Ebp=236E614 Esp=236E608 Eip=772F09B7

ADDR: 772F09BE CODE: 7378 jae 0x772f0a38
Eax=2 Ebx=251AFB4 Ecx=76E65A70 Edx=251AFB4 Edi=2 Esi=76E65A70 Ebp=236E614 Esp=236E608 Eip=772F09BE

ADDR: 76E65A83 CODE: 790d jns 0x76e65a92
Eax=0 Ebx=7649B498 Ecx=270A188 Edx=0 Edi=2 Esi=76E65A70 Ebp=236E638 Esp=236E638 Eip=76E65A83

ADDR: 771590DC CODE: 7454 jz 0x77159132
Eax=CD7B337 Ebx=7649B498 Ecx=17 Edx=0 Edi=2 Esi=76E500A0 Ebp=236E6AC Esp=236E650 Eip=771590DC

ADDR: 772F8DEB CODE: 730a jae 0x772f8df7
Eax=EDCA014 Ebx=7649B498 Ecx=76E500A0 Edx=104000 Edi=2 Esi=76E500A0 Ebp=236E6AC Esp=236E648 Eip=772F8DEB

ADDR: 772EC686 CODE: 743c jz 0x772ec6c4
Eax=2 Ebx=7649B498 Ecx=270A180 Edx=104000 Edi=2 Esi=251A000 Ebp=236E62C Esp=236E62C Eip=772EC686

ADDR: 772EC68D CODE: 7335 jae 0x772ec6c4
Eax=2 Ebx=7649B498 Ecx=270A180 Edx=104000 Edi=2 Esi=251A000 Ebp=236E62C Esp=236E62C Eip=772EC68D

ADDR: 772EC6AC CODE: 740c jz 0x772ec6ba
Eax=270CAA0 Ebx=7649B498 Ecx=270A180 Edx=0 Edi=2 Esi=2 Ebp=236E62C Esp=236E628 Eip=772EC6AC

ADDR: 772EC6B4 CODE: 7404 jz 0x772ec6ba
Eax=270CAAC Ebx=7649B498 Ecx=270A180 Edx=0 Edi=2 Esi=2 Ebp=236E62C Esp=236E628 Eip=772EC6B4

ADDR: 76E500BD CODE: 791c jns 0x76e500db
Eax=0 Ebx=7649B498 Ecx=236E640 Edx=0 Edi=2 Esi=251A000 Ebp=236E644 Esp=236E63C Eip=76E500BD

ADDR: 772AE69A CODE: 7315 jae 0x772ae6b1
Eax=77235C1C Ebx=7649B498 Ecx=77235C18 Edx=251A000 Edi=76512B70 Esi=76A0C8DC Ebp=236E61C Esp=236E618 Eip=772AE69A

ADDR: 771597A6 CODE: 0f8454720500 jz 0x771b0a00
Eax=236E68C Ebx=76A0C8DC Ecx=236E678 Edx=251A000 Edi=76512B70 Esi=76A0C8DC Ebp=236E620 Esp=236E600 Eip=771597A6

ADDR: 771597D3 CODE: 7479 jz 0x7715984e
Eax=236E68C Ebx=271E2F0 Ecx=17 Edx=5CECC1B7 Edi=271E1F0 Esi=271E2CC Ebp=236E620 Esp=236E600 Eip=771597D3

ADDR: 772A7B53 CODE: 746e jz 0x772a7bc3
Eax=FFFFFFFE Ebx=77235C18 Ecx=FFFFFFFF Edx=5CECC1B7 Edi=77235C1C Esi=FFFFFFFE Ebp=236E618 Esp=236E604 Eip=772A7B53

ADDR: 771594A4 CODE: 7458 jz 0x771594fe
Eax=64D7B29A Ebx=7649B498 Ecx=17 Edx=5CECC1B7 Edi=2 Esi=76E65A70 Ebp=236E65C Esp=236E644 Eip=771594A4

ADDR: 772F8DEB CODE: 730a jae 0x772f8df7
Eax=EDCCB4E Ebx=7649B498 Ecx=76E65A70 Edx=404000 Edi=2 Esi=76E65A70 Ebp=236E65C Esp=236E638 Eip=772F8DEB

ADDR: 772F09B7 CODE: 747f jz 0x772f0a38
Eax=2 Ebx=251AFB4 Ecx=76E65A70 Edx=251AFB4 Edi=2 Esi=76E65A70 Ebp=236E610 Esp=236E604 Eip=772F09B7

ADDR: 772F09BE CODE: 7378 jae 0x772f0a38
Eax=2 Ebx=251AFB4 Ecx=76E65A70 Edx=251AFB4 Edi=2 Esi=76E65A70 Ebp=236E610 Esp=236E604 Eip=772F09BE

ADDR: 76E65A83 CODE: 790d jns 0x76e65a92
Eax=0 Ebx=7649B498 Ecx=270A188 Edx=0 Edi=2 Esi=76E65A70 Ebp=236E634 Esp=236E634 Eip=76E65A83

ADDR: 77162C46 CODE: 740a jz 0x77162c52
Eax=0 Ebx=7649B498 Ecx=7669E6B0 Edx=0 Edi=76512B90 Esi=7649B2CC Ebp=236E6F0 Esp=236E6E4 Eip=77162C46

ADDR: 772F8DEB CODE: 730a jae 0x772f8df7
Eax=ECA2572 Ebx=7649B498 Ecx=76512B90 Edx=44444444 Edi=76512B90 Esi=7649B2CC Ebp=236E6F0 Esp=236E6E0 Eip=772F8DEB

ADDR: 771595B4 CODE: 7458 jz 0x7715960e
Eax=64D7B29A Ebx=7649B498 Ecx=17 Edx=76A0C8DC Edi=2 Esi=76E65A70 Ebp=236E660 Esp=236E648 Eip=771595B4

ADDR: 772F8DEB CODE: 730a jae 0x772f8df7
Eax=EDCCB4E Ebx=7649B498 Ecx=76E65A70 Edx=404000 Edi=2 Esi=76E65A70 Ebp=236E660 Esp=236E63C Eip=772F8DEB

ADDR: 772F09B7 CODE: 747f jz 0x772f0a38
Eax=2 Ebx=251AFB4 Ecx=76E65A70 Edx=251AFB4 Edi=2 Esi=76E65A70 Ebp=236E614 Esp=236E608 Eip=772F09B7

ADDR: 772F09BE CODE: 7378 jae 0x772f0a38
Eax=2 Ebx=251AFB4 Ecx=76E65A70 Edx=251AFB4 Edi=2 Esi=76E65A70 Ebp=236E614 Esp=236E608 Eip=772F09BE

ADDR: 76E65A83 CODE: 790d jns 0x76e65a92
Eax=0 Ebx=7649B498 Ecx=270A188 Edx=0 Edi=2 Esi=76E65A70 Ebp=236E638 Esp=236E638 Eip=76E65A83

ADDR: 771590DC CODE: 7454 jz 0x77159132
Eax=CD7B337 Ebx=7649B498 Ecx=17 Edx=0 Edi=2 Esi=76E500A0 Ebp=236E6AC Esp=236E650 Eip=771590DC

ADDR: 772F8DEB CODE: 730a jae 0x772f8df7
Eax=EDCA014 Ebx=7649B498 Ecx=76E500A0 Edx=104000 Edi=2 Esi=76E500A0 Ebp=236E6AC Esp=236E648 Eip=772F8DEB

ADDR: 772EC686 CODE: 743c jz 0x772ec6c4
Eax=2 Ebx=7649B498 Ecx=270A180 Edx=104000 Edi=2 Esi=251A000 Ebp=236E62C Esp=236E62C Eip=772EC686

ADDR: 772EC68D CODE: 7335 jae 0x772ec6c4
Eax=2 Ebx=7649B498 Ecx=270A180 Edx=104000 Edi=2 Esi=251A000 Ebp=236E62C Esp=236E62C Eip=772EC68D

ADDR: 772EC6AC CODE: 740c jz 0x772ec6ba
Eax=270CAA0 Ebx=7649B498 Ecx=270A180 Edx=0 Edi=2 Esi=2 Ebp=236E62C Esp=236E628 Eip=772EC6AC

ADDR: 772EC6B4 CODE: 7404 jz 0x772ec6ba
Eax=270CAAC Ebx=7649B498 Ecx=270A180 Edx=0 Edi=2 Esi=2 Ebp=236E62C Esp=236E628 Eip=772EC6B4

ADDR: 76E500BD CODE: 791c jns 0x76e500db
Eax=0 Ebx=7649B498 Ecx=236E640 Edx=0 Edi=2 Esi=251A000 Ebp=236E644 Esp=236E63C Eip=76E500BD

ADDR: 772AE69A CODE: 7315 jae 0x772ae6b1
Eax=77235C1C Ebx=7649B498 Ecx=77235C18 Edx=251A000 Edi=76512B90 Esi=76A0C8DC Ebp=236E61C Esp=236E618 Eip=772AE69A

ADDR: 771597A6 CODE: 0f8454720500 jz 0x771b0a00
Eax=236E68C Ebx=76A0C8DC Ecx=236E678 Edx=251A000 Edi=76512B90 Esi=76A0C8DC Ebp=236E620 Esp=236E600 Eip=771597A6

ADDR: 771597D3 CODE: 7479 jz 0x7715984e
Eax=236E68C Ebx=271E2F0 Ecx=17 Edx=5CECC1B7 Edi=271E1F0 Esi=271E2D0 Ebp=236E620 Esp=236E600 Eip=771597D3

ADDR: 772A7B53 CODE: 746e jz 0x772a7bc3
Eax=FFFFFFFE Ebx=77235C18 Ecx=FFFFFFFF Edx=5CECC1B7 Edi=77235C1C Esi=FFFFFFFE Ebp=236E618 Esp=236E604 Eip=772A7B53

ADDR: 771594A4 CODE: 7458 jz 0x771594fe
Eax=64D7B29A Ebx=7649B498 Ecx=17 Edx=5CECC1B7 Edi=2 Esi=76E65A70 Ebp=236E65C Esp=236E644 Eip=771594A4

ADDR: 772F8DEB CODE: 730a jae 0x772f8df7
Eax=EDCCB4E Ebx=7649B498 Ecx=76E65A70 Edx=404000 Edi=2 Esi=76E65A70 Ebp=236E65C Esp=236E638 Eip=772F8DEB

ADDR: 772F09B7 CODE: 747f jz 0x772f0a38
Eax=2 Ebx=251AFB4 Ecx=76E65A70 Edx=251AFB4 Edi=2 Esi=76E65A70 Ebp=236E610 Esp=236E604 Eip=772F09B7

ADDR: 772F09BE CODE: 7378 jae 0x772f0a38
Eax=2 Ebx=251AFB4 Ecx=76E65A70 Edx=251AFB4 Edi=2 Esi=76E65A70 Ebp=236E610 Esp=236E604 Eip=772F09BE

ADDR: 76E65A83 CODE: 790d jns 0x76e65a92
Eax=0 Ebx=7649B498 Ecx=270A188 Edx=0 Edi=2 Esi=76E65A70 Ebp=236E634 Esp=236E634 Eip=76E65A83

ADDR: 77162C46 CODE: 740a jz 0x77162c52
Eax=0 Ebx=7649B498 Ecx=7669E6C0 Edx=0 Edi=76512BB0 Esi=7649B2D0 Ebp=236E6F0 Esp=236E6E4 Eip=77162C46

ADDR: 772F8DEB CODE: 730a jae 0x772f8df7
Eax=ECA2576 Ebx=7649B498 Ecx=76512BB0 Edx=44444444 Edi=76512BB0 Esi=7649B2D0 Ebp=236E6F0 Esp=236E6E0 Eip=772F8DEB

ADDR: 771595B4 CODE: 7458 jz 0x7715960e
Eax=64D7B29A Ebx=7649B498 Ecx=17 Edx=76A0C8DC Edi=2 Esi=76E65A70 Ebp=236E660 Esp=236E648 Eip=771595B4

ADDR: 772F8DEB CODE: 730a jae 0x772f8df7
Eax=EDCCB4E Ebx=7649B498 Ecx=76E65A70 Edx=404000 Edi=2 Esi=76E65A70 Ebp=236E660 Esp=236E63C Eip=772F8DEB

ADDR: 772F09B7 CODE: 747f jz 0x772f0a38
Eax=2 Ebx=251AFB4 Ecx=76E65A70 Edx=251AFB4 Edi=2 Esi=76E65A70 Ebp=236E614 Esp=236E608 Eip=772F09B7

ADDR: 772F09BE CODE: 7378 jae 0x772f0a38
Eax=2 Ebx=251AFB4 Ecx=76E65A70 Edx=251AFB4 Edi=2 Esi=76E65A70 Ebp=236E614 Esp=236E608 Eip=772F09BE

ADDR: 76E65A83 CODE: 790d jns 0x76e65a92
Eax=0 Ebx=7649B498 Ecx=270A188 Edx=0 Edi=2 Esi=76E65A70 Ebp=236E638 Esp=236E638 Eip=76E65A83

ADDR: 771590DC CODE: 7454 jz 0x77159132
Eax=CD7B337 Ebx=7649B498 Ecx=17 Edx=0 Edi=2 Esi=76E500A0 Ebp=236E6AC Esp=236E650 Eip=771590DC

ADDR: 772F8DEB CODE: 730a jae 0x772f8df7
Eax=EDCA014 Ebx=7649B498 Ecx=76E500A0 Edx=104000 Edi=2 Esi=76E500A0 Ebp=236E6AC Esp=236E648 Eip=772F8DEB

ADDR: 772EC686 CODE: 743c jz 0x772ec6c4
Eax=2 Ebx=7649B498 Ecx=270A180 Edx=104000 Edi=2 Esi=251A000 Ebp=236E62C Esp=236E62C Eip=772EC686

ADDR: 772EC68D CODE: 7335 jae 0x772ec6c4
Eax=2 Ebx=7649B498 Ecx=270A180 Edx=104000 Edi=2 Esi=251A000 Ebp=236E62C Esp=236E62C Eip=772EC68D

ADDR: 772EC6AC CODE: 740c jz 0x772ec6ba
Eax=270CAA0 Ebx=7649B498 Ecx=270A180 Edx=0 Edi=2 Esi=2 Ebp=236E62C Esp=236E628 Eip=772EC6AC

ADDR: 772EC6B4 CODE: 7404 jz 0x772ec6ba
Eax=270CAAC Ebx=7649B498 Ecx=270A180 Edx=0 Edi=2 Esi=2 Ebp=236E62C Esp=236E628 Eip=772EC6B4

ADDR: 76E500BD CODE: 791c jns 0x76e500db
Eax=0 Ebx=7649B498 Ecx=236E640 Edx=0 Edi=2 Esi=251A000 Ebp=236E644 Esp=236E63C Eip=76E500BD

ADDR: 772AE69A CODE: 7315 jae 0x772ae6b1
Eax=77235C1C Ebx=7649B498 Ecx=77235C18 Edx=251A000 Edi=76512BB0 Esi=76A0C8DC Ebp=236E61C Esp=236E618 Eip=772AE69A

ADDR: 771597A6 CODE: 0f8454720500 jz 0x771b0a00
Eax=236E68C Ebx=76A0C8DC Ecx=236E678 Edx=251A000 Edi=76512BB0 Esi=76A0C8DC Ebp=236E620 Esp=236E600 Eip=771597A6

ADDR: 771597D3 CODE: 7479 jz 0x7715984e
Eax=236E68C Ebx=271E2F0 Ecx=17 Edx=5CECC1B7 Edi=271E1F0 Esi=271E2D4 Ebp=236E620 Esp=236E600 Eip=771597D3

ADDR: 772A7B53 CODE: 746e jz 0x772a7bc3
Eax=FFFFFFFE Ebx=77235C18 Ecx=FFFFFFFF Edx=5CECC1B7 Edi=77235C1C Esi=FFFFFFFE Ebp=236E618 Esp=236E604 Eip=772A7B53

ADDR: 771594A4 CODE: 7458 jz 0x771594fe
Eax=64D7B29A Ebx=7649B498 Ecx=17 Edx=5CECC1B7 Edi=2 Esi=76E65A70 Ebp=236E65C Esp=236E644 Eip=771594A4

ADDR: 772F8DEB CODE: 730a jae 0x772f8df7
Eax=EDCCB4E Ebx=7649B498 Ecx=76E65A70 Edx=404000 Edi=2 Esi=76E65A70 Ebp=236E65C Esp=236E638 Eip=772F8DEB

ADDR: 772F09B7 CODE: 747f jz 0x772f0a38
Eax=2 Ebx=251AFB4 Ecx=76E65A70 Edx=251AFB4 Edi=2 Esi=76E65A70 Ebp=236E610 Esp=236E604 Eip=772F09B7

ADDR: 772F09BE CODE: 7378 jae 0x772f0a38
Eax=2 Ebx=251AFB4 Ecx=76E65A70 Edx=251AFB4 Edi=2 Esi=76E65A70 Ebp=236E610 Esp=236E604 Eip=772F09BE

ADDR: 76E65A83 CODE: 790d jns 0x76e65a92
Eax=0 Ebx=7649B498 Ecx=270A188 Edx=0 Edi=2 Esi=76E65A70 Ebp=236E634 Esp=236E634 Eip=76E65A83

ADDR: 77162C46 CODE: 740a jz 0x77162c52
Eax=0 Ebx=7649B498 Ecx=7669E6D0 Edx=0 Edi=76512BD0 Esi=7649B2D4 Ebp=236E6F0 Esp=236E6E4 Eip=77162C46

ADDR: 772F8DEB CODE: 730a jae 0x772f8df7
Eax=ECA257A Ebx=7649B498 Ecx=76512BD0 Edx=44444444 Edi=76512BD0 Esi=7649B2D4 Ebp=236E6F0 Esp=236E6E0 Eip=772F8DEB

ADDR: 771595B4 CODE: 7458 jz 0x7715960e
Eax=64D7B29A Ebx=7649B498 Ecx=17 Edx=76A0C8DC Edi=2 Esi=76E65A70 Ebp=236E660 Esp=236E648 Eip=771595B4

ADDR: 772F8DEB CODE: 730a jae 0x772f8df7
Eax=EDCCB4E Ebx=7649B498 Ecx=76E65A70 Edx=404000 Edi=2 Esi=76E65A70 Ebp=236E660 Esp=236E63C Eip=772F8DEB

ADDR: 772F09B7 CODE: 747f jz 0x772f0a38
Eax=2 Ebx=251AFB4 Ecx=76E65A70 Edx=251AFB4 Edi=2 Esi=76E65A70 Ebp=236E614 Esp=236E608 Eip=772F09B7

ADDR: 772F09BE CODE: 7378 jae 0x772f0a38
Eax=2 Ebx=251AFB4 Ecx=76E65A70 Edx=251AFB4 Edi=2 Esi=76E65A70 Ebp=236E614 Esp=236E608 Eip=772F09BE

ADDR: 76E65A83 CODE: 790d jns 0x76e65a92
Eax=0 Ebx=7649B498 Ecx=270A188 Edx=0 Edi=2 Esi=76E65A70 Ebp=236E638 Esp=236E638 Eip=76E65A83

ADDR: 771590DC CODE: 7454 jz 0x77159132
Eax=CD7B337 Ebx=7649B498 Ecx=17 Edx=0 Edi=2 Esi=76E500A0 Ebp=236E6AC Esp=236E650 Eip=771590DC

ADDR: 772F8DEB CODE: 730a jae 0x772f8df7
Eax=EDCA014 Ebx=7649B498 Ecx=76E500A0 Edx=104000 Edi=2 Esi=76E500A0 Ebp=236E6AC Esp=236E648 Eip=772F8DEB

ADDR: 772EC686 CODE: 743c jz 0x772ec6c4
Eax=2 Ebx=7649B498 Ecx=270A180 Edx=104000 Edi=2 Esi=251A000 Ebp=236E62C Esp=236E62C Eip=772EC686

ADDR: 772EC68D CODE: 7335 jae 0x772ec6c4
Eax=2 Ebx=7649B498 Ecx=270A180 Edx=104000 Edi=2 Esi=251A000 Ebp=236E62C Esp=236E62C Eip=772EC68D

ADDR: 772EC6AC CODE: 740c jz 0x772ec6ba
Eax=270CAA0 Ebx=7649B498 Ecx=270A180 Edx=0 Edi=2 Esi=2 Ebp=236E62C Esp=236E628 Eip=772EC6AC

ADDR: 772EC6B4 CODE: 7404 jz 0x772ec6ba
Eax=270CAAC Ebx=7649B498 Ecx=270A180 Edx=0 Edi=2 Esi=2 Ebp=236E62C Esp=236E628 Eip=772EC6B4

ADDR: 76E500BD CODE: 791c jns 0x76e500db
Eax=0 Ebx=7649B498 Ecx=236E640 Edx=0 Edi=2 Esi=251A000 Ebp=236E644 Esp=236E63C Eip=76E500BD

ADDR: 772AE69A CODE: 7315 jae 0x772ae6b1
Eax=77235C1C Ebx=7649B498 Ecx=77235C18 Edx=251A000 Edi=76512BD0 Esi=76A0C8DC Ebp=236E61C Esp=236E618 Eip=772AE69A

ADDR: 771597A6 CODE: 0f8454720500 jz 0x771b0a00
Eax=236E68C Ebx=76A0C8DC Ecx=236E678 Edx=251A000 Edi=76512BD0 Esi=76A0C8DC Ebp=236E620 Esp=236E600 Eip=771597A6

ADDR: 771597D3 CODE: 7479 jz 0x7715984e
Eax=236E68C Ebx=271E2F0 Ecx=17 Edx=5CECC1B7 Edi=271E1F0 Esi=271E2D8 Ebp=236E620 Esp=236E600 Eip=771597D3

ADDR: 772A7B53 CODE: 746e jz 0x772a7bc3
Eax=FFFFFFFE Ebx=77235C18 Ecx=FFFFFFFF Edx=5CECC1B7 Edi=77235C1C Esi=FFFFFFFE Ebp=236E618 Esp=236E604 Eip=772A7B53

ADDR: 771594A4 CODE: 7458 jz 0x771594fe
Eax=64D7B29A Ebx=7649B498 Ecx=17 Edx=5CECC1B7 Edi=2 Esi=76E65A70 Ebp=236E65C Esp=236E644 Eip=771594A4

ADDR: 772F8DEB CODE: 730a jae 0x772f8df7
Eax=EDCCB4E Ebx=7649B498 Ecx=76E65A70 Edx=404000 Edi=2 Esi=76E65A70 Ebp=236E65C Esp=236E638 Eip=772F8DEB

ADDR: 772F09B7 CODE: 747f jz 0x772f0a38
Eax=2 Ebx=251AFB4 Ecx=76E65A70 Edx=251AFB4 Edi=2 Esi=76E65A70 Ebp=236E610 Esp=236E604 Eip=772F09B7

ADDR: 772F09BE CODE: 7378 jae 0x772f0a38
Eax=2 Ebx=251AFB4 Ecx=76E65A70 Edx=251AFB4 Edi=2 Esi=76E65A70 Ebp=236E610 Esp=236E604 Eip=772F09BE

ADDR: 76E65A83 CODE: 790d jns 0x76e65a92
Eax=0 Ebx=7649B498 Ecx=270A188 Edx=0 Edi=2 Esi=76E65A70 Ebp=236E634 Esp=236E634 Eip=76E65A83

ADDR: 77162C46 CODE: 740a jz 0x77162c52
Eax=0 Ebx=7649B498 Ecx=7669E6E0 Edx=0 Edi=76512BF0 Esi=7649B2D8 Ebp=236E6F0 Esp=236E6E4 Eip=77162C46

ADDR: 772F8DEB CODE: 730a jae 0x772f8df7
Eax=ECA257E Ebx=7649B498 Ecx=76512BF0 Edx=44444444 Edi=76512BF0 Esi=7649B2D8 Ebp=236E6F0 Esp=236E6E0 Eip=772F8DEB

ADDR: 771595B4 CODE: 7458 jz 0x7715960e
Eax=64D7B29A Ebx=7649B498 Ecx=17 Edx=76A0C8DC Edi=2 Esi=76E65A70 Ebp=236E660 Esp=236E648 Eip=771595B4

ADDR: 772F8DEB CODE: 730a jae 0x772f8df7
Eax=EDCCB4E Ebx=7649B498 Ecx=76E65A70 Edx=404000 Edi=2 Esi=76E65A70 Ebp=236E660 Esp=236E63C Eip=772F8DEB

ADDR: 772F09B7 CODE: 747f jz 0x772f0a38
Eax=2 Ebx=251AFB4 Ecx=76E65A70 Edx=251AFB4 Edi=2 Esi=76E65A70 Ebp=236E614 Esp=236E608 Eip=772F09B7

ADDR: 772F09BE CODE: 7378 jae 0x772f0a38
Eax=2 Ebx=251AFB4 Ecx=76E65A70 Edx=251AFB4 Edi=2 Esi=76E65A70 Ebp=236E614 Esp=236E608 Eip=772F09BE

ADDR: 76E65A83 CODE: 790d jns 0x76e65a92
Eax=0 Ebx=7649B498 Ecx=270A188 Edx=0 Edi=2 Esi=76E65A70 Ebp=236E638 Esp=236E638 Eip=76E65A83

ADDR: 771590DC CODE: 7454 jz 0x77159132
Eax=CD7B337 Ebx=7649B498 Ecx=17 Edx=0 Edi=2 Esi=76E500A0 Ebp=236E6AC Esp=236E650 Eip=771590DC

ADDR: 772F8DEB CODE: 730a jae 0x772f8df7
Eax=EDCA014 Ebx=7649B498 Ecx=76E500A0 Edx=104000 Edi=2 Esi=76E500A0 Ebp=236E6AC Esp=236E648 Eip=772F8DEB

ADDR: 772EC686 CODE: 743c jz 0x772ec6c4
Eax=2 Ebx=7649B498 Ecx=270A180 Edx=104000 Edi=2 Esi=251A000 Ebp=236E62C Esp=236E62C Eip=772EC686

ADDR: 772EC68D CODE: 7335 jae 0x772ec6c4
Eax=2 Ebx=7649B498 Ecx=270A180 Edx=104000 Edi=2 Esi=251A000 Ebp=236E62C Esp=236E62C Eip=772EC68D

ADDR: 772EC6AC CODE: 740c jz 0x772ec6ba
Eax=270CAA0 Ebx=7649B498 Ecx=270A180 Edx=0 Edi=2 Esi=2 Ebp=236E62C Esp=236E628 Eip=772EC6AC

ADDR: 772EC6B4 CODE: 7404 jz 0x772ec6ba
Eax=270CAAC Ebx=7649B498 Ecx=270A180 Edx=0 Edi=2 Esi=2 Ebp=236E62C Esp=236E628 Eip=772EC6B4

ADDR: 76E500BD CODE: 791c jns 0x76e500db
Eax=0 Ebx=7649B498 Ecx=236E640 Edx=0 Edi=2 Esi=251A000 Ebp=236E644 Esp=236E63C Eip=76E500BD

ADDR: 772AE69A CODE: 7315 jae 0x772ae6b1
Eax=77235C1C Ebx=7649B498 Ecx=77235C18 Edx=251A000 Edi=76512BF0 Esi=76A0C8DC Ebp=236E61C Esp=236E618 Eip=772AE69A

ADDR: 771597A6 CODE: 0f8454720500 jz 0x771b0a00
Eax=236E68C Ebx=76A0C8DC Ecx=236E678 Edx=251A000 Edi=76512BF0 Esi=76A0C8DC Ebp=236E620 Esp=236E600 Eip=771597A6

ADDR: 771597D3 CODE: 7479 jz 0x7715984e
Eax=236E68C Ebx=271E2F0 Ecx=17 Edx=5CECC1B7 Edi=271E1F0 Esi=271E2DC Ebp=236E620 Esp=236E600 Eip=771597D3

ADDR: 772A7B53 CODE: 746e jz 0x772a7bc3
Eax=FFFFFFFE Ebx=77235C18 Ecx=FFFFFFFF Edx=5CECC1B7 Edi=77235C1C Esi=FFFFFFFE Ebp=236E618 Esp=236E604 Eip=772A7B53

ADDR: 771594A4 CODE: 7458 jz 0x771594fe
Eax=64D7B29A Ebx=7649B498 Ecx=17 Edx=5CECC1B7 Edi=2 Esi=76E65A70 Ebp=236E65C Esp=236E644 Eip=771594A4

ADDR: 772F8DEB CODE: 730a jae 0x772f8df7
Eax=EDCCB4E Ebx=7649B498 Ecx=76E65A70 Edx=404000 Edi=2 Esi=76E65A70 Ebp=236E65C Esp=236E638 Eip=772F8DEB

ADDR: 772F09B7 CODE: 747f jz 0x772f0a38
Eax=2 Ebx=251AFB4 Ecx=76E65A70 Edx=251AFB4 Edi=2 Esi=76E65A70 Ebp=236E610 Esp=236E604 Eip=772F09B7

ADDR: 772F09BE CODE: 7378 jae 0x772f0a38
Eax=2 Ebx=251AFB4 Ecx=76E65A70 Edx=251AFB4 Edi=2 Esi=76E65A70 Ebp=236E610 Esp=236E604 Eip=772F09BE

ADDR: 76E65A83 CODE: 790d jns 0x76e65a92
Eax=0 Ebx=7649B498 Ecx=270A188 Edx=0 Edi=2 Esi=76E65A70 Ebp=236E634 Esp=236E634 Eip=76E65A83

ADDR: 77162C46 CODE: 740a jz 0x77162c52
Eax=0 Ebx=7649B498 Ecx=7669E6F0 Edx=0 Edi=76512C10 Esi=7649B2DC Ebp=236E6F0 Esp=236E6E4 Eip=77162C46

ADDR: 772F8DEB CODE: 730a jae 0x772f8df7
Eax=ECA2582 Ebx=7649B498 Ecx=76512C10 Edx=11111104 Edi=76512C10 Esi=7649B2DC Ebp=236E6F0 Esp=236E6E0 Eip=772F8DEB

ADDR: 7729680C CODE: 0f8685000000 jbe 0x77296897
Eax=0 Ebx=7649B498 Ecx=2517000 Edx=0 Edi=76512C10 Esi=76A0E878 Ebp=236E6B8 Esp=236E680 Eip=7729680C

ADDR: 7729681B CODE: 745c jz 0x77296879
Eax=0 Ebx=7649B498 Ecx=2517000 Edx=0 Edi=76512C10 Esi=76A0E878 Ebp=236E6B8 Esp=236E680 Eip=7729681B

ADDR: 76E6B7A6 CODE: 0f8837020600 js 0x76ecb9e3
Eax=0 Ebx=7649B498 Ecx=AFCD5626 Edx=20007D0 Edi=76512C10 Esi=7649B2DC Ebp=236E6CC Esp=236E6CC Eip=76E6B7A6

ADDR: 771595B4 CODE: 7458 jz 0x7715960e
Eax=64D7B29A Ebx=7649B498 Ecx=17 Edx=76A0C8DC Edi=2 Esi=76E65A70 Ebp=236E660 Esp=236E648 Eip=771595B4

ADDR: 772F8DEB CODE: 730a jae 0x772f8df7
Eax=EDCCB4E Ebx=7649B498 Ecx=76E65A70 Edx=404000 Edi=2 Esi=76E65A70 Ebp=236E660 Esp=236E63C Eip=772F8DEB

ADDR: 772F09B7 CODE: 747f jz 0x772f0a38
Eax=2 Ebx=251AFB4 Ecx=76E65A70 Edx=251AFB4 Edi=2 Esi=76E65A70 Ebp=236E614 Esp=236E608 Eip=772F09B7

ADDR: 772F09BE CODE: 7378 jae 0x772f0a38
Eax=2 Ebx=251AFB4 Ecx=76E65A70 Edx=251AFB4 Edi=2 Esi=76E65A70 Ebp=236E614 Esp=236E608 Eip=772F09BE

ADDR: 76E65A83 CODE: 790d jns 0x76e65a92
Eax=0 Ebx=7649B498 Ecx=270A188 Edx=0 Edi=2 Esi=76E65A70 Ebp=236E638 Esp=236E638 Eip=76E65A83

ADDR: 771590DC CODE: 7454 jz 0x77159132
Eax=CD7B337 Ebx=7649B498 Ecx=17 Edx=0 Edi=2 Esi=76E500A0 Ebp=236E6AC Esp=236E650 Eip=771590DC

ADDR: 772F8DEB CODE: 730a jae 0x772f8df7
Eax=EDCA014 Ebx=7649B498 Ecx=76E500A0 Edx=104000 Edi=2 Esi=76E500A0 Ebp=236E6AC Esp=236E648 Eip=772F8DEB

ADDR: 772EC686 CODE: 743c jz 0x772ec6c4
Eax=2 Ebx=7649B498 Ecx=270A180 Edx=104000 Edi=2 Esi=251A000 Ebp=236E62C Esp=236E62C Eip=772EC686

ADDR: 772EC68D CODE: 7335 jae 0x772ec6c4
Eax=2 Ebx=7649B498 Ecx=270A180 Edx=104000 Edi=2 Esi=251A000 Ebp=236E62C Esp=236E62C Eip=772EC68D

ADDR: 772EC6AC CODE: 740c jz 0x772ec6ba
Eax=270CAA0 Ebx=7649B498 Ecx=270A180 Edx=0 Edi=2 Esi=2 Ebp=236E62C Esp=236E628 Eip=772EC6AC

ADDR: 772EC6B4 CODE: 7404 jz 0x772ec6ba
Eax=270CAAC Ebx=7649B498 Ecx=270A180 Edx=0 Edi=2 Esi=2 Ebp=236E62C Esp=236E628 Eip=772EC6B4

ADDR: 76E500BD CODE: 791c jns 0x76e500db
Eax=0 Ebx=7649B498 Ecx=236E640 Edx=0 Edi=2 Esi=251A000 Ebp=236E644 Esp=236E63C Eip=76E500BD

ADDR: 772AE69A CODE: 7315 jae 0x772ae6b1
Eax=77235C1C Ebx=7649B498 Ecx=77235C18 Edx=251A000 Edi=76512C10 Esi=76A0C8DC Ebp=236E61C Esp=236E618 Eip=772AE69A

ADDR: 771597A6 CODE: 0f8454720500 jz 0x771b0a00
Eax=236E68C Ebx=76A0C8DC Ecx=236E678 Edx=251A000 Edi=76512C10 Esi=76A0C8DC Ebp=236E620 Esp=236E600 Eip=771597A6

ADDR: 771597D3 CODE: 7479 jz 0x7715984e
Eax=236E68C Ebx=271E2F0 Ecx=17 Edx=5CECC1B7 Edi=271E1F0 Esi=271E2E0 Ebp=236E620 Esp=236E600 Eip=771597D3

ADDR: 772A7B53 CODE: 746e jz 0x772a7bc3
Eax=FFFFFFFE Ebx=77235C18 Ecx=FFFFFFFF Edx=5CECC1B7 Edi=77235C1C Esi=FFFFFFFE Ebp=236E618 Esp=236E604 Eip=772A7B53

ADDR: 771594A4 CODE: 7458 jz 0x771594fe
Eax=64D7B29A Ebx=7649B498 Ecx=17 Edx=5CECC1B7 Edi=2 Esi=76E65A70 Ebp=236E65C Esp=236E644 Eip=771594A4

ADDR: 772F8DEB CODE: 730a jae 0x772f8df7
Eax=EDCCB4E Ebx=7649B498 Ecx=76E65A70 Edx=404000 Edi=2 Esi=76E65A70 Ebp=236E65C Esp=236E638 Eip=772F8DEB

ADDR: 772F09B7 CODE: 747f jz 0x772f0a38
Eax=2 Ebx=251AFB4 Ecx=76E65A70 Edx=251AFB4 Edi=2 Esi=76E65A70 Ebp=236E610 Esp=236E604 Eip=772F09B7

ADDR: 772F09BE CODE: 7378 jae 0x772f0a38
Eax=2 Ebx=251AFB4 Ecx=76E65A70 Edx=251AFB4 Edi=2 Esi=76E65A70 Ebp=236E610 Esp=236E604 Eip=772F09BE

ADDR: 76E65A83 CODE: 790d jns 0x76e65a92
Eax=0 Ebx=7649B498 Ecx=270A188 Edx=0 Edi=2 Esi=76E65A70 Ebp=236E634 Esp=236E634 Eip=76E65A83

ADDR: 77162C46 CODE: 740a jz 0x77162c52
Eax=0 Ebx=7649B498 Ecx=7669E700 Edx=0 Edi=76512C40 Esi=7649B2E0 Ebp=236E6F0 Esp=236E6E4 Eip=77162C46

ADDR: 772F8DEB CODE: 730a jae 0x772f8df7
Eax=ECA2588 Ebx=7649B498 Ecx=76512C40 Edx=11111104 Edi=76512C40 Esi=7649B2E0 Ebp=236E6F0 Esp=236E6E0 Eip=772F8DEB

ADDR: 771595B4 CODE: 7458 jz 0x7715960e
Eax=64D7B29A Ebx=7649B498 Ecx=17 Edx=76A0C8DC Edi=2 Esi=76E65A70 Ebp=236E660 Esp=236E648 Eip=771595B4

ADDR: 772F8DEB CODE: 730a jae 0x772f8df7
Eax=EDCCB4E Ebx=7649B498 Ecx=76E65A70 Edx=404000 Edi=2 Esi=76E65A70 Ebp=236E660 Esp=236E63C Eip=772F8DEB

ADDR: 772F09B7 CODE: 747f jz 0x772f0a38
Eax=2 Ebx=251AFB4 Ecx=76E65A70 Edx=251AFB4 Edi=2 Esi=76E65A70 Ebp=236E614 Esp=236E608 Eip=772F09B7

ADDR: 772F09BE CODE: 7378 jae 0x772f0a38
Eax=2 Ebx=251AFB4 Ecx=76E65A70 Edx=251AFB4 Edi=2 Esi=76E65A70 Ebp=236E614 Esp=236E608 Eip=772F09BE

ADDR: 76E65A83 CODE: 790d jns 0x76e65a92
Eax=0 Ebx=7649B498 Ecx=270A188 Edx=0 Edi=2 Esi=76E65A70 Ebp=236E638 Esp=236E638 Eip=76E65A83

ADDR: 771590DC CODE: 7454 jz 0x77159132
Eax=CD7B337 Ebx=7649B498 Ecx=17 Edx=0 Edi=2 Esi=76E500A0 Ebp=236E6AC Esp=236E650 Eip=771590DC

ADDR: 772F8DEB CODE: 730a jae 0x772f8df7
Eax=EDCA014 Ebx=7649B498 Ecx=76E500A0 Edx=104000 Edi=2 Esi=76E500A0 Ebp=236E6AC Esp=236E648 Eip=772F8DEB

ADDR: 772EC686 CODE: 743c jz 0x772ec6c4
Eax=2 Ebx=7649B498 Ecx=270A180 Edx=104000 Edi=2 Esi=251A000 Ebp=236E62C Esp=236E62C Eip=772EC686

ADDR: 772EC68D CODE: 7335 jae 0x772ec6c4
Eax=2 Ebx=7649B498 Ecx=270A180 Edx=104000 Edi=2 Esi=251A000 Ebp=236E62C Esp=236E62C Eip=772EC68D

ADDR: 772EC6AC CODE: 740c jz 0x772ec6ba
Eax=270CAA0 Ebx=7649B498 Ecx=270A180 Edx=0 Edi=2 Esi=2 Ebp=236E62C Esp=236E628 Eip=772EC6AC

ADDR: 772EC6B4 CODE: 7404 jz 0x772ec6ba
Eax=270CAAC Ebx=7649B498 Ecx=270A180 Edx=0 Edi=2 Esi=2 Ebp=236E62C Esp=236E628 Eip=772EC6B4

ADDR: 76E500BD CODE: 791c jns 0x76e500db
Eax=0 Ebx=7649B498 Ecx=236E640 Edx=0 Edi=2 Esi=251A000 Ebp=236E644 Esp=236E63C Eip=76E500BD

ADDR: 772AE69A CODE: 7315 jae 0x772ae6b1
Eax=77235C1C Ebx=7649B498 Ecx=77235C18 Edx=251A000 Edi=76512C40 Esi=76A0C8DC Ebp=236E61C Esp=236E618 Eip=772AE69A

ADDR: 771597A6 CODE: 0f8454720500 jz 0x771b0a00
Eax=236E68C Ebx=76A0C8DC Ecx=236E678 Edx=251A000 Edi=76512C40 Esi=76A0C8DC Ebp=236E620 Esp=236E600 Eip=771597A6

ADDR: 771597D3 CODE: 7479 jz 0x7715984e
Eax=236E68C Ebx=271E2F0 Ecx=17 Edx=5CECC1B7 Edi=271E1F0 Esi=271E2E4 Ebp=236E620 Esp=236E600 Eip=771597D3

ADDR: 772A7B53 CODE: 746e jz 0x772a7bc3
Eax=FFFFFFFE Ebx=77235C18 Ecx=FFFFFFFF Edx=5CECC1B7 Edi=77235C1C Esi=FFFFFFFE Ebp=236E618 Esp=236E604 Eip=772A7B53

ADDR: 771594A4 CODE: 7458 jz 0x771594fe
Eax=64D7B29A Ebx=7649B498 Ecx=17 Edx=5CECC1B7 Edi=2 Esi=76E65A70 Ebp=236E65C Esp=236E644 Eip=771594A4

ADDR: 772F8DEB CODE: 730a jae 0x772f8df7
Eax=EDCCB4E Ebx=7649B498 Ecx=76E65A70 Edx=404000 Edi=2 Esi=76E65A70 Ebp=236E65C Esp=236E638 Eip=772F8DEB

ADDR: 772F09B7 CODE: 747f jz 0x772f0a38
Eax=2 Ebx=251AFB4 Ecx=76E65A70 Edx=251AFB4 Edi=2 Esi=76E65A70 Ebp=236E610 Esp=236E604 Eip=772F09B7

ADDR: 772F09BE CODE: 7378 jae 0x772f0a38
Eax=2 Ebx=251AFB4 Ecx=76E65A70 Edx=251AFB4 Edi=2 Esi=76E65A70 Ebp=236E610 Esp=236E604 Eip=772F09BE

ADDR: 76E65A83 CODE: 790d jns 0x76e65a92
Eax=0 Ebx=7649B498 Ecx=270A188 Edx=0 Edi=2 Esi=76E65A70 Ebp=236E634 Esp=236E634 Eip=76E65A83

ADDR: 77162C46 CODE: 740a jz 0x77162c52
Eax=0 Ebx=7649B498 Ecx=7669E730 Edx=0 Edi=76512C60 Esi=7649B2E4 Ebp=236E6F0 Esp=236E6E4 Eip=77162C46

ADDR: 772F8DEB CODE: 730a jae 0x772f8df7
Eax=ECA258C Ebx=7649B498 Ecx=76512C60 Edx=11111104 Edi=76512C60 Esi=7649B2E4 Ebp=236E6F0 Esp=236E6E0 Eip=772F8DEB

ADDR: 771595B4 CODE: 7458 jz 0x7715960e
Eax=64D7B29A Ebx=7649B498 Ecx=17 Edx=76A0C8DC Edi=2 Esi=76E65A70 Ebp=236E660 Esp=236E648 Eip=771595B4

ADDR: 772F8DEB CODE: 730a jae 0x772f8df7
Eax=EDCCB4E Ebx=7649B498 Ecx=76E65A70 Edx=404000 Edi=2 Esi=76E65A70 Ebp=236E660 Esp=236E63C Eip=772F8DEB

ADDR: 772F09B7 CODE: 747f jz 0x772f0a38
Eax=2 Ebx=251AFB4 Ecx=76E65A70 Edx=251AFB4 Edi=2 Esi=76E65A70 Ebp=236E614 Esp=236E608 Eip=772F09B7

ADDR: 772F09BE CODE: 7378 jae 0x772f0a38
Eax=2 Ebx=251AFB4 Ecx=76E65A70 Edx=251AFB4 Edi=2 Esi=76E65A70 Ebp=236E614 Esp=236E608 Eip=772F09BE

ADDR: 76E65A83 CODE: 790d jns 0x76e65a92
Eax=0 Ebx=7649B498 Ecx=270A188 Edx=0 Edi=2 Esi=76E65A70 Ebp=236E638 Esp=236E638 Eip=76E65A83

ADDR: 771590DC CODE: 7454 jz 0x77159132
Eax=CD7B337 Ebx=7649B498 Ecx=17 Edx=0 Edi=2 Esi=76E500A0 Ebp=236E6AC Esp=236E650 Eip=771590DC

ADDR: 772F8DEB CODE: 730a jae 0x772f8df7
Eax=EDCA014 Ebx=7649B498 Ecx=76E500A0 Edx=104000 Edi=2 Esi=76E500A0 Ebp=236E6AC Esp=236E648 Eip=772F8DEB

ADDR: 772EC686 CODE: 743c jz 0x772ec6c4
Eax=2 Ebx=7649B498 Ecx=270A180 Edx=104000 Edi=2 Esi=251A000 Ebp=236E62C Esp=236E62C Eip=772EC686

ADDR: 772EC68D CODE: 7335 jae 0x772ec6c4
Eax=2 Ebx=7649B498 Ecx=270A180 Edx=104000 Edi=2 Esi=251A000 Ebp=236E62C Esp=236E62C Eip=772EC68D

ADDR: 772EC6AC CODE: 740c jz 0x772ec6ba
Eax=270CAA0 Ebx=7649B498 Ecx=270A180 Edx=0 Edi=2 Esi=2 Ebp=236E62C Esp=236E628 Eip=772EC6AC

ADDR: 772EC6B4 CODE: 7404 jz 0x772ec6ba
Eax=270CAAC Ebx=7649B498 Ecx=270A180 Edx=0 Edi=2 Esi=2 Ebp=236E62C Esp=236E628 Eip=772EC6B4

ADDR: 76E500BD CODE: 791c jns 0x76e500db
Eax=0 Ebx=7649B498 Ecx=236E640 Edx=0 Edi=2 Esi=251A000 Ebp=236E644 Esp=236E63C Eip=76E500BD

ADDR: 772AE69A CODE: 7315 jae 0x772ae6b1
Eax=77235C1C Ebx=7649B498 Ecx=77235C18 Edx=251A000 Edi=76512C60 Esi=76A0C8DC Ebp=236E61C Esp=236E618 Eip=772AE69A

ADDR: 771597A6 CODE: 0f8454720500 jz 0x771b0a00
Eax=236E68C Ebx=76A0C8DC Ecx=236E678 Edx=251A000 Edi=76512C60 Esi=76A0C8DC Ebp=236E620 Esp=236E600 Eip=771597A6

ADDR: 771597D3 CODE: 7479 jz 0x7715984e
Eax=236E68C Ebx=271E2F0 Ecx=17 Edx=5CECC1B7 Edi=271E1F0 Esi=271E2E8 Ebp=236E620 Esp=236E600 Eip=771597D3

ADDR: 772A7B53 CODE: 746e jz 0x772a7bc3
Eax=FFFFFFFE Ebx=77235C18 Ecx=FFFFFFFF Edx=5CECC1B7 Edi=77235C1C Esi=FFFFFFFE Ebp=236E618 Esp=236E604 Eip=772A7B53

ADDR: 771594A4 CODE: 7458 jz 0x771594fe
Eax=64D7B29A Ebx=7649B498 Ecx=17 Edx=5CECC1B7 Edi=2 Esi=76E65A70 Ebp=236E65C Esp=236E644 Eip=771594A4

ADDR: 772F8DEB CODE: 730a jae 0x772f8df7
Eax=EDCCB4E Ebx=7649B498 Ecx=76E65A70 Edx=404000 Edi=2 Esi=76E65A70 Ebp=236E65C Esp=236E638 Eip=772F8DEB

ADDR: 772F09B7 CODE: 747f jz 0x772f0a38
Eax=2 Ebx=251AFB4 Ecx=76E65A70 Edx=251AFB4 Edi=2 Esi=76E65A70 Ebp=236E610 Esp=236E604 Eip=772F09B7

ADDR: 772F09BE CODE: 7378 jae 0x772f0a38
Eax=2 Ebx=251AFB4 Ecx=76E65A70 Edx=251AFB4 Edi=2 Esi=76E65A70 Ebp=236E610 Esp=236E604 Eip=772F09BE

ADDR: 76E65A83 CODE: 790d jns 0x76e65a92
Eax=0 Ebx=7649B498 Ecx=270A188 Edx=0 Edi=2 Esi=76E65A70 Ebp=236E634 Esp=236E634 Eip=76E65A83

ADDR: 77162C46 CODE: 740a jz 0x77162c52
Eax=0 Ebx=7649B498 Ecx=7669E740 Edx=0 Edi=76512C80 Esi=7649B2E8 Ebp=236E6F0 Esp=236E6E4 Eip=77162C46

ADDR: 772F8DEB CODE: 730a jae 0x772f8df7
Eax=ECA2590 Ebx=7649B498 Ecx=76512C80 Edx=11111104 Edi=76512C80 Esi=7649B2E8 Ebp=236E6F0 Esp=236E6E0 Eip=772F8DEB

ADDR: 771595B4 CODE: 7458 jz 0x7715960e
Eax=64D7B29A Ebx=7649B498 Ecx=17 Edx=76A0C8DC Edi=2 Esi=76E65A70 Ebp=236E660 Esp=236E648 Eip=771595B4

ADDR: 772F8DEB CODE: 730a jae 0x772f8df7
Eax=EDCCB4E Ebx=7649B498 Ecx=76E65A70 Edx=404000 Edi=2 Esi=76E65A70 Ebp=236E660 Esp=236E63C Eip=772F8DEB

ADDR: 772F09B7 CODE: 747f jz 0x772f0a38
Eax=2 Ebx=251AFB4 Ecx=76E65A70 Edx=251AFB4 Edi=2 Esi=76E65A70 Ebp=236E614 Esp=236E608 Eip=772F09B7

ADDR: 772F09BE CODE: 7378 jae 0x772f0a38
Eax=2 Ebx=251AFB4 Ecx=76E65A70 Edx=251AFB4 Edi=2 Esi=76E65A70 Ebp=236E614 Esp=236E608 Eip=772F09BE

ADDR: 76E65A83 CODE: 790d jns 0x76e65a92
Eax=0 Ebx=7649B498 Ecx=270A188 Edx=0 Edi=2 Esi=76E65A70 Ebp=236E638 Esp=236E638 Eip=76E65A83

ADDR: 771590DC CODE: 7454 jz 0x77159132
Eax=CD7B337 Ebx=7649B498 Ecx=17 Edx=0 Edi=2 Esi=76E500A0 Ebp=236E6AC Esp=236E650 Eip=771590DC

ADDR: 772F8DEB CODE: 730a jae 0x772f8df7
Eax=EDCA014 Ebx=7649B498 Ecx=76E500A0 Edx=104000 Edi=2 Esi=76E500A0 Ebp=236E6AC Esp=236E648 Eip=772F8DEB

ADDR: 772EC686 CODE: 743c jz 0x772ec6c4
Eax=2 Ebx=7649B498 Ecx=270A180 Edx=104000 Edi=2 Esi=251A000 Ebp=236E62C Esp=236E62C Eip=772EC686

ADDR: 772EC68D CODE: 7335 jae 0x772ec6c4
Eax=2 Ebx=7649B498 Ecx=270A180 Edx=104000 Edi=2 Esi=251A000 Ebp=236E62C Esp=236E62C Eip=772EC68D

ADDR: 772EC6AC CODE: 740c jz 0x772ec6ba
Eax=270CAA0 Ebx=7649B498 Ecx=270A180 Edx=0 Edi=2 Esi=2 Ebp=236E62C Esp=236E628 Eip=772EC6AC

ADDR: 772EC6B4 CODE: 7404 jz 0x772ec6ba
Eax=270CAAC Ebx=7649B498 Ecx=270A180 Edx=0 Edi=2 Esi=2 Ebp=236E62C Esp=236E628 Eip=772EC6B4

ADDR: 76E500BD CODE: 791c jns 0x76e500db
Eax=0 Ebx=7649B498 Ecx=236E640 Edx=0 Edi=2 Esi=251A000 Ebp=236E644 Esp=236E63C Eip=76E500BD

ADDR: 772AE69A CODE: 7315 jae 0x772ae6b1
Eax=77235C1C Ebx=7649B498 Ecx=77235C18 Edx=251A000 Edi=76512C80 Esi=76A0C8DC Ebp=236E61C Esp=236E618 Eip=772AE69A

ADDR: 771597A6 CODE: 0f8454720500 jz 0x771b0a00
Eax=236E68C Ebx=76A0C8DC Ecx=236E678 Edx=251A000 Edi=76512C80 Esi=76A0C8DC Ebp=236E620 Esp=236E600 Eip=771597A6

ADDR: 771597D3 CODE: 7479 jz 0x7715984e
Eax=236E68C Ebx=271E2F0 Ecx=17 Edx=5CECC1B7 Edi=271E1F0 Esi=271E2EC Ebp=236E620 Esp=236E600 Eip=771597D3

ADDR: 772A7B53 CODE: 746e jz 0x772a7bc3
Eax=FFFFFFFE Ebx=77235C18 Ecx=FFFFFFFF Edx=5CECC1B7 Edi=77235C1C Esi=FFFFFFFE Ebp=236E618 Esp=236E604 Eip=772A7B53

ADDR: 771594A4 CODE: 7458 jz 0x771594fe
Eax=64D7B29A Ebx=7649B498 Ecx=17 Edx=5CECC1B7 Edi=2 Esi=76E65A70 Ebp=236E65C Esp=236E644 Eip=771594A4

ADDR: 772F8DEB CODE: 730a jae 0x772f8df7
Eax=EDCCB4E Ebx=7649B498 Ecx=76E65A70 Edx=404000 Edi=2 Esi=76E65A70 Ebp=236E65C Esp=236E638 Eip=772F8DEB

ADDR: 772F09B7 CODE: 747f jz 0x772f0a38
Eax=2 Ebx=251AFB4 Ecx=76E65A70 Edx=251AFB4 Edi=2 Esi=76E65A70 Ebp=236E610 Esp=236E604 Eip=772F09B7

ADDR: 772F09BE CODE: 7378 jae 0x772f0a38
Eax=2 Ebx=251AFB4 Ecx=76E65A70 Edx=251AFB4 Edi=2 Esi=76E65A70 Ebp=236E610 Esp=236E604 Eip=772F09BE

ADDR: 76E65A83 CODE: 790d jns 0x76e65a92
Eax=0 Ebx=7649B498 Ecx=270A188 Edx=0 Edi=2 Esi=76E65A70 Ebp=236E634 Esp=236E634 Eip=76E65A83

ADDR: 77162C46 CODE: 740a jz 0x77162c52
Eax=0 Ebx=7649B498 Ecx=7669E750 Edx=0 Edi=76512CA0 Esi=7649B2EC Ebp=236E6F0 Esp=236E6E4 Eip=77162C46

ADDR: 772F8DEB CODE: 730a jae 0x772f8df7
Eax=ECA2594 Ebx=7649B498 Ecx=76512CA0 Edx=11111104 Edi=76512CA0 Esi=7649B2EC Ebp=236E6F0 Esp=236E6E0 Eip=772F8DEB

ADDR: 771595B4 CODE: 7458 jz 0x7715960e
Eax=64D7B29A Ebx=7649B498 Ecx=17 Edx=76A0C8DC Edi=2 Esi=76E65A70 Ebp=236E660 Esp=236E648 Eip=771595B4

ADDR: 772F8DEB CODE: 730a jae 0x772f8df7
Eax=EDCCB4E Ebx=7649B498 Ecx=76E65A70 Edx=404000 Edi=2 Esi=76E65A70 Ebp=236E660 Esp=236E63C Eip=772F8DEB

ADDR: 772F09B7 CODE: 747f jz 0x772f0a38
Eax=2 Ebx=251AFB4 Ecx=76E65A70 Edx=251AFB4 Edi=2 Esi=76E65A70 Ebp=236E614 Esp=236E608 Eip=772F09B7

ADDR: 772F09BE CODE: 7378 jae 0x772f0a38
Eax=2 Ebx=251AFB4 Ecx=76E65A70 Edx=251AFB4 Edi=2 Esi=76E65A70 Ebp=236E614 Esp=236E608 Eip=772F09BE

ADDR: 76E65A83 CODE: 790d jns 0x76e65a92
Eax=0 Ebx=7649B498 Ecx=270A188 Edx=0 Edi=2 Esi=76E65A70 Ebp=236E638 Esp=236E638 Eip=76E65A83

ADDR: 771590DC CODE: 7454 jz 0x77159132
Eax=CD7B337 Ebx=7649B498 Ecx=17 Edx=0 Edi=2 Esi=76E500A0 Ebp=236E6AC Esp=236E650 Eip=771590DC

ADDR: 772F8DEB CODE: 730a jae 0x772f8df7
Eax=EDCA014 Ebx=7649B498 Ecx=76E500A0 Edx=104000 Edi=2 Esi=76E500A0 Ebp=236E6AC Esp=236E648 Eip=772F8DEB

ADDR: 772EC686 CODE: 743c jz 0x772ec6c4
Eax=2 Ebx=7649B498 Ecx=270A180 Edx=104000 Edi=2 Esi=251A000 Ebp=236E62C Esp=236E62C Eip=772EC686

ADDR: 772EC68D CODE: 7335 jae 0x772ec6c4
Eax=2 Ebx=7649B498 Ecx=270A180 Edx=104000 Edi=2 Esi=251A000 Ebp=236E62C Esp=236E62C Eip=772EC68D

ADDR: 772EC6AC CODE: 740c jz 0x772ec6ba
Eax=270CAA0 Ebx=7649B498 Ecx=270A180 Edx=0 Edi=2 Esi=2 Ebp=236E62C Esp=236E628 Eip=772EC6AC

ADDR: 772EC6B4 CODE: 7404 jz 0x772ec6ba
Eax=270CAAC Ebx=7649B498 Ecx=270A180 Edx=0 Edi=2 Esi=2 Ebp=236E62C Esp=236E628 Eip=772EC6B4

ADDR: 76E500BD CODE: 791c jns 0x76e500db
Eax=0 Ebx=7649B498 Ecx=236E640 Edx=0 Edi=2 Esi=251A000 Ebp=236E644 Esp=236E63C Eip=76E500BD

ADDR: 772AE69A CODE: 7315 jae 0x772ae6b1
Eax=77235C1C Ebx=7649B498 Ecx=77235C18 Edx=251A000 Edi=76512CA0 Esi=76A0C8DC Ebp=236E61C Esp=236E618 Eip=772AE69A

ADDR: 771597A6 CODE: 0f8454720500 jz 0x771b0a00
Eax=236E68C Ebx=76A0C8DC Ecx=236E678 Edx=251A000 Edi=76512CA0 Esi=76A0C8DC Ebp=236E620 Esp=236E600 Eip=771597A6

ADDR: 771597D3 CODE: 7479 jz 0x7715984e
Eax=236E68C Ebx=271E2F0 Ecx=17 Edx=5CECC1B7 Edi=271E1F0 Esi=271E2F0 Ebp=236E620 Esp=236E600 Eip=771597D3

ADDR: 77159859 CODE: 0f876f710500 ja 0x771b09ce
Eax=236E68C Ebx=40 Ecx=17 Edx=5CECC1B7 Edi=271E1F0 Esi=271E2F0 Ebp=236E620 Esp=236E600 Eip=77159859

ADDR: 77159875 CODE: 0f825d710500 jb 0x771b09d8
Eax=40 Ebx=40 Ecx=17 Edx=5CECC1B7 Edi=271E1F0 Esi=80 Ebp=236E620 Esp=236E600 Eip=77159875

ADDR: 771543BC CODE: 0f84d3000000 jz 0x77154495
Eax=40 Ebx=40 Ecx=271E1F0 Edx=80 Edi=271E1F0 Esi=80 Ebp=236E5F4 Esp=236E5E0 Eip=771543BC

ADDR: 771543CC CODE: 0f83c3000000 jae 0x77154495
Eax=1FFFFFF Ebx=40 Ecx=271E1F0 Edx=60 Edi=271E1F0 Esi=80 Ebp=236E5F4 Esp=236E5E0 Eip=771543CC

ADDR: 77154499 CODE: 740c jz 0x771544a7
Eax=1FFFFFF Ebx=40 Ecx=271E1F0 Edx=60 Edi=0 Esi=80 Ebp=236E5F4 Esp=236E5E0 Eip=77154499

ADDR: 772BA7B4 CODE: 0f8432bc0400 jz 0x773063ec
Eax=1FFFFFF Ebx=271E1F0 Ecx=271E1F0 Edx=60 Edi=0 Esi=2700000 Ebp=236E5BC Esp=236E5A8 Eip=772BA7B4

ADDR: 772BA7C1 CODE: 0f843bbc0400 jz 0x77306402
Eax=1FFFFFF Ebx=271E1F0 Ecx=271E1F0 Edx=60 Edi=0 Esi=2700000 Ebp=236E5BC Esp=236E5A8 Eip=772BA7C1

ADDR: 772BA7E6 CODE: 7445 jz 0x772ba82d
Eax=1FFFFFF Ebx=271E1F0 Ecx=271E1F0 Edx=0 Edi=0 Esi=2700000 Ebp=236E5BC Esp=236E5A8 Eip=772BA7E6

ADDR: 772BA7FF CODE: 0f8483bc0400 jz 0x77306488
Eax=1FFFFFF Ebx=271E1F0 Ecx=271E1E8 Edx=0 Edi=0 Esi=2700000 Ebp=236E5BC Esp=236E5A8 Eip=772BA7FF

ADDR: 772BA80A CODE: 0f84a4bc0400 jz 0x773064b4
Eax=1FFFF08 Ebx=271E1F0 Ecx=271E1E8 Edx=0 Edi=0 Esi=2700000 Ebp=236E5BC Esp=236E5A8 Eip=772BA80A

ADDR: 772BA812 CODE: 783f js 0x772ba853
Eax=1FFFF08 Ebx=271E1F0 Ecx=271E1E8 Edx=0 Edi=0 Esi=2700000 Ebp=236E5BC Esp=236E5A8 Eip=772BA812

ADDR: 772BA818 CODE: 0f8490000000 jz 0x772ba8ae
Eax=1FFFF08 Ebx=271E1F0 Ecx=271E1E8 Edx=0 Edi=0 Esi=2700000 Ebp=236E5BC Esp=236E5A8 Eip=772BA818

ADDR: 772BA823 CODE: 7403 jz 0x772ba828
Eax=E3B0AD85 Ebx=271E1F0 Ecx=271E1E8 Edx=0 Edi=0 Esi=2700000 Ebp=236E5BC Esp=236E5A8 Eip=772BA823

ADDR: 772BA879 CODE: 0f845abc0400 jz 0x773064d9
Eax=21 Ebx=271E1F0 Ecx=271E1E8 Edx=8 Edi=21 Esi=2700000 Ebp=236E5BC Esp=236E5A8 Eip=772BA879

ADDR: 772BA88E CODE: 0f8464bc0400 jz 0x773064f8
Eax=8 Ebx=271E1F0 Ecx=271E1E8 Edx=8 Edi=21 Esi=2700000 Ebp=236E5BC Esp=236E5A8 Eip=772BA88E

ADDR: 77155E66 CODE: 0f8683000000 jbe 0x77155eef
Eax=100 Ebx=271E1F0 Ecx=271E1F0 Edx=100 Edi=0 Esi=200 Ebp=236E5D0 Esp=236E5C0 Eip=77155E66

ADDR: 772B5621 CODE: 0f84b2fb0400 jz 0x773051d9
Eax=100 Ebx=0 Ecx=271E1F0 Edx=100 Edi=0 Esi=2700000 Ebp=236E5A8 Esp=236E5A0 Eip=772B5621

ADDR: 772B5630 CODE: 0f84b8fb0400 jz 0x773051ee
Eax=100 Ebx=0 Ecx=2700000 Edx=100 Edi=0 Esi=2700000 Ebp=236E5A8 Esp=236E5A0 Eip=772B5630

ADDR: 772B5800 CODE: 7402 jz 0x772b5804
Eax=271E1F0 Ebx=0 Ecx=0 Edx=0 Edi=2700000 Esi=200 Ebp=236E588 Esp=236E500 Eip=772B5800

ADDR: 772B5806 CODE: 7405 jz 0x772b580d
Eax=271E1F0 Ebx=0 Ecx=0 Edx=0 Edi=2700000 Esi=200 Ebp=236E588 Esp=236E500 Eip=772B5806

ADDR: 772B581D CODE: 7410 jz 0x772b582f
Eax=271E1F0 Ebx=0 Ecx=0 Edx=0 Edi=2700000 Esi=200 Ebp=236E588 Esp=236E500 Eip=772B581D

ADDR: 772B584B CODE: 7425 jz 0x772b5872
Eax=271E1F0 Ebx=0 Ecx=0 Edx=0 Edi=2700000 Esi=200 Ebp=236E588 Esp=236E500 Eip=772B584B

ADDR: 772B5876 CODE: 740d jz 0x772b5885
Eax=271E1F0 Ebx=0 Ecx=0 Edx=0 Edi=2700000 Esi=200 Ebp=236E588 Esp=236E500 Eip=772B5876

ADDR: 772B5DC4 CODE: 0f84c2010000 jz 0x772b5f8c
Eax=236E4E0 Ebx=2 Ecx=271E1E8 Edx=2700000 Edi=2700000 Esi=271E1E8 Ebp=236E4F0 Esp=236E408 Eip=772B5DC4

ADDR: 772B5DCE CODE: 0f8db8010000 jge 0x772b5f8c
Eax=236E4E0 Ebx=2 Ecx=271E1E8 Edx=2700000 Edi=2700000 Esi=271E1E8 Ebp=236E4F0 Esp=236E408 Eip=772B5DCE

ADDR: 772B5FC5 CODE: 7429 jz 0x772b5ff0
Eax=236E4E0 Ebx=2 Ecx=271E1E8 Edx=2 Edi=2700000 Esi=271E1E8 Ebp=236E4F0 Esp=236E408 Eip=772B5FC5

ADDR: 772B5FF8 CODE: 763a jbe 0x772b6034
Eax=200 Ebx=2 Ecx=271E1E8 Edx=2 Edi=2700000 Esi=271E1E8 Ebp=236E4F0 Esp=236E408 Eip=772B5FF8

ADDR: 772B6052 CODE: 7305 jae 0x772b6059
Eax=208 Ebx=2700000 Ecx=200 Edx=2 Edi=2700000 Esi=271E1E8 Ebp=236E4F0 Esp=236E408 Eip=772B6052

ADDR: 772B6089 CODE: 730f jae 0x772b609a
Eax=270025C Ebx=2700000 Ecx=2700258 Edx=251A000 Edi=2700000 Esi=271E1E8 Ebp=236E4F0 Esp=236E408 Eip=772B6089

ADDR: 772B615D CODE: 741c jz 0x772b617b
Eax=6858 Ebx=2700000 Ecx=271E1E8 Edx=251A000 Edi=2700000 Esi=271E1E8 Ebp=236E4F0 Esp=236E408 Eip=772B615D

ADDR: 772B616F CODE: 740a jz 0x772b617b
Eax=C3B1AD20 Ebx=2700000 Ecx=271E1E8 Edx=251A000 Edi=2700000 Esi=271E1E8 Ebp=236E4F0 Esp=236E408 Eip=772B616F

ADDR: 772B618C CODE: 7304 jae 0x772b6192
Eax=2700270 Ebx=80 Ecx=21 Edx=251A000 Edi=2700000 Esi=271E1E8 Ebp=236E4F0 Esp=236E408 Eip=772B618C

ADDR: 772B61A1 CODE: 731d jae 0x772b61c0
Eax=2700270 Ebx=80 Ecx=21 Edx=21 Edi=2700000 Esi=271E1E8 Ebp=236E4F0 Esp=236E408 Eip=772B61A1

ADDR: 772B61AE CODE: 7402 jz 0x772b61b2
Eax=2700270 Ebx=80 Ecx=21 Edx=21 Edi=2700000 Esi=271E1E8 Ebp=236E4F0 Esp=236E408 Eip=772B61AE

ADDR: 772B61E0 CODE: 7404 jz 0x772b61e6
Eax=2700328 Ebx=80 Ecx=21 Edx=21 Edi=2700000 Esi=271E1E8 Ebp=236E4F0 Esp=236E408 Eip=772B61E0

ADDR: 772B62AA CODE: 740f jz 0x772b62bb
Eax=271E1EF Ebx=8 Ecx=8 Edx=21 Edi=2700000 Esi=271E1E8 Ebp=236E4F0 Esp=236E408 Eip=772B62AA

ADDR: 772B62C1 CODE: 7405 jz 0x772b62c8
Eax=271E108 Ebx=8 Ecx=8 Edx=21 Edi=2700000 Esi=271E1E8 Ebp=236E4F0 Esp=236E408 Eip=772B62C1

ADDR: 772B635A CODE: 7344 jae 0x772b63a0
Eax=802 Ebx=8 Ecx=8 Edx=21 Edi=2700000 Esi=271E1E8 Ebp=236E4F0 Esp=236E408 Eip=772B635A

ADDR: 772B638F CODE: 7604 jbe 0x772b6395
Eax=83 Ebx=8 Ecx=27026D2 Edx=21 Edi=2700000 Esi=271E1E8 Ebp=236E4F0 Esp=236E408 Eip=772B638F

ADDR: 772B63AD CODE: 0f87ee020000 ja 0x772b66a1
Eax=41 Ebx=41 Ecx=27026D2 Edx=21 Edi=2700000 Esi=271E1E8 Ebp=236E4F0 Esp=236E408 Eip=772B63AD

ADDR: 772B66A7 CODE: 7417 jz 0x772b66c0
Eax=271E1EF Ebx=41 Ecx=27026D2 Edx=21 Edi=2700000 Esi=271E1E8 Ebp=236E4F0 Esp=236E408 Eip=772B66A7

ADDR: 772B6A9B CODE: 7775 ja 0x772b6b12
Eax=41 Ebx=2700000 Ecx=2700000 Edx=3 Edi=2700000 Esi=271E1E8 Ebp=236E3F4 Esp=236E3C8 Eip=772B6A9B

ADDR: 772B6ABD CODE: 7416 jz 0x772b6ad5
Eax=B0 Ebx=2700000 Ecx=2700000 Edx=3 Edi=271E2F0 Esi=271E1E8 Ebp=236E3F4 Esp=236E3C8 Eip=772B6ABD

ADDR: 772B6AE3 CODE: 0f821e020000 jb 0x772b6d07
Eax=3BF Ebx=2700000 Ecx=39E Edx=3 Edi=271E2F0 Esi=271E1E8 Ebp=236E3F4 Esp=236E3C8 Eip=772B6AE3

ADDR: 772B6AFD CODE: 741c jz 0x772b6b1b
Eax=271E2F8 Ebx=2700000 Ecx=39E Edx=271E2F8 Edi=271E2F0 Esi=271E1E8 Ebp=236E3F4 Esp=236E3C8 Eip=772B6AFD

ADDR: 772B6B30 CODE: 7427 jz 0x772b6b59
Eax=271E2F8 Ebx=2700000 Ecx=39E Edx=2700270 Edi=271E2F0 Esi=271E1E8 Ebp=236E3F4 Esp=236E3C8 Eip=772B6B30

ADDR: 772B6B38 CODE: 720e jb 0x772b6b48
Eax=271E2F8 Ebx=2700000 Ecx=39E Edx=2700270 Edi=271E2F0 Esi=271E1E8 Ebp=236E3F4 Esp=236E3C8 Eip=772B6B38

ADDR: 772B6B3E CODE: 0f8494020000 jz 0x772b6dd8
Eax=27036A0 Ebx=2700000 Ecx=39E Edx=2700270 Edi=271E2F0 Esi=271E1E8 Ebp=236E3F4 Esp=236E3C8 Eip=772B6B3E

ADDR: 772B6B38 CODE: 720e jb 0x772b6b48
Eax=27036A0 Ebx=2700000 Ecx=39E Edx=27036A0 Edi=271E2F0 Esi=271E1E8 Ebp=236E3F4 Esp=236E3C8 Eip=772B6B38

ADDR: 772B70A8 CODE: 743e jz 0x772b70e8
Eax=27037B4 Ebx=7FF Ecx=800 Edx=31E Edi=31E Esi=27036A0 Ebp=236E3B0 Esp=236E390 Eip=772B70A8

ADDR: 772B70BF CODE: 732c jae 0x772b70ed
Eax=27037B4 Ebx=27000C0 Ecx=7FF Edx=31E Edi=31E Esi=27036A0 Ebp=236E3B0 Esp=236E390 Eip=772B70BF

ADDR: 772B6B76 CODE: 744e jz 0x772b6bc6
Eax=27000C0 Ebx=2700000 Ecx=2717E00 Edx=0 Edi=271E2F0 Esi=271E1E8 Ebp=236E3F4 Esp=236E3C8 Eip=772B6B76

ADDR: 772B6BD8 CODE: 0f8457e60400 jz 0x77305235
Eax=2700000 Ebx=2700000 Ecx=2717E08 Edx=0 Edi=108 Esi=271E1E8 Ebp=236E3F4 Esp=236E3C8 Eip=772B6BD8

ADDR: 772B6BED CODE: 0f8461e60400 jz 0x77305254
Eax=2700008 Ebx=2700000 Ecx=2717E08 Edx=0 Edi=108 Esi=271E1E8 Ebp=236E3F4 Esp=236E3C8 Eip=772B6BED

ADDR: 772B6C08 CODE: 0f8686010000 jbe 0x772b6d94
Eax=37E Ebx=2700000 Ecx=3BF Edx=41 Edi=100 Esi=271E1E8 Ebp=236E3F4 Esp=236E3C8 Eip=772B6C08

ADDR: 772B6C4F CODE: 0f8449010000 jz 0x772b6d9e
Eax=8 Ebx=2700000 Ecx=208 Edx=41 Edi=100 Esi=271E1E8 Ebp=236E3F4 Esp=236E3C8 Eip=772B6C4F

ADDR: 772B6C58 CODE: 0f838ae60400 jae 0x773052e8
Eax=8 Ebx=2700000 Ecx=208 Edx=41 Edi=100 Esi=271E1E8 Ebp=236E3F4 Esp=236E3C8 Eip=772B6C58

ADDR: 772B71A6 CODE: 0f8427010000 jz 0x772b72d3
Eax=B1 Ebx=271FFE0 Ecx=37E Edx=2700000 Edi=2700000 Esi=271E3F0 Ebp=236E3AC Esp=236E390 Eip=772B71A6

ADDR: 772B71DC CODE: 0f8493e30400 jz 0x77305575
Eax=66F5 Ebx=37E Ecx=37E Edx=27000C0 Edi=2700000 Esi=271E3F0 Ebp=236E3AC Esp=236E390 Eip=772B71DC

ADDR: 772B7670 CODE: 7317 jae 0x772b7689
Eax=66F5 Ebx=2700000 Ecx=2700000 Edx=37E Edi=37E Esi=2700270 Ebp=236E3AC Esp=236E380 Eip=772B7670

ADDR: 772B768D CODE: 740b jz 0x772b769a
Eax=27036A0 Ebx=2700000 Ecx=2700000 Edx=37E Edi=37E Esi=2700270 Ebp=236E3AC Esp=236E380 Eip=772B768D

ADDR: 772B7670 CODE: 7317 jae 0x772b7689
Eax=27036A0 Ebx=2700000 Ecx=2700000 Edx=37E Edi=37E Esi=27036A0 Ebp=236E3AC Esp=236E380 Eip=772B7670

ADDR: 772AA2E4 CODE: 7449 jz 0x772aa32f
Eax=2717E20 Ebx=27000C0 Ecx=2700000 Edx=2700000 Edi=27036A0 Esi=0 Ebp=236E36C Esp=236E350 Eip=772AA2E4

ADDR: 772AA2EA CODE: 0f84b49b0500 jz 0x77303ea4
Eax=2717E20 Ebx=27000C0 Ecx=2700000 Edx=2700000 Edi=27036A0 Esi=0 Ebp=236E36C Esp=236E350 Eip=772AA2EA

ADDR: 772AA2FB CODE: 7426 jz 0x772aa323
Eax=D0B1ADB7 Ebx=27000C0 Ecx=2700000 Edx=2700000 Edi=27036A0 Esi=0 Ebp=236E36C Esp=236E350 Eip=772AA2FB

ADDR: 772AA32D CODE: 7e0b jle 0x772aa33a
Eax=13 Ebx=27000C0 Ecx=36B Edx=2700000 Edi=27036A0 Esi=0 Ebp=236E36C Esp=236E350 Eip=772AA32D

ADDR: 772B7683 CODE: 740e jz 0x772b7693
Eax=27000C0 Ebx=2700000 Ecx=36B Edx=2700000 Edi=37E Esi=27036A0 Ebp=236E3AC Esp=236E380 Eip=772B7683

ADDR: 772B71F5 CODE: 744c jz 0x772b7243
Eax=27000C0 Ebx=37E Ecx=27000C0 Edx=27000C0 Edi=2700000 Esi=271E3F0 Ebp=236E3AC Esp=236E390 Eip=772B71F5

ADDR: 772B7265 CODE: 7424 jz 0x772b728b
Eax=37E Ebx=271E3F8 Ecx=27000C0 Edx=2700270 Edi=2700000 Esi=271E3F0 Ebp=236E3AC Esp=236E390 Eip=772B7265

ADDR: 772B726D CODE: 720e jb 0x772b727d
Eax=37E Ebx=271E3F8 Ecx=37E Edx=2700270 Edi=2700000 Esi=271E3F0 Ebp=236E3AC Esp=236E390 Eip=772B726D

ADDR: 772B7273 CODE: 0f84bd000000 jz 0x772b7336
Eax=27036A0 Ebx=271E3F8 Ecx=37E Edx=2700270 Edi=2700000 Esi=271E3F0 Ebp=236E3AC Esp=236E390 Eip=772B7273

ADDR: 772B726D CODE: 720e jb 0x772b727d
Eax=27036A0 Ebx=271E3F8 Ecx=37E Edx=27036A0 Edi=2700000 Esi=271E3F0 Ebp=236E3AC Esp=236E390 Eip=772B726D

ADDR: 772B75DA CODE: 742c jz 0x772b7608
Eax=7FF Ebx=0 Ecx=2700000 Edx=2FE Edi=2FE Esi=27036A0 Ebp=236E378 Esp=236E360 Eip=772B75DA

ADDR: 772B728F CODE: 7410 jz 0x772b72a1
Eax=40000000 Ebx=271E3F8 Ecx=27036C4 Edx=17 Edi=2700000 Esi=271E3F0 Ebp=236E3AC Esp=236E390 Eip=772B728F

ADDR: 772B69F6 CODE: 7416 jz 0x772b6a0e
Eax=1 Ebx=41 Ecx=271E1E8 Edx=200 Edi=2700000 Esi=271E1E8 Ebp=236E4F0 Esp=236E404 Eip=772B69F6

ADDR: 772B69FC CODE: 7410 jz 0x772b6a0e
Eax=1 Ebx=41 Ecx=271E1E8 Edx=200 Edi=2700000 Esi=271E1E8 Ebp=236E4F0 Esp=236E404 Eip=772B69FC

ADDR: 772B6A12 CODE: 740b jz 0x772b6a1f
Eax=C3B1ADA4 Ebx=41 Ecx=271E1E8 Edx=200 Edi=2700000 Esi=271E1E8 Ebp=236E4F0 Esp=236E404 Eip=772B6A12

ADDR: 772A7B53 CODE: 746e jz 0x772a7bc3
Eax=FFFFFFFE Ebx=2700258 Ecx=FFFFFFFF Edx=200 Edi=270025C Esi=FFFFFFFE Ebp=236E3F8 Esp=236E3E4 Eip=772A7B53

ADDR: 772B69D7 CODE: 7447 jz 0x772b6a20
Eax=0 Ebx=41 Ecx=FFFFFFFF Edx=200 Edi=2700000 Esi=271E1E8 Ebp=236E4F0 Esp=236E408 Eip=772B69D7

ADDR: 772B6A28 CODE: 7436 jz 0x772b6a60
Eax=7FFE0380 Ebx=41 Ecx=FFFFFFFF Edx=200 Edi=2700000 Esi=271E1E8 Ebp=236E4F0 Esp=236E408 Eip=772B6A28

ADDR: 772B5BD5 CODE: 7448 jz 0x772b5c1f
Eax=0 Ebx=0 Ecx=ADFBB2D6 Edx=200 Edi=2700000 Esi=271E1F0 Ebp=236E588 Esp=236E500 Eip=772B5BD5

ADDR: 772B5C21 CODE: 7434 jz 0x772b5c57
Eax=0 Ebx=0 Ecx=ADFBB2D6 Edx=200 Edi=2700000 Esi=271E1F0 Ebp=236E588 Esp=236E500 Eip=772B5C21

ADDR: 772B5C2D CODE: 0f84aa000000 jz 0x772b5cdd
Eax=0 Ebx=271E1F0 Ecx=0 Edx=200 Edi=2700000 Esi=271E1F0 Ebp=236E588 Esp=236E500 Eip=772B5C2D

ADDR: 77155F22 CODE: 74cf jz 0x77155ef3
Eax=271E1F0 Ebx=271E1F0 Ecx=AFCD5626 Edx=200 Edi=0 Esi=200 Ebp=236E5D0 Esp=236E5C0 Eip=77155F22

ADDR: 771544BB CODE: 7416 jz 0x771544d3
Eax=271E1F0 Ebx=100 Ecx=200 Edx=200 Edi=0 Esi=200 Ebp=236E5F4 Esp=236E5E0 Eip=771544BB

ADDR: 771544BF CODE: 7312 jae 0x771544d3
Eax=271E1F0 Ebx=100 Ecx=200 Edx=200 Edi=0 Esi=200 Ebp=236E5F4 Esp=236E5E0 Eip=771544BF

ADDR: 77195361 CODE: 0f843c010000 jz 0x771954a3
Eax=0 Ebx=100 Ecx=100 Edx=0 Edi=271E2F0 Esi=100 Ebp=236E5F4 Esp=236E5D0 Eip=77195361

ADDR: 77195370 CODE: 0f86df000000 jbe 0x77195455
Eax=0 Ebx=100 Ecx=100 Edx=0 Edi=271E2F0 Esi=100 Ebp=236E5F4 Esp=236E5D0 Eip=77195370

ADDR: 7719537C CODE: 0f828b000000 jb 0x7719540d
Eax=0 Ebx=100 Ecx=100 Edx=0 Edi=271E2F0 Esi=100 Ebp=236E5F4 Esp=236E5D0 Eip=7719537C

ADDR: 7719538A CODE: 7309 jae 0x77195395
Eax=0 Ebx=100 Ecx=100 Edx=0 Edi=271E2F0 Esi=100 Ebp=236E5F4 Esp=236E5D0 Eip=7719538A

ADDR: 771596BA CODE: 7417 jz 0x771596d3
Eax=0 Ebx=40 Ecx=0 Edx=0 Edi=271E1F0 Esi=271E1F0 Ebp=236E5F0 Esp=236E5F0 Eip=771596BA

ADDR: 77159897 CODE: 0f843b710500 jz 0x771b09d8
Eax=0 Ebx=40 Ecx=0 Edx=0 Edi=271E1F0 Esi=271E1F0 Ebp=236E620 Esp=236E600 Eip=77159897

ADDR: 771598B9 CODE: 0f8416ffffff jz 0x771597d5
Eax=271E2F0 Ebx=271E3F0 Ecx=271E1F0 Edx=5CECC1B7 Edi=271E1F0 Esi=271E2F0 Ebp=236E620 Esp=236E600 Eip=771598B9

ADDR: 772A7B53 CODE: 746e jz 0x772a7bc3
Eax=FFFFFFFE Ebx=77235C18 Ecx=FFFFFFFF Edx=5CECC1B7 Edi=77235C1C Esi=FFFFFFFE Ebp=236E618 Esp=236E604 Eip=772A7B53

ADDR: 771594A4 CODE: 7458 jz 0x771594fe
Eax=64D7B29A Ebx=7649B498 Ecx=17 Edx=5CECC1B7 Edi=2 Esi=76E65A70 Ebp=236E65C Esp=236E644 Eip=771594A4

ADDR: 772F8DEB CODE: 730a jae 0x772f8df7
Eax=EDCCB4E Ebx=7649B498 Ecx=76E65A70 Edx=404000 Edi=2 Esi=76E65A70 Ebp=236E65C Esp=236E638 Eip=772F8DEB

ADDR: 772F09B7 CODE: 747f jz 0x772f0a38
Eax=2 Ebx=251AFB4 Ecx=76E65A70 Edx=251AFB4 Edi=2 Esi=76E65A70 Ebp=236E610 Esp=236E604 Eip=772F09B7

ADDR: 772F09BE CODE: 7378 jae 0x772f0a38
Eax=2 Ebx=251AFB4 Ecx=76E65A70 Edx=251AFB4 Edi=2 Esi=76E65A70 Ebp=236E610 Esp=236E604 Eip=772F09BE

ADDR: 76E65A83 CODE: 790d jns 0x76e65a92
Eax=0 Ebx=7649B498 Ecx=270A188 Edx=0 Edi=2 Esi=76E65A70 Ebp=236E634 Esp=236E634 Eip=76E65A83

ADDR: 77162C46 CODE: 740a jz 0x77162c52
Eax=0 Ebx=7649B498 Ecx=7669E760 Edx=0 Edi=76512CC0 Esi=7649B2F0 Ebp=236E6F0 Esp=236E6E4 Eip=77162C46

ADDR: 772F8DEB CODE: 730a jae 0x772f8df7
Eax=ECA2598 Ebx=7649B498 Ecx=76512CC0 Edx=11111104 Edi=76512CC0 Esi=7649B2F0 Ebp=236E6F0 Esp=236E6E0 Eip=772F8DEB

ADDR: 771595B4 CODE: 7458 jz 0x7715960e
Eax=64D7B29A Ebx=7649B498 Ecx=17 Edx=76A0C8DC Edi=2 Esi=76E65A70 Ebp=236E660 Esp=236E648 Eip=771595B4

ADDR: 772F8DEB CODE: 730a jae 0x772f8df7
Eax=EDCCB4E Ebx=7649B498 Ecx=76E65A70 Edx=404000 Edi=2 Esi=76E65A70 Ebp=236E660 Esp=236E63C Eip=772F8DEB

ADDR: 772F09B7 CODE: 747f jz 0x772f0a38
Eax=2 Ebx=251AFB4 Ecx=76E65A70 Edx=251AFB4 Edi=2 Esi=76E65A70 Ebp=236E614 Esp=236E608 Eip=772F09B7

ADDR: 772F09BE CODE: 7378 jae 0x772f0a38
Eax=2 Ebx=251AFB4 Ecx=76E65A70 Edx=251AFB4 Edi=2 Esi=76E65A70 Ebp=236E614 Esp=236E608 Eip=772F09BE

ADDR: 76E65A83 CODE: 790d jns 0x76e65a92
Eax=0 Ebx=7649B498 Ecx=270A188 Edx=0 Edi=2 Esi=76E65A70 Ebp=236E638 Esp=236E638 Eip=76E65A83

ADDR: 771590DC CODE: 7454 jz 0x77159132
Eax=CD7B337 Ebx=7649B498 Ecx=17 Edx=0 Edi=2 Esi=76E500A0 Ebp=236E6AC Esp=236E650 Eip=771590DC

ADDR: 772F8DEB CODE: 730a jae 0x772f8df7
Eax=EDCA014 Ebx=7649B498 Ecx=76E500A0 Edx=104000 Edi=2 Esi=76E500A0 Ebp=236E6AC Esp=236E648 Eip=772F8DEB

ADDR: 772EC686 CODE: 743c jz 0x772ec6c4
Eax=2 Ebx=7649B498 Ecx=270A180 Edx=104000 Edi=2 Esi=251A000 Ebp=236E62C Esp=236E62C Eip=772EC686

ADDR: 772EC68D CODE: 7335 jae 0x772ec6c4
Eax=2 Ebx=7649B498 Ecx=270A180 Edx=104000 Edi=2 Esi=251A000 Ebp=236E62C Esp=236E62C Eip=772EC68D

ADDR: 772EC6AC CODE: 740c jz 0x772ec6ba
Eax=270CAA0 Ebx=7649B498 Ecx=270A180 Edx=0 Edi=2 Esi=2 Ebp=236E62C Esp=236E628 Eip=772EC6AC

ADDR: 772EC6B4 CODE: 7404 jz 0x772ec6ba
Eax=270CAAC Ebx=7649B498 Ecx=270A180 Edx=0 Edi=2 Esi=2 Ebp=236E62C Esp=236E628 Eip=772EC6B4

ADDR: 76E500BD CODE: 791c jns 0x76e500db
Eax=0 Ebx=7649B498 Ecx=236E640 Edx=0 Edi=2 Esi=251A000 Ebp=236E644 Esp=236E63C Eip=76E500BD

ADDR: 772AE69A CODE: 7315 jae 0x772ae6b1
Eax=77235C1C Ebx=7649B498 Ecx=77235C18 Edx=251A000 Edi=76512CC0 Esi=76A0C8DC Ebp=236E61C Esp=236E618 Eip=772AE69A

ADDR: 771597A6 CODE: 0f8454720500 jz 0x771b0a00
Eax=236E68C Ebx=76A0C8DC Ecx=236E678 Edx=251A000 Edi=76512CC0 Esi=76A0C8DC Ebp=236E620 Esp=236E600 Eip=771597A6

ADDR: 771597D3 CODE: 7479 jz 0x7715984e
Eax=236E68C Ebx=271E3F0 Ecx=17 Edx=5CECC1B7 Edi=271E1F0 Esi=271E2F4 Ebp=236E620 Esp=236E600 Eip=771597D3

ADDR: 772A7B53 CODE: 746e jz 0x772a7bc3
Eax=FFFFFFFE Ebx=77235C18 Ecx=FFFFFFFF Edx=5CECC1B7 Edi=77235C1C Esi=FFFFFFFE Ebp=236E618 Esp=236E604 Eip=772A7B53

ADDR: 771594A4 CODE: 7458 jz 0x771594fe
Eax=64D7B29A Ebx=7649B498 Ecx=17 Edx=5CECC1B7 Edi=2 Esi=76E65A70 Ebp=236E65C Esp=236E644 Eip=771594A4

ADDR: 772F8DEB CODE: 730a jae 0x772f8df7
Eax=EDCCB4E Ebx=7649B498 Ecx=76E65A70 Edx=404000 Edi=2 Esi=76E65A70 Ebp=236E65C Esp=236E638 Eip=772F8DEB

ADDR: 772F09B7 CODE: 747f jz 0x772f0a38
Eax=2 Ebx=251AFB4 Ecx=76E65A70 Edx=251AFB4 Edi=2 Esi=76E65A70 Ebp=236E610 Esp=236E604 Eip=772F09B7

ADDR: 772F09BE CODE: 7378 jae 0x772f0a38
Eax=2 Ebx=251AFB4 Ecx=76E65A70 Edx=251AFB4 Edi=2 Esi=76E65A70 Ebp=236E610 Esp=236E604 Eip=772F09BE

ADDR: 76E65A83 CODE: 790d jns 0x76e65a92
Eax=0 Ebx=7649B498 Ecx=270A188 Edx=0 Edi=2 Esi=76E65A70 Ebp=236E634 Esp=236E634 Eip=76E65A83

ADDR: 77162C46 CODE: 740a jz 0x77162c52
Eax=0 Ebx=7649B498 Ecx=7669E770 Edx=0 Edi=76512CE0 Esi=7649B2F4 Ebp=236E6F0 Esp=236E6E4 Eip=77162C46

ADDR: 772F8DEB CODE: 730a jae 0x772f8df7
Eax=ECA259C Ebx=7649B498 Ecx=76512CE0 Edx=11111104 Edi=76512CE0 Esi=7649B2F4 Ebp=236E6F0 Esp=236E6E0 Eip=772F8DEB

ADDR: 771595B4 CODE: 7458 jz 0x7715960e
Eax=64D7B29A Ebx=7649B498 Ecx=17 Edx=76A0C8DC Edi=2 Esi=76E65A70 Ebp=236E660 Esp=236E648 Eip=771595B4

ADDR: 772F8DEB CODE: 730a jae 0x772f8df7
Eax=EDCCB4E Ebx=7649B498 Ecx=76E65A70 Edx=404000 Edi=2 Esi=76E65A70 Ebp=236E660 Esp=236E63C Eip=772F8DEB

ADDR: 772F09B7 CODE: 747f jz 0x772f0a38
Eax=2 Ebx=251AFB4 Ecx=76E65A70 Edx=251AFB4 Edi=2 Esi=76E65A70 Ebp=236E614 Esp=236E608 Eip=772F09B7

ADDR: 772F09BE CODE: 7378 jae 0x772f0a38
Eax=2 Ebx=251AFB4 Ecx=76E65A70 Edx=251AFB4 Edi=2 Esi=76E65A70 Ebp=236E614 Esp=236E608 Eip=772F09BE

ADDR: 76E65A83 CODE: 790d jns 0x76e65a92
Eax=0 Ebx=7649B498 Ecx=270A188 Edx=0 Edi=2 Esi=76E65A70 Ebp=236E638 Esp=236E638 Eip=76E65A83

ADDR: 771590DC CODE: 7454 jz 0x77159132
Eax=CD7B337 Ebx=7649B498 Ecx=17 Edx=0 Edi=2 Esi=76E500A0 Ebp=236E6AC Esp=236E650 Eip=771590DC

ADDR: 772F8DEB CODE: 730a jae 0x772f8df7
Eax=EDCA014 Ebx=7649B498 Ecx=76E500A0 Edx=104000 Edi=2 Esi=76E500A0 Ebp=236E6AC Esp=236E648 Eip=772F8DEB

ADDR: 772EC686 CODE: 743c jz 0x772ec6c4
Eax=2 Ebx=7649B498 Ecx=270A180 Edx=104000 Edi=2 Esi=251A000 Ebp=236E62C Esp=236E62C Eip=772EC686

ADDR: 772EC68D CODE: 7335 jae 0x772ec6c4
Eax=2 Ebx=7649B498 Ecx=270A180 Edx=104000 Edi=2 Esi=251A000 Ebp=236E62C Esp=236E62C Eip=772EC68D

ADDR: 772EC6AC CODE: 740c jz 0x772ec6ba
Eax=270CAA0 Ebx=7649B498 Ecx=270A180 Edx=0 Edi=2 Esi=2 Ebp=236E62C Esp=236E628 Eip=772EC6AC

ADDR: 772EC6B4 CODE: 7404 jz 0x772ec6ba
Eax=270CAAC Ebx=7649B498 Ecx=270A180 Edx=0 Edi=2 Esi=2 Ebp=236E62C Esp=236E628 Eip=772EC6B4

ADDR: 76E500BD CODE: 791c jns 0x76e500db
Eax=0 Ebx=7649B498 Ecx=236E640 Edx=0 Edi=2 Esi=251A000 Ebp=236E644 Esp=236E63C Eip=76E500BD

ADDR: 772AE69A CODE: 7315 jae 0x772ae6b1
Eax=77235C1C Ebx=7649B498 Ecx=77235C18 Edx=251A000 Edi=76512CE0 Esi=76A0C8DC Ebp=236E61C Esp=236E618 Eip=772AE69A

ADDR: 771597A6 CODE: 0f8454720500 jz 0x771b0a00
Eax=236E68C Ebx=76A0C8DC Ecx=236E678 Edx=251A000 Edi=76512CE0 Esi=76A0C8DC Ebp=236E620 Esp=236E600 Eip=771597A6

ADDR: 771597D3 CODE: 7479 jz 0x7715984e
Eax=236E68C Ebx=271E3F0 Ecx=17 Edx=5CECC1B7 Edi=271E1F0 Esi=271E2F8 Ebp=236E620 Esp=236E600 Eip=771597D3

ADDR: 772A7B53 CODE: 746e jz 0x772a7bc3
Eax=FFFFFFFE Ebx=77235C18 Ecx=FFFFFFFF Edx=5CECC1B7 Edi=77235C1C Esi=FFFFFFFE Ebp=236E618 Esp=236E604 Eip=772A7B53

ADDR: 771594A4 CODE: 7458 jz 0x771594fe
Eax=64D7B29A Ebx=7649B498 Ecx=17 Edx=5CECC1B7 Edi=2 Esi=76E65A70 Ebp=236E65C Esp=236E644 Eip=771594A4

ADDR: 772F8DEB CODE: 730a jae 0x772f8df7
Eax=EDCCB4E Ebx=7649B498 Ecx=76E65A70 Edx=404000 Edi=2 Esi=76E65A70 Ebp=236E65C Esp=236E638 Eip=772F8DEB

ADDR: 772F09B7 CODE: 747f jz 0x772f0a38
Eax=2 Ebx=251AFB4 Ecx=76E65A70 Edx=251AFB4 Edi=2 Esi=76E65A70 Ebp=236E610 Esp=236E604 Eip=772F09B7

ADDR: 772F09BE CODE: 7378 jae 0x772f0a38
Eax=2 Ebx=251AFB4 Ecx=76E65A70 Edx=251AFB4 Edi=2 Esi=76E65A70 Ebp=236E610 Esp=236E604 Eip=772F09BE

ADDR: 76E65A83 CODE: 790d jns 0x76e65a92
Eax=0 Ebx=7649B498 Ecx=270A188 Edx=0 Edi=2 Esi=76E65A70 Ebp=236E634 Esp=236E634 Eip=76E65A83

ADDR: 77162C46 CODE: 740a jz 0x77162c52
Eax=0 Ebx=7649B498 Ecx=7669E780 Edx=0 Edi=76512D00 Esi=7649B2F8 Ebp=236E6F0 Esp=236E6E4 Eip=77162C46

ADDR: 772F8DEB CODE: 730a jae 0x772f8df7
Eax=ECA25A0 Ebx=7649B498 Ecx=76512D00 Edx=11111111 Edi=76512D00 Esi=7649B2F8 Ebp=236E6F0 Esp=236E6E0 Eip=772F8DEB

ADDR: 771595B4 CODE: 7458 jz 0x7715960e
Eax=64D7B29A Ebx=7649B498 Ecx=17 Edx=76A0C8DC Edi=2 Esi=76E65A70 Ebp=236E660 Esp=236E648 Eip=771595B4

ADDR: 772F8DEB CODE: 730a jae 0x772f8df7
Eax=EDCCB4E Ebx=7649B498 Ecx=76E65A70 Edx=404000 Edi=2 Esi=76E65A70 Ebp=236E660 Esp=236E63C Eip=772F8DEB

ADDR: 772F09B7 CODE: 747f jz 0x772f0a38
Eax=2 Ebx=251AFB4 Ecx=76E65A70 Edx=251AFB4 Edi=2 Esi=76E65A70 Ebp=236E614 Esp=236E608 Eip=772F09B7

ADDR: 772F09BE CODE: 7378 jae 0x772f0a38
Eax=2 Ebx=251AFB4 Ecx=76E65A70 Edx=251AFB4 Edi=2 Esi=76E65A70 Ebp=236E614 Esp=236E608 Eip=772F09BE

ADDR: 76E65A83 CODE: 790d jns 0x76e65a92
Eax=0 Ebx=7649B498 Ecx=270A188 Edx=0 Edi=2 Esi=76E65A70 Ebp=236E638 Esp=236E638 Eip=76E65A83

ADDR: 771590DC CODE: 7454 jz 0x77159132
Eax=CD7B337 Ebx=7649B498 Ecx=17 Edx=0 Edi=2 Esi=76E500A0 Ebp=236E6AC Esp=236E650 Eip=771590DC

ADDR: 772F8DEB CODE: 730a jae 0x772f8df7
Eax=EDCA014 Ebx=7649B498 Ecx=76E500A0 Edx=104000 Edi=2 Esi=76E500A0 Ebp=236E6AC Esp=236E648 Eip=772F8DEB

ADDR: 772EC686 CODE: 743c jz 0x772ec6c4
Eax=2 Ebx=7649B498 Ecx=270A180 Edx=104000 Edi=2 Esi=251A000 Ebp=236E62C Esp=236E62C Eip=772EC686

ADDR: 772EC68D CODE: 7335 jae 0x772ec6c4
Eax=2 Ebx=7649B498 Ecx=270A180 Edx=104000 Edi=2 Esi=251A000 Ebp=236E62C Esp=236E62C Eip=772EC68D

ADDR: 772EC6AC CODE: 740c jz 0x772ec6ba
Eax=270CAA0 Ebx=7649B498 Ecx=270A180 Edx=0 Edi=2 Esi=2 Ebp=236E62C Esp=236E628 Eip=772EC6AC

ADDR: 772EC6B4 CODE: 7404 jz 0x772ec6ba
Eax=270CAAC Ebx=7649B498 Ecx=270A180 Edx=0 Edi=2 Esi=2 Ebp=236E62C Esp=236E628 Eip=772EC6B4

ADDR: 76E500BD CODE: 791c jns 0x76e500db
Eax=0 Ebx=7649B498 Ecx=236E640 Edx=0 Edi=2 Esi=251A000 Ebp=236E644 Esp=236E63C Eip=76E500BD

ADDR: 772AE69A CODE: 7315 jae 0x772ae6b1
Eax=77235C1C Ebx=7649B498 Ecx=77235C18 Edx=251A000 Edi=76512D00 Esi=76A0C8DC Ebp=236E61C Esp=236E618 Eip=772AE69A

ADDR: 771597A6 CODE: 0f8454720500 jz 0x771b0a00
Eax=236E68C Ebx=76A0C8DC Ecx=236E678 Edx=251A000 Edi=76512D00 Esi=76A0C8DC Ebp=236E620 Esp=236E600 Eip=771597A6

ADDR: 771597D3 CODE: 7479 jz 0x7715984e
Eax=236E68C Ebx=271E3F0 Ecx=17 Edx=5CECC1B7 Edi=271E1F0 Esi=271E2FC Ebp=236E620 Esp=236E600 Eip=771597D3

ADDR: 772A7B53 CODE: 746e jz 0x772a7bc3
Eax=FFFFFFFE Ebx=77235C18 Ecx=FFFFFFFF Edx=5CECC1B7 Edi=77235C1C Esi=FFFFFFFE Ebp=236E618 Esp=236E604 Eip=772A7B53

ADDR: 771594A4 CODE: 7458 jz 0x771594fe
Eax=64D7B29A Ebx=7649B498 Ecx=17 Edx=5CECC1B7 Edi=2 Esi=76E65A70 Ebp=236E65C Esp=236E644 Eip=771594A4

ADDR: 772F8DEB CODE: 730a jae 0x772f8df7
Eax=EDCCB4E Ebx=7649B498 Ecx=76E65A70 Edx=404000 Edi=2 Esi=76E65A70 Ebp=236E65C Esp=236E638 Eip=772F8DEB

ADDR: 772F09B7 CODE: 747f jz 0x772f0a38
Eax=2 Ebx=251AFB4 Ecx=76E65A70 Edx=251AFB4 Edi=2 Esi=76E65A70 Ebp=236E610 Esp=236E604 Eip=772F09B7

ADDR: 772F09BE CODE: 7378 jae 0x772f0a38
Eax=2 Ebx=251AFB4 Ecx=76E65A70 Edx=251AFB4 Edi=2 Esi=76E65A70 Ebp=236E610 Esp=236E604 Eip=772F09BE

ADDR: 76E65A83 CODE: 790d jns 0x76e65a92
Eax=0 Ebx=7649B498 Ecx=270A188 Edx=0 Edi=2 Esi=76E65A70 Ebp=236E634 Esp=236E634 Eip=76E65A83

ADDR: 77162C46 CODE: 740a jz 0x77162c52
Eax=0 Ebx=7649B498 Ecx=7669E790 Edx=0 Edi=76512D20 Esi=7649B2FC Ebp=236E6F0 Esp=236E6E4 Eip=77162C46

ADDR: 772F8DEB CODE: 730a jae 0x772f8df7
Eax=ECA25A4 Ebx=7649B498 Ecx=76512D20 Edx=11111111 Edi=76512D20 Esi=7649B2FC Ebp=236E6F0 Esp=236E6E0 Eip=772F8DEB

ADDR: 771595B4 CODE: 7458 jz 0x7715960e
Eax=64D7B29A Ebx=7649B498 Ecx=17 Edx=76A0C8DC Edi=2 Esi=76E65A70 Ebp=236E660 Esp=236E648 Eip=771595B4

ADDR: 772F8DEB CODE: 730a jae 0x772f8df7
Eax=EDCCB4E Ebx=7649B498 Ecx=76E65A70 Edx=404000 Edi=2 Esi=76E65A70 Ebp=236E660 Esp=236E63C Eip=772F8DEB

ADDR: 772F09B7 CODE: 747f jz 0x772f0a38
Eax=2 Ebx=251AFB4 Ecx=76E65A70 Edx=251AFB4 Edi=2 Esi=76E65A70 Ebp=236E614 Esp=236E608 Eip=772F09B7

ADDR: 772F09BE CODE: 7378 jae 0x772f0a38
Eax=2 Ebx=251AFB4 Ecx=76E65A70 Edx=251AFB4 Edi=2 Esi=76E65A70 Ebp=236E614 Esp=236E608 Eip=772F09BE

ADDR: 76E65A83 CODE: 790d jns 0x76e65a92
Eax=0 Ebx=7649B498 Ecx=270A188 Edx=0 Edi=2 Esi=76E65A70 Ebp=236E638 Esp=236E638 Eip=76E65A83

ADDR: 771590DC CODE: 7454 jz 0x77159132
Eax=CD7B337 Ebx=7649B498 Ecx=17 Edx=0 Edi=2 Esi=76E500A0 Ebp=236E6AC Esp=236E650 Eip=771590DC

ADDR: 772F8DEB CODE: 730a jae 0x772f8df7
Eax=EDCA014 Ebx=7649B498 Ecx=76E500A0 Edx=104000 Edi=2 Esi=76E500A0 Ebp=236E6AC Esp=236E648 Eip=772F8DEB

ADDR: 772EC686 CODE: 743c jz 0x772ec6c4
Eax=2 Ebx=7649B498 Ecx=270A180 Edx=104000 Edi=2 Esi=251A000 Ebp=236E62C Esp=236E62C Eip=772EC686

ADDR: 772EC68D CODE: 7335 jae 0x772ec6c4
Eax=2 Ebx=7649B498 Ecx=270A180 Edx=104000 Edi=2 Esi=251A000 Ebp=236E62C Esp=236E62C Eip=772EC68D

ADDR: 772EC6AC CODE: 740c jz 0x772ec6ba
Eax=270CAA0 Ebx=7649B498 Ecx=270A180 Edx=0 Edi=2 Esi=2 Ebp=236E62C Esp=236E628 Eip=772EC6AC

ADDR: 772EC6B4 CODE: 7404 jz 0x772ec6ba
Eax=270CAAC Ebx=7649B498 Ecx=270A180 Edx=0 Edi=2 Esi=2 Ebp=236E62C Esp=236E628 Eip=772EC6B4

ADDR: 76E500BD CODE: 791c jns 0x76e500db
Eax=0 Ebx=7649B498 Ecx=236E640 Edx=0 Edi=2 Esi=251A000 Ebp=236E644 Esp=236E63C Eip=76E500BD

ADDR: 772AE69A CODE: 7315 jae 0x772ae6b1
Eax=77235C1C Ebx=7649B498 Ecx=77235C18 Edx=251A000 Edi=76512D20 Esi=76A0C8DC Ebp=236E61C Esp=236E618 Eip=772AE69A

ADDR: 771597A6 CODE: 0f8454720500 jz 0x771b0a00
Eax=236E68C Ebx=76A0C8DC Ecx=236E678 Edx=251A000 Edi=76512D20 Esi=76A0C8DC Ebp=236E620 Esp=236E600 Eip=771597A6

ADDR: 771597D3 CODE: 7479 jz 0x7715984e
Eax=236E68C Ebx=271E3F0 Ecx=17 Edx=5CECC1B7 Edi=271E1F0 Esi=271E300 Ebp=236E620 Esp=236E600 Eip=771597D3

ADDR: 772A7B53 CODE: 746e jz 0x772a7bc3
Eax=FFFFFFFE Ebx=77235C18 Ecx=FFFFFFFF Edx=5CECC1B7 Edi=77235C1C Esi=FFFFFFFE Ebp=236E618 Esp=236E604 Eip=772A7B53

ADDR: 771594A4 CODE: 7458 jz 0x771594fe
Eax=64D7B29A Ebx=7649B498 Ecx=17 Edx=5CECC1B7 Edi=2 Esi=76E65A70 Ebp=236E65C Esp=236E644 Eip=771594A4

ADDR: 772F8DEB CODE: 730a jae 0x772f8df7
Eax=EDCCB4E Ebx=7649B498 Ecx=76E65A70 Edx=404000 Edi=2 Esi=76E65A70 Ebp=236E65C Esp=236E638 Eip=772F8DEB

ADDR: 772F09B7 CODE: 747f jz 0x772f0a38
Eax=2 Ebx=251AFB4 Ecx=76E65A70 Edx=251AFB4 Edi=2 Esi=76E65A70 Ebp=236E610 Esp=236E604 Eip=772F09B7

ADDR: 772F09BE CODE: 7378 jae 0x772f0a38
Eax=2 Ebx=251AFB4 Ecx=76E65A70 Edx=251AFB4 Edi=2 Esi=76E65A70 Ebp=236E610 Esp=236E604 Eip=772F09BE

ADDR: 76E65A83 CODE: 790d jns 0x76e65a92
Eax=0 Ebx=7649B498 Ecx=270A188 Edx=0 Edi=2 Esi=76E65A70 Ebp=236E634 Esp=236E634 Eip=76E65A83

ADDR: 77162C46 CODE: 740a jz 0x77162c52
Eax=0 Ebx=7649B498 Ecx=7669E7A0 Edx=0 Edi=76512D40 Esi=7649B300 Ebp=236E6F0 Esp=236E6E4 Eip=77162C46

ADDR: 772F8DEB CODE: 730a jae 0x772f8df7
Eax=ECA25A8 Ebx=7649B498 Ecx=76512D40 Edx=11111111 Edi=76512D40 Esi=7649B300 Ebp=236E6F0 Esp=236E6E0 Eip=772F8DEB

ADDR: 771595B4 CODE: 7458 jz 0x7715960e
Eax=64D7B29A Ebx=7649B498 Ecx=17 Edx=76A0C8DC Edi=2 Esi=76E65A70 Ebp=236E660 Esp=236E648 Eip=771595B4

ADDR: 772F8DEB CODE: 730a jae 0x772f8df7
Eax=EDCCB4E Ebx=7649B498 Ecx=76E65A70 Edx=404000 Edi=2 Esi=76E65A70 Ebp=236E660 Esp=236E63C Eip=772F8DEB

ADDR: 772F09B7 CODE: 747f jz 0x772f0a38
Eax=2 Ebx=251AFB4 Ecx=76E65A70 Edx=251AFB4 Edi=2 Esi=76E65A70 Ebp=236E614 Esp=236E608 Eip=772F09B7

ADDR: 772F09BE CODE: 7378 jae 0x772f0a38
Eax=2 Ebx=251AFB4 Ecx=76E65A70 Edx=251AFB4 Edi=2 Esi=76E65A70 Ebp=236E614 Esp=236E608 Eip=772F09BE

ADDR: 76E65A83 CODE: 790d jns 0x76e65a92
Eax=0 Ebx=7649B498 Ecx=270A188 Edx=0 Edi=2 Esi=76E65A70 Ebp=236E638 Esp=236E638 Eip=76E65A83

ADDR: 771590DC CODE: 7454 jz 0x77159132
Eax=CD7B337 Ebx=7649B498 Ecx=17 Edx=0 Edi=2 Esi=76E500A0 Ebp=236E6AC Esp=236E650 Eip=771590DC

ADDR: 772F8DEB CODE: 730a jae 0x772f8df7
Eax=EDCA014 Ebx=7649B498 Ecx=76E500A0 Edx=104000 Edi=2 Esi=76E500A0 Ebp=236E6AC Esp=236E648 Eip=772F8DEB

ADDR: 772EC686 CODE: 743c jz 0x772ec6c4
Eax=2 Ebx=7649B498 Ecx=270A180 Edx=104000 Edi=2 Esi=251A000 Ebp=236E62C Esp=236E62C Eip=772EC686

ADDR: 772EC68D CODE: 7335 jae 0x772ec6c4
Eax=2 Ebx=7649B498 Ecx=270A180 Edx=104000 Edi=2 Esi=251A000 Ebp=236E62C Esp=236E62C Eip=772EC68D

ADDR: 772EC6AC CODE: 740c jz 0x772ec6ba
Eax=270CAA0 Ebx=7649B498 Ecx=270A180 Edx=0 Edi=2 Esi=2 Ebp=236E62C Esp=236E628 Eip=772EC6AC

ADDR: 772EC6B4 CODE: 7404 jz 0x772ec6ba
Eax=270CAAC Ebx=7649B498 Ecx=270A180 Edx=0 Edi=2 Esi=2 Ebp=236E62C Esp=236E628 Eip=772EC6B4

ADDR: 76E500BD CODE: 791c jns 0x76e500db
Eax=0 Ebx=7649B498 Ecx=236E640 Edx=0 Edi=2 Esi=251A000 Ebp=236E644 Esp=236E63C Eip=76E500BD

ADDR: 772AE69A CODE: 7315 jae 0x772ae6b1
Eax=77235C1C Ebx=7649B498 Ecx=77235C18 Edx=251A000 Edi=76512D40 Esi=76A0C8DC Ebp=236E61C Esp=236E618 Eip=772AE69A

ADDR: 771597A6 CODE: 0f8454720500 jz 0x771b0a00
Eax=236E68C Ebx=76A0C8DC Ecx=236E678 Edx=251A000 Edi=76512D40 Esi=76A0C8DC Ebp=236E620 Esp=236E600 Eip=771597A6

ADDR: 771597D3 CODE: 7479 jz 0x7715984e
Eax=236E68C Ebx=271E3F0 Ecx=17 Edx=5CECC1B7 Edi=271E1F0 Esi=271E304 Ebp=236E620 Esp=236E600 Eip=771597D3

ADDR: 772A7B53 CODE: 746e jz 0x772a7bc3
Eax=FFFFFFFE Ebx=77235C18 Ecx=FFFFFFFF Edx=5CECC1B7 Edi=77235C1C Esi=FFFFFFFE Ebp=236E618 Esp=236E604 Eip=772A7B53

ADDR: 771594A4 CODE: 7458 jz 0x771594fe
Eax=64D7B29A Ebx=7649B498 Ecx=17 Edx=5CECC1B7 Edi=2 Esi=76E65A70 Ebp=236E65C Esp=236E644 Eip=771594A4

ADDR: 772F8DEB CODE: 730a jae 0x772f8df7
Eax=EDCCB4E Ebx=7649B498 Ecx=76E65A70 Edx=404000 Edi=2 Esi=76E65A70 Ebp=236E65C Esp=236E638 Eip=772F8DEB

ADDR: 772F09B7 CODE: 747f jz 0x772f0a38
Eax=2 Ebx=251AFB4 Ecx=76E65A70 Edx=251AFB4 Edi=2 Esi=76E65A70 Ebp=236E610 Esp=236E604 Eip=772F09B7

ADDR: 772F09BE CODE: 7378 jae 0x772f0a38
Eax=2 Ebx=251AFB4 Ecx=76E65A70 Edx=251AFB4 Edi=2 Esi=76E65A70 Ebp=236E610 Esp=236E604 Eip=772F09BE

ADDR: 76E65A83 CODE: 790d jns 0x76e65a92
Eax=0 Ebx=7649B498 Ecx=270A188 Edx=0 Edi=2 Esi=76E65A70 Ebp=236E634 Esp=236E634 Eip=76E65A83

ADDR: 77162C46 CODE: 740a jz 0x77162c52
Eax=0 Ebx=7649B498 Ecx=7669E7B0 Edx=0 Edi=76512D60 Esi=7649B304 Ebp=236E6F0 Esp=236E6E4 Eip=77162C46

ADDR: 772F8DEB CODE: 730a jae 0x772f8df7
Eax=ECA25AC Ebx=7649B498 Ecx=76512D60 Edx=11111111 Edi=76512D60 Esi=7649B304 Ebp=236E6F0 Esp=236E6E0 Eip=772F8DEB

ADDR: 771595B4 CODE: 7458 jz 0x7715960e
Eax=64D7B29A Ebx=7649B498 Ecx=17 Edx=76A0C8DC Edi=2 Esi=76E65A70 Ebp=236E660 Esp=236E648 Eip=771595B4

ADDR: 772F8DEB CODE: 730a jae 0x772f8df7
Eax=EDCCB4E Ebx=7649B498 Ecx=76E65A70 Edx=404000 Edi=2 Esi=76E65A70 Ebp=236E660 Esp=236E63C Eip=772F8DEB

ADDR: 772F09B7 CODE: 747f jz 0x772f0a38
Eax=2 Ebx=251AFB4 Ecx=76E65A70 Edx=251AFB4 Edi=2 Esi=76E65A70 Ebp=236E614 Esp=236E608 Eip=772F09B7

ADDR: 772F09BE CODE: 7378 jae 0x772f0a38
Eax=2 Ebx=251AFB4 Ecx=76E65A70 Edx=251AFB4 Edi=2 Esi=76E65A70 Ebp=236E614 Esp=236E608 Eip=772F09BE

ADDR: 76E65A83 CODE: 790d jns 0x76e65a92
Eax=0 Ebx=7649B498 Ecx=270A188 Edx=0 Edi=2 Esi=76E65A70 Ebp=236E638 Esp=236E638 Eip=76E65A83

ADDR: 771590DC CODE: 7454 jz 0x77159132
Eax=CD7B337 Ebx=7649B498 Ecx=17 Edx=0 Edi=2 Esi=76E500A0 Ebp=236E6AC Esp=236E650 Eip=771590DC

ADDR: 772F8DEB CODE: 730a jae 0x772f8df7
Eax=EDCA014 Ebx=7649B498 Ecx=76E500A0 Edx=104000 Edi=2 Esi=76E500A0 Ebp=236E6AC Esp=236E648 Eip=772F8DEB

ADDR: 772EC686 CODE: 743c jz 0x772ec6c4
Eax=2 Ebx=7649B498 Ecx=270A180 Edx=104000 Edi=2 Esi=251A000 Ebp=236E62C Esp=236E62C Eip=772EC686

ADDR: 772EC68D CODE: 7335 jae 0x772ec6c4
Eax=2 Ebx=7649B498 Ecx=270A180 Edx=104000 Edi=2 Esi=251A000 Ebp=236E62C Esp=236E62C Eip=772EC68D

ADDR: 772EC6AC CODE: 740c jz 0x772ec6ba
Eax=270CAA0 Ebx=7649B498 Ecx=270A180 Edx=0 Edi=2 Esi=2 Ebp=236E62C Esp=236E628 Eip=772EC6AC

ADDR: 772EC6B4 CODE: 7404 jz 0x772ec6ba
Eax=270CAAC Ebx=7649B498 Ecx=270A180 Edx=0 Edi=2 Esi=2 Ebp=236E62C Esp=236E628 Eip=772EC6B4

ADDR: 76E500BD CODE: 791c jns 0x76e500db
Eax=0 Ebx=7649B498 Ecx=236E640 Edx=0 Edi=2 Esi=251A000 Ebp=236E644 Esp=236E63C Eip=76E500BD

ADDR: 772AE69A CODE: 7315 jae 0x772ae6b1
Eax=77235C1C Ebx=7649B498 Ecx=77235C18 Edx=251A000 Edi=76512D60 Esi=76A0C8DC Ebp=236E61C Esp=236E618 Eip=772AE69A

ADDR: 771597A6 CODE: 0f8454720500 jz 0x771b0a00
Eax=236E68C Ebx=76A0C8DC Ecx=236E678 Edx=251A000 Edi=76512D60 Esi=76A0C8DC Ebp=236E620 Esp=236E600 Eip=771597A6

ADDR: 771597D3 CODE: 7479 jz 0x7715984e
Eax=236E68C Ebx=271E3F0 Ecx=17 Edx=5CECC1B7 Edi=271E1F0 Esi=271E308 Ebp=236E620 Esp=236E600 Eip=771597D3

ADDR: 772A7B53 CODE: 746e jz 0x772a7bc3
Eax=FFFFFFFE Ebx=77235C18 Ecx=FFFFFFFF Edx=5CECC1B7 Edi=77235C1C Esi=FFFFFFFE Ebp=236E618 Esp=236E604 Eip=772A7B53

ADDR: 771594A4 CODE: 7458 jz 0x771594fe
Eax=64D7B29A Ebx=7649B498 Ecx=17 Edx=5CECC1B7 Edi=2 Esi=76E65A70 Ebp=236E65C Esp=236E644 Eip=771594A4

ADDR: 772F8DEB CODE: 730a jae 0x772f8df7
Eax=EDCCB4E Ebx=7649B498 Ecx=76E65A70 Edx=404000 Edi=2 Esi=76E65A70 Ebp=236E65C Esp=236E638 Eip=772F8DEB

ADDR: 772F09B7 CODE: 747f jz 0x772f0a38
Eax=2 Ebx=251AFB4 Ecx=76E65A70 Edx=251AFB4 Edi=2 Esi=76E65A70 Ebp=236E610 Esp=236E604 Eip=772F09B7

ADDR: 772F09BE CODE: 7378 jae 0x772f0a38
Eax=2 Ebx=251AFB4 Ecx=76E65A70 Edx=251AFB4 Edi=2 Esi=76E65A70 Ebp=236E610 Esp=236E604 Eip=772F09BE

ADDR: 76E65A83 CODE: 790d jns 0x76e65a92
Eax=0 Ebx=7649B498 Ecx=270A188 Edx=0 Edi=2 Esi=76E65A70 Ebp=236E634 Esp=236E634 Eip=76E65A83

ADDR: 77162C46 CODE: 740a jz 0x77162c52
Eax=0 Ebx=7649B498 Ecx=7669E7C0 Edx=0 Edi=76512D80 Esi=7649B308 Ebp=236E6F0 Esp=236E6E4 Eip=77162C46

ADDR: 772F8DEB CODE: 730a jae 0x772f8df7
Eax=ECA25B0 Ebx=7649B498 Ecx=76512D80 Edx=11111111 Edi=76512D80 Esi=7649B308 Ebp=236E6F0 Esp=236E6E0 Eip=772F8DEB

ADDR: 771595B4 CODE: 7458 jz 0x7715960e
Eax=64D7B29A Ebx=7649B498 Ecx=17 Edx=76A0C8DC Edi=2 Esi=76E65A70 Ebp=236E660 Esp=236E648 Eip=771595B4

ADDR: 772F8DEB CODE: 730a jae 0x772f8df7
Eax=EDCCB4E Ebx=7649B498 Ecx=76E65A70 Edx=404000 Edi=2 Esi=76E65A70 Ebp=236E660 Esp=236E63C Eip=772F8DEB

ADDR: 772F09B7 CODE: 747f jz 0x772f0a38
Eax=2 Ebx=251AFB4 Ecx=76E65A70 Edx=251AFB4 Edi=2 Esi=76E65A70 Ebp=236E614 Esp=236E608 Eip=772F09B7

ADDR: 772F09BE CODE: 7378 jae 0x772f0a38
Eax=2 Ebx=251AFB4 Ecx=76E65A70 Edx=251AFB4 Edi=2 Esi=76E65A70 Ebp=236E614 Esp=236E608 Eip=772F09BE

ADDR: 76E65A83 CODE: 790d jns 0x76e65a92
Eax=0 Ebx=7649B498 Ecx=270A188 Edx=0 Edi=2 Esi=76E65A70 Ebp=236E638 Esp=236E638 Eip=76E65A83

ADDR: 771590DC CODE: 7454 jz 0x77159132
Eax=CD7B337 Ebx=7649B498 Ecx=17 Edx=0 Edi=2 Esi=76E500A0 Ebp=236E6AC Esp=236E650 Eip=771590DC

ADDR: 772F8DEB CODE: 730a jae 0x772f8df7
Eax=EDCA014 Ebx=7649B498 Ecx=76E500A0 Edx=104000 Edi=2 Esi=76E500A0 Ebp=236E6AC Esp=236E648 Eip=772F8DEB

ADDR: 772EC686 CODE: 743c jz 0x772ec6c4
Eax=2 Ebx=7649B498 Ecx=270A180 Edx=104000 Edi=2 Esi=251A000 Ebp=236E62C Esp=236E62C Eip=772EC686

ADDR: 772EC68D CODE: 7335 jae 0x772ec6c4
Eax=2 Ebx=7649B498 Ecx=270A180 Edx=104000 Edi=2 Esi=251A000 Ebp=236E62C Esp=236E62C Eip=772EC68D

ADDR: 772EC6AC CODE: 740c jz 0x772ec6ba
Eax=270CAA0 Ebx=7649B498 Ecx=270A180 Edx=0 Edi=2 Esi=2 Ebp=236E62C Esp=236E628 Eip=772EC6AC

ADDR: 772EC6B4 CODE: 7404 jz 0x772ec6ba
Eax=270CAAC Ebx=7649B498 Ecx=270A180 Edx=0 Edi=2 Esi=2 Ebp=236E62C Esp=236E628 Eip=772EC6B4

ADDR: 76E500BD CODE: 791c jns 0x76e500db
Eax=0 Ebx=7649B498 Ecx=236E640 Edx=0 Edi=2 Esi=251A000 Ebp=236E644 Esp=236E63C Eip=76E500BD

ADDR: 772AE69A CODE: 7315 jae 0x772ae6b1
Eax=77235C1C Ebx=7649B498 Ecx=77235C18 Edx=251A000 Edi=76512D80 Esi=76A0C8DC Ebp=236E61C Esp=236E618 Eip=772AE69A

ADDR: 771597A6 CODE: 0f8454720500 jz 0x771b0a00
Eax=236E68C Ebx=76A0C8DC Ecx=236E678 Edx=251A000 Edi=76512D80 Esi=76A0C8DC Ebp=236E620 Esp=236E600 Eip=771597A6

ADDR: 771597D3 CODE: 7479 jz 0x7715984e
Eax=236E68C Ebx=271E3F0 Ecx=17 Edx=5CECC1B7 Edi=271E1F0 Esi=271E30C Ebp=236E620 Esp=236E600 Eip=771597D3

ADDR: 772A7B53 CODE: 746e jz 0x772a7bc3
Eax=FFFFFFFE Ebx=77235C18 Ecx=FFFFFFFF Edx=5CECC1B7 Edi=77235C1C Esi=FFFFFFFE Ebp=236E618 Esp=236E604 Eip=772A7B53

ADDR: 771594A4 CODE: 7458 jz 0x771594fe
Eax=64D7B29A Ebx=7649B498 Ecx=17 Edx=5CECC1B7 Edi=2 Esi=76E65A70 Ebp=236E65C Esp=236E644 Eip=771594A4

ADDR: 772F8DEB CODE: 730a jae 0x772f8df7
Eax=EDCCB4E Ebx=7649B498 Ecx=76E65A70 Edx=404000 Edi=2 Esi=76E65A70 Ebp=236E65C Esp=236E638 Eip=772F8DEB

ADDR: 772F09B7 CODE: 747f jz 0x772f0a38
Eax=2 Ebx=251AFB4 Ecx=76E65A70 Edx=251AFB4 Edi=2 Esi=76E65A70 Ebp=236E610 Esp=236E604 Eip=772F09B7

ADDR: 772F09BE CODE: 7378 jae 0x772f0a38
Eax=2 Ebx=251AFB4 Ecx=76E65A70 Edx=251AFB4 Edi=2 Esi=76E65A70 Ebp=236E610 Esp=236E604 Eip=772F09BE

ADDR: 76E65A83 CODE: 790d jns 0x76e65a92
Eax=0 Ebx=7649B498 Ecx=270A188 Edx=0 Edi=2 Esi=76E65A70 Ebp=236E634 Esp=236E634 Eip=76E65A83

ADDR: 77162C46 CODE: 740a jz 0x77162c52
Eax=0 Ebx=7649B498 Ecx=7669E7D0 Edx=0 Edi=76512DA0 Esi=7649B30C Ebp=236E6F0 Esp=236E6E4 Eip=77162C46

ADDR: 772F8DEB CODE: 730a jae 0x772f8df7
Eax=ECA25B4 Ebx=7649B498 Ecx=76512DA0 Edx=11111111 Edi=76512DA0 Esi=7649B30C Ebp=236E6F0 Esp=236E6E0 Eip=772F8DEB

ADDR: 771595B4 CODE: 7458 jz 0x7715960e
Eax=64D7B29A Ebx=7649B498 Ecx=17 Edx=76A0C8DC Edi=2 Esi=76E65A70 Ebp=236E660 Esp=236E648 Eip=771595B4

ADDR: 772F8DEB CODE: 730a jae 0x772f8df7
Eax=EDCCB4E Ebx=7649B498 Ecx=76E65A70 Edx=404000 Edi=2 Esi=76E65A70 Ebp=236E660 Esp=236E63C Eip=772F8DEB

ADDR: 772F09B7 CODE: 747f jz 0x772f0a38
Eax=2 Ebx=251AFB4 Ecx=76E65A70 Edx=251AFB4 Edi=2 Esi=76E65A70 Ebp=236E614 Esp=236E608 Eip=772F09B7

ADDR: 772F09BE CODE: 7378 jae 0x772f0a38
Eax=2 Ebx=251AFB4 Ecx=76E65A70 Edx=251AFB4 Edi=2 Esi=76E65A70 Ebp=236E614 Esp=236E608 Eip=772F09BE

ADDR: 76E65A83 CODE: 790d jns 0x76e65a92
Eax=0 Ebx=7649B498 Ecx=270A188 Edx=0 Edi=2 Esi=76E65A70 Ebp=236E638 Esp=236E638 Eip=76E65A83

ADDR: 771590DC CODE: 7454 jz 0x77159132
Eax=CD7B337 Ebx=7649B498 Ecx=17 Edx=0 Edi=2 Esi=76E500A0 Ebp=236E6AC Esp=236E650 Eip=771590DC

ADDR: 772F8DEB CODE: 730a jae 0x772f8df7
Eax=EDCA014 Ebx=7649B498 Ecx=76E500A0 Edx=104000 Edi=2 Esi=76E500A0 Ebp=236E6AC Esp=236E648 Eip=772F8DEB

ADDR: 772EC686 CODE: 743c jz 0x772ec6c4
Eax=2 Ebx=7649B498 Ecx=270A180 Edx=104000 Edi=2 Esi=251A000 Ebp=236E62C Esp=236E62C Eip=772EC686

ADDR: 772EC68D CODE: 7335 jae 0x772ec6c4
Eax=2 Ebx=7649B498 Ecx=270A180 Edx=104000 Edi=2 Esi=251A000 Ebp=236E62C Esp=236E62C Eip=772EC68D

ADDR: 772EC6AC CODE: 740c jz 0x772ec6ba
Eax=270CAA0 Ebx=7649B498 Ecx=270A180 Edx=0 Edi=2 Esi=2 Ebp=236E62C Esp=236E628 Eip=772EC6AC

ADDR: 772EC6B4 CODE: 7404 jz 0x772ec6ba
Eax=270CAAC Ebx=7649B498 Ecx=270A180 Edx=0 Edi=2 Esi=2 Ebp=236E62C Esp=236E628 Eip=772EC6B4

ADDR: 76E500BD CODE: 791c jns 0x76e500db
Eax=0 Ebx=7649B498 Ecx=236E640 Edx=0 Edi=2 Esi=251A000 Ebp=236E644 Esp=236E63C Eip=76E500BD

ADDR: 772AE69A CODE: 7315 jae 0x772ae6b1
Eax=77235C1C Ebx=7649B498 Ecx=77235C18 Edx=251A000 Edi=76512DA0 Esi=76A0C8DC Ebp=236E61C Esp=236E618 Eip=772AE69A

ADDR: 771597A6 CODE: 0f8454720500 jz 0x771b0a00
Eax=236E68C Ebx=76A0C8DC Ecx=236E678 Edx=251A000 Edi=76512DA0 Esi=76A0C8DC Ebp=236E620 Esp=236E600 Eip=771597A6

ADDR: 771597D3 CODE: 7479 jz 0x7715984e
Eax=236E68C Ebx=271E3F0 Ecx=17 Edx=5CECC1B7 Edi=271E1F0 Esi=271E310 Ebp=236E620 Esp=236E600 Eip=771597D3

ADDR: 772A7B53 CODE: 746e jz 0x772a7bc3
Eax=FFFFFFFE Ebx=77235C18 Ecx=FFFFFFFF Edx=5CECC1B7 Edi=77235C1C Esi=FFFFFFFE Ebp=236E618 Esp=236E604 Eip=772A7B53

ADDR: 771594A4 CODE: 7458 jz 0x771594fe
Eax=64D7B29A Ebx=7649B498 Ecx=17 Edx=5CECC1B7 Edi=2 Esi=76E65A70 Ebp=236E65C Esp=236E644 Eip=771594A4

ADDR: 772F8DEB CODE: 730a jae 0x772f8df7
Eax=EDCCB4E Ebx=7649B498 Ecx=76E65A70 Edx=404000 Edi=2 Esi=76E65A70 Ebp=236E65C Esp=236E638 Eip=772F8DEB

ADDR: 772F09B7 CODE: 747f jz 0x772f0a38
Eax=2 Ebx=251AFB4 Ecx=76E65A70 Edx=251AFB4 Edi=2 Esi=76E65A70 Ebp=236E610 Esp=236E604 Eip=772F09B7

ADDR: 772F09BE CODE: 7378 jae 0x772f0a38
Eax=2 Ebx=251AFB4 Ecx=76E65A70 Edx=251AFB4 Edi=2 Esi=76E65A70 Ebp=236E610 Esp=236E604 Eip=772F09BE

ADDR: 76E65A83 CODE: 790d jns 0x76e65a92
Eax=0 Ebx=7649B498 Ecx=270A188 Edx=0 Edi=2 Esi=76E65A70 Ebp=236E634 Esp=236E634 Eip=76E65A83

ADDR: 77162C46 CODE: 740a jz 0x77162c52
Eax=0 Ebx=7649B498 Ecx=7669E800 Edx=0 Edi=76512DC0 Esi=7649B310 Ebp=236E6F0 Esp=236E6E4 Eip=77162C46

ADDR: 772F8DEB CODE: 730a jae 0x772f8df7
Eax=ECA25B8 Ebx=7649B498 Ecx=76512DC0 Edx=11111111 Edi=76512DC0 Esi=7649B310 Ebp=236E6F0 Esp=236E6E0 Eip=772F8DEB

ADDR: 771595B4 CODE: 7458 jz 0x7715960e
Eax=64D7B29A Ebx=7649B498 Ecx=17 Edx=76A0C8DC Edi=2 Esi=76E65A70 Ebp=236E660 Esp=236E648 Eip=771595B4

ADDR: 772F8DEB CODE: 730a jae 0x772f8df7
Eax=EDCCB4E Ebx=7649B498 Ecx=76E65A70 Edx=404000 Edi=2 Esi=76E65A70 Ebp=236E660 Esp=236E63C Eip=772F8DEB

ADDR: 772F09B7 CODE: 747f jz 0x772f0a38
Eax=2 Ebx=251AFB4 Ecx=76E65A70 Edx=251AFB4 Edi=2 Esi=76E65A70 Ebp=236E614 Esp=236E608 Eip=772F09B7

ADDR: 772F09BE CODE: 7378 jae 0x772f0a38
Eax=2 Ebx=251AFB4 Ecx=76E65A70 Edx=251AFB4 Edi=2 Esi=76E65A70 Ebp=236E614 Esp=236E608 Eip=772F09BE

ADDR: 76E65A83 CODE: 790d jns 0x76e65a92
Eax=0 Ebx=7649B498 Ecx=270A188 Edx=0 Edi=2 Esi=76E65A70 Ebp=236E638 Esp=236E638 Eip=76E65A83

ADDR: 771590DC CODE: 7454 jz 0x77159132
Eax=CD7B337 Ebx=7649B498 Ecx=17 Edx=0 Edi=2 Esi=76E500A0 Ebp=236E6AC Esp=236E650 Eip=771590DC

ADDR: 772F8DEB CODE: 730a jae 0x772f8df7
Eax=EDCA014 Ebx=7649B498 Ecx=76E500A0 Edx=104000 Edi=2 Esi=76E500A0 Ebp=236E6AC Esp=236E648 Eip=772F8DEB

ADDR: 772EC686 CODE: 743c jz 0x772ec6c4
Eax=2 Ebx=7649B498 Ecx=270A180 Edx=104000 Edi=2 Esi=251A000 Ebp=236E62C Esp=236E62C Eip=772EC686

ADDR: 772EC68D CODE: 7335 jae 0x772ec6c4
Eax=2 Ebx=7649B498 Ecx=270A180 Edx=104000 Edi=2 Esi=251A000 Ebp=236E62C Esp=236E62C Eip=772EC68D

ADDR: 772EC6AC CODE: 740c jz 0x772ec6ba
Eax=270CAA0 Ebx=7649B498 Ecx=270A180 Edx=0 Edi=2 Esi=2 Ebp=236E62C Esp=236E628 Eip=772EC6AC

ADDR: 772EC6B4 CODE: 7404 jz 0x772ec6ba
Eax=270CAAC Ebx=7649B498 Ecx=270A180 Edx=0 Edi=2 Esi=2 Ebp=236E62C Esp=236E628 Eip=772EC6B4

ADDR: 76E500BD CODE: 791c jns 0x76e500db
Eax=0 Ebx=7649B498 Ecx=236E640 Edx=0 Edi=2 Esi=251A000 Ebp=236E644 Esp=236E63C Eip=76E500BD

ADDR: 772AE69A CODE: 7315 jae 0x772ae6b1
Eax=77235C1C Ebx=7649B498 Ecx=77235C18 Edx=251A000 Edi=76512DC0 Esi=76A0C8DC Ebp=236E61C Esp=236E618 Eip=772AE69A

ADDR: 771597A6 CODE: 0f8454720500 jz 0x771b0a00
Eax=236E68C Ebx=76A0C8DC Ecx=236E678 Edx=251A000 Edi=76512DC0 Esi=76A0C8DC Ebp=236E620 Esp=236E600 Eip=771597A6

ADDR: 771597D3 CODE: 7479 jz 0x7715984e
Eax=236E68C Ebx=271E3F0 Ecx=17 Edx=5CECC1B7 Edi=271E1F0 Esi=271E314 Ebp=236E620 Esp=236E600 Eip=771597D3

ADDR: 772A7B53 CODE: 746e jz 0x772a7bc3
Eax=FFFFFFFE Ebx=77235C18 Ecx=FFFFFFFF Edx=5CECC1B7 Edi=77235C1C Esi=FFFFFFFE Ebp=236E618 Esp=236E604 Eip=772A7B53

ADDR: 771594A4 CODE: 7458 jz 0x771594fe
Eax=64D7B29A Ebx=7649B498 Ecx=17 Edx=5CECC1B7 Edi=2 Esi=76E65A70 Ebp=236E65C Esp=236E644 Eip=771594A4

ADDR: 772F8DEB CODE: 730a jae 0x772f8df7
Eax=EDCCB4E Ebx=7649B498 Ecx=76E65A70 Edx=404000 Edi=2 Esi=76E65A70 Ebp=236E65C Esp=236E638 Eip=772F8DEB

ADDR: 772F09B7 CODE: 747f jz 0x772f0a38
Eax=2 Ebx=251AFB4 Ecx=76E65A70 Edx=251AFB4 Edi=2 Esi=76E65A70 Ebp=236E610 Esp=236E604 Eip=772F09B7

ADDR: 772F09BE CODE: 7378 jae 0x772f0a38
Eax=2 Ebx=251AFB4 Ecx=76E65A70 Edx=251AFB4 Edi=2 Esi=76E65A70 Ebp=236E610 Esp=236E604 Eip=772F09BE

ADDR: 76E65A83 CODE: 790d jns 0x76e65a92
Eax=0 Ebx=7649B498 Ecx=270A188 Edx=0 Edi=2 Esi=76E65A70 Ebp=236E634 Esp=236E634 Eip=76E65A83

ADDR: 77162C46 CODE: 740a jz 0x77162c52
Eax=0 Ebx=7649B498 Ecx=7669E810 Edx=0 Edi=76512DE0 Esi=7649B314 Ebp=236E6F0 Esp=236E6E4 Eip=77162C46

ADDR: 772F8DEB CODE: 730a jae 0x772f8df7
Eax=ECA25BC Ebx=7649B498 Ecx=76512DE0 Edx=11111111 Edi=76512DE0 Esi=7649B314 Ebp=236E6F0 Esp=236E6E0 Eip=772F8DEB

ADDR: 771595B4 CODE: 7458 jz 0x7715960e
Eax=64D7B29A Ebx=7649B498 Ecx=17 Edx=76A0C8DC Edi=2 Esi=76E65A70 Ebp=236E660 Esp=236E648 Eip=771595B4

ADDR: 772F8DEB CODE: 730a jae 0x772f8df7
Eax=EDCCB4E Ebx=7649B498 Ecx=76E65A70 Edx=404000 Edi=2 Esi=76E65A70 Ebp=236E660 Esp=236E63C Eip=772F8DEB

ADDR: 772F09B7 CODE: 747f jz 0x772f0a38
Eax=2 Ebx=251AFB4 Ecx=76E65A70 Edx=251AFB4 Edi=2 Esi=76E65A70 Ebp=236E614 Esp=236E608 Eip=772F09B7

ADDR: 772F09BE CODE: 7378 jae 0x772f0a38
Eax=2 Ebx=251AFB4 Ecx=76E65A70 Edx=251AFB4 Edi=2 Esi=76E65A70 Ebp=236E614 Esp=236E608 Eip=772F09BE

ADDR: 76E65A83 CODE: 790d jns 0x76e65a92
Eax=0 Ebx=7649B498 Ecx=270A188 Edx=0 Edi=2 Esi=76E65A70 Ebp=236E638 Esp=236E638 Eip=76E65A83

ADDR: 771590DC CODE: 7454 jz 0x77159132
Eax=CD7B337 Ebx=7649B498 Ecx=17 Edx=0 Edi=2 Esi=76E500A0 Ebp=236E6AC Esp=236E650 Eip=771590DC

ADDR: 772F8DEB CODE: 730a jae 0x772f8df7
Eax=EDCA014 Ebx=7649B498 Ecx=76E500A0 Edx=104000 Edi=2 Esi=76E500A0 Ebp=236E6AC Esp=236E648 Eip=772F8DEB

ADDR: 772EC686 CODE: 743c jz 0x772ec6c4
Eax=2 Ebx=7649B498 Ecx=270A180 Edx=104000 Edi=2 Esi=251A000 Ebp=236E62C Esp=236E62C Eip=772EC686

ADDR: 772EC68D CODE: 7335 jae 0x772ec6c4
Eax=2 Ebx=7649B498 Ecx=270A180 Edx=104000 Edi=2 Esi=251A000 Ebp=236E62C Esp=236E62C Eip=772EC68D

ADDR: 772EC6AC CODE: 740c jz 0x772ec6ba
Eax=270CAA0 Ebx=7649B498 Ecx=270A180 Edx=0 Edi=2 Esi=2 Ebp=236E62C Esp=236E628 Eip=772EC6AC

ADDR: 772EC6B4 CODE: 7404 jz 0x772ec6ba
Eax=270CAAC Ebx=7649B498 Ecx=270A180 Edx=0 Edi=2 Esi=2 Ebp=236E62C Esp=236E628 Eip=772EC6B4

ADDR: 76E500BD CODE: 791c jns 0x76e500db
Eax=0 Ebx=7649B498 Ecx=236E640 Edx=0 Edi=2 Esi=251A000 Ebp=236E644 Esp=236E63C Eip=76E500BD

ADDR: 772AE69A CODE: 7315 jae 0x772ae6b1
Eax=77235C1C Ebx=7649B498 Ecx=77235C18 Edx=251A000 Edi=76512DE0 Esi=76A0C8DC Ebp=236E61C Esp=236E618 Eip=772AE69A

ADDR: 771597A6 CODE: 0f8454720500 jz 0x771b0a00
Eax=236E68C Ebx=76A0C8DC Ecx=236E678 Edx=251A000 Edi=76512DE0 Esi=76A0C8DC Ebp=236E620 Esp=236E600 Eip=771597A6

ADDR: 771597D3 CODE: 7479 jz 0x7715984e
Eax=236E68C Ebx=271E3F0 Ecx=17 Edx=5CECC1B7 Edi=271E1F0 Esi=271E318 Ebp=236E620 Esp=236E600 Eip=771597D3

ADDR: 772A7B53 CODE: 746e jz 0x772a7bc3
Eax=FFFFFFFE Ebx=77235C18 Ecx=FFFFFFFF Edx=5CECC1B7 Edi=77235C1C Esi=FFFFFFFE Ebp=236E618 Esp=236E604 Eip=772A7B53

ADDR: 771594A4 CODE: 7458 jz 0x771594fe
Eax=64D7B29A Ebx=7649B498 Ecx=17 Edx=5CECC1B7 Edi=2 Esi=76E65A70 Ebp=236E65C Esp=236E644 Eip=771594A4

ADDR: 772F8DEB CODE: 730a jae 0x772f8df7
Eax=EDCCB4E Ebx=7649B498 Ecx=76E65A70 Edx=404000 Edi=2 Esi=76E65A70 Ebp=236E65C Esp=236E638 Eip=772F8DEB

ADDR: 772F09B7 CODE: 747f jz 0x772f0a38
Eax=2 Ebx=251AFB4 Ecx=76E65A70 Edx=251AFB4 Edi=2 Esi=76E65A70 Ebp=236E610 Esp=236E604 Eip=772F09B7

ADDR: 772F09BE CODE: 7378 jae 0x772f0a38
Eax=2 Ebx=251AFB4 Ecx=76E65A70 Edx=251AFB4 Edi=2 Esi=76E65A70 Ebp=236E610 Esp=236E604 Eip=772F09BE

ADDR: 76E65A83 CODE: 790d jns 0x76e65a92
Eax=0 Ebx=7649B498 Ecx=270A188 Edx=0 Edi=2 Esi=76E65A70 Ebp=236E634 Esp=236E634 Eip=76E65A83

ADDR: 77162C46 CODE: 740a jz 0x77162c52
Eax=0 Ebx=7649B498 Ecx=7669E820 Edx=0 Edi=76512E00 Esi=7649B318 Ebp=236E6F0 Esp=236E6E4 Eip=77162C46

ADDR: 772F8DEB CODE: 730a jae 0x772f8df7
Eax=ECA25C0 Ebx=7649B498 Ecx=76512E00 Edx=11111111 Edi=76512E00 Esi=7649B318 Ebp=236E6F0 Esp=236E6E0 Eip=772F8DEB

ADDR: 771595B4 CODE: 7458 jz 0x7715960e
Eax=64D7B29A Ebx=7649B498 Ecx=17 Edx=76A0C8DC Edi=2 Esi=76E65A70 Ebp=236E660 Esp=236E648 Eip=771595B4

ADDR: 772F8DEB CODE: 730a jae 0x772f8df7
Eax=EDCCB4E Ebx=7649B498 Ecx=76E65A70 Edx=404000 Edi=2 Esi=76E65A70 Ebp=236E660 Esp=236E63C Eip=772F8DEB

ADDR: 772F09B7 CODE: 747f jz 0x772f0a38
Eax=2 Ebx=251AFB4 Ecx=76E65A70 Edx=251AFB4 Edi=2 Esi=76E65A70 Ebp=236E614 Esp=236E608 Eip=772F09B7

ADDR: 772F09BE CODE: 7378 jae 0x772f0a38
Eax=2 Ebx=251AFB4 Ecx=76E65A70 Edx=251AFB4 Edi=2 Esi=76E65A70 Ebp=236E614 Esp=236E608 Eip=772F09BE

ADDR: 76E65A83 CODE: 790d jns 0x76e65a92
Eax=0 Ebx=7649B498 Ecx=270A188 Edx=0 Edi=2 Esi=76E65A70 Ebp=236E638 Esp=236E638 Eip=76E65A83

ADDR: 771590DC CODE: 7454 jz 0x77159132
Eax=CD7B337 Ebx=7649B498 Ecx=17 Edx=0 Edi=2 Esi=76E500A0 Ebp=236E6AC Esp=236E650 Eip=771590DC

ADDR: 772F8DEB CODE: 730a jae 0x772f8df7
Eax=EDCA014 Ebx=7649B498 Ecx=76E500A0 Edx=104000 Edi=2 Esi=76E500A0 Ebp=236E6AC Esp=236E648 Eip=772F8DEB

ADDR: 772EC686 CODE: 743c jz 0x772ec6c4
Eax=2 Ebx=7649B498 Ecx=270A180 Edx=104000 Edi=2 Esi=251A000 Ebp=236E62C Esp=236E62C Eip=772EC686

ADDR: 772EC68D CODE: 7335 jae 0x772ec6c4
Eax=2 Ebx=7649B498 Ecx=270A180 Edx=104000 Edi=2 Esi=251A000 Ebp=236E62C Esp=236E62C Eip=772EC68D

ADDR: 772EC6AC CODE: 740c jz 0x772ec6ba
Eax=270CAA0 Ebx=7649B498 Ecx=270A180 Edx=0 Edi=2 Esi=2 Ebp=236E62C Esp=236E628 Eip=772EC6AC

ADDR: 772EC6B4 CODE: 7404 jz 0x772ec6ba
Eax=270CAAC Ebx=7649B498 Ecx=270A180 Edx=0 Edi=2 Esi=2 Ebp=236E62C Esp=236E628 Eip=772EC6B4

ADDR: 76E500BD CODE: 791c jns 0x76e500db
Eax=0 Ebx=7649B498 Ecx=236E640 Edx=0 Edi=2 Esi=251A000 Ebp=236E644 Esp=236E63C Eip=76E500BD

ADDR: 772AE69A CODE: 7315 jae 0x772ae6b1
Eax=77235C1C Ebx=7649B498 Ecx=77235C18 Edx=251A000 Edi=76512E00 Esi=76A0C8DC Ebp=236E61C Esp=236E618 Eip=772AE69A

ADDR: 771597A6 CODE: 0f8454720500 jz 0x771b0a00
Eax=236E68C Ebx=76A0C8DC Ecx=236E678 Edx=251A000 Edi=76512E00 Esi=76A0C8DC Ebp=236E620 Esp=236E600 Eip=771597A6

ADDR: 771597D3 CODE: 7479 jz 0x7715984e
Eax=236E68C Ebx=271E3F0 Ecx=17 Edx=5CECC1B7 Edi=271E1F0 Esi=271E31C Ebp=236E620 Esp=236E600 Eip=771597D3

ADDR: 772A7B53 CODE: 746e jz 0x772a7bc3
Eax=FFFFFFFE Ebx=77235C18 Ecx=FFFFFFFF Edx=5CECC1B7 Edi=77235C1C Esi=FFFFFFFE Ebp=236E618 Esp=236E604 Eip=772A7B53

ADDR: 771594A4 CODE: 7458 jz 0x771594fe
Eax=64D7B29A Ebx=7649B498 Ecx=17 Edx=5CECC1B7 Edi=2 Esi=76E65A70 Ebp=236E65C Esp=236E644 Eip=771594A4

ADDR: 772F8DEB CODE: 730a jae 0x772f8df7
Eax=EDCCB4E Ebx=7649B498 Ecx=76E65A70 Edx=404000 Edi=2 Esi=76E65A70 Ebp=236E65C Esp=236E638 Eip=772F8DEB

ADDR: 772F09B7 CODE: 747f jz 0x772f0a38
Eax=2 Ebx=251AFB4 Ecx=76E65A70 Edx=251AFB4 Edi=2 Esi=76E65A70 Ebp=236E610 Esp=236E604 Eip=772F09B7

ADDR: 772F09BE CODE: 7378 jae 0x772f0a38
Eax=2 Ebx=251AFB4 Ecx=76E65A70 Edx=251AFB4 Edi=2 Esi=76E65A70 Ebp=236E610 Esp=236E604 Eip=772F09BE

ADDR: 76E65A83 CODE: 790d jns 0x76e65a92
Eax=0 Ebx=7649B498 Ecx=270A188 Edx=0 Edi=2 Esi=76E65A70 Ebp=236E634 Esp=236E634 Eip=76E65A83

ADDR: 77162C46 CODE: 740a jz 0x77162c52
Eax=0 Ebx=7649B498 Ecx=7669E830 Edx=0 Edi=76512E20 Esi=7649B31C Ebp=236E6F0 Esp=236E6E4 Eip=77162C46

ADDR: 772F8DEB CODE: 730a jae 0x772f8df7
Eax=ECA25C4 Ebx=7649B498 Ecx=76512E20 Edx=11111111 Edi=76512E20 Esi=7649B31C Ebp=236E6F0 Esp=236E6E0 Eip=772F8DEB

ADDR: 771595B4 CODE: 7458 jz 0x7715960e
Eax=64D7B29A Ebx=7649B498 Ecx=17 Edx=76A0C8DC Edi=2 Esi=76E65A70 Ebp=236E660 Esp=236E648 Eip=771595B4

ADDR: 772F8DEB CODE: 730a jae 0x772f8df7
Eax=EDCCB4E Ebx=7649B498 Ecx=76E65A70 Edx=404000 Edi=2 Esi=76E65A70 Ebp=236E660 Esp=236E63C Eip=772F8DEB

ADDR: 772F09B7 CODE: 747f jz 0x772f0a38
Eax=2 Ebx=251AFB4 Ecx=76E65A70 Edx=251AFB4 Edi=2 Esi=76E65A70 Ebp=236E614 Esp=236E608 Eip=772F09B7

ADDR: 772F09BE CODE: 7378 jae 0x772f0a38
Eax=2 Ebx=251AFB4 Ecx=76E65A70 Edx=251AFB4 Edi=2 Esi=76E65A70 Ebp=236E614 Esp=236E608 Eip=772F09BE

ADDR: 76E65A83 CODE: 790d jns 0x76e65a92
Eax=0 Ebx=7649B498 Ecx=270A188 Edx=0 Edi=2 Esi=76E65A70 Ebp=236E638 Esp=236E638 Eip=76E65A83

ADDR: 771590DC CODE: 7454 jz 0x77159132
Eax=CD7B337 Ebx=7649B498 Ecx=17 Edx=0 Edi=2 Esi=76E500A0 Ebp=236E6AC Esp=236E650 Eip=771590DC

ADDR: 772F8DEB CODE: 730a jae 0x772f8df7
Eax=EDCA014 Ebx=7649B498 Ecx=76E500A0 Edx=104000 Edi=2 Esi=76E500A0 Ebp=236E6AC Esp=236E648 Eip=772F8DEB

ADDR: 772EC686 CODE: 743c jz 0x772ec6c4
Eax=2 Ebx=7649B498 Ecx=270A180 Edx=104000 Edi=2 Esi=251A000 Ebp=236E62C Esp=236E62C Eip=772EC686

ADDR: 772EC68D CODE: 7335 jae 0x772ec6c4
Eax=2 Ebx=7649B498 Ecx=270A180 Edx=104000 Edi=2 Esi=251A000 Ebp=236E62C Esp=236E62C Eip=772EC68D

ADDR: 772EC6AC CODE: 740c jz 0x772ec6ba
Eax=270CAA0 Ebx=7649B498 Ecx=270A180 Edx=0 Edi=2 Esi=2 Ebp=236E62C Esp=236E628 Eip=772EC6AC

ADDR: 772EC6B4 CODE: 7404 jz 0x772ec6ba
Eax=270CAAC Ebx=7649B498 Ecx=270A180 Edx=0 Edi=2 Esi=2 Ebp=236E62C Esp=236E628 Eip=772EC6B4

ADDR: 76E500BD CODE: 791c jns 0x76e500db
Eax=0 Ebx=7649B498 Ecx=236E640 Edx=0 Edi=2 Esi=251A000 Ebp=236E644 Esp=236E63C Eip=76E500BD

ADDR: 772AE69A CODE: 7315 jae 0x772ae6b1
Eax=77235C1C Ebx=7649B498 Ecx=77235C18 Edx=251A000 Edi=76512E20 Esi=76A0C8DC Ebp=236E61C Esp=236E618 Eip=772AE69A

ADDR: 771597A6 CODE: 0f8454720500 jz 0x771b0a00
Eax=236E68C Ebx=76A0C8DC Ecx=236E678 Edx=251A000 Edi=76512E20 Esi=76A0C8DC Ebp=236E620 Esp=236E600 Eip=771597A6

ADDR: 771597D3 CODE: 7479 jz 0x7715984e
Eax=236E68C Ebx=271E3F0 Ecx=17 Edx=5CECC1B7 Edi=271E1F0 Esi=271E320 Ebp=236E620 Esp=236E600 Eip=771597D3

ADDR: 772A7B53 CODE: 746e jz 0x772a7bc3
Eax=FFFFFFFE Ebx=77235C18 Ecx=FFFFFFFF Edx=5CECC1B7 Edi=77235C1C Esi=FFFFFFFE Ebp=236E618 Esp=236E604 Eip=772A7B53

ADDR: 771594A4 CODE: 7458 jz 0x771594fe
Eax=64D7B29A Ebx=7649B498 Ecx=17 Edx=5CECC1B7 Edi=2 Esi=76E65A70 Ebp=236E65C Esp=236E644 Eip=771594A4

ADDR: 772F8DEB CODE: 730a jae 0x772f8df7
Eax=EDCCB4E Ebx=7649B498 Ecx=76E65A70 Edx=404000 Edi=2 Esi=76E65A70 Ebp=236E65C Esp=236E638 Eip=772F8DEB

ADDR: 772F09B7 CODE: 747f jz 0x772f0a38
Eax=2 Ebx=251AFB4 Ecx=76E65A70 Edx=251AFB4 Edi=2 Esi=76E65A70 Ebp=236E610 Esp=236E604 Eip=772F09B7

ADDR: 772F09BE CODE: 7378 jae 0x772f0a38
Eax=2 Ebx=251AFB4 Ecx=76E65A70 Edx=251AFB4 Edi=2 Esi=76E65A70 Ebp=236E610 Esp=236E604 Eip=772F09BE

ADDR: 76E65A83 CODE: 790d jns 0x76e65a92
Eax=0 Ebx=7649B498 Ecx=270A188 Edx=0 Edi=2 Esi=76E65A70 Ebp=236E634 Esp=236E634 Eip=76E65A83

ADDR: 77162C46 CODE: 740a jz 0x77162c52
Eax=0 Ebx=7649B498 Ecx=7669E840 Edx=0 Edi=76512E40 Esi=7649B320 Ebp=236E6F0 Esp=236E6E4 Eip=77162C46

ADDR: 772F8DEB CODE: 730a jae 0x772f8df7
Eax=ECA25C8 Ebx=7649B498 Ecx=76512E40 Edx=11111111 Edi=76512E40 Esi=7649B320 Ebp=236E6F0 Esp=236E6E0 Eip=772F8DEB

ADDR: 771595B4 CODE: 7458 jz 0x7715960e
Eax=64D7B29A Ebx=7649B498 Ecx=17 Edx=76A0C8DC Edi=2 Esi=76E65A70 Ebp=236E660 Esp=236E648 Eip=771595B4

ADDR: 772F8DEB CODE: 730a jae 0x772f8df7
Eax=EDCCB4E Ebx=7649B498 Ecx=76E65A70 Edx=404000 Edi=2 Esi=76E65A70 Ebp=236E660 Esp=236E63C Eip=772F8DEB

ADDR: 772F09B7 CODE: 747f jz 0x772f0a38
Eax=2 Ebx=251AFB4 Ecx=76E65A70 Edx=251AFB4 Edi=2 Esi=76E65A70 Ebp=236E614 Esp=236E608 Eip=772F09B7

ADDR: 772F09BE CODE: 7378 jae 0x772f0a38
Eax=2 Ebx=251AFB4 Ecx=76E65A70 Edx=251AFB4 Edi=2 Esi=76E65A70 Ebp=236E614 Esp=236E608 Eip=772F09BE

ADDR: 76E65A83 CODE: 790d jns 0x76e65a92
Eax=0 Ebx=7649B498 Ecx=270A188 Edx=0 Edi=2 Esi=76E65A70 Ebp=236E638 Esp=236E638 Eip=76E65A83

ADDR: 771590DC CODE: 7454 jz 0x77159132
Eax=CD7B337 Ebx=7649B498 Ecx=17 Edx=0 Edi=2 Esi=76E500A0 Ebp=236E6AC Esp=236E650 Eip=771590DC

ADDR: 772F8DEB CODE: 730a jae 0x772f8df7
Eax=EDCA014 Ebx=7649B498 Ecx=76E500A0 Edx=104000 Edi=2 Esi=76E500A0 Ebp=236E6AC Esp=236E648 Eip=772F8DEB

ADDR: 772EC686 CODE: 743c jz 0x772ec6c4
Eax=2 Ebx=7649B498 Ecx=270A180 Edx=104000 Edi=2 Esi=251A000 Ebp=236E62C Esp=236E62C Eip=772EC686

ADDR: 772EC68D CODE: 7335 jae 0x772ec6c4
Eax=2 Ebx=7649B498 Ecx=270A180 Edx=104000 Edi=2 Esi=251A000 Ebp=236E62C Esp=236E62C Eip=772EC68D

ADDR: 772EC6AC CODE: 740c jz 0x772ec6ba
Eax=270CAA0 Ebx=7649B498 Ecx=270A180 Edx=0 Edi=2 Esi=2 Ebp=236E62C Esp=236E628 Eip=772EC6AC

ADDR: 772EC6B4 CODE: 7404 jz 0x772ec6ba
Eax=270CAAC Ebx=7649B498 Ecx=270A180 Edx=0 Edi=2 Esi=2 Ebp=236E62C Esp=236E628 Eip=772EC6B4

ADDR: 76E500BD CODE: 791c jns 0x76e500db
Eax=0 Ebx=7649B498 Ecx=236E640 Edx=0 Edi=2 Esi=251A000 Ebp=236E644 Esp=236E63C Eip=76E500BD

ADDR: 772AE69A CODE: 7315 jae 0x772ae6b1
Eax=77235C1C Ebx=7649B498 Ecx=77235C18 Edx=251A000 Edi=76512E40 Esi=76A0C8DC Ebp=236E61C Esp=236E618 Eip=772AE69A

ADDR: 771597A6 CODE: 0f8454720500 jz 0x771b0a00
Eax=236E68C Ebx=76A0C8DC Ecx=236E678 Edx=251A000 Edi=76512E40 Esi=76A0C8DC Ebp=236E620 Esp=236E600 Eip=771597A6

ADDR: 771597D3 CODE: 7479 jz 0x7715984e
Eax=236E68C Ebx=271E3F0 Ecx=17 Edx=5CECC1B7 Edi=271E1F0 Esi=271E324 Ebp=236E620 Esp=236E600 Eip=771597D3

ADDR: 772A7B53 CODE: 746e jz 0x772a7bc3
Eax=FFFFFFFE Ebx=77235C18 Ecx=FFFFFFFF Edx=5CECC1B7 Edi=77235C1C Esi=FFFFFFFE Ebp=236E618 Esp=236E604 Eip=772A7B53

ADDR: 771594A4 CODE: 7458 jz 0x771594fe
Eax=64D7B29A Ebx=7649B498 Ecx=17 Edx=5CECC1B7 Edi=2 Esi=76E65A70 Ebp=236E65C Esp=236E644 Eip=771594A4

ADDR: 772F8DEB CODE: 730a jae 0x772f8df7
Eax=EDCCB4E Ebx=7649B498 Ecx=76E65A70 Edx=404000 Edi=2 Esi=76E65A70 Ebp=236E65C Esp=236E638 Eip=772F8DEB

ADDR: 772F09B7 CODE: 747f jz 0x772f0a38
Eax=2 Ebx=251AFB4 Ecx=76E65A70 Edx=251AFB4 Edi=2 Esi=76E65A70 Ebp=236E610 Esp=236E604 Eip=772F09B7

ADDR: 772F09BE CODE: 7378 jae 0x772f0a38
Eax=2 Ebx=251AFB4 Ecx=76E65A70 Edx=251AFB4 Edi=2 Esi=76E65A70 Ebp=236E610 Esp=236E604 Eip=772F09BE

ADDR: 76E65A83 CODE: 790d jns 0x76e65a92
Eax=0 Ebx=7649B498 Ecx=270A188 Edx=0 Edi=2 Esi=76E65A70 Ebp=236E634 Esp=236E634 Eip=76E65A83

ADDR: 77162C46 CODE: 740a jz 0x77162c52
Eax=0 Ebx=7649B498 Ecx=7669E850 Edx=0 Edi=76512E60 Esi=7649B324 Ebp=236E6F0 Esp=236E6E4 Eip=77162C46

ADDR: 772F8DEB CODE: 730a jae 0x772f8df7
Eax=ECA25CC Ebx=7649B498 Ecx=76512E60 Edx=11111111 Edi=76512E60 Esi=7649B324 Ebp=236E6F0 Esp=236E6E0 Eip=772F8DEB

ADDR: 771595B4 CODE: 7458 jz 0x7715960e
Eax=64D7B29A Ebx=7649B498 Ecx=17 Edx=76A0C8DC Edi=2 Esi=76E65A70 Ebp=236E660 Esp=236E648 Eip=771595B4

ADDR: 772F8DEB CODE: 730a jae 0x772f8df7
Eax=EDCCB4E Ebx=7649B498 Ecx=76E65A70 Edx=404000 Edi=2 Esi=76E65A70 Ebp=236E660 Esp=236E63C Eip=772F8DEB

ADDR: 772F09B7 CODE: 747f jz 0x772f0a38
Eax=2 Ebx=251AFB4 Ecx=76E65A70 Edx=251AFB4 Edi=2 Esi=76E65A70 Ebp=236E614 Esp=236E608 Eip=772F09B7

ADDR: 772F09BE CODE: 7378 jae 0x772f0a38
Eax=2 Ebx=251AFB4 Ecx=76E65A70 Edx=251AFB4 Edi=2 Esi=76E65A70 Ebp=236E614 Esp=236E608 Eip=772F09BE

ADDR: 76E65A83 CODE: 790d jns 0x76e65a92
Eax=0 Ebx=7649B498 Ecx=270A188 Edx=0 Edi=2 Esi=76E65A70 Ebp=236E638 Esp=236E638 Eip=76E65A83

ADDR: 771590DC CODE: 7454 jz 0x77159132
Eax=CD7B337 Ebx=7649B498 Ecx=17 Edx=0 Edi=2 Esi=76E500A0 Ebp=236E6AC Esp=236E650 Eip=771590DC

ADDR: 772F8DEB CODE: 730a jae 0x772f8df7
Eax=EDCA014 Ebx=7649B498 Ecx=76E500A0 Edx=104000 Edi=2 Esi=76E500A0 Ebp=236E6AC Esp=236E648 Eip=772F8DEB

ADDR: 772EC686 CODE: 743c jz 0x772ec6c4
Eax=2 Ebx=7649B498 Ecx=270A180 Edx=104000 Edi=2 Esi=251A000 Ebp=236E62C Esp=236E62C Eip=772EC686

ADDR: 772EC68D CODE: 7335 jae 0x772ec6c4
Eax=2 Ebx=7649B498 Ecx=270A180 Edx=104000 Edi=2 Esi=251A000 Ebp=236E62C Esp=236E62C Eip=772EC68D

ADDR: 772EC6AC CODE: 740c jz 0x772ec6ba
Eax=270CAA0 Ebx=7649B498 Ecx=270A180 Edx=0 Edi=2 Esi=2 Ebp=236E62C Esp=236E628 Eip=772EC6AC

ADDR: 772EC6B4 CODE: 7404 jz 0x772ec6ba
Eax=270CAAC Ebx=7649B498 Ecx=270A180 Edx=0 Edi=2 Esi=2 Ebp=236E62C Esp=236E628 Eip=772EC6B4

ADDR: 76E500BD CODE: 791c jns 0x76e500db
Eax=0 Ebx=7649B498 Ecx=236E640 Edx=0 Edi=2 Esi=251A000 Ebp=236E644 Esp=236E63C Eip=76E500BD

ADDR: 772AE69A CODE: 7315 jae 0x772ae6b1
Eax=77235C1C Ebx=7649B498 Ecx=77235C18 Edx=251A000 Edi=76512E60 Esi=76A0C8DC Ebp=236E61C Esp=236E618 Eip=772AE69A

ADDR: 771597A6 CODE: 0f8454720500 jz 0x771b0a00
Eax=236E68C Ebx=76A0C8DC Ecx=236E678 Edx=251A000 Edi=76512E60 Esi=76A0C8DC Ebp=236E620 Esp=236E600 Eip=771597A6

ADDR: 771597D3 CODE: 7479 jz 0x7715984e
Eax=236E68C Ebx=271E3F0 Ecx=17 Edx=5CECC1B7 Edi=271E1F0 Esi=271E328 Ebp=236E620 Esp=236E600 Eip=771597D3

ADDR: 772A7B53 CODE: 746e jz 0x772a7bc3
Eax=FFFFFFFE Ebx=77235C18 Ecx=FFFFFFFF Edx=5CECC1B7 Edi=77235C1C Esi=FFFFFFFE Ebp=236E618 Esp=236E604 Eip=772A7B53

ADDR: 771594A4 CODE: 7458 jz 0x771594fe
Eax=64D7B29A Ebx=7649B498 Ecx=17 Edx=5CECC1B7 Edi=2 Esi=76E65A70 Ebp=236E65C Esp=236E644 Eip=771594A4

ADDR: 772F8DEB CODE: 730a jae 0x772f8df7
Eax=EDCCB4E Ebx=7649B498 Ecx=76E65A70 Edx=404000 Edi=2 Esi=76E65A70 Ebp=236E65C Esp=236E638 Eip=772F8DEB

ADDR: 772F09B7 CODE: 747f jz 0x772f0a38
Eax=2 Ebx=251AFB4 Ecx=76E65A70 Edx=251AFB4 Edi=2 Esi=76E65A70 Ebp=236E610 Esp=236E604 Eip=772F09B7

ADDR: 772F09BE CODE: 7378 jae 0x772f0a38
Eax=2 Ebx=251AFB4 Ecx=76E65A70 Edx=251AFB4 Edi=2 Esi=76E65A70 Ebp=236E610 Esp=236E604 Eip=772F09BE

ADDR: 76E65A83 CODE: 790d jns 0x76e65a92
Eax=0 Ebx=7649B498 Ecx=270A188 Edx=0 Edi=2 Esi=76E65A70 Ebp=236E634 Esp=236E634 Eip=76E65A83

ADDR: 77162C46 CODE: 740a jz 0x77162c52
Eax=0 Ebx=7649B498 Ecx=7669E860 Edx=0 Edi=76512E80 Esi=7649B328 Ebp=236E6F0 Esp=236E6E4 Eip=77162C46

ADDR: 772F8DEB CODE: 730a jae 0x772f8df7
Eax=ECA25D0 Ebx=7649B498 Ecx=76512E80 Edx=11111111 Edi=76512E80 Esi=7649B328 Ebp=236E6F0 Esp=236E6E0 Eip=772F8DEB

ADDR: 771595B4 CODE: 7458 jz 0x7715960e
Eax=64D7B29A Ebx=7649B498 Ecx=17 Edx=76A0C8DC Edi=2 Esi=76E65A70 Ebp=236E660 Esp=236E648 Eip=771595B4

ADDR: 772F8DEB CODE: 730a jae 0x772f8df7
Eax=EDCCB4E Ebx=7649B498 Ecx=76E65A70 Edx=404000 Edi=2 Esi=76E65A70 Ebp=236E660 Esp=236E63C Eip=772F8DEB

ADDR: 772F09B7 CODE: 747f jz 0x772f0a38
Eax=2 Ebx=251AFB4 Ecx=76E65A70 Edx=251AFB4 Edi=2 Esi=76E65A70 Ebp=236E614 Esp=236E608 Eip=772F09B7

ADDR: 772F09BE CODE: 7378 jae 0x772f0a38
Eax=2 Ebx=251AFB4 Ecx=76E65A70 Edx=251AFB4 Edi=2 Esi=76E65A70 Ebp=236E614 Esp=236E608 Eip=772F09BE

ADDR: 76E65A83 CODE: 790d jns 0x76e65a92
Eax=0 Ebx=7649B498 Ecx=270A188 Edx=0 Edi=2 Esi=76E65A70 Ebp=236E638 Esp=236E638 Eip=76E65A83

ADDR: 771590DC CODE: 7454 jz 0x77159132
Eax=CD7B337 Ebx=7649B498 Ecx=17 Edx=0 Edi=2 Esi=76E500A0 Ebp=236E6AC Esp=236E650 Eip=771590DC

ADDR: 772F8DEB CODE: 730a jae 0x772f8df7
Eax=EDCA014 Ebx=7649B498 Ecx=76E500A0 Edx=104000 Edi=2 Esi=76E500A0 Ebp=236E6AC Esp=236E648 Eip=772F8DEB

ADDR: 772EC686 CODE: 743c jz 0x772ec6c4
Eax=2 Ebx=7649B498 Ecx=270A180 Edx=104000 Edi=2 Esi=251A000 Ebp=236E62C Esp=236E62C Eip=772EC686

ADDR: 772EC68D CODE: 7335 jae 0x772ec6c4
Eax=2 Ebx=7649B498 Ecx=270A180 Edx=104000 Edi=2 Esi=251A000 Ebp=236E62C Esp=236E62C Eip=772EC68D

ADDR: 772EC6AC CODE: 740c jz 0x772ec6ba
Eax=270CAA0 Ebx=7649B498 Ecx=270A180 Edx=0 Edi=2 Esi=2 Ebp=236E62C Esp=236E628 Eip=772EC6AC

ADDR: 772EC6B4 CODE: 7404 jz 0x772ec6ba
Eax=270CAAC Ebx=7649B498 Ecx=270A180 Edx=0 Edi=2 Esi=2 Ebp=236E62C Esp=236E628 Eip=772EC6B4

ADDR: 76E500BD CODE: 791c jns 0x76e500db
Eax=0 Ebx=7649B498 Ecx=236E640 Edx=0 Edi=2 Esi=251A000 Ebp=236E644 Esp=236E63C Eip=76E500BD

ADDR: 772AE69A CODE: 7315 jae 0x772ae6b1
Eax=77235C1C Ebx=7649B498 Ecx=77235C18 Edx=251A000 Edi=76512E80 Esi=76A0C8DC Ebp=236E61C Esp=236E618 Eip=772AE69A

ADDR: 771597A6 CODE: 0f8454720500 jz 0x771b0a00
Eax=236E68C Ebx=76A0C8DC Ecx=236E678 Edx=251A000 Edi=76512E80 Esi=76A0C8DC Ebp=236E620 Esp=236E600 Eip=771597A6

ADDR: 771597D3 CODE: 7479 jz 0x7715984e
Eax=236E68C Ebx=271E3F0 Ecx=17 Edx=5CECC1B7 Edi=271E1F0 Esi=271E32C Ebp=236E620 Esp=236E600 Eip=771597D3

ADDR: 772A7B53 CODE: 746e jz 0x772a7bc3
Eax=FFFFFFFE Ebx=77235C18 Ecx=FFFFFFFF Edx=5CECC1B7 Edi=77235C1C Esi=FFFFFFFE Ebp=236E618 Esp=236E604 Eip=772A7B53

ADDR: 771594A4 CODE: 7458 jz 0x771594fe
Eax=64D7B29A Ebx=7649B498 Ecx=17 Edx=5CECC1B7 Edi=2 Esi=76E65A70 Ebp=236E65C Esp=236E644 Eip=771594A4

ADDR: 772F8DEB CODE: 730a jae 0x772f8df7
Eax=EDCCB4E Ebx=7649B498 Ecx=76E65A70 Edx=404000 Edi=2 Esi=76E65A70 Ebp=236E65C Esp=236E638 Eip=772F8DEB

ADDR: 772F09B7 CODE: 747f jz 0x772f0a38
Eax=2 Ebx=251AFB4 Ecx=76E65A70 Edx=251AFB4 Edi=2 Esi=76E65A70 Ebp=236E610 Esp=236E604 Eip=772F09B7

ADDR: 772F09BE CODE: 7378 jae 0x772f0a38
Eax=2 Ebx=251AFB4 Ecx=76E65A70 Edx=251AFB4 Edi=2 Esi=76E65A70 Ebp=236E610 Esp=236E604 Eip=772F09BE

ADDR: 76E65A83 CODE: 790d jns 0x76e65a92
Eax=0 Ebx=7649B498 Ecx=270A188 Edx=0 Edi=2 Esi=76E65A70 Ebp=236E634 Esp=236E634 Eip=76E65A83

ADDR: 77162C46 CODE: 740a jz 0x77162c52
Eax=0 Ebx=7649B498 Ecx=7669E880 Edx=0 Edi=76512EA0 Esi=7649B32C Ebp=236E6F0 Esp=236E6E4 Eip=77162C46

ADDR: 772F8DEB CODE: 730a jae 0x772f8df7
Eax=ECA25D4 Ebx=7649B498 Ecx=76512EA0 Edx=11111111 Edi=76512EA0 Esi=7649B32C Ebp=236E6F0 Esp=236E6E0 Eip=772F8DEB

ADDR: 771595B4 CODE: 7458 jz 0x7715960e
Eax=64D7B29A Ebx=7649B498 Ecx=17 Edx=76A0C8DC Edi=2 Esi=76E65A70 Ebp=236E660 Esp=236E648 Eip=771595B4

ADDR: 772F8DEB CODE: 730a jae 0x772f8df7
Eax=EDCCB4E Ebx=7649B498 Ecx=76E65A70 Edx=404000 Edi=2 Esi=76E65A70 Ebp=236E660 Esp=236E63C Eip=772F8DEB

ADDR: 772F09B7 CODE: 747f jz 0x772f0a38
Eax=2 Ebx=251AFB4 Ecx=76E65A70 Edx=251AFB4 Edi=2 Esi=76E65A70 Ebp=236E614 Esp=236E608 Eip=772F09B7

ADDR: 772F09BE CODE: 7378 jae 0x772f0a38
Eax=2 Ebx=251AFB4 Ecx=76E65A70 Edx=251AFB4 Edi=2 Esi=76E65A70 Ebp=236E614 Esp=236E608 Eip=772F09BE

ADDR: 76E65A83 CODE: 790d jns 0x76e65a92
Eax=0 Ebx=7649B498 Ecx=270A188 Edx=0 Edi=2 Esi=76E65A70 Ebp=236E638 Esp=236E638 Eip=76E65A83

ADDR: 771590DC CODE: 7454 jz 0x77159132
Eax=CD7B337 Ebx=7649B498 Ecx=17 Edx=0 Edi=2 Esi=76E500A0 Ebp=236E6AC Esp=236E650 Eip=771590DC

ADDR: 772F8DEB CODE: 730a jae 0x772f8df7
Eax=EDCA014 Ebx=7649B498 Ecx=76E500A0 Edx=104000 Edi=2 Esi=76E500A0 Ebp=236E6AC Esp=236E648 Eip=772F8DEB

ADDR: 772EC686 CODE: 743c jz 0x772ec6c4
Eax=2 Ebx=7649B498 Ecx=270A180 Edx=104000 Edi=2 Esi=251A000 Ebp=236E62C Esp=236E62C Eip=772EC686

ADDR: 772EC68D CODE: 7335 jae 0x772ec6c4
Eax=2 Ebx=7649B498 Ecx=270A180 Edx=104000 Edi=2 Esi=251A000 Ebp=236E62C Esp=236E62C Eip=772EC68D

ADDR: 772EC6AC CODE: 740c jz 0x772ec6ba
Eax=270CAA0 Ebx=7649B498 Ecx=270A180 Edx=0 Edi=2 Esi=2 Ebp=236E62C Esp=236E628 Eip=772EC6AC

ADDR: 772EC6B4 CODE: 7404 jz 0x772ec6ba
Eax=270CAAC Ebx=7649B498 Ecx=270A180 Edx=0 Edi=2 Esi=2 Ebp=236E62C Esp=236E628 Eip=772EC6B4

ADDR: 76E500BD CODE: 791c jns 0x76e500db
Eax=0 Ebx=7649B498 Ecx=236E640 Edx=0 Edi=2 Esi=251A000 Ebp=236E644 Esp=236E63C Eip=76E500BD

ADDR: 772AE69A CODE: 7315 jae 0x772ae6b1
Eax=77235C1C Ebx=7649B498 Ecx=77235C18 Edx=251A000 Edi=76512EA0 Esi=76A0C8DC Ebp=236E61C Esp=236E618 Eip=772AE69A

ADDR: 771597A6 CODE: 0f8454720500 jz 0x771b0a00
Eax=236E68C Ebx=76A0C8DC Ecx=236E678 Edx=251A000 Edi=76512EA0 Esi=76A0C8DC Ebp=236E620 Esp=236E600 Eip=771597A6

ADDR: 771597D3 CODE: 7479 jz 0x7715984e
Eax=236E68C Ebx=271E3F0 Ecx=17 Edx=5CECC1B7 Edi=271E1F0 Esi=271E330 Ebp=236E620 Esp=236E600 Eip=771597D3

ADDR: 772A7B53 CODE: 746e jz 0x772a7bc3
Eax=FFFFFFFE Ebx=77235C18 Ecx=FFFFFFFF Edx=5CECC1B7 Edi=77235C1C Esi=FFFFFFFE Ebp=236E618 Esp=236E604 Eip=772A7B53

ADDR: 771594A4 CODE: 7458 jz 0x771594fe
Eax=64D7B29A Ebx=7649B498 Ecx=17 Edx=5CECC1B7 Edi=2 Esi=76E65A70 Ebp=236E65C Esp=236E644 Eip=771594A4

ADDR: 772F8DEB CODE: 730a jae 0x772f8df7
Eax=EDCCB4E Ebx=7649B498 Ecx=76E65A70 Edx=404000 Edi=2 Esi=76E65A70 Ebp=236E65C Esp=236E638 Eip=772F8DEB

ADDR: 772F09B7 CODE: 747f jz 0x772f0a38
Eax=2 Ebx=251AFB4 Ecx=76E65A70 Edx=251AFB4 Edi=2 Esi=76E65A70 Ebp=236E610 Esp=236E604 Eip=772F09B7

ADDR: 772F09BE CODE: 7378 jae 0x772f0a38
Eax=2 Ebx=251AFB4 Ecx=76E65A70 Edx=251AFB4 Edi=2 Esi=76E65A70 Ebp=236E610 Esp=236E604 Eip=772F09BE

ADDR: 76E65A83 CODE: 790d jns 0x76e65a92
Eax=0 Ebx=7649B498 Ecx=270A188 Edx=0 Edi=2 Esi=76E65A70 Ebp=236E634 Esp=236E634 Eip=76E65A83

ADDR: 77162C46 CODE: 740a jz 0x77162c52
Eax=0 Ebx=7649B498 Ecx=7669E890 Edx=0 Edi=76512EC0 Esi=7649B330 Ebp=236E6F0 Esp=236E6E4 Eip=77162C46

ADDR: 772F8DEB CODE: 730a jae 0x772f8df7
Eax=ECA25D8 Ebx=7649B498 Ecx=76512EC0 Edx=11111111 Edi=76512EC0 Esi=7649B330 Ebp=236E6F0 Esp=236E6E0 Eip=772F8DEB

ADDR: 771595B4 CODE: 7458 jz 0x7715960e
Eax=64D7B29A Ebx=7649B498 Ecx=17 Edx=76A0C8DC Edi=2 Esi=76E65A70 Ebp=236E660 Esp=236E648 Eip=771595B4

ADDR: 772F8DEB CODE: 730a jae 0x772f8df7
Eax=EDCCB4E Ebx=7649B498 Ecx=76E65A70 Edx=404000 Edi=2 Esi=76E65A70 Ebp=236E660 Esp=236E63C Eip=772F8DEB

ADDR: 772F09B7 CODE: 747f jz 0x772f0a38
Eax=2 Ebx=251AFB4 Ecx=76E65A70 Edx=251AFB4 Edi=2 Esi=76E65A70 Ebp=236E614 Esp=236E608 Eip=772F09B7

ADDR: 772F09BE CODE: 7378 jae 0x772f0a38
Eax=2 Ebx=251AFB4 Ecx=76E65A70 Edx=251AFB4 Edi=2 Esi=76E65A70 Ebp=236E614 Esp=236E608 Eip=772F09BE

ADDR: 76E65A83 CODE: 790d jns 0x76e65a92
Eax=0 Ebx=7649B498 Ecx=270A188 Edx=0 Edi=2 Esi=76E65A70 Ebp=236E638 Esp=236E638 Eip=76E65A83

ADDR: 771590DC CODE: 7454 jz 0x77159132
Eax=CD7B337 Ebx=7649B498 Ecx=17 Edx=0 Edi=2 Esi=76E500A0 Ebp=236E6AC Esp=236E650 Eip=771590DC

ADDR: 772F8DEB CODE: 730a jae 0x772f8df7
Eax=EDCA014 Ebx=7649B498 Ecx=76E500A0 Edx=104000 Edi=2 Esi=76E500A0 Ebp=236E6AC Esp=236E648 Eip=772F8DEB

ADDR: 772EC686 CODE: 743c jz 0x772ec6c4
Eax=2 Ebx=7649B498 Ecx=270A180 Edx=104000 Edi=2 Esi=251A000 Ebp=236E62C Esp=236E62C Eip=772EC686

ADDR: 772EC68D CODE: 7335 jae 0x772ec6c4
Eax=2 Ebx=7649B498 Ecx=270A180 Edx=104000 Edi=2 Esi=251A000 Ebp=236E62C Esp=236E62C Eip=772EC68D

ADDR: 772EC6AC CODE: 740c jz 0x772ec6ba
Eax=270CAA0 Ebx=7649B498 Ecx=270A180 Edx=0 Edi=2 Esi=2 Ebp=236E62C Esp=236E628 Eip=772EC6AC

ADDR: 772EC6B4 CODE: 7404 jz 0x772ec6ba
Eax=270CAAC Ebx=7649B498 Ecx=270A180 Edx=0 Edi=2 Esi=2 Ebp=236E62C Esp=236E628 Eip=772EC6B4

ADDR: 76E500BD CODE: 791c jns 0x76e500db
Eax=0 Ebx=7649B498 Ecx=236E640 Edx=0 Edi=2 Esi=251A000 Ebp=236E644 Esp=236E63C Eip=76E500BD

ADDR: 772AE69A CODE: 7315 jae 0x772ae6b1
Eax=77235C1C Ebx=7649B498 Ecx=77235C18 Edx=251A000 Edi=76512EC0 Esi=76A0C8DC Ebp=236E61C Esp=236E618 Eip=772AE69A

ADDR: 771597A6 CODE: 0f8454720500 jz 0x771b0a00
Eax=236E68C Ebx=76A0C8DC Ecx=236E678 Edx=251A000 Edi=76512EC0 Esi=76A0C8DC Ebp=236E620 Esp=236E600 Eip=771597A6

ADDR: 771597D3 CODE: 7479 jz 0x7715984e
Eax=236E68C Ebx=271E3F0 Ecx=17 Edx=5CECC1B7 Edi=271E1F0 Esi=271E334 Ebp=236E620 Esp=236E600 Eip=771597D3

ADDR: 772A7B53 CODE: 746e jz 0x772a7bc3
Eax=FFFFFFFE Ebx=77235C18 Ecx=FFFFFFFF Edx=5CECC1B7 Edi=77235C1C Esi=FFFFFFFE Ebp=236E618 Esp=236E604 Eip=772A7B53

ADDR: 771594A4 CODE: 7458 jz 0x771594fe
Eax=64D7B29A Ebx=7649B498 Ecx=17 Edx=5CECC1B7 Edi=2 Esi=76E65A70 Ebp=236E65C Esp=236E644 Eip=771594A4

ADDR: 772F8DEB CODE: 730a jae 0x772f8df7
Eax=EDCCB4E Ebx=7649B498 Ecx=76E65A70 Edx=404000 Edi=2 Esi=76E65A70 Ebp=236E65C Esp=236E638 Eip=772F8DEB

ADDR: 772F09B7 CODE: 747f jz 0x772f0a38
Eax=2 Ebx=251AFB4 Ecx=76E65A70 Edx=251AFB4 Edi=2 Esi=76E65A70 Ebp=236E610 Esp=236E604 Eip=772F09B7

ADDR: 772F09BE CODE: 7378 jae 0x772f0a38
Eax=2 Ebx=251AFB4 Ecx=76E65A70 Edx=251AFB4 Edi=2 Esi=76E65A70 Ebp=236E610 Esp=236E604 Eip=772F09BE

ADDR: 76E65A83 CODE: 790d jns 0x76e65a92
Eax=0 Ebx=7649B498 Ecx=270A188 Edx=0 Edi=2 Esi=76E65A70 Ebp=236E634 Esp=236E634 Eip=76E65A83

ADDR: 77162C46 CODE: 740a jz 0x77162c52
Eax=0 Ebx=7649B498 Ecx=7669E8A0 Edx=0 Edi=76512EE0 Esi=7649B334 Ebp=236E6F0 Esp=236E6E4 Eip=77162C46

ADDR: 772F8DEB CODE: 730a jae 0x772f8df7
Eax=ECA25DC Ebx=7649B498 Ecx=76512EE0 Edx=11111111 Edi=76512EE0 Esi=7649B334 Ebp=236E6F0 Esp=236E6E0 Eip=772F8DEB

ADDR: 771595B4 CODE: 7458 jz 0x7715960e
Eax=64D7B29A Ebx=7649B498 Ecx=17 Edx=76A0C8DC Edi=2 Esi=76E65A70 Ebp=236E660 Esp=236E648 Eip=771595B4

ADDR: 772F8DEB CODE: 730a jae 0x772f8df7
Eax=EDCCB4E Ebx=7649B498 Ecx=76E65A70 Edx=404000 Edi=2 Esi=76E65A70 Ebp=236E660 Esp=236E63C Eip=772F8DEB

ADDR: 772F09B7 CODE: 747f jz 0x772f0a38
Eax=2 Ebx=251AFB4 Ecx=76E65A70 Edx=251AFB4 Edi=2 Esi=76E65A70 Ebp=236E614 Esp=236E608 Eip=772F09B7

ADDR: 772F09BE CODE: 7378 jae 0x772f0a38
Eax=2 Ebx=251AFB4 Ecx=76E65A70 Edx=251AFB4 Edi=2 Esi=76E65A70 Ebp=236E614 Esp=236E608 Eip=772F09BE

ADDR: 76E65A83 CODE: 790d jns 0x76e65a92
Eax=0 Ebx=7649B498 Ecx=270A188 Edx=0 Edi=2 Esi=76E65A70 Ebp=236E638 Esp=236E638 Eip=76E65A83

ADDR: 771590DC CODE: 7454 jz 0x77159132
Eax=CD7B337 Ebx=7649B498 Ecx=17 Edx=0 Edi=2 Esi=76E500A0 Ebp=236E6AC Esp=236E650 Eip=771590DC

ADDR: 772F8DEB CODE: 730a jae 0x772f8df7
Eax=EDCA014 Ebx=7649B498 Ecx=76E500A0 Edx=104000 Edi=2 Esi=76E500A0 Ebp=236E6AC Esp=236E648 Eip=772F8DEB

ADDR: 772EC686 CODE: 743c jz 0x772ec6c4
Eax=2 Ebx=7649B498 Ecx=270A180 Edx=104000 Edi=2 Esi=251A000 Ebp=236E62C Esp=236E62C Eip=772EC686

ADDR: 772EC68D CODE: 7335 jae 0x772ec6c4
Eax=2 Ebx=7649B498 Ecx=270A180 Edx=104000 Edi=2 Esi=251A000 Ebp=236E62C Esp=236E62C Eip=772EC68D

ADDR: 772EC6AC CODE: 740c jz 0x772ec6ba
Eax=270CAA0 Ebx=7649B498 Ecx=270A180 Edx=0 Edi=2 Esi=2 Ebp=236E62C Esp=236E628 Eip=772EC6AC

ADDR: 772EC6B4 CODE: 7404 jz 0x772ec6ba
Eax=270CAAC Ebx=7649B498 Ecx=270A180 Edx=0 Edi=2 Esi=2 Ebp=236E62C Esp=236E628 Eip=772EC6B4

ADDR: 76E500BD CODE: 791c jns 0x76e500db
Eax=0 Ebx=7649B498 Ecx=236E640 Edx=0 Edi=2 Esi=251A000 Ebp=236E644 Esp=236E63C Eip=76E500BD

ADDR: 772AE69A CODE: 7315 jae 0x772ae6b1
Eax=77235C1C Ebx=7649B498 Ecx=77235C18 Edx=251A000 Edi=76512EE0 Esi=76A0C8DC Ebp=236E61C Esp=236E618 Eip=772AE69A

ADDR: 771597A6 CODE: 0f8454720500 jz 0x771b0a00
Eax=236E68C Ebx=76A0C8DC Ecx=236E678 Edx=251A000 Edi=76512EE0 Esi=76A0C8DC Ebp=236E620 Esp=236E600 Eip=771597A6

ADDR: 771597D3 CODE: 7479 jz 0x7715984e
Eax=236E68C Ebx=271E3F0 Ecx=17 Edx=5CECC1B7 Edi=271E1F0 Esi=271E338 Ebp=236E620 Esp=236E600 Eip=771597D3

ADDR: 772A7B53 CODE: 746e jz 0x772a7bc3
Eax=FFFFFFFE Ebx=77235C18 Ecx=FFFFFFFF Edx=5CECC1B7 Edi=77235C1C Esi=FFFFFFFE Ebp=236E618 Esp=236E604 Eip=772A7B53

ADDR: 771594A4 CODE: 7458 jz 0x771594fe
Eax=64D7B29A Ebx=7649B498 Ecx=17 Edx=5CECC1B7 Edi=2 Esi=76E65A70 Ebp=236E65C Esp=236E644 Eip=771594A4

ADDR: 772F8DEB CODE: 730a jae 0x772f8df7
Eax=EDCCB4E Ebx=7649B498 Ecx=76E65A70 Edx=404000 Edi=2 Esi=76E65A70 Ebp=236E65C Esp=236E638 Eip=772F8DEB

ADDR: 772F09B7 CODE: 747f jz 0x772f0a38
Eax=2 Ebx=251AFB4 Ecx=76E65A70 Edx=251AFB4 Edi=2 Esi=76E65A70 Ebp=236E610 Esp=236E604 Eip=772F09B7

ADDR: 772F09BE CODE: 7378 jae 0x772f0a38
Eax=2 Ebx=251AFB4 Ecx=76E65A70 Edx=251AFB4 Edi=2 Esi=76E65A70 Ebp=236E610 Esp=236E604 Eip=772F09BE

ADDR: 76E65A83 CODE: 790d jns 0x76e65a92
Eax=0 Ebx=7649B498 Ecx=270A188 Edx=0 Edi=2 Esi=76E65A70 Ebp=236E634 Esp=236E634 Eip=76E65A83

ADDR: 77162C46 CODE: 740a jz 0x77162c52
Eax=0 Ebx=7649B498 Ecx=7669E8B0 Edx=0 Edi=76512F00 Esi=7649B338 Ebp=236E6F0 Esp=236E6E4 Eip=77162C46

ADDR: 772F8DEB CODE: 730a jae 0x772f8df7
Eax=ECA25E0 Ebx=7649B498 Ecx=76512F00 Edx=44444401 Edi=76512F00 Esi=7649B338 Ebp=236E6F0 Esp=236E6E0 Eip=772F8DEB

ADDR: 76606074 CODE: 7728 ja 0x7660609e
Eax=0 Ebx=76A0E8E8 Ecx=76A0E8E8 Edx=11 Edi=76512F00 Esi=764C4BC2 Ebp=236E674 Esp=236E66C Eip=76606074

ADDR: 76602B4A CODE: 775f ja 0x76602bab
Eax=764C4BC0 Ebx=11 Ecx=7FFFFFFE Edx=11 Edi=76A0E8E8 Esi=764C4BC2 Ebp=236E658 Esp=236E644 Eip=76602B4A

ADDR: 76605E14 CODE: 7718 ja 0x76605e2e
Eax=7 Ebx=11 Ecx=17 Edx=7 Edi=76A0E8E8 Esi=764C4BC2 Ebp=236E634 Esp=236E630 Eip=76605E14

ADDR: 76605E21 CODE: 770b ja 0x76605e2e
Eax=7FFFFFFB Ebx=11 Ecx=17 Edx=7 Edi=76A0E8E8 Esi=3 Ebp=236E634 Esp=236E630 Eip=76605E21

ADDR: 76605E28 CODE: 7207 jb 0x76605e31
Eax=A Ebx=11 Ecx=17 Edx=7 Edi=76A0E8E8 Esi=3 Ebp=236E634 Esp=236E630 Eip=76605E28

ADDR: 76605F3C CODE: 770b ja 0x76605f49
Eax=18 Ebx=11 Ecx=18 Edx=7 Edi=76A0E8E8 Esi=17 Ebp=236E634 Esp=236E634 Eip=76605F3C

ADDR: 765FF379 CODE: 0f8315000000 jae 0x765ff394
Eax=18 Ebx=11 Ecx=30 Edx=7 Edi=76A0E8E8 Esi=17 Ebp=236E634 Esp=236E630 Eip=765FF379

ADDR: 765FF381 CODE: 7408 jz 0x765ff38b
Eax=18 Ebx=11 Ecx=30 Edx=7 Edi=76A0E8E8 Esi=17 Ebp=236E634 Esp=236E630 Eip=765FF381

ADDR: 772A4CFF CODE: 0f8426e60500 jz 0x7730332b
Eax=2700000 Ebx=11 Ecx=30 Edx=7 Edi=76A0E8E8 Esi=2700000 Ebp=236E604 Esp=236E5F8 Eip=772A4CFF

ADDR: 772A4D11 CODE: 0f842be60500 jz 0x77303342
Eax=2700000 Ebx=11 Ecx=2700000 Edx=30 Edi=76A0E8E8 Esi=2700000 Ebp=236E604 Esp=236E5F8 Eip=772A4D11

ADDR: 772A4E6C CODE: 760c jbe 0x772a4e7a
Eax=0 Ebx=2700000 Ecx=8 Edx=30 Edi=30 Esi=2700000 Ebp=236E5E8 Esp=236E570 Eip=772A4E6C

ADDR: 772A4E9D CODE: 742b jz 0x772a4eca
Eax=0 Ebx=2700000 Ecx=0 Edx=0 Edi=30 Esi=2700000 Ebp=236E5E8 Esp=236E570 Eip=772A4E9D

ADDR: 772A4ED5 CODE: 7445 jz 0x772a4f1c
Eax=0 Ebx=2700000 Ecx=8 Edx=0 Edi=30 Esi=0 Ebp=236E5E8 Esp=236E570 Eip=772A4ED5

ADDR: 772A4F4B CODE: 0f87f5090000 ja 0x772a5946
Eax=30 Ebx=2700000 Ecx=8 Edx=7 Edi=30 Esi=38 Ebp=236E5E8 Esp=236E570 Eip=772A4F4B

ADDR: 772A4F6F CODE: 0f84ce090000 jz 0x772a5943
Eax=80 Ebx=2700000 Ecx=7 Edx=FC Edi=30 Esi=38 Ebp=236E5E8 Esp=236E570 Eip=772A4F6F

ADDR: 772A4FAE CODE: 744c jz 0x772a4ffc
Eax=2702600 Ebx=26901D4 Ecx=0 Edx=2690000 Edi=30 Esi=38 Ebp=236E5E8 Esp=236E570 Eip=772A4FAE

ADDR: 772A5057 CODE: 0f84bb010000 jz 0x772a5218
Eax=2705B90 Ebx=26901D4 Ecx=2690A30 Edx=2690000 Edi=30 Esi=38 Ebp=236E5E8 Esp=236E570 Eip=772A5057

ADDR: 772A5077 CODE: 797c jns 0x772a50f5
Eax=1B Ebx=2705BA0 Ecx=26907D0 Edx=2690000 Edi=2690000 Esi=38 Ebp=236E5E8 Esp=236E570 Eip=772A5077

ADDR: 772A5118 CODE: 0f84c7000000 jz 0x772a51e5
Eax=1B Ebx=2705BA0 Ecx=26907D0 Edx=0 Edi=64 Esi=1B0012 Ebp=236E5E8 Esp=236E570 Eip=772A5118

ADDR: 772A512E CODE: 740a jz 0x772a513a
Eax=1B0012 Ebx=2705BA0 Ecx=801B0012 Edx=0 Edi=64 Esi=1B0012 Ebp=236E5E8 Esp=236E570 Eip=772A512E

ADDR: 772A513D CODE: 0f84a2000000 jz 0x772a51e5
Eax=1B0012 Ebx=2705BA0 Ecx=801B0012 Edx=0 Edi=64 Esi=1B0012 Ebp=236E5E8 Esp=236E570 Eip=772A513D

ADDR: 772A514E CODE: 0f848f000000 jz 0x772a51e3
Eax=27161D0 Ebx=2705BA0 Ecx=2705B90 Edx=0 Edi=64 Esi=1B0012 Ebp=236E5E8 Esp=236E570 Eip=772A514E

ADDR: 772A5162 CODE: 747f jz 0x772a51e3
Eax=2690A30 Ebx=2705BA0 Ecx=2705B90 Edx=0 Edi=64 Esi=1B0012 Ebp=236E5E8 Esp=236E570 Eip=772A5162

ADDR: 772C5F14 CODE: 741a jz 0x772c5f30
Eax=F1 Ebx=2705BA0 Ecx=AE Edx=F1AE Edi=AE Esi=251A000 Ebp=236E568 Esp=236E55C Eip=772C5F14

ADDR: 772F545A CODE: 730d jae 0x772f5469
Eax=27161E4 Ebx=2705BA0 Ecx=27161EC Edx=1B Edi=FFFFFFFF Esi=23 Ebp=236E560 Esp=236E550 Eip=772F545A

ADDR: 772F54A7 CODE: 7313 jae 0x772f54bc
Eax=27161F0 Ebx=2C0BFF1C Ecx=20 Edx=27161EC Edi=FFFFFFFF Esi=1F Ebp=236E560 Esp=236E550 Eip=772F54A7

ADDR: 772A51C3 CODE: 7422 jz 0x772a51e7
Eax=2716898 Ebx=2705BA0 Ecx=380028 Edx=27161D0 Edi=1F Esi=27168C0 Ebp=236E5E8 Esp=236E570 Eip=772A51C3

ADDR: 772A51EB CODE: 7420 jz 0x772a520d
Eax=2716898 Ebx=2705BA0 Ecx=380028 Edx=27161D0 Edi=1F Esi=27168C0 Ebp=236E5E8 Esp=236E570 Eip=772A51EB

ADDR: 772A5CAD CODE: 7412 jz 0x772a5cc1
Eax=2716898 Ebx=2705BA0 Ecx=380028 Edx=27161D0 Edi=27168C8 Esi=27168C0 Ebp=236E5E8 Esp=236E570 Eip=772A5CAD

ADDR: 772DB3CA CODE: 744f jz 0x772db41b
Eax=30 Ebx=2705BA0 Ecx=27168C8 Edx=30 Edi=27168C8 Esi=27168C0 Ebp=236E5E8 Esp=236E560 Eip=772DB3CA

ADDR: 772DB3D8 CODE: 7231 jb 0x772db40b
Eax=0 Ebx=2705BA0 Ecx=27168C8 Edx=30 Edi=27168C8 Esi=27168C0 Ebp=236E5E8 Esp=236E55C Eip=772DB3D8

ADDR: 772DB3DF CODE: 740c jz 0x772db3ed
Eax=0 Ebx=2705BA0 Ecx=0 Edx=30 Edi=27168C8 Esi=27168C0 Ebp=236E5E8 Esp=236E55C Eip=772DB3DF

ADDR: 772DB403 CODE: 7406 jz 0x772db40b
Eax=0 Ebx=2705BA0 Ecx=C Edx=0 Edi=27168C8 Esi=27168C0 Ebp=236E5E8 Esp=236E55C Eip=772DB403

ADDR: 772DB409 CODE: 740a jz 0x772db415
Eax=0 Ebx=2705BA0 Ecx=0 Edx=0 Edi=27168F8 Esi=27168C0 Ebp=236E5E8 Esp=236E55C Eip=772DB409

ADDR: 772A5CD2 CODE: 7308 jae 0x772a5cdc
Eax=7 Ebx=2705BA0 Ecx=30 Edx=8 Edi=27168C8 Esi=27168C0 Ebp=236E5E8 Esp=236E570 Eip=772A5CD2

ADDR: 772A5D1D CODE: 0f8474000000 jz 0x772a5d97
Eax=7 Ebx=2700000 Ecx=30 Edx=0 Edi=27168C8 Esi=27168C0 Ebp=236E5E8 Esp=236E570 Eip=772A5D1D

ADDR: 772A5DA5 CODE: 7415 jz 0x772a5dbc
Eax=0 Ebx=2700000 Ecx=8 Edx=0 Edi=27168C8 Esi=27168C0 Ebp=236E5E8 Esp=236E570 Eip=772A5DA5

ADDR: 772A5DC4 CODE: 0f8492000000 jz 0x772a5e5c
Eax=7FFE0380 Ebx=2700000 Ecx=8 Edx=0 Edi=27168C8 Esi=27168C0 Ebp=236E5E8 Esp=236E570 Eip=772A5DC4

ADDR: 772A5E63 CODE: 743b jz 0x772a5ea0
Eax=0 Ebx=2700000 Ecx=8 Edx=0 Edi=27168C8 Esi=27168C0 Ebp=236E5E8 Esp=236E570 Eip=772A5E63

ADDR: 765CAFCC CODE: 7404 jz 0x765cafd2
Eax=27168C8 Ebx=11 Ecx=8 Edx=0 Edi=76A0E8E8 Esi=17 Ebp=236E624 Esp=236E618 Eip=765CAFCC

ADDR: 77196586 CODE: 7608 jbe 0x77196590
Eax=764C4BE2 Ebx=11 Ecx=22 Edx=22 Edi=27168C8 Esi=764C4BC0 Ebp=236E658 Esp=236E628 Eip=77196586

ADDR: 77196593 CODE: 0f82d2040000 jb 0x77196a6b
Eax=764C4BE2 Ebx=11 Ecx=22 Edx=22 Edi=27168C8 Esi=764C4BC0 Ebp=236E658 Esp=236E628 Eip=77196593

ADDR: 7719659F CODE: 7313 jae 0x771965b4
Eax=764C4BE2 Ebx=11 Ecx=22 Edx=22 Edi=27168C8 Esi=764C4BC0 Ebp=236E658 Esp=236E628 Eip=7719659F

ADDR: 771965A9 CODE: 0f828e040000 jb 0x77196a3d
Eax=764C4BE2 Ebx=11 Ecx=22 Edx=22 Edi=27168C8 Esi=764C4BC0 Ebp=236E658 Esp=236E628 Eip=771965A9

ADDR: 77196A3F CODE: 745f jz 0x77196aa0
Eax=764C4BE2 Ebx=11 Ecx=22 Edx=22 Edi=27168C8 Esi=764C4BC0 Ebp=236E658 Esp=236E628 Eip=77196A3F

ADDR: 77196A48 CODE: 7421 jz 0x77196a6b
Eax=764C4BE2 Ebx=11 Ecx=22 Edx=1 Edi=27168C8 Esi=764C4BC0 Ebp=236E658 Esp=236E628 Eip=77196A48

ADDR: 77196A6E CODE: 7430 jz 0x77196aa0
Eax=764C4BE2 Ebx=11 Ecx=2 Edx=0 Edi=27168E8 Esi=764C4BE0 Ebp=236E658 Esp=236E628 Eip=77196A6E

ADDR: 77196A75 CODE: 740f jz 0x77196a86
Eax=2 Ebx=11 Ecx=0 Edx=0 Edi=27168E8 Esi=764C4BE0 Ebp=236E658 Esp=236E628 Eip=77196A75

ADDR: 77196A8B CODE: 7413 jz 0x77196aa0
Eax=2 Ebx=11 Ecx=2 Edx=0 Edi=27168E8 Esi=764C4BE0 Ebp=236E658 Esp=236E628 Eip=77196A8B

ADDR: 76602B91 CODE: 720e jb 0x76602ba1
Eax=0 Ebx=27168C8 Ecx=0 Edx=7 Edi=76A0E8E8 Esi=764C4BC2 Ebp=236E658 Esp=236E644 Eip=76602B91

ADDR: 76606074 CODE: 7728 ja 0x7660609e
Eax=0 Ebx=76A0E900 Ecx=76A0E900 Edx=8 Edi=76512F00 Esi=764C4BE6 Ebp=236E674 Esp=236E66C Eip=76606074

ADDR: 76602B4A CODE: 775f ja 0x76602bab
Eax=764C4BE4 Ebx=8 Ecx=7FFFFFFE Edx=8 Edi=76A0E900 Esi=764C4BE6 Ebp=236E658 Esp=236E644 Eip=76602B4A

ADDR: 76605E14 CODE: 7718 ja 0x76605e2e
Eax=7 Ebx=8 Ecx=F Edx=7 Edi=76A0E900 Esi=764C4BE6 Ebp=236E634 Esp=236E630 Eip=76605E14

ADDR: 76605E21 CODE: 770b ja 0x76605e2e
Eax=7FFFFFFB Ebx=8 Ecx=F Edx=7 Edi=76A0E900 Esi=3 Ebp=236E634 Esp=236E630 Eip=76605E21

ADDR: 76605E28 CODE: 7207 jb 0x76605e31
Eax=A Ebx=8 Ecx=F Edx=7 Edi=76A0E900 Esi=3 Ebp=236E634 Esp=236E630 Eip=76605E28

ADDR: 76605F3C CODE: 770b ja 0x76605f49
Eax=10 Ebx=8 Ecx=10 Edx=7 Edi=76A0E900 Esi=F Ebp=236E634 Esp=236E634 Eip=76605F3C

ADDR: 765FF379 CODE: 0f8315000000 jae 0x765ff394
Eax=10 Ebx=8 Ecx=20 Edx=7 Edi=76A0E900 Esi=F Ebp=236E634 Esp=236E630 Eip=765FF379

ADDR: 765FF381 CODE: 7408 jz 0x765ff38b
Eax=10 Ebx=8 Ecx=20 Edx=7 Edi=76A0E900 Esi=F Ebp=236E634 Esp=236E630 Eip=765FF381

ADDR: 772A4CFF CODE: 0f8426e60500 jz 0x7730332b
Eax=2700000 Ebx=8 Ecx=20 Edx=7 Edi=76A0E900 Esi=2700000 Ebp=236E604 Esp=236E5F8 Eip=772A4CFF

ADDR: 772A4D11 CODE: 0f842be60500 jz 0x77303342
Eax=2700000 Ebx=8 Ecx=2700000 Edx=20 Edi=76A0E900 Esi=2700000 Ebp=236E604 Esp=236E5F8 Eip=772A4D11

ADDR: 772A4E6C CODE: 760c jbe 0x772a4e7a
Eax=0 Ebx=2700000 Ecx=8 Edx=20 Edi=20 Esi=2700000 Ebp=236E5E8 Esp=236E570 Eip=772A4E6C

ADDR: 772A4E9D CODE: 742b jz 0x772a4eca
Eax=0 Ebx=2700000 Ecx=0 Edx=0 Edi=20 Esi=2700000 Ebp=236E5E8 Esp=236E570 Eip=772A4E9D

ADDR: 772A4ED5 CODE: 7445 jz 0x772a4f1c
Eax=0 Ebx=2700000 Ecx=8 Edx=0 Edi=20 Esi=0 Ebp=236E5E8 Esp=236E570 Eip=772A4ED5

ADDR: 772A4F4B CODE: 0f87f5090000 ja 0x772a5946
Eax=20 Ebx=2700000 Ecx=8 Edx=5 Edi=20 Esi=28 Ebp=236E5E8 Esp=236E570 Eip=772A4F4B

ADDR: 772A4F6F CODE: 0f84ce090000 jz 0x772a5943
Eax=20 Ebx=2700000 Ecx=5 Edx=FC Edi=20 Esi=28 Ebp=236E5E8 Esp=236E570 Eip=772A4F6F

ADDR: 772A4FAE CODE: 744c jz 0x772a4ffc
Eax=2702600 Ebx=26901CC Ecx=0 Edx=2690000 Edi=20 Esi=28 Ebp=236E5E8 Esp=236E570 Eip=772A4FAE

ADDR: 772A5057 CODE: 0f84bb010000 jz 0x772a5218
Eax=2705B18 Ebx=26901CC Ecx=2690B68 Edx=2690000 Edi=20 Esi=28 Ebp=236E5E8 Esp=236E570 Eip=772A5057

ADDR: 772A5077 CODE: 797c jns 0x772a50f5
Eax=6 Ebx=2705B28 Ecx=26907D0 Edx=2690000 Edi=2690000 Esi=28 Ebp=236E5E8 Esp=236E570 Eip=772A5077

ADDR: 772A5118 CODE: 0f84c7000000 jz 0x772a51e5
Eax=6 Ebx=2705B28 Ecx=26907D0 Edx=0 Edi=64 Esi=60007 Ebp=236E5E8 Esp=236E570 Eip=772A5118

ADDR: 772A512E CODE: 740a jz 0x772a513a
Eax=60007 Ebx=2705B28 Ecx=80060007 Edx=0 Edi=64 Esi=60007 Ebp=236E5E8 Esp=236E570 Eip=772A512E

ADDR: 772A513D CODE: 0f84a2000000 jz 0x772a51e5
Eax=60007 Ebx=2705B28 Ecx=80060007 Edx=0 Edi=64 Esi=60007 Ebp=236E5E8 Esp=236E570 Eip=772A513D

ADDR: 772A514E CODE: 0f848f000000 jz 0x772a51e3
Eax=2712620 Ebx=2705B28 Ecx=2705B18 Edx=0 Edi=64 Esi=60007 Ebp=236E5E8 Esp=236E570 Eip=772A514E

ADDR: 772A5162 CODE: 747f jz 0x772a51e3
Eax=2690B68 Ebx=2705B28 Ecx=2705B18 Edx=0 Edi=64 Esi=60007 Ebp=236E5E8 Esp=236E570 Eip=772A5162

ADDR: 772C5F14 CODE: 741a jz 0x772c5f30
Eax=F1 Ebx=2705B28 Ecx=AF Edx=F1AF Edi=AF Esi=251A000 Ebp=236E568 Esp=236E55C Eip=772C5F14

ADDR: 772F545A CODE: 730d jae 0x772f5469
Eax=2712634 Ebx=2705B28 Ecx=271263C Edx=6 Edi=FFFFFFFF Esi=18 Ebp=236E560 Esp=236E550 Eip=772F545A

ADDR: 772F5463 CODE: 7334 jae 0x772f5499
Eax=2712634 Ebx=2705B28 Ecx=20 Edx=271263C Edi=FFFFFFFF Esi=18 Ebp=236E560 Esp=236E550 Eip=772F5463

ADDR: 772F54A7 CODE: 7313 jae 0x772f54bc
Eax=2712634 Ebx=FFE3F977 Ecx=18 Edx=271263C Edi=FFFFFFFF Esi=0 Ebp=236E560 Esp=236E550 Eip=772F54A7

ADDR: 772A51C3 CODE: 7422 jz 0x772a51e7
Eax=2712698 Ebx=2705B28 Ecx=280020 Edx=2712620 Edi=3 Esi=27126B8 Ebp=236E5E8 Esp=236E570 Eip=772A51C3

ADDR: 772A51EB CODE: 7420 jz 0x772a520d
Eax=2712698 Ebx=2705B28 Ecx=280020 Edx=2712620 Edi=3 Esi=27126B8 Ebp=236E5E8 Esp=236E570 Eip=772A51EB

ADDR: 772A5CAD CODE: 7412 jz 0x772a5cc1
Eax=2712698 Ebx=2705B28 Ecx=280020 Edx=2712620 Edi=27126C0 Esi=27126B8 Ebp=236E5E8 Esp=236E570 Eip=772A5CAD

ADDR: 772DB3CA CODE: 744f jz 0x772db41b
Eax=20 Ebx=2705B28 Ecx=27126C0 Edx=20 Edi=27126C0 Esi=27126B8 Ebp=236E5E8 Esp=236E560 Eip=772DB3CA

ADDR: 772DB3D8 CODE: 7231 jb 0x772db40b
Eax=0 Ebx=2705B28 Ecx=27126C0 Edx=20 Edi=27126C0 Esi=27126B8 Ebp=236E5E8 Esp=236E55C Eip=772DB3D8

ADDR: 772DB3DF CODE: 740c jz 0x772db3ed
Eax=0 Ebx=2705B28 Ecx=0 Edx=20 Edi=27126C0 Esi=27126B8 Ebp=236E5E8 Esp=236E55C Eip=772DB3DF

ADDR: 772DB403 CODE: 7406 jz 0x772db40b
Eax=0 Ebx=2705B28 Ecx=8 Edx=0 Edi=27126C0 Esi=27126B8 Ebp=236E5E8 Esp=236E55C Eip=772DB403

ADDR: 772DB409 CODE: 740a jz 0x772db415
Eax=0 Ebx=2705B28 Ecx=0 Edx=0 Edi=27126E0 Esi=27126B8 Ebp=236E5E8 Esp=236E55C Eip=772DB409

ADDR: 772A5CD2 CODE: 7308 jae 0x772a5cdc
Eax=5 Ebx=2705B28 Ecx=20 Edx=8 Edi=27126C0 Esi=27126B8 Ebp=236E5E8 Esp=236E570 Eip=772A5CD2

ADDR: 772A5D1D CODE: 0f8474000000 jz 0x772a5d97
Eax=5 Ebx=2700000 Ecx=20 Edx=0 Edi=27126C0 Esi=27126B8 Ebp=236E5E8 Esp=236E570 Eip=772A5D1D

ADDR: 772A5DA5 CODE: 7415 jz 0x772a5dbc
Eax=0 Ebx=2700000 Ecx=8 Edx=0 Edi=27126C0 Esi=27126B8 Ebp=236E5E8 Esp=236E570 Eip=772A5DA5

ADDR: 772A5DC4 CODE: 0f8492000000 jz 0x772a5e5c
Eax=7FFE0380 Ebx=2700000 Ecx=8 Edx=0 Edi=27126C0 Esi=27126B8 Ebp=236E5E8 Esp=236E570 Eip=772A5DC4

ADDR: 772A5E63 CODE: 743b jz 0x772a5ea0
Eax=0 Ebx=2700000 Ecx=8 Edx=0 Edi=27126C0 Esi=27126B8 Ebp=236E5E8 Esp=236E570 Eip=772A5E63

ADDR: 765CAFCC CODE: 7404 jz 0x765cafd2
Eax=27126C0 Ebx=8 Ecx=8 Edx=0 Edi=76A0E900 Esi=F Ebp=236E624 Esp=236E618 Eip=765CAFCC

ADDR: 77196586 CODE: 7608 jbe 0x77196590
Eax=764C4BF4 Ebx=8 Ecx=10 Edx=10 Edi=27126C0 Esi=764C4BE4 Ebp=236E658 Esp=236E628 Eip=77196586

ADDR: 77196593 CODE: 0f82d2040000 jb 0x77196a6b
Eax=764C4BF4 Ebx=8 Ecx=10 Edx=10 Edi=27126C0 Esi=764C4BE4 Ebp=236E658 Esp=236E628 Eip=77196593

ADDR: 77196A6E CODE: 7430 jz 0x77196aa0
Eax=764C4BF4 Ebx=8 Ecx=10 Edx=10 Edi=27126C0 Esi=764C4BE4 Ebp=236E658 Esp=236E628 Eip=77196A6E

ADDR: 77196A75 CODE: 740f jz 0x77196a86
Eax=10 Ebx=8 Ecx=4 Edx=10 Edi=27126C0 Esi=764C4BE4 Ebp=236E658 Esp=236E628 Eip=77196A75

ADDR: 77196A8B CODE: 7413 jz 0x77196aa0
Eax=10 Ebx=8 Ecx=0 Edx=730050 Edi=27126D0 Esi=764C4BF4 Ebp=236E658 Esp=236E628 Eip=77196A8B

ADDR: 76602B91 CODE: 720e jb 0x76602ba1
Eax=0 Ebx=27126C0 Ecx=0 Edx=7 Edi=76A0E900 Esi=764C4BE6 Ebp=236E658 Esp=236E644 Eip=76602B91

ADDR: 771595B4 CODE: 7458 jz 0x7715960e
Eax=64D7B29A Ebx=7649B498 Ecx=17 Edx=76A0C8DC Edi=2 Esi=76E65A70 Ebp=236E640 Esp=236E628 Eip=771595B4

ADDR: 772F8DEB CODE: 730a jae 0x772f8df7
Eax=EDCCB4E Ebx=7649B498 Ecx=76E65A70 Edx=404000 Edi=2 Esi=76E65A70 Ebp=236E640 Esp=236E61C Eip=772F8DEB

ADDR: 772F09B7 CODE: 747f jz 0x772f0a38
Eax=2 Ebx=251AFB4 Ecx=76E65A70 Edx=251AFB4 Edi=2 Esi=76E65A70 Ebp=236E5F4 Esp=236E5E8 Eip=772F09B7

ADDR: 772F09BE CODE: 7378 jae 0x772f0a38
Eax=2 Ebx=251AFB4 Ecx=76E65A70 Edx=251AFB4 Edi=2 Esi=76E65A70 Ebp=236E5F4 Esp=236E5E8 Eip=772F09BE

ADDR: 76E65A83 CODE: 790d jns 0x76e65a92
Eax=0 Ebx=7649B498 Ecx=270A188 Edx=0 Edi=2 Esi=76E65A70 Ebp=236E618 Esp=236E618 Eip=76E65A83

ADDR: 771590DC CODE: 7454 jz 0x77159132
Eax=CD7B337 Ebx=7649B498 Ecx=17 Edx=0 Edi=2 Esi=76E500A0 Ebp=236E68C Esp=236E630 Eip=771590DC

ADDR: 772F8DEB CODE: 730a jae 0x772f8df7
Eax=EDCA014 Ebx=7649B498 Ecx=76E500A0 Edx=104000 Edi=2 Esi=76E500A0 Ebp=236E68C Esp=236E628 Eip=772F8DEB

ADDR: 772EC686 CODE: 743c jz 0x772ec6c4
Eax=2 Ebx=7649B498 Ecx=270A180 Edx=104000 Edi=2 Esi=251A000 Ebp=236E60C Esp=236E60C Eip=772EC686

ADDR: 772EC68D CODE: 7335 jae 0x772ec6c4
Eax=2 Ebx=7649B498 Ecx=270A180 Edx=104000 Edi=2 Esi=251A000 Ebp=236E60C Esp=236E60C Eip=772EC68D

ADDR: 772EC6AC CODE: 740c jz 0x772ec6ba
Eax=270CAA0 Ebx=7649B498 Ecx=270A180 Edx=0 Edi=2 Esi=2 Ebp=236E60C Esp=236E608 Eip=772EC6AC

ADDR: 772EC6B4 CODE: 7404 jz 0x772ec6ba
Eax=270CAAC Ebx=7649B498 Ecx=270A180 Edx=0 Edi=2 Esi=2 Ebp=236E60C Esp=236E608 Eip=772EC6B4

ADDR: 76E500BD CODE: 791c jns 0x76e500db
Eax=0 Ebx=7649B498 Ecx=236E620 Edx=0 Edi=2 Esi=251A000 Ebp=236E624 Esp=236E61C Eip=76E500BD

ADDR: 772AE69A CODE: 7315 jae 0x772ae6b1
Eax=77235C1C Ebx=7649B498 Ecx=77235C18 Edx=251A000 Edi=76512F00 Esi=76A0C8DC Ebp=236E5FC Esp=236E5F8 Eip=772AE69A

ADDR: 771597A6 CODE: 0f8454720500 jz 0x771b0a00
Eax=236E66C Ebx=76A0C8DC Ecx=236E658 Edx=251A000 Edi=76512F00 Esi=76A0C8DC Ebp=236E600 Esp=236E5E0 Eip=771597A6

ADDR: 771597D3 CODE: 7479 jz 0x7715984e
Eax=236E66C Ebx=271E3F0 Ecx=17 Edx=5CECC1B7 Edi=271E1F0 Esi=271E33C Ebp=236E600 Esp=236E5E0 Eip=771597D3

ADDR: 772A7B53 CODE: 746e jz 0x772a7bc3
Eax=FFFFFFFE Ebx=77235C18 Ecx=FFFFFFFF Edx=5CECC1B7 Edi=77235C1C Esi=FFFFFFFE Ebp=236E5F8 Esp=236E5E4 Eip=772A7B53

ADDR: 771594A4 CODE: 7458 jz 0x771594fe
Eax=64D7B29A Ebx=7649B498 Ecx=17 Edx=5CECC1B7 Edi=2 Esi=76E65A70 Ebp=236E63C Esp=236E624 Eip=771594A4

ADDR: 772F8DEB CODE: 730a jae 0x772f8df7
Eax=EDCCB4E Ebx=7649B498 Ecx=76E65A70 Edx=404000 Edi=2 Esi=76E65A70 Ebp=236E63C Esp=236E618 Eip=772F8DEB

ADDR: 772F09B7 CODE: 747f jz 0x772f0a38
Eax=2 Ebx=251AFB4 Ecx=76E65A70 Edx=251AFB4 Edi=2 Esi=76E65A70 Ebp=236E5F0 Esp=236E5E4 Eip=772F09B7

ADDR: 772F09BE CODE: 7378 jae 0x772f0a38
Eax=2 Ebx=251AFB4 Ecx=76E65A70 Edx=251AFB4 Edi=2 Esi=76E65A70 Ebp=236E5F0 Esp=236E5E4 Eip=772F09BE

ADDR: 76E65A83 CODE: 790d jns 0x76e65a92
Eax=0 Ebx=7649B498 Ecx=270A188 Edx=0 Edi=2 Esi=76E65A70 Ebp=236E614 Esp=236E614 Eip=76E65A83

ADDR: 77162C46 CODE: 740a jz 0x77162c52
Eax=0 Ebx=7649B498 Ecx=76512F3E Edx=0 Edi=76512F50 Esi=7649B33C Ebp=236E6F0 Esp=236E6E4 Eip=77162C46

ADDR: 772F8DEB CODE: 730a jae 0x772f8df7
Eax=ECA25EA Ebx=7649B498 Ecx=76512F50 Edx=44444401 Edi=76512F50 Esi=7649B33C Ebp=236E6F0 Esp=236E6E0 Eip=772F8DEB

ADDR: 771595B4 CODE: 7458 jz 0x7715960e
Eax=64D7B29A Ebx=7649B498 Ecx=17 Edx=76A0C8DC Edi=2 Esi=76E65A70 Ebp=236E660 Esp=236E648 Eip=771595B4

ADDR: 772F8DEB CODE: 730a jae 0x772f8df7
Eax=EDCCB4E Ebx=7649B498 Ecx=76E65A70 Edx=404000 Edi=2 Esi=76E65A70 Ebp=236E660 Esp=236E63C Eip=772F8DEB

ADDR: 772F09B7 CODE: 747f jz 0x772f0a38
Eax=2 Ebx=251AFB4 Ecx=76E65A70 Edx=251AFB4 Edi=2 Esi=76E65A70 Ebp=236E614 Esp=236E608 Eip=772F09B7

ADDR: 772F09BE CODE: 7378 jae 0x772f0a38
Eax=2 Ebx=251AFB4 Ecx=76E65A70 Edx=251AFB4 Edi=2 Esi=76E65A70 Ebp=236E614 Esp=236E608 Eip=772F09BE

ADDR: 76E65A83 CODE: 790d jns 0x76e65a92
Eax=0 Ebx=7649B498 Ecx=270A188 Edx=0 Edi=2 Esi=76E65A70 Ebp=236E638 Esp=236E638 Eip=76E65A83

ADDR: 771590DC CODE: 7454 jz 0x77159132
Eax=CD7B337 Ebx=7649B498 Ecx=17 Edx=0 Edi=2 Esi=76E500A0 Ebp=236E6AC Esp=236E650 Eip=771590DC

ADDR: 772F8DEB CODE: 730a jae 0x772f8df7
Eax=EDCA014 Ebx=7649B498 Ecx=76E500A0 Edx=104000 Edi=2 Esi=76E500A0 Ebp=236E6AC Esp=236E648 Eip=772F8DEB

ADDR: 772EC686 CODE: 743c jz 0x772ec6c4
Eax=2 Ebx=7649B498 Ecx=270A180 Edx=104000 Edi=2 Esi=251A000 Ebp=236E62C Esp=236E62C Eip=772EC686

ADDR: 772EC68D CODE: 7335 jae 0x772ec6c4
Eax=2 Ebx=7649B498 Ecx=270A180 Edx=104000 Edi=2 Esi=251A000 Ebp=236E62C Esp=236E62C Eip=772EC68D

ADDR: 772EC6AC CODE: 740c jz 0x772ec6ba
Eax=270CAA0 Ebx=7649B498 Ecx=270A180 Edx=0 Edi=2 Esi=2 Ebp=236E62C Esp=236E628 Eip=772EC6AC

ADDR: 772EC6B4 CODE: 7404 jz 0x772ec6ba
Eax=270CAAC Ebx=7649B498 Ecx=270A180 Edx=0 Edi=2 Esi=2 Ebp=236E62C Esp=236E628 Eip=772EC6B4

ADDR: 76E500BD CODE: 791c jns 0x76e500db
Eax=0 Ebx=7649B498 Ecx=236E640 Edx=0 Edi=2 Esi=251A000 Ebp=236E644 Esp=236E63C Eip=76E500BD

ADDR: 772AE69A CODE: 7315 jae 0x772ae6b1
Eax=77235C1C Ebx=7649B498 Ecx=77235C18 Edx=251A000 Edi=76512F50 Esi=76A0C8DC Ebp=236E61C Esp=236E618 Eip=772AE69A

ADDR: 771597A6 CODE: 0f8454720500 jz 0x771b0a00
Eax=236E68C Ebx=76A0C8DC Ecx=236E678 Edx=251A000 Edi=76512F50 Esi=76A0C8DC Ebp=236E620 Esp=236E600 Eip=771597A6

ADDR: 771597D3 CODE: 7479 jz 0x7715984e
Eax=236E68C Ebx=271E3F0 Ecx=17 Edx=5CECC1B7 Edi=271E1F0 Esi=271E340 Ebp=236E620 Esp=236E600 Eip=771597D3

ADDR: 772A7B53 CODE: 746e jz 0x772a7bc3
Eax=FFFFFFFE Ebx=77235C18 Ecx=FFFFFFFF Edx=5CECC1B7 Edi=77235C1C Esi=FFFFFFFE Ebp=236E618 Esp=236E604 Eip=772A7B53

ADDR: 771594A4 CODE: 7458 jz 0x771594fe
Eax=64D7B29A Ebx=7649B498 Ecx=17 Edx=5CECC1B7 Edi=2 Esi=76E65A70 Ebp=236E65C Esp=236E644 Eip=771594A4

ADDR: 772F8DEB CODE: 730a jae 0x772f8df7
Eax=EDCCB4E Ebx=7649B498 Ecx=76E65A70 Edx=404000 Edi=2 Esi=76E65A70 Ebp=236E65C Esp=236E638 Eip=772F8DEB

ADDR: 772F09B7 CODE: 747f jz 0x772f0a38
Eax=2 Ebx=251AFB4 Ecx=76E65A70 Edx=251AFB4 Edi=2 Esi=76E65A70 Ebp=236E610 Esp=236E604 Eip=772F09B7

ADDR: 772F09BE CODE: 7378 jae 0x772f0a38
Eax=2 Ebx=251AFB4 Ecx=76E65A70 Edx=251AFB4 Edi=2 Esi=76E65A70 Ebp=236E610 Esp=236E604 Eip=772F09BE

ADDR: 76E65A83 CODE: 790d jns 0x76e65a92
Eax=0 Ebx=7649B498 Ecx=270A188 Edx=0 Edi=2 Esi=76E65A70 Ebp=236E634 Esp=236E634 Eip=76E65A83

ADDR: 77162C46 CODE: 740a jz 0x77162c52
Eax=0 Ebx=7649B498 Ecx=7669E8D0 Edx=0 Edi=76512F70 Esi=7649B340 Ebp=236E6F0 Esp=236E6E4 Eip=77162C46

ADDR: 772F8DEB CODE: 730a jae 0x772f8df7
Eax=ECA25EE Ebx=7649B498 Ecx=76512F70 Edx=44444401 Edi=76512F70 Esi=7649B340 Ebp=236E6F0 Esp=236E6E0 Eip=772F8DEB

ADDR: 771595B4 CODE: 7458 jz 0x7715960e
Eax=64D7B29A Ebx=7649B498 Ecx=17 Edx=76A0C8DC Edi=2 Esi=76E65A70 Ebp=236E660 Esp=236E648 Eip=771595B4

ADDR: 772F8DEB CODE: 730a jae 0x772f8df7
Eax=EDCCB4E Ebx=7649B498 Ecx=76E65A70 Edx=404000 Edi=2 Esi=76E65A70 Ebp=236E660 Esp=236E63C Eip=772F8DEB

ADDR: 772F09B7 CODE: 747f jz 0x772f0a38
Eax=2 Ebx=251AFB4 Ecx=76E65A70 Edx=251AFB4 Edi=2 Esi=76E65A70 Ebp=236E614 Esp=236E608 Eip=772F09B7

ADDR: 772F09BE CODE: 7378 jae 0x772f0a38
Eax=2 Ebx=251AFB4 Ecx=76E65A70 Edx=251AFB4 Edi=2 Esi=76E65A70 Ebp=236E614 Esp=236E608 Eip=772F09BE

ADDR: 76E65A83 CODE: 790d jns 0x76e65a92
Eax=0 Ebx=7649B498 Ecx=270A188 Edx=0 Edi=2 Esi=76E65A70 Ebp=236E638 Esp=236E638 Eip=76E65A83

ADDR: 771590DC CODE: 7454 jz 0x77159132
Eax=CD7B337 Ebx=7649B498 Ecx=17 Edx=0 Edi=2 Esi=76E500A0 Ebp=236E6AC Esp=236E650 Eip=771590DC

ADDR: 772F8DEB CODE: 730a jae 0x772f8df7
Eax=EDCA014 Ebx=7649B498 Ecx=76E500A0 Edx=104000 Edi=2 Esi=76E500A0 Ebp=236E6AC Esp=236E648 Eip=772F8DEB

ADDR: 772EC686 CODE: 743c jz 0x772ec6c4
Eax=2 Ebx=7649B498 Ecx=270A180 Edx=104000 Edi=2 Esi=251A000 Ebp=236E62C Esp=236E62C Eip=772EC686

ADDR: 772EC68D CODE: 7335 jae 0x772ec6c4
Eax=2 Ebx=7649B498 Ecx=270A180 Edx=104000 Edi=2 Esi=251A000 Ebp=236E62C Esp=236E62C Eip=772EC68D

ADDR: 772EC6AC CODE: 740c jz 0x772ec6ba
Eax=270CAA0 Ebx=7649B498 Ecx=270A180 Edx=0 Edi=2 Esi=2 Ebp=236E62C Esp=236E628 Eip=772EC6AC

ADDR: 772EC6B4 CODE: 7404 jz 0x772ec6ba
Eax=270CAAC Ebx=7649B498 Ecx=270A180 Edx=0 Edi=2 Esi=2 Ebp=236E62C Esp=236E628 Eip=772EC6B4

ADDR: 76E500BD CODE: 791c jns 0x76e500db
Eax=0 Ebx=7649B498 Ecx=236E640 Edx=0 Edi=2 Esi=251A000 Ebp=236E644 Esp=236E63C Eip=76E500BD

ADDR: 772AE69A CODE: 7315 jae 0x772ae6b1
Eax=77235C1C Ebx=7649B498 Ecx=77235C18 Edx=251A000 Edi=76512F70 Esi=76A0C8DC Ebp=236E61C Esp=236E618 Eip=772AE69A

ADDR: 771597A6 CODE: 0f8454720500 jz 0x771b0a00
Eax=236E68C Ebx=76A0C8DC Ecx=236E678 Edx=251A000 Edi=76512F70 Esi=76A0C8DC Ebp=236E620 Esp=236E600 Eip=771597A6

ADDR: 771597D3 CODE: 7479 jz 0x7715984e
Eax=236E68C Ebx=271E3F0 Ecx=17 Edx=5CECC1B7 Edi=271E1F0 Esi=271E344 Ebp=236E620 Esp=236E600 Eip=771597D3

ADDR: 772A7B53 CODE: 746e jz 0x772a7bc3
Eax=FFFFFFFE Ebx=77235C18 Ecx=FFFFFFFF Edx=5CECC1B7 Edi=77235C1C Esi=FFFFFFFE Ebp=236E618 Esp=236E604 Eip=772A7B53

ADDR: 771594A4 CODE: 7458 jz 0x771594fe
Eax=64D7B29A Ebx=7649B498 Ecx=17 Edx=5CECC1B7 Edi=2 Esi=76E65A70 Ebp=236E65C Esp=236E644 Eip=771594A4

ADDR: 772F8DEB CODE: 730a jae 0x772f8df7
Eax=EDCCB4E Ebx=7649B498 Ecx=76E65A70 Edx=404000 Edi=2 Esi=76E65A70 Ebp=236E65C Esp=236E638 Eip=772F8DEB

ADDR: 772F09B7 CODE: 747f jz 0x772f0a38
Eax=2 Ebx=251AFB4 Ecx=76E65A70 Edx=251AFB4 Edi=2 Esi=76E65A70 Ebp=236E610 Esp=236E604 Eip=772F09B7

ADDR: 772F09BE CODE: 7378 jae 0x772f0a38
Eax=2 Ebx=251AFB4 Ecx=76E65A70 Edx=251AFB4 Edi=2 Esi=76E65A70 Ebp=236E610 Esp=236E604 Eip=772F09BE

ADDR: 76E65A83 CODE: 790d jns 0x76e65a92
Eax=0 Ebx=7649B498 Ecx=270A188 Edx=0 Edi=2 Esi=76E65A70 Ebp=236E634 Esp=236E634 Eip=76E65A83

ADDR: 77162C46 CODE: 740a jz 0x77162c52
Eax=0 Ebx=7649B498 Ecx=7669E8E0 Edx=0 Edi=76512F90 Esi=7649B344 Ebp=236E6F0 Esp=236E6E4 Eip=77162C46

ADDR: 772F8DEB CODE: 730a jae 0x772f8df7
Eax=ECA25F2 Ebx=7649B498 Ecx=76512F90 Edx=44444401 Edi=76512F90 Esi=7649B344 Ebp=236E6F0 Esp=236E6E0 Eip=772F8DEB

ADDR: 771595B4 CODE: 7458 jz 0x7715960e
Eax=64D7B29A Ebx=7649B498 Ecx=17 Edx=76A0C8DC Edi=2 Esi=76E65A70 Ebp=236E660 Esp=236E648 Eip=771595B4

ADDR: 772F8DEB CODE: 730a jae 0x772f8df7
Eax=EDCCB4E Ebx=7649B498 Ecx=76E65A70 Edx=404000 Edi=2 Esi=76E65A70 Ebp=236E660 Esp=236E63C Eip=772F8DEB

ADDR: 772F09B7 CODE: 747f jz 0x772f0a38
Eax=2 Ebx=251AFB4 Ecx=76E65A70 Edx=251AFB4 Edi=2 Esi=76E65A70 Ebp=236E614 Esp=236E608 Eip=772F09B7

ADDR: 772F09BE CODE: 7378 jae 0x772f0a38
Eax=2 Ebx=251AFB4 Ecx=76E65A70 Edx=251AFB4 Edi=2 Esi=76E65A70 Ebp=236E614 Esp=236E608 Eip=772F09BE

ADDR: 76E65A83 CODE: 790d jns 0x76e65a92
Eax=0 Ebx=7649B498 Ecx=270A188 Edx=0 Edi=2 Esi=76E65A70 Ebp=236E638 Esp=236E638 Eip=76E65A83

ADDR: 771590DC CODE: 7454 jz 0x77159132
Eax=CD7B337 Ebx=7649B498 Ecx=17 Edx=0 Edi=2 Esi=76E500A0 Ebp=236E6AC Esp=236E650 Eip=771590DC

ADDR: 772F8DEB CODE: 730a jae 0x772f8df7
Eax=EDCA014 Ebx=7649B498 Ecx=76E500A0 Edx=104000 Edi=2 Esi=76E500A0 Ebp=236E6AC Esp=236E648 Eip=772F8DEB

ADDR: 772EC686 CODE: 743c jz 0x772ec6c4
Eax=2 Ebx=7649B498 Ecx=270A180 Edx=104000 Edi=2 Esi=251A000 Ebp=236E62C Esp=236E62C Eip=772EC686

ADDR: 772EC68D CODE: 7335 jae 0x772ec6c4
Eax=2 Ebx=7649B498 Ecx=270A180 Edx=104000 Edi=2 Esi=251A000 Ebp=236E62C Esp=236E62C Eip=772EC68D

ADDR: 772EC6AC CODE: 740c jz 0x772ec6ba
Eax=270CAA0 Ebx=7649B498 Ecx=270A180 Edx=0 Edi=2 Esi=2 Ebp=236E62C Esp=236E628 Eip=772EC6AC

ADDR: 772EC6B4 CODE: 7404 jz 0x772ec6ba
Eax=270CAAC Ebx=7649B498 Ecx=270A180 Edx=0 Edi=2 Esi=2 Ebp=236E62C Esp=236E628 Eip=772EC6B4

ADDR: 76E500BD CODE: 791c jns 0x76e500db
Eax=0 Ebx=7649B498 Ecx=236E640 Edx=0 Edi=2 Esi=251A000 Ebp=236E644 Esp=236E63C Eip=76E500BD

ADDR: 772AE69A CODE: 7315 jae 0x772ae6b1
Eax=77235C1C Ebx=7649B498 Ecx=77235C18 Edx=251A000 Edi=76512F90 Esi=76A0C8DC Ebp=236E61C Esp=236E618 Eip=772AE69A

ADDR: 771597A6 CODE: 0f8454720500 jz 0x771b0a00
Eax=236E68C Ebx=76A0C8DC Ecx=236E678 Edx=251A000 Edi=76512F90 Esi=76A0C8DC Ebp=236E620 Esp=236E600 Eip=771597A6

ADDR: 771597D3 CODE: 7479 jz 0x7715984e
Eax=236E68C Ebx=271E3F0 Ecx=17 Edx=5CECC1B7 Edi=271E1F0 Esi=271E348 Ebp=236E620 Esp=236E600 Eip=771597D3

ADDR: 772A7B53 CODE: 746e jz 0x772a7bc3
Eax=FFFFFFFE Ebx=77235C18 Ecx=FFFFFFFF Edx=5CECC1B7 Edi=77235C1C Esi=FFFFFFFE Ebp=236E618 Esp=236E604 Eip=772A7B53

ADDR: 771594A4 CODE: 7458 jz 0x771594fe
Eax=64D7B29A Ebx=7649B498 Ecx=17 Edx=5CECC1B7 Edi=2 Esi=76E65A70 Ebp=236E65C Esp=236E644 Eip=771594A4

ADDR: 772F8DEB CODE: 730a jae 0x772f8df7
Eax=EDCCB4E Ebx=7649B498 Ecx=76E65A70 Edx=404000 Edi=2 Esi=76E65A70 Ebp=236E65C Esp=236E638 Eip=772F8DEB

ADDR: 772F09B7 CODE: 747f jz 0x772f0a38
Eax=2 Ebx=251AFB4 Ecx=76E65A70 Edx=251AFB4 Edi=2 Esi=76E65A70 Ebp=236E610 Esp=236E604 Eip=772F09B7

ADDR: 772F09BE CODE: 7378 jae 0x772f0a38
Eax=2 Ebx=251AFB4 Ecx=76E65A70 Edx=251AFB4 Edi=2 Esi=76E65A70 Ebp=236E610 Esp=236E604 Eip=772F09BE

ADDR: 76E65A83 CODE: 790d jns 0x76e65a92
Eax=0 Ebx=7649B498 Ecx=270A188 Edx=0 Edi=2 Esi=76E65A70 Ebp=236E634 Esp=236E634 Eip=76E65A83

ADDR: 77162C46 CODE: 740a jz 0x77162c52
Eax=0 Ebx=7649B498 Ecx=7669E8F0 Edx=0 Edi=76512FB0 Esi=7649B348 Ebp=236E6F0 Esp=236E6E4 Eip=77162C46

ADDR: 772F8DEB CODE: 730a jae 0x772f8df7
Eax=ECA25F6 Ebx=7649B498 Ecx=76512FB0 Edx=44444401 Edi=76512FB0 Esi=7649B348 Ebp=236E6F0 Esp=236E6E0 Eip=772F8DEB

ADDR: 771595B4 CODE: 7458 jz 0x7715960e
Eax=64D7B29A Ebx=7649B498 Ecx=17 Edx=76A0C8DC Edi=2 Esi=76E65A70 Ebp=236E660 Esp=236E648 Eip=771595B4

ADDR: 772F8DEB CODE: 730a jae 0x772f8df7
Eax=EDCCB4E Ebx=7649B498 Ecx=76E65A70 Edx=404000 Edi=2 Esi=76E65A70 Ebp=236E660 Esp=236E63C Eip=772F8DEB

ADDR: 772F09B7 CODE: 747f jz 0x772f0a38
Eax=2 Ebx=251AFB4 Ecx=76E65A70 Edx=251AFB4 Edi=2 Esi=76E65A70 Ebp=236E614 Esp=236E608 Eip=772F09B7

ADDR: 772F09BE CODE: 7378 jae 0x772f0a38
Eax=2 Ebx=251AFB4 Ecx=76E65A70 Edx=251AFB4 Edi=2 Esi=76E65A70 Ebp=236E614 Esp=236E608 Eip=772F09BE

ADDR: 76E65A83 CODE: 790d jns 0x76e65a92
Eax=0 Ebx=7649B498 Ecx=270A188 Edx=0 Edi=2 Esi=76E65A70 Ebp=236E638 Esp=236E638 Eip=76E65A83

ADDR: 771590DC CODE: 7454 jz 0x77159132
Eax=CD7B337 Ebx=7649B498 Ecx=17 Edx=0 Edi=2 Esi=76E500A0 Ebp=236E6AC Esp=236E650 Eip=771590DC

ADDR: 772F8DEB CODE: 730a jae 0x772f8df7
Eax=EDCA014 Ebx=7649B498 Ecx=76E500A0 Edx=104000 Edi=2 Esi=76E500A0 Ebp=236E6AC Esp=236E648 Eip=772F8DEB

ADDR: 772EC686 CODE: 743c jz 0x772ec6c4
Eax=2 Ebx=7649B498 Ecx=270A180 Edx=104000 Edi=2 Esi=251A000 Ebp=236E62C Esp=236E62C Eip=772EC686

ADDR: 772EC68D CODE: 7335 jae 0x772ec6c4
Eax=2 Ebx=7649B498 Ecx=270A180 Edx=104000 Edi=2 Esi=251A000 Ebp=236E62C Esp=236E62C Eip=772EC68D

ADDR: 772EC6AC CODE: 740c jz 0x772ec6ba
Eax=270CAA0 Ebx=7649B498 Ecx=270A180 Edx=0 Edi=2 Esi=2 Ebp=236E62C Esp=236E628 Eip=772EC6AC

ADDR: 772EC6B4 CODE: 7404 jz 0x772ec6ba
Eax=270CAAC Ebx=7649B498 Ecx=270A180 Edx=0 Edi=2 Esi=2 Ebp=236E62C Esp=236E628 Eip=772EC6B4

ADDR: 76E500BD CODE: 791c jns 0x76e500db
Eax=0 Ebx=7649B498 Ecx=236E640 Edx=0 Edi=2 Esi=251A000 Ebp=236E644 Esp=236E63C Eip=76E500BD

ADDR: 772AE69A CODE: 7315 jae 0x772ae6b1
Eax=77235C1C Ebx=7649B498 Ecx=77235C18 Edx=251A000 Edi=76512FB0 Esi=76A0C8DC Ebp=236E61C Esp=236E618 Eip=772AE69A

ADDR: 771597A6 CODE: 0f8454720500 jz 0x771b0a00
Eax=236E68C Ebx=76A0C8DC Ecx=236E678 Edx=251A000 Edi=76512FB0 Esi=76A0C8DC Ebp=236E620 Esp=236E600 Eip=771597A6

ADDR: 771597D3 CODE: 7479 jz 0x7715984e
Eax=236E68C Ebx=271E3F0 Ecx=17 Edx=5CECC1B7 Edi=271E1F0 Esi=271E34C Ebp=236E620 Esp=236E600 Eip=771597D3

ADDR: 772A7B53 CODE: 746e jz 0x772a7bc3
Eax=FFFFFFFE Ebx=77235C18 Ecx=FFFFFFFF Edx=5CECC1B7 Edi=77235C1C Esi=FFFFFFFE Ebp=236E618 Esp=236E604 Eip=772A7B53

ADDR: 771594A4 CODE: 7458 jz 0x771594fe
Eax=64D7B29A Ebx=7649B498 Ecx=17 Edx=5CECC1B7 Edi=2 Esi=76E65A70 Ebp=236E65C Esp=236E644 Eip=771594A4

ADDR: 772F8DEB CODE: 730a jae 0x772f8df7
Eax=EDCCB4E Ebx=7649B498 Ecx=76E65A70 Edx=404000 Edi=2 Esi=76E65A70 Ebp=236E65C Esp=236E638 Eip=772F8DEB

ADDR: 772F09B7 CODE: 747f jz 0x772f0a38
Eax=2 Ebx=251AFB4 Ecx=76E65A70 Edx=251AFB4 Edi=2 Esi=76E65A70 Ebp=236E610 Esp=236E604 Eip=772F09B7

ADDR: 772F09BE CODE: 7378 jae 0x772f0a38
Eax=2 Ebx=251AFB4 Ecx=76E65A70 Edx=251AFB4 Edi=2 Esi=76E65A70 Ebp=236E610 Esp=236E604 Eip=772F09BE

ADDR: 76E65A83 CODE: 790d jns 0x76e65a92
Eax=0 Ebx=7649B498 Ecx=270A188 Edx=0 Edi=2 Esi=76E65A70 Ebp=236E634 Esp=236E634 Eip=76E65A83

ADDR: 77162C46 CODE: 740a jz 0x77162c52
Eax=0 Ebx=7649B498 Ecx=7669E900 Edx=0 Edi=76512FD0 Esi=7649B34C Ebp=236E6F0 Esp=236E6E4 Eip=77162C46

ADDR: 772F8DEB CODE: 730a jae 0x772f8df7
Eax=ECA25FA Ebx=7649B498 Ecx=76512FD0 Edx=44444401 Edi=76512FD0 Esi=7649B34C Ebp=236E6F0 Esp=236E6E0 Eip=772F8DEB

ADDR: 771595B4 CODE: 7458 jz 0x7715960e
Eax=64D7B29A Ebx=7649B498 Ecx=17 Edx=76A0C8DC Edi=2 Esi=76E65A70 Ebp=236E660 Esp=236E648 Eip=771595B4

ADDR: 772F8DEB CODE: 730a jae 0x772f8df7
Eax=EDCCB4E Ebx=7649B498 Ecx=76E65A70 Edx=404000 Edi=2 Esi=76E65A70 Ebp=236E660 Esp=236E63C Eip=772F8DEB

